JOB ID: 1723640
Running on node: tikgpu02
Project Directory: /usr/itetnas04/data-scratch-01/pparsons/data/MyExpoComm
Conda activated: /usr/itetnas04/data-scratch-01/pparsons/data/conda_envs/ExpoComm
------- REWARD CONFIGURATION -------
step_reward: -0.005
dead_penalty: -0.1
attack_penalty: -0.01
attack_opponent_reward: 0.5
------------------------------------
Starting 2 Million Step Run...
Exiting Main
Stopping all threads
Thread wandb-AsyncioManager-main is alive! Is daemon: True
Thread joined
Thread ChkStopThr is alive! Is daemon: True
Thread joined
Thread IntMsgThr is alive! Is daemon: True
Thread joined
Exiting script
[1;34mwandb[0m: 
[1;34mwandb[0m: 🚀 View run [33mmy_run-HybridComm-20260206_022113[0m at: [34mhttps://wandb.ai/peterparsons02-eth-z-rich/my_experiment/runs/due58moe[0m
[1;34mwandb[0m: Find logs at: [1;35mwandb/run-20260206_022114-due58moe/logs[0m
Finished at: Fri Feb  6 09:01:53 CET 2026
