Gym has been unmaintained since 2022 and does not support NumPy 2.0 amongst other critical functionality.
Please upgrade to Gymnasium, the maintained drop-in replacement of Gym, or contact the authors of your software and request that they upgrade.
Users of this version of Gym should be able to simply replace 'import gym' with 'import gymnasium as gym' in the vast majority of cases.
See the migration guide at https://gymnasium.farama.org/introduction/migration_guide/ for additional information.
src/main.py:81: DeprecationWarning: Using or importing the ABCs from 'collections' instead of from 'collections.abc' is deprecated since Python 3.3, and in 3.10 it will stop working
  if isinstance(v, collections.Mapping):
wandb: [wandb.login()] Loaded credentials for https://api.wandb.ai from /home/pparsons/.netrc.
wandb: Currently logged in as: peterparsons02 (peterparsons02-eth-z-rich) to https://api.wandb.ai. Use `wandb login --relogin` to force relogin
wandb: setting up run 7jyuk99m
wandb: Tracking run with wandb version 0.24.1
wandb: Run data is saved locally in /usr/itetnas04/data-scratch-01/pparsons/data/MyExpoComm/wandb/run-20260206_165355-7jyuk99m
wandb: Run `wandb offline` to turn off syncing.
wandb: Syncing run my_run-HybridComm-20260206_165354
wandb: ⭐️ View project at https://wandb.ai/peterparsons02-eth-z-rich/my_experiment
wandb: 🚀 View run at https://wandb.ai/peterparsons02-eth-z-rich/my_experiment/runs/7jyuk99m
2026-02-06 16:53:56,529 - my_experiment - HybridComm - my_run - INFO - Current directory: /usr/itetnas04/data-scratch-01/pparsons/data/MyExpoComm.
2026-02-06 16:53:56,530 - my_experiment - HybridComm - my_run - INFO - Experiment Parameters:
2026-02-06 16:53:56,531 - my_experiment - HybridComm - my_run - INFO - 

{   'action_selector': 'epsilon_greedy',
    'add_value_last_step': True,
    'agent': 'ExpoComm_static',
    'agent_output_type': 'q',
    'attention_dim': 32,
    'aux_coef': 0.1,
    'batch_size': 16,
    'batch_size_run': 1,
    'buffer_cpu_only': False,
    'buffer_size': 500,
    'checkpoint_path': '',
    'double_q': True,
    'env': 'MAgent_AdvPursuit',
    'env_args': {   'global_reward': False,
                    'map_name': 'adversarial_pursuit_view8',
                    'map_size': 45,
                    'max_cycles': 200,
                    'minimap_mode': True,
                    'pretrained_ckpt': 'prey_params.pt',
                    'seed': 42},
    'epsilon_anneal_time': 50000,
    'epsilon_finish': 0.05,
    'epsilon_start': 1.0,
    'evaluate': False,
    'evaluation_epsilon': 0.0,
    'exp_name': 'my_experiment',
    'gamma': 0.99,
    'global_reward': True,
    'grad_norm_clip': 10,
    'hidden_dim': 64,
    'hypergroup': None,
    'label': 'default_label',
    'learner': 'hybrid_comm_learner',
    'learner_log_interval': 2000,
    'load_step': 0,
    'local_results_path': 'results',
    'log_interval': 2000,
    'lr': 0.0005,
    'mac': 'ExpoComm_mac',
    'mixer': None,
    'name': 'HybridComm',
    'neg_num': 20,
    'obs_agent_id': True,
    'obs_individual_obs': False,
    'obs_last_action': True,
    'optim_alpha': 0.99,
    'optim_eps': 1e-05,
    'render': False,
    'repeat_id': 1,
    'run_name': 'my_run',
    'runner': 'episode',
    'runner_log_interval': 2000,
    'save_model': True,
    'save_model_interval': 50000,
    'save_replay': False,
    'seed': 42,
    'standardise_returns': False,
    'standardise_rewards': True,
    't_max': 100000,
    'target_update_interval_or_tau': 50,
    'temperature': 0.07,
    'test_greedy': True,
    'test_interval': 2000,
    'test_nepisode': 10,
    'topk_neighbors': 5,
    'use_cuda': True,
    'use_rnn': True,
    'use_tensorboard': True,
    'work_dir': 'work_dirs/my_experiment/HybridComm/my_run/20260206_165354'}

/usr/itetnas04/data-scratch-01/pparsons/data/conda_envs/ExpoComm/lib/python3.8/site-packages/pettingzoo/utils/conversions.py:41: UserWarning: The `from_parallel` function is deprecated. Use the `parallel_to_aec` function instead.
  warnings.warn("The `from_parallel` function is deprecated. Use the `parallel_to_aec` function instead.")
/usr/itetnas04/data-scratch-01/pparsons/data/conda_envs/ExpoComm/lib/python3.8/site-packages/pettingzoo/utils/wrappers/base.py:44: UserWarning: The `observation_spaces` dictionary is deprecated. Use the `observation_space` function instead.
  warnings.warn("The `observation_spaces` dictionary is deprecated. Use the `observation_space` function instead.")
/usr/itetnas04/data-scratch-01/pparsons/data/conda_envs/ExpoComm/lib/python3.8/site-packages/pettingzoo/utils/conversions.py:36: UserWarning: The `to_parallel` function is deprecated. Use the `aec_to_parallel` function instead.
  warnings.warn("The `to_parallel` function is deprecated. Use the `aec_to_parallel` function instead.")
/usr/itetnas04/data-scratch-01/pparsons/data/conda_envs/ExpoComm/lib/python3.8/site-packages/pettingzoo/utils/conversions.py:80: UserWarning: The `action_spaces` dictionary is deprecated. Use the `action_space` function instead.
  warnings.warn("The `action_spaces` dictionary is deprecated. Use the `action_space` function instead.")
/usr/itetnas04/data-scratch-01/pparsons/data/conda_envs/ExpoComm/lib/python3.8/site-packages/pettingzoo/utils/wrappers/base.py:52: UserWarning: The `action_spaces` dictionary is deprecated. Use the `action_space` function instead.
  warnings.warn("The `action_spaces` dictionary is deprecated. Use the `action_space` function instead.")
/usr/itetnas04/data-scratch-01/pparsons/data/conda_envs/ExpoComm/lib/python3.8/site-packages/pettingzoo/utils/conversions.py:72: UserWarning: The `observation_spaces` dictionary is deprecated. Use the `observation_space` function instead.
  warnings.warn("The `observation_spaces` dictionary is deprecated. Use the `observation_space` function instead.")
2026-02-06 16:53:57,467 - my_experiment - HybridComm - my_run - INFO - Beginning training for 100000 timesteps
/usr/itetnas04/data-scratch-01/pparsons/data/MyExpoComm/src/envs/adv_pursuit_wrappers.py:240: UserWarning: To copy construct from a tensor, it is recommended to use sourceTensor.clone().detach() or sourceTensor.clone().detach().requires_grad_(True), rather than torch.tensor(sourceTensor).
  actions = th.tensor(actions, dtype=th.long)
2026-02-06 16:54:00,574 - my_experiment - HybridComm - my_run - INFO - t_env: 200 / 100000
2026-02-06 16:54:00,575 - my_experiment - HybridComm - my_run - INFO - Estimated time left: 2 minutes, 20 seconds. Time passed: 3 seconds
2026-02-06 16:54:27,084 - my_experiment - HybridComm - my_run - INFO - Saving models to work_dirs/my_experiment/HybridComm/my_run/20260206_165354/models/200
2026-02-06 16:54:51,021 - my_experiment - HybridComm - my_run - INFO - Recent Stats | t_env:       2000 | Episode:       10
ep_length_mean:          200.0000	episode_length_mean:     199.0000	epsilon:                   1.0000	return_mean:             -22.4080
return_std:                0.0000	test_ep_length_mean:     200.0000	test_episode_length_mean:199.0000	test_return_mean:        -33.5760
test_return_std:           7.8191	
2026-02-06 16:54:53,684 - my_experiment - HybridComm - my_run - INFO - t_env: 2200 / 100000
2026-02-06 16:54:53,684 - my_experiment - HybridComm - my_run - INFO - Estimated time left: 43 minutes, 17 seconds. Time passed: 56 seconds
2026-02-06 16:55:48,306 - my_experiment - HybridComm - my_run - INFO - Recent Stats | t_env:       4000 | Episode:       20
ep_length_mean:          200.0000	episode_length_mean:     199.0000	epsilon:                   0.9620	grad_norm:                 0.3682
info_nce_loss:             3.0445	loss:                      1.1413	q_loss:                    1.0375	return_mean:             -21.8640
return_std:                0.9887	test_ep_length_mean:     200.0000	test_episode_length_mean:199.0000	test_return_mean:        -35.9780
test_return_std:           6.3063	
2026-02-06 16:55:51,763 - my_experiment - HybridComm - my_run - INFO - t_env: 4200 / 100000
2026-02-06 16:55:51,764 - my_experiment - HybridComm - my_run - INFO - Estimated time left: 46 minutes, 22 seconds. Time passed: 1 minutes, 54 seconds
2026-02-06 16:56:49,581 - my_experiment - HybridComm - my_run - INFO - Recent Stats | t_env:       6000 | Episode:       30
ep_length_mean:          200.0000	episode_length_mean:     199.0000	epsilon:                   0.9240	grad_norm:                 0.3720
info_nce_loss:             3.0419	loss:                      1.1291	q_loss:                    1.0264	return_mean:             -21.8992
return_std:                1.0921	test_ep_length_mean:     200.0000	test_episode_length_mean:199.0000	test_return_mean:        -35.7368
test_return_std:           6.1428	
2026-02-06 16:56:53,030 - my_experiment - HybridComm - my_run - INFO - t_env: 6200 / 100000
2026-02-06 16:56:53,031 - my_experiment - HybridComm - my_run - INFO - Estimated time left: 47 minutes, 53 seconds. Time passed: 2 minutes, 55 seconds
2026-02-06 16:57:50,610 - my_experiment - HybridComm - my_run - INFO - Recent Stats | t_env:       8000 | Episode:       40
ep_length_mean:          200.0000	episode_length_mean:     199.0000	epsilon:                   0.8860	grad_norm:                 0.4600
info_nce_loss:             3.0001	loss:                      1.0560	q_loss:                    0.9600	return_mean:             -21.5566
return_std:                1.2643	test_ep_length_mean:     200.0000	test_episode_length_mean:199.0000	test_return_mean:        -26.8034
test_return_std:           4.6084	
2026-02-06 16:57:54,077 - my_experiment - HybridComm - my_run - INFO - t_env: 8200 / 100000
2026-02-06 16:57:54,078 - my_experiment - HybridComm - my_run - INFO - Estimated time left: 46 minutes, 42 seconds. Time passed: 3 minutes, 56 seconds
2026-02-06 16:58:51,917 - my_experiment - HybridComm - my_run - INFO - Recent Stats | t_env:      10000 | Episode:       50
ep_length_mean:          200.0000	episode_length_mean:     199.0000	epsilon:                   0.8480	grad_norm:                 0.4995
info_nce_loss:             2.7463	loss:                      0.9988	q_loss:                    0.9080	return_mean:             -20.9566
return_std:                1.2819	test_ep_length_mean:     200.0000	test_episode_length_mean:199.0000	test_return_mean:        -21.4427
test_return_std:           3.6867	
2026-02-06 16:58:55,394 - my_experiment - HybridComm - my_run - INFO - t_env: 10200 / 100000
2026-02-06 16:58:55,395 - my_experiment - HybridComm - my_run - INFO - Estimated time left: 45 minutes, 53 seconds. Time passed: 4 minutes, 57 seconds
2026-02-06 16:59:53,185 - my_experiment - HybridComm - my_run - INFO - Recent Stats | t_env:      12000 | Episode:       60
ep_length_mean:          200.0000	episode_length_mean:     199.0000	epsilon:                   0.8100	grad_norm:                 0.4587
info_nce_loss:             2.7699	loss:                      0.9329	q_loss:                    0.8481	return_mean:             -19.8043
return_std:                1.4901	test_ep_length_mean:     200.0000	test_episode_length_mean:199.0000	test_return_mean:        -14.7275
test_return_std:           2.1229	
2026-02-06 16:59:56,699 - my_experiment - HybridComm - my_run - INFO - t_env: 12200 / 100000
2026-02-06 16:59:56,701 - my_experiment - HybridComm - my_run - INFO - Estimated time left: 44 minutes, 51 seconds. Time passed: 5 minutes, 59 seconds
2026-02-06 17:00:54,386 - my_experiment - HybridComm - my_run - INFO - Recent Stats | t_env:      14000 | Episode:       70
ep_length_mean:          200.0000	episode_length_mean:     199.0000	epsilon:                   0.7720	grad_norm:                 0.7567
info_nce_loss:             2.7611	loss:                      0.9834	q_loss:                    0.8940	return_mean:             -18.8706
return_std:                1.2119	test_ep_length_mean:     200.0000	test_episode_length_mean:199.0000	test_return_mean:         -7.0515
test_return_std:           1.1642	
2026-02-06 17:00:57,842 - my_experiment - HybridComm - my_run - INFO - t_env: 14200 / 100000
2026-02-06 17:00:57,843 - my_experiment - HybridComm - my_run - INFO - Estimated time left: 43 minutes, 43 seconds. Time passed: 7 minutes, 0 seconds
2026-02-06 17:01:56,887 - my_experiment - HybridComm - my_run - INFO - Recent Stats | t_env:      16000 | Episode:       80
ep_length_mean:          200.0000	episode_length_mean:     199.0000	epsilon:                   0.7340	grad_norm:                 0.9489
info_nce_loss:             2.6842	loss:                      0.9177	q_loss:                    0.8343	return_mean:             -17.2674
return_std:                1.2558	test_ep_length_mean:     200.0000	test_episode_length_mean:199.0000	test_return_mean:         -0.0006
test_return_std:           0.0011	
2026-02-06 17:02:00,570 - my_experiment - HybridComm - my_run - INFO - t_env: 16200 / 100000
2026-02-06 17:02:00,571 - my_experiment - HybridComm - my_run - INFO - Estimated time left: 43 minutes, 48 seconds. Time passed: 8 minutes, 3 seconds
2026-02-06 17:03:01,808 - my_experiment - HybridComm - my_run - INFO - Recent Stats | t_env:      18000 | Episode:       90
ep_length_mean:          200.0000	episode_length_mean:     199.0000	epsilon:                   0.6960	grad_norm:                 0.9536
info_nce_loss:             2.6571	loss:                      0.9326	q_loss:                    0.8478	return_mean:             -15.5784
return_std:                1.0413	test_ep_length_mean:     200.0000	test_episode_length_mean:199.0000	test_return_mean:          0.0000
test_return_std:           0.0000	
2026-02-06 17:03:05,506 - my_experiment - HybridComm - my_run - INFO - t_env: 18200 / 100000
2026-02-06 17:03:05,507 - my_experiment - HybridComm - my_run - INFO - Estimated time left: 44 minutes, 15 seconds. Time passed: 9 minutes, 8 seconds
2026-02-06 17:04:06,914 - my_experiment - HybridComm - my_run - INFO - Recent Stats | t_env:      20000 | Episode:      100
ep_length_mean:          200.0000	episode_length_mean:     199.0000	epsilon:                   0.6580	grad_norm:                 0.9071
info_nce_loss:             2.7684	loss:                      0.9689	q_loss:                    0.8808	return_mean:             -14.3194
return_std:                1.0728	test_ep_length_mean:     200.0000	test_episode_length_mean:199.0000	test_return_mean:          0.0000
test_return_std:           0.0000	
2026-02-06 17:04:10,608 - my_experiment - HybridComm - my_run - INFO - t_env: 20200 / 100000
2026-02-06 17:04:10,610 - my_experiment - HybridComm - my_run - INFO - Estimated time left: 43 minutes, 17 seconds. Time passed: 10 minutes, 13 seconds
2026-02-06 17:05:11,240 - my_experiment - HybridComm - my_run - INFO - Recent Stats | t_env:      22000 | Episode:      110
ep_length_mean:          200.0000	episode_length_mean:     199.0000	epsilon:                   0.6200	grad_norm:                 0.8800
info_nce_loss:             2.8039	loss:                      0.9922	q_loss:                    0.9020	return_mean:             -13.5846
return_std:                1.0368	test_ep_length_mean:     200.0000	test_episode_length_mean:199.0000	test_return_mean:          0.0000
test_return_std:           0.0000	
2026-02-06 17:05:14,859 - my_experiment - HybridComm - my_run - INFO - t_env: 22200 / 100000
2026-02-06 17:05:14,860 - my_experiment - HybridComm - my_run - INFO - Estimated time left: 41 minutes, 39 seconds. Time passed: 11 minutes, 17 seconds
2026-02-06 17:06:15,339 - my_experiment - HybridComm - my_run - INFO - Recent Stats | t_env:      24000 | Episode:      120
ep_length_mean:          200.0000	episode_length_mean:     199.0000	epsilon:                   0.5820	grad_norm:                 1.0304
info_nce_loss:             2.7912	loss:                      0.9462	q_loss:                    0.8602	return_mean:             -12.5894
return_std:                1.1544	test_ep_length_mean:     200.0000	test_episode_length_mean:199.0000	test_return_mean:          0.0000
test_return_std:           0.0000	
2026-02-06 17:06:18,975 - my_experiment - HybridComm - my_run - INFO - t_env: 24200 / 100000
2026-02-06 17:06:18,976 - my_experiment - HybridComm - my_run - INFO - Estimated time left: 40 minutes, 29 seconds. Time passed: 12 minutes, 21 seconds
2026-02-06 17:07:19,637 - my_experiment - HybridComm - my_run - INFO - Recent Stats | t_env:      26000 | Episode:      130
ep_length_mean:          200.0000	episode_length_mean:     199.0000	epsilon:                   0.5440	grad_norm:                 1.0450
info_nce_loss:             2.8686	loss:                      0.9668	q_loss:                    0.8789	return_mean:             -11.9346
return_std:                1.1690	test_ep_length_mean:     200.0000	test_episode_length_mean:199.0000	test_return_mean:          0.0000
test_return_std:           0.0000	
2026-02-06 17:07:23,246 - my_experiment - HybridComm - my_run - INFO - t_env: 26200 / 100000
2026-02-06 17:07:23,247 - my_experiment - HybridComm - my_run - INFO - Estimated time left: 39 minutes, 31 seconds. Time passed: 13 minutes, 25 seconds
2026-02-06 17:08:23,679 - my_experiment - HybridComm - my_run - INFO - Recent Stats | t_env:      28000 | Episode:      140
ep_length_mean:          200.0000	episode_length_mean:     199.0000	epsilon:                   0.5060	grad_norm:                 1.0015
info_nce_loss:             2.9214	loss:                      0.9186	q_loss:                    0.8351	return_mean:             -11.2203
return_std:                1.2629	test_ep_length_mean:     200.0000	test_episode_length_mean:199.0000	test_return_mean:          0.0000
test_return_std:           0.0000	
2026-02-06 17:08:27,379 - my_experiment - HybridComm - my_run - INFO - t_env: 28200 / 100000
2026-02-06 17:08:27,380 - my_experiment - HybridComm - my_run - INFO - Estimated time left: 38 minutes, 22 seconds. Time passed: 14 minutes, 29 seconds
2026-02-06 17:09:27,921 - my_experiment - HybridComm - my_run - INFO - Recent Stats | t_env:      30000 | Episode:      150
ep_length_mean:          200.0000	episode_length_mean:     199.0000	epsilon:                   0.4680	grad_norm:                 0.9892
info_nce_loss:             3.0200	loss:                      0.8540	q_loss:                    0.7763	return_mean:             -10.7736
return_std:                1.0611	test_ep_length_mean:     200.0000	test_episode_length_mean:199.0000	test_return_mean:          0.0000
test_return_std:           0.0000	
2026-02-06 17:09:31,554 - my_experiment - HybridComm - my_run - INFO - t_env: 30200 / 100000
2026-02-06 17:09:31,555 - my_experiment - HybridComm - my_run - INFO - Estimated time left: 37 minutes, 19 seconds. Time passed: 15 minutes, 34 seconds
2026-02-06 17:10:32,165 - my_experiment - HybridComm - my_run - INFO - Recent Stats | t_env:      32000 | Episode:      160
ep_length_mean:          200.0000	episode_length_mean:     199.0000	epsilon:                   0.4300	grad_norm:                 0.9954
info_nce_loss:             3.0196	loss:                      0.8555	q_loss:                    0.7777	return_mean:             -10.0378
return_std:                1.0554	test_ep_length_mean:     200.0000	test_episode_length_mean:199.0000	test_return_mean:          0.0000
test_return_std:           0.0000	
2026-02-06 17:10:35,767 - my_experiment - HybridComm - my_run - INFO - t_env: 32200 / 100000
2026-02-06 17:10:35,768 - my_experiment - HybridComm - my_run - INFO - Estimated time left: 36 minutes, 16 seconds. Time passed: 16 minutes, 38 seconds
2026-02-06 17:11:36,268 - my_experiment - HybridComm - my_run - INFO - Recent Stats | t_env:      34000 | Episode:      170
ep_length_mean:          200.0000	episode_length_mean:     199.0000	epsilon:                   0.3920	grad_norm:                 1.1220
info_nce_loss:             3.0285	loss:                      0.8363	q_loss:                    0.7603	return_mean:              -9.3707
return_std:                0.9084	test_ep_length_mean:     200.0000	test_episode_length_mean:199.0000	test_return_mean:          0.0000
test_return_std:           0.0000	
2026-02-06 17:11:39,890 - my_experiment - HybridComm - my_run - INFO - t_env: 34200 / 100000
2026-02-06 17:11:39,892 - my_experiment - HybridComm - my_run - INFO - Estimated time left: 35 minutes, 9 seconds. Time passed: 17 minutes, 42 seconds
2026-02-06 17:12:40,376 - my_experiment - HybridComm - my_run - INFO - Recent Stats | t_env:      36000 | Episode:      180
ep_length_mean:          200.0000	episode_length_mean:     199.0000	epsilon:                   0.3540	grad_norm:                 1.3618
info_nce_loss:             3.0261	loss:                      0.8207	q_loss:                    0.7461	return_mean:              -8.7077
return_std:                0.6915	test_ep_length_mean:     200.0000	test_episode_length_mean:199.0000	test_return_mean:          0.0000
test_return_std:           0.0000	
2026-02-06 17:12:43,995 - my_experiment - HybridComm - my_run - INFO - t_env: 36200 / 100000
2026-02-06 17:12:43,996 - my_experiment - HybridComm - my_run - INFO - Estimated time left: 34 minutes, 4 seconds. Time passed: 18 minutes, 46 seconds
2026-02-06 17:13:44,494 - my_experiment - HybridComm - my_run - INFO - Recent Stats | t_env:      38000 | Episode:      190
ep_length_mean:          200.0000	episode_length_mean:     199.0000	epsilon:                   0.3160	grad_norm:                 1.4736
info_nce_loss:             3.0261	loss:                      0.8296	q_loss:                    0.7542	return_mean:              -8.2302
return_std:                0.5731	test_ep_length_mean:     200.0000	test_episode_length_mean:199.0000	test_return_mean:         -0.0002
test_return_std:           0.0005	
2026-02-06 17:13:48,118 - my_experiment - HybridComm - my_run - INFO - t_env: 38200 / 100000
2026-02-06 17:13:48,119 - my_experiment - HybridComm - my_run - INFO - Estimated time left: 33 minutes, 1 seconds. Time passed: 19 minutes, 50 seconds
2026-02-06 17:14:48,863 - my_experiment - HybridComm - my_run - INFO - Recent Stats | t_env:      40000 | Episode:      200
ep_length_mean:          200.0000	episode_length_mean:     199.0000	epsilon:                   0.2780	grad_norm:                 1.4701
info_nce_loss:             3.0281	loss:                      0.8439	q_loss:                    0.7672	return_mean:              -7.2322
return_std:                0.8745	test_ep_length_mean:     200.0000	test_episode_length_mean:199.0000	test_return_mean:          0.1162
test_return_std:           0.3500	
2026-02-06 17:14:52,459 - my_experiment - HybridComm - my_run - INFO - t_env: 40200 / 100000
2026-02-06 17:14:52,460 - my_experiment - HybridComm - my_run - INFO - Estimated time left: 32 minutes, 3 seconds. Time passed: 20 minutes, 54 seconds
2026-02-06 17:15:53,016 - my_experiment - HybridComm - my_run - INFO - Recent Stats | t_env:      42000 | Episode:      210
ep_length_mean:          200.0000	episode_length_mean:     199.0000	epsilon:                   0.2400	grad_norm:                 1.4793
info_nce_loss:             3.0288	loss:                      0.8130	q_loss:                    0.7391	return_mean:              -6.3030
return_std:                0.9971	test_ep_length_mean:     200.0000	test_episode_length_mean:199.0000	test_return_mean:          0.5389
test_return_std:           0.9445	
2026-02-06 17:15:56,684 - my_experiment - HybridComm - my_run - INFO - t_env: 42200 / 100000
2026-02-06 17:15:56,685 - my_experiment - HybridComm - my_run - INFO - Estimated time left: 30 minutes, 56 seconds. Time passed: 21 minutes, 59 seconds
2026-02-06 17:16:57,254 - my_experiment - HybridComm - my_run - INFO - Recent Stats | t_env:      44000 | Episode:      220
ep_length_mean:          200.0000	episode_length_mean:     199.0000	epsilon:                   0.2020	grad_norm:                 1.5734
info_nce_loss:             3.0343	loss:                      0.8109	q_loss:                    0.7371	return_mean:              -5.1262
return_std:                1.3306	test_ep_length_mean:     200.0000	test_episode_length_mean:199.0000	test_return_mean:          0.5643
test_return_std:           1.5124	
2026-02-06 17:17:00,873 - my_experiment - HybridComm - my_run - INFO - t_env: 44200 / 100000
2026-02-06 17:17:00,874 - my_experiment - HybridComm - my_run - INFO - Estimated time left: 29 minutes, 50 seconds. Time passed: 23 minutes, 3 seconds
2026-02-06 17:18:01,399 - my_experiment - HybridComm - my_run - INFO - Recent Stats | t_env:      46000 | Episode:      230
ep_length_mean:          200.0000	episode_length_mean:     199.0000	epsilon:                   0.1640	grad_norm:                 1.6243
info_nce_loss:             3.0341	loss:                      0.7996	q_loss:                    0.7269	return_mean:              -4.2461
return_std:                1.7532	test_ep_length_mean:     200.0000	test_episode_length_mean:199.0000	test_return_mean:          1.2624
test_return_std:           2.5092	
2026-02-06 17:18:05,002 - my_experiment - HybridComm - my_run - INFO - t_env: 46200 / 100000
2026-02-06 17:18:05,003 - my_experiment - HybridComm - my_run - INFO - Estimated time left: 28 minutes, 45 seconds. Time passed: 24 minutes, 7 seconds
2026-02-06 17:19:05,389 - my_experiment - HybridComm - my_run - INFO - Recent Stats | t_env:      48000 | Episode:      240
ep_length_mean:          200.0000	episode_length_mean:     199.0000	epsilon:                   0.1260	grad_norm:                 1.6608
info_nce_loss:             3.0342	loss:                      0.8191	q_loss:                    0.7446	return_mean:              -3.2288
return_std:                2.2509	test_ep_length_mean:     200.0000	test_episode_length_mean:199.0000	test_return_mean:          2.1811
test_return_std:           3.4179	
2026-02-06 17:19:09,037 - my_experiment - HybridComm - my_run - INFO - t_env: 48200 / 100000
2026-02-06 17:19:09,038 - my_experiment - HybridComm - my_run - INFO - Estimated time left: 27 minutes, 38 seconds. Time passed: 25 minutes, 11 seconds
2026-02-06 17:20:09,597 - my_experiment - HybridComm - my_run - INFO - Recent Stats | t_env:      50000 | Episode:      250
ep_length_mean:          200.0000	episode_length_mean:     199.0000	epsilon:                   0.0880	grad_norm:                 1.7374
info_nce_loss:             3.0140	loss:                      0.8290	q_loss:                    0.7536	return_mean:              -2.0573
return_std:                2.7191	test_ep_length_mean:     200.0000	test_episode_length_mean:199.0000	test_return_mean:          2.2920
test_return_std:           4.3980	
2026-02-06 17:20:13,222 - my_experiment - HybridComm - my_run - INFO - t_env: 50200 / 100000
2026-02-06 17:20:13,224 - my_experiment - HybridComm - my_run - INFO - Estimated time left: 26 minutes, 38 seconds. Time passed: 26 minutes, 15 seconds
2026-02-06 17:20:41,021 - my_experiment - HybridComm - my_run - INFO - Saving models to work_dirs/my_experiment/HybridComm/my_run/20260206_165354/models/50200
2026-02-06 17:21:13,718 - my_experiment - HybridComm - my_run - INFO - Recent Stats | t_env:      52000 | Episode:      260
ep_length_mean:          200.0000	episode_length_mean:     199.0000	epsilon:                   0.0500	grad_norm:                 1.8657
info_nce_loss:             3.0142	loss:                      0.8729	q_loss:                    0.7936	return_mean:               0.2066
return_std:                3.7849	test_ep_length_mean:     200.0000	test_episode_length_mean:199.0000	test_return_mean:          3.0170
test_return_std:           4.9072	
2026-02-06 17:21:17,334 - my_experiment - HybridComm - my_run - INFO - t_env: 52200 / 100000
2026-02-06 17:21:17,335 - my_experiment - HybridComm - my_run - INFO - Estimated time left: 25 minutes, 32 seconds. Time passed: 27 minutes, 19 seconds
2026-02-06 17:22:17,839 - my_experiment - HybridComm - my_run - INFO - Recent Stats | t_env:      54000 | Episode:      270
ep_length_mean:          200.0000	episode_length_mean:     199.0000	epsilon:                   0.0500	grad_norm:                 2.0488
info_nce_loss:             3.0212	loss:                      0.8634	q_loss:                    0.7849	return_mean:               1.2008
return_std:                4.0546	test_ep_length_mean:     200.0000	test_episode_length_mean:199.0000	test_return_mean:          5.0518
test_return_std:           6.0834	
2026-02-06 17:22:21,455 - my_experiment - HybridComm - my_run - INFO - t_env: 54200 / 100000
2026-02-06 17:22:21,456 - my_experiment - HybridComm - my_run - INFO - Estimated time left: 24 minutes, 28 seconds. Time passed: 28 minutes, 23 seconds
2026-02-06 17:23:21,942 - my_experiment - HybridComm - my_run - INFO - Recent Stats | t_env:      56000 | Episode:      280
ep_length_mean:          200.0000	episode_length_mean:     199.0000	epsilon:                   0.0500	grad_norm:                 2.8899
info_nce_loss:             2.4239	loss:                      0.9509	q_loss:                    0.8644	return_mean:               3.7075
return_std:                5.0901	test_ep_length_mean:     200.0000	test_episode_length_mean:199.0000	test_return_mean:          5.0838
test_return_std:           7.3339	
2026-02-06 17:23:25,578 - my_experiment - HybridComm - my_run - INFO - t_env: 56200 / 100000
2026-02-06 17:23:25,579 - my_experiment - HybridComm - my_run - INFO - Estimated time left: 23 minutes, 24 seconds. Time passed: 29 minutes, 28 seconds
2026-02-06 17:24:26,024 - my_experiment - HybridComm - my_run - INFO - Recent Stats | t_env:      58000 | Episode:      290
ep_length_mean:          200.0000	episode_length_mean:     199.0000	epsilon:                   0.0500	grad_norm:                 3.1239
info_nce_loss:             2.4195	loss:                      0.9337	q_loss:                    0.8489	return_mean:               5.9048
return_std:                6.5750	test_ep_length_mean:     200.0000	test_episode_length_mean:199.0000	test_return_mean:          7.2656
test_return_std:           8.3424	
2026-02-06 17:24:29,648 - my_experiment - HybridComm - my_run - INFO - t_env: 58200 / 100000
2026-02-06 17:24:29,649 - my_experiment - HybridComm - my_run - INFO - Estimated time left: 22 minutes, 19 seconds. Time passed: 30 minutes, 32 seconds
2026-02-06 17:25:30,299 - my_experiment - HybridComm - my_run - INFO - Recent Stats | t_env:      60000 | Episode:      300
ep_length_mean:          200.0000	episode_length_mean:     199.0000	epsilon:                   0.0500	grad_norm:                 3.2277
info_nce_loss:             2.3635	loss:                      0.8877	q_loss:                    0.8070	return_mean:               9.5725
return_std:                7.8191	test_ep_length_mean:     200.0000	test_episode_length_mean:199.0000	test_return_mean:         11.4211
test_return_std:           8.9499	
2026-02-06 17:25:33,986 - my_experiment - HybridComm - my_run - INFO - t_env: 60200 / 100000
2026-02-06 17:25:33,987 - my_experiment - HybridComm - my_run - INFO - Estimated time left: 21 minutes, 20 seconds. Time passed: 31 minutes, 36 seconds
2026-02-06 17:26:34,479 - my_experiment - HybridComm - my_run - INFO - Recent Stats | t_env:      62000 | Episode:      310
ep_length_mean:          200.0000	episode_length_mean:     199.0000	epsilon:                   0.0500	grad_norm:                 3.2647
info_nce_loss:             2.3674	loss:                      0.8483	q_loss:                    0.7711	return_mean:              12.2315
return_std:                7.8891	test_ep_length_mean:     200.0000	test_episode_length_mean:199.0000	test_return_mean:         13.8499
test_return_std:          10.1663	
2026-02-06 17:26:38,090 - my_experiment - HybridComm - my_run - INFO - t_env: 62200 / 100000
2026-02-06 17:26:38,092 - my_experiment - HybridComm - my_run - INFO - Estimated time left: 20 minutes, 11 seconds. Time passed: 32 minutes, 40 seconds
2026-02-06 17:27:38,614 - my_experiment - HybridComm - my_run - INFO - Recent Stats | t_env:      64000 | Episode:      320
ep_length_mean:          200.0000	episode_length_mean:     199.0000	epsilon:                   0.0500	grad_norm:                 4.7236
info_nce_loss:             2.3675	loss:                      1.1045	q_loss:                    1.0041	return_mean:              14.6506
return_std:                8.8215	test_ep_length_mean:     200.0000	test_episode_length_mean:199.0000	test_return_mean:         15.0061
test_return_std:          10.3676	
2026-02-06 17:27:42,246 - my_experiment - HybridComm - my_run - INFO - t_env: 64200 / 100000
2026-02-06 17:27:42,247 - my_experiment - HybridComm - my_run - INFO - Estimated time left: 19 minutes, 8 seconds. Time passed: 33 minutes, 44 seconds
2026-02-06 17:28:42,787 - my_experiment - HybridComm - my_run - INFO - Recent Stats | t_env:      66000 | Episode:      330
ep_length_mean:          200.0000	episode_length_mean:     199.0000	epsilon:                   0.0500	grad_norm:                 4.5447
info_nce_loss:             2.9679	loss:                      1.1405	q_loss:                    1.0368	return_mean:              16.5048
return_std:                9.0735	test_ep_length_mean:     200.0000	test_episode_length_mean:199.0000	test_return_mean:         16.6640
test_return_std:          10.8573	
2026-02-06 17:28:46,427 - my_experiment - HybridComm - my_run - INFO - t_env: 66200 / 100000
2026-02-06 17:28:46,429 - my_experiment - HybridComm - my_run - INFO - Estimated time left: 18 minutes, 4 seconds. Time passed: 34 minutes, 48 seconds
2026-02-06 17:29:46,929 - my_experiment - HybridComm - my_run - INFO - Recent Stats | t_env:      68000 | Episode:      340
ep_length_mean:          200.0000	episode_length_mean:     199.0000	epsilon:                   0.0500	grad_norm:                 4.7304
info_nce_loss:             2.9602	loss:                      1.1375	q_loss:                    1.0341	return_mean:              15.4317
return_std:                7.4075	test_ep_length_mean:     200.0000	test_episode_length_mean:199.0000	test_return_mean:         15.1950
test_return_std:          10.1835	
2026-02-06 17:29:50,607 - my_experiment - HybridComm - my_run - INFO - t_env: 68200 / 100000
2026-02-06 17:29:50,608 - my_experiment - HybridComm - my_run - INFO - Estimated time left: 17 minutes, 0 seconds. Time passed: 35 minutes, 53 seconds
2026-02-06 17:30:51,250 - my_experiment - HybridComm - my_run - INFO - Recent Stats | t_env:      70000 | Episode:      350
ep_length_mean:          200.0000	episode_length_mean:     199.0000	epsilon:                   0.0500	grad_norm:                 4.7327
info_nce_loss:             3.0359	loss:                      1.1751	q_loss:                    1.0683	return_mean:              15.0227
return_std:                7.2076	test_ep_length_mean:     200.0000	test_episode_length_mean:199.0000	test_return_mean:         15.3773
test_return_std:           9.4762	
2026-02-06 17:30:54,868 - my_experiment - HybridComm - my_run - INFO - t_env: 70200 / 100000
2026-02-06 17:30:54,869 - my_experiment - HybridComm - my_run - INFO - Estimated time left: 15 minutes, 57 seconds. Time passed: 36 minutes, 57 seconds
2026-02-06 17:31:55,364 - my_experiment - HybridComm - my_run - INFO - Recent Stats | t_env:      72000 | Episode:      360
ep_length_mean:          200.0000	episode_length_mean:     199.0000	epsilon:                   0.0500	grad_norm:                 4.6731
info_nce_loss:             3.0321	loss:                      1.1983	q_loss:                    1.0893	return_mean:              15.0046
return_std:                7.0642	test_ep_length_mean:     200.0000	test_episode_length_mean:199.0000	test_return_mean:         16.4800
test_return_std:           8.7834	
2026-02-06 17:31:59,011 - my_experiment - HybridComm - my_run - INFO - t_env: 72200 / 100000
2026-02-06 17:31:59,012 - my_experiment - HybridComm - my_run - INFO - Estimated time left: 14 minutes, 51 seconds. Time passed: 38 minutes, 1 seconds
2026-02-06 17:32:59,556 - my_experiment - HybridComm - my_run - INFO - Recent Stats | t_env:      74000 | Episode:      370
ep_length_mean:          200.0000	episode_length_mean:     199.0000	epsilon:                   0.0500	grad_norm:                 6.7159
info_nce_loss:             3.0275	loss:                      1.5177	q_loss:                    1.3797	return_mean:              14.9667
return_std:                6.8026	test_ep_length_mean:     200.0000	test_episode_length_mean:199.0000	test_return_mean:         16.8245
test_return_std:           8.5166	
2026-02-06 17:33:03,174 - my_experiment - HybridComm - my_run - INFO - t_env: 74200 / 100000
2026-02-06 17:33:03,175 - my_experiment - HybridComm - my_run - INFO - Estimated time left: 13 minutes, 47 seconds. Time passed: 39 minutes, 5 seconds
2026-02-06 17:34:03,842 - my_experiment - HybridComm - my_run - INFO - Recent Stats | t_env:      76000 | Episode:      380
ep_length_mean:          200.0000	episode_length_mean:     199.0000	epsilon:                   0.0500	grad_norm:                 7.7067
info_nce_loss:             3.0343	loss:                      1.6160	q_loss:                    1.4691	return_mean:              14.0046
return_std:                6.8988	test_ep_length_mean:     200.0000	test_episode_length_mean:199.0000	test_return_mean:         18.5826
test_return_std:           9.3114	
2026-02-06 17:34:07,502 - my_experiment - HybridComm - my_run - INFO - t_env: 76200 / 100000
2026-02-06 17:34:07,503 - my_experiment - HybridComm - my_run - INFO - Estimated time left: 12 minutes, 45 seconds. Time passed: 40 minutes, 10 seconds
2026-02-06 17:35:08,054 - my_experiment - HybridComm - my_run - INFO - Recent Stats | t_env:      78000 | Episode:      390
ep_length_mean:          200.0000	episode_length_mean:     199.0000	epsilon:                   0.0500	grad_norm:                 8.7131
info_nce_loss:             3.0458	loss:                      1.7072	q_loss:                    1.5520	return_mean:              16.4645
return_std:                7.9560	test_ep_length_mean:     200.0000	test_episode_length_mean:199.0000	test_return_mean:         21.4792
test_return_std:           9.9613	
2026-02-06 17:35:11,691 - my_experiment - HybridComm - my_run - INFO - t_env: 78200 / 100000
2026-02-06 17:35:11,693 - my_experiment - HybridComm - my_run - INFO - Estimated time left: 11 minutes, 39 seconds. Time passed: 41 minutes, 14 seconds
2026-02-06 17:36:12,254 - my_experiment - HybridComm - my_run - INFO - Recent Stats | t_env:      80000 | Episode:      400
ep_length_mean:          200.0000	episode_length_mean:     199.0000	epsilon:                   0.0500	grad_norm:                 9.4061
info_nce_loss:             3.0186	loss:                      1.7576	q_loss:                    1.5979	return_mean:              17.8301
return_std:                7.2908	test_ep_length_mean:     200.0000	test_episode_length_mean:199.0000	test_return_mean:         21.7904
test_return_std:          10.7209	
2026-02-06 17:36:15,868 - my_experiment - HybridComm - my_run - INFO - t_env: 80200 / 100000
2026-02-06 17:36:15,869 - my_experiment - HybridComm - my_run - INFO - Estimated time left: 10 minutes, 35 seconds. Time passed: 42 minutes, 18 seconds
2026-02-06 17:37:16,336 - my_experiment - HybridComm - my_run - INFO - Recent Stats | t_env:      82000 | Episode:      410
ep_length_mean:          200.0000	episode_length_mean:     199.0000	epsilon:                   0.0500	grad_norm:                 9.9119
info_nce_loss:             3.0412	loss:                      1.7629	q_loss:                    1.6026	return_mean:              17.8048
return_std:                7.6003	test_ep_length_mean:     200.0000	test_episode_length_mean:199.0000	test_return_mean:         22.9541
test_return_std:          10.5038	
2026-02-06 17:37:19,962 - my_experiment - HybridComm - my_run - INFO - t_env: 82200 / 100000
2026-02-06 17:37:19,963 - my_experiment - HybridComm - my_run - INFO - Estimated time left: 9 minutes, 30 seconds. Time passed: 43 minutes, 22 seconds
2026-02-06 17:38:20,476 - my_experiment - HybridComm - my_run - INFO - Recent Stats | t_env:      84000 | Episode:      420
ep_length_mean:          200.0000	episode_length_mean:     199.0000	epsilon:                   0.0500	grad_norm:                11.7018
info_nce_loss:             3.0696	loss:                      1.6915	q_loss:                    1.5378	return_mean:              19.3918
return_std:                8.5295	test_ep_length_mean:     200.0000	test_episode_length_mean:199.0000	test_return_mean:         24.5117
test_return_std:          10.7232	
2026-02-06 17:38:24,189 - my_experiment - HybridComm - my_run - INFO - t_env: 84200 / 100000
2026-02-06 17:38:24,189 - my_experiment - HybridComm - my_run - INFO - Estimated time left: 8 minutes, 27 seconds. Time passed: 44 minutes, 26 seconds
2026-02-06 17:39:24,883 - my_experiment - HybridComm - my_run - INFO - Recent Stats | t_env:      86000 | Episode:      430
ep_length_mean:          200.0000	episode_length_mean:     199.0000	epsilon:                   0.0500	grad_norm:                12.1666
info_nce_loss:             2.9975	loss:                      1.7496	q_loss:                    1.5906	return_mean:              20.8931
return_std:                8.1894	test_ep_length_mean:     200.0000	test_episode_length_mean:199.0000	test_return_mean:         24.6595
test_return_std:           9.1453	
2026-02-06 17:39:28,559 - my_experiment - HybridComm - my_run - INFO - t_env: 86200 / 100000
2026-02-06 17:39:28,560 - my_experiment - HybridComm - my_run - INFO - Estimated time left: 7 minutes, 24 seconds. Time passed: 45 minutes, 31 seconds
2026-02-06 17:40:29,307 - my_experiment - HybridComm - my_run - INFO - Recent Stats | t_env:      88000 | Episode:      440
ep_length_mean:          200.0000	episode_length_mean:     199.0000	epsilon:                   0.0500	grad_norm:                13.1701
info_nce_loss:             3.0430	loss:                      1.8777	q_loss:                    1.7070	return_mean:              21.5355
return_std:                8.2125	test_ep_length_mean:     200.0000	test_episode_length_mean:199.0000	test_return_mean:         23.8032
test_return_std:           9.3912	
2026-02-06 17:40:32,936 - my_experiment - HybridComm - my_run - INFO - t_env: 88200 / 100000
2026-02-06 17:40:32,937 - my_experiment - HybridComm - my_run - INFO - Estimated time left: 6 minutes, 19 seconds. Time passed: 46 minutes, 35 seconds
2026-02-06 17:41:34,116 - my_experiment - HybridComm - my_run - INFO - Recent Stats | t_env:      90000 | Episode:      450
ep_length_mean:          200.0000	episode_length_mean:     199.0000	epsilon:                   0.0500	grad_norm:                13.0923
info_nce_loss:             3.0316	loss:                      1.9299	q_loss:                    1.7544	return_mean:              20.4886
return_std:                9.0333	test_ep_length_mean:     200.0000	test_episode_length_mean:199.0000	test_return_mean:         24.1563
test_return_std:           9.2495	
2026-02-06 17:41:37,754 - my_experiment - HybridComm - my_run - INFO - t_env: 90200 / 100000
2026-02-06 17:41:37,755 - my_experiment - HybridComm - my_run - INFO - Estimated time left: 5 minutes, 17 seconds. Time passed: 47 minutes, 40 seconds
2026-02-06 17:42:38,404 - my_experiment - HybridComm - my_run - INFO - Recent Stats | t_env:      92000 | Episode:      460
ep_length_mean:          200.0000	episode_length_mean:     199.0000	epsilon:                   0.0500	grad_norm:                12.9098
info_nce_loss:             3.0088	loss:                      2.0059	q_loss:                    1.8235	return_mean:              21.5992
return_std:                8.6614	test_ep_length_mean:     200.0000	test_episode_length_mean:199.0000	test_return_mean:         24.1357
test_return_std:          10.3845	
2026-02-06 17:42:42,066 - my_experiment - HybridComm - my_run - INFO - t_env: 92200 / 100000
2026-02-06 17:42:42,067 - my_experiment - HybridComm - my_run - INFO - Estimated time left: 4 minutes, 10 seconds. Time passed: 48 minutes, 44 seconds
2026-02-06 17:43:42,690 - my_experiment - HybridComm - my_run - INFO - Recent Stats | t_env:      94000 | Episode:      470
ep_length_mean:          200.0000	episode_length_mean:     199.0000	epsilon:                   0.0500	grad_norm:                13.4327
info_nce_loss:             2.9839	loss:                      1.9374	q_loss:                    1.7612	return_mean:              21.6011
return_std:                7.9797	test_ep_length_mean:     200.0000	test_episode_length_mean:199.0000	test_return_mean:         22.5925
test_return_std:          10.3069	
2026-02-06 17:43:46,362 - my_experiment - HybridComm - my_run - INFO - t_env: 94200 / 100000
2026-02-06 17:43:46,364 - my_experiment - HybridComm - my_run - INFO - Estimated time left: 3 minutes, 6 seconds. Time passed: 49 minutes, 48 seconds
2026-02-06 17:44:46,997 - my_experiment - HybridComm - my_run - INFO - Recent Stats | t_env:      96000 | Episode:      480
ep_length_mean:          200.0000	episode_length_mean:     199.0000	epsilon:                   0.0500	grad_norm:                13.7287
info_nce_loss:             3.4137	loss:                      1.9995	q_loss:                    1.8177	return_mean:              20.4174
return_std:                8.0782	test_ep_length_mean:     200.0000	test_episode_length_mean:199.0000	test_return_mean:         23.7270
test_return_std:          11.1562	
2026-02-06 17:44:50,704 - my_experiment - HybridComm - my_run - INFO - t_env: 96200 / 100000
2026-02-06 17:44:50,705 - my_experiment - HybridComm - my_run - INFO - Estimated time left: 2 minutes, 2 seconds. Time passed: 50 minutes, 53 seconds
2026-02-06 17:45:51,338 - my_experiment - HybridComm - my_run - INFO - Recent Stats | t_env:      98000 | Episode:      490
ep_length_mean:          200.0000	episode_length_mean:     199.0000	epsilon:                   0.0500	grad_norm:                12.8623
info_nce_loss:             3.6297	loss:                      2.0806	q_loss:                    1.8915	return_mean:              20.9925
return_std:                8.7897	test_ep_length_mean:     200.0000	test_episode_length_mean:199.0000	test_return_mean:         24.4282
test_return_std:          10.4404	
2026-02-06 17:45:54,962 - my_experiment - HybridComm - my_run - INFO - t_env: 98200 / 100000
2026-02-06 17:45:54,963 - my_experiment - HybridComm - my_run - INFO - Estimated time left: 57 seconds. Time passed: 51 minutes, 57 seconds
2026-02-06 17:46:55,657 - my_experiment - HybridComm - my_run - INFO - Recent Stats | t_env:     100000 | Episode:      500
ep_length_mean:          200.0000	episode_length_mean:     199.0000	epsilon:                   0.0500	grad_norm:                13.1676
info_nce_loss:             3.6678	loss:                      2.2052	q_loss:                    2.0048	return_mean:              22.1126
return_std:                8.5769	test_ep_length_mean:     200.0000	test_episode_length_mean:199.0000	test_return_mean:         23.5131
test_return_std:          10.2832	
2026-02-06 17:46:59,307 - my_experiment - HybridComm - my_run - INFO - t_env: 100200 / 100000
2026-02-06 17:46:59,308 - my_experiment - HybridComm - my_run - INFO - Estimated time left: -. Time passed: 53 minutes, 1 seconds
2026-02-06 17:47:27,083 - my_experiment - HybridComm - my_run - INFO - Saving models to work_dirs/my_experiment/HybridComm/my_run/20260206_165354/models/100200
2026-02-06 17:47:27,110 - my_experiment - HybridComm - my_run - INFO - Finished Training
