JOB ID: 1745043
Running on node: artongpu02
Project Directory: /usr/itetnas04/data-scratch-01/pparsons/data/MyExpoComm
--------------------------------
Algorithm:   HybridComm
Environment: MAgent_AdvPursuit
Profile:     advP_HybridComm_2M
--------------------------------
Conda activated: /usr/itetnas04/data-scratch-01/pparsons/data/conda_envs/ExpoComm
Starting 2M Step Run...
Warning: Loaded 4 layers but model has 6 layers.
Exiting Main
Stopping all threads
Thread wandb-AsyncioManager-main is alive! Is daemon: True
Thread joined
Thread ChkStopThr is alive! Is daemon: True
Thread joined
Thread IntMsgThr is alive! Is daemon: True
Thread joined
Exiting script
[1;34mwandb[0m: 
[1;34mwandb[0m: 🚀 View run [33mmy_run-advP_Hybridcomm_2M-20260210_144007[0m at: [34mhttps://wandb.ai/peterparsons02-eth-z-rich/my_experiment/runs/363xz1qh[0m
[1;34mwandb[0m: Find logs at: [1;35mwandb/run-20260210_144007-363xz1qh/logs[0m
Finished at: Wed Feb 11 00:56:18 CET 2026
