Gym has been unmaintained since 2022 and does not support NumPy 2.0 amongst other critical functionality.
Please upgrade to Gymnasium, the maintained drop-in replacement of Gym, or contact the authors of your software and request that they upgrade.
Users of this version of Gym should be able to simply replace 'import gym' with 'import gymnasium as gym' in the vast majority of cases.
See the migration guide at https://gymnasium.farama.org/introduction/migration_guide/ for additional information.
src/main.py:81: DeprecationWarning: Using or importing the ABCs from 'collections' instead of from 'collections.abc' is deprecated since Python 3.3, and in 3.10 it will stop working
  if isinstance(v, collections.Mapping):
wandb: [wandb.login()] Loaded credentials for https://api.wandb.ai from /home/pparsons/.netrc.
wandb: Currently logged in as: peterparsons02 (peterparsons02-eth-z-rich) to https://api.wandb.ai. Use `wandb login --relogin` to force relogin
wandb: setting up run w5y8mqxu
wandb: Tracking run with wandb version 0.24.1
wandb: Run data is saved locally in /usr/itetnas04/data-scratch-01/pparsons/data/MyExpoComm/wandb/run-20260213_155045-w5y8mqxu
wandb: Run `wandb offline` to turn off syncing.
wandb: Syncing run my_run-advP_IQL_RNN_2M-20260213_155043
wandb: ⭐️ View project at https://wandb.ai/peterparsons02-eth-z-rich/my_experiment
wandb: 🚀 View run at https://wandb.ai/peterparsons02-eth-z-rich/my_experiment/runs/w5y8mqxu
2026-02-13 15:50:50,211 - my_experiment - advP_IQL_RNN_2M - my_run - INFO - Current directory: /usr/itetnas04/data-scratch-01/pparsons/data/MyExpoComm.
2026-02-13 15:50:50,212 - my_experiment - advP_IQL_RNN_2M - my_run - INFO - Experiment Parameters:
2026-02-13 15:50:50,213 - my_experiment - advP_IQL_RNN_2M - my_run - INFO - 

{   'action_selector': 'epsilon_greedy',
    'add_value_last_step': True,
    'agent': 'rnn',
    'agent_output_type': 'q',
    'batch_size': 32,
    'batch_size_run': 1,
    'buffer_cpu_only': True,
    'buffer_size': 5000,
    'checkpoint_path': '',
    'double_q': True,
    'env': 'MAgent_AdvPursuit',
    'env_args': {   'global_reward': False,
                    'map_name': 'adversarial_pursuit_view8',
                    'map_size': 45,
                    'max_cycles': 200,
                    'minimap_mode': True,
                    'pretrained_ckpt': 'prey_params.pt',
                    'seed': 42},
    'epsilon_anneal_time': 500000,
    'epsilon_finish': 0.05,
    'epsilon_start': 1.0,
    'evaluate': False,
    'evaluation_epsilon': 0.0,
    'exp_name': 'my_experiment',
    'gamma': 0.99,
    'global_reward': True,
    'grad_norm_clip': 10,
    'hidden_dim': 64,
    'hypergroup': None,
    'label': 'default_label',
    'learner': 'q_learner',
    'learner_log_interval': 10000,
    'load_step': 0,
    'local_results_path': 'results',
    'log_interval': 50000,
    'lr': 0.0005,
    'mac': 'basic_mac',
    'mixer': None,
    'name': 'advP_IQL_RNN_2M',
    'obs_agent_id': True,
    'obs_individual_obs': False,
    'obs_last_action': True,
    'optim_alpha': 0.99,
    'optim_eps': 1e-05,
    'render': False,
    'repeat_id': 1,
    'run_name': 'my_run',
    'runner': 'episode',
    'runner_log_interval': 10000,
    'save_model': True,
    'save_model_interval': 200000,
    'save_replay': False,
    'seed': 42,
    'standardise_returns': False,
    'standardise_rewards': True,
    't_max': 2050000,
    'target_update_interval_or_tau': 200,
    'test_greedy': True,
    'test_interval': 50000,
    'test_nepisode': 100,
    'use_cuda': True,
    'use_rnn': True,
    'use_tensorboard': True,
    'work_dir': 'work_dirs/my_experiment/advP_IQL_RNN_2M/my_run/20260213_155043'}

/usr/itetnas04/data-scratch-01/pparsons/data/conda_envs/ExpoComm/lib/python3.8/site-packages/pettingzoo/utils/conversions.py:41: UserWarning: The `from_parallel` function is deprecated. Use the `parallel_to_aec` function instead.
  warnings.warn("The `from_parallel` function is deprecated. Use the `parallel_to_aec` function instead.")
/usr/itetnas04/data-scratch-01/pparsons/data/conda_envs/ExpoComm/lib/python3.8/site-packages/pettingzoo/utils/wrappers/base.py:44: UserWarning: The `observation_spaces` dictionary is deprecated. Use the `observation_space` function instead.
  warnings.warn("The `observation_spaces` dictionary is deprecated. Use the `observation_space` function instead.")
/usr/itetnas04/data-scratch-01/pparsons/data/conda_envs/ExpoComm/lib/python3.8/site-packages/pettingzoo/utils/conversions.py:36: UserWarning: The `to_parallel` function is deprecated. Use the `aec_to_parallel` function instead.
  warnings.warn("The `to_parallel` function is deprecated. Use the `aec_to_parallel` function instead.")
/usr/itetnas04/data-scratch-01/pparsons/data/conda_envs/ExpoComm/lib/python3.8/site-packages/pettingzoo/utils/conversions.py:80: UserWarning: The `action_spaces` dictionary is deprecated. Use the `action_space` function instead.
  warnings.warn("The `action_spaces` dictionary is deprecated. Use the `action_space` function instead.")
/usr/itetnas04/data-scratch-01/pparsons/data/conda_envs/ExpoComm/lib/python3.8/site-packages/pettingzoo/utils/wrappers/base.py:52: UserWarning: The `action_spaces` dictionary is deprecated. Use the `action_space` function instead.
  warnings.warn("The `action_spaces` dictionary is deprecated. Use the `action_space` function instead.")
/usr/itetnas04/data-scratch-01/pparsons/data/conda_envs/ExpoComm/lib/python3.8/site-packages/pettingzoo/utils/conversions.py:72: UserWarning: The `observation_spaces` dictionary is deprecated. Use the `observation_space` function instead.
  warnings.warn("The `observation_spaces` dictionary is deprecated. Use the `observation_space` function instead.")
2026-02-13 15:51:18,810 - my_experiment - advP_IQL_RNN_2M - my_run - INFO - Beginning training for 2050000 timesteps
/usr/itetnas04/data-scratch-01/pparsons/data/MyExpoComm/src/envs/adv_pursuit_wrappers.py:240: UserWarning: To copy construct from a tensor, it is recommended to use sourceTensor.clone().detach() or sourceTensor.clone().detach().requires_grad_(True), rather than torch.tensor(sourceTensor).
  actions = th.tensor(actions, dtype=th.long)
2026-02-13 15:51:37,164 - my_experiment - advP_IQL_RNN_2M - my_run - INFO - t_env: 200 / 2050000
2026-02-13 15:51:37,164 - my_experiment - advP_IQL_RNN_2M - my_run - INFO - Estimated time left: 12 minutes, 29 seconds. Time passed: 18 seconds
2026-02-13 15:55:52,904 - my_experiment - advP_IQL_RNN_2M - my_run - INFO - Saving models to work_dirs/my_experiment/advP_IQL_RNN_2M/my_run/20260213_155043/models/200
2026-02-13 16:07:38,427 - my_experiment - advP_IQL_RNN_2M - my_run - INFO - Recent Stats | t_env:      50000 | Episode:      250
ep_length_mean:          200.0000	episode_length_mean:     199.0000	epsilon:                   0.9240	grad_norm:                 0.8609
loss:                      0.9171	q_taken_mean:              0.0004	return_mean:             -20.6167	return_std:                0.9283
target_mean:               0.0096	td_error_abs:              0.4759	test_ep_length_mean:     200.0000	test_episode_length_mean:199.0000
test_return_mean:        -38.7029	test_return_std:           3.1220	
2026-02-13 16:07:41,286 - my_experiment - advP_IQL_RNN_2M - my_run - INFO - t_env: 50200 / 2050000
2026-02-13 16:07:41,287 - my_experiment - advP_IQL_RNN_2M - my_run - INFO - Estimated time left: 10 hours, 42 minutes, 41 seconds. Time passed: 16 minutes, 22 seconds
2026-02-13 16:23:46,249 - my_experiment - advP_IQL_RNN_2M - my_run - INFO - Recent Stats | t_env:     100000 | Episode:      500
ep_length_mean:          200.0000	episode_length_mean:     199.0000	epsilon:                   0.8290	grad_norm:                 2.3961
loss:                      1.3827	q_taken_mean:              0.0478	return_mean:             -13.1132	return_std:                1.9418
target_mean:               0.0601	td_error_abs:              0.6007	test_ep_length_mean:     200.0000	test_episode_length_mean:199.0000
test_return_mean:          5.7063	test_return_std:           8.3295	
2026-02-13 16:23:49,126 - my_experiment - advP_IQL_RNN_2M - my_run - INFO - t_env: 100200 / 2050000
2026-02-13 16:23:49,127 - my_experiment - advP_IQL_RNN_2M - my_run - INFO - Estimated time left: 10 hours, 29 minutes, 1 seconds. Time passed: 32 minutes, 30 seconds
2026-02-13 16:39:57,408 - my_experiment - advP_IQL_RNN_2M - my_run - INFO - Recent Stats | t_env:     150000 | Episode:      750
ep_length_mean:          200.0000	episode_length_mean:     199.0000	epsilon:                   0.7340	grad_norm:                 4.4115
loss:                      2.4897	q_taken_mean:              0.1307	return_mean:              -0.1468	return_std:                2.9409
target_mean:               0.1469	td_error_abs:              0.8818	test_ep_length_mean:     200.0000	test_episode_length_mean:199.0000
test_return_mean:         37.4623	test_return_std:          10.2727	
2026-02-13 16:40:00,278 - my_experiment - advP_IQL_RNN_2M - my_run - INFO - t_env: 150200 / 2050000
2026-02-13 16:40:00,278 - my_experiment - advP_IQL_RNN_2M - my_run - INFO - Estimated time left: 10 hours, 14 minutes, 59 seconds. Time passed: 48 minutes, 41 seconds
2026-02-13 16:56:06,581 - my_experiment - advP_IQL_RNN_2M - my_run - INFO - Recent Stats | t_env:     200000 | Episode:     1000
ep_length_mean:          200.0000	episode_length_mean:     199.0000	epsilon:                   0.6390	grad_norm:                 6.1285
loss:                      3.6330	q_taken_mean:              0.2425	return_mean:              11.5442	return_std:                4.0458
target_mean:               0.2603	td_error_abs:              1.1142	test_ep_length_mean:     200.0000	test_episode_length_mean:199.0000
test_return_mean:         59.3731	test_return_std:          10.5368	
2026-02-13 16:56:09,451 - my_experiment - advP_IQL_RNN_2M - my_run - INFO - t_env: 200200 / 2050000
2026-02-13 16:56:09,452 - my_experiment - advP_IQL_RNN_2M - my_run - INFO - Estimated time left: 9 hours, 57 minutes, 35 seconds. Time passed: 1 hours, 4 minutes, 50 seconds
2026-02-13 17:00:25,191 - my_experiment - advP_IQL_RNN_2M - my_run - INFO - Saving models to work_dirs/my_experiment/advP_IQL_RNN_2M/my_run/20260213_155043/models/200200
2026-02-13 17:12:14,578 - my_experiment - advP_IQL_RNN_2M - my_run - INFO - Recent Stats | t_env:     250000 | Episode:     1250
ep_length_mean:          200.0000	episode_length_mean:     199.0000	epsilon:                   0.5440	grad_norm:                16.7894
loss:                      5.9802	q_taken_mean:              0.3763	return_mean:              27.0534	return_std:                5.3789
target_mean:               0.4147	td_error_abs:              1.5502	test_ep_length_mean:     200.0000	test_episode_length_mean:199.0000
test_return_mean:         71.8116	test_return_std:          11.0272	
2026-02-13 17:12:17,458 - my_experiment - advP_IQL_RNN_2M - my_run - INFO - t_env: 250200 / 2050000
2026-02-13 17:12:17,459 - my_experiment - advP_IQL_RNN_2M - my_run - INFO - Estimated time left: 9 hours, 40 minutes, 44 seconds. Time passed: 1 hours, 20 minutes, 58 seconds
2026-02-13 17:28:20,419 - my_experiment - advP_IQL_RNN_2M - my_run - INFO - Recent Stats | t_env:     300000 | Episode:     1500
ep_length_mean:          200.0000	episode_length_mean:     199.0000	epsilon:                   0.4490	grad_norm:                10.1387
loss:                      4.8128	q_taken_mean:              0.5266	return_mean:              47.1027	return_std:                6.1673
target_mean:               0.5461	td_error_abs:              1.2791	test_ep_length_mean:     200.0000	test_episode_length_mean:199.0000
test_return_mean:        104.8301	test_return_std:          12.8426	
2026-02-13 17:28:23,282 - my_experiment - advP_IQL_RNN_2M - my_run - INFO - t_env: 300200 / 2050000
2026-02-13 17:28:23,283 - my_experiment - advP_IQL_RNN_2M - my_run - INFO - Estimated time left: 9 hours, 23 minutes, 19 seconds. Time passed: 1 hours, 37 minutes, 4 seconds
2026-02-13 17:44:27,569 - my_experiment - advP_IQL_RNN_2M - my_run - INFO - Recent Stats | t_env:     350000 | Episode:     1750
ep_length_mean:          200.0000	episode_length_mean:     199.0000	epsilon:                   0.3540	grad_norm:                10.0025
loss:                      5.2790	q_taken_mean:              0.6629	return_mean:              66.3134	return_std:                6.2062
target_mean:               0.6806	td_error_abs:              1.2759	test_ep_length_mean:     200.0000	test_episode_length_mean:199.0000
test_return_mean:        120.5202	test_return_std:          12.2254	
2026-02-13 17:44:30,422 - my_experiment - advP_IQL_RNN_2M - my_run - INFO - t_env: 350200 / 2050000
2026-02-13 17:44:30,423 - my_experiment - advP_IQL_RNN_2M - my_run - INFO - Estimated time left: 9 hours, 7 minutes, 58 seconds. Time passed: 1 hours, 53 minutes, 11 seconds
2026-02-13 18:00:34,648 - my_experiment - advP_IQL_RNN_2M - my_run - INFO - Recent Stats | t_env:     400000 | Episode:     2000
ep_length_mean:          200.0000	episode_length_mean:     199.0000	epsilon:                   0.2590	grad_norm:                10.0438
loss:                      5.9121	q_taken_mean:              0.8041	return_mean:              83.7510	return_std:                6.3500
target_mean:               0.8208	td_error_abs:              1.2858	test_ep_length_mean:     200.0000	test_episode_length_mean:199.0000
test_return_mean:        125.7057	test_return_std:          11.9415	
2026-02-13 18:00:37,509 - my_experiment - advP_IQL_RNN_2M - my_run - INFO - t_env: 400200 / 2050000
2026-02-13 18:00:37,509 - my_experiment - advP_IQL_RNN_2M - my_run - INFO - Estimated time left: 8 hours, 51 minutes, 49 seconds. Time passed: 2 hours, 9 minutes, 18 seconds
2026-02-13 18:04:52,280 - my_experiment - advP_IQL_RNN_2M - my_run - INFO - Saving models to work_dirs/my_experiment/advP_IQL_RNN_2M/my_run/20260213_155043/models/400200
2026-02-13 18:16:43,481 - my_experiment - advP_IQL_RNN_2M - my_run - INFO - Recent Stats | t_env:     450000 | Episode:     2250
ep_length_mean:          200.0000	episode_length_mean:     199.0000	epsilon:                   0.1640	grad_norm:                18.3576
loss:                      7.2288	q_taken_mean:              0.9381	return_mean:             101.8191	return_std:                7.1218
target_mean:               0.9668	td_error_abs:              1.4555	test_ep_length_mean:     200.0000	test_episode_length_mean:199.0000
test_return_mean:        127.0384	test_return_std:          12.0820	
2026-02-13 18:16:46,358 - my_experiment - advP_IQL_RNN_2M - my_run - INFO - t_env: 450200 / 2050000
2026-02-13 18:16:46,359 - my_experiment - advP_IQL_RNN_2M - my_run - INFO - Estimated time left: 8 hours, 36 minutes, 39 seconds. Time passed: 2 hours, 25 minutes, 27 seconds
2026-02-13 18:33:04,290 - my_experiment - advP_IQL_RNN_2M - my_run - INFO - Recent Stats | t_env:     500000 | Episode:     2500
ep_length_mean:          200.0000	episode_length_mean:     199.0000	epsilon:                   0.0690	grad_norm:                 9.3335
loss:                      7.1254	q_taken_mean:              1.0654	return_mean:             116.3369	return_std:                8.0930
target_mean:               1.0787	td_error_abs:              1.2144	test_ep_length_mean:     200.0000	test_episode_length_mean:199.0000
test_return_mean:        129.4011	test_return_std:          11.7896	
2026-02-13 18:33:07,375 - my_experiment - advP_IQL_RNN_2M - my_run - INFO - t_env: 500200 / 2050000
2026-02-13 18:33:07,376 - my_experiment - advP_IQL_RNN_2M - my_run - INFO - Estimated time left: 8 hours, 26 minutes, 47 seconds. Time passed: 2 hours, 41 minutes, 48 seconds
2026-02-13 18:49:23,749 - my_experiment - advP_IQL_RNN_2M - my_run - INFO - Recent Stats | t_env:     550000 | Episode:     2750
ep_length_mean:          200.0000	episode_length_mean:     199.0000	epsilon:                   0.0500	grad_norm:                11.7553
loss:                      7.8404	q_taken_mean:              1.1521	return_mean:             128.9188	return_std:                9.1030
target_mean:               1.1649	td_error_abs:              1.1986	test_ep_length_mean:     200.0000	test_episode_length_mean:199.0000
test_return_mean:        130.9643	test_return_std:          11.7468	
2026-02-13 18:49:26,635 - my_experiment - advP_IQL_RNN_2M - my_run - INFO - t_env: 550200 / 2050000
2026-02-13 18:49:26,635 - my_experiment - advP_IQL_RNN_2M - my_run - INFO - Estimated time left: 8 hours, 9 minutes, 33 seconds. Time passed: 2 hours, 58 minutes, 7 seconds
2026-02-13 19:05:35,384 - my_experiment - advP_IQL_RNN_2M - my_run - INFO - Recent Stats | t_env:     600000 | Episode:     3000
ep_length_mean:          200.0000	episode_length_mean:     199.0000	epsilon:                   0.0500	grad_norm:                 9.7230
loss:                      8.4273	q_taken_mean:              1.2495	return_mean:             130.8244	return_std:                8.7518
target_mean:               1.2607	td_error_abs:              1.1713	test_ep_length_mean:     200.0000	test_episode_length_mean:199.0000
test_return_mean:        132.6219	test_return_std:          11.6550	
2026-02-13 19:05:38,270 - my_experiment - advP_IQL_RNN_2M - my_run - INFO - t_env: 600200 / 2050000
2026-02-13 19:05:38,270 - my_experiment - advP_IQL_RNN_2M - my_run - INFO - Estimated time left: 7 hours, 49 minutes, 33 seconds. Time passed: 3 hours, 14 minutes, 19 seconds
2026-02-13 19:09:54,129 - my_experiment - advP_IQL_RNN_2M - my_run - INFO - Saving models to work_dirs/my_experiment/advP_IQL_RNN_2M/my_run/20260213_155043/models/600200
2026-02-13 19:21:48,325 - my_experiment - advP_IQL_RNN_2M - my_run - INFO - Recent Stats | t_env:     650000 | Episode:     3250
ep_length_mean:          200.0000	episode_length_mean:     199.0000	epsilon:                   0.0500	grad_norm:                16.7778
loss:                      9.3958	q_taken_mean:              1.3189	return_mean:             132.4655	return_std:                8.4176
target_mean:               1.3384	td_error_abs:              1.3224	test_ep_length_mean:     200.0000	test_episode_length_mean:199.0000
test_return_mean:        134.7974	test_return_std:          11.2206	
2026-02-13 19:21:51,201 - my_experiment - advP_IQL_RNN_2M - my_run - INFO - t_env: 650200 / 2050000
2026-02-13 19:21:51,201 - my_experiment - advP_IQL_RNN_2M - my_run - INFO - Estimated time left: 7 hours, 33 minutes, 58 seconds. Time passed: 3 hours, 30 minutes, 32 seconds
2026-02-13 19:38:00,907 - my_experiment - advP_IQL_RNN_2M - my_run - INFO - Recent Stats | t_env:     700000 | Episode:     3500
ep_length_mean:          200.0000	episode_length_mean:     199.0000	epsilon:                   0.0500	grad_norm:                13.1164
loss:                      9.5243	q_taken_mean:              1.3624	return_mean:             133.3069	return_std:                8.3739
target_mean:               1.3724	td_error_abs:              1.1777	test_ep_length_mean:     200.0000	test_episode_length_mean:199.0000
test_return_mean:        136.2608	test_return_std:          10.9380	
2026-02-13 19:38:03,796 - my_experiment - advP_IQL_RNN_2M - my_run - INFO - t_env: 700200 / 2050000
2026-02-13 19:38:03,797 - my_experiment - advP_IQL_RNN_2M - my_run - INFO - Estimated time left: 7 hours, 17 minutes, 36 seconds. Time passed: 3 hours, 46 minutes, 44 seconds
2026-02-13 19:54:12,428 - my_experiment - advP_IQL_RNN_2M - my_run - INFO - Recent Stats | t_env:     750000 | Episode:     3750
ep_length_mean:          200.0000	episode_length_mean:     199.0000	epsilon:                   0.0500	grad_norm:                16.3297
loss:                     10.1735	q_taken_mean:              1.4158	return_mean:             134.2008	return_std:                7.3538
target_mean:               1.4230	td_error_abs:              1.1832	test_ep_length_mean:     200.0000	test_episode_length_mean:199.0000
test_return_mean:        137.9193	test_return_std:          10.4869	
2026-02-13 19:54:15,298 - my_experiment - advP_IQL_RNN_2M - my_run - INFO - t_env: 750200 / 2050000
2026-02-13 19:54:15,298 - my_experiment - advP_IQL_RNN_2M - my_run - INFO - Estimated time left: 7 hours, 55 seconds. Time passed: 4 hours, 2 minutes, 56 seconds
2026-02-13 20:10:24,898 - my_experiment - advP_IQL_RNN_2M - my_run - INFO - Recent Stats | t_env:     800000 | Episode:     4000
ep_length_mean:          200.0000	episode_length_mean:     199.0000	epsilon:                   0.0500	grad_norm:                14.2869
loss:                     10.7280	q_taken_mean:              1.5157	return_mean:             134.8522	return_std:                7.2438
target_mean:               1.5239	td_error_abs:              1.1124	test_ep_length_mean:     200.0000	test_episode_length_mean:199.0000
test_return_mean:        139.5776	test_return_std:           9.9781	
2026-02-13 20:10:27,766 - my_experiment - advP_IQL_RNN_2M - my_run - INFO - t_env: 800200 / 2050000
2026-02-13 20:10:27,766 - my_experiment - advP_IQL_RNN_2M - my_run - INFO - Estimated time left: 6 hours, 45 minutes, 7 seconds. Time passed: 4 hours, 19 minutes, 8 seconds
2026-02-13 20:14:43,491 - my_experiment - advP_IQL_RNN_2M - my_run - INFO - Saving models to work_dirs/my_experiment/advP_IQL_RNN_2M/my_run/20260213_155043/models/800200
2026-02-13 20:26:37,326 - my_experiment - advP_IQL_RNN_2M - my_run - INFO - Recent Stats | t_env:     850000 | Episode:     4250
ep_length_mean:          200.0000	episode_length_mean:     199.0000	epsilon:                   0.0500	grad_norm:                22.4994
loss:                     11.4086	q_taken_mean:              1.5559	return_mean:             136.6068	return_std:                6.4026
target_mean:               1.5690	td_error_abs:              1.2419	test_ep_length_mean:     200.0000	test_episode_length_mean:199.0000
test_return_mean:        140.8613	test_return_std:           9.8775	
2026-02-13 20:26:40,184 - my_experiment - advP_IQL_RNN_2M - my_run - INFO - t_env: 850200 / 2050000
2026-02-13 20:26:40,185 - my_experiment - advP_IQL_RNN_2M - my_run - INFO - Estimated time left: 6 hours, 28 minutes, 54 seconds. Time passed: 4 hours, 35 minutes, 21 seconds
2026-02-13 20:42:49,670 - my_experiment - advP_IQL_RNN_2M - my_run - INFO - Recent Stats | t_env:     900000 | Episode:     4500
ep_length_mean:          200.0000	episode_length_mean:     199.0000	epsilon:                   0.0500	grad_norm:                11.6511
loss:                     11.4948	q_taken_mean:              1.6088	return_mean:             136.4949	return_std:                6.5505
target_mean:               1.6153	td_error_abs:              1.1097	test_ep_length_mean:     200.0000	test_episode_length_mean:199.0000
test_return_mean:        142.2871	test_return_std:           9.4456	
2026-02-13 20:42:52,558 - my_experiment - advP_IQL_RNN_2M - my_run - INFO - t_env: 900200 / 2050000
2026-02-13 20:42:52,559 - my_experiment - advP_IQL_RNN_2M - my_run - INFO - Estimated time left: 6 hours, 12 minutes, 40 seconds. Time passed: 4 hours, 51 minutes, 33 seconds
2026-02-13 20:59:01,928 - my_experiment - advP_IQL_RNN_2M - my_run - INFO - Recent Stats | t_env:     950000 | Episode:     4750
ep_length_mean:          200.0000	episode_length_mean:     199.0000	epsilon:                   0.0500	grad_norm:                19.6667
loss:                     11.8061	q_taken_mean:              1.6661	return_mean:             137.4381	return_std:                6.5322
target_mean:               1.6722	td_error_abs:              1.0549	test_ep_length_mean:     200.0000	test_episode_length_mean:199.0000
test_return_mean:        143.7503	test_return_std:           8.9768	
2026-02-13 20:59:04,813 - my_experiment - advP_IQL_RNN_2M - my_run - INFO - t_env: 950200 / 2050000
2026-02-13 20:59:04,814 - my_experiment - advP_IQL_RNN_2M - my_run - INFO - Estimated time left: 5 hours, 56 minutes, 25 seconds. Time passed: 5 hours, 7 minutes, 46 seconds
2026-02-13 21:15:14,536 - my_experiment - advP_IQL_RNN_2M - my_run - INFO - Recent Stats | t_env:    1000000 | Episode:     5000
ep_length_mean:          200.0000	episode_length_mean:     199.0000	epsilon:                   0.0500	grad_norm:                19.6736
loss:                     12.1808	q_taken_mean:              1.6987	return_mean:             137.7491	return_std:                6.3563
target_mean:               1.7028	td_error_abs:              1.0806	test_ep_length_mean:     200.0000	test_episode_length_mean:199.0000
test_return_mean:        144.5092	test_return_std:           8.5855	
2026-02-13 21:15:17,404 - my_experiment - advP_IQL_RNN_2M - my_run - INFO - t_env: 1000200 / 2050000
2026-02-13 21:15:17,405 - my_experiment - advP_IQL_RNN_2M - my_run - INFO - Estimated time left: 5 hours, 40 minutes, 20 seconds. Time passed: 5 hours, 23 minutes, 58 seconds
2026-02-13 21:19:33,353 - my_experiment - advP_IQL_RNN_2M - my_run - INFO - Saving models to work_dirs/my_experiment/advP_IQL_RNN_2M/my_run/20260213_155043/models/1000200
2026-02-13 21:31:30,883 - my_experiment - advP_IQL_RNN_2M - my_run - INFO - Recent Stats | t_env:    1050000 | Episode:     5250
ep_length_mean:          200.0000	episode_length_mean:     199.0000	epsilon:                   0.0500	grad_norm:                32.4490
loss:                     12.6164	q_taken_mean:              1.7333	return_mean:             138.3911	return_std:                6.1300
target_mean:               1.7431	td_error_abs:              1.1244	test_ep_length_mean:     200.0000	test_episode_length_mean:199.0000
test_return_mean:        145.5286	test_return_std:           7.9788	
2026-02-13 21:31:33,762 - my_experiment - advP_IQL_RNN_2M - my_run - INFO - t_env: 1050200 / 2050000
2026-02-13 21:31:33,763 - my_experiment - advP_IQL_RNN_2M - my_run - INFO - Estimated time left: 5 hours, 25 minutes, 23 seconds. Time passed: 5 hours, 40 minutes, 14 seconds
2026-02-13 21:47:50,279 - my_experiment - advP_IQL_RNN_2M - my_run - INFO - Recent Stats | t_env:    1100000 | Episode:     5500
ep_length_mean:          200.0000	episode_length_mean:     199.0000	epsilon:                   0.0500	grad_norm:                16.2763
loss:                     13.1068	q_taken_mean:              1.7672	return_mean:             138.5162	return_std:                6.0306
target_mean:               1.7720	td_error_abs:              1.0637	test_ep_length_mean:     200.0000	test_episode_length_mean:199.0000
test_return_mean:        146.3208	test_return_std:           7.4388	
2026-02-13 21:47:53,318 - my_experiment - advP_IQL_RNN_2M - my_run - INFO - t_env: 1100200 / 2050000
2026-02-13 21:47:53,318 - my_experiment - advP_IQL_RNN_2M - my_run - INFO - Estimated time left: 5 hours, 10 minutes, 7 seconds. Time passed: 5 hours, 56 minutes, 34 seconds
2026-02-13 22:04:05,768 - my_experiment - advP_IQL_RNN_2M - my_run - INFO - Recent Stats | t_env:    1150000 | Episode:     5750
ep_length_mean:          200.0000	episode_length_mean:     199.0000	epsilon:                   0.0500	grad_norm:                14.4140
loss:                     13.3436	q_taken_mean:              1.8568	return_mean:             139.0060	return_std:                5.7982
target_mean:               1.8618	td_error_abs:              0.9813	test_ep_length_mean:     200.0000	test_episode_length_mean:199.0000
test_return_mean:        146.9337	test_return_std:           7.1721	
2026-02-13 22:04:08,645 - my_experiment - advP_IQL_RNN_2M - my_run - INFO - t_env: 1150200 / 2050000
2026-02-13 22:04:08,646 - my_experiment - advP_IQL_RNN_2M - my_run - INFO - Estimated time left: 4 hours, 52 minutes, 31 seconds. Time passed: 6 hours, 12 minutes, 49 seconds
2026-02-13 22:20:18,705 - my_experiment - advP_IQL_RNN_2M - my_run - INFO - Recent Stats | t_env:    1200000 | Episode:     6000
ep_length_mean:          200.0000	episode_length_mean:     199.0000	epsilon:                   0.0500	grad_norm:                 9.1038
loss:                     13.3851	q_taken_mean:              1.8955	return_mean:             139.4619	return_std:                5.1018
target_mean:               1.8982	td_error_abs:              0.9088	test_ep_length_mean:     200.0000	test_episode_length_mean:199.0000
test_return_mean:        147.1643	test_return_std:           6.9725	
2026-02-13 22:20:21,585 - my_experiment - advP_IQL_RNN_2M - my_run - INFO - t_env: 1200200 / 2050000
2026-02-13 22:20:21,585 - my_experiment - advP_IQL_RNN_2M - my_run - INFO - Estimated time left: 4 hours, 35 minutes, 36 seconds. Time passed: 6 hours, 29 minutes, 2 seconds
2026-02-13 22:24:38,342 - my_experiment - advP_IQL_RNN_2M - my_run - INFO - Saving models to work_dirs/my_experiment/advP_IQL_RNN_2M/my_run/20260213_155043/models/1200200
2026-02-13 22:36:31,334 - my_experiment - advP_IQL_RNN_2M - my_run - INFO - Recent Stats | t_env:    1250000 | Episode:     6250
ep_length_mean:          200.0000	episode_length_mean:     199.0000	epsilon:                   0.0500	grad_norm:                20.5701
loss:                     13.7239	q_taken_mean:              1.9211	return_mean:             140.0423	return_std:                5.6502
target_mean:               1.9276	td_error_abs:              0.9402	test_ep_length_mean:     200.0000	test_episode_length_mean:199.0000
test_return_mean:        147.7064	test_return_std:           6.9511	
2026-02-13 22:36:34,201 - my_experiment - advP_IQL_RNN_2M - my_run - INFO - t_env: 1250200 / 2050000
2026-02-13 22:36:34,201 - my_experiment - advP_IQL_RNN_2M - my_run - INFO - Estimated time left: 4 hours, 19 minutes, 17 seconds. Time passed: 6 hours, 45 minutes, 15 seconds
2026-02-13 22:52:43,360 - my_experiment - advP_IQL_RNN_2M - my_run - INFO - Recent Stats | t_env:    1300000 | Episode:     6500
ep_length_mean:          200.0000	episode_length_mean:     199.0000	epsilon:                   0.0500	grad_norm:                 7.4022
loss:                     13.8922	q_taken_mean:              1.9803	return_mean:             140.0011	return_std:                5.3006
target_mean:               1.9827	td_error_abs:              0.8268	test_ep_length_mean:     200.0000	test_episode_length_mean:199.0000
test_return_mean:        148.0805	test_return_std:           6.8679	
2026-02-13 22:52:46,227 - my_experiment - advP_IQL_RNN_2M - my_run - INFO - t_env: 1300200 / 2050000
2026-02-13 22:52:46,228 - my_experiment - advP_IQL_RNN_2M - my_run - INFO - Estimated time left: 4 hours, 2 minutes, 56 seconds. Time passed: 7 hours, 1 minutes, 27 seconds
2026-02-13 23:08:55,666 - my_experiment - advP_IQL_RNN_2M - my_run - INFO - Recent Stats | t_env:    1350000 | Episode:     6750
ep_length_mean:          200.0000	episode_length_mean:     199.0000	epsilon:                   0.0500	grad_norm:                 7.0829
loss:                     13.9868	q_taken_mean:              2.0038	return_mean:             141.1677	return_std:                5.3092
target_mean:               2.0057	td_error_abs:              0.7952	test_ep_length_mean:     200.0000	test_episode_length_mean:199.0000
test_return_mean:        148.5880	test_return_std:           6.8297	
2026-02-13 23:08:58,552 - my_experiment - advP_IQL_RNN_2M - my_run - INFO - t_env: 1350200 / 2050000
2026-02-13 23:08:58,552 - my_experiment - advP_IQL_RNN_2M - my_run - INFO - Estimated time left: 3 hours, 46 minutes, 48 seconds. Time passed: 7 hours, 17 minutes, 39 seconds
2026-02-13 23:25:07,300 - my_experiment - advP_IQL_RNN_2M - my_run - INFO - Recent Stats | t_env:    1400000 | Episode:     7000
ep_length_mean:          200.0000	episode_length_mean:     199.0000	epsilon:                   0.0500	grad_norm:                 6.1219
loss:                     14.1344	q_taken_mean:              2.0227	return_mean:             140.8947	return_std:                5.4939
target_mean:               2.0260	td_error_abs:              0.8037	test_ep_length_mean:     200.0000	test_episode_length_mean:199.0000
test_return_mean:        148.9648	test_return_std:           6.6968	
2026-02-13 23:25:10,165 - my_experiment - advP_IQL_RNN_2M - my_run - INFO - t_env: 1400200 / 2050000
2026-02-13 23:25:10,166 - my_experiment - advP_IQL_RNN_2M - my_run - INFO - Estimated time left: 3 hours, 30 minutes, 27 seconds. Time passed: 7 hours, 33 minutes, 51 seconds
2026-02-13 23:29:26,154 - my_experiment - advP_IQL_RNN_2M - my_run - INFO - Saving models to work_dirs/my_experiment/advP_IQL_RNN_2M/my_run/20260213_155043/models/1400200
2026-02-13 23:41:18,759 - my_experiment - advP_IQL_RNN_2M - my_run - INFO - Recent Stats | t_env:    1450000 | Episode:     7250
ep_length_mean:          200.0000	episode_length_mean:     199.0000	epsilon:                   0.0500	grad_norm:                 8.4136
loss:                     14.2631	q_taken_mean:              2.0453	return_mean:             140.8466	return_std:                5.0540
target_mean:               2.0504	td_error_abs:              0.8230	test_ep_length_mean:     200.0000	test_episode_length_mean:199.0000
test_return_mean:        149.3614	test_return_std:           6.3827	
2026-02-13 23:41:21,614 - my_experiment - advP_IQL_RNN_2M - my_run - INFO - t_env: 1450200 / 2050000
2026-02-13 23:41:21,615 - my_experiment - advP_IQL_RNN_2M - my_run - INFO - Estimated time left: 3 hours, 14 minutes, 13 seconds. Time passed: 7 hours, 50 minutes, 2 seconds
2026-02-13 23:57:29,693 - my_experiment - advP_IQL_RNN_2M - my_run - INFO - Recent Stats | t_env:    1500000 | Episode:     7500
ep_length_mean:          200.0000	episode_length_mean:     199.0000	epsilon:                   0.0500	grad_norm:                 5.4884
loss:                     14.4845	q_taken_mean:              2.0591	return_mean:             140.8765	return_std:                4.8842
target_mean:               2.0599	td_error_abs:              0.7502	test_ep_length_mean:     200.0000	test_episode_length_mean:199.0000
test_return_mean:        149.7853	test_return_std:           5.9714	
2026-02-13 23:57:32,552 - my_experiment - advP_IQL_RNN_2M - my_run - INFO - t_env: 1500200 / 2050000
2026-02-13 23:57:32,552 - my_experiment - advP_IQL_RNN_2M - my_run - INFO - Estimated time left: 2 hours, 57 minutes, 56 seconds. Time passed: 8 hours, 6 minutes, 13 seconds
2026-02-14 00:13:40,696 - my_experiment - advP_IQL_RNN_2M - my_run - INFO - Recent Stats | t_env:    1550000 | Episode:     7750
ep_length_mean:          200.0000	episode_length_mean:     199.0000	epsilon:                   0.0500	grad_norm:                 5.5104
loss:                     14.5778	q_taken_mean:              2.0730	return_mean:             141.6131	return_std:                4.7123
target_mean:               2.0745	td_error_abs:              0.7559	test_ep_length_mean:     200.0000	test_episode_length_mean:199.0000
test_return_mean:        149.7615	test_return_std:           6.1370	
2026-02-14 00:13:43,569 - my_experiment - advP_IQL_RNN_2M - my_run - INFO - t_env: 1550200 / 2050000
2026-02-14 00:13:43,570 - my_experiment - advP_IQL_RNN_2M - my_run - INFO - Estimated time left: 2 hours, 41 minutes, 46 seconds. Time passed: 8 hours, 22 minutes, 24 seconds
2026-02-14 00:29:51,686 - my_experiment - advP_IQL_RNN_2M - my_run - INFO - Recent Stats | t_env:    1600000 | Episode:     8000
ep_length_mean:          200.0000	episode_length_mean:     199.0000	epsilon:                   0.0500	grad_norm:                20.1243
loss:                     14.8071	q_taken_mean:              2.0824	return_mean:             141.8364	return_std:                4.7026
target_mean:               2.0831	td_error_abs:              0.7566	test_ep_length_mean:     200.0000	test_episode_length_mean:199.0000
test_return_mean:        149.9630	test_return_std:           6.2236	
2026-02-14 00:29:54,549 - my_experiment - advP_IQL_RNN_2M - my_run - INFO - t_env: 1600200 / 2050000
2026-02-14 00:29:54,549 - my_experiment - advP_IQL_RNN_2M - my_run - INFO - Estimated time left: 2 hours, 25 minutes, 34 seconds. Time passed: 8 hours, 38 minutes, 35 seconds
2026-02-14 00:34:10,870 - my_experiment - advP_IQL_RNN_2M - my_run - INFO - Saving models to work_dirs/my_experiment/advP_IQL_RNN_2M/my_run/20260213_155043/models/1600200
2026-02-14 00:46:03,859 - my_experiment - advP_IQL_RNN_2M - my_run - INFO - Recent Stats | t_env:    1650000 | Episode:     8250
ep_length_mean:          200.0000	episode_length_mean:     199.0000	epsilon:                   0.0500	grad_norm:                 3.8138
loss:                     14.7844	q_taken_mean:              2.0933	return_mean:             142.0804	return_std:                4.5329
target_mean:               2.0960	td_error_abs:              0.7858	test_ep_length_mean:     200.0000	test_episode_length_mean:199.0000
test_return_mean:        150.2073	test_return_std:           6.0236	
2026-02-14 00:46:06,730 - my_experiment - advP_IQL_RNN_2M - my_run - INFO - t_env: 1650200 / 2050000
2026-02-14 00:46:06,731 - my_experiment - advP_IQL_RNN_2M - my_run - INFO - Estimated time left: 2 hours, 9 minutes, 33 seconds. Time passed: 8 hours, 54 minutes, 47 seconds
2026-02-14 01:02:25,720 - my_experiment - advP_IQL_RNN_2M - my_run - INFO - Recent Stats | t_env:    1700000 | Episode:     8500
ep_length_mean:          200.0000	episode_length_mean:     199.0000	epsilon:                   0.0500	grad_norm:                 3.6816
loss:                     14.9128	q_taken_mean:              2.0997	return_mean:             141.9983	return_std:                4.5326
target_mean:               2.1007	td_error_abs:              0.7589	test_ep_length_mean:     200.0000	test_episode_length_mean:199.0000
test_return_mean:        150.6580	test_return_std:           5.9347	
2026-02-14 01:02:28,607 - my_experiment - advP_IQL_RNN_2M - my_run - INFO - t_env: 1700200 / 2050000
2026-02-14 01:02:28,607 - my_experiment - advP_IQL_RNN_2M - my_run - INFO - Estimated time left: 1 hours, 54 minutes, 29 seconds. Time passed: 9 hours, 11 minutes, 9 seconds
2026-02-14 01:18:43,595 - my_experiment - advP_IQL_RNN_2M - my_run - INFO - Recent Stats | t_env:    1750000 | Episode:     8750
ep_length_mean:          200.0000	episode_length_mean:     199.0000	epsilon:                   0.0500	grad_norm:                 4.9779
loss:                     14.9611	q_taken_mean:              2.1071	return_mean:             142.3798	return_std:                3.9189
target_mean:               2.1083	td_error_abs:              0.7441	test_ep_length_mean:     200.0000	test_episode_length_mean:199.0000
test_return_mean:        150.7604	test_return_std:           6.0763	
2026-02-14 01:18:46,499 - my_experiment - advP_IQL_RNN_2M - my_run - INFO - t_env: 1750200 / 2050000
2026-02-14 01:18:46,500 - my_experiment - advP_IQL_RNN_2M - my_run - INFO - Estimated time left: 1 hours, 37 minutes, 43 seconds. Time passed: 9 hours, 27 minutes, 27 seconds
2026-02-14 01:34:56,936 - my_experiment - advP_IQL_RNN_2M - my_run - INFO - Recent Stats | t_env:    1800000 | Episode:     9000
ep_length_mean:          200.0000	episode_length_mean:     199.0000	epsilon:                   0.0500	grad_norm:                 4.4296
loss:                     14.9859	q_taken_mean:              2.1100	return_mean:             142.3559	return_std:                3.9807
target_mean:               2.1113	td_error_abs:              0.7529	test_ep_length_mean:     200.0000	test_episode_length_mean:199.0000
test_return_mean:        151.3380	test_return_std:           5.7354	
2026-02-14 01:34:59,839 - my_experiment - advP_IQL_RNN_2M - my_run - INFO - t_env: 1800200 / 2050000
2026-02-14 01:34:59,839 - my_experiment - advP_IQL_RNN_2M - my_run - INFO - Estimated time left: 1 hours, 21 minutes, 2 seconds. Time passed: 9 hours, 43 minutes, 41 seconds
2026-02-14 01:39:15,926 - my_experiment - advP_IQL_RNN_2M - my_run - INFO - Saving models to work_dirs/my_experiment/advP_IQL_RNN_2M/my_run/20260213_155043/models/1800200
2026-02-14 01:51:10,231 - my_experiment - advP_IQL_RNN_2M - my_run - INFO - Recent Stats | t_env:    1850000 | Episode:     9250
ep_length_mean:          200.0000	episode_length_mean:     199.0000	epsilon:                   0.0500	grad_norm:                 3.5302
loss:                     15.0394	q_taken_mean:              2.1227	return_mean:             142.1488	return_std:                4.7676
target_mean:               2.1241	td_error_abs:              0.7529	test_ep_length_mean:     200.0000	test_episode_length_mean:199.0000
test_return_mean:        151.4273	test_return_std:           5.2907	
2026-02-14 01:51:13,110 - my_experiment - advP_IQL_RNN_2M - my_run - INFO - t_env: 1850200 / 2050000
2026-02-14 01:51:13,111 - my_experiment - advP_IQL_RNN_2M - my_run - INFO - Estimated time left: 1 hours, 4 minutes, 49 seconds. Time passed: 9 hours, 59 minutes, 54 seconds
2026-02-14 02:07:22,758 - my_experiment - advP_IQL_RNN_2M - my_run - INFO - Recent Stats | t_env:    1900000 | Episode:     9500
ep_length_mean:          200.0000	episode_length_mean:     199.0000	epsilon:                   0.0500	grad_norm:                 2.7947
loss:                     14.9508	q_taken_mean:              2.1208	return_mean:             142.5458	return_std:                4.1123
target_mean:               2.1212	td_error_abs:              0.7284	test_ep_length_mean:     200.0000	test_episode_length_mean:199.0000
test_return_mean:        151.5635	test_return_std:           5.4591	
2026-02-14 02:07:25,621 - my_experiment - advP_IQL_RNN_2M - my_run - INFO - t_env: 1900200 / 2050000
2026-02-14 02:07:25,622 - my_experiment - advP_IQL_RNN_2M - my_run - INFO - Estimated time left: 48 minutes, 33 seconds. Time passed: 10 hours, 16 minutes, 6 seconds
2026-02-14 02:23:34,476 - my_experiment - advP_IQL_RNN_2M - my_run - INFO - Recent Stats | t_env:    1950000 | Episode:     9750
ep_length_mean:          200.0000	episode_length_mean:     199.0000	epsilon:                   0.0500	grad_norm:                 3.2645
loss:                     15.0420	q_taken_mean:              2.1284	return_mean:             142.5312	return_std:                3.7917
target_mean:               2.1282	td_error_abs:              0.7395	test_ep_length_mean:     200.0000	test_episode_length_mean:199.0000
test_return_mean:        151.6275	test_return_std:           5.5150	
2026-02-14 02:23:37,361 - my_experiment - advP_IQL_RNN_2M - my_run - INFO - t_env: 1950200 / 2050000
2026-02-14 02:23:37,361 - my_experiment - advP_IQL_RNN_2M - my_run - INFO - Estimated time left: 32 minutes, 19 seconds. Time passed: 10 hours, 32 minutes, 18 seconds
2026-02-14 02:39:46,913 - my_experiment - advP_IQL_RNN_2M - my_run - INFO - Recent Stats | t_env:    2000000 | Episode:    10000
ep_length_mean:          200.0000	episode_length_mean:     199.0000	epsilon:                   0.0500	grad_norm:                 4.0527
loss:                     14.9609	q_taken_mean:              2.1395	return_mean:             142.4277	return_std:                4.0429
target_mean:               2.1410	td_error_abs:              0.7507	test_ep_length_mean:     200.0000	test_episode_length_mean:199.0000
test_return_mean:        151.6938	test_return_std:           5.4656	
2026-02-14 02:39:49,780 - my_experiment - advP_IQL_RNN_2M - my_run - INFO - t_env: 2000200 / 2050000
2026-02-14 02:39:49,781 - my_experiment - advP_IQL_RNN_2M - my_run - INFO - Estimated time left: 16 minutes, 8 seconds. Time passed: 10 hours, 48 minutes, 30 seconds
2026-02-14 02:44:05,881 - my_experiment - advP_IQL_RNN_2M - my_run - INFO - Saving models to work_dirs/my_experiment/advP_IQL_RNN_2M/my_run/20260213_155043/models/2000200
2026-02-14 02:55:59,486 - my_experiment - advP_IQL_RNN_2M - my_run - INFO - Recent Stats | t_env:    2050000 | Episode:    10250
ep_length_mean:          200.0000	episode_length_mean:     199.0000	epsilon:                   0.0500	grad_norm:                 3.3153
loss:                     14.8762	q_taken_mean:              2.1363	return_mean:             142.1184	return_std:                3.9172
target_mean:               2.1360	td_error_abs:              0.7231	test_ep_length_mean:     200.0000	test_episode_length_mean:199.0000
test_return_mean:        151.5400	test_return_std:           5.4641	
2026-02-14 02:56:02,352 - my_experiment - advP_IQL_RNN_2M - my_run - INFO - t_env: 2050200 / 2050000
2026-02-14 02:56:02,352 - my_experiment - advP_IQL_RNN_2M - my_run - INFO - Estimated time left: -. Time passed: 11 hours, 4 minutes, 43 seconds
2026-02-14 03:00:18,542 - my_experiment - advP_IQL_RNN_2M - my_run - INFO - Finished Training
