Gym has been unmaintained since 2022 and does not support NumPy 2.0 amongst other critical functionality.
Please upgrade to Gymnasium, the maintained drop-in replacement of Gym, or contact the authors of your software and request that they upgrade.
Users of this version of Gym should be able to simply replace 'import gym' with 'import gymnasium as gym' in the vast majority of cases.
See the migration guide at https://gymnasium.farama.org/introduction/migration_guide/ for additional information.
src/main.py:81: DeprecationWarning: Using or importing the ABCs from 'collections' instead of from 'collections.abc' is deprecated since Python 3.3, and in 3.10 it will stop working
  if isinstance(v, collections.Mapping):
wandb: [wandb.login()] Loaded credentials for https://api.wandb.ai from /home/pparsons/.netrc.
wandb: Currently logged in as: peterparsons02 (peterparsons02-eth-z-rich) to https://api.wandb.ai. Use `wandb login --relogin` to force relogin
wandb: setting up run 8h060bml
wandb: Tracking run with wandb version 0.24.1
wandb: Run data is saved locally in /usr/itetnas04/data-scratch-01/pparsons/data/MyExpoComm/wandb/run-20260212_184238-8h060bml
wandb: Run `wandb offline` to turn off syncing.
wandb: Syncing run my_run-advP_BigMap_5M-20260212_184238
wandb: ⭐️ View project at https://wandb.ai/peterparsons02-eth-z-rich/my_experiment
wandb: 🚀 View run at https://wandb.ai/peterparsons02-eth-z-rich/my_experiment/runs/8h060bml
2026-02-12 18:42:40,561 - my_experiment - advP_BigMap_5M - my_run - INFO - Current directory: /usr/itetnas04/data-scratch-01/pparsons/data/MyExpoComm.
2026-02-12 18:42:40,562 - my_experiment - advP_BigMap_5M - my_run - INFO - Experiment Parameters:
2026-02-12 18:42:40,563 - my_experiment - advP_BigMap_5M - my_run - INFO - 

{   'action_selector': 'epsilon_greedy',
    'add_value_last_step': True,
    'agent': 'rnn',
    'agent_output_type': 'q',
    'batch_size': 32,
    'batch_size_run': 1,
    'buffer_cpu_only': True,
    'buffer_size': 5000,
    'checkpoint_path': '',
    'double_q': True,
    'env': 'MAgent_AdvPursuit',
    'env_args': {   'global_reward': False,
                    'map_name': 'adversarial_pursuit_view8',
                    'map_size': 70,
                    'max_cycles': 200,
                    'minimap_mode': True,
                    'pretrained_ckpt': 'prey_params.pt',
                    'seed': 42},
    'epsilon_anneal_time': 1000000,
    'epsilon_finish': 0.05,
    'epsilon_start': 1.0,
    'evaluate': False,
    'evaluation_epsilon': 0.0,
    'exp_name': 'my_experiment',
    'gamma': 0.99,
    'global_reward': True,
    'grad_norm_clip': 10,
    'hidden_dim': 64,
    'hypergroup': None,
    'label': 'default_label',
    'learner': 'q_learner',
    'learner_log_interval': 10000,
    'load_step': 0,
    'local_results_path': 'results',
    'log_interval': 50000,
    'lr': 0.0005,
    'mac': 'basic_mac',
    'mixer': None,
    'name': 'advP_BigMap_5M',
    'obs_agent_id': True,
    'obs_individual_obs': False,
    'obs_last_action': False,
    'optim_alpha': 0.99,
    'optim_eps': 1e-05,
    'render': False,
    'repeat_id': 1,
    'run_name': 'my_run',
    'runner': 'episode',
    'runner_log_interval': 10000,
    'save_model': True,
    'save_model_interval': 500000,
    'save_replay': False,
    'seed': 42,
    'standardise_returns': False,
    'standardise_rewards': True,
    't_max': 5050000,
    'target_update_interval_or_tau': 200,
    'test_greedy': True,
    'test_interval': 50000,
    'test_nepisode': 16,
    'use_cuda': True,
    'use_rnn': False,
    'use_tensorboard': True,
    'work_dir': 'work_dirs/my_experiment/advP_BigMap_5M/my_run/20260212_184238'}

/usr/itetnas04/data-scratch-01/pparsons/data/conda_envs/ExpoComm/lib/python3.8/site-packages/pettingzoo/utils/conversions.py:41: UserWarning: The `from_parallel` function is deprecated. Use the `parallel_to_aec` function instead.
  warnings.warn("The `from_parallel` function is deprecated. Use the `parallel_to_aec` function instead.")
/usr/itetnas04/data-scratch-01/pparsons/data/conda_envs/ExpoComm/lib/python3.8/site-packages/pettingzoo/utils/wrappers/base.py:44: UserWarning: The `observation_spaces` dictionary is deprecated. Use the `observation_space` function instead.
  warnings.warn("The `observation_spaces` dictionary is deprecated. Use the `observation_space` function instead.")
/usr/itetnas04/data-scratch-01/pparsons/data/conda_envs/ExpoComm/lib/python3.8/site-packages/pettingzoo/utils/conversions.py:36: UserWarning: The `to_parallel` function is deprecated. Use the `aec_to_parallel` function instead.
  warnings.warn("The `to_parallel` function is deprecated. Use the `aec_to_parallel` function instead.")
/usr/itetnas04/data-scratch-01/pparsons/data/conda_envs/ExpoComm/lib/python3.8/site-packages/pettingzoo/utils/conversions.py:80: UserWarning: The `action_spaces` dictionary is deprecated. Use the `action_space` function instead.
  warnings.warn("The `action_spaces` dictionary is deprecated. Use the `action_space` function instead.")
/usr/itetnas04/data-scratch-01/pparsons/data/conda_envs/ExpoComm/lib/python3.8/site-packages/pettingzoo/utils/wrappers/base.py:52: UserWarning: The `action_spaces` dictionary is deprecated. Use the `action_space` function instead.
  warnings.warn("The `action_spaces` dictionary is deprecated. Use the `action_space` function instead.")
/usr/itetnas04/data-scratch-01/pparsons/data/conda_envs/ExpoComm/lib/python3.8/site-packages/pettingzoo/utils/conversions.py:72: UserWarning: The `observation_spaces` dictionary is deprecated. Use the `observation_space` function instead.
  warnings.warn("The `observation_spaces` dictionary is deprecated. Use the `observation_space` function instead.")
2026-02-12 18:42:57,339 - my_experiment - advP_BigMap_5M - my_run - INFO - Beginning training for 5050000 timesteps
/usr/itetnas04/data-scratch-01/pparsons/data/MyExpoComm/src/envs/adv_pursuit_wrappers.py:240: UserWarning: To copy construct from a tensor, it is recommended to use sourceTensor.clone().detach() or sourceTensor.clone().detach().requires_grad_(True), rather than torch.tensor(sourceTensor).
  actions = th.tensor(actions, dtype=th.long)
2026-02-12 18:43:03,024 - my_experiment - advP_BigMap_5M - my_run - INFO - t_env: 200 / 5050000
2026-02-12 18:43:03,024 - my_experiment - advP_BigMap_5M - my_run - INFO - Estimated time left: 9 minutes, 31 seconds. Time passed: 5 seconds
2026-02-12 18:44:12,412 - my_experiment - advP_BigMap_5M - my_run - INFO - Saving models to work_dirs/my_experiment/advP_BigMap_5M/my_run/20260212_184238/models/200
2026-02-12 19:03:26,591 - my_experiment - advP_BigMap_5M - my_run - INFO - Recent Stats | t_env:      50000 | Episode:      250
ep_length_mean:          200.0000	episode_length_mean:     199.0000	epsilon:                   0.9620	grad_norm:                 0.6523
loss:                      0.8754	q_taken_mean:             -0.0001	return_mean:             -20.4445	return_std:                0.4760
target_mean:               0.0037	td_error_abs:              0.4697	test_ep_length_mean:     200.0000	test_episode_length_mean:199.0000
test_return_mean:        -24.7982	test_return_std:           6.4642	
2026-02-12 19:03:31,274 - my_experiment - advP_BigMap_5M - my_run - INFO - t_env: 50200 / 5050000
2026-02-12 19:03:31,274 - my_experiment - advP_BigMap_5M - my_run - INFO - Estimated time left: 1 days, 10 hours, 7 minutes, 0 seconds. Time passed: 20 minutes, 33 seconds
2026-02-12 19:23:59,744 - my_experiment - advP_BigMap_5M - my_run - INFO - Recent Stats | t_env:     100000 | Episode:      500
ep_length_mean:          200.0000	episode_length_mean:     199.0000	epsilon:                   0.9145	grad_norm:                 1.8096
loss:                      1.2472	q_taken_mean:              0.0175	return_mean:             -17.0886	return_std:                0.9829
target_mean:               0.0216	td_error_abs:              0.6085	test_ep_length_mean:     200.0000	test_episode_length_mean:199.0000
test_return_mean:         19.1743	test_return_std:           6.6322	
2026-02-12 19:24:04,430 - my_experiment - advP_BigMap_5M - my_run - INFO - t_env: 100200 / 5050000
2026-02-12 19:24:04,430 - my_experiment - advP_BigMap_5M - my_run - INFO - Estimated time left: 1 days, 9 hours, 54 minutes, 37 seconds. Time passed: 41 minutes, 7 seconds
2026-02-12 19:44:35,533 - my_experiment - advP_BigMap_5M - my_run - INFO - Recent Stats | t_env:     150000 | Episode:      750
ep_length_mean:          200.0000	episode_length_mean:     199.0000	epsilon:                   0.8670	grad_norm:                 4.0658
loss:                      2.3370	q_taken_mean:              0.0489	return_mean:             -11.8337	return_std:                1.1427
target_mean:               0.0550	td_error_abs:              0.9206	test_ep_length_mean:     200.0000	test_episode_length_mean:199.0000
test_return_mean:         50.9032	test_return_std:           7.6349	
2026-02-12 19:44:40,199 - my_experiment - advP_BigMap_5M - my_run - INFO - t_env: 150200 / 5050000
2026-02-12 19:44:40,199 - my_experiment - advP_BigMap_5M - my_run - INFO - Estimated time left: 1 days, 9 hours, 38 minutes, 20 seconds. Time passed: 1 hours, 1 minutes, 42 seconds
2026-02-12 20:05:08,806 - my_experiment - advP_BigMap_5M - my_run - INFO - Recent Stats | t_env:     200000 | Episode:     1000
ep_length_mean:          200.0000	episode_length_mean:     199.0000	epsilon:                   0.8195	grad_norm:                 7.2788
loss:                      3.5550	q_taken_mean:              0.0929	return_mean:              -6.1583	return_std:                1.5944
target_mean:               0.1006	td_error_abs:              1.1730	test_ep_length_mean:     200.0000	test_episode_length_mean:199.0000
test_return_mean:         67.3156	test_return_std:           7.6717	
2026-02-12 20:05:13,469 - my_experiment - advP_BigMap_5M - my_run - INFO - t_env: 200200 / 5050000
2026-02-12 20:05:13,469 - my_experiment - advP_BigMap_5M - my_run - INFO - Estimated time left: 1 days, 9 hours, 13 minutes, 42 seconds. Time passed: 1 hours, 22 minutes, 16 seconds
2026-02-12 20:25:39,280 - my_experiment - advP_BigMap_5M - my_run - INFO - Recent Stats | t_env:     250000 | Episode:     1250
ep_length_mean:          200.0000	episode_length_mean:     199.0000	epsilon:                   0.7720	grad_norm:                23.1383
loss:                      7.0171	q_taken_mean:              0.1495	return_mean:               1.0916	return_std:                1.8171
target_mean:               0.1672	td_error_abs:              1.7598	test_ep_length_mean:     200.0000	test_episode_length_mean:199.0000
test_return_mean:         77.3311	test_return_std:           7.6747	
2026-02-12 20:25:43,941 - my_experiment - advP_BigMap_5M - my_run - INFO - t_env: 250200 / 5050000
2026-02-12 20:25:43,942 - my_experiment - advP_BigMap_5M - my_run - INFO - Estimated time left: 1 days, 8 hours, 48 minutes, 40 seconds. Time passed: 1 hours, 42 minutes, 46 seconds
2026-02-12 20:46:21,471 - my_experiment - advP_BigMap_5M - my_run - INFO - Recent Stats | t_env:     300000 | Episode:     1500
ep_length_mean:          200.0000	episode_length_mean:     199.0000	epsilon:                   0.7245	grad_norm:                16.1662
loss:                      6.2851	q_taken_mean:              0.2182	return_mean:               8.8848	return_std:                2.0960
target_mean:               0.2272	td_error_abs:              1.5693	test_ep_length_mean:     200.0000	test_episode_length_mean:199.0000
test_return_mean:        107.7539	test_return_std:           7.8405	
2026-02-12 20:46:26,277 - my_experiment - advP_BigMap_5M - my_run - INFO - t_env: 300200 / 5050000
2026-02-12 20:46:26,278 - my_experiment - advP_BigMap_5M - my_run - INFO - Estimated time left: 1 days, 8 hours, 46 minutes, 56 seconds. Time passed: 2 hours, 3 minutes, 28 seconds
2026-02-12 21:07:24,999 - my_experiment - advP_BigMap_5M - my_run - INFO - Recent Stats | t_env:     350000 | Episode:     1750
ep_length_mean:          200.0000	episode_length_mean:     199.0000	epsilon:                   0.6770	grad_norm:                17.7980
loss:                      7.3377	q_taken_mean:              0.2815	return_mean:              17.2847	return_std:                2.1246
target_mean:               0.2905	td_error_abs:              1.6509	test_ep_length_mean:     200.0000	test_episode_length_mean:199.0000
test_return_mean:        119.1170	test_return_std:           8.2598	
2026-02-12 21:07:29,650 - my_experiment - advP_BigMap_5M - my_run - INFO - t_env: 350200 / 5050000
2026-02-12 21:07:29,650 - my_experiment - advP_BigMap_5M - my_run - INFO - Estimated time left: 1 days, 8 hours, 59 minutes, 11 seconds. Time passed: 2 hours, 24 minutes, 32 seconds
2026-02-12 21:27:56,261 - my_experiment - advP_BigMap_5M - my_run - INFO - Recent Stats | t_env:     400000 | Episode:     2000
ep_length_mean:          200.0000	episode_length_mean:     199.0000	epsilon:                   0.6295	grad_norm:                20.5477
loss:                      8.4884	q_taken_mean:              0.3520	return_mean:              25.7025	return_std:                2.4073
target_mean:               0.3606	td_error_abs:              1.7209	test_ep_length_mean:     200.0000	test_episode_length_mean:199.0000
test_return_mean:        121.9244	test_return_std:           7.6582	
2026-02-12 21:28:00,915 - my_experiment - advP_BigMap_5M - my_run - INFO - t_env: 400200 / 5050000
2026-02-12 21:28:00,916 - my_experiment - advP_BigMap_5M - my_run - INFO - Estimated time left: 1 days, 7 hours, 48 minutes, 22 seconds. Time passed: 2 hours, 45 minutes, 3 seconds
2026-02-12 21:48:27,524 - my_experiment - advP_BigMap_5M - my_run - INFO - Recent Stats | t_env:     450000 | Episode:     2250
ep_length_mean:          200.0000	episode_length_mean:     199.0000	epsilon:                   0.5820	grad_norm:                40.4838
loss:                     10.9984	q_taken_mean:              0.4150	return_mean:              33.8999	return_std:                2.6875
target_mean:               0.4321	td_error_abs:              2.0430	test_ep_length_mean:     200.0000	test_episode_length_mean:199.0000
test_return_mean:        123.4954	test_return_std:           7.5239	
2026-02-12 21:48:32,170 - my_experiment - advP_BigMap_5M - my_run - INFO - t_env: 450200 / 5050000
2026-02-12 21:48:32,170 - my_experiment - advP_BigMap_5M - my_run - INFO - Estimated time left: 1 days, 7 hours, 27 minutes, 50 seconds. Time passed: 3 hours, 5 minutes, 34 seconds
2026-02-12 22:08:58,140 - my_experiment - advP_BigMap_5M - my_run - INFO - Recent Stats | t_env:     500000 | Episode:     2500
ep_length_mean:          200.0000	episode_length_mean:     199.0000	epsilon:                   0.5345	grad_norm:                22.0497
loss:                     10.4369	q_taken_mean:              0.4853	return_mean:              42.2216	return_std:                2.8786
target_mean:               0.4936	td_error_abs:              1.7364	test_ep_length_mean:     200.0000	test_episode_length_mean:199.0000
test_return_mean:        125.7467	test_return_std:           7.3948	
2026-02-12 22:09:02,794 - my_experiment - advP_BigMap_5M - my_run - INFO - t_env: 500200 / 5050000
2026-02-12 22:09:02,794 - my_experiment - advP_BigMap_5M - my_run - INFO - Estimated time left: 1 days, 7 hours, 6 minutes, 21 seconds. Time passed: 3 hours, 26 minutes, 5 seconds
2026-02-12 22:10:12,147 - my_experiment - advP_BigMap_5M - my_run - INFO - Saving models to work_dirs/my_experiment/advP_BigMap_5M/my_run/20260212_184238/models/500200
2026-02-12 22:29:30,435 - my_experiment - advP_BigMap_5M - my_run - INFO - Recent Stats | t_env:     550000 | Episode:     2750
ep_length_mean:          200.0000	episode_length_mean:     199.0000	epsilon:                   0.4870	grad_norm:                22.1431
loss:                     11.2840	q_taken_mean:              0.5352	return_mean:              51.1450	return_std:                2.9379
target_mean:               0.5426	td_error_abs:              1.7139	test_ep_length_mean:     200.0000	test_episode_length_mean:199.0000
test_return_mean:        125.8633	test_return_std:           7.9237	
2026-02-12 22:29:35,095 - my_experiment - advP_BigMap_5M - my_run - INFO - t_env: 550200 / 5050000
2026-02-12 22:29:35,096 - my_experiment - advP_BigMap_5M - my_run - INFO - Estimated time left: 1 days, 6 hours, 48 minutes, 22 seconds. Time passed: 3 hours, 46 minutes, 37 seconds
2026-02-12 22:50:02,563 - my_experiment - advP_BigMap_5M - my_run - INFO - Recent Stats | t_env:     600000 | Episode:     3000
ep_length_mean:          200.0000	episode_length_mean:     199.0000	epsilon:                   0.4395	grad_norm:                20.8892
loss:                     12.3502	q_taken_mean:              0.5970	return_mean:              60.0921	return_std:                2.8502
target_mean:               0.6039	td_error_abs:              1.6825	test_ep_length_mean:     200.0000	test_episode_length_mean:199.0000
test_return_mean:        128.1455	test_return_std:           7.2032	
2026-02-12 22:50:07,260 - my_experiment - advP_BigMap_5M - my_run - INFO - t_env: 600200 / 5050000
2026-02-12 22:50:07,260 - my_experiment - advP_BigMap_5M - my_run - INFO - Estimated time left: 1 days, 6 hours, 27 minutes, 37 seconds. Time passed: 4 hours, 7 minutes, 9 seconds
2026-02-12 23:10:34,421 - my_experiment - advP_BigMap_5M - my_run - INFO - Recent Stats | t_env:     650000 | Episode:     3250
ep_length_mean:          200.0000	episode_length_mean:     199.0000	epsilon:                   0.3920	grad_norm:                39.2808
loss:                     14.3229	q_taken_mean:              0.6395	return_mean:              68.1878	return_std:                3.3507
target_mean:               0.6526	td_error_abs:              1.9196	test_ep_length_mean:     200.0000	test_episode_length_mean:199.0000
test_return_mean:        128.7672	test_return_std:           7.3726	
2026-02-12 23:10:39,078 - my_experiment - advP_BigMap_5M - my_run - INFO - t_env: 650200 / 5050000
2026-02-12 23:10:39,079 - my_experiment - advP_BigMap_5M - my_run - INFO - Estimated time left: 1 days, 6 hours, 6 minutes, 35 seconds. Time passed: 4 hours, 27 minutes, 41 seconds
2026-02-12 23:31:05,852 - my_experiment - advP_BigMap_5M - my_run - INFO - Recent Stats | t_env:     700000 | Episode:     3500
ep_length_mean:          200.0000	episode_length_mean:     199.0000	epsilon:                   0.3445	grad_norm:                20.4950
loss:                     14.3089	q_taken_mean:              0.6835	return_mean:              77.3927	return_std:                3.3109
target_mean:               0.6899	td_error_abs:              1.6529	test_ep_length_mean:     200.0000	test_episode_length_mean:199.0000
test_return_mean:        130.8763	test_return_std:           7.6342	
2026-02-12 23:31:10,507 - my_experiment - advP_BigMap_5M - my_run - INFO - t_env: 700200 / 5050000
2026-02-12 23:31:10,508 - my_experiment - advP_BigMap_5M - my_run - INFO - Estimated time left: 1 days, 5 hours, 45 minutes, 29 seconds. Time passed: 4 hours, 48 minutes, 13 seconds
2026-02-12 23:51:36,762 - my_experiment - advP_BigMap_5M - my_run - INFO - Recent Stats | t_env:     750000 | Episode:     3750
ep_length_mean:          200.0000	episode_length_mean:     199.0000	epsilon:                   0.2970	grad_norm:                19.4004
loss:                     15.3107	q_taken_mean:              0.7200	return_mean:              86.1003	return_std:                3.3851
target_mean:               0.7260	td_error_abs:              1.6434	test_ep_length_mean:     200.0000	test_episode_length_mean:199.0000
test_return_mean:        132.2027	test_return_std:           7.5614	
2026-02-12 23:51:41,404 - my_experiment - advP_BigMap_5M - my_run - INFO - t_env: 750200 / 5050000
2026-02-12 23:51:41,404 - my_experiment - advP_BigMap_5M - my_run - INFO - Estimated time left: 1 days, 5 hours, 24 minutes, 12 seconds. Time passed: 5 hours, 8 minutes, 44 seconds
2026-02-13 00:12:07,913 - my_experiment - advP_BigMap_5M - my_run - INFO - Recent Stats | t_env:     800000 | Episode:     4000
ep_length_mean:          200.0000	episode_length_mean:     199.0000	epsilon:                   0.2495	grad_norm:                19.5263
loss:                     16.3141	q_taken_mean:              0.7667	return_mean:              94.6942	return_std:                3.5061
target_mean:               0.7724	td_error_abs:              1.6069	test_ep_length_mean:     200.0000	test_episode_length_mean:199.0000
test_return_mean:        133.1300	test_return_std:           6.7608	
2026-02-13 00:12:12,571 - my_experiment - advP_BigMap_5M - my_run - INFO - t_env: 800200 / 5050000
2026-02-13 00:12:12,571 - my_experiment - advP_BigMap_5M - my_run - INFO - Estimated time left: 1 days, 5 hours, 4 minutes, 4 seconds. Time passed: 5 hours, 29 minutes, 15 seconds
2026-02-13 00:32:38,755 - my_experiment - advP_BigMap_5M - my_run - INFO - Recent Stats | t_env:     850000 | Episode:     4250
ep_length_mean:          200.0000	episode_length_mean:     199.0000	epsilon:                   0.2020	grad_norm:                34.3186
loss:                     17.9229	q_taken_mean:              0.8026	return_mean:             103.9619	return_std:                3.5424
target_mean:               0.8127	td_error_abs:              1.7630	test_ep_length_mean:     200.0000	test_episode_length_mean:199.0000
test_return_mean:        134.1266	test_return_std:           6.7670	
2026-02-13 00:32:43,441 - my_experiment - advP_BigMap_5M - my_run - INFO - t_env: 850200 / 5050000
2026-02-13 00:32:43,441 - my_experiment - advP_BigMap_5M - my_run - INFO - Estimated time left: 1 days, 4 hours, 43 minutes, 8 seconds. Time passed: 5 hours, 49 minutes, 46 seconds
2026-02-13 00:53:11,147 - my_experiment - advP_BigMap_5M - my_run - INFO - Recent Stats | t_env:     900000 | Episode:     4500
ep_length_mean:          200.0000	episode_length_mean:     199.0000	epsilon:                   0.1545	grad_norm:                17.0754
loss:                     18.1177	q_taken_mean:              0.8373	return_mean:             112.2896	return_std:                3.6221
target_mean:               0.8420	td_error_abs:              1.5607	test_ep_length_mean:     200.0000	test_episode_length_mean:199.0000
test_return_mean:        134.9544	test_return_std:           6.8925	
2026-02-13 00:53:15,806 - my_experiment - advP_BigMap_5M - my_run - INFO - t_env: 900200 / 5050000
2026-02-13 00:53:15,806 - my_experiment - advP_BigMap_5M - my_run - INFO - Estimated time left: 1 days, 4 hours, 24 minutes, 41 seconds. Time passed: 6 hours, 10 minutes, 18 seconds
2026-02-13 01:13:41,793 - my_experiment - advP_BigMap_5M - my_run - INFO - Recent Stats | t_env:     950000 | Episode:     4750
ep_length_mean:          200.0000	episode_length_mean:     199.0000	epsilon:                   0.1070	grad_norm:                16.3579
loss:                     19.0320	q_taken_mean:              0.8784	return_mean:             120.4392	return_std:                4.1190
target_mean:               0.8826	td_error_abs:              1.4906	test_ep_length_mean:     200.0000	test_episode_length_mean:199.0000
test_return_mean:        135.7946	test_return_std:           6.4513	
2026-02-13 01:13:46,436 - my_experiment - advP_BigMap_5M - my_run - INFO - t_env: 950200 / 5050000
2026-02-13 01:13:46,437 - my_experiment - advP_BigMap_5M - my_run - INFO - Estimated time left: 1 days, 4 hours, 1 minutes, 46 seconds. Time passed: 6 hours, 30 minutes, 49 seconds
2026-02-13 01:34:12,780 - my_experiment - advP_BigMap_5M - my_run - INFO - Recent Stats | t_env:    1000000 | Episode:     5000
ep_length_mean:          200.0000	episode_length_mean:     199.0000	epsilon:                   0.0595	grad_norm:                14.9624
loss:                     19.6556	q_taken_mean:              0.8997	return_mean:             128.2918	return_std:                4.6779
target_mean:               0.9037	td_error_abs:              1.4851	test_ep_length_mean:     200.0000	test_episode_length_mean:199.0000
test_return_mean:        136.5515	test_return_std:           6.2244	
2026-02-13 01:34:17,432 - my_experiment - advP_BigMap_5M - my_run - INFO - t_env: 1000200 / 5050000
2026-02-13 01:34:17,433 - my_experiment - advP_BigMap_5M - my_run - INFO - Estimated time left: 1 days, 3 hours, 41 minutes, 45 seconds. Time passed: 6 hours, 51 minutes, 20 seconds
2026-02-13 01:35:26,580 - my_experiment - advP_BigMap_5M - my_run - INFO - Saving models to work_dirs/my_experiment/advP_BigMap_5M/my_run/20260212_184238/models/1000200
2026-02-13 01:54:44,475 - my_experiment - advP_BigMap_5M - my_run - INFO - Recent Stats | t_env:    1050000 | Episode:     5250
ep_length_mean:          200.0000	episode_length_mean:     199.0000	epsilon:                   0.0500	grad_norm:                27.4560
loss:                     20.7001	q_taken_mean:              0.9248	return_mean:             133.6945	return_std:                5.4394
target_mean:               0.9324	td_error_abs:              1.5876	test_ep_length_mean:     200.0000	test_episode_length_mean:199.0000
test_return_mean:        137.1670	test_return_std:           6.4601	
2026-02-13 01:54:49,120 - my_experiment - advP_BigMap_5M - my_run - INFO - t_env: 1050200 / 5050000
2026-02-13 01:54:49,121 - my_experiment - advP_BigMap_5M - my_run - INFO - Estimated time left: 1 days, 3 hours, 22 minutes, 10 seconds. Time passed: 7 hours, 11 minutes, 51 seconds
2026-02-13 02:15:16,894 - my_experiment - advP_BigMap_5M - my_run - INFO - Recent Stats | t_env:    1100000 | Episode:     5500
ep_length_mean:          200.0000	episode_length_mean:     199.0000	epsilon:                   0.0500	grad_norm:                14.4377
loss:                     21.1003	q_taken_mean:              0.9496	return_mean:             134.3212	return_std:                4.7780
target_mean:               0.9525	td_error_abs:              1.4067	test_ep_length_mean:     200.0000	test_episode_length_mean:199.0000
test_return_mean:        137.6921	test_return_std:           6.2992	
2026-02-13 02:15:21,568 - my_experiment - advP_BigMap_5M - my_run - INFO - t_env: 1100200 / 5050000
2026-02-13 02:15:21,569 - my_experiment - advP_BigMap_5M - my_run - INFO - Estimated time left: 1 days, 3 hours, 2 minutes, 38 seconds. Time passed: 7 hours, 32 minutes, 24 seconds
2026-02-13 02:35:48,610 - my_experiment - advP_BigMap_5M - my_run - INFO - Recent Stats | t_env:    1150000 | Episode:     5750
ep_length_mean:          200.0000	episode_length_mean:     199.0000	epsilon:                   0.0500	grad_norm:                13.7725
loss:                     21.8800	q_taken_mean:              0.9885	return_mean:             135.3741	return_std:                4.5797
target_mean:               0.9911	td_error_abs:              1.3357	test_ep_length_mean:     200.0000	test_episode_length_mean:199.0000
test_return_mean:        138.3744	test_return_std:           5.7972	
2026-02-13 02:35:53,286 - my_experiment - advP_BigMap_5M - my_run - INFO - t_env: 1150200 / 5050000
2026-02-13 02:35:53,287 - my_experiment - advP_BigMap_5M - my_run - INFO - Estimated time left: 1 days, 2 hours, 41 minutes, 9 seconds. Time passed: 7 hours, 52 minutes, 55 seconds
2026-02-13 02:56:20,991 - my_experiment - advP_BigMap_5M - my_run - INFO - Recent Stats | t_env:    1200000 | Episode:     6000
ep_length_mean:          200.0000	episode_length_mean:     199.0000	epsilon:                   0.0500	grad_norm:                11.9242
loss:                     22.4091	q_taken_mean:              1.0154	return_mean:             135.5573	return_std:                4.6150
target_mean:               1.0180	td_error_abs:              1.3013	test_ep_length_mean:     200.0000	test_episode_length_mean:199.0000
test_return_mean:        138.7077	test_return_std:           5.6069	
2026-02-13 02:56:25,674 - my_experiment - advP_BigMap_5M - my_run - INFO - t_env: 1200200 / 5050000
2026-02-13 02:56:25,675 - my_experiment - advP_BigMap_5M - my_run - INFO - Estimated time left: 1 days, 2 hours, 21 minutes, 28 seconds. Time passed: 8 hours, 13 minutes, 28 seconds
2026-02-13 03:16:52,858 - my_experiment - advP_BigMap_5M - my_run - INFO - Recent Stats | t_env:    1250000 | Episode:     6250
ep_length_mean:          200.0000	episode_length_mean:     199.0000	epsilon:                   0.0500	grad_norm:                19.9185
loss:                     23.0640	q_taken_mean:              1.0336	return_mean:             135.8506	return_std:                4.8728
target_mean:               1.0384	td_error_abs:              1.3644	test_ep_length_mean:     200.0000	test_episode_length_mean:199.0000
test_return_mean:        139.1425	test_return_std:           5.9420	
2026-02-13 03:16:57,507 - my_experiment - advP_BigMap_5M - my_run - INFO - t_env: 1250200 / 5050000
2026-02-13 03:16:57,507 - my_experiment - advP_BigMap_5M - my_run - INFO - Estimated time left: 1 days, 2 hours, 14 seconds. Time passed: 8 hours, 34 minutes, 0 seconds
2026-02-13 03:37:24,206 - my_experiment - advP_BigMap_5M - my_run - INFO - Recent Stats | t_env:    1300000 | Episode:     6500
ep_length_mean:          200.0000	episode_length_mean:     199.0000	epsilon:                   0.0500	grad_norm:                11.0110
loss:                     23.5345	q_taken_mean:              1.0628	return_mean:             135.4381	return_std:                4.9254
target_mean:               1.0647	td_error_abs:              1.1995	test_ep_length_mean:     200.0000	test_episode_length_mean:199.0000
test_return_mean:        140.2965	test_return_std:           5.5405	
2026-02-13 03:37:28,847 - my_experiment - advP_BigMap_5M - my_run - INFO - t_env: 1300200 / 5050000
2026-02-13 03:37:28,847 - my_experiment - advP_BigMap_5M - my_run - INFO - Estimated time left: 1 days, 1 hours, 39 minutes, 5 seconds. Time passed: 8 hours, 54 minutes, 31 seconds
2026-02-13 03:57:55,929 - my_experiment - advP_BigMap_5M - my_run - INFO - Recent Stats | t_env:    1350000 | Episode:     6750
ep_length_mean:          200.0000	episode_length_mean:     199.0000	epsilon:                   0.0500	grad_norm:                 8.7926
loss:                     24.0324	q_taken_mean:              1.0779	return_mean:             136.3347	return_std:                5.0167
target_mean:               1.0797	td_error_abs:              1.1748	test_ep_length_mean:     200.0000	test_episode_length_mean:199.0000
test_return_mean:        141.0468	test_return_std:           6.1149	
2026-02-13 03:58:00,641 - my_experiment - advP_BigMap_5M - my_run - INFO - t_env: 1350200 / 5050000
2026-02-13 03:58:00,641 - my_experiment - advP_BigMap_5M - my_run - INFO - Estimated time left: 1 days, 1 hours, 19 minutes, 7 seconds. Time passed: 9 hours, 15 minutes, 3 seconds
2026-02-13 04:18:25,981 - my_experiment - advP_BigMap_5M - my_run - INFO - Recent Stats | t_env:    1400000 | Episode:     7000
ep_length_mean:          200.0000	episode_length_mean:     199.0000	epsilon:                   0.0500	grad_norm:                 9.3595
loss:                     24.4561	q_taken_mean:              1.0926	return_mean:             136.5356	return_std:                4.5727
target_mean:               1.0939	td_error_abs:              1.1295	test_ep_length_mean:     200.0000	test_episode_length_mean:199.0000
test_return_mean:        141.5342	test_return_std:           5.9008	
2026-02-13 04:18:30,628 - my_experiment - advP_BigMap_5M - my_run - INFO - t_env: 1400200 / 5050000
2026-02-13 04:18:30,628 - my_experiment - advP_BigMap_5M - my_run - INFO - Estimated time left: 1 days, 56 minutes, 24 seconds. Time passed: 9 hours, 35 minutes, 33 seconds
2026-02-13 04:38:58,210 - my_experiment - advP_BigMap_5M - my_run - INFO - Recent Stats | t_env:    1450000 | Episode:     7250
ep_length_mean:          200.0000	episode_length_mean:     199.0000	epsilon:                   0.0500	grad_norm:                13.4515
loss:                     24.9606	q_taken_mean:              1.1040	return_mean:             136.6102	return_std:                4.6957
target_mean:               1.1069	td_error_abs:              1.1966	test_ep_length_mean:     200.0000	test_episode_length_mean:199.0000
test_return_mean:        141.8991	test_return_std:           5.7158	
2026-02-13 04:39:02,892 - my_experiment - advP_BigMap_5M - my_run - INFO - t_env: 1450200 / 5050000
2026-02-13 04:39:02,892 - my_experiment - advP_BigMap_5M - my_run - INFO - Estimated time left: 1 days, 38 minutes, 38 seconds. Time passed: 9 hours, 56 minutes, 5 seconds
2026-02-13 04:59:27,457 - my_experiment - advP_BigMap_5M - my_run - INFO - Recent Stats | t_env:    1500000 | Episode:     7500
ep_length_mean:          200.0000	episode_length_mean:     199.0000	epsilon:                   0.0500	grad_norm:                 7.2963
loss:                     25.1664	q_taken_mean:              1.1165	return_mean:             136.2997	return_std:                4.9575
target_mean:               1.1174	td_error_abs:              1.0886	test_ep_length_mean:     200.0000	test_episode_length_mean:199.0000
test_return_mean:        142.5647	test_return_std:           5.2206	
2026-02-13 04:59:32,090 - my_experiment - advP_BigMap_5M - my_run - INFO - t_env: 1500200 / 5050000
2026-02-13 04:59:32,091 - my_experiment - advP_BigMap_5M - my_run - INFO - Estimated time left: 1 days, 14 minutes, 28 seconds. Time passed: 10 hours, 16 minutes, 34 seconds
2026-02-13 05:00:41,087 - my_experiment - advP_BigMap_5M - my_run - INFO - Saving models to work_dirs/my_experiment/advP_BigMap_5M/my_run/20260212_184238/models/1500200
2026-02-13 05:19:54,792 - my_experiment - advP_BigMap_5M - my_run - INFO - Recent Stats | t_env:    1550000 | Episode:     7750
ep_length_mean:          200.0000	episode_length_mean:     199.0000	epsilon:                   0.0500	grad_norm:                 6.3653
loss:                     25.5977	q_taken_mean:              1.1291	return_mean:             137.6496	return_std:                4.5646
target_mean:               1.1302	td_error_abs:              1.0782	test_ep_length_mean:     200.0000	test_episode_length_mean:199.0000
test_return_mean:        142.7894	test_return_std:           5.4541	
2026-02-13 05:19:59,420 - my_experiment - advP_BigMap_5M - my_run - INFO - t_env: 1550200 / 5050000
2026-02-13 05:19:59,421 - my_experiment - advP_BigMap_5M - my_run - INFO - Estimated time left: 23 hours, 51 minutes, 48 seconds. Time passed: 10 hours, 37 minutes, 2 seconds
2026-02-13 05:40:23,123 - my_experiment - advP_BigMap_5M - my_run - INFO - Recent Stats | t_env:    1600000 | Episode:     8000
ep_length_mean:          200.0000	episode_length_mean:     199.0000	epsilon:                   0.0500	grad_norm:                 6.1211
loss:                     25.8011	q_taken_mean:              1.1364	return_mean:             137.4961	return_std:                4.4856
target_mean:               1.1375	td_error_abs:              1.0623	test_ep_length_mean:     200.0000	test_episode_length_mean:199.0000
test_return_mean:        143.2411	test_return_std:           5.2434	
2026-02-13 05:40:27,751 - my_experiment - advP_BigMap_5M - my_run - INFO - t_env: 1600200 / 5050000
2026-02-13 05:40:27,751 - my_experiment - advP_BigMap_5M - my_run - INFO - Estimated time left: 23 hours, 32 minutes, 29 seconds. Time passed: 10 hours, 57 minutes, 30 seconds
2026-02-13 06:00:52,476 - my_experiment - advP_BigMap_5M - my_run - INFO - Recent Stats | t_env:    1650000 | Episode:     8250
ep_length_mean:          200.0000	episode_length_mean:     199.0000	epsilon:                   0.0500	grad_norm:                 8.0575
loss:                     26.0157	q_taken_mean:              1.1411	return_mean:             137.2534	return_std:                4.5780
target_mean:               1.1426	td_error_abs:              1.0805	test_ep_length_mean:     200.0000	test_episode_length_mean:199.0000
test_return_mean:        144.1446	test_return_std:           5.4692	
2026-02-13 06:00:57,130 - my_experiment - advP_BigMap_5M - my_run - INFO - t_env: 1650200 / 5050000
2026-02-13 06:00:57,131 - my_experiment - advP_BigMap_5M - my_run - INFO - Estimated time left: 23 hours, 13 minutes, 12 seconds. Time passed: 11 hours, 17 minutes, 59 seconds
2026-02-13 06:21:22,408 - my_experiment - advP_BigMap_5M - my_run - INFO - Recent Stats | t_env:    1700000 | Episode:     8500
ep_length_mean:          200.0000	episode_length_mean:     199.0000	epsilon:                   0.0500	grad_norm:                 4.4600
loss:                     26.1882	q_taken_mean:              1.1456	return_mean:             137.5974	return_std:                4.8079
target_mean:               1.1461	td_error_abs:              1.0306	test_ep_length_mean:     200.0000	test_episode_length_mean:199.0000
test_return_mean:        144.4306	test_return_std:           5.6761	
2026-02-13 06:21:27,054 - my_experiment - advP_BigMap_5M - my_run - INFO - t_env: 1700200 / 5050000
2026-02-13 06:21:27,055 - my_experiment - advP_BigMap_5M - my_run - INFO - Estimated time left: 22 hours, 53 minutes, 20 seconds. Time passed: 11 hours, 38 minutes, 29 seconds
2026-02-13 06:41:51,676 - my_experiment - advP_BigMap_5M - my_run - INFO - Recent Stats | t_env:    1750000 | Episode:     8750
ep_length_mean:          200.0000	episode_length_mean:     199.0000	epsilon:                   0.0500	grad_norm:                 5.3360
loss:                     26.3739	q_taken_mean:              1.1520	return_mean:             137.9934	return_std:                4.2328
target_mean:               1.1530	td_error_abs:              1.0357	test_ep_length_mean:     200.0000	test_episode_length_mean:199.0000
test_return_mean:        144.1298	test_return_std:           5.9585	
2026-02-13 06:41:56,308 - my_experiment - advP_BigMap_5M - my_run - INFO - t_env: 1750200 / 5050000
2026-02-13 06:41:56,309 - my_experiment - advP_BigMap_5M - my_run - INFO - Estimated time left: 22 hours, 32 minutes, 5 seconds. Time passed: 11 hours, 58 minutes, 58 seconds
2026-02-13 07:02:21,556 - my_experiment - advP_BigMap_5M - my_run - INFO - Recent Stats | t_env:    1800000 | Episode:     9000
ep_length_mean:          200.0000	episode_length_mean:     199.0000	epsilon:                   0.0500	grad_norm:                 3.8182
loss:                     26.4821	q_taken_mean:              1.1576	return_mean:             138.1203	return_std:                4.5091
target_mean:               1.1583	td_error_abs:              1.0087	test_ep_length_mean:     200.0000	test_episode_length_mean:199.0000
test_return_mean:        144.2475	test_return_std:           5.9350	
2026-02-13 07:02:26,203 - my_experiment - advP_BigMap_5M - my_run - INFO - t_env: 1800200 / 5050000
2026-02-13 07:02:26,203 - my_experiment - advP_BigMap_5M - my_run - INFO - Estimated time left: 22 hours, 12 minutes, 18 seconds. Time passed: 12 hours, 19 minutes, 28 seconds
2026-02-13 07:22:50,849 - my_experiment - advP_BigMap_5M - my_run - INFO - Recent Stats | t_env:    1850000 | Episode:     9250
ep_length_mean:          200.0000	episode_length_mean:     199.0000	epsilon:                   0.0500	grad_norm:                 4.2330
loss:                     26.6590	q_taken_mean:              1.1599	return_mean:             137.7059	return_std:                4.7823
target_mean:               1.1606	td_error_abs:              1.0223	test_ep_length_mean:     200.0000	test_episode_length_mean:199.0000
test_return_mean:        143.7046	test_return_std:           6.1151	
2026-02-13 07:22:55,490 - my_experiment - advP_BigMap_5M - my_run - INFO - t_env: 1850200 / 5050000
2026-02-13 07:22:55,491 - my_experiment - advP_BigMap_5M - my_run - INFO - Estimated time left: 21 hours, 51 minutes, 9 seconds. Time passed: 12 hours, 39 minutes, 58 seconds
2026-02-13 07:43:19,289 - my_experiment - advP_BigMap_5M - my_run - INFO - Recent Stats | t_env:    1900000 | Episode:     9500
ep_length_mean:          200.0000	episode_length_mean:     199.0000	epsilon:                   0.0500	grad_norm:                 3.7088
loss:                     26.7514	q_taken_mean:              1.1643	return_mean:             137.8987	return_std:                4.3988
target_mean:               1.1644	td_error_abs:              0.9673	test_ep_length_mean:     200.0000	test_episode_length_mean:199.0000
test_return_mean:        143.5103	test_return_std:           5.9643	
2026-02-13 07:43:23,932 - my_experiment - advP_BigMap_5M - my_run - INFO - t_env: 1900200 / 5050000
2026-02-13 07:43:23,933 - my_experiment - advP_BigMap_5M - my_run - INFO - Estimated time left: 21 hours, 29 minutes, 46 seconds. Time passed: 13 hours, 26 seconds
2026-02-13 08:03:47,781 - my_experiment - advP_BigMap_5M - my_run - INFO - Recent Stats | t_env:    1950000 | Episode:     9750
ep_length_mean:          200.0000	episode_length_mean:     199.0000	epsilon:                   0.0500	grad_norm:                 3.0831
loss:                     26.7389	q_taken_mean:              1.1639	return_mean:             137.8537	return_std:                4.4116
target_mean:               1.1640	td_error_abs:              0.9734	test_ep_length_mean:     200.0000	test_episode_length_mean:199.0000
test_return_mean:        144.0470	test_return_std:           6.0079	
2026-02-13 08:03:52,417 - my_experiment - advP_BigMap_5M - my_run - INFO - t_env: 1950200 / 5050000
2026-02-13 08:03:52,418 - my_experiment - advP_BigMap_5M - my_run - INFO - Estimated time left: 21 hours, 9 minutes, 21 seconds. Time passed: 13 hours, 20 minutes, 55 seconds
2026-02-13 08:24:16,523 - my_experiment - advP_BigMap_5M - my_run - INFO - Recent Stats | t_env:    2000000 | Episode:    10000
ep_length_mean:          200.0000	episode_length_mean:     199.0000	epsilon:                   0.0500	grad_norm:                 2.9675
loss:                     26.7917	q_taken_mean:              1.1642	return_mean:             137.9172	return_std:                4.8395
target_mean:               1.1646	td_error_abs:              0.9876	test_ep_length_mean:     200.0000	test_episode_length_mean:199.0000
test_return_mean:        143.7909	test_return_std:           5.8674	
2026-02-13 08:24:21,191 - my_experiment - advP_BigMap_5M - my_run - INFO - t_env: 2000200 / 5050000
2026-02-13 08:24:21,192 - my_experiment - advP_BigMap_5M - my_run - INFO - Estimated time left: 20 hours, 49 minutes, 10 seconds. Time passed: 13 hours, 41 minutes, 23 seconds
2026-02-13 08:25:30,243 - my_experiment - advP_BigMap_5M - my_run - INFO - Saving models to work_dirs/my_experiment/advP_BigMap_5M/my_run/20260212_184238/models/2000200
2026-02-13 08:44:47,919 - my_experiment - advP_BigMap_5M - my_run - INFO - Recent Stats | t_env:    2050000 | Episode:    10250
ep_length_mean:          200.0000	episode_length_mean:     199.0000	epsilon:                   0.0500	grad_norm:                 2.4754
loss:                     26.9077	q_taken_mean:              1.1669	return_mean:             138.1995	return_std:                4.5182
target_mean:               1.1668	td_error_abs:              0.9652	test_ep_length_mean:     200.0000	test_episode_length_mean:199.0000
test_return_mean:        143.7809	test_return_std:           5.9706	
2026-02-13 08:44:52,592 - my_experiment - advP_BigMap_5M - my_run - INFO - t_env: 2050200 / 5050000
2026-02-13 08:44:52,592 - my_experiment - advP_BigMap_5M - my_run - INFO - Estimated time left: 20 hours, 31 minutes, 19 seconds. Time passed: 14 hours, 1 minutes, 55 seconds
2026-02-13 09:05:16,682 - my_experiment - advP_BigMap_5M - my_run - INFO - Recent Stats | t_env:    2100000 | Episode:    10500
ep_length_mean:          200.0000	episode_length_mean:     199.0000	epsilon:                   0.0500	grad_norm:                 3.2311
loss:                     26.8697	q_taken_mean:              1.1642	return_mean:             137.7285	return_std:                4.3553
target_mean:               1.1641	td_error_abs:              0.9714	test_ep_length_mean:     200.0000	test_episode_length_mean:199.0000
test_return_mean:        144.4966	test_return_std:           5.7726	
2026-02-13 09:05:21,333 - my_experiment - advP_BigMap_5M - my_run - INFO - t_env: 2100200 / 5050000
2026-02-13 09:05:21,334 - my_experiment - advP_BigMap_5M - my_run - INFO - Estimated time left: 20 hours, 8 minutes, 10 seconds. Time passed: 14 hours, 22 minutes, 23 seconds
2026-02-13 09:25:47,327 - my_experiment - advP_BigMap_5M - my_run - INFO - Recent Stats | t_env:    2150000 | Episode:    10750
ep_length_mean:          200.0000	episode_length_mean:     199.0000	epsilon:                   0.0500	grad_norm:                 2.9664
loss:                     26.9224	q_taken_mean:              1.1659	return_mean:             138.0145	return_std:                4.1532
target_mean:               1.1656	td_error_abs:              0.9575	test_ep_length_mean:     200.0000	test_episode_length_mean:199.0000
test_return_mean:        144.6107	test_return_std:           5.8249	
2026-02-13 09:25:51,962 - my_experiment - advP_BigMap_5M - my_run - INFO - t_env: 2150200 / 5050000
2026-02-13 09:25:51,963 - my_experiment - advP_BigMap_5M - my_run - INFO - Estimated time left: 19 hours, 49 minutes, 31 seconds. Time passed: 14 hours, 42 minutes, 54 seconds
2026-02-13 09:46:18,091 - my_experiment - advP_BigMap_5M - my_run - INFO - Recent Stats | t_env:    2200000 | Episode:    11000
ep_length_mean:          200.0000	episode_length_mean:     199.0000	epsilon:                   0.0500	grad_norm:                 2.9598
loss:                     26.8405	q_taken_mean:              1.1644	return_mean:             138.2530	return_std:                4.6043
target_mean:               1.1641	td_error_abs:              0.9539	test_ep_length_mean:     200.0000	test_episode_length_mean:199.0000
test_return_mean:        144.7755	test_return_std:           5.6062	
2026-02-13 09:46:22,753 - my_experiment - advP_BigMap_5M - my_run - INFO - t_env: 2200200 / 5050000
2026-02-13 09:46:22,754 - my_experiment - advP_BigMap_5M - my_run - INFO - Estimated time left: 19 hours, 29 minutes, 10 seconds. Time passed: 15 hours, 3 minutes, 25 seconds
2026-02-13 10:06:47,347 - my_experiment - advP_BigMap_5M - my_run - INFO - Recent Stats | t_env:    2250000 | Episode:    11250
ep_length_mean:          200.0000	episode_length_mean:     199.0000	epsilon:                   0.0500	grad_norm:                 3.7096
loss:                     26.8056	q_taken_mean:              1.1634	return_mean:             138.1620	return_std:                4.6705
target_mean:               1.1629	td_error_abs:              0.9382	test_ep_length_mean:     200.0000	test_episode_length_mean:199.0000
test_return_mean:        145.5593	test_return_std:           5.8480	
2026-02-13 10:06:52,000 - my_experiment - advP_BigMap_5M - my_run - INFO - t_env: 2250200 / 5050000
2026-02-13 10:06:52,001 - my_experiment - advP_BigMap_5M - my_run - INFO - Estimated time left: 19 hours, 7 minutes, 12 seconds. Time passed: 15 hours, 23 minutes, 54 seconds
2026-02-13 10:27:17,758 - my_experiment - advP_BigMap_5M - my_run - INFO - Recent Stats | t_env:    2300000 | Episode:    11500
ep_length_mean:          200.0000	episode_length_mean:     199.0000	epsilon:                   0.0500	grad_norm:                 3.5549
loss:                     26.7994	q_taken_mean:              1.1619	return_mean:             138.4718	return_std:                4.7457
target_mean:               1.1616	td_error_abs:              0.9475	test_ep_length_mean:     200.0000	test_episode_length_mean:199.0000
test_return_mean:        146.2096	test_return_std:           5.3686	
2026-02-13 10:27:22,393 - my_experiment - advP_BigMap_5M - my_run - INFO - t_env: 2300200 / 5050000
2026-02-13 10:27:22,394 - my_experiment - advP_BigMap_5M - my_run - INFO - Estimated time left: 18 hours, 47 minutes, 46 seconds. Time passed: 15 hours, 44 minutes, 25 seconds
2026-02-13 10:47:47,347 - my_experiment - advP_BigMap_5M - my_run - INFO - Recent Stats | t_env:    2350000 | Episode:    11750
ep_length_mean:          200.0000	episode_length_mean:     199.0000	epsilon:                   0.0500	grad_norm:                 3.5576
loss:                     26.8462	q_taken_mean:              1.1606	return_mean:             138.3663	return_std:                4.2309
target_mean:               1.1601	td_error_abs:              0.9547	test_ep_length_mean:     200.0000	test_episode_length_mean:199.0000
test_return_mean:        145.6743	test_return_std:           5.5189	
2026-02-13 10:47:52,000 - my_experiment - advP_BigMap_5M - my_run - INFO - t_env: 2350200 / 5050000
2026-02-13 10:47:52,001 - my_experiment - advP_BigMap_5M - my_run - INFO - Estimated time left: 18 hours, 26 minutes, 33 seconds. Time passed: 16 hours, 4 minutes, 54 seconds
2026-02-13 11:08:16,811 - my_experiment - advP_BigMap_5M - my_run - INFO - Recent Stats | t_env:    2400000 | Episode:    12000
ep_length_mean:          200.0000	episode_length_mean:     199.0000	epsilon:                   0.0500	grad_norm:                 4.4534
loss:                     26.6145	q_taken_mean:              1.1560	return_mean:             138.1833	return_std:                4.5421
target_mean:               1.1552	td_error_abs:              0.9333	test_ep_length_mean:     200.0000	test_episode_length_mean:199.0000
test_return_mean:        145.6418	test_return_std:           5.8088	
2026-02-13 11:08:21,437 - my_experiment - advP_BigMap_5M - my_run - INFO - t_env: 2400200 / 5050000
2026-02-13 11:08:21,438 - my_experiment - advP_BigMap_5M - my_run - INFO - Estimated time left: 18 hours, 5 minutes, 55 seconds. Time passed: 16 hours, 25 minutes, 24 seconds
2026-02-13 11:28:46,094 - my_experiment - advP_BigMap_5M - my_run - INFO - Recent Stats | t_env:    2450000 | Episode:    12250
ep_length_mean:          200.0000	episode_length_mean:     199.0000	epsilon:                   0.0500	grad_norm:                 5.7683
loss:                     26.5923	q_taken_mean:              1.1555	return_mean:             138.8975	return_std:                4.4392
target_mean:               1.1544	td_error_abs:              0.9127	test_ep_length_mean:     200.0000	test_episode_length_mean:199.0000
test_return_mean:        145.5692	test_return_std:           5.8622	
2026-02-13 11:28:50,730 - my_experiment - advP_BigMap_5M - my_run - INFO - t_env: 2450200 / 5050000
2026-02-13 11:28:50,730 - my_experiment - advP_BigMap_5M - my_run - INFO - Estimated time left: 17 hours, 45 minutes, 18 seconds. Time passed: 16 hours, 45 minutes, 53 seconds
2026-02-13 11:49:16,314 - my_experiment - advP_BigMap_5M - my_run - INFO - Recent Stats | t_env:    2500000 | Episode:    12500
ep_length_mean:          200.0000	episode_length_mean:     199.0000	epsilon:                   0.0500	grad_norm:                 4.8961
loss:                     26.5065	q_taken_mean:              1.1487	return_mean:             138.3324	return_std:                4.3002
target_mean:               1.1483	td_error_abs:              0.9583	test_ep_length_mean:     200.0000	test_episode_length_mean:199.0000
test_return_mean:        146.0266	test_return_std:           5.4326	
2026-02-13 11:49:20,950 - my_experiment - advP_BigMap_5M - my_run - INFO - t_env: 2500200 / 5050000
2026-02-13 11:49:20,950 - my_experiment - advP_BigMap_5M - my_run - INFO - Estimated time left: 17 hours, 25 minutes, 36 seconds. Time passed: 17 hours, 6 minutes, 23 seconds
2026-02-13 11:50:30,024 - my_experiment - advP_BigMap_5M - my_run - INFO - Saving models to work_dirs/my_experiment/advP_BigMap_5M/my_run/20260212_184238/models/2500200
2026-02-13 12:09:45,983 - my_experiment - advP_BigMap_5M - my_run - INFO - Recent Stats | t_env:    2550000 | Episode:    12750
ep_length_mean:          200.0000	episode_length_mean:     199.0000	epsilon:                   0.0500	grad_norm:                 5.0751
loss:                     26.2990	q_taken_mean:              1.1472	return_mean:             138.2348	return_std:                4.3152
target_mean:               1.1466	td_error_abs:              0.9379	test_ep_length_mean:     200.0000	test_episode_length_mean:199.0000
test_return_mean:        145.5199	test_return_std:           6.0468	
2026-02-13 12:09:50,620 - my_experiment - advP_BigMap_5M - my_run - INFO - t_env: 2550200 / 5050000
2026-02-13 12:09:50,620 - my_experiment - advP_BigMap_5M - my_run - INFO - Estimated time left: 17 hours, 4 minutes, 38 seconds. Time passed: 17 hours, 26 minutes, 53 seconds
2026-02-13 12:30:15,549 - my_experiment - advP_BigMap_5M - my_run - INFO - Recent Stats | t_env:    2600000 | Episode:    13000
ep_length_mean:          200.0000	episode_length_mean:     199.0000	epsilon:                   0.0500	grad_norm:                 4.4024
loss:                     26.2586	q_taken_mean:              1.1442	return_mean:             138.1998	return_std:                4.8858
target_mean:               1.1436	td_error_abs:              0.9409	test_ep_length_mean:     200.0000	test_episode_length_mean:199.0000
test_return_mean:        145.9041	test_return_std:           5.8861	
2026-02-13 12:30:20,208 - my_experiment - advP_BigMap_5M - my_run - INFO - t_env: 2600200 / 5050000
2026-02-13 12:30:20,209 - my_experiment - advP_BigMap_5M - my_run - INFO - Estimated time left: 16 hours, 44 minutes, 4 seconds. Time passed: 17 hours, 47 minutes, 22 seconds
2026-02-13 12:50:44,723 - my_experiment - advP_BigMap_5M - my_run - INFO - Recent Stats | t_env:    2650000 | Episode:    13250
ep_length_mean:          200.0000	episode_length_mean:     199.0000	epsilon:                   0.0500	grad_norm:                 6.7199
loss:                     26.0470	q_taken_mean:              1.1410	return_mean:             138.9324	return_std:                4.1608
target_mean:               1.1398	td_error_abs:              0.8948	test_ep_length_mean:     200.0000	test_episode_length_mean:199.0000
test_return_mean:        145.9441	test_return_std:           5.7224	
2026-02-13 12:50:49,374 - my_experiment - advP_BigMap_5M - my_run - INFO - t_env: 2650200 / 5050000
2026-02-13 12:50:49,374 - my_experiment - advP_BigMap_5M - my_run - INFO - Estimated time left: 16 hours, 23 minutes, 15 seconds. Time passed: 18 hours, 7 minutes, 52 seconds
2026-02-13 13:11:16,315 - my_experiment - advP_BigMap_5M - my_run - INFO - Recent Stats | t_env:    2700000 | Episode:    13500
ep_length_mean:          200.0000	episode_length_mean:     199.0000	epsilon:                   0.0500	grad_norm:                 5.1666
loss:                     26.0019	q_taken_mean:              1.1369	return_mean:             138.1271	return_std:                4.7107
target_mean:               1.1362	td_error_abs:              0.9270	test_ep_length_mean:     200.0000	test_episode_length_mean:199.0000
test_return_mean:        145.5420	test_return_std:           6.0923	
2026-02-13 13:11:20,954 - my_experiment - advP_BigMap_5M - my_run - INFO - t_env: 2700200 / 5050000
2026-02-13 13:11:20,954 - my_experiment - advP_BigMap_5M - my_run - INFO - Estimated time left: 16 hours, 4 minutes, 39 seconds. Time passed: 18 hours, 28 minutes, 23 seconds
2026-02-13 13:31:46,157 - my_experiment - advP_BigMap_5M - my_run - INFO - Recent Stats | t_env:    2750000 | Episode:    13750
ep_length_mean:          200.0000	episode_length_mean:     199.0000	epsilon:                   0.0500	grad_norm:                 4.9622
loss:                     25.8769	q_taken_mean:              1.1329	return_mean:             139.0781	return_std:                4.1912
target_mean:               1.1322	td_error_abs:              0.9263	test_ep_length_mean:     200.0000	test_episode_length_mean:199.0000
test_return_mean:        145.3986	test_return_std:           6.1161	
2026-02-13 13:31:50,817 - my_experiment - advP_BigMap_5M - my_run - INFO - t_env: 2750200 / 5050000
2026-02-13 13:31:50,817 - my_experiment - advP_BigMap_5M - my_run - INFO - Estimated time left: 15 hours, 42 minutes, 48 seconds. Time passed: 18 hours, 48 minutes, 53 seconds
2026-02-13 13:52:16,436 - my_experiment - advP_BigMap_5M - my_run - INFO - Recent Stats | t_env:    2800000 | Episode:    14000
ep_length_mean:          200.0000	episode_length_mean:     199.0000	epsilon:                   0.0500	grad_norm:                 5.5222
loss:                     25.6028	q_taken_mean:              1.1284	return_mean:             138.7201	return_std:                4.2238
target_mean:               1.1274	td_error_abs:              0.9010	test_ep_length_mean:     200.0000	test_episode_length_mean:199.0000
test_return_mean:        145.2641	test_return_std:           5.6955	
2026-02-13 13:52:21,092 - my_experiment - advP_BigMap_5M - my_run - INFO - t_env: 2800200 / 5050000
2026-02-13 13:52:21,092 - my_experiment - advP_BigMap_5M - my_run - INFO - Estimated time left: 15 hours, 22 minutes, 37 seconds. Time passed: 19 hours, 9 minutes, 23 seconds
2026-02-13 14:12:46,279 - my_experiment - advP_BigMap_5M - my_run - INFO - Recent Stats | t_env:    2850000 | Episode:    14250
ep_length_mean:          200.0000	episode_length_mean:     199.0000	epsilon:                   0.0500	grad_norm:                 7.5199
loss:                     25.5251	q_taken_mean:              1.1242	return_mean:             139.0467	return_std:                4.5559
target_mean:               1.1228	td_error_abs:              0.8997	test_ep_length_mean:     200.0000	test_episode_length_mean:199.0000
test_return_mean:        145.1170	test_return_std:           5.7286	
2026-02-13 14:12:50,924 - my_experiment - advP_BigMap_5M - my_run - INFO - t_env: 2850200 / 5050000
2026-02-13 14:12:50,924 - my_experiment - advP_BigMap_5M - my_run - INFO - Estimated time left: 15 hours, 1 minutes, 47 seconds. Time passed: 19 hours, 29 minutes, 53 seconds
2026-02-13 14:33:16,282 - my_experiment - advP_BigMap_5M - my_run - INFO - Recent Stats | t_env:    2900000 | Episode:    14500
ep_length_mean:          200.0000	episode_length_mean:     199.0000	epsilon:                   0.0500	grad_norm:                 5.5382
loss:                     25.3969	q_taken_mean:              1.1222	return_mean:             138.5766	return_std:                4.3674
target_mean:               1.1212	td_error_abs:              0.9069	test_ep_length_mean:     200.0000	test_episode_length_mean:199.0000
test_return_mean:        145.0221	test_return_std:           5.6480	
2026-02-13 14:33:20,937 - my_experiment - advP_BigMap_5M - my_run - INFO - t_env: 2900200 / 5050000
2026-02-13 14:33:20,938 - my_experiment - advP_BigMap_5M - my_run - INFO - Estimated time left: 14 hours, 41 minutes, 25 seconds. Time passed: 19 hours, 50 minutes, 23 seconds
2026-02-13 14:53:45,669 - my_experiment - advP_BigMap_5M - my_run - INFO - Recent Stats | t_env:    2950000 | Episode:    14750
ep_length_mean:          200.0000	episode_length_mean:     199.0000	epsilon:                   0.0500	grad_norm:                 5.4082
loss:                     25.2364	q_taken_mean:              1.1152	return_mean:             139.1184	return_std:                4.3652
target_mean:               1.1144	td_error_abs:              0.9166	test_ep_length_mean:     200.0000	test_episode_length_mean:199.0000
test_return_mean:        145.5832	test_return_std:           5.1835	
2026-02-13 14:53:50,318 - my_experiment - advP_BigMap_5M - my_run - INFO - t_env: 2950200 / 5050000
2026-02-13 14:53:50,318 - my_experiment - advP_BigMap_5M - my_run - INFO - Estimated time left: 14 hours, 20 minutes, 29 seconds. Time passed: 20 hours, 10 minutes, 52 seconds
2026-02-13 15:14:16,362 - my_experiment - advP_BigMap_5M - my_run - INFO - Recent Stats | t_env:    3000000 | Episode:    15000
ep_length_mean:          200.0000	episode_length_mean:     199.0000	epsilon:                   0.0500	grad_norm:                 5.2053
loss:                     25.0964	q_taken_mean:              1.1119	return_mean:             139.2086	return_std:                3.9701
target_mean:               1.1111	td_error_abs:              0.9078	test_ep_length_mean:     200.0000	test_episode_length_mean:199.0000
test_return_mean:        145.4460	test_return_std:           4.9460	
2026-02-13 15:14:21,022 - my_experiment - advP_BigMap_5M - my_run - INFO - t_env: 3000200 / 5050000
2026-02-13 15:14:21,023 - my_experiment - advP_BigMap_5M - my_run - INFO - Estimated time left: 14 hours, 53 seconds. Time passed: 20 hours, 31 minutes, 23 seconds
2026-02-13 15:15:30,229 - my_experiment - advP_BigMap_5M - my_run - INFO - Saving models to work_dirs/my_experiment/advP_BigMap_5M/my_run/20260212_184238/models/3000200
2026-02-13 15:34:46,395 - my_experiment - advP_BigMap_5M - my_run - INFO - Recent Stats | t_env:    3050000 | Episode:    15250
ep_length_mean:          200.0000	episode_length_mean:     199.0000	epsilon:                   0.0500	grad_norm:                 8.2431
loss:                     24.9306	q_taken_mean:              1.1067	return_mean:             139.6558	return_std:                4.1433
target_mean:               1.1050	td_error_abs:              0.8751	test_ep_length_mean:     200.0000	test_episode_length_mean:199.0000
test_return_mean:        145.8261	test_return_std:           5.6299	
2026-02-13 15:34:51,067 - my_experiment - advP_BigMap_5M - my_run - INFO - t_env: 3050200 / 5050000
2026-02-13 15:34:51,068 - my_experiment - advP_BigMap_5M - my_run - INFO - Estimated time left: 13 hours, 39 minutes, 56 seconds. Time passed: 20 hours, 51 minutes, 53 seconds
2026-02-13 15:55:16,571 - my_experiment - advP_BigMap_5M - my_run - INFO - Recent Stats | t_env:    3100000 | Episode:    15500
ep_length_mean:          200.0000	episode_length_mean:     199.0000	epsilon:                   0.0500	grad_norm:                 5.3848
loss:                     24.6696	q_taken_mean:              1.1014	return_mean:             139.5731	return_std:                4.0691
target_mean:               1.1006	td_error_abs:              0.9132	test_ep_length_mean:     200.0000	test_episode_length_mean:199.0000
test_return_mean:        146.2236	test_return_std:           5.3519	
2026-02-13 15:55:21,214 - my_experiment - advP_BigMap_5M - my_run - INFO - t_env: 3100200 / 5050000
2026-02-13 15:55:21,214 - my_experiment - advP_BigMap_5M - my_run - INFO - Estimated time left: 13 hours, 19 minutes, 30 seconds. Time passed: 21 hours, 12 minutes, 23 seconds
2026-02-13 16:15:47,522 - my_experiment - advP_BigMap_5M - my_run - INFO - Recent Stats | t_env:    3150000 | Episode:    15750
ep_length_mean:          200.0000	episode_length_mean:     199.0000	epsilon:                   0.0500	grad_norm:                 6.0168
loss:                     24.5787	q_taken_mean:              1.0998	return_mean:             139.1913	return_std:                4.3704
target_mean:               1.0991	td_error_abs:              0.9110	test_ep_length_mean:     200.0000	test_episode_length_mean:199.0000
test_return_mean:        146.4490	test_return_std:           5.3368	
2026-02-13 16:15:52,158 - my_experiment - advP_BigMap_5M - my_run - INFO - t_env: 3150200 / 5050000
2026-02-13 16:15:52,159 - my_experiment - advP_BigMap_5M - my_run - INFO - Estimated time left: 12 hours, 59 minutes, 30 seconds. Time passed: 21 hours, 32 minutes, 54 seconds
2026-02-13 16:36:18,216 - my_experiment - advP_BigMap_5M - my_run - INFO - Recent Stats | t_env:    3200000 | Episode:    16000
ep_length_mean:          200.0000	episode_length_mean:     199.0000	epsilon:                   0.0500	grad_norm:                 5.4852
loss:                     24.4354	q_taken_mean:              1.0976	return_mean:             139.2000	return_std:                3.8683
target_mean:               1.0967	td_error_abs:              0.8855	test_ep_length_mean:     200.0000	test_episode_length_mean:199.0000
test_return_mean:        146.0805	test_return_std:           5.8023	
2026-02-13 16:36:22,860 - my_experiment - advP_BigMap_5M - my_run - INFO - t_env: 3200200 / 5050000
2026-02-13 16:36:22,860 - my_experiment - advP_BigMap_5M - my_run - INFO - Estimated time left: 12 hours, 38 minutes, 51 seconds. Time passed: 21 hours, 53 minutes, 25 seconds
2026-02-13 16:56:48,926 - my_experiment - advP_BigMap_5M - my_run - INFO - Recent Stats | t_env:    3250000 | Episode:    16250
ep_length_mean:          200.0000	episode_length_mean:     199.0000	epsilon:                   0.0500	grad_norm:                 8.5475
loss:                     24.0932	q_taken_mean:              1.0886	return_mean:             139.1704	return_std:                4.2162
target_mean:               1.0869	td_error_abs:              0.8455	test_ep_length_mean:     200.0000	test_episode_length_mean:199.0000
test_return_mean:        146.5478	test_return_std:           5.7678	
2026-02-13 16:56:53,603 - my_experiment - advP_BigMap_5M - my_run - INFO - t_env: 3250200 / 5050000
2026-02-13 16:56:53,603 - my_experiment - advP_BigMap_5M - my_run - INFO - Estimated time left: 12 hours, 18 minutes, 21 seconds. Time passed: 22 hours, 13 minutes, 56 seconds
2026-02-13 17:17:18,330 - my_experiment - advP_BigMap_5M - my_run - INFO - Recent Stats | t_env:    3300000 | Episode:    16500
ep_length_mean:          200.0000	episode_length_mean:     199.0000	epsilon:                   0.0500	grad_norm:                 5.2485
loss:                     23.9505	q_taken_mean:              1.0849	return_mean:             139.3192	return_std:                4.1916
target_mean:               1.0839	td_error_abs:              0.8830	test_ep_length_mean:     200.0000	test_episode_length_mean:199.0000
test_return_mean:        146.5944	test_return_std:           4.8717	
2026-02-13 17:17:22,976 - my_experiment - advP_BigMap_5M - my_run - INFO - t_env: 3300200 / 5050000
2026-02-13 17:17:22,977 - my_experiment - advP_BigMap_5M - my_run - INFO - Estimated time left: 11 hours, 57 minutes, 3 seconds. Time passed: 22 hours, 34 minutes, 25 seconds
2026-02-13 17:37:47,465 - my_experiment - advP_BigMap_5M - my_run - INFO - Recent Stats | t_env:    3350000 | Episode:    16750
ep_length_mean:          200.0000	episode_length_mean:     199.0000	epsilon:                   0.0500	grad_norm:                 5.3669
loss:                     23.7960	q_taken_mean:              1.0794	return_mean:             139.7893	return_std:                3.9426
target_mean:               1.0787	td_error_abs:              0.8930	test_ep_length_mean:     200.0000	test_episode_length_mean:199.0000
test_return_mean:        146.7933	test_return_std:           4.6880	
2026-02-13 17:37:52,098 - my_experiment - advP_BigMap_5M - my_run - INFO - t_env: 3350200 / 5050000
2026-02-13 17:37:52,099 - my_experiment - advP_BigMap_5M - my_run - INFO - Estimated time left: 11 hours, 36 minutes, 25 seconds. Time passed: 22 hours, 54 minutes, 54 seconds
2026-02-13 17:58:16,631 - my_experiment - advP_BigMap_5M - my_run - INFO - Recent Stats | t_env:    3400000 | Episode:    17000
ep_length_mean:          200.0000	episode_length_mean:     199.0000	epsilon:                   0.0500	grad_norm:                 5.4272
loss:                     23.5906	q_taken_mean:              1.0744	return_mean:             139.6962	return_std:                3.8533
target_mean:               1.0736	td_error_abs:              0.8839	test_ep_length_mean:     200.0000	test_episode_length_mean:199.0000
test_return_mean:        146.8462	test_return_std:           4.6656	
2026-02-13 17:58:21,271 - my_experiment - advP_BigMap_5M - my_run - INFO - t_env: 3400200 / 5050000
2026-02-13 17:58:21,272 - my_experiment - advP_BigMap_5M - my_run - INFO - Estimated time left: 11 hours, 15 minutes, 57 seconds. Time passed: 23 hours, 15 minutes, 23 seconds
2026-02-13 18:18:47,737 - my_experiment - advP_BigMap_5M - my_run - INFO - Recent Stats | t_env:    3450000 | Episode:    17250
ep_length_mean:          200.0000	episode_length_mean:     199.0000	epsilon:                   0.0500	grad_norm:                 8.8244
loss:                     23.3708	q_taken_mean:              1.0693	return_mean:             139.8815	return_std:                4.1640
target_mean:               1.0676	td_error_abs:              0.8353	test_ep_length_mean:     200.0000	test_episode_length_mean:199.0000
test_return_mean:        146.8816	test_return_std:           4.2892	
2026-02-13 18:18:52,398 - my_experiment - advP_BigMap_5M - my_run - INFO - t_env: 3450200 / 5050000
2026-02-13 18:18:52,398 - my_experiment - advP_BigMap_5M - my_run - INFO - Estimated time left: 10 hours, 56 minutes, 31 seconds. Time passed: 23 hours, 35 minutes, 55 seconds
2026-02-13 18:40:00,531 - my_experiment - advP_BigMap_5M - my_run - INFO - Recent Stats | t_env:    3500000 | Episode:    17500
ep_length_mean:          200.0000	episode_length_mean:     199.0000	epsilon:                   0.0500	grad_norm:                 5.6805
loss:                     23.1961	q_taken_mean:              1.0646	return_mean:             140.1580	return_std:                3.8901
target_mean:               1.0637	td_error_abs:              0.8680	test_ep_length_mean:     200.0000	test_episode_length_mean:199.0000
test_return_mean:        146.2461	test_return_std:           4.8774	
2026-02-13 18:40:05,449 - my_experiment - advP_BigMap_5M - my_run - INFO - t_env: 3500200 / 5050000
2026-02-13 18:40:05,450 - my_experiment - advP_BigMap_5M - my_run - INFO - Estimated time left: 10 hours, 57 minutes, 39 seconds. Time passed: 23 hours, 57 minutes, 8 seconds
2026-02-13 18:41:18,265 - my_experiment - advP_BigMap_5M - my_run - INFO - Saving models to work_dirs/my_experiment/advP_BigMap_5M/my_run/20260212_184238/models/3500200
2026-02-13 19:01:41,576 - my_experiment - advP_BigMap_5M - my_run - INFO - Recent Stats | t_env:    3550000 | Episode:    17750
ep_length_mean:          200.0000	episode_length_mean:     199.0000	epsilon:                   0.0500	grad_norm:                 5.6273
loss:                     22.9501	q_taken_mean:              1.0593	return_mean:             139.4473	return_std:                4.3987
target_mean:               1.0585	td_error_abs:              0.8697	test_ep_length_mean:     200.0000	test_episode_length_mean:199.0000
test_return_mean:        146.8803	test_return_std:           4.8612	
2026-02-13 19:01:46,486 - my_experiment - advP_BigMap_5M - my_run - INFO - t_env: 3550200 / 5050000
2026-02-13 19:01:46,487 - my_experiment - advP_BigMap_5M - my_run - INFO - Estimated time left: 10 hours, 50 minutes, 25 seconds. Time passed: 1 days, 18 minutes, 49 seconds
2026-02-13 19:23:19,999 - my_experiment - advP_BigMap_5M - my_run - INFO - Recent Stats | t_env:    3600000 | Episode:    18000
ep_length_mean:          200.0000	episode_length_mean:     199.0000	epsilon:                   0.0500	grad_norm:                 5.6603
loss:                     22.8365	q_taken_mean:              1.0536	return_mean:             139.5060	return_std:                4.1095
target_mean:               1.0528	td_error_abs:              0.8732	test_ep_length_mean:     200.0000	test_episode_length_mean:199.0000
test_return_mean:        146.7291	test_return_std:           4.9016	
2026-02-13 19:23:24,875 - my_experiment - advP_BigMap_5M - my_run - INFO - t_env: 3600200 / 5050000
2026-02-13 19:23:24,875 - my_experiment - advP_BigMap_5M - my_run - INFO - Estimated time left: 10 hours, 27 minutes, 28 seconds. Time passed: 1 days, 40 minutes, 27 seconds
2026-02-13 19:44:59,837 - my_experiment - advP_BigMap_5M - my_run - INFO - Recent Stats | t_env:    3650000 | Episode:    18250
ep_length_mean:          200.0000	episode_length_mean:     199.0000	epsilon:                   0.0500	grad_norm:                 8.3488
loss:                     22.7018	q_taken_mean:              1.0503	return_mean:             139.3566	return_std:                3.9383
target_mean:               1.0486	td_error_abs:              0.8314	test_ep_length_mean:     200.0000	test_episode_length_mean:199.0000
test_return_mean:        146.6544	test_return_std:           4.7696	
2026-02-13 19:45:04,790 - my_experiment - advP_BigMap_5M - my_run - INFO - t_env: 3650200 / 5050000
2026-02-13 19:45:04,790 - my_experiment - advP_BigMap_5M - my_run - INFO - Estimated time left: 10 hours, 6 minutes, 32 seconds. Time passed: 1 days, 1 hours, 2 minutes, 7 seconds
2026-02-13 20:06:38,430 - my_experiment - advP_BigMap_5M - my_run - INFO - Recent Stats | t_env:    3700000 | Episode:    18500
ep_length_mean:          200.0000	episode_length_mean:     199.0000	epsilon:                   0.0500	grad_norm:                 5.3261
loss:                     22.5075	q_taken_mean:              1.0450	return_mean:             139.2731	return_std:                4.1311
target_mean:               1.0443	td_error_abs:              0.8711	test_ep_length_mean:     200.0000	test_episode_length_mean:199.0000
test_return_mean:        146.7836	test_return_std:           4.9951	
2026-02-13 20:06:43,316 - my_experiment - advP_BigMap_5M - my_run - INFO - t_env: 3700200 / 5050000
2026-02-13 20:06:43,317 - my_experiment - advP_BigMap_5M - my_run - INFO - Estimated time left: 9 hours, 44 minutes, 15 seconds. Time passed: 1 days, 1 hours, 23 minutes, 45 seconds
2026-02-13 20:28:17,423 - my_experiment - advP_BigMap_5M - my_run - INFO - Recent Stats | t_env:    3750000 | Episode:    18750
ep_length_mean:          200.0000	episode_length_mean:     199.0000	epsilon:                   0.0500	grad_norm:                 5.5908
loss:                     22.2857	q_taken_mean:              1.0402	return_mean:             139.5875	return_std:                4.1386
target_mean:               1.0395	td_error_abs:              0.8594	test_ep_length_mean:     200.0000	test_episode_length_mean:199.0000
test_return_mean:        147.2603	test_return_std:           4.5226	
2026-02-13 20:28:22,329 - my_experiment - advP_BigMap_5M - my_run - INFO - t_env: 3750200 / 5050000
2026-02-13 20:28:22,329 - my_experiment - advP_BigMap_5M - my_run - INFO - Estimated time left: 9 hours, 22 minutes, 49 seconds. Time passed: 1 days, 1 hours, 45 minutes, 24 seconds
2026-02-13 20:49:57,699 - my_experiment - advP_BigMap_5M - my_run - INFO - Recent Stats | t_env:    3800000 | Episode:    19000
ep_length_mean:          200.0000	episode_length_mean:     199.0000	epsilon:                   0.0500	grad_norm:                 5.4554
loss:                     22.1074	q_taken_mean:              1.0333	return_mean:             139.7528	return_std:                4.1215
target_mean:               1.0327	td_error_abs:              0.8668	test_ep_length_mean:     200.0000	test_episode_length_mean:199.0000
test_return_mean:        146.8615	test_return_std:           4.7292	
2026-02-13 20:50:02,612 - my_experiment - advP_BigMap_5M - my_run - INFO - t_env: 3800200 / 5050000
2026-02-13 20:50:02,613 - my_experiment - advP_BigMap_5M - my_run - INFO - Estimated time left: 9 hours, 1 minutes, 41 seconds. Time passed: 1 days, 2 hours, 7 minutes, 5 seconds
2026-02-13 21:11:38,169 - my_experiment - advP_BigMap_5M - my_run - INFO - Recent Stats | t_env:    3850000 | Episode:    19250
ep_length_mean:          200.0000	episode_length_mean:     199.0000	epsilon:                   0.0500	grad_norm:                 8.8150
loss:                     21.9110	q_taken_mean:              1.0268	return_mean:             139.5672	return_std:                3.9986
target_mean:               1.0250	td_error_abs:              0.8242	test_ep_length_mean:     200.0000	test_episode_length_mean:199.0000
test_return_mean:        146.9657	test_return_std:           4.7198	
2026-02-13 21:11:43,086 - my_experiment - advP_BigMap_5M - my_run - INFO - t_env: 3850200 / 5050000
2026-02-13 21:11:43,087 - my_experiment - advP_BigMap_5M - my_run - INFO - Estimated time left: 8 hours, 40 minutes, 6 seconds. Time passed: 1 days, 2 hours, 28 minutes, 45 seconds
2026-02-13 21:33:16,907 - my_experiment - advP_BigMap_5M - my_run - INFO - Recent Stats | t_env:    3900000 | Episode:    19500
ep_length_mean:          200.0000	episode_length_mean:     199.0000	epsilon:                   0.0500	grad_norm:                 5.3824
loss:                     21.7789	q_taken_mean:              1.0223	return_mean:             139.3148	return_std:                4.2754
target_mean:               1.0215	td_error_abs:              0.8613	test_ep_length_mean:     200.0000	test_episode_length_mean:199.0000
test_return_mean:        146.9146	test_return_std:           5.3050	
2026-02-13 21:33:21,791 - my_experiment - advP_BigMap_5M - my_run - INFO - t_env: 3900200 / 5050000
2026-02-13 21:33:21,792 - my_experiment - advP_BigMap_5M - my_run - INFO - Estimated time left: 8 hours, 17 minutes, 45 seconds. Time passed: 1 days, 2 hours, 50 minutes, 24 seconds
2026-02-13 21:54:57,588 - my_experiment - advP_BigMap_5M - my_run - INFO - Recent Stats | t_env:    3950000 | Episode:    19750
ep_length_mean:          200.0000	episode_length_mean:     199.0000	epsilon:                   0.0500	grad_norm:                 5.5441
loss:                     21.6077	q_taken_mean:              1.0187	return_mean:             139.6463	return_std:                3.6412
target_mean:               1.0178	td_error_abs:              0.8601	test_ep_length_mean:     200.0000	test_episode_length_mean:199.0000
test_return_mean:        146.7236	test_return_std:           5.3023	
2026-02-13 21:55:02,493 - my_experiment - advP_BigMap_5M - my_run - INFO - t_env: 3950200 / 5050000
2026-02-13 21:55:02,494 - my_experiment - advP_BigMap_5M - my_run - INFO - Estimated time left: 7 hours, 56 minutes, 50 seconds. Time passed: 1 days, 3 hours, 12 minutes, 5 seconds
2026-02-13 22:16:37,620 - my_experiment - advP_BigMap_5M - my_run - INFO - Recent Stats | t_env:    4000000 | Episode:    20000
ep_length_mean:          200.0000	episode_length_mean:     199.0000	epsilon:                   0.0500	grad_norm:                 6.1887
loss:                     21.4206	q_taken_mean:              1.0137	return_mean:             139.7716	return_std:                4.4941
target_mean:               1.0132	td_error_abs:              0.8623	test_ep_length_mean:     200.0000	test_episode_length_mean:199.0000
test_return_mean:        146.6319	test_return_std:           5.7212	
2026-02-13 22:16:42,513 - my_experiment - advP_BigMap_5M - my_run - INFO - t_env: 4000200 / 5050000
2026-02-13 22:16:42,513 - my_experiment - advP_BigMap_5M - my_run - INFO - Estimated time left: 7 hours, 34 minutes, 55 seconds. Time passed: 1 days, 3 hours, 33 minutes, 45 seconds
2026-02-13 22:17:55,214 - my_experiment - advP_BigMap_5M - my_run - INFO - Saving models to work_dirs/my_experiment/advP_BigMap_5M/my_run/20260212_184238/models/4000200
2026-02-13 22:38:18,673 - my_experiment - advP_BigMap_5M - my_run - INFO - Recent Stats | t_env:    4050000 | Episode:    20250
ep_length_mean:          200.0000	episode_length_mean:     199.0000	epsilon:                   0.0500	grad_norm:                 8.7891
loss:                     21.2635	q_taken_mean:              1.0100	return_mean:             139.8563	return_std:                3.9671
target_mean:               1.0084	td_error_abs:              0.8079	test_ep_length_mean:     200.0000	test_episode_length_mean:199.0000
test_return_mean:        146.8135	test_return_std:           5.8742	
2026-02-13 22:38:23,528 - my_experiment - advP_BigMap_5M - my_run - INFO - t_env: 4050200 / 5050000
2026-02-13 22:38:23,529 - my_experiment - advP_BigMap_5M - my_run - INFO - Estimated time left: 7 hours, 13 minutes, 35 seconds. Time passed: 1 days, 3 hours, 55 minutes, 26 seconds
2026-02-13 22:59:58,217 - my_experiment - advP_BigMap_5M - my_run - INFO - Recent Stats | t_env:    4100000 | Episode:    20500
ep_length_mean:          200.0000	episode_length_mean:     199.0000	epsilon:                   0.0500	grad_norm:                 6.2810
loss:                     21.0180	q_taken_mean:              1.0037	return_mean:             139.6721	return_std:                4.4426
target_mean:               1.0030	td_error_abs:              0.8526	test_ep_length_mean:     200.0000	test_episode_length_mean:199.0000
test_return_mean:        146.2967	test_return_std:           6.1956	
2026-02-13 23:00:03,093 - my_experiment - advP_BigMap_5M - my_run - INFO - t_env: 4100200 / 5050000
2026-02-13 23:00:03,094 - my_experiment - advP_BigMap_5M - my_run - INFO - Estimated time left: 6 hours, 51 minutes, 26 seconds. Time passed: 1 days, 4 hours, 17 minutes, 5 seconds
2026-02-13 23:21:36,542 - my_experiment - advP_BigMap_5M - my_run - INFO - Recent Stats | t_env:    4150000 | Episode:    20750
ep_length_mean:          200.0000	episode_length_mean:     199.0000	epsilon:                   0.0500	grad_norm:                 5.6027
loss:                     20.8506	q_taken_mean:              0.9982	return_mean:             139.9651	return_std:                4.0513
target_mean:               0.9973	td_error_abs:              0.8299	test_ep_length_mean:     200.0000	test_episode_length_mean:199.0000
test_return_mean:        146.7950	test_return_std:           5.7893	
2026-02-13 23:21:41,541 - my_experiment - advP_BigMap_5M - my_run - INFO - t_env: 4150200 / 5050000
2026-02-13 23:21:41,541 - my_experiment - advP_BigMap_5M - my_run - INFO - Estimated time left: 6 hours, 29 minutes, 26 seconds. Time passed: 1 days, 4 hours, 38 minutes, 44 seconds
2026-02-13 23:43:16,087 - my_experiment - advP_BigMap_5M - my_run - INFO - Recent Stats | t_env:    4200000 | Episode:    21000
ep_length_mean:          200.0000	episode_length_mean:     199.0000	epsilon:                   0.0500	grad_norm:                 5.8167
loss:                     20.5981	q_taken_mean:              0.9927	return_mean:             140.0906	return_std:                3.8632
target_mean:               0.9915	td_error_abs:              0.8216	test_ep_length_mean:     200.0000	test_episode_length_mean:199.0000
test_return_mean:        147.5112	test_return_std:           5.5854	
2026-02-13 23:43:20,959 - my_experiment - advP_BigMap_5M - my_run - INFO - t_env: 4200200 / 5050000
2026-02-13 23:43:20,959 - my_experiment - advP_BigMap_5M - my_run - INFO - Estimated time left: 6 hours, 8 minutes, 4 seconds. Time passed: 1 days, 5 hours, 23 seconds
2026-02-14 00:04:55,126 - my_experiment - advP_BigMap_5M - my_run - INFO - Recent Stats | t_env:    4250000 | Episode:    21250
ep_length_mean:          200.0000	episode_length_mean:     199.0000	epsilon:                   0.0500	grad_norm:                 8.3340
loss:                     20.4454	q_taken_mean:              0.9895	return_mean:             140.0115	return_std:                3.7785
target_mean:               0.9880	td_error_abs:              0.7950	test_ep_length_mean:     200.0000	test_episode_length_mean:199.0000
test_return_mean:        147.4234	test_return_std:           5.4466	
2026-02-14 00:05:00,275 - my_experiment - advP_BigMap_5M - my_run - INFO - t_env: 4250200 / 5050000
2026-02-14 00:05:00,276 - my_experiment - advP_BigMap_5M - my_run - INFO - Estimated time left: 5 hours, 46 minutes, 23 seconds. Time passed: 1 days, 5 hours, 22 minutes, 2 seconds
2026-02-14 00:26:32,776 - my_experiment - advP_BigMap_5M - my_run - INFO - Recent Stats | t_env:    4300000 | Episode:    21500
ep_length_mean:          200.0000	episode_length_mean:     199.0000	epsilon:                   0.0500	grad_norm:                 5.7512
loss:                     20.2058	q_taken_mean:              0.9810	return_mean:             140.0276	return_std:                3.8945
target_mean:               0.9804	td_error_abs:              0.8417	test_ep_length_mean:     200.0000	test_episode_length_mean:199.0000
test_return_mean:        147.2223	test_return_std:           5.3260	
2026-02-14 00:26:37,664 - my_experiment - advP_BigMap_5M - my_run - INFO - t_env: 4300200 / 5050000
2026-02-14 00:26:37,665 - my_experiment - advP_BigMap_5M - my_run - INFO - Estimated time left: 5 hours, 24 minutes, 15 seconds. Time passed: 1 days, 5 hours, 43 minutes, 40 seconds
2026-02-14 00:48:11,726 - my_experiment - advP_BigMap_5M - my_run - INFO - Recent Stats | t_env:    4350000 | Episode:    21750
ep_length_mean:          200.0000	episode_length_mean:     199.0000	epsilon:                   0.0500	grad_norm:                 6.0099
loss:                     20.0427	q_taken_mean:              0.9756	return_mean:             139.9196	return_std:                3.9379
target_mean:               0.9752	td_error_abs:              0.8456	test_ep_length_mean:     200.0000	test_episode_length_mean:199.0000
test_return_mean:        147.6100	test_return_std:           5.0212	
2026-02-14 00:48:16,629 - my_experiment - advP_BigMap_5M - my_run - INFO - t_env: 4350200 / 5050000
2026-02-14 00:48:16,630 - my_experiment - advP_BigMap_5M - my_run - INFO - Estimated time left: 5 hours, 3 minutes, 0 seconds. Time passed: 1 days, 6 hours, 5 minutes, 19 seconds
2026-02-14 01:09:51,420 - my_experiment - advP_BigMap_5M - my_run - INFO - Recent Stats | t_env:    4400000 | Episode:    22000
ep_length_mean:          200.0000	episode_length_mean:     199.0000	epsilon:                   0.0500	grad_norm:                 5.1957
loss:                     19.8223	q_taken_mean:              0.9711	return_mean:             139.8468	return_std:                4.0244
target_mean:               0.9703	td_error_abs:              0.8267	test_ep_length_mean:     200.0000	test_episode_length_mean:199.0000
test_return_mean:        147.8167	test_return_std:           4.8797	
2026-02-14 01:09:56,309 - my_experiment - advP_BigMap_5M - my_run - INFO - t_env: 4400200 / 5050000
2026-02-14 01:09:56,310 - my_experiment - advP_BigMap_5M - my_run - INFO - Estimated time left: 4 hours, 41 minutes, 30 seconds. Time passed: 1 days, 6 hours, 26 minutes, 58 seconds
2026-02-14 01:31:31,986 - my_experiment - advP_BigMap_5M - my_run - INFO - Recent Stats | t_env:    4450000 | Episode:    22250
ep_length_mean:          200.0000	episode_length_mean:     199.0000	epsilon:                   0.0500	grad_norm:                 8.0168
loss:                     19.6517	q_taken_mean:              0.9654	return_mean:             139.6414	return_std:                3.8807
target_mean:               0.9638	td_error_abs:              0.7849	test_ep_length_mean:     200.0000	test_episode_length_mean:199.0000
test_return_mean:        147.1149	test_return_std:           5.1947	
2026-02-14 01:31:36,869 - my_experiment - advP_BigMap_5M - my_run - INFO - t_env: 4450200 / 5050000
2026-02-14 01:31:36,869 - my_experiment - advP_BigMap_5M - my_run - INFO - Estimated time left: 4 hours, 20 minutes, 1 seconds. Time passed: 1 days, 6 hours, 48 minutes, 39 seconds
2026-02-14 01:53:11,475 - my_experiment - advP_BigMap_5M - my_run - INFO - Recent Stats | t_env:    4500000 | Episode:    22500
ep_length_mean:          200.0000	episode_length_mean:     199.0000	epsilon:                   0.0500	grad_norm:                 5.6631
loss:                     19.5898	q_taken_mean:              0.9614	return_mean:             139.9581	return_std:                4.0954
target_mean:               0.9604	td_error_abs:              0.8173	test_ep_length_mean:     200.0000	test_episode_length_mean:199.0000
test_return_mean:        147.6769	test_return_std:           4.9600	
2026-02-14 01:53:16,398 - my_experiment - advP_BigMap_5M - my_run - INFO - t_env: 4500200 / 5050000
2026-02-14 01:53:16,399 - my_experiment - advP_BigMap_5M - my_run - INFO - Estimated time left: 3 hours, 58 minutes, 9 seconds. Time passed: 1 days, 7 hours, 10 minutes, 19 seconds
2026-02-14 01:54:29,285 - my_experiment - advP_BigMap_5M - my_run - INFO - Saving models to work_dirs/my_experiment/advP_BigMap_5M/my_run/20260212_184238/models/4500200
2026-02-14 02:14:53,571 - my_experiment - advP_BigMap_5M - my_run - INFO - Recent Stats | t_env:    4550000 | Episode:    22750
ep_length_mean:          200.0000	episode_length_mean:     199.0000	epsilon:                   0.0500	grad_norm:                 5.6471
loss:                     19.3250	q_taken_mean:              0.9551	return_mean:             139.4578	return_std:                4.2355
target_mean:               0.9544	td_error_abs:              0.8237	test_ep_length_mean:     200.0000	test_episode_length_mean:199.0000
test_return_mean:        148.2609	test_return_std:           4.4959	
2026-02-14 02:14:58,460 - my_experiment - advP_BigMap_5M - my_run - INFO - t_env: 4550200 / 5050000
2026-02-14 02:14:58,461 - my_experiment - advP_BigMap_5M - my_run - INFO - Estimated time left: 3 hours, 36 minutes, 55 seconds. Time passed: 1 days, 7 hours, 32 minutes, 1 seconds
2026-02-14 02:36:32,639 - my_experiment - advP_BigMap_5M - my_run - INFO - Recent Stats | t_env:    4600000 | Episode:    23000
ep_length_mean:          200.0000	episode_length_mean:     199.0000	epsilon:                   0.0500	grad_norm:                 5.2057
loss:                     19.2165	q_taken_mean:              0.9509	return_mean:             139.9060	return_std:                3.6955
target_mean:               0.9500	td_error_abs:              0.8186	test_ep_length_mean:     200.0000	test_episode_length_mean:199.0000
test_return_mean:        148.4192	test_return_std:           5.0265	
2026-02-14 02:36:37,515 - my_experiment - advP_BigMap_5M - my_run - INFO - t_env: 4600200 / 5050000
2026-02-14 02:36:37,516 - my_experiment - advP_BigMap_5M - my_run - INFO - Estimated time left: 3 hours, 14 minutes, 46 seconds. Time passed: 1 days, 7 hours, 53 minutes, 40 seconds
2026-02-14 02:58:10,700 - my_experiment - advP_BigMap_5M - my_run - INFO - Recent Stats | t_env:    4650000 | Episode:    23250
ep_length_mean:          200.0000	episode_length_mean:     199.0000	epsilon:                   0.0500	grad_norm:                 7.9876
loss:                     19.0231	q_taken_mean:              0.9438	return_mean:             139.7721	return_std:                4.2729
target_mean:               0.9423	td_error_abs:              0.7856	test_ep_length_mean:     200.0000	test_episode_length_mean:199.0000
test_return_mean:        147.4385	test_return_std:           5.3266	
2026-02-14 02:58:15,578 - my_experiment - advP_BigMap_5M - my_run - INFO - t_env: 4650200 / 5050000
2026-02-14 02:58:15,578 - my_experiment - advP_BigMap_5M - my_run - INFO - Estimated time left: 2 hours, 52 minutes, 59 seconds. Time passed: 1 days, 8 hours, 15 minutes, 18 seconds
2026-02-14 03:19:52,262 - my_experiment - advP_BigMap_5M - my_run - INFO - Recent Stats | t_env:    4700000 | Episode:    23500
ep_length_mean:          200.0000	episode_length_mean:     199.0000	epsilon:                   0.0500	grad_norm:                 5.2551
loss:                     18.8225	q_taken_mean:              0.9395	return_mean:             139.9652	return_std:                4.0448
target_mean:               0.9388	td_error_abs:              0.8162	test_ep_length_mean:     200.0000	test_episode_length_mean:199.0000
test_return_mean:        147.6587	test_return_std:           4.9941	
2026-02-14 03:19:57,173 - my_experiment - advP_BigMap_5M - my_run - INFO - t_env: 4700200 / 5050000
2026-02-14 03:19:57,174 - my_experiment - advP_BigMap_5M - my_run - INFO - Estimated time left: 2 hours, 31 minutes, 45 seconds. Time passed: 1 days, 8 hours, 36 minutes, 59 seconds
2026-02-14 03:41:33,162 - my_experiment - advP_BigMap_5M - my_run - INFO - Recent Stats | t_env:    4750000 | Episode:    23750
ep_length_mean:          200.0000	episode_length_mean:     199.0000	epsilon:                   0.0500	grad_norm:                 5.4485
loss:                     18.6831	q_taken_mean:              0.9367	return_mean:             140.0570	return_std:                3.8577
target_mean:               0.9358	td_error_abs:              0.7943	test_ep_length_mean:     200.0000	test_episode_length_mean:199.0000
test_return_mean:        146.8432	test_return_std:           5.2701	
2026-02-14 03:41:38,095 - my_experiment - advP_BigMap_5M - my_run - INFO - t_env: 4750200 / 5050000
2026-02-14 03:41:38,095 - my_experiment - advP_BigMap_5M - my_run - INFO - Estimated time left: 2 hours, 10 minutes, 0 seconds. Time passed: 1 days, 8 hours, 58 minutes, 40 seconds
2026-02-14 04:03:14,399 - my_experiment - advP_BigMap_5M - my_run - INFO - Recent Stats | t_env:    4800000 | Episode:    24000
ep_length_mean:          200.0000	episode_length_mean:     199.0000	epsilon:                   0.0500	grad_norm:                 5.7598
loss:                     18.5519	q_taken_mean:              0.9313	return_mean:             140.0237	return_std:                4.0063
target_mean:               0.9305	td_error_abs:              0.8141	test_ep_length_mean:     200.0000	test_episode_length_mean:199.0000
test_return_mean:        146.8886	test_return_std:           5.3874	
2026-02-14 04:03:19,298 - my_experiment - advP_BigMap_5M - my_run - INFO - t_env: 4800200 / 5050000
2026-02-14 04:03:19,299 - my_experiment - advP_BigMap_5M - my_run - INFO - Estimated time left: 1 hours, 48 minutes, 20 seconds. Time passed: 1 days, 9 hours, 20 minutes, 21 seconds
2026-02-14 04:24:54,544 - my_experiment - advP_BigMap_5M - my_run - INFO - Recent Stats | t_env:    4850000 | Episode:    24250
ep_length_mean:          200.0000	episode_length_mean:     199.0000	epsilon:                   0.0500	grad_norm:                 7.7307
loss:                     18.4532	q_taken_mean:              0.9276	return_mean:             140.0656	return_std:                3.8827
target_mean:               0.9263	td_error_abs:              0.7773	test_ep_length_mean:     200.0000	test_episode_length_mean:199.0000
test_return_mean:        146.2083	test_return_std:           5.0618	
2026-02-14 04:24:59,450 - my_experiment - advP_BigMap_5M - my_run - INFO - t_env: 4850200 / 5050000
2026-02-14 04:24:59,450 - my_experiment - advP_BigMap_5M - my_run - INFO - Estimated time left: 1 hours, 26 minutes, 35 seconds. Time passed: 1 days, 9 hours, 42 minutes, 2 seconds
2026-02-14 04:46:34,058 - my_experiment - advP_BigMap_5M - my_run - INFO - Recent Stats | t_env:    4900000 | Episode:    24500
ep_length_mean:          200.0000	episode_length_mean:     199.0000	epsilon:                   0.0500	grad_norm:                 5.4474
loss:                     18.2851	q_taken_mean:              0.9217	return_mean:             140.4060	return_std:                3.8253
target_mean:               0.9207	td_error_abs:              0.8035	test_ep_length_mean:     200.0000	test_episode_length_mean:199.0000
test_return_mean:        146.8797	test_return_std:           4.5717	
2026-02-14 04:46:38,948 - my_experiment - advP_BigMap_5M - my_run - INFO - t_env: 4900200 / 5050000
2026-02-14 04:46:38,948 - my_experiment - advP_BigMap_5M - my_run - INFO - Estimated time left: 1 hours, 4 minutes, 53 seconds. Time passed: 1 days, 10 hours, 3 minutes, 41 seconds
2026-02-14 05:08:12,742 - my_experiment - advP_BigMap_5M - my_run - INFO - Recent Stats | t_env:    4950000 | Episode:    24750
ep_length_mean:          200.0000	episode_length_mean:     199.0000	epsilon:                   0.0500	grad_norm:                 4.9343
loss:                     18.1471	q_taken_mean:              0.9157	return_mean:             140.4810	return_std:                4.1703
target_mean:               0.9150	td_error_abs:              0.8134	test_ep_length_mean:     200.0000	test_episode_length_mean:199.0000
test_return_mean:        147.0112	test_return_std:           4.6941	
2026-02-14 05:08:17,635 - my_experiment - advP_BigMap_5M - my_run - INFO - t_env: 4950200 / 5050000
2026-02-14 05:08:17,636 - my_experiment - advP_BigMap_5M - my_run - INFO - Estimated time left: 43 minutes, 12 seconds. Time passed: 1 days, 10 hours, 25 minutes, 20 seconds
2026-02-14 05:29:55,516 - my_experiment - advP_BigMap_5M - my_run - INFO - Recent Stats | t_env:    5000000 | Episode:    25000
ep_length_mean:          200.0000	episode_length_mean:     199.0000	epsilon:                   0.0500	grad_norm:                 5.1817
loss:                     17.9469	q_taken_mean:              0.9110	return_mean:             140.4785	return_std:                3.7238
target_mean:               0.9100	td_error_abs:              0.7859	test_ep_length_mean:     200.0000	test_episode_length_mean:199.0000
test_return_mean:        147.4823	test_return_std:           4.7717	
2026-02-14 05:30:00,681 - my_experiment - advP_BigMap_5M - my_run - INFO - t_env: 5000200 / 5050000
2026-02-14 05:30:00,681 - my_experiment - advP_BigMap_5M - my_run - INFO - Estimated time left: 21 minutes, 37 seconds. Time passed: 1 days, 10 hours, 47 minutes, 3 seconds
2026-02-14 05:31:13,684 - my_experiment - advP_BigMap_5M - my_run - INFO - Saving models to work_dirs/my_experiment/advP_BigMap_5M/my_run/20260212_184238/models/5000200
2026-02-14 05:51:35,192 - my_experiment - advP_BigMap_5M - my_run - INFO - Recent Stats | t_env:    5050000 | Episode:    25250
ep_length_mean:          200.0000	episode_length_mean:     199.0000	epsilon:                   0.0500	grad_norm:                 7.7367
loss:                     17.7934	q_taken_mean:              0.9069	return_mean:             140.0640	return_std:                4.0627
target_mean:               0.9054	td_error_abs:              0.7608	test_ep_length_mean:     200.0000	test_episode_length_mean:199.0000
test_return_mean:        146.9634	test_return_std:           4.9194	
2026-02-14 05:51:40,074 - my_experiment - advP_BigMap_5M - my_run - INFO - t_env: 5050200 / 5050000
2026-02-14 05:51:40,074 - my_experiment - advP_BigMap_5M - my_run - INFO - Estimated time left: -. Time passed: 1 days, 11 hours, 8 minutes, 42 seconds
2026-02-14 05:52:52,873 - my_experiment - advP_BigMap_5M - my_run - INFO - Finished Training
