Gym has been unmaintained since 2022 and does not support NumPy 2.0 amongst other critical functionality.
Please upgrade to Gymnasium, the maintained drop-in replacement of Gym, or contact the authors of your software and request that they upgrade.
Users of this version of Gym should be able to simply replace 'import gym' with 'import gymnasium as gym' in the vast majority of cases.
See the migration guide at https://gymnasium.farama.org/introduction/migration_guide/ for additional information.
src/main.py:81: DeprecationWarning: Using or importing the ABCs from 'collections' instead of from 'collections.abc' is deprecated since Python 3.3, and in 3.10 it will stop working
  if isinstance(v, collections.Mapping):
wandb: [wandb.login()] Loaded credentials for https://api.wandb.ai from /home/pparsons/.netrc.
wandb: Currently logged in as: peterparsons02 (peterparsons02-eth-z-rich) to https://api.wandb.ai. Use `wandb login --relogin` to force relogin
wandb: setting up run wu4btolk
wandb: Tracking run with wandb version 0.24.1
wandb: Run data is saved locally in /usr/itetnas04/data-scratch-01/pparsons/data/MyExpoComm/wandb/run-20260303_155813-wu4btolk
wandb: Run `wandb offline` to turn off syncing.
wandb: Syncing run my_run-advP_BigMap_IQL_RNN_5M-20260303_155812
wandb: ⭐️ View project at https://wandb.ai/peterparsons02-eth-z-rich/my_experiment
wandb: 🚀 View run at https://wandb.ai/peterparsons02-eth-z-rich/my_experiment/runs/wu4btolk
2026-03-03 15:58:14,920 - my_experiment - advP_BigMap_IQL_RNN_5M - my_run - INFO - Current directory: /usr/itetnas04/data-scratch-01/pparsons/data/MyExpoComm.
2026-03-03 15:58:14,921 - my_experiment - advP_BigMap_IQL_RNN_5M - my_run - INFO - Experiment Parameters:
2026-03-03 15:58:14,922 - my_experiment - advP_BigMap_IQL_RNN_5M - my_run - INFO - 

{   'action_selector': 'epsilon_greedy',
    'add_value_last_step': True,
    'agent': 'rnn',
    'agent_output_type': 'q',
    'batch_size': 32,
    'batch_size_run': 1,
    'buffer_cpu_only': True,
    'buffer_size': 5000,
    'checkpoint_path': 'work_dirs/my_experiment/advP_BigMap_IQL_RNN_5M/my_run/20260214_030036/models',
    'double_q': True,
    'env': 'MAgent_AdvPursuit',
    'env_args': {   'global_reward': False,
                    'map_name': 'adversarial_pursuit_view8',
                    'map_size': 70,
                    'max_cycles': 200,
                    'minimap_mode': True,
                    'pretrained_ckpt': 'prey_params.pt',
                    'seed': 42},
    'epsilon_anneal_time': 1000000,
    'epsilon_finish': 0.05,
    'epsilon_start': 1.0,
    'evaluate': False,
    'evaluation_epsilon': 0.0,
    'exp_name': 'my_experiment',
    'gamma': 0.99,
    'global_reward': True,
    'grad_norm_clip': 10,
    'hidden_dim': 64,
    'hypergroup': None,
    'label': 'default_label',
    'learner': 'q_learner',
    'learner_log_interval': 10000,
    'load_step': 0,
    'local_results_path': 'results',
    'log_interval': 50000,
    'lr': 0.0005,
    'mac': 'basic_mac',
    'mixer': None,
    'name': 'advP_BigMap_IQL_RNN_5M',
    'obs_agent_id': True,
    'obs_individual_obs': False,
    'obs_last_action': True,
    'optim_alpha': 0.99,
    'optim_eps': 1e-05,
    'render': False,
    'repeat_id': 1,
    'run_name': 'my_run',
    'runner': 'episode',
    'runner_log_interval': 10000,
    'save_model': True,
    'save_model_interval': 500000,
    'save_replay': False,
    'seed': 42,
    'standardise_returns': False,
    'standardise_rewards': True,
    't_max': 5050000,
    'target_update_interval_or_tau': 200,
    'test_greedy': True,
    'test_interval': 50000,
    'test_nepisode': 16,
    'use_cuda': True,
    'use_rnn': True,
    'use_tensorboard': True,
    'work_dir': 'work_dirs/my_experiment/advP_BigMap_IQL_RNN_5M/my_run/20260303_155812'}

/usr/itetnas04/data-scratch-01/pparsons/data/conda_envs/ExpoComm/lib/python3.8/site-packages/pettingzoo/utils/conversions.py:41: UserWarning: The `from_parallel` function is deprecated. Use the `parallel_to_aec` function instead.
  warnings.warn("The `from_parallel` function is deprecated. Use the `parallel_to_aec` function instead.")
/usr/itetnas04/data-scratch-01/pparsons/data/conda_envs/ExpoComm/lib/python3.8/site-packages/pettingzoo/utils/wrappers/base.py:44: UserWarning: The `observation_spaces` dictionary is deprecated. Use the `observation_space` function instead.
  warnings.warn("The `observation_spaces` dictionary is deprecated. Use the `observation_space` function instead.")
/usr/itetnas04/data-scratch-01/pparsons/data/conda_envs/ExpoComm/lib/python3.8/site-packages/pettingzoo/utils/conversions.py:36: UserWarning: The `to_parallel` function is deprecated. Use the `aec_to_parallel` function instead.
  warnings.warn("The `to_parallel` function is deprecated. Use the `aec_to_parallel` function instead.")
/usr/itetnas04/data-scratch-01/pparsons/data/conda_envs/ExpoComm/lib/python3.8/site-packages/pettingzoo/utils/conversions.py:80: UserWarning: The `action_spaces` dictionary is deprecated. Use the `action_space` function instead.
  warnings.warn("The `action_spaces` dictionary is deprecated. Use the `action_space` function instead.")
/usr/itetnas04/data-scratch-01/pparsons/data/conda_envs/ExpoComm/lib/python3.8/site-packages/pettingzoo/utils/wrappers/base.py:52: UserWarning: The `action_spaces` dictionary is deprecated. Use the `action_space` function instead.
  warnings.warn("The `action_spaces` dictionary is deprecated. Use the `action_space` function instead.")
/usr/itetnas04/data-scratch-01/pparsons/data/conda_envs/ExpoComm/lib/python3.8/site-packages/pettingzoo/utils/conversions.py:72: UserWarning: The `observation_spaces` dictionary is deprecated. Use the `observation_space` function instead.
  warnings.warn("The `observation_spaces` dictionary is deprecated. Use the `observation_space` function instead.")
2026-03-03 15:58:30,795 - my_experiment - advP_BigMap_IQL_RNN_5M - my_run - INFO - Loading model from work_dirs/my_experiment/advP_BigMap_IQL_RNN_5M/my_run/20260214_030036/models/4500200
2026-03-03 15:58:30,868 - my_experiment - advP_BigMap_IQL_RNN_5M - my_run - INFO - Beginning training for 5050000 timesteps
/usr/itetnas04/data-scratch-01/pparsons/data/MyExpoComm/src/envs/adv_pursuit_wrappers.py:240: UserWarning: To copy construct from a tensor, it is recommended to use sourceTensor.clone().detach() or sourceTensor.clone().detach().requires_grad_(True), rather than torch.tensor(sourceTensor).
  actions = th.tensor(actions, dtype=th.long)
2026-03-03 15:58:48,840 - my_experiment - advP_BigMap_IQL_RNN_5M - my_run - INFO - t_env: 4500400 / 5050000
2026-03-03 15:58:48,840 - my_experiment - advP_BigMap_IQL_RNN_5M - my_run - INFO - Estimated time left: 2 seconds. Time passed: 17 seconds
2026-03-03 16:00:03,904 - my_experiment - advP_BigMap_IQL_RNN_5M - my_run - INFO - Saving models to work_dirs/my_experiment/advP_BigMap_IQL_RNN_5M/my_run/20260303_155812/models/4500400
2026-03-03 16:00:03,918 - my_experiment - advP_BigMap_IQL_RNN_5M - my_run - INFO - Recent Stats | t_env:    4500400 | Episode:        1
ep_length_mean:          200.0000	episode_length_mean:     199.0000	epsilon:                   0.0500	return_mean:             134.6918
return_std:                0.0000	test_ep_length_mean:     200.0000	test_episode_length_mean:199.0000	test_return_mean:        150.9600
test_return_std:           2.4224	
2026-03-03 16:21:01,479 - my_experiment - advP_BigMap_IQL_RNN_5M - my_run - INFO - t_env: 4550400 / 5050000
2026-03-03 16:21:01,480 - my_experiment - advP_BigMap_IQL_RNN_5M - my_run - INFO - Estimated time left: 3 hours, 41 minutes, 55 seconds. Time passed: 22 minutes, 30 seconds
2026-03-03 16:22:16,458 - my_experiment - advP_BigMap_IQL_RNN_5M - my_run - INFO - Recent Stats | t_env:    4550400 | Episode:      251
ep_length_mean:          200.0000	episode_length_mean:     199.0000	epsilon:                   0.0500	grad_norm:               592.1248
loss:                      8.8642	q_taken_mean:              0.9089	return_mean:             138.0815	return_std:                2.8438
target_mean:               0.9047	td_error_abs:              1.0064	test_ep_length_mean:     200.0000	test_episode_length_mean:199.0000
test_return_mean:        150.9219	test_return_std:           2.5669	
2026-03-03 16:43:17,950 - my_experiment - advP_BigMap_IQL_RNN_5M - my_run - INFO - t_env: 4600400 / 5050000
2026-03-03 16:43:17,951 - my_experiment - advP_BigMap_IQL_RNN_5M - my_run - INFO - Estimated time left: 3 hours, 20 minutes, 17 seconds. Time passed: 44 minutes, 47 seconds
2026-03-03 16:44:32,274 - my_experiment - advP_BigMap_IQL_RNN_5M - my_run - INFO - Recent Stats | t_env:    4600400 | Episode:      501
ep_length_mean:          200.0000	episode_length_mean:     199.0000	epsilon:                   0.0500	grad_norm:               770.7867
loss:                      8.9255	q_taken_mean:              0.8912	return_mean:             139.7267	return_std:                3.0529
target_mean:               0.8855	td_error_abs:              1.0739	test_ep_length_mean:     200.0000	test_episode_length_mean:199.0000
test_return_mean:        151.3272	test_return_std:           2.7224	
2026-03-03 17:05:30,036 - my_experiment - advP_BigMap_IQL_RNN_5M - my_run - INFO - t_env: 4650400 / 5050000
2026-03-03 17:05:30,036 - my_experiment - advP_BigMap_IQL_RNN_5M - my_run - INFO - Estimated time left: 2 hours, 57 minutes, 26 seconds. Time passed: 1 hours, 6 minutes, 59 seconds
2026-03-03 17:06:44,506 - my_experiment - advP_BigMap_IQL_RNN_5M - my_run - INFO - Recent Stats | t_env:    4650400 | Episode:      751
ep_length_mean:          200.0000	episode_length_mean:     199.0000	epsilon:                   0.0500	grad_norm:               916.3169
loss:                      9.0240	q_taken_mean:              0.8695	return_mean:             140.2976	return_std:                2.7553
target_mean:               0.8683	td_error_abs:              1.1603	test_ep_length_mean:     200.0000	test_episode_length_mean:199.0000
test_return_mean:        151.4854	test_return_std:           2.7624	
2026-03-03 17:27:38,410 - my_experiment - advP_BigMap_IQL_RNN_5M - my_run - INFO - t_env: 4700400 / 5050000
2026-03-03 17:27:38,411 - my_experiment - advP_BigMap_IQL_RNN_5M - my_run - INFO - Estimated time left: 2 hours, 34 minutes, 47 seconds. Time passed: 1 hours, 29 minutes, 7 seconds
2026-03-03 17:28:51,227 - my_experiment - advP_BigMap_IQL_RNN_5M - my_run - INFO - Recent Stats | t_env:    4700400 | Episode:     1001
ep_length_mean:          200.0000	episode_length_mean:     199.0000	epsilon:                   0.0500	grad_norm:               864.9994
loss:                      8.7510	q_taken_mean:              0.8639	return_mean:             140.4441	return_std:                2.6213
target_mean:               0.8605	td_error_abs:              1.1158	test_ep_length_mean:     200.0000	test_episode_length_mean:199.0000
test_return_mean:        151.6370	test_return_std:           2.5970	
2026-03-03 17:49:46,779 - my_experiment - advP_BigMap_IQL_RNN_5M - my_run - INFO - t_env: 4750400 / 5050000
2026-03-03 17:49:46,780 - my_experiment - advP_BigMap_IQL_RNN_5M - my_run - INFO - Estimated time left: 2 hours, 12 minutes, 39 seconds. Time passed: 1 hours, 51 minutes, 15 seconds
2026-03-03 17:51:01,154 - my_experiment - advP_BigMap_IQL_RNN_5M - my_run - INFO - Recent Stats | t_env:    4750400 | Episode:     1251
ep_length_mean:          200.0000	episode_length_mean:     199.0000	epsilon:                   0.0500	grad_norm:               460.5106
loss:                      7.8066	q_taken_mean:              0.8620	return_mean:             141.1818	return_std:                2.2655
target_mean:               0.8605	td_error_abs:              0.9499	test_ep_length_mean:     200.0000	test_episode_length_mean:199.0000
test_return_mean:        152.0665	test_return_std:           2.5831	
2026-03-03 18:11:57,765 - my_experiment - advP_BigMap_IQL_RNN_5M - my_run - INFO - t_env: 4800400 / 5050000
2026-03-03 18:11:57,766 - my_experiment - advP_BigMap_IQL_RNN_5M - my_run - INFO - Estimated time left: 1 hours, 50 minutes, 44 seconds. Time passed: 2 hours, 13 minutes, 26 seconds
2026-03-03 18:13:12,054 - my_experiment - advP_BigMap_IQL_RNN_5M - my_run - INFO - Recent Stats | t_env:    4800400 | Episode:     1501
ep_length_mean:          200.0000	episode_length_mean:     199.0000	epsilon:                   0.0500	grad_norm:               691.4561
loss:                      7.9569	q_taken_mean:              0.8589	return_mean:             142.1940	return_std:                2.0951
target_mean:               0.8580	td_error_abs:              1.0081	test_ep_length_mean:     200.0000	test_episode_length_mean:199.0000
test_return_mean:        152.3477	test_return_std:           2.8660	
2026-03-03 18:34:08,504 - my_experiment - advP_BigMap_IQL_RNN_5M - my_run - INFO - t_env: 4850400 / 5050000
2026-03-03 18:34:08,505 - my_experiment - advP_BigMap_IQL_RNN_5M - my_run - INFO - Estimated time left: 1 hours, 28 minutes, 32 seconds. Time passed: 2 hours, 35 minutes, 37 seconds
2026-03-03 18:35:22,862 - my_experiment - advP_BigMap_IQL_RNN_5M - my_run - INFO - Recent Stats | t_env:    4850400 | Episode:     1751
ep_length_mean:          200.0000	episode_length_mean:     199.0000	epsilon:                   0.0500	grad_norm:               570.6655
loss:                      7.5368	q_taken_mean:              0.8475	return_mean:             141.5942	return_std:                2.0697
target_mean:               0.8432	td_error_abs:              0.9332	test_ep_length_mean:     200.0000	test_episode_length_mean:199.0000
test_return_mean:        152.4861	test_return_std:           2.7419	
2026-03-03 18:56:19,712 - my_experiment - advP_BigMap_IQL_RNN_5M - my_run - INFO - t_env: 4900400 / 5050000
2026-03-03 18:56:19,713 - my_experiment - advP_BigMap_IQL_RNN_5M - my_run - INFO - Estimated time left: 1 hours, 6 minutes, 22 seconds. Time passed: 2 hours, 57 minutes, 48 seconds
2026-03-03 18:57:33,956 - my_experiment - advP_BigMap_IQL_RNN_5M - my_run - INFO - Recent Stats | t_env:    4900400 | Episode:     2001
ep_length_mean:          200.0000	episode_length_mean:     199.0000	epsilon:                   0.0500	grad_norm:               597.9241
loss:                      7.9652	q_taken_mean:              0.8200	return_mean:             141.7322	return_std:                2.1775
target_mean:               0.8226	td_error_abs:              1.0894	test_ep_length_mean:     200.0000	test_episode_length_mean:199.0000
test_return_mean:        152.8763	test_return_std:           2.4547	
2026-03-03 19:18:31,214 - my_experiment - advP_BigMap_IQL_RNN_5M - my_run - INFO - t_env: 4950400 / 5050000
2026-03-03 19:18:31,216 - my_experiment - advP_BigMap_IQL_RNN_5M - my_run - INFO - Estimated time left: 44 minutes, 12 seconds. Time passed: 3 hours, 20 minutes, 0 seconds
2026-03-03 19:19:45,601 - my_experiment - advP_BigMap_IQL_RNN_5M - my_run - INFO - Recent Stats | t_env:    4950400 | Episode:     2251
ep_length_mean:          200.0000	episode_length_mean:     199.0000	epsilon:                   0.0500	grad_norm:               374.6480
loss:                      7.4684	q_taken_mean:              0.8321	return_mean:             141.8655	return_std:                2.2867
target_mean:               0.8259	td_error_abs:              0.9403	test_ep_length_mean:     200.0000	test_episode_length_mean:199.0000
test_return_mean:        153.0477	test_return_std:           2.4498	
2026-03-03 19:40:41,055 - my_experiment - advP_BigMap_IQL_RNN_5M - my_run - INFO - t_env: 5000400 / 5050000
2026-03-03 19:40:41,056 - my_experiment - advP_BigMap_IQL_RNN_5M - my_run - INFO - Estimated time left: 21 minutes, 59 seconds. Time passed: 3 hours, 42 minutes, 10 seconds
2026-03-03 19:41:55,243 - my_experiment - advP_BigMap_IQL_RNN_5M - my_run - INFO - Saving models to work_dirs/my_experiment/advP_BigMap_IQL_RNN_5M/my_run/20260303_155812/models/5000400
2026-03-03 19:41:55,256 - my_experiment - advP_BigMap_IQL_RNN_5M - my_run - INFO - Recent Stats | t_env:    5000400 | Episode:     2501
ep_length_mean:          200.0000	episode_length_mean:     199.0000	epsilon:                   0.0500	grad_norm:               593.5990
loss:                      7.2488	q_taken_mean:              0.8234	return_mean:             142.1309	return_std:                2.4306
target_mean:               0.8220	td_error_abs:              0.9694	test_ep_length_mean:     200.0000	test_episode_length_mean:199.0000
test_return_mean:        152.9881	test_return_std:           2.5010	
2026-03-03 20:02:46,673 - my_experiment - advP_BigMap_IQL_RNN_5M - my_run - INFO - Finished Training
