Gym has been unmaintained since 2022 and does not support NumPy 2.0 amongst other critical functionality.
Please upgrade to Gymnasium, the maintained drop-in replacement of Gym, or contact the authors of your software and request that they upgrade.
Users of this version of Gym should be able to simply replace 'import gym' with 'import gymnasium as gym' in the vast majority of cases.
See the migration guide at https://gymnasium.farama.org/introduction/migration_guide/ for additional information.
src/main.py:81: DeprecationWarning: Using or importing the ABCs from 'collections' instead of from 'collections.abc' is deprecated since Python 3.3, and in 3.10 it will stop working
  if isinstance(v, collections.Mapping):
wandb: [wandb.login()] Loaded credentials for https://api.wandb.ai from /home/pparsons/.netrc.
wandb: Currently logged in as: peterparsons02 (peterparsons02-eth-z-rich) to https://api.wandb.ai. Use `wandb login --relogin` to force relogin
wandb: setting up run bmpngmiv
wandb: Tracking run with wandb version 0.24.1
wandb: Run data is saved locally in /usr/itetnas04/data-scratch-01/pparsons/data/MyExpoComm/wandb/run-20260214_030037-bmpngmiv
wandb: Run `wandb offline` to turn off syncing.
wandb: Syncing run my_run-advP_BigMap_IQL_RNN_5M-20260214_030036
wandb: ⭐️ View project at https://wandb.ai/peterparsons02-eth-z-rich/my_experiment
wandb: 🚀 View run at https://wandb.ai/peterparsons02-eth-z-rich/my_experiment/runs/bmpngmiv
2026-02-14 03:00:39,279 - my_experiment - advP_BigMap_IQL_RNN_5M - my_run - INFO - Current directory: /usr/itetnas04/data-scratch-01/pparsons/data/MyExpoComm.
2026-02-14 03:00:39,279 - my_experiment - advP_BigMap_IQL_RNN_5M - my_run - INFO - Experiment Parameters:
2026-02-14 03:00:39,281 - my_experiment - advP_BigMap_IQL_RNN_5M - my_run - INFO - 

{   'action_selector': 'epsilon_greedy',
    'add_value_last_step': True,
    'agent': 'rnn',
    'agent_output_type': 'q',
    'batch_size': 32,
    'batch_size_run': 1,
    'buffer_cpu_only': True,
    'buffer_size': 5000,
    'checkpoint_path': '',
    'double_q': True,
    'env': 'MAgent_AdvPursuit',
    'env_args': {   'global_reward': False,
                    'map_name': 'adversarial_pursuit_view8',
                    'map_size': 70,
                    'max_cycles': 200,
                    'minimap_mode': True,
                    'pretrained_ckpt': 'prey_params.pt',
                    'seed': 42},
    'epsilon_anneal_time': 1000000,
    'epsilon_finish': 0.05,
    'epsilon_start': 1.0,
    'evaluate': False,
    'evaluation_epsilon': 0.0,
    'exp_name': 'my_experiment',
    'gamma': 0.99,
    'global_reward': True,
    'grad_norm_clip': 10,
    'hidden_dim': 64,
    'hypergroup': None,
    'label': 'default_label',
    'learner': 'q_learner',
    'learner_log_interval': 10000,
    'load_step': 0,
    'local_results_path': 'results',
    'log_interval': 50000,
    'lr': 0.0005,
    'mac': 'basic_mac',
    'mixer': None,
    'name': 'advP_BigMap_IQL_RNN_5M',
    'obs_agent_id': True,
    'obs_individual_obs': False,
    'obs_last_action': True,
    'optim_alpha': 0.99,
    'optim_eps': 1e-05,
    'render': False,
    'repeat_id': 1,
    'run_name': 'my_run',
    'runner': 'episode',
    'runner_log_interval': 10000,
    'save_model': True,
    'save_model_interval': 500000,
    'save_replay': False,
    'seed': 42,
    'standardise_returns': False,
    'standardise_rewards': True,
    't_max': 5050000,
    'target_update_interval_or_tau': 200,
    'test_greedy': True,
    'test_interval': 50000,
    'test_nepisode': 16,
    'use_cuda': True,
    'use_rnn': True,
    'use_tensorboard': True,
    'work_dir': 'work_dirs/my_experiment/advP_BigMap_IQL_RNN_5M/my_run/20260214_030036'}

/usr/itetnas04/data-scratch-01/pparsons/data/conda_envs/ExpoComm/lib/python3.8/site-packages/pettingzoo/utils/conversions.py:41: UserWarning: The `from_parallel` function is deprecated. Use the `parallel_to_aec` function instead.
  warnings.warn("The `from_parallel` function is deprecated. Use the `parallel_to_aec` function instead.")
/usr/itetnas04/data-scratch-01/pparsons/data/conda_envs/ExpoComm/lib/python3.8/site-packages/pettingzoo/utils/wrappers/base.py:44: UserWarning: The `observation_spaces` dictionary is deprecated. Use the `observation_space` function instead.
  warnings.warn("The `observation_spaces` dictionary is deprecated. Use the `observation_space` function instead.")
/usr/itetnas04/data-scratch-01/pparsons/data/conda_envs/ExpoComm/lib/python3.8/site-packages/pettingzoo/utils/conversions.py:36: UserWarning: The `to_parallel` function is deprecated. Use the `aec_to_parallel` function instead.
  warnings.warn("The `to_parallel` function is deprecated. Use the `aec_to_parallel` function instead.")
/usr/itetnas04/data-scratch-01/pparsons/data/conda_envs/ExpoComm/lib/python3.8/site-packages/pettingzoo/utils/conversions.py:80: UserWarning: The `action_spaces` dictionary is deprecated. Use the `action_space` function instead.
  warnings.warn("The `action_spaces` dictionary is deprecated. Use the `action_space` function instead.")
/usr/itetnas04/data-scratch-01/pparsons/data/conda_envs/ExpoComm/lib/python3.8/site-packages/pettingzoo/utils/wrappers/base.py:52: UserWarning: The `action_spaces` dictionary is deprecated. Use the `action_space` function instead.
  warnings.warn("The `action_spaces` dictionary is deprecated. Use the `action_space` function instead.")
/usr/itetnas04/data-scratch-01/pparsons/data/conda_envs/ExpoComm/lib/python3.8/site-packages/pettingzoo/utils/conversions.py:72: UserWarning: The `observation_spaces` dictionary is deprecated. Use the `observation_space` function instead.
  warnings.warn("The `observation_spaces` dictionary is deprecated. Use the `observation_space` function instead.")
2026-02-14 03:00:56,959 - my_experiment - advP_BigMap_IQL_RNN_5M - my_run - INFO - Beginning training for 5050000 timesteps
/usr/itetnas04/data-scratch-01/pparsons/data/MyExpoComm/src/envs/adv_pursuit_wrappers.py:240: UserWarning: To copy construct from a tensor, it is recommended to use sourceTensor.clone().detach() or sourceTensor.clone().detach().requires_grad_(True), rather than torch.tensor(sourceTensor).
  actions = th.tensor(actions, dtype=th.long)
2026-02-14 03:01:03,426 - my_experiment - advP_BigMap_IQL_RNN_5M - my_run - INFO - t_env: 200 / 5050000
2026-02-14 03:01:03,427 - my_experiment - advP_BigMap_IQL_RNN_5M - my_run - INFO - Estimated time left: 10 minutes, 50 seconds. Time passed: 6 seconds
2026-02-14 03:02:38,360 - my_experiment - advP_BigMap_IQL_RNN_5M - my_run - INFO - Saving models to work_dirs/my_experiment/advP_BigMap_IQL_RNN_5M/my_run/20260214_030036/models/200
2026-02-14 03:28:44,687 - my_experiment - advP_BigMap_IQL_RNN_5M - my_run - INFO - Recent Stats | t_env:      50000 | Episode:      250
ep_length_mean:          200.0000	episode_length_mean:     199.0000	epsilon:                   0.9620	grad_norm:                 0.9396
loss:                      1.0030	q_taken_mean:              0.0005	return_mean:             -20.3081	return_std:                0.4680
target_mean:               0.0040	td_error_abs:              0.5048	test_ep_length_mean:     200.0000	test_episode_length_mean:199.0000
test_return_mean:         -6.3631	test_return_std:           2.1784	
2026-02-14 03:28:50,963 - my_experiment - advP_BigMap_IQL_RNN_5M - my_run - INFO - t_env: 50200 / 5050000
2026-02-14 03:28:50,964 - my_experiment - advP_BigMap_IQL_RNN_5M - my_run - INFO - Estimated time left: 1 days, 22 hours, 19 minutes, 6 seconds. Time passed: 27 minutes, 54 seconds
2026-02-14 03:56:44,413 - my_experiment - advP_BigMap_IQL_RNN_5M - my_run - INFO - Recent Stats | t_env:     100000 | Episode:      500
ep_length_mean:          200.0000	episode_length_mean:     199.0000	epsilon:                   0.9145	grad_norm:                 2.6157
loss:                      1.4335	q_taken_mean:              0.0211	return_mean:             -17.0335	return_std:                0.9729
target_mean:               0.0265	td_error_abs:              0.6252	test_ep_length_mean:     200.0000	test_episode_length_mean:199.0000
test_return_mean:         27.7836	test_return_std:           5.9479	
2026-02-14 03:56:50,746 - my_experiment - advP_BigMap_IQL_RNN_5M - my_run - INFO - t_env: 100200 / 5050000
2026-02-14 03:56:50,746 - my_experiment - advP_BigMap_IQL_RNN_5M - my_run - INFO - Estimated time left: 1 days, 22 hours, 11 minutes, 31 seconds. Time passed: 55 minutes, 53 seconds
2026-02-14 04:24:34,650 - my_experiment - advP_BigMap_IQL_RNN_5M - my_run - INFO - Recent Stats | t_env:     150000 | Episode:      750
ep_length_mean:          200.0000	episode_length_mean:     199.0000	epsilon:                   0.8670	grad_norm:                 4.5644
loss:                      2.5177	q_taken_mean:              0.0537	return_mean:             -11.5880	return_std:                1.1691
target_mean:               0.0604	td_error_abs:              0.8946	test_ep_length_mean:     200.0000	test_episode_length_mean:199.0000
test_return_mean:         57.7431	test_return_std:           5.6581	
2026-02-14 04:24:40,979 - my_experiment - advP_BigMap_IQL_RNN_5M - my_run - INFO - t_env: 150200 / 5050000
2026-02-14 04:24:40,980 - my_experiment - advP_BigMap_IQL_RNN_5M - my_run - INFO - Estimated time left: 1 days, 21 hours, 27 minutes, 56 seconds. Time passed: 1 hours, 23 minutes, 44 seconds
2026-02-14 04:52:24,869 - my_experiment - advP_BigMap_IQL_RNN_5M - my_run - INFO - Recent Stats | t_env:     200000 | Episode:     1000
ep_length_mean:          200.0000	episode_length_mean:     199.0000	epsilon:                   0.8195	grad_norm:                 7.3615
loss:                      3.6662	q_taken_mean:              0.0964	return_mean:              -6.9584	return_std:                1.4280
target_mean:               0.1043	td_error_abs:              1.1375	test_ep_length_mean:     200.0000	test_episode_length_mean:199.0000
test_return_mean:         74.7034	test_return_std:           5.9003	
2026-02-14 04:52:31,172 - my_experiment - advP_BigMap_IQL_RNN_5M - my_run - INFO - t_env: 200200 / 5050000
2026-02-14 04:52:31,173 - my_experiment - advP_BigMap_IQL_RNN_5M - my_run - INFO - Estimated time left: 1 days, 21 hours, 2 seconds. Time passed: 1 hours, 51 minutes, 34 seconds
2026-02-14 05:20:13,747 - my_experiment - advP_BigMap_IQL_RNN_5M - my_run - INFO - Recent Stats | t_env:     250000 | Episode:     1250
ep_length_mean:          200.0000	episode_length_mean:     199.0000	epsilon:                   0.7720	grad_norm:                22.2030
loss:                      6.8113	q_taken_mean:              0.1507	return_mean:               0.9573	return_std:                1.7424
target_mean:               0.1686	td_error_abs:              1.6611	test_ep_length_mean:     200.0000	test_episode_length_mean:199.0000
test_return_mean:         85.0974	test_return_std:           5.9903	
2026-02-14 05:20:20,054 - my_experiment - advP_BigMap_IQL_RNN_5M - my_run - INFO - t_env: 250200 / 5050000
2026-02-14 05:20:20,054 - my_experiment - advP_BigMap_IQL_RNN_5M - my_run - INFO - Estimated time left: 1 days, 20 hours, 30 minutes, 5 seconds. Time passed: 2 hours, 19 minutes, 23 seconds
2026-02-14 05:48:02,679 - my_experiment - advP_BigMap_IQL_RNN_5M - my_run - INFO - Recent Stats | t_env:     300000 | Episode:     1500
ep_length_mean:          200.0000	episode_length_mean:     199.0000	epsilon:                   0.7245	grad_norm:                14.5902
loss:                      5.9367	q_taken_mean:              0.2222	return_mean:               9.7566	return_std:                2.1385
target_mean:               0.2322	td_error_abs:              1.4684	test_ep_length_mean:     200.0000	test_episode_length_mean:199.0000
test_return_mean:        110.2546	test_return_std:           7.5207	
2026-02-14 05:48:08,970 - my_experiment - advP_BigMap_IQL_RNN_5M - my_run - INFO - t_env: 300200 / 5050000
2026-02-14 05:48:08,971 - my_experiment - advP_BigMap_IQL_RNN_5M - my_run - INFO - Estimated time left: 1 days, 20 hours, 2 minutes, 20 seconds. Time passed: 2 hours, 47 minutes, 12 seconds
2026-02-14 06:16:03,598 - my_experiment - advP_BigMap_IQL_RNN_5M - my_run - INFO - Recent Stats | t_env:     350000 | Episode:     1750
ep_length_mean:          200.0000	episode_length_mean:     199.0000	epsilon:                   0.6770	grad_norm:                15.8656
loss:                      6.8610	q_taken_mean:              0.2857	return_mean:              17.7931	return_std:                2.0628
target_mean:               0.2953	td_error_abs:              1.5307	test_ep_length_mean:     200.0000	test_episode_length_mean:199.0000
test_return_mean:        123.9753	test_return_std:           7.2356	
2026-02-14 06:16:09,879 - my_experiment - advP_BigMap_IQL_RNN_5M - my_run - INFO - t_env: 350200 / 5050000
2026-02-14 06:16:09,879 - my_experiment - advP_BigMap_IQL_RNN_5M - my_run - INFO - Estimated time left: 1 days, 19 hours, 53 minutes, 18 seconds. Time passed: 3 hours, 15 minutes, 12 seconds
2026-02-14 06:43:52,804 - my_experiment - advP_BigMap_IQL_RNN_5M - my_run - INFO - Recent Stats | t_env:     400000 | Episode:     2000
ep_length_mean:          200.0000	episode_length_mean:     199.0000	epsilon:                   0.6295	grad_norm:                15.5145
loss:                      8.0437	q_taken_mean:              0.3585	return_mean:              26.8788	return_std:                2.2295
target_mean:               0.3682	td_error_abs:              1.6056	test_ep_length_mean:     200.0000	test_episode_length_mean:199.0000
test_return_mean:        126.1818	test_return_std:           7.6915	
2026-02-14 06:43:59,118 - my_experiment - advP_BigMap_IQL_RNN_5M - my_run - INFO - t_env: 400200 / 5050000
2026-02-14 06:43:59,118 - my_experiment - advP_BigMap_IQL_RNN_5M - my_run - INFO - Estimated time left: 1 days, 19 hours, 7 minutes, 12 seconds. Time passed: 3 hours, 43 minutes, 2 seconds
2026-02-14 07:11:43,357 - my_experiment - advP_BigMap_IQL_RNN_5M - my_run - INFO - Recent Stats | t_env:     450000 | Episode:     2250
ep_length_mean:          200.0000	episode_length_mean:     199.0000	epsilon:                   0.5820	grad_norm:                32.5297
loss:                     10.9221	q_taken_mean:              0.4247	return_mean:              35.5006	return_std:                2.3311
target_mean:               0.4422	td_error_abs:              1.9678	test_ep_length_mean:     200.0000	test_episode_length_mean:199.0000
test_return_mean:        127.2603	test_return_std:           8.0222	
2026-02-14 07:11:49,685 - my_experiment - advP_BigMap_IQL_RNN_5M - my_run - INFO - t_env: 450200 / 5050000
2026-02-14 07:11:49,686 - my_experiment - advP_BigMap_IQL_RNN_5M - my_run - INFO - Estimated time left: 1 days, 18 hours, 41 minutes, 25 seconds. Time passed: 4 hours, 10 minutes, 52 seconds
2026-02-14 07:39:33,576 - my_experiment - advP_BigMap_IQL_RNN_5M - my_run - INFO - Recent Stats | t_env:     500000 | Episode:     2500
ep_length_mean:          200.0000	episode_length_mean:     199.0000	epsilon:                   0.5345	grad_norm:                16.7920
loss:                     10.5567	q_taken_mean:              0.4971	return_mean:              44.1445	return_std:                2.4693
target_mean:               0.5057	td_error_abs:              1.6633	test_ep_length_mean:     200.0000	test_episode_length_mean:199.0000
test_return_mean:        128.1145	test_return_std:           7.7189	
2026-02-14 07:39:39,878 - my_experiment - advP_BigMap_IQL_RNN_5M - my_run - INFO - t_env: 500200 / 5050000
2026-02-14 07:39:39,878 - my_experiment - advP_BigMap_IQL_RNN_5M - my_run - INFO - Estimated time left: 1 days, 18 hours, 13 minutes, 0 seconds. Time passed: 4 hours, 38 minutes, 42 seconds
2026-02-14 07:41:15,042 - my_experiment - advP_BigMap_IQL_RNN_5M - my_run - INFO - Saving models to work_dirs/my_experiment/advP_BigMap_IQL_RNN_5M/my_run/20260214_030036/models/500200
2026-02-14 08:07:33,842 - my_experiment - advP_BigMap_IQL_RNN_5M - my_run - INFO - Recent Stats | t_env:     550000 | Episode:     2750
ep_length_mean:          200.0000	episode_length_mean:     199.0000	epsilon:                   0.4870	grad_norm:                19.4161
loss:                     11.8186	q_taken_mean:              0.5504	return_mean:              53.3006	return_std:                2.4188
target_mean:               0.5583	td_error_abs:              1.6624	test_ep_length_mean:     200.0000	test_episode_length_mean:199.0000
test_return_mean:        131.6877	test_return_std:           7.5418	
2026-02-14 08:07:40,129 - my_experiment - advP_BigMap_IQL_RNN_5M - my_run - INFO - t_env: 550200 / 5050000
2026-02-14 08:07:40,130 - my_experiment - advP_BigMap_IQL_RNN_5M - my_run - INFO - Estimated time left: 1 days, 18 hours, 15 seconds. Time passed: 5 hours, 6 minutes, 43 seconds
2026-02-14 08:35:22,432 - my_experiment - advP_BigMap_IQL_RNN_5M - my_run - INFO - Recent Stats | t_env:     600000 | Episode:     3000
ep_length_mean:          200.0000	episode_length_mean:     199.0000	epsilon:                   0.4395	grad_norm:                14.3812
loss:                     12.9819	q_taken_mean:              0.6180	return_mean:              62.2738	return_std:                2.5472
target_mean:               0.6256	td_error_abs:              1.6271	test_ep_length_mean:     200.0000	test_episode_length_mean:199.0000
test_return_mean:        132.4583	test_return_std:           6.9658	
2026-02-14 08:35:28,796 - my_experiment - advP_BigMap_IQL_RNN_5M - my_run - INFO - t_env: 600200 / 5050000
2026-02-14 08:35:28,797 - my_experiment - advP_BigMap_IQL_RNN_5M - my_run - INFO - Estimated time left: 1 days, 17 hours, 15 minutes, 4 seconds. Time passed: 5 hours, 34 minutes, 31 seconds
2026-02-14 09:03:11,891 - my_experiment - advP_BigMap_IQL_RNN_5M - my_run - INFO - Recent Stats | t_env:     650000 | Episode:     3250
ep_length_mean:          200.0000	episode_length_mean:     199.0000	epsilon:                   0.3920	grad_norm:                29.9768
loss:                     15.2149	q_taken_mean:              0.6641	return_mean:              71.0703	return_std:                2.5719
target_mean:               0.6773	td_error_abs:              1.8943	test_ep_length_mean:     200.0000	test_episode_length_mean:199.0000
test_return_mean:        134.0539	test_return_std:           7.0153	
2026-02-14 09:03:18,159 - my_experiment - advP_BigMap_IQL_RNN_5M - my_run - INFO - t_env: 650200 / 5050000
2026-02-14 09:03:18,160 - my_experiment - advP_BigMap_IQL_RNN_5M - my_run - INFO - Estimated time left: 1 days, 16 hours, 48 minutes, 17 seconds. Time passed: 6 hours, 2 minutes, 21 seconds
2026-02-14 09:31:00,864 - my_experiment - advP_BigMap_IQL_RNN_5M - my_run - INFO - Recent Stats | t_env:     700000 | Episode:     3500
ep_length_mean:          200.0000	episode_length_mean:     199.0000	epsilon:                   0.3445	grad_norm:                18.9330
loss:                     15.3923	q_taken_mean:              0.7039	return_mean:              80.1509	return_std:                2.5598
target_mean:               0.7109	td_error_abs:              1.6515	test_ep_length_mean:     200.0000	test_episode_length_mean:199.0000
test_return_mean:        136.2173	test_return_std:           6.5969	
2026-02-14 09:31:07,147 - my_experiment - advP_BigMap_IQL_RNN_5M - my_run - INFO - t_env: 700200 / 5050000
2026-02-14 09:31:07,147 - my_experiment - advP_BigMap_IQL_RNN_5M - my_run - INFO - Estimated time left: 1 days, 16 hours, 19 minutes, 55 seconds. Time passed: 6 hours, 30 minutes, 10 seconds
2026-02-14 09:58:49,077 - my_experiment - advP_BigMap_IQL_RNN_5M - my_run - INFO - Recent Stats | t_env:     750000 | Episode:     3750
ep_length_mean:          200.0000	episode_length_mean:     199.0000	epsilon:                   0.2970	grad_norm:                21.4267
loss:                     16.3010	q_taken_mean:              0.7432	return_mean:              89.0996	return_std:                2.4028
target_mean:               0.7490	td_error_abs:              1.6263	test_ep_length_mean:     200.0000	test_episode_length_mean:199.0000
test_return_mean:        138.8335	test_return_std:           6.6447	
2026-02-14 09:58:55,381 - my_experiment - advP_BigMap_IQL_RNN_5M - my_run - INFO - t_env: 750200 / 5050000
2026-02-14 09:58:55,382 - my_experiment - advP_BigMap_IQL_RNN_5M - my_run - INFO - Estimated time left: 1 days, 15 hours, 51 minutes, 1 seconds. Time passed: 6 hours, 57 minutes, 58 seconds
2026-02-14 10:26:37,694 - my_experiment - advP_BigMap_IQL_RNN_5M - my_run - INFO - Recent Stats | t_env:     800000 | Episode:     4000
ep_length_mean:          200.0000	episode_length_mean:     199.0000	epsilon:                   0.2495	grad_norm:                19.8921
loss:                     17.5147	q_taken_mean:              0.7965	return_mean:              98.2025	return_std:                2.4496
target_mean:               0.8026	td_error_abs:              1.5803	test_ep_length_mean:     200.0000	test_episode_length_mean:199.0000
test_return_mean:        139.7540	test_return_std:           5.9547	
2026-02-14 10:26:43,996 - my_experiment - advP_BigMap_IQL_RNN_5M - my_run - INFO - t_env: 800200 / 5050000
2026-02-14 10:26:43,997 - my_experiment - advP_BigMap_IQL_RNN_5M - my_run - INFO - Estimated time left: 1 days, 15 hours, 23 minutes, 45 seconds. Time passed: 7 hours, 25 minutes, 47 seconds
2026-02-14 10:54:36,478 - my_experiment - advP_BigMap_IQL_RNN_5M - my_run - INFO - Recent Stats | t_env:     850000 | Episode:     4250
ep_length_mean:          200.0000	episode_length_mean:     199.0000	epsilon:                   0.2020	grad_norm:                33.8480
loss:                     19.0549	q_taken_mean:              0.8287	return_mean:             106.8742	return_std:                2.8900
target_mean:               0.8385	td_error_abs:              1.7524	test_ep_length_mean:     200.0000	test_episode_length_mean:199.0000
test_return_mean:        142.0621	test_return_std:           5.6497	
2026-02-14 10:54:42,759 - my_experiment - advP_BigMap_IQL_RNN_5M - my_run - INFO - t_env: 850200 / 5050000
2026-02-14 10:54:42,759 - my_experiment - advP_BigMap_IQL_RNN_5M - my_run - INFO - Estimated time left: 1 days, 15 hours, 10 minutes, 9 seconds. Time passed: 7 hours, 53 minutes, 45 seconds
2026-02-14 11:22:28,259 - my_experiment - advP_BigMap_IQL_RNN_5M - my_run - INFO - Recent Stats | t_env:     900000 | Episode:     4500
ep_length_mean:          200.0000	episode_length_mean:     199.0000	epsilon:                   0.1545	grad_norm:                18.0463
loss:                     19.2810	q_taken_mean:              0.8667	return_mean:             115.6110	return_std:                2.7446
target_mean:               0.8713	td_error_abs:              1.5640	test_ep_length_mean:     200.0000	test_episode_length_mean:199.0000
test_return_mean:        143.8924	test_return_std:           5.1609	
2026-02-14 11:22:34,558 - my_experiment - advP_BigMap_IQL_RNN_5M - my_run - INFO - t_env: 900200 / 5050000
2026-02-14 11:22:34,559 - my_experiment - advP_BigMap_IQL_RNN_5M - my_run - INFO - Estimated time left: 1 days, 14 hours, 32 minutes, 32 seconds. Time passed: 8 hours, 21 minutes, 37 seconds
2026-02-14 11:50:16,559 - my_experiment - advP_BigMap_IQL_RNN_5M - my_run - INFO - Recent Stats | t_env:     950000 | Episode:     4750
ep_length_mean:          200.0000	episode_length_mean:     199.0000	epsilon:                   0.1070	grad_norm:                21.8596
loss:                     20.0683	q_taken_mean:              0.9103	return_mean:             124.7966	return_std:                3.2253
target_mean:               0.9146	td_error_abs:              1.4681	test_ep_length_mean:     200.0000	test_episode_length_mean:199.0000
test_return_mean:        144.4929	test_return_std:           4.8510	
2026-02-14 11:50:22,852 - my_experiment - advP_BigMap_IQL_RNN_5M - my_run - INFO - t_env: 950200 / 5050000
2026-02-14 11:50:22,853 - my_experiment - advP_BigMap_IQL_RNN_5M - my_run - INFO - Estimated time left: 1 days, 13 hours, 59 minutes, 53 seconds. Time passed: 8 hours, 49 minutes, 25 seconds
2026-02-14 12:18:13,578 - my_experiment - advP_BigMap_IQL_RNN_5M - my_run - INFO - Recent Stats | t_env:    1000000 | Episode:     5000
ep_length_mean:          200.0000	episode_length_mean:     199.0000	epsilon:                   0.0595	grad_norm:                17.6162
loss:                     20.7307	q_taken_mean:              0.9318	return_mean:             133.2320	return_std:                3.2166
target_mean:               0.9362	td_error_abs:              1.4611	test_ep_length_mean:     200.0000	test_episode_length_mean:199.0000
test_return_mean:        144.4497	test_return_std:           4.7947	
2026-02-14 12:18:19,912 - my_experiment - advP_BigMap_IQL_RNN_5M - my_run - INFO - t_env: 1000200 / 5050000
2026-02-14 12:18:19,913 - my_experiment - advP_BigMap_IQL_RNN_5M - my_run - INFO - Estimated time left: 1 days, 13 hours, 43 minutes, 55 seconds. Time passed: 9 hours, 17 minutes, 22 seconds
2026-02-14 12:19:54,553 - my_experiment - advP_BigMap_IQL_RNN_5M - my_run - INFO - Saving models to work_dirs/my_experiment/advP_BigMap_IQL_RNN_5M/my_run/20260214_030036/models/1000200
2026-02-14 12:46:02,653 - my_experiment - advP_BigMap_IQL_RNN_5M - my_run - INFO - Recent Stats | t_env:    1050000 | Episode:     5250
ep_length_mean:          200.0000	episode_length_mean:     199.0000	epsilon:                   0.0500	grad_norm:                24.9564
loss:                     21.6599	q_taken_mean:              0.9627	return_mean:             138.7552	return_std:                3.9767
target_mean:               0.9701	td_error_abs:              1.5410	test_ep_length_mean:     200.0000	test_episode_length_mean:199.0000
test_return_mean:        145.3524	test_return_std:           4.3209	
2026-02-14 12:46:08,967 - my_experiment - advP_BigMap_IQL_RNN_5M - my_run - INFO - t_env: 1050200 / 5050000
2026-02-14 12:46:08,967 - my_experiment - advP_BigMap_IQL_RNN_5M - my_run - INFO - Estimated time left: 1 days, 13 hours, 5 minutes, 17 seconds. Time passed: 9 hours, 45 minutes, 12 seconds
2026-02-14 13:14:22,603 - my_experiment - advP_BigMap_IQL_RNN_5M - my_run - INFO - Recent Stats | t_env:    1100000 | Episode:     5500
ep_length_mean:          200.0000	episode_length_mean:     199.0000	epsilon:                   0.0500	grad_norm:                17.8821
loss:                     21.9631	q_taken_mean:              0.9806	return_mean:             139.7923	return_std:                3.4936
target_mean:               0.9840	td_error_abs:              1.3934	test_ep_length_mean:     200.0000	test_episode_length_mean:199.0000
test_return_mean:        145.5141	test_return_std:           4.4766	
2026-02-14 13:14:29,088 - my_experiment - advP_BigMap_IQL_RNN_5M - my_run - INFO - t_env: 1100200 / 5050000
2026-02-14 13:14:29,089 - my_experiment - advP_BigMap_IQL_RNN_5M - my_run - INFO - Estimated time left: 1 days, 13 hours, 18 minutes, 22 seconds. Time passed: 10 hours, 13 minutes, 32 seconds
2026-02-14 13:42:47,219 - my_experiment - advP_BigMap_IQL_RNN_5M - my_run - INFO - Recent Stats | t_env:    1150000 | Episode:     5750
ep_length_mean:          200.0000	episode_length_mean:     199.0000	epsilon:                   0.0500	grad_norm:                13.8092
loss:                     22.6452	q_taken_mean:              1.0239	return_mean:             139.7819	return_std:                3.4355
target_mean:               1.0270	td_error_abs:              1.2849	test_ep_length_mean:     200.0000	test_episode_length_mean:199.0000
test_return_mean:        146.0200	test_return_std:           4.3325	
2026-02-14 13:42:53,667 - my_experiment - advP_BigMap_IQL_RNN_5M - my_run - INFO - t_env: 1150200 / 5050000
2026-02-14 13:42:53,668 - my_experiment - advP_BigMap_IQL_RNN_5M - my_run - INFO - Estimated time left: 1 days, 12 hours, 55 minutes, 50 seconds. Time passed: 10 hours, 41 minutes, 56 seconds
2026-02-14 14:11:20,611 - my_experiment - advP_BigMap_IQL_RNN_5M - my_run - INFO - Recent Stats | t_env:    1200000 | Episode:     6000
ep_length_mean:          200.0000	episode_length_mean:     199.0000	epsilon:                   0.0500	grad_norm:                 7.9521
loss:                     23.4683	q_taken_mean:              1.0590	return_mean:             140.0747	return_std:                3.5963
target_mean:               1.0616	td_error_abs:              1.2268	test_ep_length_mean:     200.0000	test_episode_length_mean:199.0000
test_return_mean:        146.2495	test_return_std:           4.1736	
2026-02-14 14:11:27,055 - my_experiment - advP_BigMap_IQL_RNN_5M - my_run - INFO - t_env: 1200200 / 5050000
2026-02-14 14:11:27,056 - my_experiment - advP_BigMap_IQL_RNN_5M - my_run - INFO - Estimated time left: 1 days, 12 hours, 38 minutes, 43 seconds. Time passed: 11 hours, 10 minutes, 30 seconds
2026-02-14 14:39:49,942 - my_experiment - advP_BigMap_IQL_RNN_5M - my_run - INFO - Recent Stats | t_env:    1250000 | Episode:     6250
ep_length_mean:          200.0000	episode_length_mean:     199.0000	epsilon:                   0.0500	grad_norm:                12.6270
loss:                     24.1346	q_taken_mean:              1.0766	return_mean:             140.5240	return_std:                3.3512
target_mean:               1.0816	td_error_abs:              1.2976	test_ep_length_mean:     200.0000	test_episode_length_mean:199.0000
test_return_mean:        147.2355	test_return_std:           3.9749	
2026-02-14 14:39:56,411 - my_experiment - advP_BigMap_IQL_RNN_5M - my_run - INFO - t_env: 1250200 / 5050000
2026-02-14 14:39:56,412 - my_experiment - advP_BigMap_IQL_RNN_5M - my_run - INFO - Estimated time left: 1 days, 12 hours, 5 minutes, 4 seconds. Time passed: 11 hours, 38 minutes, 59 seconds
2026-02-14 15:08:19,004 - my_experiment - advP_BigMap_IQL_RNN_5M - my_run - INFO - Recent Stats | t_env:    1300000 | Episode:     6500
ep_length_mean:          200.0000	episode_length_mean:     199.0000	epsilon:                   0.0500	grad_norm:                 5.0256
loss:                     24.5028	q_taken_mean:              1.1009	return_mean:             141.2467	return_std:                3.2849
target_mean:               1.1030	td_error_abs:              1.1354	test_ep_length_mean:     200.0000	test_episode_length_mean:199.0000
test_return_mean:        147.6405	test_return_std:           4.3267	
2026-02-14 15:08:25,478 - my_experiment - advP_BigMap_IQL_RNN_5M - my_run - INFO - t_env: 1300200 / 5050000
2026-02-14 15:08:25,479 - my_experiment - advP_BigMap_IQL_RNN_5M - my_run - INFO - Estimated time left: 1 days, 11 hours, 36 minutes, 13 seconds. Time passed: 12 hours, 7 minutes, 28 seconds
2026-02-14 15:38:08,051 - my_experiment - advP_BigMap_IQL_RNN_5M - my_run - INFO - Recent Stats | t_env:    1350000 | Episode:     6750
ep_length_mean:          200.0000	episode_length_mean:     199.0000	epsilon:                   0.0500	grad_norm:                 5.0430
loss:                     24.9425	q_taken_mean:              1.1216	return_mean:             141.7735	return_std:                3.0351
target_mean:               1.1234	td_error_abs:              1.0789	test_ep_length_mean:     200.0000	test_episode_length_mean:199.0000
test_return_mean:        148.2175	test_return_std:           4.5159	
2026-02-14 15:38:14,778 - my_experiment - advP_BigMap_IQL_RNN_5M - my_run - INFO - t_env: 1350200 / 5050000
2026-02-14 15:38:14,779 - my_experiment - advP_BigMap_IQL_RNN_5M - my_run - INFO - Estimated time left: 1 days, 12 hours, 46 minutes, 41 seconds. Time passed: 12 hours, 37 minutes, 17 seconds
2026-02-14 16:07:39,922 - my_experiment - advP_BigMap_IQL_RNN_5M - my_run - INFO - Recent Stats | t_env:    1400000 | Episode:     7000
ep_length_mean:          200.0000	episode_length_mean:     199.0000	epsilon:                   0.0500	grad_norm:                 5.5076
loss:                     25.2838	q_taken_mean:              1.1309	return_mean:             141.7815	return_std:                3.2333
target_mean:               1.1324	td_error_abs:              1.0629	test_ep_length_mean:     200.0000	test_episode_length_mean:199.0000
test_return_mean:        148.5755	test_return_std:           4.4152	
2026-02-14 16:07:46,683 - my_experiment - advP_BigMap_IQL_RNN_5M - my_run - INFO - t_env: 1400200 / 5050000
2026-02-14 16:07:46,684 - my_experiment - advP_BigMap_IQL_RNN_5M - my_run - INFO - Estimated time left: 1 days, 11 hours, 55 minutes, 41 seconds. Time passed: 13 hours, 6 minutes, 49 seconds
2026-02-14 16:37:11,449 - my_experiment - advP_BigMap_IQL_RNN_5M - my_run - INFO - Recent Stats | t_env:    1450000 | Episode:     7250
ep_length_mean:          200.0000	episode_length_mean:     199.0000	epsilon:                   0.0500	grad_norm:                 8.6999
loss:                     25.7672	q_taken_mean:              1.1428	return_mean:             142.4114	return_std:                2.5712
target_mean:               1.1453	td_error_abs:              1.1028	test_ep_length_mean:     200.0000	test_episode_length_mean:199.0000
test_return_mean:        149.5824	test_return_std:           4.2204	
2026-02-14 16:37:18,127 - my_experiment - advP_BigMap_IQL_RNN_5M - my_run - INFO - t_env: 1450200 / 5050000
2026-02-14 16:37:18,128 - my_experiment - advP_BigMap_IQL_RNN_5M - my_run - INFO - Estimated time left: 1 days, 11 hours, 25 minutes, 36 seconds. Time passed: 13 hours, 36 minutes, 21 seconds
2026-02-14 17:06:46,161 - my_experiment - advP_BigMap_IQL_RNN_5M - my_run - INFO - Recent Stats | t_env:    1500000 | Episode:     7500
ep_length_mean:          200.0000	episode_length_mean:     199.0000	epsilon:                   0.0500	grad_norm:                 4.2368
loss:                     25.9516	q_taken_mean:              1.1531	return_mean:             142.6253	return_std:                2.8352
target_mean:               1.1543	td_error_abs:              1.0162	test_ep_length_mean:     200.0000	test_episode_length_mean:199.0000
test_return_mean:        150.3448	test_return_std:           4.0415	
2026-02-14 17:06:52,868 - my_experiment - advP_BigMap_IQL_RNN_5M - my_run - INFO - t_env: 1500200 / 5050000
2026-02-14 17:06:52,869 - my_experiment - advP_BigMap_IQL_RNN_5M - my_run - INFO - Estimated time left: 1 days, 10 hours, 59 minutes, 59 seconds. Time passed: 14 hours, 5 minutes, 55 seconds
2026-02-14 17:08:33,314 - my_experiment - advP_BigMap_IQL_RNN_5M - my_run - INFO - Saving models to work_dirs/my_experiment/advP_BigMap_IQL_RNN_5M/my_run/20260214_030036/models/1500200
2026-02-14 17:36:18,407 - my_experiment - advP_BigMap_IQL_RNN_5M - my_run - INFO - Recent Stats | t_env:    1550000 | Episode:     7750
ep_length_mean:          200.0000	episode_length_mean:     199.0000	epsilon:                   0.0500	grad_norm:                 3.4167
loss:                     26.1972	q_taken_mean:              1.1628	return_mean:             142.9355	return_std:                2.6090
target_mean:               1.1639	td_error_abs:              1.0021	test_ep_length_mean:     200.0000	test_episode_length_mean:199.0000
test_return_mean:        150.7341	test_return_std:           3.9236	
2026-02-14 17:36:25,111 - my_experiment - advP_BigMap_IQL_RNN_5M - my_run - INFO - t_env: 1550200 / 5050000
2026-02-14 17:36:25,112 - my_experiment - advP_BigMap_IQL_RNN_5M - my_run - INFO - Estimated time left: 1 days, 10 hours, 27 minutes, 29 seconds. Time passed: 14 hours, 35 minutes, 28 seconds
2026-02-14 18:05:50,849 - my_experiment - advP_BigMap_IQL_RNN_5M - my_run - INFO - Recent Stats | t_env:    1600000 | Episode:     8000
ep_length_mean:          200.0000	episode_length_mean:     199.0000	epsilon:                   0.0500	grad_norm:                 3.9218
loss:                     26.4019	q_taken_mean:              1.1694	return_mean:             143.3463	return_std:                2.5614
target_mean:               1.1704	td_error_abs:              0.9813	test_ep_length_mean:     200.0000	test_episode_length_mean:199.0000
test_return_mean:        151.5130	test_return_std:           3.4683	
2026-02-14 18:05:57,581 - my_experiment - advP_BigMap_IQL_RNN_5M - my_run - INFO - t_env: 1600200 / 5050000
2026-02-14 18:05:57,582 - my_experiment - advP_BigMap_IQL_RNN_5M - my_run - INFO - Estimated time left: 1 days, 9 hours, 58 minutes, 13 seconds. Time passed: 15 hours, 5 minutes, 0 seconds
2026-02-14 18:35:22,203 - my_experiment - advP_BigMap_IQL_RNN_5M - my_run - INFO - Recent Stats | t_env:    1650000 | Episode:     8250
ep_length_mean:          200.0000	episode_length_mean:     199.0000	epsilon:                   0.0500	grad_norm:                 3.3211
loss:                     26.5228	q_taken_mean:              1.1754	return_mean:             143.3899	return_std:                2.1857
target_mean:               1.1768	td_error_abs:              0.9863	test_ep_length_mean:     200.0000	test_episode_length_mean:199.0000
test_return_mean:        151.7837	test_return_std:           3.3468	
2026-02-14 18:35:28,906 - my_experiment - advP_BigMap_IQL_RNN_5M - my_run - INFO - t_env: 1650200 / 5050000
2026-02-14 18:35:28,907 - my_experiment - advP_BigMap_IQL_RNN_5M - my_run - INFO - Estimated time left: 1 days, 9 hours, 27 minutes, 23 seconds. Time passed: 15 hours, 34 minutes, 31 seconds
2026-02-14 19:04:54,117 - my_experiment - advP_BigMap_IQL_RNN_5M - my_run - INFO - Recent Stats | t_env:    1700000 | Episode:     8500
ep_length_mean:          200.0000	episode_length_mean:     199.0000	epsilon:                   0.0500	grad_norm:                 5.2403
loss:                     26.6873	q_taken_mean:              1.1819	return_mean:             143.3821	return_std:                2.2414
target_mean:               1.1826	td_error_abs:              0.9469	test_ep_length_mean:     200.0000	test_episode_length_mean:199.0000
test_return_mean:        152.3155	test_return_std:           3.0905	
2026-02-14 19:05:00,871 - my_experiment - advP_BigMap_IQL_RNN_5M - my_run - INFO - t_env: 1700200 / 5050000
2026-02-14 19:05:00,871 - my_experiment - advP_BigMap_IQL_RNN_5M - my_run - INFO - Estimated time left: 1 days, 8 hours, 58 minutes, 34 seconds. Time passed: 16 hours, 4 minutes, 3 seconds
2026-02-14 19:34:24,478 - my_experiment - advP_BigMap_IQL_RNN_5M - my_run - INFO - Recent Stats | t_env:    1750000 | Episode:     8750
ep_length_mean:          200.0000	episode_length_mean:     199.0000	epsilon:                   0.0500	grad_norm:                 2.4262
loss:                     26.7855	q_taken_mean:              1.1864	return_mean:             143.7693	return_std:                2.2801
target_mean:               1.1867	td_error_abs:              0.9239	test_ep_length_mean:     200.0000	test_episode_length_mean:199.0000
test_return_mean:        152.5044	test_return_std:           2.9593	
2026-02-14 19:34:31,152 - my_experiment - advP_BigMap_IQL_RNN_5M - my_run - INFO - t_env: 1750200 / 5050000
2026-02-14 19:34:31,153 - my_experiment - advP_BigMap_IQL_RNN_5M - my_run - INFO - Estimated time left: 1 days, 8 hours, 27 minutes, 11 seconds. Time passed: 16 hours, 33 minutes, 34 seconds
2026-02-14 20:03:56,755 - my_experiment - advP_BigMap_IQL_RNN_5M - my_run - INFO - Recent Stats | t_env:    1800000 | Episode:     9000
ep_length_mean:          200.0000	episode_length_mean:     199.0000	epsilon:                   0.0500	grad_norm:                 2.2956
loss:                     26.8488	q_taken_mean:              1.1883	return_mean:             143.8248	return_std:                2.2835
target_mean:               1.1888	td_error_abs:              0.9173	test_ep_length_mean:     200.0000	test_episode_length_mean:199.0000
test_return_mean:        153.0278	test_return_std:           2.7853	
2026-02-14 20:04:03,451 - my_experiment - advP_BigMap_IQL_RNN_5M - my_run - INFO - t_env: 1800200 / 5050000
2026-02-14 20:04:03,452 - my_experiment - advP_BigMap_IQL_RNN_5M - my_run - INFO - Estimated time left: 1 days, 7 hours, 59 minutes, 52 seconds. Time passed: 17 hours, 3 minutes, 6 seconds
2026-02-14 20:33:29,038 - my_experiment - advP_BigMap_IQL_RNN_5M - my_run - INFO - Recent Stats | t_env:    1850000 | Episode:     9250
ep_length_mean:          200.0000	episode_length_mean:     199.0000	epsilon:                   0.0500	grad_norm:                 1.9384
loss:                     26.8563	q_taken_mean:              1.1898	return_mean:             143.5813	return_std:                2.4032
target_mean:               1.1901	td_error_abs:              0.9048	test_ep_length_mean:     200.0000	test_episode_length_mean:199.0000
test_return_mean:        152.6760	test_return_std:           2.6138	
2026-02-14 20:33:35,743 - my_experiment - advP_BigMap_IQL_RNN_5M - my_run - INFO - t_env: 1850200 / 5050000
2026-02-14 20:33:35,744 - my_experiment - advP_BigMap_IQL_RNN_5M - my_run - INFO - Estimated time left: 1 days, 7 hours, 30 minutes, 19 seconds. Time passed: 17 hours, 32 minutes, 38 seconds
2026-02-14 21:03:00,179 - my_experiment - advP_BigMap_IQL_RNN_5M - my_run - INFO - Recent Stats | t_env:    1900000 | Episode:     9500
ep_length_mean:          200.0000	episode_length_mean:     199.0000	epsilon:                   0.0500	grad_norm:                 1.5834
loss:                     26.8765	q_taken_mean:              1.1922	return_mean:             144.1723	return_std:                1.9475
target_mean:               1.1924	td_error_abs:              0.8922	test_ep_length_mean:     200.0000	test_episode_length_mean:199.0000
test_return_mean:        152.9043	test_return_std:           2.5331	
2026-02-14 21:03:06,935 - my_experiment - advP_BigMap_IQL_RNN_5M - my_run - INFO - t_env: 1900200 / 5050000
2026-02-14 21:03:06,936 - my_experiment - advP_BigMap_IQL_RNN_5M - my_run - INFO - Estimated time left: 1 days, 6 hours, 59 minutes, 37 seconds. Time passed: 18 hours, 2 minutes, 9 seconds
2026-02-14 21:32:33,767 - my_experiment - advP_BigMap_IQL_RNN_5M - my_run - INFO - Recent Stats | t_env:    1950000 | Episode:     9750
ep_length_mean:          200.0000	episode_length_mean:     199.0000	epsilon:                   0.0500	grad_norm:                 1.4108
loss:                     26.8450	q_taken_mean:              1.1918	return_mean:             144.1086	return_std:                1.9419
target_mean:               1.1919	td_error_abs:              0.8776	test_ep_length_mean:     200.0000	test_episode_length_mean:199.0000
test_return_mean:        152.9654	test_return_std:           2.6512	
2026-02-14 21:32:40,295 - my_experiment - advP_BigMap_IQL_RNN_5M - my_run - INFO - t_env: 1950200 / 5050000
2026-02-14 21:32:40,295 - my_experiment - advP_BigMap_IQL_RNN_5M - my_run - INFO - Estimated time left: 1 days, 6 hours, 32 minutes, 21 seconds. Time passed: 18 hours, 31 minutes, 43 seconds
2026-02-14 22:02:06,574 - my_experiment - advP_BigMap_IQL_RNN_5M - my_run - INFO - Recent Stats | t_env:    2000000 | Episode:    10000
ep_length_mean:          200.0000	episode_length_mean:     199.0000	epsilon:                   0.0500	grad_norm:                 3.9464
loss:                     26.8318	q_taken_mean:              1.1919	return_mean:             144.1408	return_std:                2.0970
target_mean:               1.1919	td_error_abs:              0.8802	test_ep_length_mean:     200.0000	test_episode_length_mean:199.0000
test_return_mean:        152.8671	test_return_std:           2.6274	
2026-02-14 22:02:13,288 - my_experiment - advP_BigMap_IQL_RNN_5M - my_run - INFO - t_env: 2000200 / 5050000
2026-02-14 22:02:13,289 - my_experiment - advP_BigMap_IQL_RNN_5M - my_run - INFO - Estimated time left: 1 days, 6 hours, 2 minutes, 25 seconds. Time passed: 19 hours, 1 minutes, 16 seconds
2026-02-14 22:03:53,205 - my_experiment - advP_BigMap_IQL_RNN_5M - my_run - INFO - Saving models to work_dirs/my_experiment/advP_BigMap_IQL_RNN_5M/my_run/20260214_030036/models/2000200
2026-02-14 22:31:38,080 - my_experiment - advP_BigMap_IQL_RNN_5M - my_run - INFO - Recent Stats | t_env:    2050000 | Episode:    10250
ep_length_mean:          200.0000	episode_length_mean:     199.0000	epsilon:                   0.0500	grad_norm:                 1.9162
loss:                     26.7819	q_taken_mean:              1.1928	return_mean:             144.4237	return_std:                1.9750
target_mean:               1.1923	td_error_abs:              0.8452	test_ep_length_mean:     200.0000	test_episode_length_mean:199.0000
test_return_mean:        153.0554	test_return_std:           2.5203	
2026-02-14 22:31:44,776 - my_experiment - advP_BigMap_IQL_RNN_5M - my_run - INFO - t_env: 2050200 / 5050000
2026-02-14 22:31:44,777 - my_experiment - advP_BigMap_IQL_RNN_5M - my_run - INFO - Estimated time left: 1 days, 5 hours, 31 minutes, 22 seconds. Time passed: 19 hours, 30 minutes, 47 seconds
2026-02-14 23:01:11,368 - my_experiment - advP_BigMap_IQL_RNN_5M - my_run - INFO - Recent Stats | t_env:    2100000 | Episode:    10500
ep_length_mean:          200.0000	episode_length_mean:     199.0000	epsilon:                   0.0500	grad_norm:                 1.9268
loss:                     26.6476	q_taken_mean:              1.1907	return_mean:             144.2830	return_std:                2.0259
target_mean:               1.1903	td_error_abs:              0.8461	test_ep_length_mean:     200.0000	test_episode_length_mean:199.0000
test_return_mean:        153.3651	test_return_std:           2.5828	
2026-02-14 23:01:18,101 - my_experiment - advP_BigMap_IQL_RNN_5M - my_run - INFO - t_env: 2100200 / 5050000
2026-02-14 23:01:18,101 - my_experiment - advP_BigMap_IQL_RNN_5M - my_run - INFO - Estimated time left: 1 days, 5 hours, 3 minutes, 39 seconds. Time passed: 20 hours, 21 seconds
2026-02-14 23:30:46,228 - my_experiment - advP_BigMap_IQL_RNN_5M - my_run - INFO - Recent Stats | t_env:    2150000 | Episode:    10750
ep_length_mean:          200.0000	episode_length_mean:     199.0000	epsilon:                   0.0500	grad_norm:                 1.8456
loss:                     26.5743	q_taken_mean:              1.1902	return_mean:             144.0459	return_std:                2.0169
target_mean:               1.1900	td_error_abs:              0.8571	test_ep_length_mean:     200.0000	test_episode_length_mean:199.0000
test_return_mean:        153.6930	test_return_std:           2.5165	
2026-02-14 23:30:52,924 - my_experiment - advP_BigMap_IQL_RNN_5M - my_run - INFO - t_env: 2150200 / 5050000
2026-02-14 23:30:52,925 - my_experiment - advP_BigMap_IQL_RNN_5M - my_run - INFO - Estimated time left: 1 days, 4 hours, 35 minutes, 32 seconds. Time passed: 20 hours, 29 minutes, 55 seconds
2026-02-15 00:00:19,374 - my_experiment - advP_BigMap_IQL_RNN_5M - my_run - INFO - Recent Stats | t_env:    2200000 | Episode:    11000
ep_length_mean:          200.0000	episode_length_mean:     199.0000	epsilon:                   0.0500	grad_norm:                 2.6994
loss:                     26.3965	q_taken_mean:              1.1875	return_mean:             143.8245	return_std:                2.1901
target_mean:               1.1870	td_error_abs:              0.8492	test_ep_length_mean:     200.0000	test_episode_length_mean:199.0000
test_return_mean:        153.5212	test_return_std:           2.5928	
2026-02-15 00:00:26,108 - my_experiment - advP_BigMap_IQL_RNN_5M - my_run - INFO - t_env: 2200200 / 5050000
2026-02-15 00:00:26,109 - my_experiment - advP_BigMap_IQL_RNN_5M - my_run - INFO - Estimated time left: 1 days, 4 hours, 4 minutes, 24 seconds. Time passed: 20 hours, 59 minutes, 29 seconds
2026-02-15 00:29:52,860 - my_experiment - advP_BigMap_IQL_RNN_5M - my_run - INFO - Recent Stats | t_env:    2250000 | Episode:    11250
ep_length_mean:          200.0000	episode_length_mean:     199.0000	epsilon:                   0.0500	grad_norm:                 4.0806
loss:                     26.0861	q_taken_mean:              1.1842	return_mean:             143.8803	return_std:                1.8417
target_mean:               1.1832	td_error_abs:              0.8171	test_ep_length_mean:     200.0000	test_episode_length_mean:199.0000
test_return_mean:        153.7783	test_return_std:           2.5605	
2026-02-15 00:29:59,605 - my_experiment - advP_BigMap_IQL_RNN_5M - my_run - INFO - t_env: 2250200 / 5050000
2026-02-15 00:29:59,605 - my_experiment - advP_BigMap_IQL_RNN_5M - my_run - INFO - Estimated time left: 1 days, 3 hours, 35 minutes, 8 seconds. Time passed: 21 hours, 29 minutes, 2 seconds
2026-02-15 00:59:28,464 - my_experiment - advP_BigMap_IQL_RNN_5M - my_run - INFO - Recent Stats | t_env:    2300000 | Episode:    11500
ep_length_mean:          200.0000	episode_length_mean:     199.0000	epsilon:                   0.0500	grad_norm:                 4.7553
loss:                     25.8098	q_taken_mean:              1.1820	return_mean:             143.0507	return_std:                2.2172
target_mean:               1.1815	td_error_abs:              0.8369	test_ep_length_mean:     200.0000	test_episode_length_mean:199.0000
test_return_mean:        153.4882	test_return_std:           2.5228	
2026-02-15 00:59:35,181 - my_experiment - advP_BigMap_IQL_RNN_5M - my_run - INFO - t_env: 2300200 / 5050000
2026-02-15 00:59:35,182 - my_experiment - advP_BigMap_IQL_RNN_5M - my_run - INFO - Estimated time left: 1 days, 3 hours, 7 minutes, 29 seconds. Time passed: 21 hours, 58 minutes, 38 seconds
2026-02-15 01:29:02,127 - my_experiment - advP_BigMap_IQL_RNN_5M - my_run - INFO - Recent Stats | t_env:    2350000 | Episode:    11750
ep_length_mean:          200.0000	episode_length_mean:     199.0000	epsilon:                   0.0500	grad_norm:                 7.2781
loss:                     25.6141	q_taken_mean:              1.1797	return_mean:             141.7290	return_std:                2.5166
target_mean:               1.1793	td_error_abs:              0.8444	test_ep_length_mean:     200.0000	test_episode_length_mean:199.0000
test_return_mean:        152.8739	test_return_std:           2.6538	
2026-02-15 01:29:08,805 - my_experiment - advP_BigMap_IQL_RNN_5M - my_run - INFO - t_env: 2350200 / 5050000
2026-02-15 01:29:08,806 - my_experiment - advP_BigMap_IQL_RNN_5M - my_run - INFO - Estimated time left: 1 days, 2 hours, 36 minutes, 8 seconds. Time passed: 22 hours, 28 minutes, 11 seconds
2026-02-15 01:58:36,497 - my_experiment - advP_BigMap_IQL_RNN_5M - my_run - INFO - Recent Stats | t_env:    2400000 | Episode:    12000
ep_length_mean:          200.0000	episode_length_mean:     199.0000	epsilon:                   0.0500	grad_norm:                25.9485
loss:                     25.3177	q_taken_mean:              1.1782	return_mean:             139.0754	return_std:                2.7130
target_mean:               1.1777	td_error_abs:              0.8436	test_ep_length_mean:     200.0000	test_episode_length_mean:199.0000
test_return_mean:        151.1933	test_return_std:           2.8593	
2026-02-15 01:58:43,225 - my_experiment - advP_BigMap_IQL_RNN_5M - my_run - INFO - t_env: 2400200 / 5050000
2026-02-15 01:58:43,226 - my_experiment - advP_BigMap_IQL_RNN_5M - my_run - INFO - Estimated time left: 1 days, 2 hours, 7 minutes, 17 seconds. Time passed: 22 hours, 57 minutes, 46 seconds
2026-02-15 02:28:10,353 - my_experiment - advP_BigMap_IQL_RNN_5M - my_run - INFO - Recent Stats | t_env:    2450000 | Episode:    12250
ep_length_mean:          200.0000	episode_length_mean:     199.0000	epsilon:                   0.0500	grad_norm:                16.7413
loss:                     24.8961	q_taken_mean:              1.1752	return_mean:             137.3908	return_std:                2.8766
target_mean:               1.1740	td_error_abs:              0.8042	test_ep_length_mean:     200.0000	test_episode_length_mean:199.0000
test_return_mean:        149.2484	test_return_std:           2.9587	
2026-02-15 02:28:17,028 - my_experiment - advP_BigMap_IQL_RNN_5M - my_run - INFO - t_env: 2450200 / 5050000
2026-02-15 02:28:17,028 - my_experiment - advP_BigMap_IQL_RNN_5M - my_run - INFO - Estimated time left: 1 days, 1 hours, 37 minutes, 10 seconds. Time passed: 23 hours, 27 minutes, 20 seconds
2026-02-15 02:57:44,681 - my_experiment - advP_BigMap_IQL_RNN_5M - my_run - INFO - Recent Stats | t_env:    2500000 | Episode:    12500
ep_length_mean:          200.0000	episode_length_mean:     199.0000	epsilon:                   0.0500	grad_norm:                31.8556
loss:                     24.4722	q_taken_mean:              1.1690	return_mean:             136.9538	return_std:                3.0783
target_mean:               1.1673	td_error_abs:              0.8158	test_ep_length_mean:     200.0000	test_episode_length_mean:199.0000
test_return_mean:        146.9552	test_return_std:           3.1891	
2026-02-15 02:57:51,439 - my_experiment - advP_BigMap_IQL_RNN_5M - my_run - INFO - t_env: 2500200 / 5050000
2026-02-15 02:57:51,440 - my_experiment - advP_BigMap_IQL_RNN_5M - my_run - INFO - Estimated time left: 1 days, 1 hours, 8 minutes, 7 seconds. Time passed: 23 hours, 56 minutes, 54 seconds
2026-02-15 02:59:32,259 - my_experiment - advP_BigMap_IQL_RNN_5M - my_run - INFO - Saving models to work_dirs/my_experiment/advP_BigMap_IQL_RNN_5M/my_run/20260214_030036/models/2500200
2026-02-15 03:27:18,766 - my_experiment - advP_BigMap_IQL_RNN_5M - my_run - INFO - Recent Stats | t_env:    2550000 | Episode:    12750
ep_length_mean:          200.0000	episode_length_mean:     199.0000	epsilon:                   0.0500	grad_norm:                51.7730
loss:                     24.0480	q_taken_mean:              1.1636	return_mean:             138.1635	return_std:                2.9322
target_mean:               1.1634	td_error_abs:              0.8683	test_ep_length_mean:     200.0000	test_episode_length_mean:199.0000
test_return_mean:        145.3913	test_return_std:           3.1883	
2026-02-15 03:27:25,474 - my_experiment - advP_BigMap_IQL_RNN_5M - my_run - INFO - t_env: 2550200 / 5050000
2026-02-15 03:27:25,475 - my_experiment - advP_BigMap_IQL_RNN_5M - my_run - INFO - Estimated time left: 1 days, 38 minutes, 14 seconds. Time passed: 1 days, 26 minutes, 28 seconds
2026-02-15 03:56:53,349 - my_experiment - advP_BigMap_IQL_RNN_5M - my_run - INFO - Recent Stats | t_env:    2600000 | Episode:    13000
ep_length_mean:          200.0000	episode_length_mean:     199.0000	epsilon:                   0.0500	grad_norm:                67.6898
loss:                     23.7910	q_taken_mean:              1.1629	return_mean:             138.4123	return_std:                2.5075
target_mean:               1.1614	td_error_abs:              0.8169	test_ep_length_mean:     200.0000	test_episode_length_mean:199.0000
test_return_mean:        144.8148	test_return_std:           2.9738	
2026-02-15 03:57:00,087 - my_experiment - advP_BigMap_IQL_RNN_5M - my_run - INFO - t_env: 2600200 / 5050000
2026-02-15 03:57:00,088 - my_experiment - advP_BigMap_IQL_RNN_5M - my_run - INFO - Estimated time left: 1 days, 9 minutes, 8 seconds. Time passed: 1 days, 56 minutes, 3 seconds
2026-02-15 04:26:30,261 - my_experiment - advP_BigMap_IQL_RNN_5M - my_run - INFO - Recent Stats | t_env:    2650000 | Episode:    13250
ep_length_mean:          200.0000	episode_length_mean:     199.0000	epsilon:                   0.0500	grad_norm:                64.6208
loss:                     23.3379	q_taken_mean:              1.1581	return_mean:             138.2678	return_std:                2.8967
target_mean:               1.1568	td_error_abs:              0.8038	test_ep_length_mean:     200.0000	test_episode_length_mean:199.0000
test_return_mean:        145.0301	test_return_std:           2.8788	
2026-02-15 04:26:36,975 - my_experiment - advP_BigMap_IQL_RNN_5M - my_run - INFO - t_env: 2650200 / 5050000
2026-02-15 04:26:36,975 - my_experiment - advP_BigMap_IQL_RNN_5M - my_run - INFO - Estimated time left: 23 hours, 41 minutes, 23 seconds. Time passed: 1 days, 1 hours, 25 minutes, 40 seconds
2026-02-15 04:56:07,979 - my_experiment - advP_BigMap_IQL_RNN_5M - my_run - INFO - Recent Stats | t_env:    2700000 | Episode:    13500
ep_length_mean:          200.0000	episode_length_mean:     199.0000	epsilon:                   0.0500	grad_norm:                79.2840
loss:                     22.8172	q_taken_mean:              1.1524	return_mean:             137.0195	return_std:                2.6226
target_mean:               1.1515	td_error_abs:              0.8329	test_ep_length_mean:     200.0000	test_episode_length_mean:199.0000
test_return_mean:        145.5901	test_return_std:           2.8155	
2026-02-15 04:56:14,694 - my_experiment - advP_BigMap_IQL_RNN_5M - my_run - INFO - t_env: 2700200 / 5050000
2026-02-15 04:56:14,695 - my_experiment - advP_BigMap_IQL_RNN_5M - my_run - INFO - Estimated time left: 23 hours, 12 minutes, 25 seconds. Time passed: 1 days, 1 hours, 55 minutes, 17 seconds
2026-02-15 05:25:45,675 - my_experiment - advP_BigMap_IQL_RNN_5M - my_run - INFO - Recent Stats | t_env:    2750000 | Episode:    13750
ep_length_mean:          200.0000	episode_length_mean:     199.0000	epsilon:                   0.0500	grad_norm:               138.5848
loss:                     22.4448	q_taken_mean:              1.1469	return_mean:             136.1600	return_std:                2.9891
target_mean:               1.1465	td_error_abs:              0.8798	test_ep_length_mean:     200.0000	test_episode_length_mean:199.0000
test_return_mean:        145.9803	test_return_std:           2.9299	
2026-02-15 05:25:52,386 - my_experiment - advP_BigMap_IQL_RNN_5M - my_run - INFO - t_env: 2750200 / 5050000
2026-02-15 05:25:52,387 - my_experiment - advP_BigMap_IQL_RNN_5M - my_run - INFO - Estimated time left: 22 hours, 42 minutes, 46 seconds. Time passed: 1 days, 2 hours, 24 minutes, 55 seconds
2026-02-15 05:55:23,620 - my_experiment - advP_BigMap_IQL_RNN_5M - my_run - INFO - Recent Stats | t_env:    2800000 | Episode:    14000
ep_length_mean:          200.0000	episode_length_mean:     199.0000	epsilon:                   0.0500	grad_norm:               192.3866
loss:                     22.0878	q_taken_mean:              1.1442	return_mean:             136.0094	return_std:                2.8321
target_mean:               1.1430	td_error_abs:              0.8664	test_ep_length_mean:     200.0000	test_episode_length_mean:199.0000
test_return_mean:        146.4098	test_return_std:           2.8589	
2026-02-15 05:55:30,335 - my_experiment - advP_BigMap_IQL_RNN_5M - my_run - INFO - t_env: 2800200 / 5050000
2026-02-15 05:55:30,336 - my_experiment - advP_BigMap_IQL_RNN_5M - my_run - INFO - Estimated time left: 22 hours, 13 minutes, 20 seconds. Time passed: 1 days, 2 hours, 54 minutes, 33 seconds
2026-02-15 06:25:01,329 - my_experiment - advP_BigMap_IQL_RNN_5M - my_run - INFO - Recent Stats | t_env:    2850000 | Episode:    14250
ep_length_mean:          200.0000	episode_length_mean:     199.0000	epsilon:                   0.0500	grad_norm:               190.1512
loss:                     21.6327	q_taken_mean:              1.1421	return_mean:             136.6873	return_std:                2.7981
target_mean:               1.1407	td_error_abs:              0.8259	test_ep_length_mean:     200.0000	test_episode_length_mean:199.0000
test_return_mean:        145.8359	test_return_std:           2.8379	
2026-02-15 06:25:08,108 - my_experiment - advP_BigMap_IQL_RNN_5M - my_run - INFO - t_env: 2850200 / 5050000
2026-02-15 06:25:08,109 - my_experiment - advP_BigMap_IQL_RNN_5M - my_run - INFO - Estimated time left: 21 hours, 43 minutes, 34 seconds. Time passed: 1 days, 3 hours, 24 minutes, 11 seconds
2026-02-15 06:54:41,962 - my_experiment - advP_BigMap_IQL_RNN_5M - my_run - INFO - Recent Stats | t_env:    2900000 | Episode:    14500
ep_length_mean:          200.0000	episode_length_mean:     199.0000	epsilon:                   0.0500	grad_norm:               219.2408
loss:                     21.4576	q_taken_mean:              1.1362	return_mean:             137.2660	return_std:                2.8379
target_mean:               1.1362	td_error_abs:              0.9021	test_ep_length_mean:     200.0000	test_episode_length_mean:199.0000
test_return_mean:        145.9530	test_return_std:           2.9588	
2026-02-15 06:54:48,690 - my_experiment - advP_BigMap_IQL_RNN_5M - my_run - INFO - t_env: 2900200 / 5050000
2026-02-15 06:54:48,691 - my_experiment - advP_BigMap_IQL_RNN_5M - my_run - INFO - Estimated time left: 21 hours, 15 minutes, 57 seconds. Time passed: 1 days, 3 hours, 53 minutes, 51 seconds
2026-02-15 07:24:22,034 - my_experiment - advP_BigMap_IQL_RNN_5M - my_run - INFO - Recent Stats | t_env:    2950000 | Episode:    14750
ep_length_mean:          200.0000	episode_length_mean:     199.0000	epsilon:                   0.0500	grad_norm:               176.6225
loss:                     20.9811	q_taken_mean:              1.1332	return_mean:             137.1716	return_std:                2.9778
target_mean:               1.1313	td_error_abs:              0.8526	test_ep_length_mean:     200.0000	test_episode_length_mean:199.0000
test_return_mean:        146.7116	test_return_std:           3.0009	
2026-02-15 07:24:28,749 - my_experiment - advP_BigMap_IQL_RNN_5M - my_run - INFO - t_env: 2950200 / 5050000
2026-02-15 07:24:28,749 - my_experiment - advP_BigMap_IQL_RNN_5M - my_run - INFO - Estimated time left: 20 hours, 45 minutes, 55 seconds. Time passed: 1 days, 4 hours, 23 minutes, 31 seconds
2026-02-15 07:54:01,199 - my_experiment - advP_BigMap_IQL_RNN_5M - my_run - INFO - Recent Stats | t_env:    3000000 | Episode:    15000
ep_length_mean:          200.0000	episode_length_mean:     199.0000	epsilon:                   0.0500	grad_norm:               308.5179
loss:                     20.6067	q_taken_mean:              1.1260	return_mean:             136.7899	return_std:                3.0767
target_mean:               1.1262	td_error_abs:              0.9281	test_ep_length_mean:     200.0000	test_episode_length_mean:199.0000
test_return_mean:        147.3693	test_return_std:           2.7892	
2026-02-15 07:54:07,890 - my_experiment - advP_BigMap_IQL_RNN_5M - my_run - INFO - t_env: 3000200 / 5050000
2026-02-15 07:54:07,891 - my_experiment - advP_BigMap_IQL_RNN_5M - my_run - INFO - Estimated time left: 20 hours, 15 minutes, 37 seconds. Time passed: 1 days, 4 hours, 53 minutes, 10 seconds
2026-02-15 07:55:48,793 - my_experiment - advP_BigMap_IQL_RNN_5M - my_run - INFO - Saving models to work_dirs/my_experiment/advP_BigMap_IQL_RNN_5M/my_run/20260214_030036/models/3000200
2026-02-15 08:23:40,714 - my_experiment - advP_BigMap_IQL_RNN_5M - my_run - INFO - Recent Stats | t_env:    3050000 | Episode:    15250
ep_length_mean:          200.0000	episode_length_mean:     199.0000	epsilon:                   0.0500	grad_norm:               310.0544
loss:                     20.2816	q_taken_mean:              1.1250	return_mean:             136.3928	return_std:                2.9348
target_mean:               1.1238	td_error_abs:              0.8576	test_ep_length_mean:     200.0000	test_episode_length_mean:199.0000
test_return_mean:        147.7303	test_return_std:           3.0807	
2026-02-15 08:23:47,359 - my_experiment - advP_BigMap_IQL_RNN_5M - my_run - INFO - t_env: 3050200 / 5050000
2026-02-15 08:23:47,359 - my_experiment - advP_BigMap_IQL_RNN_5M - my_run - INFO - Estimated time left: 19 hours, 46 minutes, 11 seconds. Time passed: 1 days, 5 hours, 22 minutes, 50 seconds
2026-02-15 08:53:19,573 - my_experiment - advP_BigMap_IQL_RNN_5M - my_run - INFO - Recent Stats | t_env:    3100000 | Episode:    15500
ep_length_mean:          200.0000	episode_length_mean:     199.0000	epsilon:                   0.0500	grad_norm:               182.4223
loss:                     19.5421	q_taken_mean:              1.1206	return_mean:             136.6658	return_std:                2.9002
target_mean:               1.1197	td_error_abs:              0.8642	test_ep_length_mean:     200.0000	test_episode_length_mean:199.0000
test_return_mean:        148.0709	test_return_std:           3.2622	
2026-02-15 08:53:26,331 - my_experiment - advP_BigMap_IQL_RNN_5M - my_run - INFO - t_env: 3100200 / 5050000
2026-02-15 08:53:26,331 - my_experiment - advP_BigMap_IQL_RNN_5M - my_run - INFO - Estimated time left: 19 hours, 16 minutes, 12 seconds. Time passed: 1 days, 5 hours, 52 minutes, 29 seconds
2026-02-15 09:22:58,518 - my_experiment - advP_BigMap_IQL_RNN_5M - my_run - INFO - Recent Stats | t_env:    3150000 | Episode:    15750
ep_length_mean:          200.0000	episode_length_mean:     199.0000	epsilon:                   0.0500	grad_norm:               437.0329
loss:                     19.3024	q_taken_mean:              1.1101	return_mean:             135.7175	return_std:                3.1538
target_mean:               1.1117	td_error_abs:              0.9763	test_ep_length_mean:     200.0000	test_episode_length_mean:199.0000
test_return_mean:        147.8300	test_return_std:           3.1411	
2026-02-15 09:23:05,217 - my_experiment - advP_BigMap_IQL_RNN_5M - my_run - INFO - t_env: 3150200 / 5050000
2026-02-15 09:23:05,218 - my_experiment - advP_BigMap_IQL_RNN_5M - my_run - INFO - Estimated time left: 18 hours, 46 minutes, 30 seconds. Time passed: 1 days, 6 hours, 22 minutes, 8 seconds
2026-02-15 09:52:37,829 - my_experiment - advP_BigMap_IQL_RNN_5M - my_run - INFO - Recent Stats | t_env:    3200000 | Episode:    16000
ep_length_mean:          200.0000	episode_length_mean:     199.0000	epsilon:                   0.0500	grad_norm:               258.1986
loss:                     18.1086	q_taken_mean:              1.1019	return_mean:             135.9894	return_std:                2.8742
target_mean:               1.0996	td_error_abs:              0.8334	test_ep_length_mean:     200.0000	test_episode_length_mean:199.0000
test_return_mean:        147.8044	test_return_std:           3.2437	
2026-02-15 09:52:44,553 - my_experiment - advP_BigMap_IQL_RNN_5M - my_run - INFO - t_env: 3200200 / 5050000
2026-02-15 09:52:44,553 - my_experiment - advP_BigMap_IQL_RNN_5M - my_run - INFO - Estimated time left: 18 hours, 17 minutes, 8 seconds. Time passed: 1 days, 6 hours, 51 minutes, 47 seconds
2026-02-15 10:22:15,996 - my_experiment - advP_BigMap_IQL_RNN_5M - my_run - INFO - Recent Stats | t_env:    3250000 | Episode:    16250
ep_length_mean:          200.0000	episode_length_mean:     199.0000	epsilon:                   0.0500	grad_norm:               272.0370
loss:                     17.7006	q_taken_mean:              1.0965	return_mean:             135.7869	return_std:                3.5134
target_mean:               1.0943	td_error_abs:              0.8236	test_ep_length_mean:     200.0000	test_episode_length_mean:199.0000
test_return_mean:        147.6595	test_return_std:           3.3999	
2026-02-15 10:22:22,699 - my_experiment - advP_BigMap_IQL_RNN_5M - my_run - INFO - t_env: 3250200 / 5050000
2026-02-15 10:22:22,699 - my_experiment - advP_BigMap_IQL_RNN_5M - my_run - INFO - Estimated time left: 17 hours, 46 minutes, 46 seconds. Time passed: 1 days, 7 hours, 21 minutes, 25 seconds
2026-02-15 10:51:56,193 - my_experiment - advP_BigMap_IQL_RNN_5M - my_run - INFO - Recent Stats | t_env:    3300000 | Episode:    16500
ep_length_mean:          200.0000	episode_length_mean:     199.0000	epsilon:                   0.0500	grad_norm:               267.2232
loss:                     17.1945	q_taken_mean:              1.0866	return_mean:             137.5603	return_std:                3.0248
target_mean:               1.0870	td_error_abs:              0.9121	test_ep_length_mean:     200.0000	test_episode_length_mean:199.0000
test_return_mean:        147.3362	test_return_std:           3.2347	
2026-02-15 10:52:02,940 - my_experiment - advP_BigMap_IQL_RNN_5M - my_run - INFO - t_env: 3300200 / 5050000
2026-02-15 10:52:02,941 - my_experiment - advP_BigMap_IQL_RNN_5M - my_run - INFO - Estimated time left: 17 hours, 18 minutes, 21 seconds. Time passed: 1 days, 7 hours, 51 minutes, 5 seconds
2026-02-15 11:21:34,815 - my_experiment - advP_BigMap_IQL_RNN_5M - my_run - INFO - Recent Stats | t_env:    3350000 | Episode:    16750
ep_length_mean:          200.0000	episode_length_mean:     199.0000	epsilon:                   0.0500	grad_norm:               403.6397
loss:                     16.7866	q_taken_mean:              1.0801	return_mean:             139.1898	return_std:                2.7851
target_mean:               1.0784	td_error_abs:              0.8940	test_ep_length_mean:     200.0000	test_episode_length_mean:199.0000
test_return_mean:        148.3430	test_return_std:           3.2270	
2026-02-15 11:21:41,544 - my_experiment - advP_BigMap_IQL_RNN_5M - my_run - INFO - t_env: 3350200 / 5050000
2026-02-15 11:21:41,545 - my_experiment - advP_BigMap_IQL_RNN_5M - my_run - INFO - Estimated time left: 16 hours, 47 minutes, 45 seconds. Time passed: 1 days, 8 hours, 20 minutes, 44 seconds
2026-02-15 11:51:14,166 - my_experiment - advP_BigMap_IQL_RNN_5M - my_run - INFO - Recent Stats | t_env:    3400000 | Episode:    17000
ep_length_mean:          200.0000	episode_length_mean:     199.0000	epsilon:                   0.0500	grad_norm:               576.1546
loss:                     16.6678	q_taken_mean:              1.0806	return_mean:             138.8069	return_std:                2.6625
target_mean:               1.0774	td_error_abs:              0.9005	test_ep_length_mean:     200.0000	test_episode_length_mean:199.0000
test_return_mean:        149.1685	test_return_std:           3.1763	
2026-02-15 11:51:20,930 - my_experiment - advP_BigMap_IQL_RNN_5M - my_run - INFO - t_env: 3400200 / 5050000
2026-02-15 11:51:20,931 - my_experiment - advP_BigMap_IQL_RNN_5M - my_run - INFO - Estimated time left: 16 hours, 18 minutes, 32 seconds. Time passed: 1 days, 8 hours, 50 minutes, 23 seconds
2026-02-15 12:20:54,542 - my_experiment - advP_BigMap_IQL_RNN_5M - my_run - INFO - Recent Stats | t_env:    3450000 | Episode:    17250
ep_length_mean:          200.0000	episode_length_mean:     199.0000	epsilon:                   0.0500	grad_norm:               287.5788
loss:                     15.8307	q_taken_mean:              1.0666	return_mean:             137.2505	return_std:                2.9205
target_mean:               1.0659	td_error_abs:              0.8366	test_ep_length_mean:     200.0000	test_episode_length_mean:199.0000
test_return_mean:        148.9591	test_return_std:           3.1803	
2026-02-15 12:21:01,260 - my_experiment - advP_BigMap_IQL_RNN_5M - my_run - INFO - t_env: 3450200 / 5050000
2026-02-15 12:21:01,261 - my_experiment - advP_BigMap_IQL_RNN_5M - my_run - INFO - Estimated time left: 15 hours, 49 minutes, 23 seconds. Time passed: 1 days, 9 hours, 20 minutes, 4 seconds
2026-02-15 12:50:34,013 - my_experiment - advP_BigMap_IQL_RNN_5M - my_run - INFO - Recent Stats | t_env:    3500000 | Episode:    17500
ep_length_mean:          200.0000	episode_length_mean:     199.0000	epsilon:                   0.0500	grad_norm:               454.6455
loss:                     15.5375	q_taken_mean:              1.0602	return_mean:             135.9335	return_std:                3.0275
target_mean:               1.0581	td_error_abs:              0.9160	test_ep_length_mean:     200.0000	test_episode_length_mean:199.0000
test_return_mean:        148.8580	test_return_std:           3.3279	
2026-02-15 12:50:40,783 - my_experiment - advP_BigMap_IQL_RNN_5M - my_run - INFO - t_env: 3500200 / 5050000
2026-02-15 12:50:40,784 - my_experiment - advP_BigMap_IQL_RNN_5M - my_run - INFO - Estimated time left: 15 hours, 19 minutes, 18 seconds. Time passed: 1 days, 9 hours, 49 minutes, 43 seconds
2026-02-15 12:52:21,818 - my_experiment - advP_BigMap_IQL_RNN_5M - my_run - INFO - Saving models to work_dirs/my_experiment/advP_BigMap_IQL_RNN_5M/my_run/20260214_030036/models/3500200
2026-02-15 13:20:17,144 - my_experiment - advP_BigMap_IQL_RNN_5M - my_run - INFO - Recent Stats | t_env:    3550000 | Episode:    17750
ep_length_mean:          200.0000	episode_length_mean:     199.0000	epsilon:                   0.0500	grad_norm:               526.8405
loss:                     15.0302	q_taken_mean:              1.0427	return_mean:             135.7041	return_std:                3.3192
target_mean:               1.0427	td_error_abs:              0.9600	test_ep_length_mean:     200.0000	test_episode_length_mean:199.0000
test_return_mean:        148.6295	test_return_std:           3.4264	
2026-02-15 13:20:23,828 - my_experiment - advP_BigMap_IQL_RNN_5M - my_run - INFO - t_env: 3550200 / 5050000
2026-02-15 13:20:23,829 - my_experiment - advP_BigMap_IQL_RNN_5M - my_run - INFO - Estimated time left: 14 hours, 51 minutes, 24 seconds. Time passed: 1 days, 10 hours, 19 minutes, 26 seconds
2026-02-15 13:49:57,186 - my_experiment - advP_BigMap_IQL_RNN_5M - my_run - INFO - Recent Stats | t_env:    3600000 | Episode:    18000
ep_length_mean:          200.0000	episode_length_mean:     199.0000	epsilon:                   0.0500	grad_norm:               458.0418
loss:                     14.4964	q_taken_mean:              1.0368	return_mean:             136.0591	return_std:                3.2967
target_mean:               1.0370	td_error_abs:              0.9441	test_ep_length_mean:     200.0000	test_episode_length_mean:199.0000
test_return_mean:        147.7915	test_return_std:           3.4066	
2026-02-15 13:50:03,992 - my_experiment - advP_BigMap_IQL_RNN_5M - my_run - INFO - t_env: 3600200 / 5050000
2026-02-15 13:50:03,993 - my_experiment - advP_BigMap_IQL_RNN_5M - my_run - INFO - Estimated time left: 14 hours, 20 minutes, 17 seconds. Time passed: 1 days, 10 hours, 49 minutes, 7 seconds
2026-02-15 14:19:37,122 - my_experiment - advP_BigMap_IQL_RNN_5M - my_run - INFO - Recent Stats | t_env:    3650000 | Episode:    18250
ep_length_mean:          200.0000	episode_length_mean:     199.0000	epsilon:                   0.0500	grad_norm:               367.9246
loss:                     14.0331	q_taken_mean:              1.0371	return_mean:             137.6644	return_std:                3.0563
target_mean:               1.0348	td_error_abs:              0.8148	test_ep_length_mean:     200.0000	test_episode_length_mean:199.0000
test_return_mean:        147.5435	test_return_std:           3.4776	
2026-02-15 14:19:43,820 - my_experiment - advP_BigMap_IQL_RNN_5M - my_run - INFO - t_env: 3650200 / 5050000
2026-02-15 14:19:43,821 - my_experiment - advP_BigMap_IQL_RNN_5M - my_run - INFO - Estimated time left: 13 hours, 50 minutes, 28 seconds. Time passed: 1 days, 11 hours, 18 minutes, 46 seconds
2026-02-15 14:49:17,231 - my_experiment - advP_BigMap_IQL_RNN_5M - my_run - INFO - Recent Stats | t_env:    3700000 | Episode:    18500
ep_length_mean:          200.0000	episode_length_mean:     199.0000	epsilon:                   0.0500	grad_norm:               327.5219
loss:                     13.8371	q_taken_mean:              1.0239	return_mean:             138.6456	return_std:                3.0906
target_mean:               1.0233	td_error_abs:              0.9409	test_ep_length_mean:     200.0000	test_episode_length_mean:199.0000
test_return_mean:        147.3769	test_return_std:           3.3734	
2026-02-15 14:49:23,996 - my_experiment - advP_BigMap_IQL_RNN_5M - my_run - INFO - t_env: 3700200 / 5050000
2026-02-15 14:49:23,997 - my_experiment - advP_BigMap_IQL_RNN_5M - my_run - INFO - Estimated time left: 13 hours, 20 minutes, 57 seconds. Time passed: 1 days, 11 hours, 48 minutes, 27 seconds
2026-02-15 15:18:59,547 - my_experiment - advP_BigMap_IQL_RNN_5M - my_run - INFO - Recent Stats | t_env:    3750000 | Episode:    18750
ep_length_mean:          200.0000	episode_length_mean:     199.0000	epsilon:                   0.0500	grad_norm:               297.9535
loss:                     13.4866	q_taken_mean:              1.0255	return_mean:             139.5261	return_std:                2.9631
target_mean:               1.0249	td_error_abs:              0.9041	test_ep_length_mean:     200.0000	test_episode_length_mean:199.0000
test_return_mean:        148.0437	test_return_std:           3.1400	
2026-02-15 15:19:06,308 - my_experiment - advP_BigMap_IQL_RNN_5M - my_run - INFO - t_env: 3750200 / 5050000
2026-02-15 15:19:06,309 - my_experiment - advP_BigMap_IQL_RNN_5M - my_run - INFO - Estimated time left: 12 hours, 52 minutes, 12 seconds. Time passed: 1 days, 12 hours, 18 minutes, 9 seconds
2026-02-15 15:48:38,403 - my_experiment - advP_BigMap_IQL_RNN_5M - my_run - INFO - Recent Stats | t_env:    3800000 | Episode:    19000
ep_length_mean:          200.0000	episode_length_mean:     199.0000	epsilon:                   0.0500	grad_norm:               348.6279
loss:                     13.1782	q_taken_mean:              1.0207	return_mean:             139.5637	return_std:                2.8423
target_mean:               1.0185	td_error_abs:              0.8776	test_ep_length_mean:     200.0000	test_episode_length_mean:199.0000
test_return_mean:        148.7633	test_return_std:           3.2482	
2026-02-15 15:48:45,079 - my_experiment - advP_BigMap_IQL_RNN_5M - my_run - INFO - t_env: 3800200 / 5050000
2026-02-15 15:48:45,080 - my_experiment - advP_BigMap_IQL_RNN_5M - my_run - INFO - Estimated time left: 12 hours, 21 minutes, 2 seconds. Time passed: 1 days, 12 hours, 47 minutes, 48 seconds
2026-02-15 16:18:30,260 - my_experiment - advP_BigMap_IQL_RNN_5M - my_run - INFO - Recent Stats | t_env:    3850000 | Episode:    19250
ep_length_mean:          200.0000	episode_length_mean:     199.0000	epsilon:                   0.0500	grad_norm:               366.4276
loss:                     12.7865	q_taken_mean:              1.0155	return_mean:             139.2881	return_std:                3.1169
target_mean:               1.0136	td_error_abs:              0.8522	test_ep_length_mean:     200.0000	test_episode_length_mean:199.0000
test_return_mean:        149.4001	test_return_std:           3.4341	
2026-02-15 16:18:37,036 - my_experiment - advP_BigMap_IQL_RNN_5M - my_run - INFO - t_env: 3850200 / 5050000
2026-02-15 16:18:37,037 - my_experiment - advP_BigMap_IQL_RNN_5M - my_run - INFO - Estimated time left: 11 hours, 56 minutes, 39 seconds. Time passed: 1 days, 13 hours, 17 minutes, 40 seconds
2026-02-15 16:48:17,164 - my_experiment - advP_BigMap_IQL_RNN_5M - my_run - INFO - Recent Stats | t_env:    3900000 | Episode:    19500
ep_length_mean:          200.0000	episode_length_mean:     199.0000	epsilon:                   0.0500	grad_norm:               553.0635
loss:                     13.2708	q_taken_mean:              1.0218	return_mean:             139.5225	return_std:                3.2924
target_mean:               1.0175	td_error_abs:              0.9547	test_ep_length_mean:     200.0000	test_episode_length_mean:199.0000
test_return_mean:        149.7289	test_return_std:           3.3296	
2026-02-15 16:48:23,889 - my_experiment - advP_BigMap_IQL_RNN_5M - my_run - INFO - t_env: 3900200 / 5050000
2026-02-15 16:48:23,890 - my_experiment - advP_BigMap_IQL_RNN_5M - my_run - INFO - Estimated time left: 11 hours, 24 minutes, 50 seconds. Time passed: 1 days, 13 hours, 47 minutes, 26 seconds
2026-02-15 17:17:54,881 - my_experiment - advP_BigMap_IQL_RNN_5M - my_run - INFO - Recent Stats | t_env:    3950000 | Episode:    19750
ep_length_mean:          200.0000	episode_length_mean:     199.0000	epsilon:                   0.0500	grad_norm:               554.5697
loss:                     12.5206	q_taken_mean:              1.0153	return_mean:             140.1542	return_std:                2.9432
target_mean:               1.0134	td_error_abs:              0.8837	test_ep_length_mean:     200.0000	test_episode_length_mean:199.0000
test_return_mean:        150.4989	test_return_std:           3.2726	
2026-02-15 17:18:01,643 - my_experiment - advP_BigMap_IQL_RNN_5M - my_run - INFO - t_env: 3950200 / 5050000
2026-02-15 17:18:01,644 - my_experiment - advP_BigMap_IQL_RNN_5M - my_run - INFO - Estimated time left: 10 hours, 51 minutes, 43 seconds. Time passed: 1 days, 14 hours, 17 minutes, 4 seconds
2026-02-15 17:47:32,431 - my_experiment - advP_BigMap_IQL_RNN_5M - my_run - INFO - Recent Stats | t_env:    4000000 | Episode:    20000
ep_length_mean:          200.0000	episode_length_mean:     199.0000	epsilon:                   0.0500	grad_norm:               505.5578
loss:                     11.8146	q_taken_mean:              1.0052	return_mean:             140.0878	return_std:                2.8111
target_mean:               1.0053	td_error_abs:              0.8703	test_ep_length_mean:     200.0000	test_episode_length_mean:199.0000
test_return_mean:        150.4618	test_return_std:           3.2533	
2026-02-15 17:47:39,202 - my_experiment - advP_BigMap_IQL_RNN_5M - my_run - INFO - t_env: 4000200 / 5050000
2026-02-15 17:47:39,203 - my_experiment - advP_BigMap_IQL_RNN_5M - my_run - INFO - Estimated time left: 10 hours, 22 minutes, 1 seconds. Time passed: 1 days, 14 hours, 46 minutes, 42 seconds
2026-02-15 17:49:20,103 - my_experiment - advP_BigMap_IQL_RNN_5M - my_run - INFO - Saving models to work_dirs/my_experiment/advP_BigMap_IQL_RNN_5M/my_run/20260214_030036/models/4000200
2026-02-15 18:17:11,204 - my_experiment - advP_BigMap_IQL_RNN_5M - my_run - INFO - Recent Stats | t_env:    4050000 | Episode:    20250
ep_length_mean:          200.0000	episode_length_mean:     199.0000	epsilon:                   0.0500	grad_norm:               761.8310
loss:                     11.7691	q_taken_mean:              0.9964	return_mean:             139.4546	return_std:                3.0274
target_mean:               0.9918	td_error_abs:              0.9117	test_ep_length_mean:     200.0000	test_episode_length_mean:199.0000
test_return_mean:        150.2536	test_return_std:           3.2405	
2026-02-15 18:17:17,926 - my_experiment - advP_BigMap_IQL_RNN_5M - my_run - INFO - t_env: 4050200 / 5050000
2026-02-15 18:17:17,926 - my_experiment - advP_BigMap_IQL_RNN_5M - my_run - INFO - Estimated time left: 9 hours, 52 minutes, 47 seconds. Time passed: 1 days, 15 hours, 16 minutes, 20 seconds
2026-02-15 18:46:48,758 - my_experiment - advP_BigMap_IQL_RNN_5M - my_run - INFO - Recent Stats | t_env:    4100000 | Episode:    20500
ep_length_mean:          200.0000	episode_length_mean:     199.0000	epsilon:                   0.0500	grad_norm:               467.9124
loss:                     10.8799	q_taken_mean:              0.9818	return_mean:             138.1648	return_std:                3.1896
target_mean:               0.9816	td_error_abs:              0.8665	test_ep_length_mean:     200.0000	test_episode_length_mean:199.0000
test_return_mean:        149.6463	test_return_std:           3.1813	
2026-02-15 18:46:55,506 - my_experiment - advP_BigMap_IQL_RNN_5M - my_run - INFO - t_env: 4100200 / 5050000
2026-02-15 18:46:55,507 - my_experiment - advP_BigMap_IQL_RNN_5M - my_run - INFO - Estimated time left: 9 hours, 22 minutes, 46 seconds. Time passed: 1 days, 15 hours, 45 minutes, 58 seconds
2026-02-15 19:16:27,765 - my_experiment - advP_BigMap_IQL_RNN_5M - my_run - INFO - Recent Stats | t_env:    4150000 | Episode:    20750
ep_length_mean:          200.0000	episode_length_mean:     199.0000	epsilon:                   0.0500	grad_norm:               700.6395
loss:                     10.8691	q_taken_mean:              0.9846	return_mean:             138.1638	return_std:                2.9382
target_mean:               0.9845	td_error_abs:              0.9022	test_ep_length_mean:     200.0000	test_episode_length_mean:199.0000
test_return_mean:        149.0919	test_return_std:           3.2562	
2026-02-15 19:16:34,456 - my_experiment - advP_BigMap_IQL_RNN_5M - my_run - INFO - t_env: 4150200 / 5050000
2026-02-15 19:16:34,456 - my_experiment - advP_BigMap_IQL_RNN_5M - my_run - INFO - Estimated time left: 8 hours, 53 minutes, 33 seconds. Time passed: 1 days, 16 hours, 15 minutes, 37 seconds
2026-02-15 19:46:04,745 - my_experiment - advP_BigMap_IQL_RNN_5M - my_run - INFO - Recent Stats | t_env:    4200000 | Episode:    21000
ep_length_mean:          200.0000	episode_length_mean:     199.0000	epsilon:                   0.0500	grad_norm:               566.0995
loss:                     10.5859	q_taken_mean:              0.9720	return_mean:             137.6726	return_std:                3.0415
target_mean:               0.9720	td_error_abs:              0.9169	test_ep_length_mean:     200.0000	test_episode_length_mean:199.0000
test_return_mean:        148.2514	test_return_std:           3.3480	
2026-02-15 19:46:11,483 - my_experiment - advP_BigMap_IQL_RNN_5M - my_run - INFO - t_env: 4200200 / 5050000
2026-02-15 19:46:11,484 - my_experiment - advP_BigMap_IQL_RNN_5M - my_run - INFO - Estimated time left: 8 hours, 23 minutes, 22 seconds. Time passed: 1 days, 16 hours, 45 minutes, 14 seconds
2026-02-15 20:15:43,468 - my_experiment - advP_BigMap_IQL_RNN_5M - my_run - INFO - Recent Stats | t_env:    4250000 | Episode:    21250
ep_length_mean:          200.0000	episode_length_mean:     199.0000	epsilon:                   0.0500	grad_norm:               850.9596
loss:                     10.9126	q_taken_mean:              0.9649	return_mean:             137.3380	return_std:                2.9830
target_mean:               0.9635	td_error_abs:              0.9937	test_ep_length_mean:     200.0000	test_episode_length_mean:199.0000
test_return_mean:        147.8838	test_return_std:           3.7161	
2026-02-15 20:15:50,186 - my_experiment - advP_BigMap_IQL_RNN_5M - my_run - INFO - t_env: 4250200 / 5050000
2026-02-15 20:15:50,186 - my_experiment - advP_BigMap_IQL_RNN_5M - my_run - INFO - Estimated time left: 7 hours, 54 minutes, 12 seconds. Time passed: 1 days, 17 hours, 14 minutes, 53 seconds
2026-02-15 20:45:22,668 - my_experiment - advP_BigMap_IQL_RNN_5M - my_run - INFO - Recent Stats | t_env:    4300000 | Episode:    21500
ep_length_mean:          200.0000	episode_length_mean:     199.0000	epsilon:                   0.0500	grad_norm:               184.7436
loss:                     10.0103	q_taken_mean:              0.9627	return_mean:             136.3327	return_std:                3.0670
target_mean:               0.9618	td_error_abs:              0.8689	test_ep_length_mean:     200.0000	test_episode_length_mean:199.0000
test_return_mean:        147.0999	test_return_std:           3.6969	
2026-02-15 20:45:29,390 - my_experiment - advP_BigMap_IQL_RNN_5M - my_run - INFO - t_env: 4300200 / 5050000
2026-02-15 20:45:29,390 - my_experiment - advP_BigMap_IQL_RNN_5M - my_run - INFO - Estimated time left: 7 hours, 24 minutes, 40 seconds. Time passed: 1 days, 17 hours, 44 minutes, 32 seconds
2026-02-15 21:15:01,372 - my_experiment - advP_BigMap_IQL_RNN_5M - my_run - INFO - Recent Stats | t_env:    4350000 | Episode:    21750
ep_length_mean:          200.0000	episode_length_mean:     199.0000	epsilon:                   0.0500	grad_norm:               503.1054
loss:                      9.8492	q_taken_mean:              0.9628	return_mean:             138.0737	return_std:                2.8086
target_mean:               0.9587	td_error_abs:              0.8477	test_ep_length_mean:     200.0000	test_episode_length_mean:199.0000
test_return_mean:        147.0241	test_return_std:           3.7265	
2026-02-15 21:15:08,148 - my_experiment - advP_BigMap_IQL_RNN_5M - my_run - INFO - t_env: 4350200 / 5050000
2026-02-15 21:15:08,149 - my_experiment - advP_BigMap_IQL_RNN_5M - my_run - INFO - Estimated time left: 6 hours, 54 minutes, 55 seconds. Time passed: 1 days, 18 hours, 14 minutes, 11 seconds
2026-02-15 21:44:37,418 - my_experiment - advP_BigMap_IQL_RNN_5M - my_run - INFO - Recent Stats | t_env:    4400000 | Episode:    22000
ep_length_mean:          200.0000	episode_length_mean:     199.0000	epsilon:                   0.0500	grad_norm:               494.5825
loss:                      9.4396	q_taken_mean:              0.9537	return_mean:             138.7580	return_std:                2.8425
target_mean:               0.9537	td_error_abs:              0.8763	test_ep_length_mean:     200.0000	test_episode_length_mean:199.0000
test_return_mean:        147.1631	test_return_std:           3.8324	
2026-02-15 21:44:44,217 - my_experiment - advP_BigMap_IQL_RNN_5M - my_run - INFO - t_env: 4400200 / 5050000
2026-02-15 21:44:44,217 - my_experiment - advP_BigMap_IQL_RNN_5M - my_run - INFO - Estimated time left: 6 hours, 24 minutes, 41 seconds. Time passed: 1 days, 18 hours, 43 minutes, 47 seconds
2026-02-15 22:14:16,233 - my_experiment - advP_BigMap_IQL_RNN_5M - my_run - INFO - Recent Stats | t_env:    4450000 | Episode:    22250
ep_length_mean:          200.0000	episode_length_mean:     199.0000	epsilon:                   0.0500	grad_norm:               866.0302
loss:                      9.7501	q_taken_mean:              0.9418	return_mean:             139.4863	return_std:                3.0167
target_mean:               0.9403	td_error_abs:              0.9693	test_ep_length_mean:     200.0000	test_episode_length_mean:199.0000
test_return_mean:        148.0422	test_return_std:           3.8732	
2026-02-15 22:14:22,939 - my_experiment - advP_BigMap_IQL_RNN_5M - my_run - INFO - t_env: 4450200 / 5050000
2026-02-15 22:14:22,940 - my_experiment - advP_BigMap_IQL_RNN_5M - my_run - INFO - Estimated time left: 5 hours, 55 minutes, 37 seconds. Time passed: 1 days, 19 hours, 13 minutes, 25 seconds
2026-02-15 22:43:52,976 - my_experiment - advP_BigMap_IQL_RNN_5M - my_run - INFO - Recent Stats | t_env:    4500000 | Episode:    22500
ep_length_mean:          200.0000	episode_length_mean:     199.0000	epsilon:                   0.0500	grad_norm:               1012.5259
loss:                     10.2329	q_taken_mean:              0.9320	return_mean:             138.7571	return_std:                2.9355
target_mean:               0.9329	td_error_abs:              1.1132	test_ep_length_mean:     200.0000	test_episode_length_mean:199.0000
test_return_mean:        148.4697	test_return_std:           3.5787	
2026-02-15 22:43:59,704 - my_experiment - advP_BigMap_IQL_RNN_5M - my_run - INFO - t_env: 4500200 / 5050000
2026-02-15 22:43:59,705 - my_experiment - advP_BigMap_IQL_RNN_5M - my_run - INFO - Estimated time left: 5 hours, 25 minutes, 37 seconds. Time passed: 1 days, 19 hours, 43 minutes, 2 seconds
2026-02-15 22:45:40,832 - my_experiment - advP_BigMap_IQL_RNN_5M - my_run - INFO - Saving models to work_dirs/my_experiment/advP_BigMap_IQL_RNN_5M/my_run/20260214_030036/models/4500200
2026-02-15 23:13:31,031 - my_experiment - advP_BigMap_IQL_RNN_5M - my_run - INFO - Recent Stats | t_env:    4550000 | Episode:    22750
ep_length_mean:          200.0000	episode_length_mean:     199.0000	epsilon:                   0.0500	grad_norm:               618.5670
loss:                      8.9410	q_taken_mean:              0.9299	return_mean:             138.6019	return_std:                2.9369
target_mean:               0.9276	td_error_abs:              0.9258	test_ep_length_mean:     200.0000	test_episode_length_mean:199.0000
test_return_mean:        149.2592	test_return_std:           3.5049	
2026-02-15 23:13:37,749 - my_experiment - advP_BigMap_IQL_RNN_5M - my_run - INFO - t_env: 4550200 / 5050000
2026-02-15 23:13:37,750 - my_experiment - advP_BigMap_IQL_RNN_5M - my_run - INFO - Estimated time left: 4 hours, 56 minutes, 13 seconds. Time passed: 1 days, 20 hours, 12 minutes, 40 seconds
2026-02-15 23:43:09,711 - my_experiment - advP_BigMap_IQL_RNN_5M - my_run - INFO - Recent Stats | t_env:    4600000 | Episode:    23000
ep_length_mean:          200.0000	episode_length_mean:     199.0000	epsilon:                   0.0500	grad_norm:               489.8558
loss:                      8.8340	q_taken_mean:              0.9208	return_mean:             138.2782	return_std:                2.8107
target_mean:               0.9168	td_error_abs:              0.9282	test_ep_length_mean:     200.0000	test_episode_length_mean:199.0000
test_return_mean:        149.8925	test_return_std:           3.2833	
2026-02-15 23:43:16,457 - my_experiment - advP_BigMap_IQL_RNN_5M - my_run - INFO - t_env: 4600200 / 5050000
2026-02-15 23:43:16,458 - my_experiment - advP_BigMap_IQL_RNN_5M - my_run - INFO - Estimated time left: 4 hours, 26 minutes, 41 seconds. Time passed: 1 days, 20 hours, 42 minutes, 19 seconds
2026-02-16 00:12:51,022 - my_experiment - advP_BigMap_IQL_RNN_5M - my_run - INFO - Recent Stats | t_env:    4650000 | Episode:    23250
ep_length_mean:          200.0000	episode_length_mean:     199.0000	epsilon:                   0.0500	grad_norm:               366.5724
loss:                      8.0041	q_taken_mean:              0.9020	return_mean:             138.9995	return_std:                2.3287
target_mean:               0.9004	td_error_abs:              0.8523	test_ep_length_mean:     200.0000	test_episode_length_mean:199.0000
test_return_mean:        150.3472	test_return_std:           3.0344	
2026-02-16 00:12:57,752 - my_experiment - advP_BigMap_IQL_RNN_5M - my_run - INFO - t_env: 4650200 / 5050000
2026-02-16 00:12:57,753 - my_experiment - advP_BigMap_IQL_RNN_5M - my_run - INFO - Estimated time left: 3 hours, 57 minutes, 23 seconds. Time passed: 1 days, 21 hours, 12 minutes, 0 seconds
2026-02-16 00:42:32,615 - my_experiment - advP_BigMap_IQL_RNN_5M - my_run - INFO - Recent Stats | t_env:    4700000 | Episode:    23500
ep_length_mean:          200.0000	episode_length_mean:     199.0000	epsilon:                   0.0500	grad_norm:               673.6961
loss:                      8.0227	q_taken_mean:              0.8849	return_mean:             139.8011	return_std:                2.3813
target_mean:               0.8858	td_error_abs:              0.9718	test_ep_length_mean:     200.0000	test_episode_length_mean:199.0000
test_return_mean:        150.3102	test_return_std:           2.8580	
2026-02-16 00:42:39,349 - my_experiment - advP_BigMap_IQL_RNN_5M - my_run - INFO - t_env: 4700200 / 5050000
2026-02-16 00:42:39,350 - my_experiment - advP_BigMap_IQL_RNN_5M - my_run - INFO - Estimated time left: 3 hours, 27 minutes, 44 seconds. Time passed: 1 days, 21 hours, 41 minutes, 42 seconds
2026-02-16 01:12:09,113 - my_experiment - advP_BigMap_IQL_RNN_5M - my_run - INFO - Recent Stats | t_env:    4750000 | Episode:    23750
ep_length_mean:          200.0000	episode_length_mean:     199.0000	epsilon:                   0.0500	grad_norm:               659.8564
loss:                      8.4259	q_taken_mean:              0.8829	return_mean:             139.8819	return_std:                2.4595
target_mean:               0.8838	td_error_abs:              1.0307	test_ep_length_mean:     200.0000	test_episode_length_mean:199.0000
test_return_mean:        150.5334	test_return_std:           2.6087	
2026-02-16 01:12:15,889 - my_experiment - advP_BigMap_IQL_RNN_5M - my_run - INFO - t_env: 4750200 / 5050000
2026-02-16 01:12:15,890 - my_experiment - advP_BigMap_IQL_RNN_5M - my_run - INFO - Estimated time left: 2 hours, 57 minutes, 32 seconds. Time passed: 1 days, 22 hours, 11 minutes, 18 seconds
2026-02-16 01:41:45,697 - my_experiment - advP_BigMap_IQL_RNN_5M - my_run - INFO - Recent Stats | t_env:    4800000 | Episode:    24000
ep_length_mean:          200.0000	episode_length_mean:     199.0000	epsilon:                   0.0500	grad_norm:               534.2073
loss:                      7.7107	q_taken_mean:              0.8872	return_mean:             140.8062	return_std:                2.2530
target_mean:               0.8858	td_error_abs:              0.9036	test_ep_length_mean:     200.0000	test_episode_length_mean:199.0000
test_return_mean:        151.0936	test_return_std:           2.3829	
2026-02-16 01:41:52,524 - my_experiment - advP_BigMap_IQL_RNN_5M - my_run - INFO - t_env: 4800200 / 5050000
2026-02-16 01:41:52,525 - my_experiment - advP_BigMap_IQL_RNN_5M - my_run - INFO - Estimated time left: 2 hours, 27 minutes, 56 seconds. Time passed: 1 days, 22 hours, 40 minutes, 55 seconds
2026-02-16 02:11:23,685 - my_experiment - advP_BigMap_IQL_RNN_5M - my_run - INFO - Recent Stats | t_env:    4850000 | Episode:    24250
ep_length_mean:          200.0000	episode_length_mean:     199.0000	epsilon:                   0.0500	grad_norm:               354.6467
loss:                      8.1043	q_taken_mean:              0.8898	return_mean:             141.2012	return_std:                2.3207
target_mean:               0.8854	td_error_abs:              0.9021	test_ep_length_mean:     200.0000	test_episode_length_mean:199.0000
test_return_mean:        151.5449	test_return_std:           2.2080	
2026-02-16 02:11:30,482 - my_experiment - advP_BigMap_IQL_RNN_5M - my_run - INFO - t_env: 4850200 / 5050000
2026-02-16 02:11:30,483 - my_experiment - advP_BigMap_IQL_RNN_5M - my_run - INFO - Estimated time left: 1 hours, 58 minutes, 24 seconds. Time passed: 1 days, 23 hours, 10 minutes, 33 seconds
2026-02-16 02:41:00,866 - my_experiment - advP_BigMap_IQL_RNN_5M - my_run - INFO - Recent Stats | t_env:    4900000 | Episode:    24500
ep_length_mean:          200.0000	episode_length_mean:     199.0000	epsilon:                   0.0500	grad_norm:               690.3337
loss:                      7.5717	q_taken_mean:              0.8836	return_mean:             141.0954	return_std:                2.3441
target_mean:               0.8836	td_error_abs:              0.9323	test_ep_length_mean:     200.0000	test_episode_length_mean:199.0000
test_return_mean:        151.9523	test_return_std:           2.1004	
2026-02-16 02:41:07,574 - my_experiment - advP_BigMap_IQL_RNN_5M - my_run - INFO - t_env: 4900200 / 5050000
2026-02-16 02:41:07,575 - my_experiment - advP_BigMap_IQL_RNN_5M - my_run - INFO - Estimated time left: 1 hours, 28 minutes, 44 seconds. Time passed: 1 days, 23 hours, 40 minutes, 10 seconds
slurmstepd: error: *** JOB 1748507 ON tikgpu02 CANCELLED AT 2026-02-16T03:00:48 DUE TO TIME LIMIT ***
