JOB ID: 1787483
Running on node: artongpu04
Project Directory: /usr/itetnas04/data-scratch-01/pparsons/data/MyExpoComm
--------------------------------
Algorithm:   iql
Environment: MAgent_AdvPursuit
Profile:     advP_BigMap_IQL_RNN_5M
--------------------------------
Conda activated: /usr/itetnas04/data-scratch-01/pparsons/data/conda_envs/ExpoComm
Starting Run...
Warning: Loaded 4 layers but model has 6 layers.
Exiting Main
Stopping all threads
Thread wandb-AsyncioManager-main is alive! Is daemon: True
Thread joined
Thread ChkStopThr is alive! Is daemon: True
Thread joined
Thread IntMsgThr is alive! Is daemon: True
Thread joined
Exiting script
[1;34mwandb[0m: 
[1;34mwandb[0m: 🚀 View run [33mmy_run-advP_BigMap_IQL_RNN_5M-20260303_155812[0m at: [34mhttps://wandb.ai/peterparsons02-eth-z-rich/my_experiment/runs/wu4btolk[0m
[1;34mwandb[0m: Find logs at: [1;35mwandb/run-20260303_155813-wu4btolk/logs[0m
Finished at: Tue Mar  3 20:02:51 CET 2026
