Gym has been unmaintained since 2022 and does not support NumPy 2.0 amongst other critical functionality.
Please upgrade to Gymnasium, the maintained drop-in replacement of Gym, or contact the authors of your software and request that they upgrade.
Users of this version of Gym should be able to simply replace 'import gym' with 'import gymnasium as gym' in the vast majority of cases.
See the migration guide at https://gymnasium.farama.org/introduction/migration_guide/ for additional information.
src/main.py:81: DeprecationWarning: Using or importing the ABCs from 'collections' instead of from 'collections.abc' is deprecated since Python 3.3, and in 3.10 it will stop working
  if isinstance(v, collections.Mapping):
wandb: [wandb.login()] Loaded credentials for https://api.wandb.ai from /home/pparsons/.netrc.
wandb: Currently logged in as: peterparsons02 (peterparsons02-eth-z-rich) to https://api.wandb.ai. Use `wandb login --relogin` to force relogin
wandb: setting up run 44lotjwf
wandb: Tracking run with wandb version 0.24.1
wandb: Run data is saved locally in /usr/itetnas04/data-scratch-01/pparsons/data/MyExpoComm/wandb/run-20260210_163416-44lotjwf
wandb: Run `wandb offline` to turn off syncing.
wandb: Syncing run my_run-advP_ExpoComm_2M-20260210_163415
wandb: ⭐️ View project at https://wandb.ai/peterparsons02-eth-z-rich/my_experiment
wandb: 🚀 View run at https://wandb.ai/peterparsons02-eth-z-rich/my_experiment/runs/44lotjwf
2026-02-10 16:34:19,197 - my_experiment - advP_ExpoComm_2M - my_run - INFO - Current directory: /usr/itetnas04/data-scratch-01/pparsons/data/MyExpoComm.
2026-02-10 16:34:19,198 - my_experiment - advP_ExpoComm_2M - my_run - INFO - Experiment Parameters:
2026-02-10 16:34:19,199 - my_experiment - advP_ExpoComm_2M - my_run - INFO - 

{   'action_selector': 'epsilon_greedy',
    'add_value_last_step': True,
    'agent': 'ExpoComm_one_peer_cont',
    'agent_output_type': 'q',
    'aux_coef': 0.1,
    'batch_size': 32,
    'batch_size_run': 1,
    'buffer_cpu_only': True,
    'buffer_size': 5000,
    'checkpoint_path': '',
    'double_q': True,
    'env': 'MAgent_AdvPursuit',
    'env_args': {   'global_reward': False,
                    'map_name': 'adversarial_pursuit_view8',
                    'map_size': 45,
                    'max_cycles': 200,
                    'minimap_mode': True,
                    'pretrained_ckpt': 'prey_params.pt',
                    'seed': 42},
    'epsilon_anneal_time': 500000,
    'epsilon_finish': 0.05,
    'epsilon_start': 1.0,
    'evaluate': False,
    'evaluation_epsilon': 0.0,
    'exp_name': 'my_experiment',
    'gamma': 0.99,
    'global_reward': True,
    'grad_norm_clip': 10,
    'hidden_dim': 64,
    'hypergroup': None,
    'hypernet_embed': 64,
    'hypernet_layers': 2,
    'label': 'default_label',
    'learner': 'cont_q_learner',
    'learner_log_interval': 10000,
    'load_step': 0,
    'local_results_path': 'results',
    'log_interval': 50000,
    'lr': 0.0005,
    'mac': 'ExpoComm_mac',
    'mixer': 'qmix',
    'mixing_embed_dim': 64,
    'name': 'advP_ExpoComm_2M',
    'neg_num': 20,
    'obs_agent_id': True,
    'obs_individual_obs': False,
    'obs_last_action': True,
    'one_peer': True,
    'optim_alpha': 0.99,
    'optim_eps': 1e-05,
    'pos_flag': False,
    'render': False,
    'repeat_id': 1,
    'run_name': 'my_run',
    'runner': 'episode',
    'runner_log_interval': 10000,
    'save_model': True,
    'save_model_interval': 50000,
    'save_replay': False,
    'seed': 42,
    'standardise_returns': False,
    'standardise_rewards': True,
    't_max': 2050000,
    'target_update_interval_or_tau': 200,
    'temperature': 0.07,
    'test_greedy': True,
    'test_interval': 50000,
    'test_nepisode': 100,
    'topk_neighbors': 7,
    'use_cuda': True,
    'use_rnn': True,
    'use_tensorboard': True,
    'work_dir': 'work_dirs/my_experiment/advP_ExpoComm_2M/my_run/20260210_163415'}

/usr/itetnas04/data-scratch-01/pparsons/data/conda_envs/ExpoComm/lib/python3.8/site-packages/pettingzoo/utils/conversions.py:41: UserWarning: The `from_parallel` function is deprecated. Use the `parallel_to_aec` function instead.
  warnings.warn("The `from_parallel` function is deprecated. Use the `parallel_to_aec` function instead.")
/usr/itetnas04/data-scratch-01/pparsons/data/conda_envs/ExpoComm/lib/python3.8/site-packages/pettingzoo/utils/wrappers/base.py:44: UserWarning: The `observation_spaces` dictionary is deprecated. Use the `observation_space` function instead.
  warnings.warn("The `observation_spaces` dictionary is deprecated. Use the `observation_space` function instead.")
/usr/itetnas04/data-scratch-01/pparsons/data/conda_envs/ExpoComm/lib/python3.8/site-packages/pettingzoo/utils/conversions.py:36: UserWarning: The `to_parallel` function is deprecated. Use the `aec_to_parallel` function instead.
  warnings.warn("The `to_parallel` function is deprecated. Use the `aec_to_parallel` function instead.")
/usr/itetnas04/data-scratch-01/pparsons/data/conda_envs/ExpoComm/lib/python3.8/site-packages/pettingzoo/utils/conversions.py:80: UserWarning: The `action_spaces` dictionary is deprecated. Use the `action_space` function instead.
  warnings.warn("The `action_spaces` dictionary is deprecated. Use the `action_space` function instead.")
/usr/itetnas04/data-scratch-01/pparsons/data/conda_envs/ExpoComm/lib/python3.8/site-packages/pettingzoo/utils/wrappers/base.py:52: UserWarning: The `action_spaces` dictionary is deprecated. Use the `action_space` function instead.
  warnings.warn("The `action_spaces` dictionary is deprecated. Use the `action_space` function instead.")
/usr/itetnas04/data-scratch-01/pparsons/data/conda_envs/ExpoComm/lib/python3.8/site-packages/pettingzoo/utils/conversions.py:72: UserWarning: The `observation_spaces` dictionary is deprecated. Use the `observation_space` function instead.
  warnings.warn("The `observation_spaces` dictionary is deprecated. Use the `observation_space` function instead.")
2026-02-10 16:34:33,382 - my_experiment - advP_ExpoComm_2M - my_run - INFO - Beginning training for 2050000 timesteps
/usr/itetnas04/data-scratch-01/pparsons/data/MyExpoComm/src/envs/adv_pursuit_wrappers.py:240: UserWarning: To copy construct from a tensor, it is recommended to use sourceTensor.clone().detach() or sourceTensor.clone().detach().requires_grad_(True), rather than torch.tensor(sourceTensor).
  actions = th.tensor(actions, dtype=th.long)
2026-02-10 16:34:40,843 - my_experiment - advP_ExpoComm_2M - my_run - INFO - t_env: 200 / 2050000
2026-02-10 16:34:40,843 - my_experiment - advP_ExpoComm_2M - my_run - INFO - Estimated time left: 5 minutes, 4 seconds. Time passed: 7 seconds
2026-02-10 16:39:31,083 - my_experiment - advP_ExpoComm_2M - my_run - INFO - Saving models to work_dirs/my_experiment/advP_ExpoComm_2M/my_run/20260210_163415/models/200
2026-02-10 16:55:13,057 - my_experiment - advP_ExpoComm_2M - my_run - INFO - Recent Stats | t_env:      50000 | Episode:      250
ep_length_mean:          200.0000	episode_length_mean:     199.0000	epsilon:                   0.9240	grad_norm:               637.1909
info_nce_loss:             2.8542	loss:                    139.1133	q_loss:                  126.4666	q_taken_mean:             -0.0140
return_mean:             -20.8040	return_std:                0.8113	target_mean:               0.1908	td_error_abs:              7.2968
test_ep_length_mean:     200.0000	test_episode_length_mean:199.0000	test_return_mean:        -23.9906	test_return_std:           4.2545

2026-02-10 16:55:16,934 - my_experiment - advP_ExpoComm_2M - my_run - INFO - t_env: 50200 / 2050000
2026-02-10 16:55:16,935 - my_experiment - advP_ExpoComm_2M - my_run - INFO - Estimated time left: 13 hours, 43 minutes, 58 seconds. Time passed: 20 minutes, 43 seconds
2026-02-10 17:00:09,938 - my_experiment - advP_ExpoComm_2M - my_run - INFO - Saving models to work_dirs/my_experiment/advP_ExpoComm_2M/my_run/20260210_163415/models/50200
2026-02-10 17:15:59,213 - my_experiment - advP_ExpoComm_2M - my_run - INFO - Recent Stats | t_env:     100000 | Episode:      500
ep_length_mean:          200.0000	episode_length_mean:     199.0000	epsilon:                   0.8290	grad_norm:               2103.2344
info_nce_loss:             3.0047	loss:                    307.2933	q_loss:                  279.3575	q_taken_mean:              1.2313
return_mean:             -14.9235	return_std:                1.7709	target_mean:               1.5200	td_error_abs:              9.5902
test_ep_length_mean:     200.0000	test_episode_length_mean:199.0000	test_return_mean:         10.4217	test_return_std:           9.7905

2026-02-10 17:16:02,961 - my_experiment - advP_ExpoComm_2M - my_run - INFO - t_env: 100200 / 2050000
2026-02-10 17:16:02,962 - my_experiment - advP_ExpoComm_2M - my_run - INFO - Estimated time left: 13 hours, 29 minutes, 50 seconds. Time passed: 41 minutes, 29 seconds
2026-02-10 17:20:57,939 - my_experiment - advP_ExpoComm_2M - my_run - INFO - Saving models to work_dirs/my_experiment/advP_ExpoComm_2M/my_run/20260210_163415/models/100200
2026-02-10 17:36:53,660 - my_experiment - advP_ExpoComm_2M - my_run - INFO - Recent Stats | t_env:     150000 | Episode:      750
ep_length_mean:          200.0000	episode_length_mean:     199.0000	epsilon:                   0.7340	grad_norm:               7384.4743
info_nce_loss:             3.3343	loss:                    630.2632	q_loss:                  572.9665	q_taken_mean:              3.3994
return_mean:              -1.9603	return_std:                2.8793	target_mean:               3.8311	td_error_abs:             14.3160
test_ep_length_mean:     200.0000	test_episode_length_mean:199.0000	test_return_mean:         39.6134	test_return_std:          10.7823

2026-02-10 17:36:57,398 - my_experiment - advP_ExpoComm_2M - my_run - INFO - t_env: 150200 / 2050000
2026-02-10 17:36:57,400 - my_experiment - advP_ExpoComm_2M - my_run - INFO - Estimated time left: 13 hours, 14 minutes, 23 seconds. Time passed: 1 hours, 2 minutes, 24 seconds
2026-02-10 17:41:46,182 - my_experiment - advP_ExpoComm_2M - my_run - INFO - Saving models to work_dirs/my_experiment/advP_ExpoComm_2M/my_run/20260210_163415/models/150200
2026-02-10 17:57:30,487 - my_experiment - advP_ExpoComm_2M - my_run - INFO - Recent Stats | t_env:     200000 | Episode:     1000
ep_length_mean:          200.0000	episode_length_mean:     199.0000	epsilon:                   0.6390	grad_norm:               16686.1168
info_nce_loss:             3.1829	loss:                    970.9885	q_loss:                  882.7168	q_taken_mean:              6.5818
return_mean:              11.0104	return_std:                4.0298	target_mean:               6.8366	td_error_abs:             18.9064
test_ep_length_mean:     200.0000	test_episode_length_mean:199.0000	test_return_mean:         57.2999	test_return_std:          11.8072

2026-02-10 17:57:34,210 - my_experiment - advP_ExpoComm_2M - my_run - INFO - t_env: 200200 / 2050000
2026-02-10 17:57:34,211 - my_experiment - advP_ExpoComm_2M - my_run - INFO - Estimated time left: 12 hours, 42 minutes, 37 seconds. Time passed: 1 hours, 23 minutes, 0 seconds
2026-02-10 18:02:32,139 - my_experiment - advP_ExpoComm_2M - my_run - INFO - Saving models to work_dirs/my_experiment/advP_ExpoComm_2M/my_run/20260210_163415/models/200200
2026-02-10 18:18:24,078 - my_experiment - advP_ExpoComm_2M - my_run - INFO - Recent Stats | t_env:     250000 | Episode:     1250
ep_length_mean:          200.0000	episode_length_mean:     199.0000	epsilon:                   0.5440	grad_norm:               46025.9834
info_nce_loss:             3.1007	loss:                    2202.8144	q_loss:                  2002.5585	q_taken_mean:             10.0997
return_mean:              22.6542	return_std:                4.5455	target_mean:              11.2162	td_error_abs:             32.9881
test_ep_length_mean:     200.0000	test_episode_length_mean:199.0000	test_return_mean:         69.1812	test_return_std:          12.0950

2026-02-10 18:18:27,765 - my_experiment - advP_ExpoComm_2M - my_run - INFO - t_env: 250200 / 2050000
2026-02-10 18:18:27,766 - my_experiment - advP_ExpoComm_2M - my_run - INFO - Estimated time left: 12 hours, 32 minutes, 2 seconds. Time passed: 1 hours, 43 minutes, 54 seconds
2026-02-10 18:23:27,379 - my_experiment - advP_ExpoComm_2M - my_run - INFO - Saving models to work_dirs/my_experiment/advP_ExpoComm_2M/my_run/20260210_163415/models/250200
2026-02-10 18:39:21,875 - my_experiment - advP_ExpoComm_2M - my_run - INFO - Recent Stats | t_env:     300000 | Episode:     1500
ep_length_mean:          200.0000	episode_length_mean:     199.0000	epsilon:                   0.4490	grad_norm:               27907.6004
info_nce_loss:             2.7711	loss:                    1362.8930	q_loss:                  1238.9936	q_taken_mean:             13.9341
return_mean:              35.3090	return_std:                6.0201	target_mean:              14.1623	td_error_abs:             19.4769
test_ep_length_mean:     200.0000	test_episode_length_mean:199.0000	test_return_mean:         97.0196	test_return_std:          13.8342

2026-02-10 18:39:25,594 - my_experiment - advP_ExpoComm_2M - my_run - INFO - t_env: 300200 / 2050000
2026-02-10 18:39:25,595 - my_experiment - advP_ExpoComm_2M - my_run - INFO - Estimated time left: 12 hours, 13 minutes, 38 seconds. Time passed: 2 hours, 4 minutes, 52 seconds
2026-02-10 18:44:34,854 - my_experiment - advP_ExpoComm_2M - my_run - INFO - Saving models to work_dirs/my_experiment/advP_ExpoComm_2M/my_run/20260210_163415/models/300200
2026-02-10 19:00:33,532 - my_experiment - advP_ExpoComm_2M - my_run - INFO - Recent Stats | t_env:     350000 | Episode:     1750
ep_length_mean:          200.0000	episode_length_mean:     199.0000	epsilon:                   0.3540	grad_norm:               37742.7135
info_nce_loss:             3.0789	loss:                    1715.8889	q_loss:                  1559.8990	q_taken_mean:             16.6768
return_mean:              48.1940	return_std:                6.9020	target_mean:              16.8648	td_error_abs:             21.7472
test_ep_length_mean:     200.0000	test_episode_length_mean:199.0000	test_return_mean:        110.1851	test_return_std:          13.6247

2026-02-10 19:00:37,589 - my_experiment - advP_ExpoComm_2M - my_run - INFO - t_env: 350200 / 2050000
2026-02-10 19:00:37,589 - my_experiment - advP_ExpoComm_2M - my_run - INFO - Estimated time left: 12 hours, 42 seconds. Time passed: 2 hours, 26 minutes, 4 seconds
2026-02-10 19:05:28,532 - my_experiment - advP_ExpoComm_2M - my_run - INFO - Saving models to work_dirs/my_experiment/advP_ExpoComm_2M/my_run/20260210_163415/models/350200
2026-02-10 19:21:28,948 - my_experiment - advP_ExpoComm_2M - my_run - INFO - Recent Stats | t_env:     400000 | Episode:     2000
ep_length_mean:          200.0000	episode_length_mean:     199.0000	epsilon:                   0.2590	grad_norm:               45318.6919
info_nce_loss:             2.4522	loss:                    2013.8529	q_loss:                  1830.7753	q_taken_mean:             19.2729
return_mean:              61.7491	return_std:                8.5221	target_mean:              19.7291	td_error_abs:             23.6203
test_ep_length_mean:     200.0000	test_episode_length_mean:199.0000	test_return_mean:        113.0523	test_return_std:          13.6261

2026-02-10 19:21:32,700 - my_experiment - advP_ExpoComm_2M - my_run - INFO - t_env: 400200 / 2050000
2026-02-10 19:21:32,701 - my_experiment - advP_ExpoComm_2M - my_run - INFO - Estimated time left: 11 hours, 30 minutes, 13 seconds. Time passed: 2 hours, 46 minutes, 59 seconds
2026-02-10 19:26:24,657 - my_experiment - advP_ExpoComm_2M - my_run - INFO - Saving models to work_dirs/my_experiment/advP_ExpoComm_2M/my_run/20260210_163415/models/400200
2026-02-10 19:42:30,473 - my_experiment - advP_ExpoComm_2M - my_run - INFO - Recent Stats | t_env:     450000 | Episode:     2250
ep_length_mean:          200.0000	episode_length_mean:     199.0000	epsilon:                   0.1640	grad_norm:               70436.4055
info_nce_loss:             1.6031	loss:                    2827.9680	q_loss:                  2570.8801	q_taken_mean:             23.0327
return_mean:              70.4720	return_std:               11.3841	target_mean:              23.5815	td_error_abs:             30.6643
test_ep_length_mean:     200.0000	test_episode_length_mean:199.0000	test_return_mean:        112.2180	test_return_std:          13.4567

2026-02-10 19:42:34,184 - my_experiment - advP_ExpoComm_2M - my_run - INFO - t_env: 450200 / 2050000
2026-02-10 19:42:34,185 - my_experiment - advP_ExpoComm_2M - my_run - INFO - Estimated time left: 11 hours, 12 minutes, 42 seconds. Time passed: 3 hours, 8 minutes, 0 seconds
2026-02-10 19:47:28,934 - my_experiment - advP_ExpoComm_2M - my_run - INFO - Saving models to work_dirs/my_experiment/advP_ExpoComm_2M/my_run/20260210_163415/models/450200
2026-02-10 20:03:33,321 - my_experiment - advP_ExpoComm_2M - my_run - INFO - Recent Stats | t_env:     500000 | Episode:     2500
ep_length_mean:          200.0000	episode_length_mean:     199.0000	epsilon:                   0.0690	grad_norm:               46402.6086
info_nce_loss:             1.1834	loss:                    2285.4807	q_loss:                  2077.7097	q_taken_mean:             25.0052
return_mean:              88.5523	return_std:               10.6997	target_mean:              25.3092	td_error_abs:             21.9605
test_ep_length_mean:     200.0000	test_episode_length_mean:199.0000	test_return_mean:        110.6590	test_return_std:          13.7833

2026-02-10 20:03:37,313 - my_experiment - advP_ExpoComm_2M - my_run - INFO - t_env: 500200 / 2050000
2026-02-10 20:03:37,314 - my_experiment - advP_ExpoComm_2M - my_run - INFO - Estimated time left: 10 hours, 52 minutes, 31 seconds. Time passed: 3 hours, 29 minutes, 3 seconds
2026-02-10 20:08:40,609 - my_experiment - advP_ExpoComm_2M - my_run - INFO - Saving models to work_dirs/my_experiment/advP_ExpoComm_2M/my_run/20260210_163415/models/500200
2026-02-10 20:24:41,319 - my_experiment - advP_ExpoComm_2M - my_run - INFO - Recent Stats | t_env:     550000 | Episode:     2750
ep_length_mean:          200.0000	episode_length_mean:     199.0000	epsilon:                   0.0500	grad_norm:               107691.6703
info_nce_loss:             0.6558	loss:                    2292.5727	q_loss:                  2084.1570	q_taken_mean:             26.2232
return_mean:              99.4227	return_std:               11.3155	target_mean:              26.7741	td_error_abs:             24.2622
test_ep_length_mean:     200.0000	test_episode_length_mean:199.0000	test_return_mean:        109.0120	test_return_std:          13.9305

2026-02-10 20:24:45,056 - my_experiment - advP_ExpoComm_2M - my_run - INFO - t_env: 550200 / 2050000
2026-02-10 20:24:45,057 - my_experiment - advP_ExpoComm_2M - my_run - INFO - Estimated time left: 10 hours, 33 minutes, 47 seconds. Time passed: 3 hours, 50 minutes, 11 seconds
2026-02-10 20:29:41,044 - my_experiment - advP_ExpoComm_2M - my_run - INFO - Saving models to work_dirs/my_experiment/advP_ExpoComm_2M/my_run/20260210_163415/models/550200
2026-02-10 20:45:47,278 - my_experiment - advP_ExpoComm_2M - my_run - INFO - Recent Stats | t_env:     600000 | Episode:     3000
ep_length_mean:          200.0000	episode_length_mean:     199.0000	epsilon:                   0.0500	grad_norm:               127200.1680
info_nce_loss:             0.7653	loss:                    2411.3168	q_loss:                  2192.1062	q_taken_mean:             29.3968
return_mean:             101.1090	return_std:               11.3310	target_mean:              29.3618	td_error_abs:             22.8799
test_ep_length_mean:     200.0000	test_episode_length_mean:199.0000	test_return_mean:        108.9541	test_return_std:          13.7352

2026-02-10 20:45:51,045 - my_experiment - advP_ExpoComm_2M - my_run - INFO - t_env: 600200 / 2050000
2026-02-10 20:45:51,046 - my_experiment - advP_ExpoComm_2M - my_run - INFO - Estimated time left: 10 hours, 11 minutes, 48 seconds. Time passed: 4 hours, 11 minutes, 17 seconds
2026-02-10 20:50:43,418 - my_experiment - advP_ExpoComm_2M - my_run - INFO - Saving models to work_dirs/my_experiment/advP_ExpoComm_2M/my_run/20260210_163415/models/600200
2026-02-10 21:06:51,134 - my_experiment - advP_ExpoComm_2M - my_run - INFO - Recent Stats | t_env:     650000 | Episode:     3250
ep_length_mean:          200.0000	episode_length_mean:     199.0000	epsilon:                   0.0500	grad_norm:               143614.1172
info_nce_loss:             0.7989	loss:                    2418.6865	q_loss:                  2198.8060	q_taken_mean:             30.8304
return_mean:              99.8991	return_std:               11.2589	target_mean:              31.3677	td_error_abs:             23.6565
test_ep_length_mean:     200.0000	test_episode_length_mean:199.0000	test_return_mean:        108.7042	test_return_std:          13.6267

2026-02-10 21:06:54,981 - my_experiment - advP_ExpoComm_2M - my_run - INFO - t_env: 650200 / 2050000
2026-02-10 21:06:54,982 - my_experiment - advP_ExpoComm_2M - my_run - INFO - Estimated time left: 9 hours, 49 minutes, 45 seconds. Time passed: 4 hours, 32 minutes, 21 seconds
2026-02-10 21:11:48,188 - my_experiment - advP_ExpoComm_2M - my_run - INFO - Saving models to work_dirs/my_experiment/advP_ExpoComm_2M/my_run/20260210_163415/models/650200
2026-02-10 21:28:05,097 - my_experiment - advP_ExpoComm_2M - my_run - INFO - Recent Stats | t_env:     700000 | Episode:     3500
ep_length_mean:          200.0000	episode_length_mean:     199.0000	epsilon:                   0.0500	grad_norm:               239090.0734
info_nce_loss:             0.5573	loss:                    2262.3447	q_loss:                  2056.6770	q_taken_mean:             32.2182
return_mean:              97.1693	return_std:               10.6438	target_mean:              32.2221	td_error_abs:             21.9036
test_ep_length_mean:     200.0000	test_episode_length_mean:199.0000	test_return_mean:        108.2456	test_return_std:          13.5574

2026-02-10 21:28:09,243 - my_experiment - advP_ExpoComm_2M - my_run - INFO - t_env: 700200 / 2050000
2026-02-10 21:28:09,244 - my_experiment - advP_ExpoComm_2M - my_run - INFO - Estimated time left: 9 hours, 33 minutes, 19 seconds. Time passed: 4 hours, 53 minutes, 35 seconds
2026-02-10 21:33:03,527 - my_experiment - advP_ExpoComm_2M - my_run - INFO - Saving models to work_dirs/my_experiment/advP_ExpoComm_2M/my_run/20260210_163415/models/700200
2026-02-10 21:48:53,553 - my_experiment - advP_ExpoComm_2M - my_run - INFO - Recent Stats | t_env:     750000 | Episode:     3750
ep_length_mean:          200.0000	episode_length_mean:     199.0000	epsilon:                   0.0500	grad_norm:               321160.9469
info_nce_loss:             0.8383	loss:                    2522.4920	q_loss:                  2293.1745	q_taken_mean:             33.2828
return_mean:              95.3137	return_std:               10.9115	target_mean:              33.2359	td_error_abs:             22.7697
test_ep_length_mean:     200.0000	test_episode_length_mean:199.0000	test_return_mean:        107.1652	test_return_std:          12.9788

2026-02-10 21:48:57,337 - my_experiment - advP_ExpoComm_2M - my_run - INFO - t_env: 750200 / 2050000
2026-02-10 21:48:57,338 - my_experiment - advP_ExpoComm_2M - my_run - INFO - Estimated time left: 9 hours, 45 seconds. Time passed: 5 hours, 14 minutes, 23 seconds
2026-02-10 21:53:52,795 - my_experiment - advP_ExpoComm_2M - my_run - INFO - Saving models to work_dirs/my_experiment/advP_ExpoComm_2M/my_run/20260210_163415/models/750200
2026-02-10 22:09:45,208 - my_experiment - advP_ExpoComm_2M - my_run - INFO - Recent Stats | t_env:     800000 | Episode:     4000
ep_length_mean:          200.0000	episode_length_mean:     199.0000	epsilon:                   0.0500	grad_norm:               336358.1391
info_nce_loss:             0.6049	loss:                    2781.1323	q_loss:                  2528.3021	q_taken_mean:             35.0979
return_mean:              93.9858	return_std:               10.6288	target_mean:              35.4890	td_error_abs:             28.5150
test_ep_length_mean:     200.0000	test_episode_length_mean:199.0000	test_return_mean:        107.3525	test_return_std:          12.4499

2026-02-10 22:09:48,905 - my_experiment - advP_ExpoComm_2M - my_run - INFO - t_env: 800200 / 2050000
2026-02-10 22:09:48,906 - my_experiment - advP_ExpoComm_2M - my_run - INFO - Estimated time left: 8 hours, 41 minutes, 24 seconds. Time passed: 5 hours, 35 minutes, 15 seconds
2026-02-10 22:14:39,703 - my_experiment - advP_ExpoComm_2M - my_run - INFO - Saving models to work_dirs/my_experiment/advP_ExpoComm_2M/my_run/20260210_163415/models/800200
2026-02-10 22:30:22,749 - my_experiment - advP_ExpoComm_2M - my_run - INFO - Recent Stats | t_env:     850000 | Episode:     4250
ep_length_mean:          200.0000	episode_length_mean:     199.0000	epsilon:                   0.0500	grad_norm:               192064.5688
info_nce_loss:             0.8395	loss:                    1583.0282	q_loss:                  1439.1166	q_taken_mean:             35.9322
return_mean:              97.6107	return_std:               11.1305	target_mean:              36.2990	td_error_abs:             21.3794
test_ep_length_mean:     200.0000	test_episode_length_mean:199.0000	test_return_mean:        106.2573	test_return_std:          12.2088

2026-02-10 22:30:26,610 - my_experiment - advP_ExpoComm_2M - my_run - INFO - t_env: 850200 / 2050000
2026-02-10 22:30:26,611 - my_experiment - advP_ExpoComm_2M - my_run - INFO - Estimated time left: 8 hours, 14 minutes, 59 seconds. Time passed: 5 hours, 55 minutes, 53 seconds
2026-02-10 22:35:17,264 - my_experiment - advP_ExpoComm_2M - my_run - INFO - Saving models to work_dirs/my_experiment/advP_ExpoComm_2M/my_run/20260210_163415/models/850200
2026-02-10 22:51:18,361 - my_experiment - advP_ExpoComm_2M - my_run - INFO - Recent Stats | t_env:     900000 | Episode:     4500
ep_length_mean:          200.0000	episode_length_mean:     199.0000	epsilon:                   0.0500	grad_norm:               288806.7094
info_nce_loss:             0.3851	loss:                    2215.8020	q_loss:                  2014.3654	q_taken_mean:             37.7132
return_mean:              95.1130	return_std:               11.3780	target_mean:              37.9530	td_error_abs:             21.4400
test_ep_length_mean:     200.0000	test_episode_length_mean:199.0000	test_return_mean:        103.7817	test_return_std:          12.3738

2026-02-10 22:51:22,240 - my_experiment - advP_ExpoComm_2M - my_run - INFO - t_env: 900200 / 2050000
2026-02-10 22:51:22,241 - my_experiment - advP_ExpoComm_2M - my_run - INFO - Estimated time left: 8 hours, 1 minutes, 14 seconds. Time passed: 6 hours, 16 minutes, 48 seconds
2026-02-10 22:56:29,221 - my_experiment - advP_ExpoComm_2M - my_run - INFO - Saving models to work_dirs/my_experiment/advP_ExpoComm_2M/my_run/20260210_163415/models/900200
2026-02-10 23:12:38,055 - my_experiment - advP_ExpoComm_2M - my_run - INFO - Recent Stats | t_env:     950000 | Episode:     4750
ep_length_mean:          200.0000	episode_length_mean:     199.0000	epsilon:                   0.0500	grad_norm:               249168.8172
info_nce_loss:             0.5778	loss:                    1974.9292	q_loss:                  1795.3902	q_taken_mean:             39.3550
return_mean:              93.6515	return_std:               11.5445	target_mean:              39.6050	td_error_abs:             17.9041
test_ep_length_mean:     200.0000	test_episode_length_mean:199.0000	test_return_mean:        104.5685	test_return_std:          11.8083

2026-02-10 23:12:41,771 - my_experiment - advP_ExpoComm_2M - my_run - INFO - t_env: 950200 / 2050000
2026-02-10 23:12:41,772 - my_experiment - advP_ExpoComm_2M - my_run - INFO - Estimated time left: 7 hours, 49 minutes, 4 seconds. Time passed: 6 hours, 38 minutes, 8 seconds
2026-02-10 23:17:31,612 - my_experiment - advP_ExpoComm_2M - my_run - INFO - Saving models to work_dirs/my_experiment/advP_ExpoComm_2M/my_run/20260210_163415/models/950200
2026-02-10 23:33:13,586 - my_experiment - advP_ExpoComm_2M - my_run - INFO - Recent Stats | t_env:    1000000 | Episode:     5000
ep_length_mean:          200.0000	episode_length_mean:     199.0000	epsilon:                   0.0500	grad_norm:               586324.2562
info_nce_loss:             0.6586	loss:                    2432.5694	q_loss:                  2211.4267	q_taken_mean:             40.1837
return_mean:              90.2698	return_std:               10.8276	target_mean:              40.0964	td_error_abs:             26.1526
test_ep_length_mean:     200.0000	test_episode_length_mean:199.0000	test_return_mean:        102.5576	test_return_std:          12.4582

2026-02-10 23:33:17,375 - my_experiment - advP_ExpoComm_2M - my_run - INFO - t_env: 1000200 / 2050000
2026-02-10 23:33:17,376 - my_experiment - advP_ExpoComm_2M - my_run - INFO - Estimated time left: 7 hours, 12 minutes, 22 seconds. Time passed: 6 hours, 58 minutes, 43 seconds
2026-02-10 23:38:13,439 - my_experiment - advP_ExpoComm_2M - my_run - INFO - Saving models to work_dirs/my_experiment/advP_ExpoComm_2M/my_run/20260210_163415/models/1000200
2026-02-10 23:54:06,814 - my_experiment - advP_ExpoComm_2M - my_run - INFO - Recent Stats | t_env:    1050000 | Episode:     5250
ep_length_mean:          200.0000	episode_length_mean:     199.0000	epsilon:                   0.0500	grad_norm:               371813.6250
info_nce_loss:             0.4925	loss:                    1901.4082	q_loss:                  1728.5529	q_taken_mean:             42.2261
return_mean:              94.4754	return_std:               11.4553	target_mean:              42.5597	td_error_abs:             18.3587
test_ep_length_mean:     200.0000	test_episode_length_mean:199.0000	test_return_mean:        102.5291	test_return_std:          12.7640

2026-02-10 23:54:10,622 - my_experiment - advP_ExpoComm_2M - my_run - INFO - t_env: 1050200 / 2050000
2026-02-10 23:54:10,623 - my_experiment - advP_ExpoComm_2M - my_run - INFO - Estimated time left: 6 hours, 57 minutes, 39 seconds. Time passed: 7 hours, 19 minutes, 37 seconds
2026-02-10 23:58:57,591 - my_experiment - advP_ExpoComm_2M - my_run - INFO - Saving models to work_dirs/my_experiment/advP_ExpoComm_2M/my_run/20260210_163415/models/1050200
2026-02-11 00:15:01,859 - my_experiment - advP_ExpoComm_2M - my_run - INFO - Recent Stats | t_env:    1100000 | Episode:     5500
ep_length_mean:          200.0000	episode_length_mean:     199.0000	epsilon:                   0.0500	grad_norm:               412500.4688
info_nce_loss:             0.3435	loss:                    1570.0324	q_loss:                  1427.3022	q_taken_mean:             42.5924
return_mean:             102.3658	return_std:                9.7985	target_mean:              42.8317	td_error_abs:             15.4544
test_ep_length_mean:     200.0000	test_episode_length_mean:199.0000	test_return_mean:        102.1286	test_return_std:          12.6155

2026-02-11 00:15:05,634 - my_experiment - advP_ExpoComm_2M - my_run - INFO - t_env: 1100200 / 2050000
2026-02-11 00:15:05,635 - my_experiment - advP_ExpoComm_2M - my_run - INFO - Estimated time left: 6 hours, 37 minutes, 20 seconds. Time passed: 7 hours, 40 minutes, 32 seconds
2026-02-11 00:19:59,142 - my_experiment - advP_ExpoComm_2M - my_run - INFO - Saving models to work_dirs/my_experiment/advP_ExpoComm_2M/my_run/20260210_163415/models/1100200
2026-02-11 00:35:54,234 - my_experiment - advP_ExpoComm_2M - my_run - INFO - Recent Stats | t_env:    1150000 | Episode:     5750
ep_length_mean:          200.0000	episode_length_mean:     199.0000	epsilon:                   0.0500	grad_norm:               465009.9375
info_nce_loss:             0.4303	loss:                    1614.4067	q_loss:                  1467.6425	q_taken_mean:             44.8161
return_mean:             101.5318	return_std:               10.1147	target_mean:              44.9356	td_error_abs:             14.7593
test_ep_length_mean:     200.0000	test_episode_length_mean:199.0000	test_return_mean:        104.6964	test_return_std:          12.1764

2026-02-11 00:35:58,026 - my_experiment - advP_ExpoComm_2M - my_run - INFO - t_env: 1150200 / 2050000
2026-02-11 00:35:58,027 - my_experiment - advP_ExpoComm_2M - my_run - INFO - Estimated time left: 6 hours, 15 minutes, 38 seconds. Time passed: 8 hours, 1 minutes, 24 seconds
2026-02-11 00:41:10,222 - my_experiment - advP_ExpoComm_2M - my_run - INFO - Saving models to work_dirs/my_experiment/advP_ExpoComm_2M/my_run/20260210_163415/models/1150200
2026-02-11 00:57:12,688 - my_experiment - advP_ExpoComm_2M - my_run - INFO - Recent Stats | t_env:    1200000 | Episode:     6000
ep_length_mean:          200.0000	episode_length_mean:     199.0000	epsilon:                   0.0500	grad_norm:               513169.1875
info_nce_loss:             0.5636	loss:                    1543.7166	q_loss:                  1403.3787	q_taken_mean:             46.0978
return_mean:              99.1346	return_std:                9.3435	target_mean:              46.3228	td_error_abs:             14.9477
test_ep_length_mean:     200.0000	test_episode_length_mean:199.0000	test_return_mean:        104.9560	test_return_std:          11.9966

2026-02-11 00:57:16,389 - my_experiment - advP_ExpoComm_2M - my_run - INFO - t_env: 1200200 / 2050000
2026-02-11 00:57:16,389 - my_experiment - advP_ExpoComm_2M - my_run - INFO - Estimated time left: 6 hours, 2 minutes, 7 seconds. Time passed: 8 hours, 22 minutes, 43 seconds
2026-02-11 01:02:08,602 - my_experiment - advP_ExpoComm_2M - my_run - INFO - Saving models to work_dirs/my_experiment/advP_ExpoComm_2M/my_run/20260210_163415/models/1200200
2026-02-11 01:17:55,496 - my_experiment - advP_ExpoComm_2M - my_run - INFO - Recent Stats | t_env:    1250000 | Episode:     6250
ep_length_mean:          200.0000	episode_length_mean:     199.0000	epsilon:                   0.0500	grad_norm:               580693.8938
info_nce_loss:             0.6023	loss:                    1752.7094	q_loss:                  1593.3721	q_taken_mean:             47.0947
return_mean:             102.8770	return_std:                9.1979	target_mean:              47.3448	td_error_abs:             16.0405
test_ep_length_mean:     200.0000	test_episode_length_mean:199.0000	test_return_mean:        108.4089	test_return_std:          11.5385

2026-02-11 01:17:59,332 - my_experiment - advP_ExpoComm_2M - my_run - INFO - t_env: 1250200 / 2050000
2026-02-11 01:17:59,333 - my_experiment - advP_ExpoComm_2M - my_run - INFO - Estimated time left: 5 hours, 31 minutes, 22 seconds. Time passed: 8 hours, 43 minutes, 25 seconds
2026-02-11 01:22:48,544 - my_experiment - advP_ExpoComm_2M - my_run - INFO - Saving models to work_dirs/my_experiment/advP_ExpoComm_2M/my_run/20260210_163415/models/1250200
2026-02-11 01:38:29,079 - my_experiment - advP_ExpoComm_2M - my_run - INFO - Recent Stats | t_env:    1300000 | Episode:     6500
ep_length_mean:          200.0000	episode_length_mean:     199.0000	epsilon:                   0.0500	grad_norm:               596815.1750
info_nce_loss:             0.5653	loss:                    1552.1522	q_loss:                  1411.0475	q_taken_mean:             48.5132
return_mean:             102.9102	return_std:               10.0402	target_mean:              48.6725	td_error_abs:             14.6719
test_ep_length_mean:     200.0000	test_episode_length_mean:199.0000	test_return_mean:        109.4630	test_return_std:          11.1632

2026-02-11 01:38:32,776 - my_experiment - advP_ExpoComm_2M - my_run - INFO - t_env: 1300200 / 2050000
2026-02-11 01:38:32,777 - my_experiment - advP_ExpoComm_2M - my_run - INFO - Estimated time left: 5 hours, 8 minutes, 16 seconds. Time passed: 9 hours, 3 minutes, 59 seconds
2026-02-11 01:43:25,226 - my_experiment - advP_ExpoComm_2M - my_run - INFO - Saving models to work_dirs/my_experiment/advP_ExpoComm_2M/my_run/20260210_163415/models/1300200
2026-02-11 01:59:31,486 - my_experiment - advP_ExpoComm_2M - my_run - INFO - Recent Stats | t_env:    1350000 | Episode:     6750
ep_length_mean:          200.0000	episode_length_mean:     199.0000	epsilon:                   0.0500	grad_norm:               605549.8750
info_nce_loss:             1.2179	loss:                    1552.3099	q_loss:                  1411.1908	q_taken_mean:             48.7587
return_mean:             105.1430	return_std:               10.1376	target_mean:              48.8021	td_error_abs:             14.2088
test_ep_length_mean:     200.0000	test_episode_length_mean:199.0000	test_return_mean:        111.6937	test_return_std:          10.7674

2026-02-11 01:59:35,336 - my_experiment - advP_ExpoComm_2M - my_run - INFO - t_env: 1350200 / 2050000
2026-02-11 01:59:35,337 - my_experiment - advP_ExpoComm_2M - my_run - INFO - Estimated time left: 4 hours, 54 minutes, 30 seconds. Time passed: 9 hours, 25 minutes, 1 seconds
2026-02-11 02:04:25,985 - my_experiment - advP_ExpoComm_2M - my_run - INFO - Saving models to work_dirs/my_experiment/advP_ExpoComm_2M/my_run/20260210_163415/models/1350200
2026-02-11 02:20:24,654 - my_experiment - advP_ExpoComm_2M - my_run - INFO - Recent Stats | t_env:    1400000 | Episode:     7000
ep_length_mean:          200.0000	episode_length_mean:     199.0000	epsilon:                   0.0500	grad_norm:               598770.0250
info_nce_loss:             0.6335	loss:                    1518.5919	q_loss:                  1380.5381	q_taken_mean:             49.5249
return_mean:             106.3437	return_std:               11.0352	target_mean:              49.6594	td_error_abs:             14.2369
test_ep_length_mean:     200.0000	test_episode_length_mean:199.0000	test_return_mean:        112.8652	test_return_std:          10.9421

2026-02-11 02:20:28,455 - my_experiment - advP_ExpoComm_2M - my_run - INFO - t_env: 1400200 / 2050000
2026-02-11 02:20:28,456 - my_experiment - advP_ExpoComm_2M - my_run - INFO - Estimated time left: 4 hours, 31 minutes, 25 seconds. Time passed: 9 hours, 45 minutes, 55 seconds
2026-02-11 02:25:19,945 - my_experiment - advP_ExpoComm_2M - my_run - INFO - Saving models to work_dirs/my_experiment/advP_ExpoComm_2M/my_run/20260210_163415/models/1400200
2026-02-11 02:41:29,940 - my_experiment - advP_ExpoComm_2M - my_run - INFO - Recent Stats | t_env:    1450000 | Episode:     7250
ep_length_mean:          200.0000	episode_length_mean:     199.0000	epsilon:                   0.0500	grad_norm:               621634.4875
info_nce_loss:             0.5047	loss:                    1592.1930	q_loss:                  1447.4482	q_taken_mean:             50.4728
return_mean:             110.3935	return_std:               10.0456	target_mean:              50.6223	td_error_abs:             14.8914
test_ep_length_mean:     200.0000	test_episode_length_mean:199.0000	test_return_mean:        115.3691	test_return_std:          10.8561

2026-02-11 02:41:33,723 - my_experiment - advP_ExpoComm_2M - my_run - INFO - t_env: 1450200 / 2050000
2026-02-11 02:41:33,724 - my_experiment - advP_ExpoComm_2M - my_run - INFO - Estimated time left: 4 hours, 12 minutes, 58 seconds. Time passed: 10 hours, 7 minutes, 0 seconds
2026-02-11 02:46:30,247 - my_experiment - advP_ExpoComm_2M - my_run - INFO - Saving models to work_dirs/my_experiment/advP_ExpoComm_2M/my_run/20260210_163415/models/1450200
2026-02-11 03:02:34,695 - my_experiment - advP_ExpoComm_2M - my_run - INFO - Recent Stats | t_env:    1500000 | Episode:     7500
ep_length_mean:          200.0000	episode_length_mean:     199.0000	epsilon:                   0.0500	grad_norm:               670171.8750
info_nce_loss:             0.4731	loss:                    1477.2130	q_loss:                  1342.9209	q_taken_mean:             50.9871
return_mean:             109.6111	return_std:               10.0743	target_mean:              51.2023	td_error_abs:             14.4602
test_ep_length_mean:     200.0000	test_episode_length_mean:199.0000	test_return_mean:        117.1252	test_return_std:          10.6090

2026-02-11 03:02:38,892 - my_experiment - advP_ExpoComm_2M - my_run - INFO - t_env: 1500200 / 2050000
2026-02-11 03:02:38,893 - my_experiment - advP_ExpoComm_2M - my_run - INFO - Estimated time left: 3 hours, 51 minutes, 51 seconds. Time passed: 10 hours, 28 minutes, 5 seconds
2026-02-11 03:07:27,283 - my_experiment - advP_ExpoComm_2M - my_run - INFO - Saving models to work_dirs/my_experiment/advP_ExpoComm_2M/my_run/20260210_163415/models/1500200
2026-02-11 03:23:08,322 - my_experiment - advP_ExpoComm_2M - my_run - INFO - Recent Stats | t_env:    1550000 | Episode:     7750
ep_length_mean:          200.0000	episode_length_mean:     199.0000	epsilon:                   0.0500	grad_norm:               703678.2500
info_nce_loss:             0.7939	loss:                    1619.5919	q_loss:                  1472.3563	q_taken_mean:             51.9431
return_mean:             111.2539	return_std:                9.3440	target_mean:              51.9693	td_error_abs:             14.3189
test_ep_length_mean:     200.0000	test_episode_length_mean:199.0000	test_return_mean:        119.0445	test_return_std:          11.1459

2026-02-11 03:23:12,304 - my_experiment - advP_ExpoComm_2M - my_run - INFO - t_env: 1550200 / 2050000
2026-02-11 03:23:12,305 - my_experiment - advP_ExpoComm_2M - my_run - INFO - Estimated time left: 3 hours, 25 minutes, 29 seconds. Time passed: 10 hours, 48 minutes, 38 seconds
2026-02-11 03:28:01,315 - my_experiment - advP_ExpoComm_2M - my_run - INFO - Saving models to work_dirs/my_experiment/advP_ExpoComm_2M/my_run/20260210_163415/models/1550200
2026-02-11 03:43:44,926 - my_experiment - advP_ExpoComm_2M - my_run - INFO - Recent Stats | t_env:    1600000 | Episode:     8000
ep_length_mean:          200.0000	episode_length_mean:     199.0000	epsilon:                   0.0500	grad_norm:               734325.4875
info_nce_loss:             0.8414	loss:                    1569.0460	q_loss:                  1426.4054	q_taken_mean:             52.4015
return_mean:             109.7541	return_std:               10.4647	target_mean:              52.6185	td_error_abs:             14.9948
test_ep_length_mean:     200.0000	test_episode_length_mean:199.0000	test_return_mean:        120.5633	test_return_std:          11.6749

2026-02-11 03:43:48,621 - my_experiment - advP_ExpoComm_2M - my_run - INFO - t_env: 1600200 / 2050000
2026-02-11 03:43:48,622 - my_experiment - advP_ExpoComm_2M - my_run - INFO - Estimated time left: 3 hours, 5 minutes, 21 seconds. Time passed: 11 hours, 9 minutes, 15 seconds
2026-02-11 03:48:36,058 - my_experiment - advP_ExpoComm_2M - my_run - INFO - Saving models to work_dirs/my_experiment/advP_ExpoComm_2M/my_run/20260210_163415/models/1600200
2026-02-11 04:04:29,621 - my_experiment - advP_ExpoComm_2M - my_run - INFO - Recent Stats | t_env:    1650000 | Episode:     8250
ep_length_mean:          200.0000	episode_length_mean:     199.0000	epsilon:                   0.0500	grad_norm:               704271.6625
info_nce_loss:             0.5335	loss:                    1516.0330	q_loss:                  1378.2118	q_taken_mean:             52.9100
return_mean:             109.8697	return_std:               10.3161	target_mean:              53.0102	td_error_abs:             14.5380
test_ep_length_mean:     200.0000	test_episode_length_mean:199.0000	test_return_mean:        120.9552	test_return_std:          11.6749

2026-02-11 04:04:33,304 - my_experiment - advP_ExpoComm_2M - my_run - INFO - t_env: 1650200 / 2050000
2026-02-11 04:04:33,305 - my_experiment - advP_ExpoComm_2M - my_run - INFO - Estimated time left: 2 hours, 45 minutes, 52 seconds. Time passed: 11 hours, 29 minutes, 59 seconds
2026-02-11 04:09:25,617 - my_experiment - advP_ExpoComm_2M - my_run - INFO - Saving models to work_dirs/my_experiment/advP_ExpoComm_2M/my_run/20260210_163415/models/1650200
2026-02-11 04:25:20,566 - my_experiment - advP_ExpoComm_2M - my_run - INFO - Recent Stats | t_env:    1700000 | Episode:     8500
ep_length_mean:          200.0000	episode_length_mean:     199.0000	epsilon:                   0.0500	grad_norm:               805707.5000
info_nce_loss:             0.7083	loss:                    1553.8376	q_loss:                  1412.5797	q_taken_mean:             53.9847
return_mean:             106.4652	return_std:                9.8446	target_mean:              54.2009	td_error_abs:             14.8632
test_ep_length_mean:     200.0000	test_episode_length_mean:199.0000	test_return_mean:        120.8345	test_return_std:          12.2208

2026-02-11 04:25:24,255 - my_experiment - advP_ExpoComm_2M - my_run - INFO - t_env: 1700200 / 2050000
2026-02-11 04:25:24,256 - my_experiment - advP_ExpoComm_2M - my_run - INFO - Estimated time left: 2 hours, 25 minutes, 51 seconds. Time passed: 11 hours, 50 minutes, 50 seconds
2026-02-11 04:30:37,372 - my_experiment - advP_ExpoComm_2M - my_run - INFO - Saving models to work_dirs/my_experiment/advP_ExpoComm_2M/my_run/20260210_163415/models/1700200
2026-02-11 04:46:35,165 - my_experiment - advP_ExpoComm_2M - my_run - INFO - Recent Stats | t_env:    1750000 | Episode:     8750
ep_length_mean:          200.0000	episode_length_mean:     199.0000	epsilon:                   0.0500	grad_norm:               773455.0875
info_nce_loss:             0.3623	loss:                    1503.6760	q_loss:                  1366.9782	q_taken_mean:             54.1776
return_mean:             107.6640	return_std:               10.8140	target_mean:              54.2458	td_error_abs:             15.4897
test_ep_length_mean:     200.0000	test_episode_length_mean:199.0000	test_return_mean:        121.2414	test_return_std:          12.1198

2026-02-11 04:46:38,836 - my_experiment - advP_ExpoComm_2M - my_run - INFO - t_env: 1750200 / 2050000
2026-02-11 04:46:38,837 - my_experiment - advP_ExpoComm_2M - my_run - INFO - Estimated time left: 2 hours, 7 minutes, 22 seconds. Time passed: 12 hours, 12 minutes, 5 seconds
2026-02-11 04:51:30,439 - my_experiment - advP_ExpoComm_2M - my_run - INFO - Saving models to work_dirs/my_experiment/advP_ExpoComm_2M/my_run/20260210_163415/models/1750200
2026-02-11 05:07:12,307 - my_experiment - advP_ExpoComm_2M - my_run - INFO - Recent Stats | t_env:    1800000 | Episode:     9000
ep_length_mean:          200.0000	episode_length_mean:     199.0000	epsilon:                   0.0500	grad_norm:               791545.0750
info_nce_loss:             0.5355	loss:                    1411.1852	q_loss:                  1282.8956	q_taken_mean:             55.0493
return_mean:             104.3454	return_std:               10.7234	target_mean:              55.1841	td_error_abs:             15.6216
test_ep_length_mean:     200.0000	test_episode_length_mean:199.0000	test_return_mean:        119.7690	test_return_std:          12.2294

2026-02-11 05:07:16,028 - my_experiment - advP_ExpoComm_2M - my_run - INFO - t_env: 1800200 / 2050000
2026-02-11 05:07:16,029 - my_experiment - advP_ExpoComm_2M - my_run - INFO - Estimated time left: 1 hours, 43 minutes, 1 seconds. Time passed: 12 hours, 32 minutes, 42 seconds
2026-02-11 05:12:28,559 - my_experiment - advP_ExpoComm_2M - my_run - INFO - Saving models to work_dirs/my_experiment/advP_ExpoComm_2M/my_run/20260210_163415/models/1800200
2026-02-11 05:27:58,964 - my_experiment - advP_ExpoComm_2M - my_run - INFO - Recent Stats | t_env:    1850000 | Episode:     9250
ep_length_mean:          200.0000	episode_length_mean:     199.0000	epsilon:                   0.0500	grad_norm:               740076.8625
info_nce_loss:             0.9442	loss:                    1249.0307	q_loss:                  1135.4825	q_taken_mean:             55.9405
return_mean:             107.6865	return_std:               10.7628	target_mean:              56.1242	td_error_abs:             14.9120
test_ep_length_mean:     200.0000	test_episode_length_mean:199.0000	test_return_mean:        119.5461	test_return_std:          12.2569

2026-02-11 05:28:02,684 - my_experiment - advP_ExpoComm_2M - my_run - INFO - t_env: 1850200 / 2050000
2026-02-11 05:28:02,685 - my_experiment - advP_ExpoComm_2M - my_run - INFO - Estimated time left: 1 hours, 23 minutes, 1 seconds. Time passed: 12 hours, 53 minutes, 29 seconds
2026-02-11 05:33:09,645 - my_experiment - advP_ExpoComm_2M - my_run - INFO - Saving models to work_dirs/my_experiment/advP_ExpoComm_2M/my_run/20260210_163415/models/1850200
2026-02-11 05:48:53,172 - my_experiment - advP_ExpoComm_2M - my_run - INFO - Recent Stats | t_env:    1900000 | Episode:     9500
ep_length_mean:          200.0000	episode_length_mean:     199.0000	epsilon:                   0.0500	grad_norm:               773828.3625
info_nce_loss:             0.5799	loss:                    1295.6836	q_loss:                  1177.8942	q_taken_mean:             55.7013
return_mean:             112.0409	return_std:                9.9423	target_mean:              55.9750	td_error_abs:             16.2591
test_ep_length_mean:     200.0000	test_episode_length_mean:199.0000	test_return_mean:        120.3339	test_return_std:          12.0040

2026-02-11 05:48:56,989 - my_experiment - advP_ExpoComm_2M - my_run - INFO - t_env: 1900200 / 2050000
2026-02-11 05:48:56,990 - my_experiment - advP_ExpoComm_2M - my_run - INFO - Estimated time left: 1 hours, 2 minutes, 37 seconds. Time passed: 13 hours, 14 minutes, 23 seconds
2026-02-11 05:53:47,736 - my_experiment - advP_ExpoComm_2M - my_run - INFO - Saving models to work_dirs/my_experiment/advP_ExpoComm_2M/my_run/20260210_163415/models/1900200
2026-02-11 06:09:51,296 - my_experiment - advP_ExpoComm_2M - my_run - INFO - Recent Stats | t_env:    1950000 | Episode:     9750
ep_length_mean:          200.0000	episode_length_mean:     199.0000	epsilon:                   0.0500	grad_norm:               755096.2000
info_nce_loss:             0.7434	loss:                    1302.6086	q_loss:                  1184.1896	q_taken_mean:             57.4124
return_mean:             109.8958	return_std:                9.8002	target_mean:              57.4059	td_error_abs:             16.0718
test_ep_length_mean:     200.0000	test_episode_length_mean:199.0000	test_return_mean:        120.5152	test_return_std:          11.2777

2026-02-11 06:09:55,032 - my_experiment - advP_ExpoComm_2M - my_run - INFO - t_env: 1950200 / 2050000
2026-02-11 06:09:55,033 - my_experiment - advP_ExpoComm_2M - my_run - INFO - Estimated time left: 41 minutes, 51 seconds. Time passed: 13 hours, 35 minutes, 21 seconds
2026-02-11 06:14:42,945 - my_experiment - advP_ExpoComm_2M - my_run - INFO - Saving models to work_dirs/my_experiment/advP_ExpoComm_2M/my_run/20260210_163415/models/1950200
2026-02-11 06:30:39,739 - my_experiment - advP_ExpoComm_2M - my_run - INFO - Recent Stats | t_env:    2000000 | Episode:    10000
ep_length_mean:          200.0000	episode_length_mean:     199.0000	epsilon:                   0.0500	grad_norm:               709001.4375
info_nce_loss:             0.7618	loss:                    1287.4781	q_loss:                  1170.4346	q_taken_mean:             56.5084
return_mean:              99.5051	return_std:               11.8480	target_mean:              56.6693	td_error_abs:             18.2589
test_ep_length_mean:     200.0000	test_episode_length_mean:199.0000	test_return_mean:        118.3653	test_return_std:          11.4395

2026-02-11 06:30:43,531 - my_experiment - advP_ExpoComm_2M - my_run - INFO - t_env: 2000200 / 2050000
2026-02-11 06:30:43,532 - my_experiment - advP_ExpoComm_2M - my_run - INFO - Estimated time left: 20 minutes, 43 seconds. Time passed: 13 hours, 56 minutes, 10 seconds
2026-02-11 06:35:38,022 - my_experiment - advP_ExpoComm_2M - my_run - INFO - Saving models to work_dirs/my_experiment/advP_ExpoComm_2M/my_run/20260210_163415/models/2000200
2026-02-11 06:51:53,602 - my_experiment - advP_ExpoComm_2M - my_run - INFO - Recent Stats | t_env:    2050000 | Episode:    10250
ep_length_mean:          200.0000	episode_length_mean:     199.0000	epsilon:                   0.0500	grad_norm:               675311.0250
info_nce_loss:             0.5519	loss:                    1114.3476	q_loss:                  1013.0432	q_taken_mean:             56.7392
return_mean:              99.6782	return_std:               10.7241	target_mean:              56.9191	td_error_abs:             15.8192
test_ep_length_mean:     200.0000	test_episode_length_mean:199.0000	test_return_mean:        116.0402	test_return_std:          10.9252

2026-02-11 06:51:57,478 - my_experiment - advP_ExpoComm_2M - my_run - INFO - t_env: 2050200 / 2050000
2026-02-11 06:51:57,479 - my_experiment - advP_ExpoComm_2M - my_run - INFO - Estimated time left: -. Time passed: 14 hours, 17 minutes, 24 seconds
2026-02-11 06:56:50,493 - my_experiment - advP_ExpoComm_2M - my_run - INFO - Saving models to work_dirs/my_experiment/advP_ExpoComm_2M/my_run/20260210_163415/models/2050200
2026-02-11 06:56:50,546 - my_experiment - advP_ExpoComm_2M - my_run - INFO - Finished Training
