JOB ID: 1745273
Running on node: tikgpu02
Project Directory: /usr/itetnas04/data-scratch-01/pparsons/data/MyExpoComm
--------------------------------
Algorithm:   qmix_ExpoComm_one_peer_n7_cont
Environment: MAgent_AdvPursuit
Profile:     advP_ExpoComm_2M
--------------------------------
Conda activated: /usr/itetnas04/data-scratch-01/pparsons/data/conda_envs/ExpoComm
Starting Run...
Warning: Loaded 4 layers but model has 6 layers.
Exiting Main
Stopping all threads
Thread wandb-AsyncioManager-main is alive! Is daemon: True
Thread joined
Thread ChkStopThr is alive! Is daemon: True
Thread joined
Thread IntMsgThr is alive! Is daemon: True
Thread joined
Exiting script
[1;34mwandb[0m: 
[1;34mwandb[0m: 🚀 View run [33mmy_run-advP_ExpoComm_2M-20260210_163415[0m at: [34mhttps://wandb.ai/peterparsons02-eth-z-rich/my_experiment/runs/44lotjwf[0m
[1;34mwandb[0m: Find logs at: [1;35mwandb/run-20260210_163416-44lotjwf/logs[0m
Finished at: Wed Feb 11 06:57:02 CET 2026
