Gym has been unmaintained since 2022 and does not support NumPy 2.0 amongst other critical functionality.
Please upgrade to Gymnasium, the maintained drop-in replacement of Gym, or contact the authors of your software and request that they upgrade.
Users of this version of Gym should be able to simply replace 'import gym' with 'import gymnasium as gym' in the vast majority of cases.
See the migration guide at https://gymnasium.farama.org/introduction/migration_guide/ for additional information.
src/main.py:81: DeprecationWarning: Using or importing the ABCs from 'collections' instead of from 'collections.abc' is deprecated since Python 3.3, and in 3.10 it will stop working
  if isinstance(v, collections.Mapping):
wandb: [wandb.login()] Loaded credentials for https://api.wandb.ai from /home/pparsons/.netrc.
wandb: Currently logged in as: peterparsons02 (peterparsons02-eth-z-rich) to https://api.wandb.ai. Use `wandb login --relogin` to force relogin
wandb: setting up run vai1bw1n
wandb: Tracking run with wandb version 0.24.1
wandb: Run data is saved locally in /usr/itetnas04/data-scratch-01/pparsons/data/MyExpoComm/wandb/run-20260212_182018-vai1bw1n
wandb: Run `wandb offline` to turn off syncing.
wandb: Syncing run my_run-advP_HybridComm_2M-20260212_182016
wandb: ⭐️ View project at https://wandb.ai/peterparsons02-eth-z-rich/my_experiment
wandb: 🚀 View run at https://wandb.ai/peterparsons02-eth-z-rich/my_experiment/runs/vai1bw1n
2026-02-12 18:20:23,486 - my_experiment - advP_HybridComm_2M - my_run - INFO - Current directory: /usr/itetnas04/data-scratch-01/pparsons/data/MyExpoComm.
2026-02-12 18:20:23,488 - my_experiment - advP_HybridComm_2M - my_run - INFO - Experiment Parameters:
2026-02-12 18:20:23,489 - my_experiment - advP_HybridComm_2M - my_run - INFO - 

{   'action_selector': 'epsilon_greedy',
    'add_value_last_step': True,
    'agent': 'ExpoComm_one_peer_cont',
    'agent_output_type': 'q',
    'attention_dim': 32,
    'aux_coef': 0.1,
    'batch_size': 32,
    'batch_size_run': 1,
    'buffer_cpu_only': True,
    'buffer_size': 5000,
    'checkpoint_path': '',
    'double_q': True,
    'env': 'MAgent_AdvPursuit',
    'env_args': {   'global_reward': False,
                    'map_name': 'adversarial_pursuit_view8',
                    'map_size': 45,
                    'max_cycles': 200,
                    'minimap_mode': True,
                    'pretrained_ckpt': 'prey_params.pt',
                    'seed': 42},
    'epsilon_anneal_time': 500000,
    'epsilon_finish': 0.05,
    'epsilon_start': 1.0,
    'evaluate': False,
    'evaluation_epsilon': 0.0,
    'exp_name': 'my_experiment',
    'gamma': 0.99,
    'global_reward': True,
    'grad_norm_clip': 10,
    'hidden_dim': 64,
    'hypergroup': None,
    'label': 'default_label',
    'learner': 'hybrid_comm_learner',
    'learner_log_interval': 10000,
    'load_step': 0,
    'local_results_path': 'results',
    'log_interval': 50000,
    'lr': 0.0005,
    'mac': 'ExpoComm_mac',
    'mixer': None,
    'name': 'advP_HybridComm_2M',
    'neg_num': 20,
    'obs_agent_id': True,
    'obs_individual_obs': False,
    'obs_last_action': True,
    'one_peer': True,
    'optim_alpha': 0.99,
    'optim_eps': 1e-05,
    'render': False,
    'repeat_id': 1,
    'run_name': 'my_run',
    'runner': 'episode',
    'runner_log_interval': 10000,
    'save_model': True,
    'save_model_interval': 200000,
    'save_replay': False,
    'seed': 42,
    'standardise_returns': False,
    'standardise_rewards': True,
    't_max': 2050000,
    'target_update_interval_or_tau': 200,
    'temperature': 0.07,
    'test_greedy': True,
    'test_interval': 50000,
    'test_nepisode': 100,
    'topk_neighbors': 7,
    'use_cuda': True,
    'use_rnn': True,
    'use_tensorboard': True,
    'work_dir': 'work_dirs/my_experiment/advP_HybridComm_2M/my_run/20260212_182016'}

/usr/itetnas04/data-scratch-01/pparsons/data/conda_envs/ExpoComm/lib/python3.8/site-packages/pettingzoo/utils/conversions.py:41: UserWarning: The `from_parallel` function is deprecated. Use the `parallel_to_aec` function instead.
  warnings.warn("The `from_parallel` function is deprecated. Use the `parallel_to_aec` function instead.")
/usr/itetnas04/data-scratch-01/pparsons/data/conda_envs/ExpoComm/lib/python3.8/site-packages/pettingzoo/utils/wrappers/base.py:44: UserWarning: The `observation_spaces` dictionary is deprecated. Use the `observation_space` function instead.
  warnings.warn("The `observation_spaces` dictionary is deprecated. Use the `observation_space` function instead.")
/usr/itetnas04/data-scratch-01/pparsons/data/conda_envs/ExpoComm/lib/python3.8/site-packages/pettingzoo/utils/conversions.py:36: UserWarning: The `to_parallel` function is deprecated. Use the `aec_to_parallel` function instead.
  warnings.warn("The `to_parallel` function is deprecated. Use the `aec_to_parallel` function instead.")
/usr/itetnas04/data-scratch-01/pparsons/data/conda_envs/ExpoComm/lib/python3.8/site-packages/pettingzoo/utils/conversions.py:80: UserWarning: The `action_spaces` dictionary is deprecated. Use the `action_space` function instead.
  warnings.warn("The `action_spaces` dictionary is deprecated. Use the `action_space` function instead.")
/usr/itetnas04/data-scratch-01/pparsons/data/conda_envs/ExpoComm/lib/python3.8/site-packages/pettingzoo/utils/wrappers/base.py:52: UserWarning: The `action_spaces` dictionary is deprecated. Use the `action_space` function instead.
  warnings.warn("The `action_spaces` dictionary is deprecated. Use the `action_space` function instead.")
/usr/itetnas04/data-scratch-01/pparsons/data/conda_envs/ExpoComm/lib/python3.8/site-packages/pettingzoo/utils/conversions.py:72: UserWarning: The `observation_spaces` dictionary is deprecated. Use the `observation_space` function instead.
  warnings.warn("The `observation_spaces` dictionary is deprecated. Use the `observation_space` function instead.")
2026-02-12 18:20:49,205 - my_experiment - advP_HybridComm_2M - my_run - INFO - Beginning training for 2050000 timesteps
/usr/itetnas04/data-scratch-01/pparsons/data/MyExpoComm/src/envs/adv_pursuit_wrappers.py:240: UserWarning: To copy construct from a tensor, it is recommended to use sourceTensor.clone().detach() or sourceTensor.clone().detach().requires_grad_(True), rather than torch.tensor(sourceTensor).
  actions = th.tensor(actions, dtype=th.long)
2026-02-12 18:21:03,903 - my_experiment - advP_HybridComm_2M - my_run - INFO - t_env: 200 / 2050000
2026-02-12 18:21:03,904 - my_experiment - advP_HybridComm_2M - my_run - INFO - Estimated time left: 10 minutes, 0 seconds. Time passed: 14 seconds
2026-02-12 18:24:51,742 - my_experiment - advP_HybridComm_2M - my_run - INFO - Saving models to work_dirs/my_experiment/advP_HybridComm_2M/my_run/20260212_182016/models/200
2026-02-12 18:37:17,892 - my_experiment - advP_HybridComm_2M - my_run - INFO - Recent Stats | t_env:      50000 | Episode:      250
ep_length_mean:          200.0000	episode_length_mean:     199.0000	epsilon:                   0.9240	grad_norm:                 1.0416
info_nce_loss:             2.9543	loss:                      0.9617	q_loss:                    0.8743	return_mean:             -20.7678
return_std:                0.8834	test_ep_length_mean:     200.0000	test_episode_length_mean:199.0000	test_return_mean:        -23.9906
test_return_std:           4.2545	
2026-02-12 18:37:20,968 - my_experiment - advP_HybridComm_2M - my_run - INFO - t_env: 50200 / 2050000
2026-02-12 18:37:20,969 - my_experiment - advP_HybridComm_2M - my_run - INFO - Estimated time left: 10 hours, 51 minutes, 18 seconds. Time passed: 16 minutes, 31 seconds
2026-02-12 18:54:12,486 - my_experiment - advP_HybridComm_2M - my_run - INFO - Recent Stats | t_env:     100000 | Episode:      500
ep_length_mean:          200.0000	episode_length_mean:     199.0000	epsilon:                   0.8290	grad_norm:                 2.4797
info_nce_loss:             2.7943	loss:                      1.2992	q_loss:                    1.1811	return_mean:             -14.6221
return_std:                1.8795	test_ep_length_mean:     200.0000	test_episode_length_mean:199.0000	test_return_mean:         22.7953
test_return_std:           9.6168	
2026-02-12 18:54:15,602 - my_experiment - advP_HybridComm_2M - my_run - INFO - t_env: 100200 / 2050000
2026-02-12 18:54:15,603 - my_experiment - advP_HybridComm_2M - my_run - INFO - Estimated time left: 10 hours, 59 minutes, 26 seconds. Time passed: 33 minutes, 26 seconds
2026-02-12 19:11:06,698 - my_experiment - advP_HybridComm_2M - my_run - INFO - Recent Stats | t_env:     150000 | Episode:      750
ep_length_mean:          200.0000	episode_length_mean:     199.0000	epsilon:                   0.7340	grad_norm:                 6.5294
info_nce_loss:             1.7219	loss:                      2.4396	q_loss:                    2.2178	return_mean:              -2.4645
return_std:                2.7529	test_ep_length_mean:     200.0000	test_episode_length_mean:199.0000	test_return_mean:         51.4002
test_return_std:          11.3949	
2026-02-12 19:11:09,831 - my_experiment - advP_HybridComm_2M - my_run - INFO - t_env: 150200 / 2050000
2026-02-12 19:11:09,832 - my_experiment - advP_HybridComm_2M - my_run - INFO - Estimated time left: 10 hours, 42 minutes, 16 seconds. Time passed: 50 minutes, 20 seconds
2026-02-12 19:27:58,666 - my_experiment - advP_HybridComm_2M - my_run - INFO - Recent Stats | t_env:     200000 | Episode:     1000
ep_length_mean:          200.0000	episode_length_mean:     199.0000	epsilon:                   0.6390	grad_norm:                 9.7751
info_nce_loss:             1.4156	loss:                      3.5679	q_loss:                    3.2435	return_mean:               9.5987
return_std:                4.0877	test_ep_length_mean:     200.0000	test_episode_length_mean:199.0000	test_return_mean:         68.8266
test_return_std:          11.6410	
2026-02-12 19:28:01,743 - my_experiment - advP_HybridComm_2M - my_run - INFO - t_env: 200200 / 2050000
2026-02-12 19:28:01,744 - my_experiment - advP_HybridComm_2M - my_run - INFO - Estimated time left: 10 hours, 23 minutes, 56 seconds. Time passed: 1 hours, 7 minutes, 12 seconds
2026-02-12 19:31:54,402 - my_experiment - advP_HybridComm_2M - my_run - INFO - Saving models to work_dirs/my_experiment/advP_HybridComm_2M/my_run/20260212_182016/models/200200
2026-02-12 19:44:42,958 - my_experiment - advP_HybridComm_2M - my_run - INFO - Recent Stats | t_env:     250000 | Episode:     1250
ep_length_mean:          200.0000	episode_length_mean:     199.0000	epsilon:                   0.5440	grad_norm:                30.5515
info_nce_loss:             0.8558	loss:                      6.6220	q_loss:                    6.0200	return_mean:              28.4639
return_std:                4.8872	test_ep_length_mean:     200.0000	test_episode_length_mean:199.0000	test_return_mean:         78.7167
test_return_std:          11.6926	
2026-02-12 19:44:46,032 - my_experiment - advP_HybridComm_2M - my_run - INFO - t_env: 250200 / 2050000
2026-02-12 19:44:46,034 - my_experiment - advP_HybridComm_2M - my_run - INFO - Estimated time left: 10 hours, 2 minutes, 30 seconds. Time passed: 1 hours, 23 minutes, 56 seconds
2026-02-12 20:01:26,241 - my_experiment - advP_HybridComm_2M - my_run - INFO - Recent Stats | t_env:     300000 | Episode:     1500
ep_length_mean:          200.0000	episode_length_mean:     199.0000	epsilon:                   0.4490	grad_norm:                28.1794
info_nce_loss:             0.7167	loss:                      5.4831	q_loss:                    4.9847	return_mean:              47.3533
return_std:                5.6124	test_ep_length_mean:     200.0000	test_episode_length_mean:199.0000	test_return_mean:        108.0875
test_return_std:          13.4679	
2026-02-12 20:01:29,330 - my_experiment - advP_HybridComm_2M - my_run - INFO - t_env: 300200 / 2050000
2026-02-12 20:01:29,331 - my_experiment - advP_HybridComm_2M - my_run - INFO - Estimated time left: 9 hours, 45 minutes, 11 seconds. Time passed: 1 hours, 40 minutes, 40 seconds
2026-02-12 20:18:08,537 - my_experiment - advP_HybridComm_2M - my_run - INFO - Recent Stats | t_env:     350000 | Episode:     1750
ep_length_mean:          200.0000	episode_length_mean:     199.0000	epsilon:                   0.3540	grad_norm:                47.6708
info_nce_loss:             0.5725	loss:                      5.9511	q_loss:                    5.4100	return_mean:              65.6585
return_std:                6.4701	test_ep_length_mean:     200.0000	test_episode_length_mean:199.0000	test_return_mean:        120.0555
test_return_std:          12.5445	
2026-02-12 20:18:11,621 - my_experiment - advP_HybridComm_2M - my_run - INFO - t_env: 350200 / 2050000
2026-02-12 20:18:11,623 - my_experiment - advP_HybridComm_2M - my_run - INFO - Estimated time left: 9 hours, 27 minutes, 53 seconds. Time passed: 1 hours, 57 minutes, 22 seconds
2026-02-12 20:34:51,862 - my_experiment - advP_HybridComm_2M - my_run - INFO - Recent Stats | t_env:     400000 | Episode:     2000
ep_length_mean:          200.0000	episode_length_mean:     199.0000	epsilon:                   0.2590	grad_norm:                64.4258
info_nce_loss:             0.7166	loss:                      6.8017	q_loss:                    6.1834	return_mean:              82.8814
return_std:                6.9960	test_ep_length_mean:     200.0000	test_episode_length_mean:199.0000	test_return_mean:        123.7946
test_return_std:          12.1913	
2026-02-12 20:34:54,947 - my_experiment - advP_HybridComm_2M - my_run - INFO - t_env: 400200 / 2050000
2026-02-12 20:34:54,949 - my_experiment - advP_HybridComm_2M - my_run - INFO - Estimated time left: 9 hours, 11 minutes, 45 seconds. Time passed: 2 hours, 14 minutes, 5 seconds
2026-02-12 20:38:47,328 - my_experiment - advP_HybridComm_2M - my_run - INFO - Saving models to work_dirs/my_experiment/advP_HybridComm_2M/my_run/20260212_182016/models/400200
2026-02-12 20:51:33,865 - my_experiment - advP_HybridComm_2M - my_run - INFO - Recent Stats | t_env:     450000 | Episode:     2250
ep_length_mean:          200.0000	episode_length_mean:     199.0000	epsilon:                   0.1640	grad_norm:               175.3495
info_nce_loss:             0.3896	loss:                      7.0172	q_loss:                    6.3793	return_mean:             101.5808
return_std:                6.6665	test_ep_length_mean:     200.0000	test_episode_length_mean:199.0000	test_return_mean:        125.9508
test_return_std:          11.8539	
2026-02-12 20:51:36,971 - my_experiment - advP_HybridComm_2M - my_run - INFO - t_env: 450200 / 2050000
2026-02-12 20:51:36,972 - my_experiment - advP_HybridComm_2M - my_run - INFO - Estimated time left: 8 hours, 54 minutes, 20 seconds. Time passed: 2 hours, 30 minutes, 47 seconds
2026-02-12 21:06:02,984 - my_experiment - advP_HybridComm_2M - my_run - INFO - Recent Stats | t_env:     500000 | Episode:     2500
ep_length_mean:          200.0000	episode_length_mean:     199.0000	epsilon:                   0.0690	grad_norm:               365.4306
info_nce_loss:             0.6671	loss:                      6.6998	q_loss:                    6.0907	return_mean:             116.4887
return_std:                8.6465	test_ep_length_mean:     200.0000	test_episode_length_mean:199.0000	test_return_mean:        128.3751
test_return_std:          11.6344	
2026-02-12 21:06:05,603 - my_experiment - advP_HybridComm_2M - my_run - INFO - t_env: 500200 / 2050000
2026-02-12 21:06:05,604 - my_experiment - advP_HybridComm_2M - my_run - INFO - Estimated time left: 7 hours, 28 minutes, 44 seconds. Time passed: 2 hours, 45 minutes, 16 seconds
2026-02-12 21:20:45,141 - my_experiment - advP_HybridComm_2M - my_run - INFO - Recent Stats | t_env:     550000 | Episode:     2750
ep_length_mean:          200.0000	episode_length_mean:     199.0000	epsilon:                   0.0500	grad_norm:               190.1705
info_nce_loss:             0.4265	loss:                      4.9408	q_loss:                    4.4916	return_mean:             126.9818
return_std:                8.3691	test_ep_length_mean:     200.0000	test_episode_length_mean:199.0000	test_return_mean:        130.9878
test_return_std:          10.9121	
2026-02-12 21:20:47,851 - my_experiment - advP_HybridComm_2M - my_run - INFO - t_env: 550200 / 2050000
2026-02-12 21:20:47,852 - my_experiment - advP_HybridComm_2M - my_run - INFO - Estimated time left: 7 hours, 21 minutes, 3 seconds. Time passed: 2 hours, 59 minutes, 58 seconds
2026-02-12 21:35:44,251 - my_experiment - advP_HybridComm_2M - my_run - INFO - Recent Stats | t_env:     600000 | Episode:     3000
ep_length_mean:          200.0000	episode_length_mean:     199.0000	epsilon:                   0.0500	grad_norm:               400.7676
info_nce_loss:             0.5463	loss:                      5.4767	q_loss:                    4.9788	return_mean:             128.8849
return_std:                9.1400	test_ep_length_mean:     200.0000	test_episode_length_mean:199.0000	test_return_mean:        131.9383
test_return_std:          11.0371	
2026-02-12 21:35:46,962 - my_experiment - advP_HybridComm_2M - my_run - INFO - t_env: 600200 / 2050000
2026-02-12 21:35:46,964 - my_experiment - advP_HybridComm_2M - my_run - INFO - Estimated time left: 7 hours, 14 minutes, 30 seconds. Time passed: 3 hours, 14 minutes, 57 seconds
2026-02-12 21:39:12,978 - my_experiment - advP_HybridComm_2M - my_run - INFO - Saving models to work_dirs/my_experiment/advP_HybridComm_2M/my_run/20260212_182016/models/600200
2026-02-12 21:50:29,326 - my_experiment - advP_HybridComm_2M - my_run - INFO - Recent Stats | t_env:     650000 | Episode:     3250
ep_length_mean:          200.0000	episode_length_mean:     199.0000	epsilon:                   0.0500	grad_norm:               326.5662
info_nce_loss:             0.5615	loss:                      6.5310	q_loss:                    5.9373	return_mean:             130.0562
return_std:                8.6119	test_ep_length_mean:     200.0000	test_episode_length_mean:199.0000	test_return_mean:        133.6014
test_return_std:          10.3895	
2026-02-12 21:50:32,038 - my_experiment - advP_HybridComm_2M - my_run - INFO - t_env: 650200 / 2050000
2026-02-12 21:50:32,039 - my_experiment - advP_HybridComm_2M - my_run - INFO - Estimated time left: 6 hours, 52 minutes, 58 seconds. Time passed: 3 hours, 29 minutes, 42 seconds
2026-02-12 22:05:14,412 - my_experiment - advP_HybridComm_2M - my_run - INFO - Recent Stats | t_env:     700000 | Episode:     3500
ep_length_mean:          200.0000	episode_length_mean:     199.0000	epsilon:                   0.0500	grad_norm:               730.8706
info_nce_loss:             0.5275	loss:                     10.0450	q_loss:                    9.1318	return_mean:             128.9781
return_std:                9.3111	test_ep_length_mean:     200.0000	test_episode_length_mean:199.0000	test_return_mean:        134.1973
test_return_std:          10.2284	
2026-02-12 22:05:17,135 - my_experiment - advP_HybridComm_2M - my_run - INFO - t_env: 700200 / 2050000
2026-02-12 22:05:17,136 - my_experiment - advP_HybridComm_2M - my_run - INFO - Estimated time left: 6 hours, 38 minutes, 14 seconds. Time passed: 3 hours, 44 minutes, 27 seconds
2026-02-12 22:19:58,786 - my_experiment - advP_HybridComm_2M - my_run - INFO - Recent Stats | t_env:     750000 | Episode:     3750
ep_length_mean:          200.0000	episode_length_mean:     199.0000	epsilon:                   0.0500	grad_norm:               588.1099
info_nce_loss:             0.3825	loss:                      8.4759	q_loss:                    7.7054	return_mean:             130.2742
return_std:                8.8968	test_ep_length_mean:     200.0000	test_episode_length_mean:199.0000	test_return_mean:        135.7612
test_return_std:          10.0685	
2026-02-12 22:20:01,511 - my_experiment - advP_HybridComm_2M - my_run - INFO - t_env: 750200 / 2050000
2026-02-12 22:20:01,512 - my_experiment - advP_HybridComm_2M - my_run - INFO - Estimated time left: 6 hours, 23 minutes, 10 seconds. Time passed: 3 hours, 59 minutes, 12 seconds
2026-02-12 22:34:43,249 - my_experiment - advP_HybridComm_2M - my_run - INFO - Recent Stats | t_env:     800000 | Episode:     4000
ep_length_mean:          200.0000	episode_length_mean:     199.0000	epsilon:                   0.0500	grad_norm:               399.6626
info_nce_loss:             0.5045	loss:                      5.8240	q_loss:                    5.2945	return_mean:             129.3206
return_std:                9.0560	test_ep_length_mean:     200.0000	test_episode_length_mean:199.0000	test_return_mean:        135.8023
test_return_std:          10.2116	
2026-02-12 22:34:46,039 - my_experiment - advP_HybridComm_2M - my_run - INFO - t_env: 800200 / 2050000
2026-02-12 22:34:46,041 - my_experiment - advP_HybridComm_2M - my_run - INFO - Estimated time left: 6 hours, 8 minutes, 29 seconds. Time passed: 4 hours, 13 minutes, 56 seconds
2026-02-12 22:38:11,746 - my_experiment - advP_HybridComm_2M - my_run - INFO - Saving models to work_dirs/my_experiment/advP_HybridComm_2M/my_run/20260212_182016/models/800200
2026-02-12 22:49:27,241 - my_experiment - advP_HybridComm_2M - my_run - INFO - Recent Stats | t_env:     850000 | Episode:     4250
ep_length_mean:          200.0000	episode_length_mean:     199.0000	epsilon:                   0.0500	grad_norm:               538.6778
info_nce_loss:             0.6795	loss:                      6.2891	q_loss:                    5.7173	return_mean:             130.4892
return_std:                7.8455	test_ep_length_mean:     200.0000	test_episode_length_mean:199.0000	test_return_mean:        136.1346
test_return_std:          10.1753	
2026-02-12 22:49:29,948 - my_experiment - advP_HybridComm_2M - my_run - INFO - t_env: 850200 / 2050000
2026-02-12 22:49:29,949 - my_experiment - advP_HybridComm_2M - my_run - INFO - Estimated time left: 5 hours, 53 minutes, 30 seconds. Time passed: 4 hours, 28 minutes, 40 seconds
2026-02-12 23:04:10,576 - my_experiment - advP_HybridComm_2M - my_run - INFO - Recent Stats | t_env:     900000 | Episode:     4500
ep_length_mean:          200.0000	episode_length_mean:     199.0000	epsilon:                   0.0500	grad_norm:               743.5928
info_nce_loss:             0.5374	loss:                      7.6286	q_loss:                    6.9351	return_mean:             131.7231
return_std:                8.1964	test_ep_length_mean:     200.0000	test_episode_length_mean:199.0000	test_return_mean:        135.8890
test_return_std:          10.3371	
2026-02-12 23:04:13,300 - my_experiment - advP_HybridComm_2M - my_run - INFO - t_env: 900200 / 2050000
2026-02-12 23:04:13,301 - my_experiment - advP_HybridComm_2M - my_run - INFO - Estimated time left: 5 hours, 38 minutes, 33 seconds. Time passed: 4 hours, 43 minutes, 24 seconds
2026-02-12 23:18:54,395 - my_experiment - advP_HybridComm_2M - my_run - INFO - Recent Stats | t_env:     950000 | Episode:     4750
ep_length_mean:          200.0000	episode_length_mean:     199.0000	epsilon:                   0.0500	grad_norm:               650.3381
info_nce_loss:             0.5178	loss:                      6.4531	q_loss:                    5.8664	return_mean:             131.8675
return_std:                8.2744	test_ep_length_mean:     200.0000	test_episode_length_mean:199.0000	test_return_mean:        136.6252
test_return_std:          10.3314	
2026-02-12 23:18:57,227 - my_experiment - advP_HybridComm_2M - my_run - INFO - t_env: 950200 / 2050000
2026-02-12 23:18:57,228 - my_experiment - advP_HybridComm_2M - my_run - INFO - Estimated time left: 5 hours, 24 minutes, 2 seconds. Time passed: 4 hours, 58 minutes, 8 seconds
2026-02-12 23:33:39,563 - my_experiment - advP_HybridComm_2M - my_run - INFO - Recent Stats | t_env:    1000000 | Episode:     5000
ep_length_mean:          200.0000	episode_length_mean:     199.0000	epsilon:                   0.0500	grad_norm:               454.1887
info_nce_loss:             0.4655	loss:                      5.5526	q_loss:                    5.0478	return_mean:             132.8440
return_std:                7.9262	test_ep_length_mean:     200.0000	test_episode_length_mean:199.0000	test_return_mean:        136.8290
test_return_std:          10.0144	
2026-02-12 23:33:42,281 - my_experiment - advP_HybridComm_2M - my_run - INFO - t_env: 1000200 / 2050000
2026-02-12 23:33:42,282 - my_experiment - advP_HybridComm_2M - my_run - INFO - Estimated time left: 5 hours, 9 minutes, 42 seconds. Time passed: 5 hours, 12 minutes, 53 seconds
2026-02-12 23:37:07,737 - my_experiment - advP_HybridComm_2M - my_run - INFO - Saving models to work_dirs/my_experiment/advP_HybridComm_2M/my_run/20260212_182016/models/1000200
2026-02-12 23:48:23,772 - my_experiment - advP_HybridComm_2M - my_run - INFO - Recent Stats | t_env:    1050000 | Episode:     5250
ep_length_mean:          200.0000	episode_length_mean:     199.0000	epsilon:                   0.0500	grad_norm:               476.7506
info_nce_loss:             0.5151	loss:                      6.4266	q_loss:                    5.8424	return_mean:             132.7482
return_std:                7.9530	test_ep_length_mean:     200.0000	test_episode_length_mean:199.0000	test_return_mean:        137.3109
test_return_std:           9.7991	
2026-02-12 23:48:26,570 - my_experiment - advP_HybridComm_2M - my_run - INFO - t_env: 1050200 / 2050000
2026-02-12 23:48:26,571 - my_experiment - advP_HybridComm_2M - my_run - INFO - Estimated time left: 4 hours, 54 minutes, 42 seconds. Time passed: 5 hours, 27 minutes, 37 seconds
2026-02-13 00:03:07,991 - my_experiment - advP_HybridComm_2M - my_run - INFO - Recent Stats | t_env:    1100000 | Episode:     5500
ep_length_mean:          200.0000	episode_length_mean:     199.0000	epsilon:                   0.0500	grad_norm:               626.7813
info_nce_loss:             0.4257	loss:                      6.5405	q_loss:                    5.9459	return_mean:             134.4261
return_std:                7.7298	test_ep_length_mean:     200.0000	test_episode_length_mean:199.0000	test_return_mean:        138.4045
test_return_std:           9.3878	
2026-02-13 00:03:10,705 - my_experiment - advP_HybridComm_2M - my_run - INFO - t_env: 1100200 / 2050000
2026-02-13 00:03:10,706 - my_experiment - advP_HybridComm_2M - my_run - INFO - Estimated time left: 4 hours, 39 minutes, 55 seconds. Time passed: 5 hours, 42 minutes, 21 seconds
2026-02-13 00:17:51,497 - my_experiment - advP_HybridComm_2M - my_run - INFO - Recent Stats | t_env:    1150000 | Episode:     5750
ep_length_mean:          200.0000	episode_length_mean:     199.0000	epsilon:                   0.0500	grad_norm:               715.7458
info_nce_loss:             0.5760	loss:                      7.4064	q_loss:                    6.7331	return_mean:             134.4067
return_std:                7.8273	test_ep_length_mean:     200.0000	test_episode_length_mean:199.0000	test_return_mean:        139.7280
test_return_std:           9.2647	
2026-02-13 00:17:54,346 - my_experiment - advP_HybridComm_2M - my_run - INFO - t_env: 1150200 / 2050000
2026-02-13 00:17:54,347 - my_experiment - advP_HybridComm_2M - my_run - INFO - Estimated time left: 4 hours, 25 minutes, 1 seconds. Time passed: 5 hours, 57 minutes, 5 seconds
2026-02-13 00:32:34,560 - my_experiment - advP_HybridComm_2M - my_run - INFO - Recent Stats | t_env:    1200000 | Episode:     6000
ep_length_mean:          200.0000	episode_length_mean:     199.0000	epsilon:                   0.0500	grad_norm:               472.3210
info_nce_loss:             0.6353	loss:                      3.8073	q_loss:                    3.4612	return_mean:             134.5142
return_std:                7.9022	test_ep_length_mean:     200.0000	test_episode_length_mean:199.0000	test_return_mean:        140.2875
test_return_std:           9.2184	
2026-02-13 00:32:37,275 - my_experiment - advP_HybridComm_2M - my_run - INFO - t_env: 1200200 / 2050000
2026-02-13 00:32:37,277 - my_experiment - advP_HybridComm_2M - my_run - INFO - Estimated time left: 4 hours, 10 minutes, 6 seconds. Time passed: 6 hours, 11 minutes, 48 seconds
2026-02-13 00:36:02,802 - my_experiment - advP_HybridComm_2M - my_run - INFO - Saving models to work_dirs/my_experiment/advP_HybridComm_2M/my_run/20260212_182016/models/1200200
2026-02-13 00:47:18,968 - my_experiment - advP_HybridComm_2M - my_run - INFO - Recent Stats | t_env:    1250000 | Episode:     6250
ep_length_mean:          200.0000	episode_length_mean:     199.0000	epsilon:                   0.0500	grad_norm:               427.9793
info_nce_loss:             0.6134	loss:                      3.1938	q_loss:                    2.9035	return_mean:             136.5385
return_std:                7.0929	test_ep_length_mean:     200.0000	test_episode_length_mean:199.0000	test_return_mean:        141.0124
test_return_std:           9.1505	
2026-02-13 00:47:21,682 - my_experiment - advP_HybridComm_2M - my_run - INFO - t_env: 1250200 / 2050000
2026-02-13 00:47:21,683 - my_experiment - advP_HybridComm_2M - my_run - INFO - Estimated time left: 3 hours, 55 minutes, 46 seconds. Time passed: 6 hours, 26 minutes, 32 seconds
2026-02-13 01:02:02,786 - my_experiment - advP_HybridComm_2M - my_run - INFO - Recent Stats | t_env:    1300000 | Episode:     6500
ep_length_mean:          200.0000	episode_length_mean:     199.0000	epsilon:                   0.0500	grad_norm:               541.8803
info_nce_loss:             0.4860	loss:                      3.4678	q_loss:                    3.1525	return_mean:             136.3662
return_std:                6.4240	test_ep_length_mean:     200.0000	test_episode_length_mean:199.0000	test_return_mean:        141.4328
test_return_std:           9.2183	
2026-02-13 01:02:05,540 - my_experiment - advP_HybridComm_2M - my_run - INFO - t_env: 1300200 / 2050000
2026-02-13 01:02:05,541 - my_experiment - advP_HybridComm_2M - my_run - INFO - Estimated time left: 3 hours, 40 minutes, 54 seconds. Time passed: 6 hours, 41 minutes, 16 seconds
2026-02-13 01:16:24,830 - my_experiment - advP_HybridComm_2M - my_run - INFO - Recent Stats | t_env:    1350000 | Episode:     6750
ep_length_mean:          200.0000	episode_length_mean:     199.0000	epsilon:                   0.0500	grad_norm:               686.7436
info_nce_loss:             0.3483	loss:                      4.4234	q_loss:                    4.0213	return_mean:             137.4358
return_std:                6.4856	test_ep_length_mean:     200.0000	test_episode_length_mean:199.0000	test_return_mean:        142.3296
test_return_std:           9.2353	
2026-02-13 01:16:27,542 - my_experiment - advP_HybridComm_2M - my_run - INFO - t_env: 1350200 / 2050000
2026-02-13 01:16:27,543 - my_experiment - advP_HybridComm_2M - my_run - INFO - Estimated time left: 3 hours, 21 minutes, 4 seconds. Time passed: 6 hours, 55 minutes, 38 seconds
2026-02-13 01:31:12,363 - my_experiment - advP_HybridComm_2M - my_run - INFO - Recent Stats | t_env:    1400000 | Episode:     7000
ep_length_mean:          200.0000	episode_length_mean:     199.0000	epsilon:                   0.0500	grad_norm:               843.3933
info_nce_loss:             0.3379	loss:                      5.1791	q_loss:                    4.7083	return_mean:             137.3829
return_std:                6.3438	test_ep_length_mean:     200.0000	test_episode_length_mean:199.0000	test_return_mean:        143.3210
test_return_std:           8.6069	
2026-02-13 01:31:15,089 - my_experiment - advP_HybridComm_2M - my_run - INFO - t_env: 1400200 / 2050000
2026-02-13 01:31:15,090 - my_experiment - advP_HybridComm_2M - my_run - INFO - Estimated time left: 3 hours, 12 minutes, 14 seconds. Time passed: 7 hours, 10 minutes, 25 seconds
2026-02-13 01:34:41,063 - my_experiment - advP_HybridComm_2M - my_run - INFO - Saving models to work_dirs/my_experiment/advP_HybridComm_2M/my_run/20260212_182016/models/1400200
2026-02-13 01:46:05,233 - my_experiment - advP_HybridComm_2M - my_run - INFO - Recent Stats | t_env:    1450000 | Episode:     7250
ep_length_mean:          200.0000	episode_length_mean:     199.0000	epsilon:                   0.0500	grad_norm:               295.9922
info_nce_loss:             0.3387	loss:                      2.7169	q_loss:                    2.4699	return_mean:             136.9471
return_std:                6.2528	test_ep_length_mean:     200.0000	test_episode_length_mean:199.0000	test_return_mean:        144.5895
test_return_std:           8.0564	
2026-02-13 01:46:08,028 - my_experiment - advP_HybridComm_2M - my_run - INFO - t_env: 1450200 / 2050000
2026-02-13 01:46:08,029 - my_experiment - advP_HybridComm_2M - my_run - INFO - Estimated time left: 2 hours, 58 minutes, 31 seconds. Time passed: 7 hours, 25 minutes, 18 seconds
2026-02-13 02:01:00,602 - my_experiment - advP_HybridComm_2M - my_run - INFO - Recent Stats | t_env:    1500000 | Episode:     7500
ep_length_mean:          200.0000	episode_length_mean:     199.0000	epsilon:                   0.0500	grad_norm:               219.2939
info_nce_loss:             0.3097	loss:                      2.2887	q_loss:                    2.0807	return_mean:             137.6257
return_std:                6.1665	test_ep_length_mean:     200.0000	test_episode_length_mean:199.0000	test_return_mean:        145.3201
test_return_std:           8.0040	
2026-02-13 02:01:03,363 - my_experiment - advP_HybridComm_2M - my_run - INFO - t_env: 1500200 / 2050000
2026-02-13 02:01:03,364 - my_experiment - advP_HybridComm_2M - my_run - INFO - Estimated time left: 2 hours, 44 minutes, 5 seconds. Time passed: 7 hours, 40 minutes, 14 seconds
2026-02-13 02:16:01,929 - my_experiment - advP_HybridComm_2M - my_run - INFO - Recent Stats | t_env:    1550000 | Episode:     7750
ep_length_mean:          200.0000	episode_length_mean:     199.0000	epsilon:                   0.0500	grad_norm:               257.8322
info_nce_loss:             0.6965	loss:                      2.3372	q_loss:                    2.1247	return_mean:             138.4367
return_std:                6.2638	test_ep_length_mean:     200.0000	test_episode_length_mean:199.0000	test_return_mean:        147.0153
test_return_std:           7.3943	
2026-02-13 02:16:04,688 - my_experiment - advP_HybridComm_2M - my_run - INFO - t_env: 1550200 / 2050000
2026-02-13 02:16:04,689 - my_experiment - advP_HybridComm_2M - my_run - INFO - Estimated time left: 2 hours, 30 minutes, 9 seconds. Time passed: 7 hours, 55 minutes, 15 seconds
2026-02-13 02:31:02,129 - my_experiment - advP_HybridComm_2M - my_run - INFO - Recent Stats | t_env:    1600000 | Episode:     8000
ep_length_mean:          200.0000	episode_length_mean:     199.0000	epsilon:                   0.0500	grad_norm:               194.9229
info_nce_loss:             0.2449	loss:                      2.2994	q_loss:                    2.0904	return_mean:             138.9967
return_std:                5.3771	test_ep_length_mean:     200.0000	test_episode_length_mean:199.0000	test_return_mean:        147.5540
test_return_std:           6.8050	
2026-02-13 02:31:04,890 - my_experiment - advP_HybridComm_2M - my_run - INFO - t_env: 1600200 / 2050000
2026-02-13 02:31:04,892 - my_experiment - advP_HybridComm_2M - my_run - INFO - Estimated time left: 2 hours, 14 minutes, 58 seconds. Time passed: 8 hours, 10 minutes, 15 seconds
2026-02-13 02:34:34,325 - my_experiment - advP_HybridComm_2M - my_run - INFO - Saving models to work_dirs/my_experiment/advP_HybridComm_2M/my_run/20260212_182016/models/1600200
2026-02-13 02:46:02,006 - my_experiment - advP_HybridComm_2M - my_run - INFO - Recent Stats | t_env:    1650000 | Episode:     8250
ep_length_mean:          200.0000	episode_length_mean:     199.0000	epsilon:                   0.0500	grad_norm:               225.9258
info_nce_loss:             0.5177	loss:                      2.3569	q_loss:                    2.1427	return_mean:             138.8548
return_std:                5.4989	test_ep_length_mean:     200.0000	test_episode_length_mean:199.0000	test_return_mean:        148.4386
test_return_std:           6.5534	
2026-02-13 02:46:04,755 - my_experiment - advP_HybridComm_2M - my_run - INFO - t_env: 1650200 / 2050000
2026-02-13 02:46:04,756 - my_experiment - advP_HybridComm_2M - my_run - INFO - Estimated time left: 1 hours, 59 minutes, 55 seconds. Time passed: 8 hours, 25 minutes, 15 seconds
2026-02-13 03:01:02,565 - my_experiment - advP_HybridComm_2M - my_run - INFO - Recent Stats | t_env:    1700000 | Episode:     8500
ep_length_mean:          200.0000	episode_length_mean:     199.0000	epsilon:                   0.0500	grad_norm:               240.4308
info_nce_loss:             0.3558	loss:                      2.4691	q_loss:                    2.2447	return_mean:             139.7146
return_std:                5.5983	test_ep_length_mean:     200.0000	test_episode_length_mean:199.0000	test_return_mean:        148.7231
test_return_std:           6.4338	
2026-02-13 03:01:05,339 - my_experiment - advP_HybridComm_2M - my_run - INFO - t_env: 1700200 / 2050000
2026-02-13 03:01:05,340 - my_experiment - advP_HybridComm_2M - my_run - INFO - Estimated time left: 1 hours, 45 minutes, 0 seconds. Time passed: 8 hours, 40 minutes, 16 seconds
2026-02-13 03:16:03,773 - my_experiment - advP_HybridComm_2M - my_run - INFO - Recent Stats | t_env:    1750000 | Episode:     8750
ep_length_mean:          200.0000	episode_length_mean:     199.0000	epsilon:                   0.0500	grad_norm:               220.0994
info_nce_loss:             0.3013	loss:                      2.2963	q_loss:                    2.0876	return_mean:             140.3039
return_std:                5.2079	test_ep_length_mean:     200.0000	test_episode_length_mean:199.0000	test_return_mean:        149.2039
test_return_std:           5.9921	
2026-02-13 03:16:06,630 - my_experiment - advP_HybridComm_2M - my_run - INFO - t_env: 1750200 / 2050000
2026-02-13 03:16:06,631 - my_experiment - advP_HybridComm_2M - my_run - INFO - Estimated time left: 1 hours, 30 minutes, 4 seconds. Time passed: 8 hours, 55 minutes, 17 seconds
2026-02-13 03:31:04,013 - my_experiment - advP_HybridComm_2M - my_run - INFO - Recent Stats | t_env:    1800000 | Episode:     9000
ep_length_mean:          200.0000	episode_length_mean:     199.0000	epsilon:                   0.0500	grad_norm:               226.2772
info_nce_loss:             0.2167	loss:                      2.3706	q_loss:                    2.1551	return_mean:             140.9733
return_std:                4.4954	test_ep_length_mean:     200.0000	test_episode_length_mean:199.0000	test_return_mean:        149.4904
test_return_std:           5.8473	
2026-02-13 03:31:06,781 - my_experiment - advP_HybridComm_2M - my_run - INFO - t_env: 1800200 / 2050000
2026-02-13 03:31:06,782 - my_experiment - advP_HybridComm_2M - my_run - INFO - Estimated time left: 1 hours, 14 minutes, 57 seconds. Time passed: 9 hours, 10 minutes, 17 seconds
2026-02-13 03:34:35,883 - my_experiment - advP_HybridComm_2M - my_run - INFO - Saving models to work_dirs/my_experiment/advP_HybridComm_2M/my_run/20260212_182016/models/1800200
2026-02-13 03:45:58,009 - my_experiment - advP_HybridComm_2M - my_run - INFO - Recent Stats | t_env:    1850000 | Episode:     9250
ep_length_mean:          200.0000	episode_length_mean:     199.0000	epsilon:                   0.0500	grad_norm:               221.1599
info_nce_loss:             0.3737	loss:                      2.3414	q_loss:                    2.1285	return_mean:             141.9850
return_std:                3.9559	test_ep_length_mean:     200.0000	test_episode_length_mean:199.0000	test_return_mean:        149.8455
test_return_std:           5.8481	
2026-02-13 03:46:00,770 - my_experiment - advP_HybridComm_2M - my_run - INFO - t_env: 1850200 / 2050000
2026-02-13 03:46:00,771 - my_experiment - advP_HybridComm_2M - my_run - INFO - Estimated time left: 59 minutes, 32 seconds. Time passed: 9 hours, 25 minutes, 11 seconds
2026-02-13 04:00:42,577 - my_experiment - advP_HybridComm_2M - my_run - INFO - Recent Stats | t_env:    1900000 | Episode:     9500
ep_length_mean:          200.0000	episode_length_mean:     199.0000	epsilon:                   0.0500	grad_norm:               253.3603
info_nce_loss:             0.4610	loss:                      2.3418	q_loss:                    2.1289	return_mean:             142.0016
return_std:                4.1109	test_ep_length_mean:     200.0000	test_episode_length_mean:199.0000	test_return_mean:        149.9302
test_return_std:           5.6810	
2026-02-13 04:00:45,350 - my_experiment - advP_HybridComm_2M - my_run - INFO - t_env: 1900200 / 2050000
2026-02-13 04:00:45,351 - my_experiment - advP_HybridComm_2M - my_run - INFO - Estimated time left: 44 minutes, 10 seconds. Time passed: 9 hours, 39 minutes, 56 seconds
2026-02-13 04:15:29,538 - my_experiment - advP_HybridComm_2M - my_run - INFO - Recent Stats | t_env:    1950000 | Episode:     9750
ep_length_mean:          200.0000	episode_length_mean:     199.0000	epsilon:                   0.0500	grad_norm:               260.7151
info_nce_loss:             0.3059	loss:                      2.2706	q_loss:                    2.0642	return_mean:             142.0241
return_std:                4.1530	test_ep_length_mean:     200.0000	test_episode_length_mean:199.0000	test_return_mean:        150.2231
test_return_std:           5.5267	
2026-02-13 04:15:32,263 - my_experiment - advP_HybridComm_2M - my_run - INFO - t_env: 1950200 / 2050000
2026-02-13 04:15:32,264 - my_experiment - advP_HybridComm_2M - my_run - INFO - Estimated time left: 29 minutes, 30 seconds. Time passed: 9 hours, 54 minutes, 43 seconds
2026-02-13 04:30:17,254 - my_experiment - advP_HybridComm_2M - my_run - INFO - Recent Stats | t_env:    2000000 | Episode:    10000
ep_length_mean:          200.0000	episode_length_mean:     199.0000	epsilon:                   0.0500	grad_norm:               246.9219
info_nce_loss:             0.3529	loss:                      2.2973	q_loss:                    2.0884	return_mean:             142.5393
return_std:                3.5645	test_ep_length_mean:     200.0000	test_episode_length_mean:199.0000	test_return_mean:        150.7811
test_return_std:           5.5033	
2026-02-13 04:30:19,987 - my_experiment - advP_HybridComm_2M - my_run - INFO - t_env: 2000200 / 2050000
2026-02-13 04:30:19,988 - my_experiment - advP_HybridComm_2M - my_run - INFO - Estimated time left: 14 minutes, 44 seconds. Time passed: 10 hours, 9 minutes, 30 seconds
2026-02-13 04:33:46,352 - my_experiment - advP_HybridComm_2M - my_run - INFO - Saving models to work_dirs/my_experiment/advP_HybridComm_2M/my_run/20260212_182016/models/2000200
2026-02-13 04:45:04,613 - my_experiment - advP_HybridComm_2M - my_run - INFO - Recent Stats | t_env:    2050000 | Episode:    10250
ep_length_mean:          200.0000	episode_length_mean:     199.0000	epsilon:                   0.0500	grad_norm:               240.8244
info_nce_loss:             0.3545	loss:                      2.1966	q_loss:                    1.9969	return_mean:             142.2575
return_std:                4.1108	test_ep_length_mean:     200.0000	test_episode_length_mean:199.0000	test_return_mean:        150.9294
test_return_std:           5.4249	
2026-02-13 04:45:07,399 - my_experiment - advP_HybridComm_2M - my_run - INFO - t_env: 2050200 / 2050000
2026-02-13 04:45:07,401 - my_experiment - advP_HybridComm_2M - my_run - INFO - Estimated time left: -. Time passed: 10 hours, 24 minutes, 18 seconds
2026-02-13 04:48:33,760 - my_experiment - advP_HybridComm_2M - my_run - INFO - Finished Training
