Gym has been unmaintained since 2022 and does not support NumPy 2.0 amongst other critical functionality.
Please upgrade to Gymnasium, the maintained drop-in replacement of Gym, or contact the authors of your software and request that they upgrade.
Users of this version of Gym should be able to simply replace 'import gym' with 'import gymnasium as gym' in the vast majority of cases.
See the migration guide at https://gymnasium.farama.org/introduction/migration_guide/ for additional information.
src/main.py:81: DeprecationWarning: Using or importing the ABCs from 'collections' instead of from 'collections.abc' is deprecated since Python 3.3, and in 3.10 it will stop working
  if isinstance(v, collections.Mapping):
wandb: [wandb.login()] Loaded credentials for https://api.wandb.ai from /home/pparsons/.netrc.
wandb: Currently logged in as: peterparsons02 (peterparsons02-eth-z-rich) to https://api.wandb.ai. Use `wandb login --relogin` to force relogin
wandb: setting up run v2c8vj75
wandb: Tracking run with wandb version 0.24.1
wandb: Run data is saved locally in /usr/itetnas04/data-scratch-01/pparsons/data/MyExpoComm/wandb/run-20260210_171359-v2c8vj75
wandb: Run `wandb offline` to turn off syncing.
wandb: Syncing run my_run-advP_IQL_2M-20260210_171358
wandb: ⭐️ View project at https://wandb.ai/peterparsons02-eth-z-rich/my_experiment
wandb: 🚀 View run at https://wandb.ai/peterparsons02-eth-z-rich/my_experiment/runs/v2c8vj75
2026-02-10 17:14:00,515 - my_experiment - advP_IQL_2M - my_run - INFO - Current directory: /usr/itetnas04/data-scratch-01/pparsons/data/MyExpoComm.
2026-02-10 17:14:00,516 - my_experiment - advP_IQL_2M - my_run - INFO - Experiment Parameters:
2026-02-10 17:14:00,517 - my_experiment - advP_IQL_2M - my_run - INFO - 

{   'action_selector': 'epsilon_greedy',
    'add_value_last_step': True,
    'agent': 'rnn',
    'agent_output_type': 'q',
    'batch_size': 32,
    'batch_size_run': 1,
    'buffer_cpu_only': True,
    'buffer_size': 5000,
    'checkpoint_path': '',
    'double_q': True,
    'env': 'MAgent_AdvPursuit',
    'env_args': {   'global_reward': False,
                    'map_name': 'adversarial_pursuit_view8',
                    'map_size': 45,
                    'max_cycles': 200,
                    'minimap_mode': True,
                    'pretrained_ckpt': 'prey_params.pt',
                    'seed': 42},
    'epsilon_anneal_time': 500000,
    'epsilon_finish': 0.05,
    'epsilon_start': 1.0,
    'evaluate': False,
    'evaluation_epsilon': 0.0,
    'exp_name': 'my_experiment',
    'gamma': 0.99,
    'global_reward': True,
    'grad_norm_clip': 10,
    'hidden_dim': 64,
    'hypergroup': None,
    'label': 'default_label',
    'learner': 'q_learner',
    'learner_log_interval': 10000,
    'load_step': 0,
    'local_results_path': 'results',
    'log_interval': 50000,
    'lr': 0.0005,
    'mac': 'basic_mac',
    'mixer': None,
    'name': 'advP_IQL_2M',
    'obs_agent_id': True,
    'obs_individual_obs': False,
    'obs_last_action': False,
    'optim_alpha': 0.99,
    'optim_eps': 1e-05,
    'render': False,
    'repeat_id': 1,
    'run_name': 'my_run',
    'runner': 'episode',
    'runner_log_interval': 10000,
    'save_model': True,
    'save_model_interval': 50000,
    'save_replay': False,
    'seed': 42,
    'standardise_returns': False,
    'standardise_rewards': True,
    't_max': 2050000,
    'target_update_interval_or_tau': 200,
    'test_greedy': True,
    'test_interval': 50000,
    'test_nepisode': 100,
    'use_cuda': True,
    'use_rnn': False,
    'use_tensorboard': True,
    'work_dir': 'work_dirs/my_experiment/advP_IQL_2M/my_run/20260210_171358'}

/usr/itetnas04/data-scratch-01/pparsons/data/conda_envs/ExpoComm/lib/python3.8/site-packages/pettingzoo/utils/conversions.py:41: UserWarning: The `from_parallel` function is deprecated. Use the `parallel_to_aec` function instead.
  warnings.warn("The `from_parallel` function is deprecated. Use the `parallel_to_aec` function instead.")
/usr/itetnas04/data-scratch-01/pparsons/data/conda_envs/ExpoComm/lib/python3.8/site-packages/pettingzoo/utils/wrappers/base.py:44: UserWarning: The `observation_spaces` dictionary is deprecated. Use the `observation_space` function instead.
  warnings.warn("The `observation_spaces` dictionary is deprecated. Use the `observation_space` function instead.")
/usr/itetnas04/data-scratch-01/pparsons/data/conda_envs/ExpoComm/lib/python3.8/site-packages/pettingzoo/utils/conversions.py:36: UserWarning: The `to_parallel` function is deprecated. Use the `aec_to_parallel` function instead.
  warnings.warn("The `to_parallel` function is deprecated. Use the `aec_to_parallel` function instead.")
/usr/itetnas04/data-scratch-01/pparsons/data/conda_envs/ExpoComm/lib/python3.8/site-packages/pettingzoo/utils/conversions.py:80: UserWarning: The `action_spaces` dictionary is deprecated. Use the `action_space` function instead.
  warnings.warn("The `action_spaces` dictionary is deprecated. Use the `action_space` function instead.")
/usr/itetnas04/data-scratch-01/pparsons/data/conda_envs/ExpoComm/lib/python3.8/site-packages/pettingzoo/utils/wrappers/base.py:52: UserWarning: The `action_spaces` dictionary is deprecated. Use the `action_space` function instead.
  warnings.warn("The `action_spaces` dictionary is deprecated. Use the `action_space` function instead.")
/usr/itetnas04/data-scratch-01/pparsons/data/conda_envs/ExpoComm/lib/python3.8/site-packages/pettingzoo/utils/conversions.py:72: UserWarning: The `observation_spaces` dictionary is deprecated. Use the `observation_space` function instead.
  warnings.warn("The `observation_spaces` dictionary is deprecated. Use the `observation_space` function instead.")
2026-02-10 17:14:08,455 - my_experiment - advP_IQL_2M - my_run - INFO - Beginning training for 2050000 timesteps
/usr/itetnas04/data-scratch-01/pparsons/data/MyExpoComm/src/envs/adv_pursuit_wrappers.py:240: UserWarning: To copy construct from a tensor, it is recommended to use sourceTensor.clone().detach() or sourceTensor.clone().detach().requires_grad_(True), rather than torch.tensor(sourceTensor).
  actions = th.tensor(actions, dtype=th.long)
2026-02-10 17:14:11,711 - my_experiment - advP_IQL_2M - my_run - INFO - t_env: 200 / 2050000
2026-02-10 17:14:11,711 - my_experiment - advP_IQL_2M - my_run - INFO - Estimated time left: 2 minutes, 12 seconds. Time passed: 3 seconds
2026-02-10 17:17:20,477 - my_experiment - advP_IQL_2M - my_run - INFO - Saving models to work_dirs/my_experiment/advP_IQL_2M/my_run/20260210_171358/models/200
2026-02-10 17:26:06,247 - my_experiment - advP_IQL_2M - my_run - INFO - Recent Stats | t_env:      50000 | Episode:      250
ep_length_mean:          200.0000	episode_length_mean:     199.0000	epsilon:                   0.9240	grad_norm:                 0.6553
loss:                      0.8551	q_taken_mean:              0.0002	return_mean:             -20.9036	return_std:                0.7594
target_mean:               0.0088	td_error_abs:              0.4666	test_ep_length_mean:     200.0000	test_episode_length_mean:199.0000
test_return_mean:        -16.7794	test_return_std:          11.7332	
2026-02-10 17:26:08,413 - my_experiment - advP_IQL_2M - my_run - INFO - t_env: 50200 / 2050000
2026-02-10 17:26:08,414 - my_experiment - advP_IQL_2M - my_run - INFO - Estimated time left: 7 hours, 57 minutes, 45 seconds. Time passed: 11 minutes, 59 seconds
2026-02-10 17:29:20,486 - my_experiment - advP_IQL_2M - my_run - INFO - Saving models to work_dirs/my_experiment/advP_IQL_2M/my_run/20260210_171358/models/50200
2026-02-10 17:38:15,483 - my_experiment - advP_IQL_2M - my_run - INFO - Recent Stats | t_env:     100000 | Episode:      500
ep_length_mean:          200.0000	episode_length_mean:     199.0000	epsilon:                   0.8290	grad_norm:                 2.0907
loss:                      1.4818	q_taken_mean:              0.0475	return_mean:             -12.8950	return_std:                1.9469
target_mean:               0.0589	td_error_abs:              0.6462	test_ep_length_mean:     200.0000	test_episode_length_mean:199.0000
test_return_mean:         18.6183	test_return_std:          12.0218	
2026-02-10 17:38:17,632 - my_experiment - advP_IQL_2M - my_run - INFO - t_env: 100200 / 2050000
2026-02-10 17:38:17,632 - my_experiment - advP_IQL_2M - my_run - INFO - Estimated time left: 7 hours, 53 minutes, 56 seconds. Time passed: 24 minutes, 9 seconds
2026-02-10 17:41:29,645 - my_experiment - advP_IQL_2M - my_run - INFO - Saving models to work_dirs/my_experiment/advP_IQL_2M/my_run/20260210_171358/models/100200
2026-02-10 17:50:22,549 - my_experiment - advP_IQL_2M - my_run - INFO - Recent Stats | t_env:     150000 | Episode:      750
ep_length_mean:          200.0000	episode_length_mean:     199.0000	epsilon:                   0.7340	grad_norm:                 5.1111
loss:                      2.7496	q_taken_mean:              0.1372	return_mean:               0.5693	return_std:                2.8148
target_mean:               0.1533	td_error_abs:              1.0107	test_ep_length_mean:     200.0000	test_episode_length_mean:199.0000
test_return_mean:         46.2025	test_return_std:          12.3030	
2026-02-10 17:50:24,691 - my_experiment - advP_IQL_2M - my_run - INFO - t_env: 150200 / 2050000
2026-02-10 17:50:24,692 - my_experiment - advP_IQL_2M - my_run - INFO - Estimated time left: 7 hours, 40 minutes, 25 seconds. Time passed: 36 minutes, 16 seconds
2026-02-10 17:53:36,066 - my_experiment - advP_IQL_2M - my_run - INFO - Saving models to work_dirs/my_experiment/advP_IQL_2M/my_run/20260210_171358/models/150200
2026-02-10 18:02:27,521 - my_experiment - advP_IQL_2M - my_run - INFO - Recent Stats | t_env:     200000 | Episode:     1000
ep_length_mean:          200.0000	episode_length_mean:     199.0000	epsilon:                   0.6390	grad_norm:                 7.6202
loss:                      3.8232	q_taken_mean:              0.2616	return_mean:              13.6118	return_std:                3.9162
target_mean:               0.2795	td_error_abs:              1.2422	test_ep_length_mean:     200.0000	test_episode_length_mean:199.0000
test_return_mean:         62.2462	test_return_std:          12.5332	
2026-02-10 18:02:29,673 - my_experiment - advP_IQL_2M - my_run - INFO - t_env: 200200 / 2050000
2026-02-10 18:02:29,674 - my_experiment - advP_IQL_2M - my_run - INFO - Estimated time left: 7 hours, 27 minutes, 1 seconds. Time passed: 48 minutes, 21 seconds
2026-02-10 18:05:41,541 - my_experiment - advP_IQL_2M - my_run - INFO - Saving models to work_dirs/my_experiment/advP_IQL_2M/my_run/20260210_171358/models/200200
2026-02-10 18:14:33,566 - my_experiment - advP_IQL_2M - my_run - INFO - Recent Stats | t_env:     250000 | Episode:     1250
ep_length_mean:          200.0000	episode_length_mean:     199.0000	epsilon:                   0.5440	grad_norm:                22.9404
loss:                      6.4255	q_taken_mean:              0.4016	return_mean:              27.7848	return_std:                5.2405
target_mean:               0.4405	td_error_abs:              1.7012	test_ep_length_mean:     200.0000	test_episode_length_mean:199.0000
test_return_mean:         72.6956	test_return_std:          12.7327	
2026-02-10 18:14:35,718 - my_experiment - advP_IQL_2M - my_run - INFO - t_env: 250200 / 2050000
2026-02-10 18:14:35,718 - my_experiment - advP_IQL_2M - my_run - INFO - Estimated time left: 7 hours, 15 minutes, 34 seconds. Time passed: 1 hours, 27 seconds
2026-02-10 18:17:47,093 - my_experiment - advP_IQL_2M - my_run - INFO - Saving models to work_dirs/my_experiment/advP_IQL_2M/my_run/20260210_171358/models/250200
2026-02-10 18:26:39,546 - my_experiment - advP_IQL_2M - my_run - INFO - Recent Stats | t_env:     300000 | Episode:     1500
ep_length_mean:          200.0000	episode_length_mean:     199.0000	epsilon:                   0.4490	grad_norm:                14.0045
loss:                      5.2777	q_taken_mean:              0.5548	return_mean:              45.7739	return_std:                5.6814
target_mean:               0.5732	td_error_abs:              1.4016	test_ep_length_mean:     200.0000	test_episode_length_mean:199.0000
test_return_mean:         99.5281	test_return_std:          13.1741	
2026-02-10 18:26:41,692 - my_experiment - advP_IQL_2M - my_run - INFO - t_env: 300200 / 2050000
2026-02-10 18:26:41,693 - my_experiment - advP_IQL_2M - my_run - INFO - Estimated time left: 7 hours, 3 minutes, 26 seconds. Time passed: 1 hours, 12 minutes, 33 seconds
2026-02-10 18:29:52,847 - my_experiment - advP_IQL_2M - my_run - INFO - Saving models to work_dirs/my_experiment/advP_IQL_2M/my_run/20260210_171358/models/300200
2026-02-10 18:38:44,574 - my_experiment - advP_IQL_2M - my_run - INFO - Recent Stats | t_env:     350000 | Episode:     1750
ep_length_mean:          200.0000	episode_length_mean:     199.0000	epsilon:                   0.3540	grad_norm:                14.7581
loss:                      5.7579	q_taken_mean:              0.6823	return_mean:              64.1895	return_std:                6.3285
target_mean:               0.7009	td_error_abs:              1.3841	test_ep_length_mean:     200.0000	test_episode_length_mean:199.0000
test_return_mean:        112.7751	test_return_std:          13.7754	
2026-02-10 18:38:46,721 - my_experiment - advP_IQL_2M - my_run - INFO - t_env: 350200 / 2050000
2026-02-10 18:38:46,721 - my_experiment - advP_IQL_2M - my_run - INFO - Estimated time left: 6 hours, 50 minutes, 48 seconds. Time passed: 1 hours, 24 minutes, 38 seconds
2026-02-10 18:41:58,053 - my_experiment - advP_IQL_2M - my_run - INFO - Saving models to work_dirs/my_experiment/advP_IQL_2M/my_run/20260210_171358/models/350200
2026-02-10 18:50:49,504 - my_experiment - advP_IQL_2M - my_run - INFO - Recent Stats | t_env:     400000 | Episode:     2000
ep_length_mean:          200.0000	episode_length_mean:     199.0000	epsilon:                   0.2590	grad_norm:                15.2967
loss:                      6.2465	q_taken_mean:              0.8105	return_mean:              81.4043	return_std:                7.1250
target_mean:               0.8270	td_error_abs:              1.3671	test_ep_length_mean:     200.0000	test_episode_length_mean:199.0000
test_return_mean:        117.0040	test_return_std:          14.1027	
2026-02-10 18:50:51,648 - my_experiment - advP_IQL_2M - my_run - INFO - t_env: 400200 / 2050000
2026-02-10 18:50:51,649 - my_experiment - advP_IQL_2M - my_run - INFO - Estimated time left: 6 hours, 38 minutes, 39 seconds. Time passed: 1 hours, 36 minutes, 43 seconds
2026-02-10 18:54:02,674 - my_experiment - advP_IQL_2M - my_run - INFO - Saving models to work_dirs/my_experiment/advP_IQL_2M/my_run/20260210_171358/models/400200
2026-02-10 19:02:54,331 - my_experiment - advP_IQL_2M - my_run - INFO - Recent Stats | t_env:     450000 | Episode:     2250
ep_length_mean:          200.0000	episode_length_mean:     199.0000	epsilon:                   0.1640	grad_norm:                27.2623
loss:                      7.4843	q_taken_mean:              0.9512	return_mean:              98.9173	return_std:                7.3875
target_mean:               0.9806	td_error_abs:              1.5317	test_ep_length_mean:     200.0000	test_episode_length_mean:199.0000
test_return_mean:        119.8311	test_return_std:          13.4919	
2026-02-10 19:02:56,469 - my_experiment - advP_IQL_2M - my_run - INFO - t_env: 450200 / 2050000
2026-02-10 19:02:56,469 - my_experiment - advP_IQL_2M - my_run - INFO - Estimated time left: 6 hours, 26 minutes, 31 seconds. Time passed: 1 hours, 48 minutes, 48 seconds
2026-02-10 19:06:07,787 - my_experiment - advP_IQL_2M - my_run - INFO - Saving models to work_dirs/my_experiment/advP_IQL_2M/my_run/20260210_171358/models/450200
2026-02-10 19:14:59,918 - my_experiment - advP_IQL_2M - my_run - INFO - Recent Stats | t_env:     500000 | Episode:     2500
ep_length_mean:          200.0000	episode_length_mean:     199.0000	epsilon:                   0.0690	grad_norm:                14.0507
loss:                      7.1503	q_taken_mean:              1.0601	return_mean:             114.7390	return_std:                9.1749
target_mean:               1.0722	td_error_abs:              1.2635	test_ep_length_mean:     200.0000	test_episode_length_mean:199.0000
test_return_mean:        122.6530	test_return_std:          13.3158	
2026-02-10 19:15:02,072 - my_experiment - advP_IQL_2M - my_run - INFO - t_env: 500200 / 2050000
2026-02-10 19:15:02,072 - my_experiment - advP_IQL_2M - my_run - INFO - Estimated time left: 6 hours, 14 minutes, 50 seconds. Time passed: 2 hours, 53 seconds
2026-02-10 19:18:13,645 - my_experiment - advP_IQL_2M - my_run - INFO - Saving models to work_dirs/my_experiment/advP_IQL_2M/my_run/20260210_171358/models/500200
2026-02-10 19:27:05,477 - my_experiment - advP_IQL_2M - my_run - INFO - Recent Stats | t_env:     550000 | Episode:     2750
ep_length_mean:          200.0000	episode_length_mean:     199.0000	epsilon:                   0.0500	grad_norm:                13.7424
loss:                      7.6968	q_taken_mean:              1.1524	return_mean:             124.9557	return_std:               10.0074
target_mean:               1.1639	td_error_abs:              1.2234	test_ep_length_mean:     200.0000	test_episode_length_mean:199.0000
test_return_mean:        125.2438	test_return_std:          13.1233	
2026-02-10 19:27:07,631 - my_experiment - advP_IQL_2M - my_run - INFO - t_env: 550200 / 2050000
2026-02-10 19:27:07,632 - my_experiment - advP_IQL_2M - my_run - INFO - Estimated time left: 6 hours, 2 minutes, 43 seconds. Time passed: 2 hours, 12 minutes, 59 seconds
2026-02-10 19:30:18,243 - my_experiment - advP_IQL_2M - my_run - INFO - Saving models to work_dirs/my_experiment/advP_IQL_2M/my_run/20260210_171358/models/550200
2026-02-10 19:39:10,713 - my_experiment - advP_IQL_2M - my_run - INFO - Recent Stats | t_env:     600000 | Episode:     3000
ep_length_mean:          200.0000	episode_length_mean:     199.0000	epsilon:                   0.0500	grad_norm:                13.8886
loss:                      8.1980	q_taken_mean:              1.2507	return_mean:             127.8467	return_std:                9.1301
target_mean:               1.2608	td_error_abs:              1.1860	test_ep_length_mean:     200.0000	test_episode_length_mean:199.0000
test_return_mean:        127.7753	test_return_std:          12.4227	
2026-02-10 19:39:12,855 - my_experiment - advP_IQL_2M - my_run - INFO - t_env: 600200 / 2050000
2026-02-10 19:39:12,856 - my_experiment - advP_IQL_2M - my_run - INFO - Estimated time left: 5 hours, 50 minutes, 28 seconds. Time passed: 2 hours, 25 minutes, 4 seconds
2026-02-10 19:42:24,097 - my_experiment - advP_IQL_2M - my_run - INFO - Saving models to work_dirs/my_experiment/advP_IQL_2M/my_run/20260210_171358/models/600200
2026-02-10 19:51:15,853 - my_experiment - advP_IQL_2M - my_run - INFO - Recent Stats | t_env:     650000 | Episode:     3250
ep_length_mean:          200.0000	episode_length_mean:     199.0000	epsilon:                   0.0500	grad_norm:                22.7332
loss:                      9.0962	q_taken_mean:              1.3015	return_mean:             128.4032	return_std:                9.2401
target_mean:               1.3207	td_error_abs:              1.3303	test_ep_length_mean:     200.0000	test_episode_length_mean:199.0000
test_return_mean:        130.0072	test_return_std:          11.9029	
2026-02-10 19:51:17,992 - my_experiment - advP_IQL_2M - my_run - INFO - t_env: 650200 / 2050000
2026-02-10 19:51:17,992 - my_experiment - advP_IQL_2M - my_run - INFO - Estimated time left: 5 hours, 38 minutes, 20 seconds. Time passed: 2 hours, 37 minutes, 9 seconds
2026-02-10 19:54:28,996 - my_experiment - advP_IQL_2M - my_run - INFO - Saving models to work_dirs/my_experiment/advP_IQL_2M/my_run/20260210_171358/models/650200
2026-02-10 20:03:20,839 - my_experiment - advP_IQL_2M - my_run - INFO - Recent Stats | t_env:     700000 | Episode:     3500
ep_length_mean:          200.0000	episode_length_mean:     199.0000	epsilon:                   0.0500	grad_norm:                12.0809
loss:                      9.1802	q_taken_mean:              1.3542	return_mean:             130.3596	return_std:                9.5863
target_mean:               1.3643	td_error_abs:              1.1827	test_ep_length_mean:     200.0000	test_episode_length_mean:199.0000
test_return_mean:        131.8513	test_return_std:          11.9807	
2026-02-10 20:03:22,997 - my_experiment - advP_IQL_2M - my_run - INFO - t_env: 700200 / 2050000
2026-02-10 20:03:22,998 - my_experiment - advP_IQL_2M - my_run - INFO - Estimated time left: 5 hours, 26 minutes, 12 seconds. Time passed: 2 hours, 49 minutes, 14 seconds
2026-02-10 20:06:34,374 - my_experiment - advP_IQL_2M - my_run - INFO - Saving models to work_dirs/my_experiment/advP_IQL_2M/my_run/20260210_171358/models/700200
2026-02-10 20:15:26,187 - my_experiment - advP_IQL_2M - my_run - INFO - Recent Stats | t_env:     750000 | Episode:     3750
ep_length_mean:          200.0000	episode_length_mean:     199.0000	epsilon:                   0.0500	grad_norm:                11.8379
loss:                      9.7293	q_taken_mean:              1.4155	return_mean:             131.2006	return_std:                8.1902
target_mean:               1.4250	td_error_abs:              1.1779	test_ep_length_mean:     200.0000	test_episode_length_mean:199.0000
test_return_mean:        133.2588	test_return_std:          11.7238	
2026-02-10 20:15:28,332 - my_experiment - advP_IQL_2M - my_run - INFO - t_env: 750200 / 2050000
2026-02-10 20:15:28,333 - my_experiment - advP_IQL_2M - my_run - INFO - Estimated time left: 5 hours, 14 minutes, 15 seconds. Time passed: 3 hours, 1 minutes, 19 seconds
2026-02-10 20:18:38,938 - my_experiment - advP_IQL_2M - my_run - INFO - Saving models to work_dirs/my_experiment/advP_IQL_2M/my_run/20260210_171358/models/750200
2026-02-10 20:27:22,345 - my_experiment - advP_IQL_2M - my_run - INFO - Recent Stats | t_env:     800000 | Episode:     4000
ep_length_mean:          200.0000	episode_length_mean:     199.0000	epsilon:                   0.0500	grad_norm:                11.5083
loss:                     10.2576	q_taken_mean:              1.4918	return_mean:             132.4596	return_std:                8.6366
target_mean:               1.4995	td_error_abs:              1.1253	test_ep_length_mean:     200.0000	test_episode_length_mean:199.0000
test_return_mean:        134.8343	test_return_std:          10.9852	
2026-02-10 20:27:24,450 - my_experiment - advP_IQL_2M - my_run - INFO - t_env: 800200 / 2050000
2026-02-10 20:27:24,451 - my_experiment - advP_IQL_2M - my_run - INFO - Estimated time left: 4 hours, 58 minutes, 20 seconds. Time passed: 3 hours, 13 minutes, 15 seconds
2026-02-10 20:30:32,344 - my_experiment - advP_IQL_2M - my_run - INFO - Saving models to work_dirs/my_experiment/advP_IQL_2M/my_run/20260210_171358/models/800200
2026-02-10 20:39:16,111 - my_experiment - advP_IQL_2M - my_run - INFO - Recent Stats | t_env:     850000 | Episode:     4250
ep_length_mean:          200.0000	episode_length_mean:     199.0000	epsilon:                   0.0500	grad_norm:                18.1430
loss:                     10.8256	q_taken_mean:              1.5375	return_mean:             133.8116	return_std:                7.6143
target_mean:               1.5518	td_error_abs:              1.2348	test_ep_length_mean:     200.0000	test_episode_length_mean:199.0000
test_return_mean:        135.6279	test_return_std:          10.8061	
2026-02-10 20:39:18,242 - my_experiment - advP_IQL_2M - my_run - INFO - t_env: 850200 / 2050000
2026-02-10 20:39:18,242 - my_experiment - advP_IQL_2M - my_run - INFO - Estimated time left: 4 hours, 45 minutes, 28 seconds. Time passed: 3 hours, 25 minutes, 9 seconds
2026-02-10 20:42:26,400 - my_experiment - advP_IQL_2M - my_run - INFO - Saving models to work_dirs/my_experiment/advP_IQL_2M/my_run/20260210_171358/models/850200
2026-02-10 20:51:06,751 - my_experiment - advP_IQL_2M - my_run - INFO - Recent Stats | t_env:     900000 | Episode:     4500
ep_length_mean:          200.0000	episode_length_mean:     199.0000	epsilon:                   0.0500	grad_norm:                 9.9465
loss:                     11.0736	q_taken_mean:              1.5868	return_mean:             132.6166	return_std:                8.0323
target_mean:               1.5931	td_error_abs:              1.1185	test_ep_length_mean:     200.0000	test_episode_length_mean:199.0000
test_return_mean:        136.7964	test_return_std:          10.4368	
2026-02-10 20:51:08,859 - my_experiment - advP_IQL_2M - my_run - INFO - t_env: 900200 / 2050000
2026-02-10 20:51:08,859 - my_experiment - advP_IQL_2M - my_run - INFO - Estimated time left: 4 hours, 32 minutes, 21 seconds. Time passed: 3 hours, 37 minutes, 0 seconds
2026-02-10 20:54:18,133 - my_experiment - advP_IQL_2M - my_run - INFO - Saving models to work_dirs/my_experiment/advP_IQL_2M/my_run/20260210_171358/models/900200
2026-02-10 21:03:12,899 - my_experiment - advP_IQL_2M - my_run - INFO - Recent Stats | t_env:     950000 | Episode:     4750
ep_length_mean:          200.0000	episode_length_mean:     199.0000	epsilon:                   0.0500	grad_norm:                 9.8896
loss:                     11.3729	q_taken_mean:              1.6496	return_mean:             133.0019	return_std:                7.5663
target_mean:               1.6559	td_error_abs:              1.0549	test_ep_length_mean:     200.0000	test_episode_length_mean:199.0000
test_return_mean:        138.0373	test_return_std:          10.5811	
2026-02-10 21:03:15,047 - my_experiment - advP_IQL_2M - my_run - INFO - t_env: 950200 / 2050000
2026-02-10 21:03:15,047 - my_experiment - advP_IQL_2M - my_run - INFO - Estimated time left: 4 hours, 26 minutes, 13 seconds. Time passed: 3 hours, 49 minutes, 6 seconds
2026-02-10 21:06:27,631 - my_experiment - advP_IQL_2M - my_run - INFO - Saving models to work_dirs/my_experiment/advP_IQL_2M/my_run/20260210_171358/models/950200
2026-02-10 21:15:22,726 - my_experiment - advP_IQL_2M - my_run - INFO - Recent Stats | t_env:    1000000 | Episode:     5000
ep_length_mean:          200.0000	episode_length_mean:     199.0000	epsilon:                   0.0500	grad_norm:                 9.1289
loss:                     11.9236	q_taken_mean:              1.6796	return_mean:             133.8079	return_std:                7.7199
target_mean:               1.6845	td_error_abs:              1.0695	test_ep_length_mean:     200.0000	test_episode_length_mean:199.0000
test_return_mean:        138.8386	test_return_std:          10.5572	
2026-02-10 21:15:24,934 - my_experiment - advP_IQL_2M - my_run - INFO - t_env: 1000200 / 2050000
2026-02-10 21:15:24,934 - my_experiment - advP_IQL_2M - my_run - INFO - Estimated time left: 4 hours, 15 minutes, 24 seconds. Time passed: 4 hours, 1 minutes, 16 seconds
2026-02-10 21:18:37,449 - my_experiment - advP_IQL_2M - my_run - INFO - Saving models to work_dirs/my_experiment/advP_IQL_2M/my_run/20260210_171358/models/1000200
2026-02-10 21:27:32,680 - my_experiment - advP_IQL_2M - my_run - INFO - Recent Stats | t_env:    1050000 | Episode:     5250
ep_length_mean:          200.0000	episode_length_mean:     199.0000	epsilon:                   0.0500	grad_norm:                14.7628
loss:                     12.4479	q_taken_mean:              1.7234	return_mean:             133.9480	return_std:                7.9904
target_mean:               1.7332	td_error_abs:              1.1364	test_ep_length_mean:     200.0000	test_episode_length_mean:199.0000
test_return_mean:        138.7208	test_return_std:          10.7796	
2026-02-10 21:27:34,890 - my_experiment - advP_IQL_2M - my_run - INFO - t_env: 1050200 / 2050000
2026-02-10 21:27:34,890 - my_experiment - advP_IQL_2M - my_run - INFO - Estimated time left: 4 hours, 3 minutes, 16 seconds. Time passed: 4 hours, 13 minutes, 26 seconds
2026-02-10 21:30:46,431 - my_experiment - advP_IQL_2M - my_run - INFO - Saving models to work_dirs/my_experiment/advP_IQL_2M/my_run/20260210_171358/models/1050200
2026-02-10 21:39:41,279 - my_experiment - advP_IQL_2M - my_run - INFO - Recent Stats | t_env:    1100000 | Episode:     5500
ep_length_mean:          200.0000	episode_length_mean:     199.0000	epsilon:                   0.0500	grad_norm:                 8.6767
loss:                     12.7468	q_taken_mean:              1.7717	return_mean:             134.3948	return_std:                7.4811
target_mean:               1.7768	td_error_abs:              1.0498	test_ep_length_mean:     200.0000	test_episode_length_mean:199.0000
test_return_mean:        139.4098	test_return_std:          10.4773	
2026-02-10 21:39:43,424 - my_experiment - advP_IQL_2M - my_run - INFO - t_env: 1100200 / 2050000
2026-02-10 21:39:43,425 - my_experiment - advP_IQL_2M - my_run - INFO - Estimated time left: 3 hours, 50 minutes, 39 seconds. Time passed: 4 hours, 25 minutes, 34 seconds
2026-02-10 21:42:54,155 - my_experiment - advP_IQL_2M - my_run - INFO - Saving models to work_dirs/my_experiment/advP_IQL_2M/my_run/20260210_171358/models/1100200
2026-02-10 21:51:50,061 - my_experiment - advP_IQL_2M - my_run - INFO - Recent Stats | t_env:    1150000 | Episode:     5750
ep_length_mean:          200.0000	episode_length_mean:     199.0000	epsilon:                   0.0500	grad_norm:                 8.1430
loss:                     12.9281	q_taken_mean:              1.8258	return_mean:             134.0595	return_std:                7.8074
target_mean:               1.8300	td_error_abs:              0.9696	test_ep_length_mean:     200.0000	test_episode_length_mean:199.0000
test_return_mean:        139.7296	test_return_std:          10.5808	
2026-02-10 21:51:52,205 - my_experiment - advP_IQL_2M - my_run - INFO - t_env: 1150200 / 2050000
2026-02-10 21:51:52,205 - my_experiment - advP_IQL_2M - my_run - INFO - Estimated time left: 3 hours, 38 minutes, 35 seconds. Time passed: 4 hours, 37 minutes, 43 seconds
2026-02-10 21:55:03,020 - my_experiment - advP_IQL_2M - my_run - INFO - Saving models to work_dirs/my_experiment/advP_IQL_2M/my_run/20260210_171358/models/1150200
2026-02-10 22:03:58,044 - my_experiment - advP_IQL_2M - my_run - INFO - Recent Stats | t_env:    1200000 | Episode:     6000
ep_length_mean:          200.0000	episode_length_mean:     199.0000	epsilon:                   0.0500	grad_norm:                 7.5552
loss:                     13.0488	q_taken_mean:              1.8790	return_mean:             134.2637	return_std:                7.3837
target_mean:               1.8829	td_error_abs:              0.9185	test_ep_length_mean:     200.0000	test_episode_length_mean:199.0000
test_return_mean:        140.0848	test_return_std:          10.0836	
2026-02-10 22:04:00,181 - my_experiment - advP_IQL_2M - my_run - INFO - t_env: 1200200 / 2050000
2026-02-10 22:04:00,182 - my_experiment - advP_IQL_2M - my_run - INFO - Estimated time left: 3 hours, 26 minutes, 12 seconds. Time passed: 4 hours, 49 minutes, 51 seconds
2026-02-10 22:07:10,972 - my_experiment - advP_IQL_2M - my_run - INFO - Saving models to work_dirs/my_experiment/advP_IQL_2M/my_run/20260210_171358/models/1200200
2026-02-10 22:16:05,734 - my_experiment - advP_IQL_2M - my_run - INFO - Recent Stats | t_env:    1250000 | Episode:     6250
ep_length_mean:          200.0000	episode_length_mean:     199.0000	epsilon:                   0.0500	grad_norm:                11.2503
loss:                     13.3243	q_taken_mean:              1.8996	return_mean:             134.0541	return_std:                7.8819
target_mean:               1.9073	td_error_abs:              0.9687	test_ep_length_mean:     200.0000	test_episode_length_mean:199.0000
test_return_mean:        140.1701	test_return_std:           9.9517	
2026-02-10 22:16:07,859 - my_experiment - advP_IQL_2M - my_run - INFO - t_env: 1250200 / 2050000
2026-02-10 22:16:07,860 - my_experiment - advP_IQL_2M - my_run - INFO - Estimated time left: 3 hours, 13 minutes, 59 seconds. Time passed: 5 hours, 1 minutes, 59 seconds
2026-02-10 22:19:18,226 - my_experiment - advP_IQL_2M - my_run - INFO - Saving models to work_dirs/my_experiment/advP_IQL_2M/my_run/20260210_171358/models/1250200
2026-02-10 22:28:12,335 - my_experiment - advP_IQL_2M - my_run - INFO - Recent Stats | t_env:    1300000 | Episode:     6500
ep_length_mean:          200.0000	episode_length_mean:     199.0000	epsilon:                   0.0500	grad_norm:                 6.1559
loss:                     13.4502	q_taken_mean:              1.9371	return_mean:             134.4531	return_std:                8.1901
target_mean:               1.9392	td_error_abs:              0.8521	test_ep_length_mean:     200.0000	test_episode_length_mean:199.0000
test_return_mean:        140.5529	test_return_std:           9.6339	
2026-02-10 22:28:14,481 - my_experiment - advP_IQL_2M - my_run - INFO - t_env: 1300200 / 2050000
2026-02-10 22:28:14,481 - my_experiment - advP_IQL_2M - my_run - INFO - Estimated time left: 3 hours, 1 minutes, 36 seconds. Time passed: 5 hours, 14 minutes, 6 seconds
2026-02-10 22:31:25,839 - my_experiment - advP_IQL_2M - my_run - INFO - Saving models to work_dirs/my_experiment/advP_IQL_2M/my_run/20260210_171358/models/1300200
2026-02-10 22:40:19,939 - my_experiment - advP_IQL_2M - my_run - INFO - Recent Stats | t_env:    1350000 | Episode:     6750
ep_length_mean:          200.0000	episode_length_mean:     199.0000	epsilon:                   0.0500	grad_norm:                 5.9199
loss:                     13.7574	q_taken_mean:              1.9707	return_mean:             133.6852	return_std:                8.0342
target_mean:               1.9735	td_error_abs:              0.8443	test_ep_length_mean:     200.0000	test_episode_length_mean:199.0000
test_return_mean:        140.4997	test_return_std:           9.7987	
2026-02-10 22:40:22,078 - my_experiment - advP_IQL_2M - my_run - INFO - t_env: 1350200 / 2050000
2026-02-10 22:40:22,079 - my_experiment - advP_IQL_2M - my_run - INFO - Estimated time left: 2 hours, 49 minutes, 43 seconds. Time passed: 5 hours, 26 minutes, 13 seconds
2026-02-10 22:43:34,173 - my_experiment - advP_IQL_2M - my_run - INFO - Saving models to work_dirs/my_experiment/advP_IQL_2M/my_run/20260210_171358/models/1350200
2026-02-10 22:52:29,281 - my_experiment - advP_IQL_2M - my_run - INFO - Recent Stats | t_env:    1400000 | Episode:     7000
ep_length_mean:          200.0000	episode_length_mean:     199.0000	epsilon:                   0.0500	grad_norm:                 6.3218
loss:                     13.9185	q_taken_mean:              1.9797	return_mean:             134.4060	return_std:                7.2544
target_mean:               1.9819	td_error_abs:              0.8512	test_ep_length_mean:     200.0000	test_episode_length_mean:199.0000
test_return_mean:        140.7055	test_return_std:           9.6706	
2026-02-10 22:52:31,424 - my_experiment - advP_IQL_2M - my_run - INFO - t_env: 1400200 / 2050000
2026-02-10 22:52:31,424 - my_experiment - advP_IQL_2M - my_run - INFO - Estimated time left: 2 hours, 37 minutes, 58 seconds. Time passed: 5 hours, 38 minutes, 22 seconds
2026-02-10 22:55:43,492 - my_experiment - advP_IQL_2M - my_run - INFO - Saving models to work_dirs/my_experiment/advP_IQL_2M/my_run/20260210_171358/models/1400200
2026-02-10 23:04:37,633 - my_experiment - advP_IQL_2M - my_run - INFO - Recent Stats | t_env:    1450000 | Episode:     7250
ep_length_mean:          200.0000	episode_length_mean:     199.0000	epsilon:                   0.0500	grad_norm:                 8.1188
loss:                     14.0951	q_taken_mean:              2.0008	return_mean:             134.7327	return_std:                7.6692
target_mean:               2.0042	td_error_abs:              0.8567	test_ep_length_mean:     200.0000	test_episode_length_mean:199.0000
test_return_mean:        140.7869	test_return_std:          10.1685	
2026-02-10 23:04:39,787 - my_experiment - advP_IQL_2M - my_run - INFO - t_env: 1450200 / 2050000
2026-02-10 23:04:39,788 - my_experiment - advP_IQL_2M - my_run - INFO - Estimated time left: 2 hours, 25 minutes, 37 seconds. Time passed: 5 hours, 50 minutes, 31 seconds
2026-02-10 23:07:52,557 - my_experiment - advP_IQL_2M - my_run - INFO - Saving models to work_dirs/my_experiment/advP_IQL_2M/my_run/20260210_171358/models/1450200
2026-02-10 23:16:45,058 - my_experiment - advP_IQL_2M - my_run - INFO - Recent Stats | t_env:    1500000 | Episode:     7500
ep_length_mean:          200.0000	episode_length_mean:     199.0000	epsilon:                   0.0500	grad_norm:                 5.1293
loss:                     14.2991	q_taken_mean:              2.0068	return_mean:             134.5378	return_std:                8.1619
target_mean:               2.0089	td_error_abs:              0.8380	test_ep_length_mean:     200.0000	test_episode_length_mean:199.0000
test_return_mean:        140.8081	test_return_std:          10.0488	
2026-02-10 23:16:47,203 - my_experiment - advP_IQL_2M - my_run - INFO - t_env: 1500200 / 2050000
2026-02-10 23:16:47,204 - my_experiment - advP_IQL_2M - my_run - INFO - Estimated time left: 2 hours, 13 minutes, 18 seconds. Time passed: 6 hours, 2 minutes, 38 seconds
2026-02-10 23:19:59,344 - my_experiment - advP_IQL_2M - my_run - INFO - Saving models to work_dirs/my_experiment/advP_IQL_2M/my_run/20260210_171358/models/1500200
2026-02-10 23:28:51,890 - my_experiment - advP_IQL_2M - my_run - INFO - Recent Stats | t_env:    1550000 | Episode:     7750
ep_length_mean:          200.0000	episode_length_mean:     199.0000	epsilon:                   0.0500	grad_norm:                 4.7196
loss:                     14.4219	q_taken_mean:              2.0214	return_mean:             135.4606	return_std:                8.1577
target_mean:               2.0224	td_error_abs:              0.8183	test_ep_length_mean:     200.0000	test_episode_length_mean:199.0000
test_return_mean:        140.8423	test_return_std:          10.2736	
2026-02-10 23:28:54,018 - my_experiment - advP_IQL_2M - my_run - INFO - t_env: 1550200 / 2050000
2026-02-10 23:28:54,019 - my_experiment - advP_IQL_2M - my_run - INFO - Estimated time left: 2 hours, 1 minutes, 5 seconds. Time passed: 6 hours, 14 minutes, 45 seconds
2026-02-10 23:32:07,176 - my_experiment - advP_IQL_2M - my_run - INFO - Saving models to work_dirs/my_experiment/advP_IQL_2M/my_run/20260210_171358/models/1550200
2026-02-10 23:41:00,443 - my_experiment - advP_IQL_2M - my_run - INFO - Recent Stats | t_env:    1600000 | Episode:     8000
ep_length_mean:          200.0000	episode_length_mean:     199.0000	epsilon:                   0.0500	grad_norm:                 4.5729
loss:                     14.5876	q_taken_mean:              2.0307	return_mean:             135.6150	return_std:                8.3887
target_mean:               2.0326	td_error_abs:              0.8206	test_ep_length_mean:     200.0000	test_episode_length_mean:199.0000
test_return_mean:        141.2722	test_return_std:          10.0212	
2026-02-10 23:41:02,598 - my_experiment - advP_IQL_2M - my_run - INFO - t_env: 1600200 / 2050000
2026-02-10 23:41:02,598 - my_experiment - advP_IQL_2M - my_run - INFO - Estimated time left: 1 hours, 49 minutes, 14 seconds. Time passed: 6 hours, 26 minutes, 54 seconds
2026-02-10 23:44:15,729 - my_experiment - advP_IQL_2M - my_run - INFO - Saving models to work_dirs/my_experiment/advP_IQL_2M/my_run/20260210_171358/models/1600200
2026-02-10 23:53:08,607 - my_experiment - advP_IQL_2M - my_run - INFO - Recent Stats | t_env:    1650000 | Episode:     8250
ep_length_mean:          200.0000	episode_length_mean:     199.0000	epsilon:                   0.0500	grad_norm:                 5.8223
loss:                     14.7413	q_taken_mean:              2.0329	return_mean:             135.2652	return_std:                7.6613
target_mean:               2.0348	td_error_abs:              0.8469	test_ep_length_mean:     200.0000	test_episode_length_mean:199.0000
test_return_mean:        141.1495	test_return_std:          10.2518	
2026-02-10 23:53:10,748 - my_experiment - advP_IQL_2M - my_run - INFO - t_env: 1650200 / 2050000
2026-02-10 23:53:10,749 - my_experiment - advP_IQL_2M - my_run - INFO - Estimated time left: 1 hours, 37 minutes, 2 seconds. Time passed: 6 hours, 39 minutes, 2 seconds
2026-02-10 23:56:23,444 - my_experiment - advP_IQL_2M - my_run - INFO - Saving models to work_dirs/my_experiment/advP_IQL_2M/my_run/20260210_171358/models/1650200
2026-02-11 00:05:17,398 - my_experiment - advP_IQL_2M - my_run - INFO - Recent Stats | t_env:    1700000 | Episode:     8500
ep_length_mean:          200.0000	episode_length_mean:     199.0000	epsilon:                   0.0500	grad_norm:                 3.9293
loss:                     14.8591	q_taken_mean:              2.0510	return_mean:             134.8561	return_std:                8.5213
target_mean:               2.0518	td_error_abs:              0.8114	test_ep_length_mean:     200.0000	test_episode_length_mean:199.0000
test_return_mean:        141.4127	test_return_std:           9.8166	
2026-02-11 00:05:19,580 - my_experiment - advP_IQL_2M - my_run - INFO - t_env: 1700200 / 2050000
2026-02-11 00:05:19,581 - my_experiment - advP_IQL_2M - my_run - INFO - Estimated time left: 1 hours, 24 minutes, 58 seconds. Time passed: 6 hours, 51 minutes, 11 seconds
2026-02-11 00:08:32,634 - my_experiment - advP_IQL_2M - my_run - INFO - Saving models to work_dirs/my_experiment/advP_IQL_2M/my_run/20260210_171358/models/1700200
2026-02-11 00:17:24,869 - my_experiment - advP_IQL_2M - my_run - INFO - Recent Stats | t_env:    1750000 | Episode:     8750
ep_length_mean:          200.0000	episode_length_mean:     199.0000	epsilon:                   0.0500	grad_norm:                 4.2860
loss:                     14.9662	q_taken_mean:              2.0554	return_mean:             135.4377	return_std:                8.2128
target_mean:               2.0566	td_error_abs:              0.8294	test_ep_length_mean:     200.0000	test_episode_length_mean:199.0000
test_return_mean:        142.0579	test_return_std:           9.7156	
2026-02-11 00:17:27,027 - my_experiment - advP_IQL_2M - my_run - INFO - t_env: 1750200 / 2050000
2026-02-11 00:17:27,028 - my_experiment - advP_IQL_2M - my_run - INFO - Estimated time left: 1 hours, 12 minutes, 41 seconds. Time passed: 7 hours, 3 minutes, 18 seconds
2026-02-11 00:20:39,391 - my_experiment - advP_IQL_2M - my_run - INFO - Saving models to work_dirs/my_experiment/advP_IQL_2M/my_run/20260210_171358/models/1750200
2026-02-11 00:29:32,907 - my_experiment - advP_IQL_2M - my_run - INFO - Recent Stats | t_env:    1800000 | Episode:     9000
ep_length_mean:          200.0000	episode_length_mean:     199.0000	epsilon:                   0.0500	grad_norm:                 4.1538
loss:                     15.0691	q_taken_mean:              2.0591	return_mean:             135.6021	return_std:                7.8980
target_mean:               2.0596	td_error_abs:              0.8148	test_ep_length_mean:     200.0000	test_episode_length_mean:199.0000
test_return_mean:        142.4523	test_return_std:           9.4339	
2026-02-11 00:29:35,073 - my_experiment - advP_IQL_2M - my_run - INFO - t_env: 1800200 / 2050000
2026-02-11 00:29:35,074 - my_experiment - advP_IQL_2M - my_run - INFO - Estimated time left: 1 hours, 37 seconds. Time passed: 7 hours, 15 minutes, 26 seconds
2026-02-11 00:32:47,046 - my_experiment - advP_IQL_2M - my_run - INFO - Saving models to work_dirs/my_experiment/advP_IQL_2M/my_run/20260210_171358/models/1800200
2026-02-11 00:41:40,992 - my_experiment - advP_IQL_2M - my_run - INFO - Recent Stats | t_env:    1850000 | Episode:     9250
ep_length_mean:          200.0000	episode_length_mean:     199.0000	epsilon:                   0.0500	grad_norm:                 4.4804
loss:                     15.2533	q_taken_mean:              2.0666	return_mean:             136.4848	return_std:                7.5165
target_mean:               2.0686	td_error_abs:              0.8480	test_ep_length_mean:     200.0000	test_episode_length_mean:199.0000
test_return_mean:        142.3689	test_return_std:           9.5513	
2026-02-11 00:41:43,138 - my_experiment - advP_IQL_2M - my_run - INFO - t_env: 1850200 / 2050000
2026-02-11 00:41:43,139 - my_experiment - advP_IQL_2M - my_run - INFO - Estimated time left: 48 minutes, 29 seconds. Time passed: 7 hours, 27 minutes, 34 seconds
2026-02-11 00:44:54,983 - my_experiment - advP_IQL_2M - my_run - INFO - Saving models to work_dirs/my_experiment/advP_IQL_2M/my_run/20260210_171358/models/1850200
2026-02-11 00:53:49,865 - my_experiment - advP_IQL_2M - my_run - INFO - Recent Stats | t_env:    1900000 | Episode:     9500
ep_length_mean:          200.0000	episode_length_mean:     199.0000	epsilon:                   0.0500	grad_norm:                 3.7616
loss:                     15.3533	q_taken_mean:              2.0783	return_mean:             136.8544	return_std:                7.4451
target_mean:               2.0791	td_error_abs:              0.8183	test_ep_length_mean:     200.0000	test_episode_length_mean:199.0000
test_return_mean:        142.5379	test_return_std:           9.4077	
2026-02-11 00:53:52,046 - my_experiment - advP_IQL_2M - my_run - INFO - t_env: 1900200 / 2050000
2026-02-11 00:53:52,047 - my_experiment - advP_IQL_2M - my_run - INFO - Estimated time left: 36 minutes, 23 seconds. Time passed: 7 hours, 39 minutes, 43 seconds
2026-02-11 00:57:03,309 - my_experiment - advP_IQL_2M - my_run - INFO - Saving models to work_dirs/my_experiment/advP_IQL_2M/my_run/20260210_171358/models/1900200
2026-02-11 01:05:57,763 - my_experiment - advP_IQL_2M - my_run - INFO - Recent Stats | t_env:    1950000 | Episode:     9750
ep_length_mean:          200.0000	episode_length_mean:     199.0000	epsilon:                   0.0500	grad_norm:                 4.2761
loss:                     15.4074	q_taken_mean:              2.0728	return_mean:             135.7776	return_std:                7.8536
target_mean:               2.0730	td_error_abs:              0.8363	test_ep_length_mean:     200.0000	test_episode_length_mean:199.0000
test_return_mean:        142.4051	test_return_std:           9.4964	
2026-02-11 01:05:59,887 - my_experiment - advP_IQL_2M - my_run - INFO - t_env: 1950200 / 2050000
2026-02-11 01:05:59,888 - my_experiment - advP_IQL_2M - my_run - INFO - Estimated time left: 24 minutes, 12 seconds. Time passed: 7 hours, 51 minutes, 51 seconds
2026-02-11 01:09:10,541 - my_experiment - advP_IQL_2M - my_run - INFO - Saving models to work_dirs/my_experiment/advP_IQL_2M/my_run/20260210_171358/models/1950200
2026-02-11 01:18:04,660 - my_experiment - advP_IQL_2M - my_run - INFO - Recent Stats | t_env:    2000000 | Episode:    10000
ep_length_mean:          200.0000	episode_length_mean:     199.0000	epsilon:                   0.0500	grad_norm:                 3.8889
loss:                     15.4053	q_taken_mean:              2.0758	return_mean:             135.3245	return_std:                8.0966
target_mean:               2.0753	td_error_abs:              0.7960	test_ep_length_mean:     200.0000	test_episode_length_mean:199.0000
test_return_mean:        142.1908	test_return_std:           9.4871	
2026-02-11 01:18:06,799 - my_experiment - advP_IQL_2M - my_run - INFO - t_env: 2000200 / 2050000
2026-02-11 01:18:06,799 - my_experiment - advP_IQL_2M - my_run - INFO - Estimated time left: 12 minutes, 4 seconds. Time passed: 8 hours, 3 minutes, 58 seconds
2026-02-11 01:21:17,462 - my_experiment - advP_IQL_2M - my_run - INFO - Saving models to work_dirs/my_experiment/advP_IQL_2M/my_run/20260210_171358/models/2000200
2026-02-11 01:30:12,458 - my_experiment - advP_IQL_2M - my_run - INFO - Recent Stats | t_env:    2050000 | Episode:    10250
ep_length_mean:          200.0000	episode_length_mean:     199.0000	epsilon:                   0.0500	grad_norm:                 4.0007
loss:                     15.5930	q_taken_mean:              2.0708	return_mean:             134.8505	return_std:                8.4754
target_mean:               2.0717	td_error_abs:              0.8522	test_ep_length_mean:     200.0000	test_episode_length_mean:199.0000
test_return_mean:        141.9573	test_return_std:           9.8697	
2026-02-11 01:30:14,601 - my_experiment - advP_IQL_2M - my_run - INFO - t_env: 2050200 / 2050000
2026-02-11 01:30:14,602 - my_experiment - advP_IQL_2M - my_run - INFO - Estimated time left: -. Time passed: 8 hours, 16 minutes, 6 seconds
2026-02-11 01:33:25,645 - my_experiment - advP_IQL_2M - my_run - INFO - Saving models to work_dirs/my_experiment/advP_IQL_2M/my_run/20260210_171358/models/2050200
2026-02-11 01:33:25,655 - my_experiment - advP_IQL_2M - my_run - INFO - Finished Training
