JOB ID: 1745616
Running on node: artongpu07
Project Directory: /usr/itetnas04/data-scratch-01/pparsons/data/MyExpoComm
--------------------------------
Algorithm:   iql
Environment: MAgent_AdvPursuit
Profile:     advP_IQL_2M
--------------------------------
Conda activated: /usr/itetnas04/data-scratch-01/pparsons/data/conda_envs/ExpoComm
Starting Run...
Warning: Loaded 4 layers but model has 6 layers.
Exiting Main
Stopping all threads
Thread wandb-AsyncioManager-main is alive! Is daemon: True
Thread joined
Thread ChkStopThr is alive! Is daemon: True
Thread joined
Thread IntMsgThr is alive! Is daemon: True
Thread joined
Exiting script
[1;34mwandb[0m: 
[1;34mwandb[0m: 🚀 View run [33mmy_run-advP_IQL_2M-20260210_171358[0m at: [34mhttps://wandb.ai/peterparsons02-eth-z-rich/my_experiment/runs/v2c8vj75[0m
[1;34mwandb[0m: Find logs at: [1;35mwandb/run-20260210_171359-v2c8vj75/logs[0m
Finished at: Wed Feb 11 01:33:30 CET 2026
