JOB ID: 1748006
Running on node: artongpu03
Project Directory: /usr/itetnas04/data-scratch-01/pparsons/data/MyExpoComm
--------------------------------
Algorithm:   HybridComm
Environment: MAgent_AdvPursuit
Profile:     advP_HybridComm_2M
--------------------------------
Conda activated: /usr/itetnas04/data-scratch-01/pparsons/data/conda_envs/ExpoComm
Starting Run...
Warning: Loaded 4 layers but model has 6 layers.
Exiting Main
Stopping all threads
Thread wandb-AsyncioManager-main is alive! Is daemon: True
Thread joined
Thread ChkStopThr is alive! Is daemon: True
Thread joined
Thread IntMsgThr is alive! Is daemon: True
Thread joined
Exiting script
[1;34mwandb[0m: 
[1;34mwandb[0m: 🚀 View run [33mmy_run-advP_HybridComm_2M-20260212_182016[0m at: [34mhttps://wandb.ai/peterparsons02-eth-z-rich/my_experiment/runs/vai1bw1n[0m
[1;34mwandb[0m: Find logs at: [1;35mwandb/run-20260212_182018-vai1bw1n/logs[0m
Finished at: Fri Feb 13 04:48:45 CET 2026
