Gym has been unmaintained since 2022 and does not support NumPy 2.0 amongst other critical functionality.
Please upgrade to Gymnasium, the maintained drop-in replacement of Gym, or contact the authors of your software and request that they upgrade.
Users of this version of Gym should be able to simply replace 'import gym' with 'import gymnasium as gym' in the vast majority of cases.
See the migration guide at https://gymnasium.farama.org/introduction/migration_guide/ for additional information.
src/main.py:81: DeprecationWarning: Using or importing the ABCs from 'collections' instead of from 'collections.abc' is deprecated since Python 3.3, and in 3.10 it will stop working
  if isinstance(v, collections.Mapping):
wandb: [wandb.login()] Loaded credentials for https://api.wandb.ai from /home/pparsons/.netrc.
wandb: Currently logged in as: peterparsons02 (peterparsons02-eth-z-rich) to https://api.wandb.ai. Use `wandb login --relogin` to force relogin
wandb: Tracking run with wandb version 0.24.1
wandb: Run data is saved locally in /usr/itetnas04/data-scratch-01/pparsons/data/MyExpoComm/wandb/run-20260210_144007-363xz1qh
wandb: Run `wandb offline` to turn off syncing.
wandb: Syncing run my_run-advP_Hybridcomm_2M-20260210_144007
wandb: ⭐️ View project at https://wandb.ai/peterparsons02-eth-z-rich/my_experiment
wandb: 🚀 View run at https://wandb.ai/peterparsons02-eth-z-rich/my_experiment/runs/363xz1qh
2026-02-10 14:40:09,198 - my_experiment - advP_Hybridcomm_2M - my_run - INFO - Current directory: /usr/itetnas04/data-scratch-01/pparsons/data/MyExpoComm.
2026-02-10 14:40:09,199 - my_experiment - advP_Hybridcomm_2M - my_run - INFO - Experiment Parameters:
2026-02-10 14:40:09,200 - my_experiment - advP_Hybridcomm_2M - my_run - INFO - 

{   'action_selector': 'epsilon_greedy',
    'add_value_last_step': True,
    'agent': 'ExpoComm_static',
    'agent_output_type': 'q',
    'attention_dim': 32,
    'aux_coef': 0.1,
    'batch_size': 32,
    'batch_size_run': 1,
    'buffer_cpu_only': True,
    'buffer_size': 5000,
    'checkpoint_path': '',
    'double_q': True,
    'env': 'MAgent_AdvPursuit',
    'env_args': {   'global_reward': False,
                    'map_name': 'adversarial_pursuit_view8',
                    'map_size': 45,
                    'max_cycles': 200,
                    'minimap_mode': True,
                    'pretrained_ckpt': 'prey_params.pt',
                    'seed': 42},
    'epsilon_anneal_time': 500000,
    'epsilon_finish': 0.05,
    'epsilon_start': 1.0,
    'evaluate': False,
    'evaluation_epsilon': 0.0,
    'exp_name': 'my_experiment',
    'gamma': 0.99,
    'global_reward': True,
    'grad_norm_clip': 10,
    'hidden_dim': 64,
    'hypergroup': None,
    'label': 'default_label',
    'learner': 'hybrid_comm_learner',
    'learner_log_interval': 10000,
    'load_step': 0,
    'local_results_path': 'results',
    'log_interval': 50000,
    'lr': 0.0005,
    'mac': 'ExpoComm_mac',
    'mixer': None,
    'name': 'advP_Hybridcomm_2M',
    'neg_num': 20,
    'obs_agent_id': True,
    'obs_individual_obs': False,
    'obs_last_action': True,
    'optim_alpha': 0.99,
    'optim_eps': 1e-05,
    'render': False,
    'repeat_id': 1,
    'run_name': 'my_run',
    'runner': 'episode',
    'runner_log_interval': 10000,
    'save_model': True,
    'save_model_interval': 50000,
    'save_replay': False,
    'seed': 42,
    'standardise_returns': False,
    'standardise_rewards': True,
    't_max': 2050000,
    'target_update_interval_or_tau': 200,
    'temperature': 0.07,
    'test_greedy': True,
    'test_interval': 50000,
    'test_nepisode': 100,
    'topk_neighbors': 5,
    'use_cuda': True,
    'use_rnn': True,
    'use_tensorboard': True,
    'work_dir': 'work_dirs/my_experiment/advP_Hybridcomm_2M/my_run/20260210_144007'}

/usr/itetnas04/data-scratch-01/pparsons/data/conda_envs/ExpoComm/lib/python3.8/site-packages/pettingzoo/utils/conversions.py:41: UserWarning: The `from_parallel` function is deprecated. Use the `parallel_to_aec` function instead.
  warnings.warn("The `from_parallel` function is deprecated. Use the `parallel_to_aec` function instead.")
/usr/itetnas04/data-scratch-01/pparsons/data/conda_envs/ExpoComm/lib/python3.8/site-packages/pettingzoo/utils/wrappers/base.py:44: UserWarning: The `observation_spaces` dictionary is deprecated. Use the `observation_space` function instead.
  warnings.warn("The `observation_spaces` dictionary is deprecated. Use the `observation_space` function instead.")
/usr/itetnas04/data-scratch-01/pparsons/data/conda_envs/ExpoComm/lib/python3.8/site-packages/pettingzoo/utils/conversions.py:36: UserWarning: The `to_parallel` function is deprecated. Use the `aec_to_parallel` function instead.
  warnings.warn("The `to_parallel` function is deprecated. Use the `aec_to_parallel` function instead.")
/usr/itetnas04/data-scratch-01/pparsons/data/conda_envs/ExpoComm/lib/python3.8/site-packages/pettingzoo/utils/conversions.py:80: UserWarning: The `action_spaces` dictionary is deprecated. Use the `action_space` function instead.
  warnings.warn("The `action_spaces` dictionary is deprecated. Use the `action_space` function instead.")
/usr/itetnas04/data-scratch-01/pparsons/data/conda_envs/ExpoComm/lib/python3.8/site-packages/pettingzoo/utils/wrappers/base.py:52: UserWarning: The `action_spaces` dictionary is deprecated. Use the `action_space` function instead.
  warnings.warn("The `action_spaces` dictionary is deprecated. Use the `action_space` function instead.")
/usr/itetnas04/data-scratch-01/pparsons/data/conda_envs/ExpoComm/lib/python3.8/site-packages/pettingzoo/utils/conversions.py:72: UserWarning: The `observation_spaces` dictionary is deprecated. Use the `observation_space` function instead.
  warnings.warn("The `observation_spaces` dictionary is deprecated. Use the `observation_space` function instead.")
2026-02-10 14:40:16,309 - my_experiment - advP_Hybridcomm_2M - my_run - INFO - Beginning training for 2050000 timesteps
/usr/itetnas04/data-scratch-01/pparsons/data/MyExpoComm/src/envs/adv_pursuit_wrappers.py:240: UserWarning: To copy construct from a tensor, it is recommended to use sourceTensor.clone().detach() or sourceTensor.clone().detach().requires_grad_(True), rather than torch.tensor(sourceTensor).
  actions = th.tensor(actions, dtype=th.long)
2026-02-10 14:40:18,927 - my_experiment - advP_Hybridcomm_2M - my_run - INFO - t_env: 200 / 2050000
2026-02-10 14:40:18,928 - my_experiment - advP_Hybridcomm_2M - my_run - INFO - Estimated time left: 1 minutes, 46 seconds. Time passed: 2 seconds
2026-02-10 14:43:45,880 - my_experiment - advP_Hybridcomm_2M - my_run - INFO - Saving models to work_dirs/my_experiment/advP_Hybridcomm_2M/my_run/20260210_144007/models/200
2026-02-10 14:55:21,525 - my_experiment - advP_Hybridcomm_2M - my_run - INFO - Recent Stats | t_env:      50000 | Episode:      250
ep_length_mean:          200.0000	episode_length_mean:     199.0000	epsilon:                   0.9240	grad_norm:                 2.9158
info_nce_loss:             2.3894	loss:                      1.0785	q_loss:                    0.9805	return_mean:             -20.8139
return_std:                0.8243	test_ep_length_mean:     200.0000	test_episode_length_mean:199.0000	test_return_mean:        -36.9300
test_return_std:           4.8994	
2026-02-10 14:55:24,404 - my_experiment - advP_Hybridcomm_2M - my_run - INFO - t_env: 50200 / 2050000
2026-02-10 14:55:24,405 - my_experiment - advP_Hybridcomm_2M - my_run - INFO - Estimated time left: 10 hours, 3 minutes, 35 seconds. Time passed: 15 minutes, 8 seconds
2026-02-10 14:58:55,556 - my_experiment - advP_Hybridcomm_2M - my_run - INFO - Saving models to work_dirs/my_experiment/advP_Hybridcomm_2M/my_run/20260210_144007/models/50200
2026-02-10 15:10:54,008 - my_experiment - advP_Hybridcomm_2M - my_run - INFO - Recent Stats | t_env:     100000 | Episode:      500
ep_length_mean:          200.0000	episode_length_mean:     199.0000	epsilon:                   0.8290	grad_norm:                 6.0822
info_nce_loss:             8.0726	loss:                      1.4640	q_loss:                    1.3309	return_mean:             -14.8221
return_std:                2.0206	test_ep_length_mean:     200.0000	test_episode_length_mean:199.0000	test_return_mean:          0.8944
test_return_std:           9.5767	
2026-02-10 15:10:56,863 - my_experiment - advP_Hybridcomm_2M - my_run - INFO - t_env: 100200 / 2050000
2026-02-10 15:10:56,864 - my_experiment - advP_Hybridcomm_2M - my_run - INFO - Estimated time left: 10 hours, 6 minutes, 2 seconds. Time passed: 30 minutes, 40 seconds
2026-02-10 15:14:26,067 - my_experiment - advP_Hybridcomm_2M - my_run - INFO - Saving models to work_dirs/my_experiment/advP_Hybridcomm_2M/my_run/20260210_144007/models/100200
2026-02-10 15:26:16,949 - my_experiment - advP_Hybridcomm_2M - my_run - INFO - Recent Stats | t_env:     150000 | Episode:      750
ep_length_mean:          200.0000	episode_length_mean:     199.0000	epsilon:                   0.7340	grad_norm:                13.3874
info_nce_loss:             3.2236	loss:                      2.6103	q_loss:                    2.3730	return_mean:              -2.5460
return_std:                3.1812	test_ep_length_mean:     200.0000	test_episode_length_mean:199.0000	test_return_mean:         31.1724
test_return_std:          11.6907	
2026-02-10 15:26:19,789 - my_experiment - advP_Hybridcomm_2M - my_run - INFO - t_env: 150200 / 2050000
2026-02-10 15:26:19,790 - my_experiment - advP_Hybridcomm_2M - my_run - INFO - Estimated time left: 9 hours, 44 minutes, 27 seconds. Time passed: 46 minutes, 3 seconds
2026-02-10 15:29:49,113 - my_experiment - advP_Hybridcomm_2M - my_run - INFO - Saving models to work_dirs/my_experiment/advP_Hybridcomm_2M/my_run/20260210_144007/models/150200
2026-02-10 15:41:28,257 - my_experiment - advP_Hybridcomm_2M - my_run - INFO - Recent Stats | t_env:     200000 | Episode:     1000
ep_length_mean:          200.0000	episode_length_mean:     199.0000	epsilon:                   0.6390	grad_norm:                15.9039
info_nce_loss:             2.3062	loss:                      3.7131	q_loss:                    3.4100	return_mean:              10.8702
return_std:                4.0360	test_ep_length_mean:     200.0000	test_episode_length_mean:199.0000	test_return_mean:         52.0564
test_return_std:          11.8615	
2026-02-10 15:41:31,060 - my_experiment - advP_Hybridcomm_2M - my_run - INFO - t_env: 200200 / 2050000
2026-02-10 15:41:31,061 - my_experiment - advP_Hybridcomm_2M - my_run - INFO - Estimated time left: 9 hours, 21 minutes, 53 seconds. Time passed: 1 hours, 1 minutes, 14 seconds
2026-02-10 15:44:57,248 - my_experiment - advP_Hybridcomm_2M - my_run - INFO - Saving models to work_dirs/my_experiment/advP_Hybridcomm_2M/my_run/20260210_144007/models/200200
2026-02-10 15:56:33,533 - my_experiment - advP_Hybridcomm_2M - my_run - INFO - Recent Stats | t_env:     250000 | Episode:     1250
ep_length_mean:          200.0000	episode_length_mean:     199.0000	epsilon:                   0.5440	grad_norm:                59.1012
info_nce_loss:             2.7596	loss:                      7.3506	q_loss:                    6.6823	return_mean:              29.0278
return_std:                5.1556	test_ep_length_mean:     200.0000	test_episode_length_mean:199.0000	test_return_mean:         66.7344
test_return_std:          11.7639	
2026-02-10 15:56:36,347 - my_experiment - advP_Hybridcomm_2M - my_run - INFO - t_env: 250200 / 2050000
2026-02-10 15:56:36,348 - my_experiment - advP_Hybridcomm_2M - my_run - INFO - Estimated time left: 9 hours, 3 minutes, 6 seconds. Time passed: 1 hours, 16 minutes, 20 seconds
2026-02-10 16:00:02,113 - my_experiment - advP_Hybridcomm_2M - my_run - INFO - Saving models to work_dirs/my_experiment/advP_Hybridcomm_2M/my_run/20260210_144007/models/250200
2026-02-10 16:11:39,148 - my_experiment - advP_Hybridcomm_2M - my_run - INFO - Recent Stats | t_env:     300000 | Episode:     1500
ep_length_mean:          200.0000	episode_length_mean:     199.0000	epsilon:                   0.4490	grad_norm:                75.8834
info_nce_loss:            64.6542	loss:                      6.3043	q_loss:                    5.7312	return_mean:              47.4122
return_std:                5.2679	test_ep_length_mean:     200.0000	test_episode_length_mean:199.0000	test_return_mean:         97.5125
test_return_std:          13.2034	
2026-02-10 16:11:41,959 - my_experiment - advP_Hybridcomm_2M - my_run - INFO - t_env: 300200 / 2050000
2026-02-10 16:11:41,960 - my_experiment - advP_Hybridcomm_2M - my_run - INFO - Estimated time left: 8 hours, 48 minutes, 12 seconds. Time passed: 1 hours, 31 minutes, 25 seconds
2026-02-10 16:15:08,026 - my_experiment - advP_Hybridcomm_2M - my_run - INFO - Saving models to work_dirs/my_experiment/advP_Hybridcomm_2M/my_run/20260210_144007/models/300200
2026-02-10 16:26:44,864 - my_experiment - advP_Hybridcomm_2M - my_run - INFO - Recent Stats | t_env:     350000 | Episode:     1750
ep_length_mean:          200.0000	episode_length_mean:     199.0000	epsilon:                   0.3540	grad_norm:               199.1150
info_nce_loss:            25.5725	loss:                      6.9836	q_loss:                    6.3514	return_mean:              65.9147
return_std:                5.6215	test_ep_length_mean:     200.0000	test_episode_length_mean:199.0000	test_return_mean:        115.1760
test_return_std:          13.0212	
2026-02-10 16:26:47,707 - my_experiment - advP_Hybridcomm_2M - my_run - INFO - t_env: 350200 / 2050000
2026-02-10 16:26:47,709 - my_experiment - advP_Hybridcomm_2M - my_run - INFO - Estimated time left: 8 hours, 33 minutes, 11 seconds. Time passed: 1 hours, 46 minutes, 31 seconds
2026-02-10 16:30:05,400 - my_experiment - advP_Hybridcomm_2M - my_run - INFO - Saving models to work_dirs/my_experiment/advP_Hybridcomm_2M/my_run/20260210_144007/models/350200
2026-02-10 16:41:00,745 - my_experiment - advP_Hybridcomm_2M - my_run - INFO - Recent Stats | t_env:     400000 | Episode:     2000
ep_length_mean:          200.0000	episode_length_mean:     199.0000	epsilon:                   0.2590	grad_norm:               133.5077
info_nce_loss:            24.5779	loss:                      8.3151	q_loss:                    7.5592	return_mean:              83.6792
return_std:                6.6091	test_ep_length_mean:     200.0000	test_episode_length_mean:199.0000	test_return_mean:        123.2627
test_return_std:          12.3528	
2026-02-10 16:41:03,332 - my_experiment - advP_Hybridcomm_2M - my_run - INFO - t_env: 400200 / 2050000
2026-02-10 16:41:03,332 - my_experiment - advP_Hybridcomm_2M - my_run - INFO - Estimated time left: 7 hours, 50 minutes, 32 seconds. Time passed: 2 hours, 47 seconds
2026-02-10 16:44:12,255 - my_experiment - advP_Hybridcomm_2M - my_run - INFO - Saving models to work_dirs/my_experiment/advP_Hybridcomm_2M/my_run/20260210_144007/models/400200
2026-02-10 16:54:54,481 - my_experiment - advP_Hybridcomm_2M - my_run - INFO - Recent Stats | t_env:     450000 | Episode:     2250
ep_length_mean:          200.0000	episode_length_mean:     199.0000	epsilon:                   0.1640	grad_norm:                60.3652
info_nce_loss:             3.0531	loss:                      9.1033	q_loss:                    8.2758	return_mean:             101.5225
return_std:                6.7749	test_ep_length_mean:     200.0000	test_episode_length_mean:199.0000	test_return_mean:        126.0084
test_return_std:          12.4377	
2026-02-10 16:54:57,171 - my_experiment - advP_Hybridcomm_2M - my_run - INFO - t_env: 450200 / 2050000
2026-02-10 16:54:57,172 - my_experiment - advP_Hybridcomm_2M - my_run - INFO - Estimated time left: 7 hours, 24 minutes, 39 seconds. Time passed: 2 hours, 14 minutes, 40 seconds
2026-02-10 16:58:06,309 - my_experiment - advP_Hybridcomm_2M - my_run - INFO - Saving models to work_dirs/my_experiment/advP_Hybridcomm_2M/my_run/20260210_144007/models/450200
2026-02-10 17:08:48,464 - my_experiment - advP_Hybridcomm_2M - my_run - INFO - Recent Stats | t_env:     500000 | Episode:     2500
ep_length_mean:          200.0000	episode_length_mean:     199.0000	epsilon:                   0.0690	grad_norm:               124.0057
info_nce_loss:            12.1601	loss:                      8.9086	q_loss:                    8.0988	return_mean:             118.0928
return_std:                7.9009	test_ep_length_mean:     200.0000	test_episode_length_mean:199.0000	test_return_mean:        127.2489
test_return_std:          12.4928	
2026-02-10 17:08:51,039 - my_experiment - advP_Hybridcomm_2M - my_run - INFO - t_env: 500200 / 2050000
2026-02-10 17:08:51,040 - my_experiment - advP_Hybridcomm_2M - my_run - INFO - Estimated time left: 7 hours, 10 minutes, 46 seconds. Time passed: 2 hours, 28 minutes, 34 seconds
2026-02-10 17:12:00,029 - my_experiment - advP_Hybridcomm_2M - my_run - INFO - Saving models to work_dirs/my_experiment/advP_Hybridcomm_2M/my_run/20260210_144007/models/500200
2026-02-10 17:22:40,689 - my_experiment - advP_Hybridcomm_2M - my_run - INFO - Recent Stats | t_env:     550000 | Episode:     2750
ep_length_mean:          200.0000	episode_length_mean:     199.0000	epsilon:                   0.0500	grad_norm:               148.8880
info_nce_loss:             1.7755	loss:                      9.3473	q_loss:                    8.4975	return_mean:             129.5486
return_std:                8.5694	test_ep_length_mean:     200.0000	test_episode_length_mean:199.0000	test_return_mean:        131.1253
test_return_std:          12.1569	
2026-02-10 17:22:43,255 - my_experiment - advP_Hybridcomm_2M - my_run - INFO - t_env: 550200 / 2050000
2026-02-10 17:22:43,256 - my_experiment - advP_Hybridcomm_2M - my_run - INFO - Estimated time left: 6 hours, 56 minutes, 3 seconds. Time passed: 2 hours, 42 minutes, 26 seconds
2026-02-10 17:25:55,240 - my_experiment - advP_Hybridcomm_2M - my_run - INFO - Saving models to work_dirs/my_experiment/advP_Hybridcomm_2M/my_run/20260210_144007/models/550200
2026-02-10 17:37:02,618 - my_experiment - advP_Hybridcomm_2M - my_run - INFO - Recent Stats | t_env:     600000 | Episode:     3000
ep_length_mean:          200.0000	episode_length_mean:     199.0000	epsilon:                   0.0500	grad_norm:                57.8195
info_nce_loss:             3.4360	loss:                      9.8660	q_loss:                    8.9691	return_mean:             131.4017
return_std:                8.4268	test_ep_length_mean:     200.0000	test_episode_length_mean:199.0000	test_return_mean:        132.7684
test_return_std:          11.7092	
2026-02-10 17:37:05,433 - my_experiment - advP_Hybridcomm_2M - my_run - INFO - t_env: 600200 / 2050000
2026-02-10 17:37:05,434 - my_experiment - advP_Hybridcomm_2M - my_run - INFO - Estimated time left: 6 hours, 56 minutes, 39 seconds. Time passed: 2 hours, 56 minutes, 49 seconds
2026-02-10 17:40:33,077 - my_experiment - advP_Hybridcomm_2M - my_run - INFO - Saving models to work_dirs/my_experiment/advP_Hybridcomm_2M/my_run/20260210_144007/models/600200
2026-02-10 17:52:10,020 - my_experiment - advP_Hybridcomm_2M - my_run - INFO - Recent Stats | t_env:     650000 | Episode:     3250
ep_length_mean:          200.0000	episode_length_mean:     199.0000	epsilon:                   0.0500	grad_norm:               125.0110
info_nce_loss:            20.1727	loss:                     10.9579	q_loss:                    9.9617	return_mean:             132.5585
return_std:                7.9787	test_ep_length_mean:     200.0000	test_episode_length_mean:199.0000	test_return_mean:        134.1488
test_return_std:          11.2090	
2026-02-10 17:52:12,960 - my_experiment - advP_Hybridcomm_2M - my_run - INFO - t_env: 650200 / 2050000
2026-02-10 17:52:12,961 - my_experiment - advP_Hybridcomm_2M - my_run - INFO - Estimated time left: 7 hours, 3 minutes, 27 seconds. Time passed: 3 hours, 11 minutes, 56 seconds
2026-02-10 17:55:39,872 - my_experiment - advP_Hybridcomm_2M - my_run - INFO - Saving models to work_dirs/my_experiment/advP_Hybridcomm_2M/my_run/20260210_144007/models/650200
2026-02-10 18:07:17,716 - my_experiment - advP_Hybridcomm_2M - my_run - INFO - Recent Stats | t_env:     700000 | Episode:     3500
ep_length_mean:          200.0000	episode_length_mean:     199.0000	epsilon:                   0.0500	grad_norm:               391.0195
info_nce_loss:             5.6620	loss:                     11.0291	q_loss:                   10.0265	return_mean:             133.0722
return_std:                8.3968	test_ep_length_mean:     200.0000	test_episode_length_mean:199.0000	test_return_mean:        136.2271
test_return_std:          10.7398	
2026-02-10 18:07:20,580 - my_experiment - advP_Hybridcomm_2M - my_run - INFO - t_env: 700200 / 2050000
2026-02-10 18:07:20,581 - my_experiment - advP_Hybridcomm_2M - my_run - INFO - Estimated time left: 6 hours, 48 minutes, 22 seconds. Time passed: 3 hours, 27 minutes, 4 seconds
2026-02-10 18:10:47,232 - my_experiment - advP_Hybridcomm_2M - my_run - INFO - Saving models to work_dirs/my_experiment/advP_Hybridcomm_2M/my_run/20260210_144007/models/700200
2026-02-10 18:22:25,024 - my_experiment - advP_Hybridcomm_2M - my_run - INFO - Recent Stats | t_env:     750000 | Episode:     3750
ep_length_mean:          200.0000	episode_length_mean:     199.0000	epsilon:                   0.0500	grad_norm:               150.8240
info_nce_loss:             2.5211	loss:                     11.4165	q_loss:                   10.3786	return_mean:             132.6902
return_std:                7.3576	test_ep_length_mean:     200.0000	test_episode_length_mean:199.0000	test_return_mean:        137.6429
test_return_std:          10.4535	
2026-02-10 18:22:27,835 - my_experiment - advP_Hybridcomm_2M - my_run - INFO - t_env: 750200 / 2050000
2026-02-10 18:22:27,836 - my_experiment - advP_Hybridcomm_2M - my_run - INFO - Estimated time left: 6 hours, 33 minutes, 4 seconds. Time passed: 3 hours, 42 minutes, 11 seconds
2026-02-10 18:25:53,966 - my_experiment - advP_Hybridcomm_2M - my_run - INFO - Saving models to work_dirs/my_experiment/advP_Hybridcomm_2M/my_run/20260210_144007/models/750200
2026-02-10 18:37:25,394 - my_experiment - advP_Hybridcomm_2M - my_run - INFO - Recent Stats | t_env:     800000 | Episode:     4000
ep_length_mean:          200.0000	episode_length_mean:     199.0000	epsilon:                   0.0500	grad_norm:               378.3929
info_nce_loss:             0.5716	loss:                     11.7696	q_loss:                   10.6997	return_mean:             133.7255
return_std:                7.0544	test_ep_length_mean:     200.0000	test_episode_length_mean:199.0000	test_return_mean:        138.5942
test_return_std:          10.1681	
2026-02-10 18:37:28,133 - my_experiment - advP_Hybridcomm_2M - my_run - INFO - t_env: 800200 / 2050000
2026-02-10 18:37:28,134 - my_experiment - advP_Hybridcomm_2M - my_run - INFO - Estimated time left: 6 hours, 15 minutes, 3 seconds. Time passed: 3 hours, 57 minutes, 11 seconds
2026-02-10 18:40:50,431 - my_experiment - advP_Hybridcomm_2M - my_run - INFO - Saving models to work_dirs/my_experiment/advP_Hybridcomm_2M/my_run/20260210_144007/models/800200
2026-02-10 18:52:17,863 - my_experiment - advP_Hybridcomm_2M - my_run - INFO - Recent Stats | t_env:     850000 | Episode:     4250
ep_length_mean:          200.0000	episode_length_mean:     199.0000	epsilon:                   0.0500	grad_norm:               124.2507
info_nce_loss:             1.8016	loss:                     11.5903	q_loss:                   10.7208	return_mean:             134.4376
return_std:                7.4594	test_ep_length_mean:     200.0000	test_episode_length_mean:199.0000	test_return_mean:        139.5063
test_return_std:          10.0045	
2026-02-10 18:52:20,620 - my_experiment - advP_Hybridcomm_2M - my_run - INFO - t_env: 850200 / 2050000
2026-02-10 18:52:20,621 - my_experiment - advP_Hybridcomm_2M - my_run - INFO - Estimated time left: 5 hours, 56 minutes, 56 seconds. Time passed: 4 hours, 12 minutes, 4 seconds
2026-02-10 18:55:43,473 - my_experiment - advP_Hybridcomm_2M - my_run - INFO - Saving models to work_dirs/my_experiment/advP_Hybridcomm_2M/my_run/20260210_144007/models/850200
2026-02-10 19:07:10,530 - my_experiment - advP_Hybridcomm_2M - my_run - INFO - Recent Stats | t_env:     900000 | Episode:     4500
ep_length_mean:          200.0000	episode_length_mean:     199.0000	epsilon:                   0.0500	grad_norm:               182.4202
info_nce_loss:             2.1167	loss:                     12.1696	q_loss:                   11.0633	return_mean:             134.9445
return_std:                7.9087	test_ep_length_mean:     200.0000	test_episode_length_mean:199.0000	test_return_mean:        140.4083
test_return_std:           9.6267	
2026-02-10 19:07:13,302 - my_experiment - advP_Hybridcomm_2M - my_run - INFO - t_env: 900200 / 2050000
2026-02-10 19:07:13,303 - my_experiment - advP_Hybridcomm_2M - my_run - INFO - Estimated time left: 5 hours, 42 minutes, 8 seconds. Time passed: 4 hours, 26 minutes, 56 seconds
2026-02-10 19:10:36,225 - my_experiment - advP_Hybridcomm_2M - my_run - INFO - Saving models to work_dirs/my_experiment/advP_Hybridcomm_2M/my_run/20260210_144007/models/900200
2026-02-10 19:22:03,816 - my_experiment - advP_Hybridcomm_2M - my_run - INFO - Recent Stats | t_env:     950000 | Episode:     4750
ep_length_mean:          200.0000	episode_length_mean:     199.0000	epsilon:                   0.0500	grad_norm:               172.5643
info_nce_loss:             1.7167	loss:                     11.7249	q_loss:                   10.6590	return_mean:             135.4338
return_std:                7.0112	test_ep_length_mean:     200.0000	test_episode_length_mean:199.0000	test_return_mean:        141.1448
test_return_std:           9.4883	
2026-02-10 19:22:06,616 - my_experiment - advP_Hybridcomm_2M - my_run - INFO - t_env: 950200 / 2050000
2026-02-10 19:22:06,617 - my_experiment - advP_Hybridcomm_2M - my_run - INFO - Estimated time left: 5 hours, 27 minutes, 29 seconds. Time passed: 4 hours, 41 minutes, 50 seconds
2026-02-10 19:25:30,066 - my_experiment - advP_Hybridcomm_2M - my_run - INFO - Saving models to work_dirs/my_experiment/advP_Hybridcomm_2M/my_run/20260210_144007/models/950200
2026-02-10 19:36:57,399 - my_experiment - advP_Hybridcomm_2M - my_run - INFO - Recent Stats | t_env:    1000000 | Episode:     5000
ep_length_mean:          200.0000	episode_length_mean:     199.0000	epsilon:                   0.0500	grad_norm:               393.7518
info_nce_loss:            38.2544	loss:                     12.5342	q_loss:                   11.3947	return_mean:             136.4631
return_std:                6.6437	test_ep_length_mean:     200.0000	test_episode_length_mean:199.0000	test_return_mean:        142.2250
test_return_std:           9.1375	
2026-02-10 19:37:00,174 - my_experiment - advP_Hybridcomm_2M - my_run - INFO - t_env: 1000200 / 2050000
2026-02-10 19:37:00,175 - my_experiment - advP_Hybridcomm_2M - my_run - INFO - Estimated time left: 5 hours, 12 minutes, 41 seconds. Time passed: 4 hours, 56 minutes, 43 seconds
2026-02-10 19:40:23,987 - my_experiment - advP_Hybridcomm_2M - my_run - INFO - Saving models to work_dirs/my_experiment/advP_Hybridcomm_2M/my_run/20260210_144007/models/1000200
2026-02-10 19:51:51,029 - my_experiment - advP_Hybridcomm_2M - my_run - INFO - Recent Stats | t_env:    1050000 | Episode:     5250
ep_length_mean:          200.0000	episode_length_mean:     199.0000	epsilon:                   0.0500	grad_norm:               222.4631
info_nce_loss:            21.3156	loss:                     11.5253	q_loss:                   10.4776	return_mean:             135.9225
return_std:                6.5463	test_ep_length_mean:     200.0000	test_episode_length_mean:199.0000	test_return_mean:        143.0045
test_return_std:           8.9307	
2026-02-10 19:51:53,795 - my_experiment - advP_Hybridcomm_2M - my_run - INFO - t_env: 1050200 / 2050000
2026-02-10 19:51:53,796 - my_experiment - advP_Hybridcomm_2M - my_run - INFO - Estimated time left: 4 hours, 57 minutes, 48 seconds. Time passed: 5 hours, 11 minutes, 37 seconds
2026-02-10 19:55:16,680 - my_experiment - advP_Hybridcomm_2M - my_run - INFO - Saving models to work_dirs/my_experiment/advP_Hybridcomm_2M/my_run/20260210_144007/models/1050200
2026-02-10 20:06:44,260 - my_experiment - advP_Hybridcomm_2M - my_run - INFO - Recent Stats | t_env:    1100000 | Episode:     5500
ep_length_mean:          200.0000	episode_length_mean:     199.0000	epsilon:                   0.0500	grad_norm:               287.8737
info_nce_loss:             1.6022	loss:                     11.3049	q_loss:                   10.2772	return_mean:             136.1044
return_std:                6.6392	test_ep_length_mean:     200.0000	test_episode_length_mean:199.0000	test_return_mean:        143.9105
test_return_std:           8.4405	
2026-02-10 20:06:47,015 - my_experiment - advP_Hybridcomm_2M - my_run - INFO - t_env: 1100200 / 2050000
2026-02-10 20:06:47,016 - my_experiment - advP_Hybridcomm_2M - my_run - INFO - Estimated time left: 4 hours, 42 minutes, 47 seconds. Time passed: 5 hours, 26 minutes, 30 seconds
2026-02-10 20:10:10,341 - my_experiment - advP_Hybridcomm_2M - my_run - INFO - Saving models to work_dirs/my_experiment/advP_Hybridcomm_2M/my_run/20260210_144007/models/1100200
2026-02-10 20:21:38,187 - my_experiment - advP_Hybridcomm_2M - my_run - INFO - Recent Stats | t_env:    1150000 | Episode:     5750
ep_length_mean:          200.0000	episode_length_mean:     199.0000	epsilon:                   0.0500	grad_norm:               196.6860
info_nce_loss:           109.5333	loss:                     10.2189	q_loss:                    9.4609	return_mean:             136.3888
return_std:                7.1177	test_ep_length_mean:     200.0000	test_episode_length_mean:199.0000	test_return_mean:        143.9728
test_return_std:           8.3135	
2026-02-10 20:21:40,990 - my_experiment - advP_Hybridcomm_2M - my_run - INFO - t_env: 1150200 / 2050000
2026-02-10 20:21:40,991 - my_experiment - advP_Hybridcomm_2M - my_run - INFO - Estimated time left: 4 hours, 28 minutes, 7 seconds. Time passed: 5 hours, 41 minutes, 24 seconds
2026-02-10 20:25:03,911 - my_experiment - advP_Hybridcomm_2M - my_run - INFO - Saving models to work_dirs/my_experiment/advP_Hybridcomm_2M/my_run/20260210_144007/models/1150200
2026-02-10 20:36:30,888 - my_experiment - advP_Hybridcomm_2M - my_run - INFO - Recent Stats | t_env:    1200000 | Episode:     6000
ep_length_mean:          200.0000	episode_length_mean:     199.0000	epsilon:                   0.0500	grad_norm:               321.1109
info_nce_loss:           169.3200	loss:                      9.1757	q_loss:                    8.3416	return_mean:             137.2404
return_std:                6.0450	test_ep_length_mean:     200.0000	test_episode_length_mean:199.0000	test_return_mean:        144.4136
test_return_std:           7.9597	
2026-02-10 20:36:33,692 - my_experiment - advP_Hybridcomm_2M - my_run - INFO - t_env: 1200200 / 2050000
2026-02-10 20:36:33,693 - my_experiment - advP_Hybridcomm_2M - my_run - INFO - Estimated time left: 4 hours, 12 minutes, 52 seconds. Time passed: 5 hours, 56 minutes, 17 seconds
2026-02-10 20:39:57,116 - my_experiment - advP_Hybridcomm_2M - my_run - INFO - Saving models to work_dirs/my_experiment/advP_Hybridcomm_2M/my_run/20260210_144007/models/1200200
2026-02-10 20:51:23,190 - my_experiment - advP_Hybridcomm_2M - my_run - INFO - Recent Stats | t_env:    1250000 | Episode:     6250
ep_length_mean:          200.0000	episode_length_mean:     199.0000	epsilon:                   0.0500	grad_norm:               259.8483
info_nce_loss:             1.2050	loss:                      8.5500	q_loss:                    7.9156	return_mean:             138.3948
return_std:                5.6113	test_ep_length_mean:     200.0000	test_episode_length_mean:199.0000	test_return_mean:        144.6439
test_return_std:           7.5589	
2026-02-10 20:51:25,942 - my_experiment - advP_Hybridcomm_2M - my_run - INFO - t_env: 1250200 / 2050000
2026-02-10 20:51:25,943 - my_experiment - advP_Hybridcomm_2M - my_run - INFO - Estimated time left: 3 hours, 57 minutes, 52 seconds. Time passed: 6 hours, 11 minutes, 9 seconds
2026-02-10 20:54:49,417 - my_experiment - advP_Hybridcomm_2M - my_run - INFO - Saving models to work_dirs/my_experiment/advP_Hybridcomm_2M/my_run/20260210_144007/models/1250200
2026-02-10 21:06:16,545 - my_experiment - advP_Hybridcomm_2M - my_run - INFO - Recent Stats | t_env:    1300000 | Episode:     6500
ep_length_mean:          200.0000	episode_length_mean:     199.0000	epsilon:                   0.0500	grad_norm:               360.0525
info_nce_loss:             4.5009	loss:                      7.8717	q_loss:                    7.1561	return_mean:             138.2158
return_std:                5.6561	test_ep_length_mean:     200.0000	test_episode_length_mean:199.0000	test_return_mean:        144.9955
test_return_std:           7.2801	
2026-02-10 21:06:19,315 - my_experiment - advP_Hybridcomm_2M - my_run - INFO - t_env: 1300200 / 2050000
2026-02-10 21:06:19,316 - my_experiment - advP_Hybridcomm_2M - my_run - INFO - Estimated time left: 3 hours, 43 minutes, 17 seconds. Time passed: 6 hours, 26 minutes, 3 seconds
2026-02-10 21:09:42,645 - my_experiment - advP_Hybridcomm_2M - my_run - INFO - Saving models to work_dirs/my_experiment/advP_Hybridcomm_2M/my_run/20260210_144007/models/1300200
2026-02-10 21:21:08,966 - my_experiment - advP_Hybridcomm_2M - my_run - INFO - Recent Stats | t_env:    1350000 | Episode:     6750
ep_length_mean:          200.0000	episode_length_mean:     199.0000	epsilon:                   0.0500	grad_norm:               213.6673
info_nce_loss:             2.5826	loss:                      7.1597	q_loss:                    6.5088	return_mean:             139.0859
return_std:                5.3675	test_ep_length_mean:     200.0000	test_episode_length_mean:199.0000	test_return_mean:        145.8208
test_return_std:           6.9107	
2026-02-10 21:21:11,715 - my_experiment - advP_Hybridcomm_2M - my_run - INFO - t_env: 1350200 / 2050000
2026-02-10 21:21:11,716 - my_experiment - advP_Hybridcomm_2M - my_run - INFO - Estimated time left: 3 hours, 28 minutes, 10 seconds. Time passed: 6 hours, 40 minutes, 55 seconds
2026-02-10 21:24:38,095 - my_experiment - advP_Hybridcomm_2M - my_run - INFO - Saving models to work_dirs/my_experiment/advP_Hybridcomm_2M/my_run/20260210_144007/models/1350200
2026-02-10 21:36:15,634 - my_experiment - advP_Hybridcomm_2M - my_run - INFO - Recent Stats | t_env:    1400000 | Episode:     7000
ep_length_mean:          200.0000	episode_length_mean:     199.0000	epsilon:                   0.0500	grad_norm:               267.3773
info_nce_loss:             1.8297	loss:                      6.9168	q_loss:                    6.2880	return_mean:             139.3307
return_std:                4.9545	test_ep_length_mean:     200.0000	test_episode_length_mean:199.0000	test_return_mean:        146.3854
test_return_std:           6.7297	
2026-02-10 21:36:18,415 - my_experiment - advP_Hybridcomm_2M - my_run - INFO - t_env: 1400200 / 2050000
2026-02-10 21:36:18,416 - my_experiment - advP_Hybridcomm_2M - my_run - INFO - Estimated time left: 3 hours, 16 minutes, 23 seconds. Time passed: 6 hours, 56 minutes, 2 seconds
2026-02-10 21:39:45,725 - my_experiment - advP_Hybridcomm_2M - my_run - INFO - Saving models to work_dirs/my_experiment/advP_Hybridcomm_2M/my_run/20260210_144007/models/1400200
2026-02-10 21:51:23,377 - my_experiment - advP_Hybridcomm_2M - my_run - INFO - Recent Stats | t_env:    1450000 | Episode:     7250
ep_length_mean:          200.0000	episode_length_mean:     199.0000	epsilon:                   0.0500	grad_norm:               327.5660
info_nce_loss:             5.9392	loss:                      6.5941	q_loss:                    5.9946	return_mean:             139.9655
return_std:                5.2765	test_ep_length_mean:     200.0000	test_episode_length_mean:199.0000	test_return_mean:        147.2706
test_return_std:           6.4169	
2026-02-10 21:51:26,212 - my_experiment - advP_Hybridcomm_2M - my_run - INFO - t_env: 1450200 / 2050000
2026-02-10 21:51:26,213 - my_experiment - advP_Hybridcomm_2M - my_run - INFO - Estimated time left: 3 hours, 1 minutes, 29 seconds. Time passed: 7 hours, 11 minutes, 9 seconds
2026-02-10 21:54:53,432 - my_experiment - advP_Hybridcomm_2M - my_run - INFO - Saving models to work_dirs/my_experiment/advP_Hybridcomm_2M/my_run/20260210_144007/models/1450200
2026-02-10 22:06:33,120 - my_experiment - advP_Hybridcomm_2M - my_run - INFO - Recent Stats | t_env:    1500000 | Episode:     7500
ep_length_mean:          200.0000	episode_length_mean:     199.0000	epsilon:                   0.0500	grad_norm:               471.0641
info_nce_loss:             2.0401	loss:                      6.2436	q_loss:                    5.7746	return_mean:             141.0872
return_std:                4.0196	test_ep_length_mean:     200.0000	test_episode_length_mean:199.0000	test_return_mean:        148.0338
test_return_std:           6.4437	
2026-02-10 22:06:35,925 - my_experiment - advP_Hybridcomm_2M - my_run - INFO - t_env: 1500200 / 2050000
2026-02-10 22:06:35,926 - my_experiment - advP_Hybridcomm_2M - my_run - INFO - Estimated time left: 2 hours, 46 minutes, 43 seconds. Time passed: 7 hours, 26 minutes, 19 seconds
2026-02-10 22:10:02,824 - my_experiment - advP_Hybridcomm_2M - my_run - INFO - Saving models to work_dirs/my_experiment/advP_Hybridcomm_2M/my_run/20260210_144007/models/1500200
2026-02-10 22:21:40,833 - my_experiment - advP_Hybridcomm_2M - my_run - INFO - Recent Stats | t_env:    1550000 | Episode:     7750
ep_length_mean:          200.0000	episode_length_mean:     199.0000	epsilon:                   0.0500	grad_norm:               718.8233
info_nce_loss:             2.0486	loss:                      6.6281	q_loss:                    6.0256	return_mean:             140.6286
return_std:                4.6042	test_ep_length_mean:     200.0000	test_episode_length_mean:199.0000	test_return_mean:        148.5316
test_return_std:           6.3514	
2026-02-10 22:21:43,653 - my_experiment - advP_Hybridcomm_2M - my_run - INFO - t_env: 1550200 / 2050000
2026-02-10 22:21:43,654 - my_experiment - advP_Hybridcomm_2M - my_run - INFO - Estimated time left: 2 hours, 31 minutes, 13 seconds. Time passed: 7 hours, 41 minutes, 27 seconds
2026-02-10 22:25:10,844 - my_experiment - advP_Hybridcomm_2M - my_run - INFO - Saving models to work_dirs/my_experiment/advP_Hybridcomm_2M/my_run/20260210_144007/models/1550200
2026-02-10 22:36:49,857 - my_experiment - advP_Hybridcomm_2M - my_run - INFO - Recent Stats | t_env:    1600000 | Episode:     8000
ep_length_mean:          200.0000	episode_length_mean:     199.0000	epsilon:                   0.0500	grad_norm:               695.5896
info_nce_loss:             1.7416	loss:                      6.3060	q_loss:                    5.7328	return_mean:             140.4965
return_std:                4.6366	test_ep_length_mean:     200.0000	test_episode_length_mean:199.0000	test_return_mean:        148.7531
test_return_std:           6.3310	
2026-02-10 22:36:52,641 - my_experiment - advP_Hybridcomm_2M - my_run - INFO - t_env: 1600200 / 2050000
2026-02-10 22:36:52,642 - my_experiment - advP_Hybridcomm_2M - my_run - INFO - Estimated time left: 2 hours, 16 minutes, 17 seconds. Time passed: 7 hours, 56 minutes, 36 seconds
2026-02-10 22:40:19,255 - my_experiment - advP_Hybridcomm_2M - my_run - INFO - Saving models to work_dirs/my_experiment/advP_Hybridcomm_2M/my_run/20260210_144007/models/1600200
2026-02-10 22:51:56,321 - my_experiment - advP_Hybridcomm_2M - my_run - INFO - Recent Stats | t_env:    1650000 | Episode:     8250
ep_length_mean:          200.0000	episode_length_mean:     199.0000	epsilon:                   0.0500	grad_norm:               550.4283
info_nce_loss:             1.8066	loss:                      5.4565	q_loss:                    5.0310	return_mean:             139.6852
return_std:                6.3335	test_ep_length_mean:     200.0000	test_episode_length_mean:199.0000	test_return_mean:        149.3746
test_return_std:           6.0252	
2026-02-10 22:51:59,108 - my_experiment - advP_Hybridcomm_2M - my_run - INFO - t_env: 1650200 / 2050000
2026-02-10 22:51:59,109 - my_experiment - advP_Hybridcomm_2M - my_run - INFO - Estimated time left: 2 hours, 48 seconds. Time passed: 8 hours, 11 minutes, 42 seconds
2026-02-10 22:55:26,215 - my_experiment - advP_Hybridcomm_2M - my_run - INFO - Saving models to work_dirs/my_experiment/advP_Hybridcomm_2M/my_run/20260210_144007/models/1650200
2026-02-10 23:07:04,062 - my_experiment - advP_Hybridcomm_2M - my_run - INFO - Recent Stats | t_env:    1700000 | Episode:     8500
ep_length_mean:          200.0000	episode_length_mean:     199.0000	epsilon:                   0.0500	grad_norm:               458.7893
info_nce_loss:             1.2731	loss:                      4.7658	q_loss:                    4.4136	return_mean:             140.5377
return_std:                5.1528	test_ep_length_mean:     200.0000	test_episode_length_mean:199.0000	test_return_mean:        149.6102
test_return_std:           5.7455	
2026-02-10 23:07:06,888 - my_experiment - advP_Hybridcomm_2M - my_run - INFO - t_env: 1700200 / 2050000
2026-02-10 23:07:06,889 - my_experiment - advP_Hybridcomm_2M - my_run - INFO - Estimated time left: 1 hours, 45 minutes, 50 seconds. Time passed: 8 hours, 26 minutes, 50 seconds
2026-02-10 23:10:33,190 - my_experiment - advP_Hybridcomm_2M - my_run - INFO - Saving models to work_dirs/my_experiment/advP_Hybridcomm_2M/my_run/20260210_144007/models/1700200
2026-02-10 23:22:11,472 - my_experiment - advP_Hybridcomm_2M - my_run - INFO - Recent Stats | t_env:    1750000 | Episode:     8750
ep_length_mean:          200.0000	episode_length_mean:     199.0000	epsilon:                   0.0500	grad_norm:               591.3112
info_nce_loss:             1.7277	loss:                      5.2141	q_loss:                    4.8135	return_mean:             141.2054
return_std:                4.5032	test_ep_length_mean:     200.0000	test_episode_length_mean:199.0000	test_return_mean:        149.6929
test_return_std:           5.4467	
2026-02-10 23:22:14,268 - my_experiment - advP_Hybridcomm_2M - my_run - INFO - t_env: 1750200 / 2050000
2026-02-10 23:22:14,269 - my_experiment - advP_Hybridcomm_2M - my_run - INFO - Estimated time left: 1 hours, 30 minutes, 40 seconds. Time passed: 8 hours, 41 minutes, 57 seconds
2026-02-10 23:25:40,565 - my_experiment - advP_Hybridcomm_2M - my_run - INFO - Saving models to work_dirs/my_experiment/advP_Hybridcomm_2M/my_run/20260210_144007/models/1750200
2026-02-10 23:37:17,795 - my_experiment - advP_Hybridcomm_2M - my_run - INFO - Recent Stats | t_env:    1800000 | Episode:     9000
ep_length_mean:          200.0000	episode_length_mean:     199.0000	epsilon:                   0.0500	grad_norm:               814.1695
info_nce_loss:             3.3137	loss:                      5.8594	q_loss:                    5.3306	return_mean:             141.3523
return_std:                4.4204	test_ep_length_mean:     200.0000	test_episode_length_mean:199.0000	test_return_mean:        150.1528
test_return_std:           5.1062	
2026-02-10 23:37:20,572 - my_experiment - advP_Hybridcomm_2M - my_run - INFO - t_env: 1800200 / 2050000
2026-02-10 23:37:20,573 - my_experiment - advP_Hybridcomm_2M - my_run - INFO - Estimated time left: 1 hours, 15 minutes, 27 seconds. Time passed: 8 hours, 57 minutes, 4 seconds
2026-02-10 23:40:47,133 - my_experiment - advP_Hybridcomm_2M - my_run - INFO - Saving models to work_dirs/my_experiment/advP_Hybridcomm_2M/my_run/20260210_144007/models/1800200
2026-02-10 23:52:22,783 - my_experiment - advP_Hybridcomm_2M - my_run - INFO - Recent Stats | t_env:    1850000 | Episode:     9250
ep_length_mean:          200.0000	episode_length_mean:     199.0000	epsilon:                   0.0500	grad_norm:               564.5930
info_nce_loss:             2.1850	loss:                      4.8800	q_loss:                    4.4364	return_mean:             141.7336
return_std:                4.4798	test_ep_length_mean:     200.0000	test_episode_length_mean:199.0000	test_return_mean:        150.5630
test_return_std:           4.9540	
2026-02-10 23:52:25,587 - my_experiment - advP_Hybridcomm_2M - my_run - INFO - t_env: 1850200 / 2050000
2026-02-10 23:52:25,588 - my_experiment - advP_Hybridcomm_2M - my_run - INFO - Estimated time left: 1 hours, 16 seconds. Time passed: 9 hours, 12 minutes, 9 seconds
2026-02-10 23:55:51,594 - my_experiment - advP_Hybridcomm_2M - my_run - INFO - Saving models to work_dirs/my_experiment/advP_Hybridcomm_2M/my_run/20260210_144007/models/1850200
2026-02-11 00:07:27,816 - my_experiment - advP_Hybridcomm_2M - my_run - INFO - Recent Stats | t_env:    1900000 | Episode:     9500
ep_length_mean:          200.0000	episode_length_mean:     199.0000	epsilon:                   0.0500	grad_norm:               801.6040
info_nce_loss:             2.4625	loss:                      4.4620	q_loss:                    4.1048	return_mean:             141.6246
return_std:                4.5945	test_ep_length_mean:     200.0000	test_episode_length_mean:199.0000	test_return_mean:        150.7917
test_return_std:           4.9965	
2026-02-11 00:07:30,585 - my_experiment - advP_Hybridcomm_2M - my_run - INFO - t_env: 1900200 / 2050000
2026-02-11 00:07:30,586 - my_experiment - advP_Hybridcomm_2M - my_run - INFO - Estimated time left: 45 minutes, 11 seconds. Time passed: 9 hours, 27 minutes, 14 seconds
2026-02-11 00:10:57,033 - my_experiment - advP_Hybridcomm_2M - my_run - INFO - Saving models to work_dirs/my_experiment/advP_Hybridcomm_2M/my_run/20260210_144007/models/1900200
2026-02-11 00:22:31,112 - my_experiment - advP_Hybridcomm_2M - my_run - INFO - Recent Stats | t_env:    1950000 | Episode:     9750
ep_length_mean:          200.0000	episode_length_mean:     199.0000	epsilon:                   0.0500	grad_norm:               1084.0767
info_nce_loss:             5.4581	loss:                      4.2521	q_loss:                    3.9501	return_mean:             140.6434
return_std:                5.8046	test_ep_length_mean:     200.0000	test_episode_length_mean:199.0000	test_return_mean:        150.8240
test_return_std:           5.0557	
2026-02-11 00:22:33,897 - my_experiment - advP_Hybridcomm_2M - my_run - INFO - t_env: 1950200 / 2050000
2026-02-11 00:22:33,898 - my_experiment - advP_Hybridcomm_2M - my_run - INFO - Estimated time left: 30 minutes, 3 seconds. Time passed: 9 hours, 42 minutes, 17 seconds
2026-02-11 00:25:59,231 - my_experiment - advP_Hybridcomm_2M - my_run - INFO - Saving models to work_dirs/my_experiment/advP_Hybridcomm_2M/my_run/20260210_144007/models/1950200
2026-02-11 00:37:34,896 - my_experiment - advP_Hybridcomm_2M - my_run - INFO - Recent Stats | t_env:    2000000 | Episode:    10000
ep_length_mean:          200.0000	episode_length_mean:     199.0000	epsilon:                   0.0500	grad_norm:               609.3241
info_nce_loss:             1.5357	loss:                      3.5650	q_loss:                    3.3196	return_mean:             141.9912
return_std:                3.9337	test_ep_length_mean:     200.0000	test_episode_length_mean:199.0000	test_return_mean:        151.0841
test_return_std:           5.1070	
2026-02-11 00:37:37,678 - my_experiment - advP_Hybridcomm_2M - my_run - INFO - t_env: 2000200 / 2050000
2026-02-11 00:37:37,679 - my_experiment - advP_Hybridcomm_2M - my_run - INFO - Estimated time left: 15 minutes, 0 seconds. Time passed: 9 hours, 57 minutes, 21 seconds
2026-02-11 00:41:03,522 - my_experiment - advP_Hybridcomm_2M - my_run - INFO - Saving models to work_dirs/my_experiment/advP_Hybridcomm_2M/my_run/20260210_144007/models/2000200
2026-02-11 00:52:38,639 - my_experiment - advP_Hybridcomm_2M - my_run - INFO - Recent Stats | t_env:    2050000 | Episode:    10250
ep_length_mean:          200.0000	episode_length_mean:     199.0000	epsilon:                   0.0500	grad_norm:               435.0312
info_nce_loss:           101.1845	loss:                      3.6416	q_loss:                    3.3106	return_mean:             141.4302
return_std:                3.9694	test_ep_length_mean:     200.0000	test_episode_length_mean:199.0000	test_return_mean:        150.9854
test_return_std:           5.2955	
2026-02-11 00:52:41,439 - my_experiment - advP_Hybridcomm_2M - my_run - INFO - t_env: 2050200 / 2050000
2026-02-11 00:52:41,440 - my_experiment - advP_Hybridcomm_2M - my_run - INFO - Estimated time left: -. Time passed: 10 hours, 12 minutes, 25 seconds
2026-02-11 00:56:06,724 - my_experiment - advP_Hybridcomm_2M - my_run - INFO - Saving models to work_dirs/my_experiment/advP_Hybridcomm_2M/my_run/20260210_144007/models/2050200
2026-02-11 00:56:06,756 - my_experiment - advP_Hybridcomm_2M - my_run - INFO - Finished Training
