JOB ID: 1748017
Running on node: artongpu03
Project Directory: /usr/itetnas04/data-scratch-01/pparsons/data/MyExpoComm
--------------------------------
Algorithm:   qmix_ExpoComm_one_peer_n7_cont
Environment: MAgent_AdvPursuit
Profile:     advP_BigMap_5M
--------------------------------
Conda activated: /usr/itetnas04/data-scratch-01/pparsons/data/conda_envs/ExpoComm
Starting Run...
Warning: Loaded 4 layers but model has 6 layers.
Exiting Main
Stopping all threads
Thread wandb-AsyncioManager-main is alive! Is daemon: True
Thread joined
Thread ChkStopThr is alive! Is daemon: True
Thread joined
Thread IntMsgThr is alive! Is daemon: True
Thread joined
Exiting script
[1;34mwandb[0m: 
[1;34mwandb[0m: 🚀 View run [33mmy_run-advP_BigMap_5M-20260212_183736[0m at: [34mhttps://wandb.ai/peterparsons02-eth-z-rich/my_experiment/runs/ficry52l[0m
[1;34mwandb[0m: Find logs at: [1;35mwandb/run-20260212_183736-ficry52l/logs[0m
Finished at: Sat Feb 14 11:50:15 CET 2026
