Gym has been unmaintained since 2022 and does not support NumPy 2.0 amongst other critical functionality.
Please upgrade to Gymnasium, the maintained drop-in replacement of Gym, or contact the authors of your software and request that they upgrade.
Users of this version of Gym should be able to simply replace 'import gym' with 'import gymnasium as gym' in the vast majority of cases.
See the migration guide at https://gymnasium.farama.org/introduction/migration_guide/ for additional information.
src/main.py:81: DeprecationWarning: Using or importing the ABCs from 'collections' instead of from 'collections.abc' is deprecated since Python 3.3, and in 3.10 it will stop working
  if isinstance(v, collections.Mapping):
wandb: [wandb.login()] Loaded credentials for https://api.wandb.ai from /home/pparsons/.netrc.
wandb: Currently logged in as: peterparsons02 (peterparsons02-eth-z-rich) to https://api.wandb.ai. Use `wandb login --relogin` to force relogin
wandb: setting up run d5phuvhp
wandb: Tracking run with wandb version 0.24.1
wandb: Run data is saved locally in /usr/itetnas04/data-scratch-01/pparsons/data/MyExpoComm/wandb/run-20260303_034618-d5phuvhp
wandb: Run `wandb offline` to turn off syncing.
wandb: Syncing run my_run-bat_IQL_RNN_2M-20260303_034617
wandb: ⭐️ View project at https://wandb.ai/peterparsons02-eth-z-rich/my_experiment
wandb: 🚀 View run at https://wandb.ai/peterparsons02-eth-z-rich/my_experiment/runs/d5phuvhp
2026-03-03 03:46:19,710 - my_experiment - bat_IQL_RNN_2M - my_run - INFO - Current directory: /usr/itetnas04/data-scratch-01/pparsons/data/MyExpoComm.
2026-03-03 03:46:19,710 - my_experiment - bat_IQL_RNN_2M - my_run - INFO - Experiment Parameters:
2026-03-03 03:46:19,711 - my_experiment - bat_IQL_RNN_2M - my_run - INFO - 

{   'action_selector': 'epsilon_greedy',
    'add_value_last_step': True,
    'agent': 'rnn',
    'agent_output_type': 'q',
    'batch_size': 32,
    'batch_size_run': 1,
    'buffer_cpu_only': True,
    'buffer_size': 5000,
    'checkpoint_path': '',
    'double_q': True,
    'env': 'MAgent_Battle',
    'env_args': {   'global_reward': True,
                    'map_name': 'battle_view7',
                    'map_size': 25,
                    'max_cycles': 200,
                    'minimap_mode': False,
                    'pretrained_ckpt': None,
                    'seed': 42},
    'epsilon_anneal_time': 500000,
    'epsilon_finish': 0.05,
    'epsilon_start': 1.0,
    'evaluate': False,
    'evaluation_epsilon': 0.0,
    'exp_name': 'my_experiment',
    'gamma': 0.99,
    'global_reward': True,
    'grad_norm_clip': 10,
    'hidden_dim': 64,
    'hypergroup': None,
    'label': 'default_label',
    'learner': 'q_learner',
    'learner_log_interval': 10000,
    'load_step': 0,
    'local_results_path': 'results',
    'log_interval': 50000,
    'lr': 0.0005,
    'mac': 'basic_mac',
    'mixer': None,
    'name': 'bat_IQL_RNN_2M',
    'obs_agent_id': True,
    'obs_individual_obs': False,
    'obs_last_action': True,
    'optim_alpha': 0.99,
    'optim_eps': 1e-05,
    'render': False,
    'repeat_id': 1,
    'run_name': 'my_run',
    'runner': 'episode',
    'runner_log_interval': 10000,
    'save_model': True,
    'save_model_interval': 200000,
    'save_replay': False,
    'seed': 42,
    'standardise_returns': False,
    'standardise_rewards': True,
    't_max': 2050000,
    'target_update_interval_or_tau': 200,
    'test_greedy': True,
    'test_interval': 50000,
    'test_nepisode': 100,
    'use_cuda': True,
    'use_rnn': True,
    'use_tensorboard': True,
    'work_dir': 'work_dirs/my_experiment/bat_IQL_RNN_2M/my_run/20260303_034617'}

/usr/itetnas04/data-scratch-01/pparsons/data/conda_envs/ExpoComm/lib/python3.8/site-packages/pettingzoo/utils/conversions.py:41: UserWarning: The `from_parallel` function is deprecated. Use the `parallel_to_aec` function instead.
  warnings.warn("The `from_parallel` function is deprecated. Use the `parallel_to_aec` function instead.")
/usr/itetnas04/data-scratch-01/pparsons/data/conda_envs/ExpoComm/lib/python3.8/site-packages/pettingzoo/utils/wrappers/base.py:44: UserWarning: The `observation_spaces` dictionary is deprecated. Use the `observation_space` function instead.
  warnings.warn("The `observation_spaces` dictionary is deprecated. Use the `observation_space` function instead.")
/usr/itetnas04/data-scratch-01/pparsons/data/conda_envs/ExpoComm/lib/python3.8/site-packages/pettingzoo/utils/conversions.py:36: UserWarning: The `to_parallel` function is deprecated. Use the `aec_to_parallel` function instead.
  warnings.warn("The `to_parallel` function is deprecated. Use the `aec_to_parallel` function instead.")
/usr/itetnas04/data-scratch-01/pparsons/data/conda_envs/ExpoComm/lib/python3.8/site-packages/pettingzoo/utils/conversions.py:80: UserWarning: The `action_spaces` dictionary is deprecated. Use the `action_space` function instead.
  warnings.warn("The `action_spaces` dictionary is deprecated. Use the `action_space` function instead.")
/usr/itetnas04/data-scratch-01/pparsons/data/conda_envs/ExpoComm/lib/python3.8/site-packages/pettingzoo/utils/wrappers/base.py:52: UserWarning: The `action_spaces` dictionary is deprecated. Use the `action_space` function instead.
  warnings.warn("The `action_spaces` dictionary is deprecated. Use the `action_space` function instead.")
/usr/itetnas04/data-scratch-01/pparsons/data/conda_envs/ExpoComm/lib/python3.8/site-packages/pettingzoo/utils/conversions.py:72: UserWarning: The `observation_spaces` dictionary is deprecated. Use the `observation_space` function instead.
  warnings.warn("The `observation_spaces` dictionary is deprecated. Use the `observation_space` function instead.")
2026-03-03 03:46:28,767 - my_experiment - bat_IQL_RNN_2M - my_run - INFO - Beginning training for 2050000 timesteps
/usr/itetnas04/data-scratch-01/pparsons/data/MyExpoComm/src/envs/battle_wrappers.py:258: UserWarning: To copy construct from a tensor, it is recommended to use sourceTensor.clone().detach() or sourceTensor.clone().detach().requires_grad_(True), rather than torch.tensor(sourceTensor).
  actions = torch.tensor(actions, dtype=torch.long)
2026-03-03 03:46:30,089 - my_experiment - bat_IQL_RNN_2M - my_run - INFO - t_env: 200 / 2050000
2026-03-03 03:46:30,089 - my_experiment - bat_IQL_RNN_2M - my_run - INFO - Estimated time left: 53 seconds. Time passed: 1 seconds
2026-03-03 03:47:35,365 - my_experiment - bat_IQL_RNN_2M - my_run - INFO - Saving models to work_dirs/my_experiment/bat_IQL_RNN_2M/my_run/20260303_034617/models/200
2026-03-03 03:51:30,993 - my_experiment - bat_IQL_RNN_2M - my_run - INFO - Recent Stats | t_env:      50000 | Episode:      250
blue_team_alives_mean:    19.9560	blue_team_win_mean:        0.0000	ep_length_mean:          200.0000	episode_length_mean:     199.0000
epsilon:                   0.9240	grad_norm:                 0.4003	loss:                      1.4562	q_taken_mean:              0.0022
red_team_alives_mean:     20.0000	red_team_win_mean:         0.0360	return_mean:              -1.3197	return_std:                0.2415
target_mean:               0.0073	td_error_abs:              0.4885	test_blue_team_alives_mean: 20.0000	test_blue_team_win_mean:   0.0000
test_ep_length_mean:     200.0000	test_episode_length_mean:199.0000	test_red_team_alives_mean: 20.0000	test_red_team_win_mean:    0.0000
test_return_mean:         -2.9900	test_return_std:           0.0000	
2026-03-03 03:51:31,997 - my_experiment - bat_IQL_RNN_2M - my_run - INFO - t_env: 50200 / 2050000
2026-03-03 03:51:31,998 - my_experiment - bat_IQL_RNN_2M - my_run - INFO - Estimated time left: 3 hours, 21 minutes, 15 seconds. Time passed: 5 minutes, 3 seconds
2026-03-03 03:56:48,785 - my_experiment - bat_IQL_RNN_2M - my_run - INFO - Recent Stats | t_env:     100000 | Episode:      500
blue_team_alives_mean:    18.4840	blue_team_win_mean:        0.0000	ep_length_mean:          200.0000	episode_length_mean:     199.0000
epsilon:                   0.8290	grad_norm:                 2.6511	loss:                      2.6412	q_taken_mean:              0.0268
red_team_alives_mean:     20.0000	red_team_win_mean:         0.6160	return_mean:               0.0019	return_std:                0.7329
target_mean:               0.0318	td_error_abs:              0.6629	test_blue_team_alives_mean: 20.0000	test_blue_team_win_mean:   0.0000
test_ep_length_mean:     200.0000	test_episode_length_mean:199.0000	test_red_team_alives_mean: 20.0000	test_red_team_win_mean:    0.0000
test_return_mean:         -2.2192	test_return_std:           0.0000	
2026-03-03 03:56:49,816 - my_experiment - bat_IQL_RNN_2M - my_run - INFO - t_env: 100200 / 2050000
2026-03-03 03:56:49,817 - my_experiment - bat_IQL_RNN_2M - my_run - INFO - Estimated time left: 3 hours, 26 minutes, 33 seconds. Time passed: 10 minutes, 21 seconds
2026-03-03 04:02:12,907 - my_experiment - bat_IQL_RNN_2M - my_run - INFO - Recent Stats | t_env:     150012 | Episode:      751
blue_team_alives_mean:     8.5686	blue_team_win_mean:        0.0000	ep_length_mean:          199.7529	episode_length_mean:     198.7529
epsilon:                   0.7330	grad_norm:                 3.3086	loss:                      3.8404	q_taken_mean:              0.0853
red_team_alives_mean:     20.0000	red_team_win_mean:         1.0000	return_mean:               4.2302	return_std:                1.0863
target_mean:               0.0942	td_error_abs:              0.7889	test_blue_team_alives_mean: 18.6667	test_blue_team_win_mean:   0.0000
test_ep_length_mean:     200.0000	test_episode_length_mean:199.0000	test_red_team_alives_mean: 20.0000	test_red_team_win_mean:    0.3333
test_return_mean:         -1.7990	test_return_std:           0.0000	
2026-03-03 04:02:13,840 - my_experiment - bat_IQL_RNN_2M - my_run - INFO - t_env: 150212 / 2050000
2026-03-03 04:02:13,841 - my_experiment - bat_IQL_RNN_2M - my_run - INFO - Estimated time left: 3 hours, 25 minutes, 8 seconds. Time passed: 15 minutes, 45 seconds
2026-03-03 04:07:18,870 - my_experiment - bat_IQL_RNN_2M - my_run - INFO - Recent Stats | t_env:     200032 | Episode:     1014
blue_team_alives_mean:     2.5194	blue_team_win_mean:        0.0000	ep_length_mean:          191.8441	episode_length_mean:     190.8441
epsilon:                   0.6371	grad_norm:                 2.1508	loss:                      2.9128	q_taken_mean:              0.1607
red_team_alives_mean:     20.0000	red_team_win_mean:         1.0000	return_mean:               5.9063	return_std:                0.7459
target_mean:               0.1634	td_error_abs:              0.7785	test_blue_team_alives_mean: 16.0000	test_blue_team_win_mean:   0.0000
test_ep_length_mean:     200.0000	test_episode_length_mean:199.0000	test_red_team_alives_mean: 20.0000	test_red_team_win_mean:    0.5000
test_return_mean:         -0.5801	test_return_std:           0.0000	
2026-03-03 04:07:19,804 - my_experiment - bat_IQL_RNN_2M - my_run - INFO - t_env: 200232 / 2050000
2026-03-03 04:07:19,805 - my_experiment - bat_IQL_RNN_2M - my_run - INFO - Estimated time left: 3 hours, 8 minutes, 34 seconds. Time passed: 20 minutes, 51 seconds
2026-03-03 04:08:25,565 - my_experiment - bat_IQL_RNN_2M - my_run - INFO - Saving models to work_dirs/my_experiment/bat_IQL_RNN_2M/my_run/20260303_034617/models/200232
2026-03-03 04:12:32,228 - my_experiment - bat_IQL_RNN_2M - my_run - INFO - Recent Stats | t_env:     250046 | Episode:     1285
blue_team_alives_mean:     1.3475	blue_team_win_mean:        0.0000	ep_length_mean:          183.4569	episode_length_mean:     182.4569
epsilon:                   0.5413	grad_norm:                 2.3288	loss:                      2.7151	q_taken_mean:              0.2625
red_team_alives_mean:     20.0000	red_team_win_mean:         1.0000	return_mean:               6.1658	return_std:                0.4341
target_mean:               0.2638	td_error_abs:              0.8292	test_blue_team_alives_mean: 15.6000	test_blue_team_win_mean:   0.0000
test_ep_length_mean:     200.0000	test_episode_length_mean:199.0000	test_red_team_alives_mean: 20.0000	test_red_team_win_mean:    0.6000
test_return_mean:         -0.1914	test_return_std:           0.0000	
2026-03-03 04:12:33,284 - my_experiment - bat_IQL_RNN_2M - my_run - INFO - t_env: 250246 / 2050000
2026-03-03 04:12:33,285 - my_experiment - bat_IQL_RNN_2M - my_run - INFO - Estimated time left: 3 hours, 8 minutes, 0 seconds. Time passed: 26 minutes, 4 seconds
2026-03-03 04:17:51,089 - my_experiment - bat_IQL_RNN_2M - my_run - INFO - Recent Stats | t_env:     300168 | Episode:     1559
blue_team_alives_mean:     1.4720	blue_team_win_mean:        0.0000	ep_length_mean:          186.5218	episode_length_mean:     185.5218
epsilon:                   0.4452	grad_norm:                 5.2771	loss:                      2.5124	q_taken_mean:              0.3437
red_team_alives_mean:     20.0000	red_team_win_mean:         1.0000	return_mean:               6.1308	return_std:                0.3819
target_mean:               0.3401	td_error_abs:              0.8690	test_blue_team_alives_mean: 14.8000	test_blue_team_win_mean:   0.0000
test_ep_length_mean:     200.0000	test_episode_length_mean:199.0000	test_red_team_alives_mean: 20.0000	test_red_team_win_mean:    0.8000
test_return_mean:          0.3911	test_return_std:           0.0000	
2026-03-03 04:17:51,933 - my_experiment - bat_IQL_RNN_2M - my_run - INFO - t_env: 300341 / 2050000
2026-03-03 04:17:51,933 - my_experiment - bat_IQL_RNN_2M - my_run - INFO - Estimated time left: 3 hours, 5 minutes, 29 seconds. Time passed: 31 minutes, 23 seconds
2026-03-03 04:23:03,895 - my_experiment - bat_IQL_RNN_2M - my_run - INFO - Recent Stats | t_env:     350252 | Episode:     1837
blue_team_alives_mean:     1.1961	blue_team_win_mean:        0.0000	ep_length_mean:          180.0728	episode_length_mean:     179.0728
epsilon:                   0.3497	grad_norm:                 1.0382	loss:                      2.1580	q_taken_mean:              0.3739
red_team_alives_mean:     20.0000	red_team_win_mean:         1.0000	return_mean:               6.2888	return_std:                0.3548
target_mean:               0.3743	td_error_abs:              0.7735	test_blue_team_alives_mean: 11.4000	test_blue_team_win_mean:   0.0000
test_ep_length_mean:     200.0000	test_episode_length_mean:199.0000	test_red_team_alives_mean: 20.0000	test_red_team_win_mean:    1.0000
test_return_mean:          1.7147	test_return_std:           0.0000	
2026-03-03 04:23:04,802 - my_experiment - bat_IQL_RNN_2M - my_run - INFO - t_env: 350448 / 2050000
2026-03-03 04:23:04,803 - my_experiment - bat_IQL_RNN_2M - my_run - INFO - Estimated time left: 2 hours, 56 minutes, 52 seconds. Time passed: 36 minutes, 36 seconds
2026-03-03 04:28:27,810 - my_experiment - bat_IQL_RNN_2M - my_run - INFO - Saving models to work_dirs/my_experiment/bat_IQL_RNN_2M/my_run/20260303_034617/models/400411
2026-03-03 04:28:27,824 - my_experiment - bat_IQL_RNN_2M - my_run - INFO - Recent Stats | t_env:     400411 | Episode:     2121
blue_team_alives_mean:     1.2514	blue_team_win_mean:        0.0000	ep_length_mean:          177.6923	episode_length_mean:     176.6923
epsilon:                   0.2537	grad_norm:                 2.8928	loss:                      2.0889	q_taken_mean:              0.4460
red_team_alives_mean:     20.0000	red_team_win_mean:         1.0000	return_mean:               6.2373	return_std:                0.3932
target_mean:               0.4456	td_error_abs:              0.8053	test_blue_team_alives_mean: 11.0000	test_blue_team_win_mean:   0.0000
test_ep_length_mean:     200.0000	test_episode_length_mean:199.0000	test_red_team_alives_mean: 20.0000	test_red_team_win_mean:    1.0000
test_return_mean:          1.9918	test_return_std:           0.0000	
2026-03-03 04:28:28,814 - my_experiment - bat_IQL_RNN_2M - my_run - INFO - t_env: 400611 / 2050000
2026-03-03 04:28:28,815 - my_experiment - bat_IQL_RNN_2M - my_run - INFO - Estimated time left: 2 hours, 57 minutes, 33 seconds. Time passed: 42 minutes, 0 seconds
2026-03-03 04:33:31,581 - my_experiment - bat_IQL_RNN_2M - my_run - INFO - Recent Stats | t_env:     450416 | Episode:     2402
blue_team_alives_mean:     1.2806	blue_team_win_mean:        0.0000	ep_length_mean:          177.0529	episode_length_mean:     176.0529
epsilon:                   0.1577	grad_norm:                 2.8814	loss:                      1.9752	q_taken_mean:              0.4721
red_team_alives_mean:     20.0000	red_team_win_mean:         1.0000	return_mean:               6.1939	return_std:                0.4205
target_mean:               0.4715	td_error_abs:              0.7811	test_blue_team_alives_mean:  9.8000	test_blue_team_win_mean:   0.0000
test_ep_length_mean:     200.0000	test_episode_length_mean:199.0000	test_red_team_alives_mean: 20.0000	test_red_team_win_mean:    1.0000
test_return_mean:          2.5169	test_return_std:           0.0000	
2026-03-03 04:33:33,067 - my_experiment - bat_IQL_RNN_2M - my_run - INFO - t_env: 450720 / 2050000
2026-03-03 04:33:33,067 - my_experiment - bat_IQL_RNN_2M - my_run - INFO - Estimated time left: 2 hours, 41 minutes, 50 seconds. Time passed: 47 minutes, 4 seconds
2026-03-03 04:38:37,037 - my_experiment - bat_IQL_RNN_2M - my_run - INFO - Recent Stats | t_env:     500524 | Episode:     2676
blue_team_alives_mean:     1.3287	blue_team_win_mean:        0.0000	ep_length_mean:          182.6328	episode_length_mean:     181.6328
epsilon:                   0.0615	grad_norm:                 2.9068	loss:                      2.0215	q_taken_mean:              0.5453
red_team_alives_mean:     20.0000	red_team_win_mean:         1.0000	return_mean:               6.0833	return_std:                0.4284
target_mean:               0.5473	td_error_abs:              0.8068	test_blue_team_alives_mean:  7.4000	test_blue_team_win_mean:   0.0000
test_ep_length_mean:     200.0000	test_episode_length_mean:199.0000	test_red_team_alives_mean: 20.0000	test_red_team_win_mean:    1.0000
test_return_mean:          3.3284	test_return_std:           0.0000	
2026-03-03 04:38:37,952 - my_experiment - bat_IQL_RNN_2M - my_run - INFO - t_env: 500724 / 2050000
2026-03-03 04:38:37,953 - my_experiment - bat_IQL_RNN_2M - my_run - INFO - Estimated time left: 2 hours, 37 minutes, 26 seconds. Time passed: 52 minutes, 9 seconds
2026-03-03 04:43:33,166 - my_experiment - bat_IQL_RNN_2M - my_run - INFO - Recent Stats | t_env:     550667 | Episode:     2941
blue_team_alives_mean:     1.4738	blue_team_win_mean:        0.0000	ep_length_mean:          187.9093	episode_length_mean:     186.9093
epsilon:                   0.0500	grad_norm:                13.0806	loss:                      2.2510	q_taken_mean:              0.5925
red_team_alives_mean:     20.0000	red_team_win_mean:         1.0000	return_mean:               5.9790	return_std:                0.4542
target_mean:               0.6021	td_error_abs:              0.8560	test_blue_team_alives_mean:  5.8000	test_blue_team_win_mean:   0.0000
test_ep_length_mean:     200.0000	test_episode_length_mean:199.0000	test_red_team_alives_mean: 20.0000	test_red_team_win_mean:    1.0000
test_return_mean:          4.0964	test_return_std:           0.0000	
2026-03-03 04:43:34,088 - my_experiment - bat_IQL_RNN_2M - my_run - INFO - t_env: 550867 / 2050000
2026-03-03 04:43:34,088 - my_experiment - bat_IQL_RNN_2M - my_run - INFO - Estimated time left: 2 hours, 27 minutes, 33 seconds. Time passed: 57 minutes, 5 seconds
2026-03-03 04:48:47,592 - my_experiment - bat_IQL_RNN_2M - my_run - INFO - Saving models to work_dirs/my_experiment/bat_IQL_RNN_2M/my_run/20260303_034617/models/600425
2026-03-03 04:48:49,837 - my_experiment - bat_IQL_RNN_2M - my_run - INFO - Recent Stats | t_env:     600825 | Episode:     3196
blue_team_alives_mean:     1.9890	blue_team_win_mean:        0.0000	ep_length_mean:          196.2588	episode_length_mean:     195.2588
epsilon:                   0.0500	grad_norm:                 5.5056	loss:                      1.9615	q_taken_mean:              0.6422
red_team_alives_mean:     20.0000	red_team_win_mean:         1.0000	return_mean:               5.8606	return_std:                0.4336
target_mean:               0.6433	td_error_abs:              0.8138	test_blue_team_alives_mean:  7.4000	test_blue_team_win_mean:   0.0000
test_ep_length_mean:     200.0000	test_episode_length_mean:199.0000	test_red_team_alives_mean: 20.0000	test_red_team_win_mean:    1.0000
test_return_mean:          3.5552	test_return_std:           0.0000	
2026-03-03 04:48:50,978 - my_experiment - bat_IQL_RNN_2M - my_run - INFO - t_env: 601025 / 2050000
2026-03-03 04:48:50,979 - my_experiment - bat_IQL_RNN_2M - my_run - INFO - Estimated time left: 2 hours, 32 minutes, 34 seconds. Time passed: 1 hours, 2 minutes, 22 seconds
2026-03-03 04:54:27,710 - my_experiment - bat_IQL_RNN_2M - my_run - INFO - Recent Stats | t_env:     650881 | Episode:     3450
blue_team_alives_mean:     2.5284	blue_team_win_mean:        0.0000	ep_length_mean:          197.1066	episode_length_mean:     196.1066
epsilon:                   0.0500	grad_norm:                 6.0609	loss:                      2.0239	q_taken_mean:              0.6781
red_team_alives_mean:     20.0000	red_team_win_mean:         1.0000	return_mean:               5.6978	return_std:                0.5291
target_mean:               0.6759	td_error_abs:              0.8225	test_blue_team_alives_mean:  5.0000	test_blue_team_win_mean:   0.0000
test_ep_length_mean:     200.0000	test_episode_length_mean:199.0000	test_red_team_alives_mean: 20.0000	test_red_team_win_mean:    1.0000
test_return_mean:          4.7249	test_return_std:           0.0000	
2026-03-03 04:54:28,821 - my_experiment - bat_IQL_RNN_2M - my_run - INFO - t_env: 651081 / 2050000
2026-03-03 04:54:28,822 - my_experiment - bat_IQL_RNN_2M - my_run - INFO - Estimated time left: 2 hours, 37 minutes, 21 seconds. Time passed: 1 hours, 8 minutes, 0 seconds
2026-03-03 05:00:08,822 - my_experiment - bat_IQL_RNN_2M - my_run - INFO - Recent Stats | t_env:     700965 | Episode:     3702
blue_team_alives_mean:     3.1389	blue_team_win_mean:        0.0000	ep_length_mean:          198.8627	episode_length_mean:     197.8627
epsilon:                   0.0500	grad_norm:                 5.3451	loss:                      2.0886	q_taken_mean:              0.7253
red_team_alives_mean:     20.0000	red_team_win_mean:         1.0000	return_mean:               5.5107	return_std:                0.5077
target_mean:               0.7277	td_error_abs:              0.8388	test_blue_team_alives_mean:  7.4000	test_blue_team_win_mean:   0.0000
test_ep_length_mean:     200.0000	test_episode_length_mean:199.0000	test_red_team_alives_mean: 20.0000	test_red_team_win_mean:    1.0000
test_return_mean:          3.9114	test_return_std:           0.0000	
2026-03-03 05:00:09,856 - my_experiment - bat_IQL_RNN_2M - my_run - INFO - t_env: 701165 / 2050000
2026-03-03 05:00:09,861 - my_experiment - bat_IQL_RNN_2M - my_run - INFO - Estimated time left: 2 hours, 33 minutes, 4 seconds. Time passed: 1 hours, 13 minutes, 41 seconds
2026-03-03 05:05:37,939 - my_experiment - bat_IQL_RNN_2M - my_run - INFO - Recent Stats | t_env:     751006 | Episode:     3953
blue_team_alives_mean:     3.6155	blue_team_win_mean:        0.0000	ep_length_mean:          199.0392	episode_length_mean:     198.0392
epsilon:                   0.0500	grad_norm:                 6.3381	loss:                      1.9727	q_taken_mean:              0.7411
red_team_alives_mean:     20.0000	red_team_win_mean:         1.0000	return_mean:               5.4140	return_std:                0.5665
target_mean:               0.7383	td_error_abs:              0.8340	test_blue_team_alives_mean:  8.2000	test_blue_team_win_mean:   0.0000
test_ep_length_mean:     200.0000	test_episode_length_mean:199.0000	test_red_team_alives_mean: 20.0000	test_red_team_win_mean:    1.0000
test_return_mean:          3.7397	test_return_std:           0.0000	
2026-03-03 05:05:39,058 - my_experiment - bat_IQL_RNN_2M - my_run - INFO - t_env: 751206 / 2050000
2026-03-03 05:05:39,059 - my_experiment - bat_IQL_RNN_2M - my_run - INFO - Estimated time left: 2 hours, 22 minutes, 24 seconds. Time passed: 1 hours, 19 minutes, 10 seconds
2026-03-03 05:10:49,567 - my_experiment - bat_IQL_RNN_2M - my_run - INFO - Saving models to work_dirs/my_experiment/bat_IQL_RNN_2M/my_run/20260303_034617/models/800524
2026-03-03 05:10:52,441 - my_experiment - bat_IQL_RNN_2M - my_run - INFO - Recent Stats | t_env:     801124 | Episode:     4204
blue_team_alives_mean:     3.6265	blue_team_win_mean:        0.0000	ep_length_mean:          199.6784	episode_length_mean:     198.6784
epsilon:                   0.0500	grad_norm:                 5.7351	loss:                      1.9884	q_taken_mean:              0.7861
red_team_alives_mean:     20.0000	red_team_win_mean:         1.0000	return_mean:               5.4005	return_std:                0.5696
target_mean:               0.7891	td_error_abs:              0.8014	test_blue_team_alives_mean:  8.4000	test_blue_team_win_mean:   0.0000
test_ep_length_mean:     200.0000	test_episode_length_mean:199.0000	test_red_team_alives_mean: 20.0000	test_red_team_win_mean:    1.0000
test_return_mean:          3.7557	test_return_std:           0.0000	
2026-03-03 05:10:53,375 - my_experiment - bat_IQL_RNN_2M - my_run - INFO - t_env: 801324 / 2050000
2026-03-03 05:10:53,376 - my_experiment - bat_IQL_RNN_2M - my_run - INFO - Estimated time left: 2 hours, 10 minutes, 31 seconds. Time passed: 1 hours, 24 minutes, 24 seconds
2026-03-03 05:16:02,772 - my_experiment - bat_IQL_RNN_2M - my_run - INFO - Recent Stats | t_env:     851247 | Episode:     4455
blue_team_alives_mean:     4.3375	blue_team_win_mean:        0.0000	ep_length_mean:          199.6980	episode_length_mean:     198.6980
epsilon:                   0.0500	grad_norm:                 4.8523	loss:                      1.9777	q_taken_mean:              0.8275
red_team_alives_mean:     20.0000	red_team_win_mean:         1.0000	return_mean:               5.2036	return_std:                0.6300
target_mean:               0.8299	td_error_abs:              0.8102	test_blue_team_alives_mean:  7.2000	test_blue_team_win_mean:   0.0000
test_ep_length_mean:     200.0000	test_episode_length_mean:199.0000	test_red_team_alives_mean: 20.0000	test_red_team_win_mean:    1.0000
test_return_mean:          4.2945	test_return_std:           0.0000	
2026-03-03 05:16:03,818 - my_experiment - bat_IQL_RNN_2M - my_run - INFO - t_env: 851447 / 2050000
2026-03-03 05:16:03,818 - my_experiment - bat_IQL_RNN_2M - my_run - INFO - Estimated time left: 2 hours, 3 minutes, 43 seconds. Time passed: 1 hours, 29 minutes, 35 seconds
2026-03-03 05:21:17,070 - my_experiment - bat_IQL_RNN_2M - my_run - INFO - Recent Stats | t_env:     901309 | Episode:     4706
blue_team_alives_mean:     4.5703	blue_team_win_mean:        0.0000	ep_length_mean:          199.8706	episode_length_mean:     198.8706
epsilon:                   0.0500	grad_norm:                 6.3898	loss:                      1.9937	q_taken_mean:              0.8593
red_team_alives_mean:     20.0000	red_team_win_mean:         1.0000	return_mean:               5.1167	return_std:                0.8059
target_mean:               0.8597	td_error_abs:              0.8010	test_blue_team_alives_mean:  7.2000	test_blue_team_win_mean:   0.0000
test_ep_length_mean:     200.0000	test_episode_length_mean:199.0000	test_red_team_alives_mean: 20.0000	test_red_team_win_mean:    1.0000
test_return_mean:          4.1941	test_return_std:           0.0000	
2026-03-03 05:21:17,972 - my_experiment - bat_IQL_RNN_2M - my_run - INFO - t_env: 901509 / 2050000
2026-03-03 05:21:17,973 - my_experiment - bat_IQL_RNN_2M - my_run - INFO - Estimated time left: 2 hours, 7 seconds. Time passed: 1 hours, 34 minutes, 49 seconds
2026-03-03 05:26:12,402 - my_experiment - bat_IQL_RNN_2M - my_run - INFO - Recent Stats | t_env:     951487 | Episode:     4958
blue_team_alives_mean:     4.9469	blue_team_win_mean:        0.0000	ep_length_mean:          198.7344	episode_length_mean:     197.7344
epsilon:                   0.0500	grad_norm:                 3.8141	loss:                      1.8808	q_taken_mean:              0.8693
red_team_alives_mean:     20.0000	red_team_win_mean:         1.0000	return_mean:               4.9630	return_std:                0.8357
target_mean:               0.8705	td_error_abs:              0.7779	test_blue_team_alives_mean:  6.0000	test_blue_team_win_mean:   0.0000
test_ep_length_mean:     200.0000	test_episode_length_mean:199.0000	test_red_team_alives_mean: 20.0000	test_red_team_win_mean:    1.0000
test_return_mean:          4.6021	test_return_std:           0.0000	
2026-03-03 05:26:13,400 - my_experiment - bat_IQL_RNN_2M - my_run - INFO - t_env: 951687 / 2050000
2026-03-03 05:26:13,401 - my_experiment - bat_IQL_RNN_2M - my_run - INFO - Estimated time left: 1 hours, 47 minutes, 46 seconds. Time passed: 1 hours, 39 minutes, 44 seconds
2026-03-03 05:30:59,206 - my_experiment - bat_IQL_RNN_2M - my_run - INFO - Saving models to work_dirs/my_experiment/bat_IQL_RNN_2M/my_run/20260303_034617/models/1000701
2026-03-03 05:31:02,761 - my_experiment - bat_IQL_RNN_2M - my_run - INFO - Recent Stats | t_env:    1001501 | Episode:     5209
blue_team_alives_mean:     5.4701	blue_team_win_mean:        0.0000	ep_length_mean:          199.2706	episode_length_mean:     198.2706
epsilon:                   0.0500	grad_norm:                15.9011	loss:                      1.9028	q_taken_mean:              0.8761
red_team_alives_mean:     20.0000	red_team_win_mean:         1.0000	return_mean:               4.8116	return_std:                0.9036
target_mean:               0.8757	td_error_abs:              0.8186	test_blue_team_alives_mean:  6.0000	test_blue_team_win_mean:   0.0000
test_ep_length_mean:     200.0000	test_episode_length_mean:199.0000	test_red_team_alives_mean: 20.0000	test_red_team_win_mean:    1.0000
test_return_mean:          4.6717	test_return_std:           0.0000	
2026-03-03 05:31:03,640 - my_experiment - bat_IQL_RNN_2M - my_run - INFO - t_env: 1001701 / 2050000
2026-03-03 05:31:03,641 - my_experiment - bat_IQL_RNN_2M - my_run - INFO - Estimated time left: 1 hours, 41 minutes, 23 seconds. Time passed: 1 hours, 44 minutes, 34 seconds
2026-03-03 05:35:52,915 - my_experiment - bat_IQL_RNN_2M - my_run - INFO - Recent Stats | t_env:    1051531 | Episode:     5461
blue_team_alives_mean:     5.9735	blue_team_win_mean:        0.0000	ep_length_mean:          198.5490	episode_length_mean:     197.5490
epsilon:                   0.0500	grad_norm:                 3.7639	loss:                      1.8330	q_taken_mean:              0.8944
red_team_alives_mean:     20.0000	red_team_win_mean:         1.0000	return_mean:               4.6078	return_std:                0.9831
target_mean:               0.8938	td_error_abs:              0.7843	test_blue_team_alives_mean:  5.4000	test_blue_team_win_mean:   0.0000
test_ep_length_mean:     200.0000	test_episode_length_mean:199.0000	test_red_team_alives_mean: 20.0000	test_red_team_win_mean:    1.0000
test_return_mean:          4.8863	test_return_std:           0.0000	
2026-03-03 05:35:53,787 - my_experiment - bat_IQL_RNN_2M - my_run - INFO - t_env: 1051731 / 2050000
2026-03-03 05:35:53,788 - my_experiment - bat_IQL_RNN_2M - my_run - INFO - Estimated time left: 1 hours, 36 minutes, 29 seconds. Time passed: 1 hours, 49 minutes, 25 seconds
2026-03-03 05:40:36,423 - my_experiment - bat_IQL_RNN_2M - my_run - INFO - Recent Stats | t_env:    1101531 | Episode:     5711
blue_team_alives_mean:     5.6400	blue_team_win_mean:        0.0000	ep_length_mean:          200.0000	episode_length_mean:     199.0000
epsilon:                   0.0500	grad_norm:                 6.2190	loss:                      1.6416	q_taken_mean:              0.8926
red_team_alives_mean:     20.0000	red_team_win_mean:         1.0000	return_mean:               4.7382	return_std:                0.8982
target_mean:               0.8911	td_error_abs:              0.7752	test_blue_team_alives_mean:  6.6000	test_blue_team_win_mean:   0.0000
test_ep_length_mean:     200.0000	test_episode_length_mean:199.0000	test_red_team_alives_mean: 20.0000	test_red_team_win_mean:    1.0000
test_return_mean:          4.4037	test_return_std:           0.0000	
2026-03-03 05:40:37,453 - my_experiment - bat_IQL_RNN_2M - my_run - INFO - t_env: 1101731 / 2050000
2026-03-03 05:40:37,454 - my_experiment - bat_IQL_RNN_2M - my_run - INFO - Estimated time left: 1 hours, 29 minutes, 39 seconds. Time passed: 1 hours, 54 minutes, 8 seconds
2026-03-03 05:45:23,379 - my_experiment - bat_IQL_RNN_2M - my_run - INFO - Recent Stats | t_env:    1151591 | Episode:     5962
blue_team_alives_mean:     5.3736	blue_team_win_mean:        0.0000	ep_length_mean:          199.4510	episode_length_mean:     198.4510
epsilon:                   0.0500	grad_norm:                 4.0910	loss:                      1.5668	q_taken_mean:              0.8678
red_team_alives_mean:     20.0000	red_team_win_mean:         1.0000	return_mean:               4.8460	return_std:                0.8741
target_mean:               0.8681	td_error_abs:              0.7354	test_blue_team_alives_mean:  7.2000	test_blue_team_win_mean:   0.0000
test_ep_length_mean:     200.0000	test_episode_length_mean:199.0000	test_red_team_alives_mean: 20.0000	test_red_team_win_mean:    1.0000
test_return_mean:          4.2869	test_return_std:           0.0000	
2026-03-03 05:45:24,245 - my_experiment - bat_IQL_RNN_2M - my_run - INFO - t_env: 1151791 / 2050000
2026-03-03 05:45:24,246 - my_experiment - bat_IQL_RNN_2M - my_run - INFO - Estimated time left: 1 hours, 25 minutes, 45 seconds. Time passed: 1 hours, 58 minutes, 55 seconds
2026-03-03 05:50:05,456 - my_experiment - bat_IQL_RNN_2M - my_run - INFO - Saving models to work_dirs/my_experiment/bat_IQL_RNN_2M/my_run/20260303_034617/models/1200892
2026-03-03 05:50:08,998 - my_experiment - bat_IQL_RNN_2M - my_run - INFO - Recent Stats | t_env:    1201692 | Episode:     6213
blue_team_alives_mean:     4.3427	blue_team_win_mean:        0.0000	ep_length_mean:          199.6118	episode_length_mean:     198.6118
epsilon:                   0.0500	grad_norm:                 4.9276	loss:                      1.5366	q_taken_mean:              0.8759
red_team_alives_mean:     20.0000	red_team_win_mean:         1.0000	return_mean:               5.2108	return_std:                0.7575
target_mean:               0.8774	td_error_abs:              0.7275	test_blue_team_alives_mean:  7.2000	test_blue_team_win_mean:   0.0000
test_ep_length_mean:     200.0000	test_episode_length_mean:199.0000	test_red_team_alives_mean: 20.0000	test_red_team_win_mean:    1.0000
test_return_mean:          4.3429	test_return_std:           0.0000	
2026-03-03 05:50:09,863 - my_experiment - bat_IQL_RNN_2M - my_run - INFO - t_env: 1201892 / 2050000
2026-03-03 05:50:09,864 - my_experiment - bat_IQL_RNN_2M - my_run - INFO - Estimated time left: 1 hours, 20 minutes, 34 seconds. Time passed: 2 hours, 3 minutes, 41 seconds
2026-03-03 05:54:56,808 - my_experiment - bat_IQL_RNN_2M - my_run - INFO - Recent Stats | t_env:    1251771 | Episode:     6465
blue_team_alives_mean:     3.4307	blue_team_win_mean:        0.0000	ep_length_mean:          198.7412	episode_length_mean:     197.7412
epsilon:                   0.0500	grad_norm:                 3.7573	loss:                      1.4514	q_taken_mean:              0.8681
red_team_alives_mean:     20.0000	red_team_win_mean:         1.0000	return_mean:               5.4648	return_std:                0.7013
target_mean:               0.8670	td_error_abs:              0.7024	test_blue_team_alives_mean:  8.0000	test_blue_team_win_mean:   0.0000
test_ep_length_mean:     200.0000	test_episode_length_mean:199.0000	test_red_team_alives_mean: 20.0000	test_red_team_win_mean:    1.0000
test_return_mean:          3.9535	test_return_std:           0.0000	
2026-03-03 05:54:57,678 - my_experiment - bat_IQL_RNN_2M - my_run - INFO - t_env: 1251971 / 2050000
2026-03-03 05:54:57,679 - my_experiment - bat_IQL_RNN_2M - my_run - INFO - Estimated time left: 1 hours, 16 minutes, 26 seconds. Time passed: 2 hours, 8 minutes, 28 seconds
2026-03-03 05:59:37,707 - my_experiment - bat_IQL_RNN_2M - my_run - INFO - Recent Stats | t_env:    1301818 | Episode:     6719
blue_team_alives_mean:     3.0128	blue_team_win_mean:        0.0000	ep_length_mean:          197.5459	episode_length_mean:     196.5459
epsilon:                   0.0500	grad_norm:                 8.4546	loss:                      1.3860	q_taken_mean:              0.8411
red_team_alives_mean:     20.0000	red_team_win_mean:         1.0000	return_mean:               5.5652	return_std:                0.6286
target_mean:               0.8378	td_error_abs:              0.6850	test_blue_team_alives_mean:  7.4000	test_blue_team_win_mean:   0.0000
test_ep_length_mean:     200.0000	test_episode_length_mean:199.0000	test_red_team_alives_mean: 20.0000	test_red_team_win_mean:    1.0000
test_return_mean:          4.0804	test_return_std:           0.0000	
2026-03-03 05:59:38,645 - my_experiment - bat_IQL_RNN_2M - my_run - INFO - t_env: 1302018 / 2050000
2026-03-03 05:59:38,646 - my_experiment - bat_IQL_RNN_2M - my_run - INFO - Estimated time left: 1 hours, 9 minutes, 59 seconds. Time passed: 2 hours, 13 minutes, 9 seconds
2026-03-03 06:04:17,570 - my_experiment - bat_IQL_RNN_2M - my_run - INFO - Recent Stats | t_env:    1351892 | Episode:     6973
blue_team_alives_mean:     2.8314	blue_team_win_mean:        0.0000	ep_length_mean:          196.8353	episode_length_mean:     195.8353
epsilon:                   0.0500	grad_norm:                 5.8746	loss:                      1.3033	q_taken_mean:              0.8264
red_team_alives_mean:     20.0000	red_team_win_mean:         1.0000	return_mean:               5.5837	return_std:                0.6067
target_mean:               0.8273	td_error_abs:              0.6449	test_blue_team_alives_mean:  5.8000	test_blue_team_win_mean:   0.0000
test_ep_length_mean:     200.0000	test_episode_length_mean:199.0000	test_red_team_alives_mean: 20.0000	test_red_team_win_mean:    1.0000
test_return_mean:          4.6666	test_return_std:           0.0000	
2026-03-03 06:04:18,448 - my_experiment - bat_IQL_RNN_2M - my_run - INFO - t_env: 1352092 / 2050000
2026-03-03 06:04:18,448 - my_experiment - bat_IQL_RNN_2M - my_run - INFO - Estimated time left: 1 hours, 4 minutes, 59 seconds. Time passed: 2 hours, 17 minutes, 49 seconds
2026-03-03 06:09:04,143 - my_experiment - bat_IQL_RNN_2M - my_run - INFO - Saving models to work_dirs/my_experiment/bat_IQL_RNN_2M/my_run/20260303_034617/models/1401020
2026-03-03 06:09:08,631 - my_experiment - bat_IQL_RNN_2M - my_run - INFO - Recent Stats | t_env:    1402020 | Episode:     7229
blue_team_alives_mean:     2.7204	blue_team_win_mean:        0.0000	ep_length_mean:          195.6821	episode_length_mean:     194.6821
epsilon:                   0.0500	grad_norm:                 6.4930	loss:                      1.2283	q_taken_mean:              0.8218
red_team_alives_mean:     20.0000	red_team_win_mean:         1.0000	return_mean:               5.5831	return_std:                0.6792
target_mean:               0.8230	td_error_abs:              0.6254	test_blue_team_alives_mean:  5.2000	test_blue_team_win_mean:   0.0000
test_ep_length_mean:     200.0000	test_episode_length_mean:199.0000	test_red_team_alives_mean: 20.0000	test_red_team_win_mean:    1.0000
test_return_mean:          4.8082	test_return_std:           0.0000	
2026-03-03 06:09:09,511 - my_experiment - bat_IQL_RNN_2M - my_run - INFO - t_env: 1402220 / 2050000
2026-03-03 06:09:09,512 - my_experiment - bat_IQL_RNN_2M - my_run - INFO - Estimated time left: 1 hours, 2 minutes, 41 seconds. Time passed: 2 hours, 22 minutes, 40 seconds
2026-03-03 06:14:05,882 - my_experiment - bat_IQL_RNN_2M - my_run - INFO - Recent Stats | t_env:    1452120 | Episode:     7489
blue_team_alives_mean:     2.6482	blue_team_win_mean:        0.0000	ep_length_mean:          192.7308	episode_length_mean:     191.7308
epsilon:                   0.0500	grad_norm:                 8.7778	loss:                      1.2057	q_taken_mean:              0.8096
red_team_alives_mean:     20.0000	red_team_win_mean:         1.0000	return_mean:               5.6067	return_std:                0.6799
target_mean:               0.8103	td_error_abs:              0.6175	test_blue_team_alives_mean:  4.2000	test_blue_team_win_mean:   0.0000
test_ep_length_mean:     200.0000	test_episode_length_mean:199.0000	test_red_team_alives_mean: 20.0000	test_red_team_win_mean:    1.0000
test_return_mean:          5.1243	test_return_std:           0.0000	
2026-03-03 06:14:06,880 - my_experiment - bat_IQL_RNN_2M - my_run - INFO - t_env: 1452320 / 2050000
2026-03-03 06:14:06,880 - my_experiment - bat_IQL_RNN_2M - my_run - INFO - Estimated time left: 59 minutes, 7 seconds. Time passed: 2 hours, 27 minutes, 38 seconds
2026-03-03 06:18:58,793 - my_experiment - bat_IQL_RNN_2M - my_run - INFO - Recent Stats | t_env:    1502127 | Episode:     7746
blue_team_alives_mean:     2.6281	blue_team_win_mean:        0.0000	ep_length_mean:          194.6626	episode_length_mean:     193.6626
epsilon:                   0.0500	grad_norm:                16.0453	loss:                      1.1602	q_taken_mean:              0.7945
red_team_alives_mean:     20.0000	red_team_win_mean:         1.0000	return_mean:               5.5547	return_std:                0.6324
target_mean:               0.7944	td_error_abs:              0.6309	test_blue_team_alives_mean:  2.6000	test_blue_team_win_mean:   0.0000
test_ep_length_mean:     200.0000	test_episode_length_mean:199.0000	test_red_team_alives_mean: 20.0000	test_red_team_win_mean:    1.0000
test_return_mean:          5.6189	test_return_std:           0.0000	
2026-03-03 06:18:59,666 - my_experiment - bat_IQL_RNN_2M - my_run - INFO - t_env: 1502327 / 2050000
2026-03-03 06:18:59,666 - my_experiment - bat_IQL_RNN_2M - my_run - INFO - Estimated time left: 53 minutes, 26 seconds. Time passed: 2 hours, 32 minutes, 30 seconds
2026-03-03 06:23:53,769 - my_experiment - bat_IQL_RNN_2M - my_run - INFO - Recent Stats | t_env:    1552212 | Episode:     8007
blue_team_alives_mean:     2.6212	blue_team_win_mean:        0.0000	ep_length_mean:          192.0632	episode_length_mean:     191.0632
epsilon:                   0.0500	grad_norm:                 7.4757	loss:                      1.1199	q_taken_mean:              0.8020
red_team_alives_mean:     20.0000	red_team_win_mean:         1.0000	return_mean:               5.5081	return_std:                0.6799
target_mean:               0.8038	td_error_abs:              0.5838	test_blue_team_alives_mean:  2.6000	test_blue_team_win_mean:   0.0000
test_ep_length_mean:     200.0000	test_episode_length_mean:199.0000	test_red_team_alives_mean: 20.0000	test_red_team_win_mean:    1.0000
test_return_mean:          5.5642	test_return_std:           0.0000	
2026-03-03 06:23:54,664 - my_experiment - bat_IQL_RNN_2M - my_run - INFO - t_env: 1552412 / 2050000
2026-03-03 06:23:54,665 - my_experiment - bat_IQL_RNN_2M - my_run - INFO - Estimated time left: 48 minutes, 50 seconds. Time passed: 2 hours, 37 minutes, 25 seconds
2026-03-03 06:28:46,075 - my_experiment - bat_IQL_RNN_2M - my_run - INFO - Saving models to work_dirs/my_experiment/bat_IQL_RNN_2M/my_run/20260303_034617/models/1601192
2026-03-03 06:28:51,465 - my_experiment - bat_IQL_RNN_2M - my_run - INFO - Recent Stats | t_env:    1602392 | Episode:     8265
blue_team_alives_mean:     2.6361	blue_team_win_mean:        0.0000	ep_length_mean:          194.5570	episode_length_mean:     193.5570
epsilon:                   0.0500	grad_norm:                 8.5911	loss:                      1.0743	q_taken_mean:              0.7816
red_team_alives_mean:     20.0000	red_team_win_mean:         1.0000	return_mean:               5.3942	return_std:                0.6309
target_mean:               0.7842	td_error_abs:              0.5725	test_blue_team_alives_mean:  2.4000	test_blue_team_win_mean:   0.0000
test_ep_length_mean:     200.0000	test_episode_length_mean:199.0000	test_red_team_alives_mean: 20.0000	test_red_team_win_mean:    1.0000
test_return_mean:          5.5421	test_return_std:           0.0000	
2026-03-03 06:28:52,419 - my_experiment - bat_IQL_RNN_2M - my_run - INFO - t_env: 1602592 / 2050000
2026-03-03 06:28:52,420 - my_experiment - bat_IQL_RNN_2M - my_run - INFO - Estimated time left: 44 minutes, 14 seconds. Time passed: 2 hours, 42 minutes, 23 seconds
2026-03-03 06:33:41,712 - my_experiment - bat_IQL_RNN_2M - my_run - INFO - Recent Stats | t_env:    1652484 | Episode:     8524
blue_team_alives_mean:     3.1184	blue_team_win_mean:        0.0000	ep_length_mean:          194.4242	episode_length_mean:     193.4242
epsilon:                   0.0500	grad_norm:                10.4922	loss:                      1.0405	q_taken_mean:              0.7723
red_team_alives_mean:     20.0000	red_team_win_mean:         1.0000	return_mean:               5.0972	return_std:                0.7933
target_mean:               0.7676	td_error_abs:              0.5795	test_blue_team_alives_mean:  2.6000	test_blue_team_win_mean:   0.0000
test_ep_length_mean:     200.0000	test_episode_length_mean:199.0000	test_red_team_alives_mean: 20.0000	test_red_team_win_mean:    1.0000
test_return_mean:          5.3569	test_return_std:           0.0000	
2026-03-03 06:33:42,593 - my_experiment - bat_IQL_RNN_2M - my_run - INFO - t_env: 1652671 / 2050000
2026-03-03 06:33:42,593 - my_experiment - bat_IQL_RNN_2M - my_run - INFO - Estimated time left: 38 minutes, 22 seconds. Time passed: 2 hours, 47 minutes, 13 seconds
2026-03-03 06:38:37,164 - my_experiment - bat_IQL_RNN_2M - my_run - INFO - Recent Stats | t_env:    1702600 | Episode:     8786
blue_team_alives_mean:     2.6530	blue_team_win_mean:        0.0000	ep_length_mean:          190.4079	episode_length_mean:     189.4079
epsilon:                   0.0500	grad_norm:                 6.2540	loss:                      1.0203	q_taken_mean:              0.7600
red_team_alives_mean:     20.0000	red_team_win_mean:         1.0000	return_mean:               5.3320	return_std:                0.7701
target_mean:               0.7601	td_error_abs:              0.5539	test_blue_team_alives_mean:  3.0000	test_blue_team_win_mean:   0.0000
test_ep_length_mean:     200.0000	test_episode_length_mean:199.0000	test_red_team_alives_mean: 20.0000	test_red_team_win_mean:    1.0000
test_return_mean:          5.0581	test_return_std:           0.0000	
2026-03-03 06:38:38,038 - my_experiment - bat_IQL_RNN_2M - my_run - INFO - t_env: 1702800 / 2050000
2026-03-03 06:38:38,038 - my_experiment - bat_IQL_RNN_2M - my_run - INFO - Estimated time left: 34 minutes, 6 seconds. Time passed: 2 hours, 52 minutes, 9 seconds
2026-03-03 06:43:35,691 - my_experiment - bat_IQL_RNN_2M - my_run - INFO - Recent Stats | t_env:    1752650 | Episode:     9044
blue_team_alives_mean:     2.9064	blue_team_win_mean:        0.0000	ep_length_mean:          194.4817	episode_length_mean:     193.4817
epsilon:                   0.0500	grad_norm:                 4.5955	loss:                      1.0127	q_taken_mean:              0.7546
red_team_alives_mean:     20.0000	red_team_win_mean:         1.0000	return_mean:               5.0832	return_std:                0.7267
target_mean:               0.7543	td_error_abs:              0.5510	test_blue_team_alives_mean:  3.6000	test_blue_team_win_mean:   0.0000
test_ep_length_mean:     200.0000	test_episode_length_mean:199.0000	test_red_team_alives_mean: 20.0000	test_red_team_win_mean:    1.0000
test_return_mean:          4.8120	test_return_std:           0.0000	
2026-03-03 06:43:36,564 - my_experiment - bat_IQL_RNN_2M - my_run - INFO - t_env: 1752850 / 2050000
2026-03-03 06:43:36,565 - my_experiment - bat_IQL_RNN_2M - my_run - INFO - Estimated time left: 29 minutes, 32 seconds. Time passed: 2 hours, 57 minutes, 7 seconds
2026-03-03 06:48:23,189 - my_experiment - bat_IQL_RNN_2M - my_run - INFO - Saving models to work_dirs/my_experiment/bat_IQL_RNN_2M/my_run/20260303_034617/models/1801355
2026-03-03 06:48:29,427 - my_experiment - bat_IQL_RNN_2M - my_run - INFO - Recent Stats | t_env:    1802755 | Episode:     9306
blue_team_alives_mean:     2.6344	blue_team_win_mean:        0.0000	ep_length_mean:          191.7448	episode_length_mean:     190.7448
epsilon:                   0.0500	grad_norm:                 9.8671	loss:                      1.0076	q_taken_mean:              0.7475
red_team_alives_mean:     20.0000	red_team_win_mean:         1.0000	return_mean:               5.1304	return_std:                0.8050
target_mean:               0.7462	td_error_abs:              0.5668	test_blue_team_alives_mean:  3.8000	test_blue_team_win_mean:   0.0000
test_ep_length_mean:     200.0000	test_episode_length_mean:199.0000	test_red_team_alives_mean: 20.0000	test_red_team_win_mean:    1.0000
test_return_mean:          4.6901	test_return_std:           0.0000	
2026-03-03 06:48:30,328 - my_experiment - bat_IQL_RNN_2M - my_run - INFO - t_env: 1802955 / 2050000
2026-03-03 06:48:30,329 - my_experiment - bat_IQL_RNN_2M - my_run - INFO - Estimated time left: 24 minutes, 8 seconds. Time passed: 3 hours, 2 minutes, 1 seconds
2026-03-03 06:53:15,131 - my_experiment - bat_IQL_RNN_2M - my_run - INFO - Recent Stats | t_env:    1852888 | Episode:     9568
blue_team_alives_mean:     2.6060	blue_team_win_mean:        0.0000	ep_length_mean:          190.5374	episode_length_mean:     189.5374
epsilon:                   0.0500	grad_norm:                 5.5268	loss:                      0.9780	q_taken_mean:              0.7419
red_team_alives_mean:     20.0000	red_team_win_mean:         1.0000	return_mean:               5.1341	return_std:                0.7641
target_mean:               0.7410	td_error_abs:              0.5380	test_blue_team_alives_mean:  3.6000	test_blue_team_win_mean:   0.0000
test_ep_length_mean:     200.0000	test_episode_length_mean:199.0000	test_red_team_alives_mean: 20.0000	test_red_team_win_mean:    1.0000
test_return_mean:          4.6340	test_return_std:           0.0000	
2026-03-03 06:53:16,015 - my_experiment - bat_IQL_RNN_2M - my_run - INFO - t_env: 1853088 / 2050000
2026-03-03 06:53:16,015 - my_experiment - bat_IQL_RNN_2M - my_run - INFO - Estimated time left: 18 minutes, 42 seconds. Time passed: 3 hours, 6 minutes, 47 seconds
2026-03-03 06:57:56,022 - my_experiment - bat_IQL_RNN_2M - my_run - INFO - Recent Stats | t_env:    1902904 | Episode:     9829
blue_team_alives_mean:     2.3591	blue_team_win_mean:        0.0000	ep_length_mean:          192.5172	episode_length_mean:     191.5172
epsilon:                   0.0500	grad_norm:                 6.6483	loss:                      0.9591	q_taken_mean:              0.7250
red_team_alives_mean:     20.0000	red_team_win_mean:         1.0000	return_mean:               5.2086	return_std:                0.6714
target_mean:               0.7233	td_error_abs:              0.5426	test_blue_team_alives_mean:  3.4000	test_blue_team_win_mean:   0.0000
test_ep_length_mean:     200.0000	test_episode_length_mean:199.0000	test_red_team_alives_mean: 20.0000	test_red_team_win_mean:    1.0000
test_return_mean:          4.6880	test_return_std:           0.0000	
2026-03-03 06:57:56,889 - my_experiment - bat_IQL_RNN_2M - my_run - INFO - t_env: 1903104 / 2050000
2026-03-03 06:57:56,890 - my_experiment - bat_IQL_RNN_2M - my_run - INFO - Estimated time left: 13 minutes, 44 seconds. Time passed: 3 hours, 11 minutes, 28 seconds
2026-03-03 07:02:43,174 - my_experiment - bat_IQL_RNN_2M - my_run - INFO - Recent Stats | t_env:    1952917 | Episode:    10087
blue_team_alives_mean:     2.3626	blue_team_win_mean:        0.0000	ep_length_mean:          192.9356	episode_length_mean:     191.9356
epsilon:                   0.0500	grad_norm:                 6.6593	loss:                      0.9509	q_taken_mean:              0.7026
red_team_alives_mean:     20.0000	red_team_win_mean:         1.0000	return_mean:               5.1944	return_std:                0.6072
target_mean:               0.7032	td_error_abs:              0.5314	test_blue_team_alives_mean:  3.6000	test_blue_team_win_mean:   0.0000
test_ep_length_mean:     200.0000	test_episode_length_mean:199.0000	test_red_team_alives_mean: 20.0000	test_red_team_win_mean:    1.0000
test_return_mean:          4.7133	test_return_std:           0.0000	
2026-03-03 07:02:44,067 - my_experiment - bat_IQL_RNN_2M - my_run - INFO - t_env: 1953117 / 2050000
2026-03-03 07:02:44,067 - my_experiment - bat_IQL_RNN_2M - my_run - INFO - Estimated time left: 9 minutes, 16 seconds. Time passed: 3 hours, 16 minutes, 15 seconds
2026-03-03 07:07:15,604 - my_experiment - bat_IQL_RNN_2M - my_run - INFO - Saving models to work_dirs/my_experiment/bat_IQL_RNN_2M/my_run/20260303_034617/models/2001450
2026-03-03 07:07:22,586 - my_experiment - bat_IQL_RNN_2M - my_run - INFO - Recent Stats | t_env:    2003050 | Episode:    10342
blue_team_alives_mean:     2.6661	blue_team_win_mean:        0.0000	ep_length_mean:          196.5295	episode_length_mean:     195.5295
epsilon:                   0.0500	grad_norm:                 5.0973	loss:                      0.9611	q_taken_mean:              0.6795
red_team_alives_mean:     20.0000	red_team_win_mean:         1.0000	return_mean:               4.9528	return_std:                0.5900
target_mean:               0.6808	td_error_abs:              0.5203	test_blue_team_alives_mean:  3.4000	test_blue_team_win_mean:   0.0000
test_ep_length_mean:     200.0000	test_episode_length_mean:199.0000	test_red_team_alives_mean: 20.0000	test_red_team_win_mean:    1.0000
test_return_mean:          4.7172	test_return_std:           0.0000	
2026-03-03 07:07:23,219 - my_experiment - bat_IQL_RNN_2M - my_run - INFO - t_env: 2003162 / 2050000
2026-03-03 07:07:23,220 - my_experiment - bat_IQL_RNN_2M - my_run - INFO - Estimated time left: 4 minutes, 21 seconds. Time passed: 3 hours, 20 minutes, 54 seconds
2026-03-03 07:11:48,885 - my_experiment - bat_IQL_RNN_2M - my_run - INFO - Finished Training
