Gym has been unmaintained since 2022 and does not support NumPy 2.0 amongst other critical functionality.
Please upgrade to Gymnasium, the maintained drop-in replacement of Gym, or contact the authors of your software and request that they upgrade.
Users of this version of Gym should be able to simply replace 'import gym' with 'import gymnasium as gym' in the vast majority of cases.
See the migration guide at https://gymnasium.farama.org/introduction/migration_guide/ for additional information.
src/main.py:81: DeprecationWarning: Using or importing the ABCs from 'collections' instead of from 'collections.abc' is deprecated since Python 3.3, and in 3.10 it will stop working
  if isinstance(v, collections.Mapping):
wandb: [wandb.login()] Loaded credentials for https://api.wandb.ai from /home/pparsons/.netrc.
wandb: Currently logged in as: peterparsons02 (peterparsons02-eth-z-rich) to https://api.wandb.ai. Use `wandb login --relogin` to force relogin
wandb: setting up run cxd4excb
wandb: Tracking run with wandb version 0.24.1
wandb: Run data is saved locally in /usr/itetnas04/data-scratch-01/pparsons/data/MyExpoComm/wandb/run-20260302_180042-cxd4excb
wandb: Run `wandb offline` to turn off syncing.
wandb: Syncing run my_run-bat_Big_ExpoComm_5M-20260302_180041
wandb: ⭐️ View project at https://wandb.ai/peterparsons02-eth-z-rich/my_experiment
wandb: 🚀 View run at https://wandb.ai/peterparsons02-eth-z-rich/my_experiment/runs/cxd4excb
2026-03-02 18:00:46,956 - my_experiment - bat_Big_ExpoComm_5M - my_run - INFO - Current directory: /usr/itetnas04/data-scratch-01/pparsons/data/MyExpoComm.
2026-03-02 18:00:46,957 - my_experiment - bat_Big_ExpoComm_5M - my_run - INFO - Experiment Parameters:
2026-03-02 18:00:46,958 - my_experiment - bat_Big_ExpoComm_5M - my_run - INFO - 

{   'action_selector': 'epsilon_greedy',
    'add_value_last_step': True,
    'agent': 'ExpoComm_one_peer_cont',
    'agent_output_type': 'q',
    'aux_coef': 0.1,
    'batch_size': 16,
    'batch_size_run': 1,
    'buffer_cpu_only': True,
    'buffer_size': 1000,
    'checkpoint_path': 'work_dirs/my_experiment/bat_Big_ExpoComm_5M/my_run/20260223_165528/models',
    'double_q': True,
    'env': 'MAgent_Battle',
    'env_args': {   'global_reward': True,
                    'map_name': 'battle_view7',
                    'map_size': 70,
                    'max_cycles': 200,
                    'minimap_mode': False,
                    'pretrained_ckpt': None,
                    'seed': 42},
    'epsilon_anneal_time': 1000000,
    'epsilon_finish': 0.05,
    'epsilon_start': 1.0,
    'evaluate': False,
    'evaluation_epsilon': 0.0,
    'exp_name': 'my_experiment',
    'gamma': 0.99,
    'global_reward': True,
    'grad_norm_clip': 10,
    'hidden_dim': 64,
    'hypergroup': None,
    'hypernet_embed': 64,
    'hypernet_layers': 2,
    'label': 'default_label',
    'learner': 'cont_q_learner',
    'learner_log_interval': 10000,
    'load_step': 0,
    'local_results_path': 'results',
    'log_interval': 50000,
    'lr': 0.0005,
    'mac': 'ExpoComm_mac',
    'mixer': 'qmix',
    'mixing_embed_dim': 64,
    'name': 'bat_Big_ExpoComm_5M',
    'neg_num': 20,
    'obs_agent_id': True,
    'obs_individual_obs': False,
    'obs_last_action': True,
    'one_peer': True,
    'optim_alpha': 0.99,
    'optim_eps': 1e-05,
    'pos_flag': False,
    'render': False,
    'repeat_id': 1,
    'run_name': 'my_run',
    'runner': 'episode',
    'runner_log_interval': 10000,
    'save_model': True,
    'save_model_interval': 500000,
    'save_replay': False,
    'seed': 42,
    'standardise_returns': False,
    'standardise_rewards': True,
    't_max': 5050000,
    'target_update_interval_or_tau': 200,
    'temperature': 0.07,
    'test_greedy': True,
    'test_interval': 50000,
    'test_nepisode': 32,
    'topk_neighbors': 7,
    'use_cuda': True,
    'use_rnn': True,
    'use_tensorboard': True,
    'work_dir': 'work_dirs/my_experiment/bat_Big_ExpoComm_5M/my_run/20260302_180041'}

/usr/itetnas04/data-scratch-01/pparsons/data/conda_envs/ExpoComm/lib/python3.8/site-packages/pettingzoo/utils/conversions.py:41: UserWarning: The `from_parallel` function is deprecated. Use the `parallel_to_aec` function instead.
  warnings.warn("The `from_parallel` function is deprecated. Use the `parallel_to_aec` function instead.")
/usr/itetnas04/data-scratch-01/pparsons/data/conda_envs/ExpoComm/lib/python3.8/site-packages/pettingzoo/utils/wrappers/base.py:44: UserWarning: The `observation_spaces` dictionary is deprecated. Use the `observation_space` function instead.
  warnings.warn("The `observation_spaces` dictionary is deprecated. Use the `observation_space` function instead.")
/usr/itetnas04/data-scratch-01/pparsons/data/conda_envs/ExpoComm/lib/python3.8/site-packages/pettingzoo/utils/conversions.py:36: UserWarning: The `to_parallel` function is deprecated. Use the `aec_to_parallel` function instead.
  warnings.warn("The `to_parallel` function is deprecated. Use the `aec_to_parallel` function instead.")
/usr/itetnas04/data-scratch-01/pparsons/data/conda_envs/ExpoComm/lib/python3.8/site-packages/pettingzoo/utils/conversions.py:80: UserWarning: The `action_spaces` dictionary is deprecated. Use the `action_space` function instead.
  warnings.warn("The `action_spaces` dictionary is deprecated. Use the `action_space` function instead.")
/usr/itetnas04/data-scratch-01/pparsons/data/conda_envs/ExpoComm/lib/python3.8/site-packages/pettingzoo/utils/wrappers/base.py:52: UserWarning: The `action_spaces` dictionary is deprecated. Use the `action_space` function instead.
  warnings.warn("The `action_spaces` dictionary is deprecated. Use the `action_space` function instead.")
/usr/itetnas04/data-scratch-01/pparsons/data/conda_envs/ExpoComm/lib/python3.8/site-packages/pettingzoo/utils/conversions.py:72: UserWarning: The `observation_spaces` dictionary is deprecated. Use the `observation_space` function instead.
  warnings.warn("The `observation_spaces` dictionary is deprecated. Use the `observation_space` function instead.")
2026-03-02 18:01:21,161 - my_experiment - bat_Big_ExpoComm_5M - my_run - INFO - Loading model from work_dirs/my_experiment/bat_Big_ExpoComm_5M/my_run/20260223_165528/models/4000200
2026-03-02 18:01:21,403 - my_experiment - bat_Big_ExpoComm_5M - my_run - INFO - Beginning training for 5050000 timesteps
/usr/itetnas04/data-scratch-01/pparsons/data/MyExpoComm/src/envs/battle_wrappers.py:258: UserWarning: To copy construct from a tensor, it is recommended to use sourceTensor.clone().detach() or sourceTensor.clone().detach().requires_grad_(True), rather than torch.tensor(sourceTensor).
  actions = torch.tensor(actions, dtype=torch.long)
2026-03-02 18:01:41,333 - my_experiment - bat_Big_ExpoComm_5M - my_run - INFO - t_env: 4000400 / 5050000
2026-03-02 18:01:41,334 - my_experiment - bat_Big_ExpoComm_5M - my_run - INFO - Estimated time left: 5 seconds. Time passed: 19 seconds
2026-03-02 18:05:18,505 - my_experiment - bat_Big_ExpoComm_5M - my_run - INFO - Saving models to work_dirs/my_experiment/bat_Big_ExpoComm_5M/my_run/20260302_180041/models/4000400
2026-03-02 18:05:18,578 - my_experiment - bat_Big_ExpoComm_5M - my_run - INFO - Recent Stats | t_env:    4000400 | Episode:        1
blue_team_alives_mean:   196.0000	blue_team_win_mean:        0.0000	ep_length_mean:          200.0000	episode_length_mean:     199.0000
epsilon:                   0.0500	red_team_alives_mean:    196.0000	red_team_win_mean:         0.0000	return_mean:              -1.1522
return_std:                0.0000	test_blue_team_alives_mean:196.0000	test_blue_team_win_mean:   0.0000	test_ep_length_mean:     200.0000
test_episode_length_mean:199.0000	test_red_team_alives_mean:196.0000	test_red_team_win_mean:    0.0000	test_return_mean:         -1.2683
test_return_std:           0.0000	
2026-03-02 18:37:38,444 - my_experiment - bat_Big_ExpoComm_5M - my_run - INFO - t_env: 4050400 / 5050000
2026-03-02 18:37:38,447 - my_experiment - bat_Big_ExpoComm_5M - my_run - INFO - Estimated time left: 11 hours, 58 minutes, 44 seconds. Time passed: 36 minutes, 17 seconds
2026-03-02 18:41:21,420 - my_experiment - bat_Big_ExpoComm_5M - my_run - INFO - Recent Stats | t_env:    4050400 | Episode:      251
blue_team_alives_mean:   163.3280	blue_team_win_mean:        0.0000	ep_length_mean:          200.0000	episode_length_mean:     199.0000
epsilon:                   0.0500	grad_norm:               13855742044.9500	info_nce_loss:             1.6794	loss:                    6041583962.1969
q_loss:                  5492349131.0047	q_taken_mean:            157.3125	red_team_alives_mean:    196.0000	red_team_win_mean:         0.5320
return_mean:              -0.6364	return_std:                1.1181	target_mean:               6.4434	td_error_abs:            30578.4328
test_blue_team_alives_mean:195.0000	test_blue_team_win_mean:   0.0000	test_ep_length_mean:     200.0000	test_episode_length_mean:199.0000
test_red_team_alives_mean:196.0000	test_red_team_win_mean:    0.5000	test_return_mean:         -1.1491	test_return_std:           0.0000

2026-03-02 19:11:02,641 - my_experiment - bat_Big_ExpoComm_5M - my_run - INFO - t_env: 4100400 / 5050000
2026-03-02 19:11:02,649 - my_experiment - bat_Big_ExpoComm_5M - my_run - INFO - Estimated time left: 10 hours, 34 minutes, 23 seconds. Time passed: 1 hours, 9 minutes, 41 seconds
2026-03-02 19:14:10,059 - my_experiment - bat_Big_ExpoComm_5M - my_run - INFO - Recent Stats | t_env:    4100400 | Episode:      501
blue_team_alives_mean:   105.5680	blue_team_win_mean:        0.0000	ep_length_mean:          200.0000	episode_length_mean:     199.0000
epsilon:                   0.0500	grad_norm:               1381761.8438	info_nce_loss:             1.6492	loss:                    94036.7988
q_loss:                  85488.0004	q_taken_mean:              6.9163	red_team_alives_mean:    196.0000	red_team_win_mean:         0.9920
return_mean:               2.4624	return_std:                0.6328	target_mean:               7.0903	td_error_abs:            163.5191
test_blue_team_alives_mean:159.3333	test_blue_team_win_mean:   0.0000	test_ep_length_mean:     200.0000	test_episode_length_mean:199.0000
test_red_team_alives_mean:196.0000	test_red_team_win_mean:    0.6667	test_return_mean:          0.2816	test_return_std:           0.0000

2026-03-02 19:43:08,797 - my_experiment - bat_Big_ExpoComm_5M - my_run - INFO - t_env: 4150400 / 5050000
2026-03-02 19:43:08,799 - my_experiment - bat_Big_ExpoComm_5M - my_run - INFO - Estimated time left: 9 hours, 37 minutes, 35 seconds. Time passed: 1 hours, 41 minutes, 47 seconds
2026-03-02 19:46:25,865 - my_experiment - bat_Big_ExpoComm_5M - my_run - INFO - Recent Stats | t_env:    4150400 | Episode:      751
blue_team_alives_mean:    97.0400	blue_team_win_mean:        0.0000	ep_length_mean:          200.0000	episode_length_mean:     199.0000
epsilon:                   0.0500	grad_norm:               1115020.5562	info_nce_loss:             1.9604	loss:                    75823.7902
q_loss:                  68930.7180	q_taken_mean:              7.8442	red_team_alives_mean:    196.0000	red_team_win_mean:         1.0000
return_mean:               2.8870	return_std:                0.4984	target_mean:               8.0477	td_error_abs:            140.7195
test_blue_team_alives_mean:148.5000	test_blue_team_win_mean:   0.0000	test_ep_length_mean:     200.0000	test_episode_length_mean:199.0000
test_red_team_alives_mean:196.0000	test_red_team_win_mean:    0.7500	test_return_mean:          0.7336	test_return_std:           0.0000

2026-03-02 20:15:53,530 - my_experiment - bat_Big_ExpoComm_5M - my_run - INFO - t_env: 4200400 / 5050000
2026-03-02 20:15:53,532 - my_experiment - bat_Big_ExpoComm_5M - my_run - INFO - Estimated time left: 9 hours, 16 minutes, 24 seconds. Time passed: 2 hours, 14 minutes, 32 seconds
2026-03-02 20:18:57,701 - my_experiment - bat_Big_ExpoComm_5M - my_run - INFO - Recent Stats | t_env:    4200400 | Episode:     1001
blue_team_alives_mean:   105.0040	blue_team_win_mean:        0.0000	ep_length_mean:          200.0000	episode_length_mean:     199.0000
epsilon:                   0.0500	grad_norm:               941269.1500	info_nce_loss:             1.7151	loss:                    46081.5656
q_loss:                  41892.3316	q_taken_mean:              7.9553	red_team_alives_mean:    196.0000	red_team_win_mean:         1.0000
return_mean:               2.5287	return_std:                0.7540	target_mean:               8.1750	td_error_abs:            123.6972
test_blue_team_alives_mean:135.4000	test_blue_team_win_mean:   0.0000	test_ep_length_mean:     200.0000	test_episode_length_mean:199.0000
test_red_team_alives_mean:196.0000	test_red_team_win_mean:    0.8000	test_return_mean:          1.2599	test_return_std:           0.0000

2026-03-02 20:47:55,051 - my_experiment - bat_Big_ExpoComm_5M - my_run - INFO - t_env: 4250400 / 5050000
2026-03-02 20:47:55,053 - my_experiment - bat_Big_ExpoComm_5M - my_run - INFO - Estimated time left: 8 hours, 32 minutes, 8 seconds. Time passed: 2 hours, 46 minutes, 33 seconds
2026-03-02 20:50:49,693 - my_experiment - bat_Big_ExpoComm_5M - my_run - INFO - Recent Stats | t_env:    4250400 | Episode:     1251
blue_team_alives_mean:    95.8000	blue_team_win_mean:        0.0000	ep_length_mean:          200.0000	episode_length_mean:     199.0000
epsilon:                   0.0500	grad_norm:               1266081.6625	info_nce_loss:             1.7765	loss:                    42206.6008
q_loss:                  38369.6371	q_taken_mean:              7.8253	red_team_alives_mean:    196.0000	red_team_win_mean:         1.0000
return_mean:               2.7520	return_std:                0.8185	target_mean:               7.9422	td_error_abs:            129.1709
test_blue_team_alives_mean:109.2000	test_blue_team_win_mean:   0.0000	test_ep_length_mean:     200.0000	test_episode_length_mean:199.0000
test_red_team_alives_mean:196.0000	test_red_team_win_mean:    1.0000	test_return_mean:          2.2244	test_return_std:           0.0000

2026-03-02 21:19:22,788 - my_experiment - bat_Big_ExpoComm_5M - my_run - INFO - t_env: 4300400 / 5050000
2026-03-02 21:19:22,790 - my_experiment - bat_Big_ExpoComm_5M - my_run - INFO - Estimated time left: 7 hours, 51 minutes, 40 seconds. Time passed: 3 hours, 18 minutes, 1 seconds
2026-03-02 21:22:18,747 - my_experiment - bat_Big_ExpoComm_5M - my_run - INFO - Recent Stats | t_env:    4300400 | Episode:     1501
blue_team_alives_mean:    86.1560	blue_team_win_mean:        0.0000	ep_length_mean:          200.0000	episode_length_mean:     199.0000
epsilon:                   0.0500	grad_norm:               860498.5437	info_nce_loss:             1.3360	loss:                    35164.3082
q_loss:                  31967.5527	q_taken_mean:              8.2849	red_team_alives_mean:    196.0000	red_team_win_mean:         1.0000
return_mean:               3.0622	return_std:                0.7460	target_mean:               8.3406	td_error_abs:            126.2327
test_blue_team_alives_mean: 81.6000	test_blue_team_win_mean:   0.0000	test_ep_length_mean:     200.0000	test_episode_length_mean:199.0000
test_red_team_alives_mean:196.0000	test_red_team_win_mean:    1.0000	test_return_mean:          3.1693	test_return_std:           0.0000

2026-03-02 21:50:04,850 - my_experiment - bat_Big_ExpoComm_5M - my_run - INFO - t_env: 4350400 / 5050000
2026-03-02 21:50:04,852 - my_experiment - bat_Big_ExpoComm_5M - my_run - INFO - Estimated time left: 7 hours, 9 minutes, 34 seconds. Time passed: 3 hours, 48 minutes, 43 seconds
2026-03-02 21:53:00,236 - my_experiment - bat_Big_ExpoComm_5M - my_run - INFO - Recent Stats | t_env:    4350400 | Episode:     1751
blue_team_alives_mean:    63.8440	blue_team_win_mean:        0.0000	ep_length_mean:          200.0000	episode_length_mean:     199.0000
epsilon:                   0.0500	grad_norm:               1014782.5500	info_nce_loss:             1.0633	loss:                    35951.4367
q_loss:                  32683.5102	q_taken_mean:              8.3090	red_team_alives_mean:    196.0000	red_team_win_mean:         1.0000
return_mean:               3.7891	return_std:                0.5363	target_mean:               8.5347	td_error_abs:            125.0272
test_blue_team_alives_mean: 76.2000	test_blue_team_win_mean:   0.0000	test_ep_length_mean:     200.0000	test_episode_length_mean:199.0000
test_red_team_alives_mean:196.0000	test_red_team_win_mean:    1.0000	test_return_mean:          3.3163	test_return_std:           0.0000

2026-03-02 22:20:44,141 - my_experiment - bat_Big_ExpoComm_5M - my_run - INFO - t_env: 4400400 / 5050000
2026-03-02 22:20:44,144 - my_experiment - bat_Big_ExpoComm_5M - my_run - INFO - Estimated time left: 6 hours, 38 minutes, 16 seconds. Time passed: 4 hours, 19 minutes, 22 seconds
2026-03-02 22:23:46,405 - my_experiment - bat_Big_ExpoComm_5M - my_run - INFO - Recent Stats | t_env:    4400400 | Episode:     2001
blue_team_alives_mean:    61.5680	blue_team_win_mean:        0.0000	ep_length_mean:          200.0000	episode_length_mean:     199.0000
epsilon:                   0.0500	grad_norm:               1022481.3875	info_nce_loss:             1.5552	loss:                    44193.8633
q_loss:                  40176.2398	q_taken_mean:              8.6899	red_team_alives_mean:    195.9960	red_team_win_mean:         1.0000
return_mean:               3.9950	return_std:                0.6011	target_mean:               8.8980	td_error_abs:            140.1849
test_blue_team_alives_mean: 67.2000	test_blue_team_win_mean:   0.0000	test_ep_length_mean:     200.0000	test_episode_length_mean:199.0000
test_red_team_alives_mean:196.0000	test_red_team_win_mean:    1.0000	test_return_mean:          3.6545	test_return_std:           0.0000

2026-03-02 22:51:22,487 - my_experiment - bat_Big_ExpoComm_5M - my_run - INFO - t_env: 4450400 / 5050000
2026-03-02 22:51:22,489 - my_experiment - bat_Big_ExpoComm_5M - my_run - INFO - Estimated time left: 6 hours, 7 minutes, 25 seconds. Time passed: 4 hours, 50 minutes, 1 seconds
2026-03-02 22:54:13,944 - my_experiment - bat_Big_ExpoComm_5M - my_run - INFO - Recent Stats | t_env:    4450400 | Episode:     2251
blue_team_alives_mean:    56.3480	blue_team_win_mean:        0.0000	ep_length_mean:          200.0000	episode_length_mean:     199.0000
epsilon:                   0.0500	grad_norm:               1990731.1687	info_nce_loss:             1.1888	loss:                    61855.5332
q_loss:                  56232.3035	q_taken_mean:              9.2345	red_team_alives_mean:    196.0000	red_team_win_mean:         1.0000
return_mean:               4.3514	return_std:                0.3518	target_mean:               9.5938	td_error_abs:            164.4646
test_blue_team_alives_mean: 64.0000	test_blue_team_win_mean:   0.0000	test_ep_length_mean:     200.0000	test_episode_length_mean:199.0000
test_red_team_alives_mean:196.0000	test_red_team_win_mean:    1.0000	test_return_mean:          3.8026	test_return_std:           0.0000

2026-03-02 23:21:06,374 - my_experiment - bat_Big_ExpoComm_5M - my_run - INFO - t_env: 4500400 / 5050000
2026-03-02 23:21:06,376 - my_experiment - bat_Big_ExpoComm_5M - my_run - INFO - Estimated time left: 5 hours, 26 minutes, 48 seconds. Time passed: 5 hours, 19 minutes, 44 seconds
2026-03-02 23:23:54,563 - my_experiment - bat_Big_ExpoComm_5M - my_run - INFO - Saving models to work_dirs/my_experiment/bat_Big_ExpoComm_5M/my_run/20260302_180041/models/4500400
2026-03-02 23:23:54,635 - my_experiment - bat_Big_ExpoComm_5M - my_run - INFO - Recent Stats | t_env:    4500400 | Episode:     2501
blue_team_alives_mean:    41.6000	blue_team_win_mean:        0.0000	ep_length_mean:          200.0000	episode_length_mean:     199.0000
epsilon:                   0.0500	grad_norm:               2024968.0437	info_nce_loss:             1.0929	loss:                    61573.3992
q_loss:                  55975.8164	q_taken_mean:             10.8786	red_team_alives_mean:    196.0000	red_team_win_mean:         1.0000
return_mean:               4.9545	return_std:                0.3189	target_mean:              10.9232	td_error_abs:            167.3206
test_blue_team_alives_mean: 57.4000	test_blue_team_win_mean:   0.0000	test_ep_length_mean:     200.0000	test_episode_length_mean:199.0000
test_red_team_alives_mean:196.0000	test_red_team_win_mean:    1.0000	test_return_mean:          4.1306	test_return_std:           0.0000

2026-03-02 23:50:08,491 - my_experiment - bat_Big_ExpoComm_5M - my_run - INFO - t_env: 4550400 / 5050000
2026-03-02 23:50:08,493 - my_experiment - bat_Big_ExpoComm_5M - my_run - INFO - Estimated time left: 4 hours, 50 minutes, 7 seconds. Time passed: 5 hours, 48 minutes, 47 seconds
2026-03-02 23:52:45,486 - my_experiment - bat_Big_ExpoComm_5M - my_run - INFO - Recent Stats | t_env:    4550400 | Episode:     2751
blue_team_alives_mean:    37.5240	blue_team_win_mean:        0.0000	ep_length_mean:          200.0000	episode_length_mean:     199.0000
epsilon:                   0.0500	grad_norm:               2860128.6250	info_nce_loss:             1.1059	loss:                    78898.3797
q_loss:                  71725.7992	q_taken_mean:             11.8755	red_team_alives_mean:    196.0000	red_team_win_mean:         1.0000
return_mean:               5.0573	return_std:                0.2462	target_mean:              12.3165	td_error_abs:            183.8410
test_blue_team_alives_mean: 55.4000	test_blue_team_win_mean:   0.0000	test_ep_length_mean:     200.0000	test_episode_length_mean:199.0000
test_red_team_alives_mean:196.0000	test_red_team_win_mean:    1.0000	test_return_mean:          4.2590	test_return_std:           0.0000

2026-03-03 00:17:30,731 - my_experiment - bat_Big_ExpoComm_5M - my_run - INFO - t_env: 4600400 / 5050000
2026-03-03 00:17:30,733 - my_experiment - bat_Big_ExpoComm_5M - my_run - INFO - Estimated time left: 4 hours, 6 minutes, 7 seconds. Time passed: 6 hours, 16 minutes, 9 seconds
2026-03-03 00:20:17,814 - my_experiment - bat_Big_ExpoComm_5M - my_run - INFO - Recent Stats | t_env:    4600400 | Episode:     3001
blue_team_alives_mean:    28.2840	blue_team_win_mean:        0.0000	ep_length_mean:          200.0000	episode_length_mean:     199.0000
epsilon:                   0.0500	grad_norm:               2949778.4000	info_nce_loss:             0.8769	loss:                    86791.1203
q_loss:                  78901.0180	q_taken_mean:             13.7392	red_team_alives_mean:    195.9960	red_team_win_mean:         1.0000
return_mean:               5.1682	return_std:                0.2419	target_mean:              14.0430	td_error_abs:            182.6552
test_blue_team_alives_mean: 54.6000	test_blue_team_win_mean:   0.0000	test_ep_length_mean:     200.0000	test_episode_length_mean:199.0000
test_red_team_alives_mean:196.0000	test_red_team_win_mean:    1.0000	test_return_mean:          4.2792	test_return_std:           0.0000

2026-03-03 00:46:12,334 - my_experiment - bat_Big_ExpoComm_5M - my_run - INFO - t_env: 4650400 / 5050000
2026-03-03 00:46:12,336 - my_experiment - bat_Big_ExpoComm_5M - my_run - INFO - Estimated time left: 3 hours, 49 minutes, 19 seconds. Time passed: 6 hours, 44 minutes, 50 seconds
2026-03-03 00:48:57,308 - my_experiment - bat_Big_ExpoComm_5M - my_run - INFO - Recent Stats | t_env:    4650400 | Episode:     3251
blue_team_alives_mean:    42.6520	blue_team_win_mean:        0.0000	ep_length_mean:          200.0000	episode_length_mean:     199.0000
epsilon:                   0.0500	grad_norm:               4158005.4500	info_nce_loss:             1.4378	loss:                    133155.6797
q_loss:                  121050.6187	q_taken_mean:             15.6944	red_team_alives_mean:    196.0000	red_team_win_mean:         1.0000
return_mean:               4.5030	return_std:                0.2453	target_mean:              15.9375	td_error_abs:            212.3386
test_blue_team_alives_mean: 49.0000	test_blue_team_win_mean:   0.0000	test_ep_length_mean:     200.0000	test_episode_length_mean:199.0000
test_red_team_alives_mean:196.0000	test_red_team_win_mean:    1.0000	test_return_mean:          4.4035	test_return_std:           0.0000

2026-03-03 01:14:12,960 - my_experiment - bat_Big_ExpoComm_5M - my_run - INFO - t_env: 4700400 / 5050000
2026-03-03 01:14:12,962 - my_experiment - bat_Big_ExpoComm_5M - my_run - INFO - Estimated time left: 3 hours, 15 minutes, 50 seconds. Time passed: 7 hours, 12 minutes, 51 seconds
2026-03-03 01:16:51,959 - my_experiment - bat_Big_ExpoComm_5M - my_run - INFO - Recent Stats | t_env:    4700400 | Episode:     3501
blue_team_alives_mean:    38.5680	blue_team_win_mean:        0.0000	ep_length_mean:          200.0000	episode_length_mean:     199.0000
epsilon:                   0.0500	grad_norm:               2918025.1375	info_nce_loss:             1.0591	loss:                    95960.5273
q_loss:                  87243.2273	q_taken_mean:             16.9551	red_team_alives_mean:    196.0000	red_team_win_mean:         1.0000
return_mean:               4.4919	return_std:                0.2048	target_mean:              17.1203	td_error_abs:            179.3075
test_blue_team_alives_mean: 43.8000	test_blue_team_win_mean:   0.0000	test_ep_length_mean:     200.0000	test_episode_length_mean:199.0000
test_red_team_alives_mean:196.0000	test_red_team_win_mean:    1.0000	test_return_mean:          4.4367	test_return_std:           0.0000

2026-03-03 01:42:23,487 - my_experiment - bat_Big_ExpoComm_5M - my_run - INFO - t_env: 4750400 / 5050000
2026-03-03 01:42:23,489 - my_experiment - bat_Big_ExpoComm_5M - my_run - INFO - Estimated time left: 2 hours, 48 minutes, 49 seconds. Time passed: 7 hours, 41 minutes, 2 seconds
2026-03-03 01:45:05,832 - my_experiment - bat_Big_ExpoComm_5M - my_run - INFO - Recent Stats | t_env:    4750400 | Episode:     3751
blue_team_alives_mean:    34.9240	blue_team_win_mean:        0.0000	ep_length_mean:          200.0000	episode_length_mean:     199.0000
epsilon:                   0.0500	grad_norm:               2644687.0500	info_nce_loss:             1.2062	loss:                    95682.7164
q_loss:                  86984.2867	q_taken_mean:             18.4235	red_team_alives_mean:    196.0000	red_team_win_mean:         1.0000
return_mean:               4.6675	return_std:                0.2692	target_mean:              18.4782	td_error_abs:            175.7668
test_blue_team_alives_mean: 45.8000	test_blue_team_win_mean:   0.0000	test_ep_length_mean:     200.0000	test_episode_length_mean:199.0000
test_red_team_alives_mean:196.0000	test_red_team_win_mean:    1.0000	test_return_mean:          4.2480	test_return_std:           0.0000

2026-03-03 02:10:46,434 - my_experiment - bat_Big_ExpoComm_5M - my_run - INFO - t_env: 4800400 / 5050000
2026-03-03 02:10:46,436 - my_experiment - bat_Big_ExpoComm_5M - my_run - INFO - Estimated time left: 2 hours, 21 minutes, 41 seconds. Time passed: 8 hours, 9 minutes, 25 seconds
2026-03-03 02:13:23,461 - my_experiment - bat_Big_ExpoComm_5M - my_run - INFO - Recent Stats | t_env:    4800400 | Episode:     4001
blue_team_alives_mean:    43.2120	blue_team_win_mean:        0.0000	ep_length_mean:          200.0000	episode_length_mean:     199.0000
epsilon:                   0.0500	grad_norm:               3695375.4750	info_nce_loss:             1.0499	loss:                    106407.9414
q_loss:                  96734.4922	q_taken_mean:             19.3561	red_team_alives_mean:    196.0000	red_team_win_mean:         1.0000
return_mean:               4.3461	return_std:                0.2462	target_mean:              19.5867	td_error_abs:            182.0297
test_blue_team_alives_mean: 42.4000	test_blue_team_win_mean:   0.0000	test_ep_length_mean:     200.0000	test_episode_length_mean:199.0000
test_red_team_alives_mean:196.0000	test_red_team_win_mean:    1.0000	test_return_mean:          4.3288	test_return_std:           0.0000

2026-03-03 02:38:26,322 - my_experiment - bat_Big_ExpoComm_5M - my_run - INFO - t_env: 4850400 / 5050000
2026-03-03 02:38:26,323 - my_experiment - bat_Big_ExpoComm_5M - my_run - INFO - Estimated time left: 1 hours, 50 minutes, 26 seconds. Time passed: 8 hours, 37 minutes, 4 seconds
2026-03-03 02:41:04,050 - my_experiment - bat_Big_ExpoComm_5M - my_run - INFO - Recent Stats | t_env:    4850400 | Episode:     4251
blue_team_alives_mean:    35.2680	blue_team_win_mean:        0.0000	ep_length_mean:          200.0000	episode_length_mean:     199.0000
epsilon:                   0.0500	grad_norm:               4347590.5000	info_nce_loss:             0.6489	loss:                    156077.9766
q_loss:                  141889.0672	q_taken_mean:             21.9695	red_team_alives_mean:    196.0000	red_team_win_mean:         1.0000
return_mean:               4.4550	return_std:                0.2013	target_mean:              22.2132	td_error_abs:            208.6388
test_blue_team_alives_mean: 39.6000	test_blue_team_win_mean:   0.0000	test_ep_length_mean:     200.0000	test_episode_length_mean:199.0000
test_red_team_alives_mean:196.0000	test_red_team_win_mean:    1.0000	test_return_mean:          4.3136	test_return_std:           0.0000

2026-03-03 03:05:55,457 - my_experiment - bat_Big_ExpoComm_5M - my_run - INFO - t_env: 4900400 / 5050000
2026-03-03 03:05:55,459 - my_experiment - bat_Big_ExpoComm_5M - my_run - INFO - Estimated time left: 1 hours, 22 minutes, 14 seconds. Time passed: 9 hours, 4 minutes, 34 seconds
2026-03-03 03:08:36,290 - my_experiment - bat_Big_ExpoComm_5M - my_run - INFO - Recent Stats | t_env:    4900400 | Episode:     4501
blue_team_alives_mean:    29.6320	blue_team_win_mean:        0.0000	ep_length_mean:          200.0000	episode_length_mean:     199.0000
epsilon:                   0.0500	grad_norm:               5052056.1000	info_nce_loss:             0.9041	loss:                    141921.3766
q_loss:                  129019.4312	q_taken_mean:             24.5808	red_team_alives_mean:    196.0000	red_team_win_mean:         1.0000
return_mean:               4.6030	return_std:                0.2005	target_mean:              24.7777	td_error_abs:            207.5325
test_blue_team_alives_mean: 41.4000	test_blue_team_win_mean:   0.0000	test_ep_length_mean:     200.0000	test_episode_length_mean:199.0000
test_red_team_alives_mean:196.0000	test_red_team_win_mean:    1.0000	test_return_mean:          4.1637	test_return_std:           0.0000

2026-03-03 03:33:36,766 - my_experiment - bat_Big_ExpoComm_5M - my_run - INFO - t_env: 4950400 / 5050000
2026-03-03 03:33:36,768 - my_experiment - bat_Big_ExpoComm_5M - my_run - INFO - Estimated time left: 55 minutes, 9 seconds. Time passed: 9 hours, 32 minutes, 15 seconds
2026-03-03 03:36:12,144 - my_experiment - bat_Big_ExpoComm_5M - my_run - INFO - Recent Stats | t_env:    4950400 | Episode:     4751
blue_team_alives_mean:    26.6760	blue_team_win_mean:        0.0000	ep_length_mean:          200.0000	episode_length_mean:     199.0000
epsilon:                   0.0500	grad_norm:               5489042.5500	info_nce_loss:             0.8196	loss:                    145079.8734
q_loss:                  133251.9781	q_taken_mean:             27.2065	red_team_alives_mean:    196.0000	red_team_win_mean:         1.0000
return_mean:               4.7649	return_std:                0.2103	target_mean:              26.9800	td_error_abs:            209.2669
test_blue_team_alives_mean: 40.2000	test_blue_team_win_mean:   0.0000	test_ep_length_mean:     200.0000	test_episode_length_mean:199.0000
test_red_team_alives_mean:196.0000	test_red_team_win_mean:    1.0000	test_return_mean:          4.1830	test_return_std:           0.0000

2026-03-03 04:01:50,294 - my_experiment - bat_Big_ExpoComm_5M - my_run - INFO - t_env: 5000400 / 5050000
2026-03-03 04:01:50,296 - my_experiment - bat_Big_ExpoComm_5M - my_run - INFO - Estimated time left: 27 minutes, 59 seconds. Time passed: 10 hours, 28 seconds
2026-03-03 04:04:37,800 - my_experiment - bat_Big_ExpoComm_5M - my_run - INFO - Saving models to work_dirs/my_experiment/bat_Big_ExpoComm_5M/my_run/20260302_180041/models/5000400
2026-03-03 04:04:37,905 - my_experiment - bat_Big_ExpoComm_5M - my_run - INFO - Recent Stats | t_env:    5000400 | Episode:     5001
blue_team_alives_mean:    23.3560	blue_team_win_mean:        0.0000	ep_length_mean:          200.0000	episode_length_mean:     199.0000
epsilon:                   0.0500	grad_norm:               7482241.3000	info_nce_loss:             0.8311	loss:                    161596.4344
q_loss:                  146905.8484	q_taken_mean:             30.3381	red_team_alives_mean:    195.9920	red_team_win_mean:         1.0000
return_mean:               4.9166	return_std:                0.2142	target_mean:              30.3074	td_error_abs:            219.8762
test_blue_team_alives_mean: 36.4000	test_blue_team_win_mean:   0.0000	test_ep_length_mean:     200.0000	test_episode_length_mean:199.0000
test_red_team_alives_mean:196.0000	test_red_team_win_mean:    1.0000	test_return_mean:          4.3101	test_return_std:           0.0000

2026-03-03 04:31:28,010 - my_experiment - bat_Big_ExpoComm_5M - my_run - INFO - Finished Training
