JOB ID: 1786881
Running on node: tikgpu04
Project Directory: /usr/itetnas04/data-scratch-01/pparsons/data/MyExpoComm
--------------------------------
Algorithm:   qmix_ExpoComm_one_peer_n7_cont
Environment: MAgent_Battle
Profile:     bat_ExpoComm_2M
--------------------------------
Conda activated: /usr/itetnas04/data-scratch-01/pparsons/data/conda_envs/ExpoComm
Starting Run...
Exiting Main
Stopping all threads
Thread wandb-AsyncioManager-main is alive! Is daemon: True
Thread joined
Thread ChkStopThr is alive! Is daemon: True
Thread joined
Thread IntMsgThr is alive! Is daemon: True
Thread joined
Exiting script
[1;34mwandb[0m: 
[1;34mwandb[0m: 🚀 View run [33mmy_run-bat_ExpoComm_2M-20260303_043138[0m at: [34mhttps://wandb.ai/peterparsons02-eth-z-rich/my_experiment/runs/xq7q9u7j[0m
[1;34mwandb[0m: Find logs at: [1;35mwandb/run-20260303_043139-xq7q9u7j/logs[0m
Finished at: Tue Mar  3 09:34:36 CET 2026
