Gym has been unmaintained since 2022 and does not support NumPy 2.0 amongst other critical functionality.
Please upgrade to Gymnasium, the maintained drop-in replacement of Gym, or contact the authors of your software and request that they upgrade.
Users of this version of Gym should be able to simply replace 'import gym' with 'import gymnasium as gym' in the vast majority of cases.
See the migration guide at https://gymnasium.farama.org/introduction/migration_guide/ for additional information.
src/main.py:81: DeprecationWarning: Using or importing the ABCs from 'collections' instead of from 'collections.abc' is deprecated since Python 3.3, and in 3.10 it will stop working
  if isinstance(v, collections.Mapping):
wandb: [wandb.login()] Loaded credentials for https://api.wandb.ai from /home/pparsons/.netrc.
wandb: Currently logged in as: peterparsons02 (peterparsons02-eth-z-rich) to https://api.wandb.ai. Use `wandb login --relogin` to force relogin
wandb: setting up run qg0isd1g
wandb: Tracking run with wandb version 0.24.1
wandb: Run data is saved locally in /usr/itetnas04/data-scratch-01/pparsons/data/MyExpoComm/wandb/run-20260302_180904-qg0isd1g
wandb: Run `wandb offline` to turn off syncing.
wandb: Syncing run my_run-bat_Big_IQL_RNN_5M-20260302_180903
wandb: ⭐️ View project at https://wandb.ai/peterparsons02-eth-z-rich/my_experiment
wandb: 🚀 View run at https://wandb.ai/peterparsons02-eth-z-rich/my_experiment/runs/qg0isd1g
2026-03-02 18:09:05,767 - my_experiment - bat_Big_IQL_RNN_5M - my_run - INFO - Current directory: /usr/itetnas04/data-scratch-01/pparsons/data/MyExpoComm.
2026-03-02 18:09:05,768 - my_experiment - bat_Big_IQL_RNN_5M - my_run - INFO - Experiment Parameters:
2026-03-02 18:09:05,769 - my_experiment - bat_Big_IQL_RNN_5M - my_run - INFO - 

{   'action_selector': 'epsilon_greedy',
    'add_value_last_step': True,
    'agent': 'rnn',
    'agent_output_type': 'q',
    'batch_size': 16,
    'batch_size_run': 1,
    'buffer_cpu_only': True,
    'buffer_size': 1000,
    'checkpoint_path': 'work_dirs/my_experiment/bat_Big_IQL_RNN_5M/my_run/20260223_170555/models',
    'double_q': True,
    'env': 'MAgent_Battle',
    'env_args': {   'global_reward': True,
                    'map_name': 'battle_view7',
                    'map_size': 70,
                    'max_cycles': 200,
                    'minimap_mode': False,
                    'pretrained_ckpt': None,
                    'seed': 42},
    'epsilon_anneal_time': 1000000,
    'epsilon_finish': 0.05,
    'epsilon_start': 1.0,
    'evaluate': False,
    'evaluation_epsilon': 0.0,
    'exp_name': 'my_experiment',
    'gamma': 0.99,
    'global_reward': True,
    'grad_norm_clip': 10,
    'hidden_dim': 64,
    'hypergroup': None,
    'label': 'default_label',
    'learner': 'q_learner',
    'learner_log_interval': 10000,
    'load_step': 0,
    'local_results_path': 'results',
    'log_interval': 50000,
    'lr': 0.0005,
    'mac': 'basic_mac',
    'mixer': None,
    'name': 'bat_Big_IQL_RNN_5M',
    'obs_agent_id': True,
    'obs_individual_obs': False,
    'obs_last_action': True,
    'optim_alpha': 0.99,
    'optim_eps': 1e-05,
    'render': False,
    'repeat_id': 1,
    'run_name': 'my_run',
    'runner': 'episode',
    'runner_log_interval': 10000,
    'save_model': True,
    'save_model_interval': 500000,
    'save_replay': False,
    'seed': 42,
    'standardise_returns': False,
    'standardise_rewards': True,
    't_max': 5050000,
    'target_update_interval_or_tau': 200,
    'test_greedy': True,
    'test_interval': 50000,
    'test_nepisode': 32,
    'use_cuda': True,
    'use_rnn': True,
    'use_tensorboard': True,
    'work_dir': 'work_dirs/my_experiment/bat_Big_IQL_RNN_5M/my_run/20260302_180903'}

/usr/itetnas04/data-scratch-01/pparsons/data/conda_envs/ExpoComm/lib/python3.8/site-packages/pettingzoo/utils/conversions.py:41: UserWarning: The `from_parallel` function is deprecated. Use the `parallel_to_aec` function instead.
  warnings.warn("The `from_parallel` function is deprecated. Use the `parallel_to_aec` function instead.")
/usr/itetnas04/data-scratch-01/pparsons/data/conda_envs/ExpoComm/lib/python3.8/site-packages/pettingzoo/utils/wrappers/base.py:44: UserWarning: The `observation_spaces` dictionary is deprecated. Use the `observation_space` function instead.
  warnings.warn("The `observation_spaces` dictionary is deprecated. Use the `observation_space` function instead.")
/usr/itetnas04/data-scratch-01/pparsons/data/conda_envs/ExpoComm/lib/python3.8/site-packages/pettingzoo/utils/conversions.py:36: UserWarning: The `to_parallel` function is deprecated. Use the `aec_to_parallel` function instead.
  warnings.warn("The `to_parallel` function is deprecated. Use the `aec_to_parallel` function instead.")
/usr/itetnas04/data-scratch-01/pparsons/data/conda_envs/ExpoComm/lib/python3.8/site-packages/pettingzoo/utils/conversions.py:80: UserWarning: The `action_spaces` dictionary is deprecated. Use the `action_space` function instead.
  warnings.warn("The `action_spaces` dictionary is deprecated. Use the `action_space` function instead.")
/usr/itetnas04/data-scratch-01/pparsons/data/conda_envs/ExpoComm/lib/python3.8/site-packages/pettingzoo/utils/wrappers/base.py:52: UserWarning: The `action_spaces` dictionary is deprecated. Use the `action_space` function instead.
  warnings.warn("The `action_spaces` dictionary is deprecated. Use the `action_space` function instead.")
/usr/itetnas04/data-scratch-01/pparsons/data/conda_envs/ExpoComm/lib/python3.8/site-packages/pettingzoo/utils/conversions.py:72: UserWarning: The `observation_spaces` dictionary is deprecated. Use the `observation_space` function instead.
  warnings.warn("The `observation_spaces` dictionary is deprecated. Use the `observation_space` function instead.")
2026-03-02 18:09:17,240 - my_experiment - bat_Big_IQL_RNN_5M - my_run - INFO - Loading model from work_dirs/my_experiment/bat_Big_IQL_RNN_5M/my_run/20260223_170555/models/4000200
2026-03-02 18:09:17,426 - my_experiment - bat_Big_IQL_RNN_5M - my_run - INFO - Beginning training for 5050000 timesteps
/usr/itetnas04/data-scratch-01/pparsons/data/MyExpoComm/src/envs/battle_wrappers.py:258: UserWarning: To copy construct from a tensor, it is recommended to use sourceTensor.clone().detach() or sourceTensor.clone().detach().requires_grad_(True), rather than torch.tensor(sourceTensor).
  actions = torch.tensor(actions, dtype=torch.long)
2026-03-02 18:09:23,998 - my_experiment - bat_Big_IQL_RNN_5M - my_run - INFO - t_env: 4000400 / 5050000
2026-03-02 18:09:23,998 - my_experiment - bat_Big_IQL_RNN_5M - my_run - INFO - Estimated time left: 1 seconds. Time passed: 6 seconds
2026-03-02 18:12:48,406 - my_experiment - bat_Big_IQL_RNN_5M - my_run - INFO - Saving models to work_dirs/my_experiment/bat_Big_IQL_RNN_5M/my_run/20260302_180903/models/4000400
2026-03-02 18:12:48,418 - my_experiment - bat_Big_IQL_RNN_5M - my_run - INFO - Recent Stats | t_env:    4000400 | Episode:        1
blue_team_alives_mean:   108.0000	blue_team_win_mean:        0.0000	ep_length_mean:          200.0000	episode_length_mean:     199.0000
epsilon:                   0.0500	red_team_alives_mean:    196.0000	red_team_win_mean:         1.0000	return_mean:               2.0722
return_std:                0.0000	test_blue_team_alives_mean:169.0000	test_blue_team_win_mean:   0.0000	test_ep_length_mean:     200.0000
test_episode_length_mean:199.0000	test_red_team_alives_mean:196.0000	test_red_team_win_mean:    1.0000	test_return_mean:         -0.5371
test_return_std:           0.0000	
2026-03-02 18:38:48,873 - my_experiment - bat_Big_IQL_RNN_5M - my_run - INFO - t_env: 4050400 / 5050000
2026-03-02 18:38:48,875 - my_experiment - bat_Big_IQL_RNN_5M - my_run - INFO - Estimated time left: 9 hours, 48 minutes, 3 seconds. Time passed: 29 minutes, 31 seconds
2026-03-02 18:42:16,202 - my_experiment - bat_Big_IQL_RNN_5M - my_run - INFO - Recent Stats | t_env:    4050400 | Episode:      251
blue_team_alives_mean:    96.3640	blue_team_win_mean:        0.0000	ep_length_mean:          200.0000	episode_length_mean:     199.0000
epsilon:                   0.0500	grad_norm:               819.3118	loss:                     12.2262	q_taken_mean:              0.4131
red_team_alives_mean:    195.9920	red_team_win_mean:         1.0000	return_mean:               2.8007	return_std:                0.5046
target_mean:               0.4114	td_error_abs:              1.4143	test_blue_team_alives_mean:182.5000	test_blue_team_win_mean:   0.0000
test_ep_length_mean:     200.0000	test_episode_length_mean:199.0000	test_red_team_alives_mean:196.0000	test_red_team_win_mean:    0.5000
test_return_mean:         -0.7686	test_return_std:           0.0000	
2026-03-02 19:06:33,133 - my_experiment - bat_Big_IQL_RNN_5M - my_run - INFO - t_env: 4100400 / 5050000
2026-03-02 19:06:33,137 - my_experiment - bat_Big_IQL_RNN_5M - my_run - INFO - Estimated time left: 8 hours, 46 minutes, 47 seconds. Time passed: 57 minutes, 15 seconds
2026-03-02 19:09:45,689 - my_experiment - bat_Big_IQL_RNN_5M - my_run - INFO - Recent Stats | t_env:    4100400 | Episode:      501
blue_team_alives_mean:    68.8560	blue_team_win_mean:        0.0000	ep_length_mean:          200.0000	episode_length_mean:     199.0000
epsilon:                   0.0500	grad_norm:               709.6054	loss:                      9.0662	q_taken_mean:              0.4015
red_team_alives_mean:    195.9960	red_team_win_mean:         1.0000	return_mean:               3.8489	return_std:                0.3219
target_mean:               0.4007	td_error_abs:              1.3028	test_blue_team_alives_mean:162.0000	test_blue_team_win_mean:   0.0000
test_ep_length_mean:     200.0000	test_episode_length_mean:199.0000	test_red_team_alives_mean:196.0000	test_red_team_win_mean:    0.6667
test_return_mean:          0.0607	test_return_std:           0.0000	
2026-03-02 19:34:16,967 - my_experiment - bat_Big_IQL_RNN_5M - my_run - INFO - t_env: 4150400 / 5050000
2026-03-02 19:34:16,968 - my_experiment - bat_Big_IQL_RNN_5M - my_run - INFO - Estimated time left: 8 hours, 18 minutes, 55 seconds. Time passed: 1 hours, 24 minutes, 59 seconds
2026-03-02 19:37:13,266 - my_experiment - bat_Big_IQL_RNN_5M - my_run - INFO - Recent Stats | t_env:    4150400 | Episode:      751
blue_team_alives_mean:    72.1760	blue_team_win_mean:        0.0000	ep_length_mean:          200.0000	episode_length_mean:     199.0000
epsilon:                   0.0500	grad_norm:               1082.5312	loss:                      6.6486	q_taken_mean:              0.3862
red_team_alives_mean:    195.9880	red_team_win_mean:         1.0000	return_mean:               3.6360	return_std:                0.4113
target_mean:               0.3853	td_error_abs:              1.4106	test_blue_team_alives_mean:142.7500	test_blue_team_win_mean:   0.0000
test_ep_length_mean:     200.0000	test_episode_length_mean:199.0000	test_red_team_alives_mean:196.0000	test_red_team_win_mean:    0.7500
test_return_mean:          0.8165	test_return_std:           0.0000	
2026-03-02 20:01:32,453 - my_experiment - bat_Big_IQL_RNN_5M - my_run - INFO - t_env: 4200400 / 5050000
2026-03-02 20:01:32,454 - my_experiment - bat_Big_IQL_RNN_5M - my_run - INFO - Estimated time left: 7 hours, 43 minutes, 10 seconds. Time passed: 1 hours, 52 minutes, 15 seconds
2026-03-02 20:04:30,035 - my_experiment - bat_Big_IQL_RNN_5M - my_run - INFO - Recent Stats | t_env:    4200400 | Episode:     1001
blue_team_alives_mean:    71.0040	blue_team_win_mean:        0.0000	ep_length_mean:          200.0000	episode_length_mean:     199.0000
epsilon:                   0.0500	grad_norm:               662.8708	loss:                      5.3430	q_taken_mean:              0.3829
red_team_alives_mean:    195.9920	red_team_win_mean:         1.0000	return_mean:               3.8352	return_std:                0.2422
target_mean:               0.3822	td_error_abs:              1.2074	test_blue_team_alives_mean:135.2000	test_blue_team_win_mean:   0.0000
test_ep_length_mean:     200.0000	test_episode_length_mean:199.0000	test_red_team_alives_mean:196.0000	test_red_team_win_mean:    0.8000
test_return_mean:          1.1347	test_return_std:           0.0000	
2026-03-02 20:29:05,383 - my_experiment - bat_Big_IQL_RNN_5M - my_run - INFO - t_env: 4250400 / 5050000
2026-03-02 20:29:05,384 - my_experiment - bat_Big_IQL_RNN_5M - my_run - INFO - Estimated time left: 7 hours, 20 minutes, 33 seconds. Time passed: 2 hours, 19 minutes, 47 seconds
2026-03-02 20:32:32,337 - my_experiment - bat_Big_IQL_RNN_5M - my_run - INFO - Recent Stats | t_env:    4250400 | Episode:     1251
blue_team_alives_mean:    81.3440	blue_team_win_mean:        0.0000	ep_length_mean:          200.0000	episode_length_mean:     199.0000
epsilon:                   0.0500	grad_norm:               795.1002	loss:                      3.7312	q_taken_mean:              0.3716
red_team_alives_mean:    195.9920	red_team_win_mean:         1.0000	return_mean:               3.4713	return_std:                0.2308
target_mean:               0.3700	td_error_abs:              1.2693	test_blue_team_alives_mean:140.6000	test_blue_team_win_mean:   0.0000
test_ep_length_mean:     200.0000	test_episode_length_mean:199.0000	test_red_team_alives_mean:196.0000	test_red_team_win_mean:    0.6000
test_return_mean:          1.0000	test_return_std:           0.0000	
2026-03-02 20:57:15,814 - my_experiment - bat_Big_IQL_RNN_5M - my_run - INFO - t_env: 4300400 / 5050000
2026-03-02 20:57:15,815 - my_experiment - bat_Big_IQL_RNN_5M - my_run - INFO - Estimated time left: 7 hours, 2 minutes, 22 seconds. Time passed: 2 hours, 47 minutes, 58 seconds
2026-03-02 21:00:42,666 - my_experiment - bat_Big_IQL_RNN_5M - my_run - INFO - Recent Stats | t_env:    4300400 | Episode:     1501
blue_team_alives_mean:    87.7800	blue_team_win_mean:        0.0000	ep_length_mean:          200.0000	episode_length_mean:     199.0000
epsilon:                   0.0500	grad_norm:               473.3874	loss:                      3.1724	q_taken_mean:              0.3678
red_team_alives_mean:    195.9880	red_team_win_mean:         1.0000	return_mean:               3.2875	return_std:                0.2131
target_mean:               0.3674	td_error_abs:              1.1222	test_blue_team_alives_mean:140.6000	test_blue_team_win_mean:   0.0000
test_ep_length_mean:     200.0000	test_episode_length_mean:199.0000	test_red_team_alives_mean:196.0000	test_red_team_win_mean:    0.6000
test_return_mean:          0.9674	test_return_std:           0.0000	
2026-03-02 21:25:47,372 - my_experiment - bat_Big_IQL_RNN_5M - my_run - INFO - t_env: 4350400 / 5050000
2026-03-02 21:25:47,373 - my_experiment - bat_Big_IQL_RNN_5M - my_run - INFO - Estimated time left: 6 hours, 39 minutes, 8 seconds. Time passed: 3 hours, 16 minutes, 29 seconds
2026-03-02 21:29:14,267 - my_experiment - bat_Big_IQL_RNN_5M - my_run - INFO - Recent Stats | t_env:    4350400 | Episode:     1751
blue_team_alives_mean:    91.8120	blue_team_win_mean:        0.0000	ep_length_mean:          200.0000	episode_length_mean:     199.0000
epsilon:                   0.0500	grad_norm:               815.9933	loss:                      2.9795	q_taken_mean:              0.3653
red_team_alives_mean:    196.0000	red_team_win_mean:         1.0000	return_mean:               3.0719	return_std:                0.2666
target_mean:               0.3644	td_error_abs:              1.1779	test_blue_team_alives_mean:155.6000	test_blue_team_win_mean:   0.0000
test_ep_length_mean:     200.0000	test_episode_length_mean:199.0000	test_red_team_alives_mean:196.0000	test_red_team_win_mean:    0.4000
test_return_mean:          0.3953	test_return_std:           0.0000	
2026-03-02 21:54:20,675 - my_experiment - bat_Big_IQL_RNN_5M - my_run - INFO - t_env: 4400400 / 5050000
2026-03-02 21:54:20,676 - my_experiment - bat_Big_IQL_RNN_5M - my_run - INFO - Estimated time left: 6 hours, 10 minutes, 59 seconds. Time passed: 3 hours, 45 minutes, 3 seconds
2026-03-02 21:57:47,377 - my_experiment - bat_Big_IQL_RNN_5M - my_run - INFO - Recent Stats | t_env:    4400400 | Episode:     2001
blue_team_alives_mean:    90.7480	blue_team_win_mean:        0.0000	ep_length_mean:          200.0000	episode_length_mean:     199.0000
epsilon:                   0.0500	grad_norm:               1198.6650	loss:                      3.9152	q_taken_mean:              0.3636
red_team_alives_mean:    195.9960	red_team_win_mean:         1.0000	return_mean:               3.1021	return_std:                0.2534
target_mean:               0.3634	td_error_abs:              1.3820	test_blue_team_alives_mean:177.8000	test_blue_team_win_mean:   0.0000
test_ep_length_mean:     200.0000	test_episode_length_mean:199.0000	test_red_team_alives_mean:196.0000	test_red_team_win_mean:    0.2000
test_return_mean:         -0.4471	test_return_std:           0.0000	
2026-03-02 22:23:00,137 - my_experiment - bat_Big_IQL_RNN_5M - my_run - INFO - t_env: 4450400 / 5050000
2026-03-02 22:23:00,138 - my_experiment - bat_Big_IQL_RNN_5M - my_run - INFO - Estimated time left: 5 hours, 43 minutes, 39 seconds. Time passed: 4 hours, 13 minutes, 42 seconds
2026-03-02 22:26:27,007 - my_experiment - bat_Big_IQL_RNN_5M - my_run - INFO - Recent Stats | t_env:    4450400 | Episode:     2251
blue_team_alives_mean:    89.1080	blue_team_win_mean:        0.0000	ep_length_mean:          200.0000	episode_length_mean:     199.0000
epsilon:                   0.0500	grad_norm:               1139.1255	loss:                      3.9819	q_taken_mean:              0.3653
red_team_alives_mean:    196.0000	red_team_win_mean:         1.0000	return_mean:               3.1426	return_std:                0.2620
target_mean:               0.3637	td_error_abs:              1.4216	test_blue_team_alives_mean:196.0000	test_blue_team_win_mean:   0.0000
test_ep_length_mean:     200.0000	test_episode_length_mean:199.0000	test_red_team_alives_mean:196.0000	test_red_team_win_mean:    0.0000
test_return_mean:         -1.2715	test_return_std:           0.0000	
2026-03-02 22:51:27,035 - my_experiment - bat_Big_IQL_RNN_5M - my_run - INFO - t_env: 4500400 / 5050000
2026-03-02 22:51:27,036 - my_experiment - bat_Big_IQL_RNN_5M - my_run - INFO - Estimated time left: 5 hours, 12 minutes, 42 seconds. Time passed: 4 hours, 42 minutes, 9 seconds
2026-03-02 22:54:54,137 - my_experiment - bat_Big_IQL_RNN_5M - my_run - INFO - Saving models to work_dirs/my_experiment/bat_Big_IQL_RNN_5M/my_run/20260302_180903/models/4500400
2026-03-02 22:54:54,152 - my_experiment - bat_Big_IQL_RNN_5M - my_run - INFO - Recent Stats | t_env:    4500400 | Episode:     2501
blue_team_alives_mean:    82.4120	blue_team_win_mean:        0.0000	ep_length_mean:          200.0000	episode_length_mean:     199.0000
epsilon:                   0.0500	grad_norm:               1079.0006	loss:                      4.1532	q_taken_mean:              0.3676
red_team_alives_mean:    195.9960	red_team_win_mean:         1.0000	return_mean:               3.3475	return_std:                0.2432
target_mean:               0.3664	td_error_abs:              1.3813	test_blue_team_alives_mean:196.0000	test_blue_team_win_mean:   0.0000
test_ep_length_mean:     200.0000	test_episode_length_mean:199.0000	test_red_team_alives_mean:196.0000	test_red_team_win_mean:    0.0000
test_return_mean:         -1.3983	test_return_std:           0.0000	
2026-03-02 23:18:51,265 - my_experiment - bat_Big_IQL_RNN_5M - my_run - INFO - t_env: 4550400 / 5050000
2026-03-02 23:18:51,266 - my_experiment - bat_Big_IQL_RNN_5M - my_run - INFO - Estimated time left: 4 hours, 33 minutes, 49 seconds. Time passed: 5 hours, 9 minutes, 33 seconds
2026-03-02 23:22:17,423 - my_experiment - bat_Big_IQL_RNN_5M - my_run - INFO - Recent Stats | t_env:    4550400 | Episode:     2751
blue_team_alives_mean:    61.3200	blue_team_win_mean:        0.0000	ep_length_mean:          200.0000	episode_length_mean:     199.0000
epsilon:                   0.0500	grad_norm:               890.8379	loss:                      3.9409	q_taken_mean:              0.3663
red_team_alives_mean:    196.0000	red_team_win_mean:         1.0000	return_mean:               4.0123	return_std:                0.3708
target_mean:               0.3668	td_error_abs:              1.3086	test_blue_team_alives_mean:196.0000	test_blue_team_win_mean:   0.0000
test_ep_length_mean:     200.0000	test_episode_length_mean:199.0000	test_red_team_alives_mean:196.0000	test_red_team_win_mean:    0.0000
test_return_mean:         -1.5081	test_return_std:           0.0000	
2026-03-02 23:45:36,805 - my_experiment - bat_Big_IQL_RNN_5M - my_run - INFO - t_env: 4600400 / 5050000
2026-03-02 23:45:36,806 - my_experiment - bat_Big_IQL_RNN_5M - my_run - INFO - Estimated time left: 4 hours, 37 seconds. Time passed: 5 hours, 36 minutes, 19 seconds
2026-03-02 23:49:03,112 - my_experiment - bat_Big_IQL_RNN_5M - my_run - INFO - Recent Stats | t_env:    4600400 | Episode:     3001
blue_team_alives_mean:    62.2560	blue_team_win_mean:        0.0000	ep_length_mean:          200.0000	episode_length_mean:     199.0000
epsilon:                   0.0500	grad_norm:               925.9957	loss:                      4.2245	q_taken_mean:              0.3662
red_team_alives_mean:    196.0000	red_team_win_mean:         1.0000	return_mean:               4.1176	return_std:                0.2898
target_mean:               0.3669	td_error_abs:              1.3450	test_blue_team_alives_mean:196.0000	test_blue_team_win_mean:   0.0000
test_ep_length_mean:     200.0000	test_episode_length_mean:199.0000	test_red_team_alives_mean:196.0000	test_red_team_win_mean:    0.0000
test_return_mean:         -1.5896	test_return_std:           0.0000	
2026-03-03 00:11:56,657 - my_experiment - bat_Big_IQL_RNN_5M - my_run - INFO - t_env: 4650400 / 5050000
2026-03-03 00:11:56,660 - my_experiment - bat_Big_IQL_RNN_5M - my_run - INFO - Estimated time left: 3 hours, 30 minutes, 26 seconds. Time passed: 6 hours, 2 minutes, 39 seconds
2026-03-03 00:15:22,847 - my_experiment - bat_Big_IQL_RNN_5M - my_run - INFO - Recent Stats | t_env:    4650400 | Episode:     3251
blue_team_alives_mean:    52.7800	blue_team_win_mean:        0.0000	ep_length_mean:          200.0000	episode_length_mean:     199.0000
epsilon:                   0.0500	grad_norm:               876.9344	loss:                      4.3320	q_taken_mean:              0.3699
red_team_alives_mean:    196.0000	red_team_win_mean:         1.0000	return_mean:               4.5513	return_std:                0.2408
target_mean:               0.3690	td_error_abs:              1.3501	test_blue_team_alives_mean:196.0000	test_blue_team_win_mean:   0.0000
test_ep_length_mean:     200.0000	test_episode_length_mean:199.0000	test_red_team_alives_mean:196.0000	test_red_team_win_mean:    0.0000
test_return_mean:         -1.5990	test_return_std:           0.0000	
2026-03-03 00:38:16,388 - my_experiment - bat_Big_IQL_RNN_5M - my_run - INFO - t_env: 4700400 / 5050000
2026-03-03 00:38:16,389 - my_experiment - bat_Big_IQL_RNN_5M - my_run - INFO - Estimated time left: 3 hours, 4 minutes, 5 seconds. Time passed: 6 hours, 28 minutes, 58 seconds
2026-03-03 00:41:42,008 - my_experiment - bat_Big_IQL_RNN_5M - my_run - INFO - Recent Stats | t_env:    4700400 | Episode:     3501
blue_team_alives_mean:    53.2960	blue_team_win_mean:        0.0000	ep_length_mean:          200.0000	episode_length_mean:     199.0000
epsilon:                   0.0500	grad_norm:               925.3983	loss:                      4.6733	q_taken_mean:              0.3700
red_team_alives_mean:    196.0000	red_team_win_mean:         1.0000	return_mean:               4.6389	return_std:                0.1997
target_mean:               0.3693	td_error_abs:              1.3729	test_blue_team_alives_mean:196.0000	test_blue_team_win_mean:   0.0000
test_ep_length_mean:     200.0000	test_episode_length_mean:199.0000	test_red_team_alives_mean:196.0000	test_red_team_win_mean:    0.0000
test_return_mean:         -1.4847	test_return_std:           0.0000	
2026-03-03 01:05:07,747 - my_experiment - bat_Big_IQL_RNN_5M - my_run - INFO - t_env: 4750400 / 5050000
2026-03-03 01:05:07,748 - my_experiment - bat_Big_IQL_RNN_5M - my_run - INFO - Estimated time left: 2 hours, 40 minutes, 55 seconds. Time passed: 6 hours, 55 minutes, 50 seconds
2026-03-03 01:08:16,921 - my_experiment - bat_Big_IQL_RNN_5M - my_run - INFO - Recent Stats | t_env:    4750400 | Episode:     3751
blue_team_alives_mean:    53.1000	blue_team_win_mean:        0.0000	ep_length_mean:          200.0000	episode_length_mean:     199.0000
epsilon:                   0.0500	grad_norm:               825.9236	loss:                      4.8197	q_taken_mean:              0.3694
red_team_alives_mean:    196.0000	red_team_win_mean:         1.0000	return_mean:               4.6384	return_std:                0.2749
target_mean:               0.3702	td_error_abs:              1.3335	test_blue_team_alives_mean:181.8000	test_blue_team_win_mean:   0.0000
test_ep_length_mean:     200.0000	test_episode_length_mean:199.0000	test_red_team_alives_mean:196.0000	test_red_team_win_mean:    0.2000
test_return_mean:         -0.8674	test_return_std:           0.0000	
2026-03-03 01:31:57,175 - my_experiment - bat_Big_IQL_RNN_5M - my_run - INFO - t_env: 4800400 / 5050000
2026-03-03 01:31:57,176 - my_experiment - bat_Big_IQL_RNN_5M - my_run - INFO - Estimated time left: 2 hours, 13 minutes, 54 seconds. Time passed: 7 hours, 22 minutes, 39 seconds
2026-03-03 01:35:08,812 - my_experiment - bat_Big_IQL_RNN_5M - my_run - INFO - Recent Stats | t_env:    4800400 | Episode:     4001
blue_team_alives_mean:    64.4960	blue_team_win_mean:        0.0000	ep_length_mean:          200.0000	episode_length_mean:     199.0000
epsilon:                   0.0500	grad_norm:               927.1116	loss:                      5.0583	q_taken_mean:              0.3705
red_team_alives_mean:    196.0000	red_team_win_mean:         1.0000	return_mean:               4.0114	return_std:                0.3275
target_mean:               0.3715	td_error_abs:              1.3839	test_blue_team_alives_mean:168.6000	test_blue_team_win_mean:   0.0000
test_ep_length_mean:     200.0000	test_episode_length_mean:199.0000	test_red_team_alives_mean:196.0000	test_red_team_win_mean:    0.4000
test_return_mean:         -0.3281	test_return_std:           0.0000	
2026-03-03 01:59:21,811 - my_experiment - bat_Big_IQL_RNN_5M - my_run - INFO - t_env: 4850400 / 5050000
2026-03-03 01:59:21,812 - my_experiment - bat_Big_IQL_RNN_5M - my_run - INFO - Estimated time left: 1 hours, 49 minutes, 25 seconds. Time passed: 7 hours, 50 minutes, 4 seconds
2026-03-03 02:02:38,714 - my_experiment - bat_Big_IQL_RNN_5M - my_run - INFO - Recent Stats | t_env:    4850400 | Episode:     4251
blue_team_alives_mean:    76.7600	blue_team_win_mean:        0.0000	ep_length_mean:          200.0000	episode_length_mean:     199.0000
epsilon:                   0.0500	grad_norm:               798.8227	loss:                      4.6036	q_taken_mean:              0.3670
red_team_alives_mean:    196.0000	red_team_win_mean:         1.0000	return_mean:               3.5003	return_std:                0.2805
target_mean:               0.3659	td_error_abs:              1.3424	test_blue_team_alives_mean:160.0000	test_blue_team_win_mean:   0.0000
test_ep_length_mean:     200.0000	test_episode_length_mean:199.0000	test_red_team_alives_mean:196.0000	test_red_team_win_mean:    0.6000
test_return_mean:         -0.0997	test_return_std:           0.0000	
2026-03-03 02:26:19,116 - my_experiment - bat_Big_IQL_RNN_5M - my_run - INFO - t_env: 4900400 / 5050000
2026-03-03 02:26:19,117 - my_experiment - bat_Big_IQL_RNN_5M - my_run - INFO - Estimated time left: 1 hours, 20 minutes, 38 seconds. Time passed: 8 hours, 17 minutes, 1 seconds
2026-03-03 02:29:09,166 - my_experiment - bat_Big_IQL_RNN_5M - my_run - INFO - Recent Stats | t_env:    4900400 | Episode:     4501
blue_team_alives_mean:    64.4640	blue_team_win_mean:        0.0000	ep_length_mean:          200.0000	episode_length_mean:     199.0000
epsilon:                   0.0500	grad_norm:               818.3126	loss:                      4.5212	q_taken_mean:              0.3590
red_team_alives_mean:    196.0000	red_team_win_mean:         1.0000	return_mean:               4.0397	return_std:                0.2948
target_mean:               0.3592	td_error_abs:              1.3457	test_blue_team_alives_mean:140.4000	test_blue_team_win_mean:   0.0000
test_ep_length_mean:     200.0000	test_episode_length_mean:199.0000	test_red_team_alives_mean:196.0000	test_red_team_win_mean:    0.8000
test_return_mean:          0.6310	test_return_std:           0.0000	
2026-03-03 02:52:36,592 - my_experiment - bat_Big_IQL_RNN_5M - my_run - INFO - t_env: 4950400 / 5050000
2026-03-03 02:52:36,593 - my_experiment - bat_Big_IQL_RNN_5M - my_run - INFO - Estimated time left: 52 minutes, 22 seconds. Time passed: 8 hours, 43 minutes, 19 seconds
2026-03-03 02:55:23,245 - my_experiment - bat_Big_IQL_RNN_5M - my_run - INFO - Recent Stats | t_env:    4950400 | Episode:     4751
blue_team_alives_mean:    60.0160	blue_team_win_mean:        0.0000	ep_length_mean:          200.0000	episode_length_mean:     199.0000
epsilon:                   0.0500	grad_norm:               639.1908	loss:                      3.9106	q_taken_mean:              0.3544
red_team_alives_mean:    196.0000	red_team_win_mean:         1.0000	return_mean:               4.3066	return_std:                0.2406
target_mean:               0.3521	td_error_abs:              1.2519	test_blue_team_alives_mean:117.2000	test_blue_team_win_mean:   0.0000
test_ep_length_mean:     200.0000	test_episode_length_mean:199.0000	test_red_team_alives_mean:196.0000	test_red_team_win_mean:    1.0000
test_return_mean:          1.5074	test_return_std:           0.0000	
2026-03-03 03:18:57,942 - my_experiment - bat_Big_IQL_RNN_5M - my_run - INFO - t_env: 5000400 / 5050000
2026-03-03 03:18:57,943 - my_experiment - bat_Big_IQL_RNN_5M - my_run - INFO - Estimated time left: 26 minutes, 8 seconds. Time passed: 9 hours, 9 minutes, 40 seconds
2026-03-03 03:21:59,232 - my_experiment - bat_Big_IQL_RNN_5M - my_run - INFO - Saving models to work_dirs/my_experiment/bat_Big_IQL_RNN_5M/my_run/20260302_180903/models/5000400
2026-03-03 03:21:59,274 - my_experiment - bat_Big_IQL_RNN_5M - my_run - INFO - Recent Stats | t_env:    5000400 | Episode:     5001
blue_team_alives_mean:    58.2280	blue_team_win_mean:        0.0000	ep_length_mean:          200.0000	episode_length_mean:     199.0000
epsilon:                   0.0500	grad_norm:               502.2950	loss:                      2.6895	q_taken_mean:              0.3412
red_team_alives_mean:    196.0000	red_team_win_mean:         1.0000	return_mean:               4.2922	return_std:                0.3820
target_mean:               0.3398	td_error_abs:              1.1179	test_blue_team_alives_mean:116.0000	test_blue_team_win_mean:   0.0000
test_ep_length_mean:     200.0000	test_episode_length_mean:199.0000	test_red_team_alives_mean:196.0000	test_red_team_win_mean:    1.0000
test_return_mean:          1.6026	test_return_std:           0.0000	
2026-03-03 03:45:50,295 - my_experiment - bat_Big_IQL_RNN_5M - my_run - INFO - Finished Training
