Gym has been unmaintained since 2022 and does not support NumPy 2.0 amongst other critical functionality.
Please upgrade to Gymnasium, the maintained drop-in replacement of Gym, or contact the authors of your software and request that they upgrade.
Users of this version of Gym should be able to simply replace 'import gym' with 'import gymnasium as gym' in the vast majority of cases.
See the migration guide at https://gymnasium.farama.org/introduction/migration_guide/ for additional information.
src/main.py:81: DeprecationWarning: Using or importing the ABCs from 'collections' instead of from 'collections.abc' is deprecated since Python 3.3, and in 3.10 it will stop working
  if isinstance(v, collections.Mapping):
wandb: [wandb.login()] Loaded credentials for https://api.wandb.ai from /home/pparsons/.netrc.
wandb: Currently logged in as: peterparsons02 (peterparsons02-eth-z-rich) to https://api.wandb.ai. Use `wandb login --relogin` to force relogin
wandb: setting up run dvnyy5t9
wandb: Tracking run with wandb version 0.24.1
wandb: Run data is saved locally in /usr/itetnas04/data-scratch-01/pparsons/data/MyExpoComm/wandb/run-20260302_230949-dvnyy5t9
wandb: Run `wandb offline` to turn off syncing.
wandb: Syncing run my_run-bat_HybridComm_2M-20260302_230949
wandb: ⭐️ View project at https://wandb.ai/peterparsons02-eth-z-rich/my_experiment
wandb: 🚀 View run at https://wandb.ai/peterparsons02-eth-z-rich/my_experiment/runs/dvnyy5t9
2026-03-02 23:09:51,400 - my_experiment - bat_HybridComm_2M - my_run - INFO - Current directory: /usr/itetnas04/data-scratch-01/pparsons/data/MyExpoComm.
2026-03-02 23:09:51,401 - my_experiment - bat_HybridComm_2M - my_run - INFO - Experiment Parameters:
2026-03-02 23:09:51,402 - my_experiment - bat_HybridComm_2M - my_run - INFO - 

{   'action_selector': 'epsilon_greedy',
    'add_value_last_step': True,
    'agent': 'ExpoComm_one_peer_cont',
    'agent_output_type': 'q',
    'attention_dim': 32,
    'aux_coef': 0.1,
    'batch_size': 32,
    'batch_size_run': 1,
    'buffer_cpu_only': True,
    'buffer_size': 5000,
    'checkpoint_path': '',
    'double_q': True,
    'env': 'MAgent_Battle',
    'env_args': {   'global_reward': True,
                    'map_name': 'battle_view7',
                    'map_size': 25,
                    'max_cycles': 200,
                    'minimap_mode': False,
                    'pretrained_ckpt': None,
                    'seed': 42},
    'epsilon_anneal_time': 500000,
    'epsilon_finish': 0.05,
    'epsilon_start': 1.0,
    'evaluate': False,
    'evaluation_epsilon': 0.0,
    'exp_name': 'my_experiment',
    'gamma': 0.99,
    'global_reward': True,
    'grad_norm_clip': 10,
    'hidden_dim': 64,
    'hypergroup': None,
    'label': 'default_label',
    'learner': 'hybrid_comm_learner',
    'learner_log_interval': 10000,
    'load_step': 0,
    'local_results_path': 'results',
    'log_interval': 50000,
    'lr': 0.0005,
    'mac': 'ExpoComm_mac',
    'mixer': None,
    'name': 'bat_HybridComm_2M',
    'neg_num': 20,
    'obs_agent_id': True,
    'obs_individual_obs': False,
    'obs_last_action': True,
    'one_peer': True,
    'optim_alpha': 0.99,
    'optim_eps': 1e-05,
    'render': False,
    'repeat_id': 1,
    'run_name': 'my_run',
    'runner': 'episode',
    'runner_log_interval': 10000,
    'save_model': True,
    'save_model_interval': 200000,
    'save_replay': False,
    'seed': 42,
    'standardise_returns': False,
    'standardise_rewards': True,
    't_max': 2050000,
    'target_update_interval_or_tau': 200,
    'temperature': 0.07,
    'test_greedy': True,
    'test_interval': 50000,
    'test_nepisode': 100,
    'topk_neighbors': 7,
    'use_cuda': True,
    'use_rnn': True,
    'use_tensorboard': True,
    'work_dir': 'work_dirs/my_experiment/bat_HybridComm_2M/my_run/20260302_230949'}

/usr/itetnas04/data-scratch-01/pparsons/data/conda_envs/ExpoComm/lib/python3.8/site-packages/pettingzoo/utils/conversions.py:41: UserWarning: The `from_parallel` function is deprecated. Use the `parallel_to_aec` function instead.
  warnings.warn("The `from_parallel` function is deprecated. Use the `parallel_to_aec` function instead.")
/usr/itetnas04/data-scratch-01/pparsons/data/conda_envs/ExpoComm/lib/python3.8/site-packages/pettingzoo/utils/wrappers/base.py:44: UserWarning: The `observation_spaces` dictionary is deprecated. Use the `observation_space` function instead.
  warnings.warn("The `observation_spaces` dictionary is deprecated. Use the `observation_space` function instead.")
/usr/itetnas04/data-scratch-01/pparsons/data/conda_envs/ExpoComm/lib/python3.8/site-packages/pettingzoo/utils/conversions.py:36: UserWarning: The `to_parallel` function is deprecated. Use the `aec_to_parallel` function instead.
  warnings.warn("The `to_parallel` function is deprecated. Use the `aec_to_parallel` function instead.")
/usr/itetnas04/data-scratch-01/pparsons/data/conda_envs/ExpoComm/lib/python3.8/site-packages/pettingzoo/utils/conversions.py:80: UserWarning: The `action_spaces` dictionary is deprecated. Use the `action_space` function instead.
  warnings.warn("The `action_spaces` dictionary is deprecated. Use the `action_space` function instead.")
/usr/itetnas04/data-scratch-01/pparsons/data/conda_envs/ExpoComm/lib/python3.8/site-packages/pettingzoo/utils/wrappers/base.py:52: UserWarning: The `action_spaces` dictionary is deprecated. Use the `action_space` function instead.
  warnings.warn("The `action_spaces` dictionary is deprecated. Use the `action_space` function instead.")
/usr/itetnas04/data-scratch-01/pparsons/data/conda_envs/ExpoComm/lib/python3.8/site-packages/pettingzoo/utils/conversions.py:72: UserWarning: The `observation_spaces` dictionary is deprecated. Use the `observation_space` function instead.
  warnings.warn("The `observation_spaces` dictionary is deprecated. Use the `observation_space` function instead.")
2026-03-02 23:10:01,919 - my_experiment - bat_HybridComm_2M - my_run - INFO - Beginning training for 2050000 timesteps
/usr/itetnas04/data-scratch-01/pparsons/data/MyExpoComm/src/envs/battle_wrappers.py:258: UserWarning: To copy construct from a tensor, it is recommended to use sourceTensor.clone().detach() or sourceTensor.clone().detach().requires_grad_(True), rather than torch.tensor(sourceTensor).
  actions = torch.tensor(actions, dtype=torch.long)
2026-03-02 23:10:03,908 - my_experiment - bat_HybridComm_2M - my_run - INFO - t_env: 200 / 2050000
2026-03-02 23:10:03,909 - my_experiment - bat_HybridComm_2M - my_run - INFO - Estimated time left: 1 minutes, 21 seconds. Time passed: 1 seconds
2026-03-02 23:11:23,246 - my_experiment - bat_HybridComm_2M - my_run - INFO - Saving models to work_dirs/my_experiment/bat_HybridComm_2M/my_run/20260302_230949/models/200
2026-03-02 23:17:19,012 - my_experiment - bat_HybridComm_2M - my_run - INFO - Recent Stats | t_env:      50000 | Episode:      250
blue_team_alives_mean:    19.9720	blue_team_win_mean:        0.0000	ep_length_mean:          200.0000	episode_length_mean:     199.0000
epsilon:                   0.9240	grad_norm:                 1.6049	info_nce_loss:             1.3806	loss:                      1.7090
q_loss:                    1.5536	red_team_alives_mean:     20.0000	red_team_win_mean:         0.0240	return_mean:              -1.4339
return_std:                0.2208	test_blue_team_alives_mean: 20.0000	test_blue_team_win_mean:   0.0000	test_ep_length_mean:     200.0000
test_episode_length_mean:199.0000	test_red_team_alives_mean: 20.0000	test_red_team_win_mean:    0.0000	test_return_mean:         -1.2850
test_return_std:           0.0000	
2026-03-02 23:17:20,532 - my_experiment - bat_HybridComm_2M - my_run - INFO - t_env: 50200 / 2050000
2026-03-02 23:17:20,534 - my_experiment - bat_HybridComm_2M - my_run - INFO - Estimated time left: 4 hours, 51 minutes, 3 seconds. Time passed: 7 minutes, 18 seconds
2026-03-02 23:24:58,494 - my_experiment - bat_HybridComm_2M - my_run - INFO - Recent Stats | t_env:     100000 | Episode:      500
blue_team_alives_mean:    15.6040	blue_team_win_mean:        0.0000	ep_length_mean:          200.0000	episode_length_mean:     199.0000
epsilon:                   0.8290	grad_norm:                 5.2812	info_nce_loss:             0.9064	loss:                      3.6991
q_loss:                    3.3628	red_team_alives_mean:     20.0000	red_team_win_mean:         0.8640	return_mean:               1.6739
return_std:                1.0067	test_blue_team_alives_mean: 19.5000	test_blue_team_win_mean:   0.0000	test_ep_length_mean:     200.0000
test_episode_length_mean:199.0000	test_red_team_alives_mean: 20.0000	test_red_team_win_mean:    0.5000	test_return_mean:         -1.5255
test_return_std:           0.0000	
2026-03-02 23:24:59,958 - my_experiment - bat_HybridComm_2M - my_run - INFO - t_env: 100200 / 2050000
2026-03-02 23:24:59,960 - my_experiment - bat_HybridComm_2M - my_run - INFO - Estimated time left: 4 hours, 58 minutes, 35 seconds. Time passed: 14 minutes, 58 seconds
2026-03-02 23:32:20,106 - my_experiment - bat_HybridComm_2M - my_run - INFO - Recent Stats | t_env:     150186 | Episode:      751
blue_team_alives_mean:     4.8040	blue_team_win_mean:        0.0000	ep_length_mean:          200.0000	episode_length_mean:     199.0000
epsilon:                   0.7340	grad_norm:                 7.5571	info_nce_loss:             0.3680	loss:                      3.4548
q_loss:                    3.1407	red_team_alives_mean:     20.0000	red_team_win_mean:         1.0000	return_mean:               5.4323
return_std:                0.5771	test_blue_team_alives_mean: 19.0000	test_blue_team_win_mean:   0.0000	test_ep_length_mean:     200.0000
test_episode_length_mean:199.0000	test_red_team_alives_mean: 20.0000	test_red_team_win_mean:    0.6667	test_return_mean:         -1.4270
test_return_std:           0.0000	
2026-03-02 23:32:21,565 - my_experiment - bat_HybridComm_2M - my_run - INFO - t_env: 150386 / 2050000
2026-03-02 23:32:21,566 - my_experiment - bat_HybridComm_2M - my_run - INFO - Estimated time left: 4 hours, 38 minutes, 35 seconds. Time passed: 22 minutes, 19 seconds
2026-03-02 23:39:36,285 - my_experiment - bat_HybridComm_2M - my_run - INFO - Saving models to work_dirs/my_experiment/bat_HybridComm_2M/my_run/20260302_230949/models/200301
2026-03-02 23:39:36,307 - my_experiment - bat_HybridComm_2M - my_run - INFO - Recent Stats | t_env:     200301 | Episode:     1002
blue_team_alives_mean:     2.7464	blue_team_win_mean:        0.0000	ep_length_mean:          199.6118	episode_length_mean:     198.6118
epsilon:                   0.6384	grad_norm:                11.9479	info_nce_loss:             0.2073	loss:                      2.9656
q_loss:                    2.6960	red_team_alives_mean:     20.0000	red_team_win_mean:         1.0000	return_mean:               5.5342
return_std:                0.3939	test_blue_team_alives_mean: 18.2500	test_blue_team_win_mean:   0.0000	test_ep_length_mean:     200.0000
test_episode_length_mean:199.0000	test_red_team_alives_mean: 20.0000	test_red_team_win_mean:    0.7500	test_return_mean:         -1.0126
test_return_std:           0.0000	
2026-03-02 23:39:37,810 - my_experiment - bat_HybridComm_2M - my_run - INFO - t_env: 200501 / 2050000
2026-03-02 23:39:37,811 - my_experiment - bat_HybridComm_2M - my_run - INFO - Estimated time left: 4 hours, 28 minutes, 19 seconds. Time passed: 29 minutes, 35 seconds
2026-03-02 23:46:47,052 - my_experiment - bat_HybridComm_2M - my_run - INFO - Recent Stats | t_env:     250384 | Episode:     1253
blue_team_alives_mean:     2.9415	blue_team_win_mean:        0.0000	ep_length_mean:          199.5412	episode_length_mean:     198.5412
epsilon:                   0.5429	grad_norm:                 7.8229	info_nce_loss:             0.3164	loss:                      2.3707
q_loss:                    2.1552	red_team_alives_mean:     20.0000	red_team_win_mean:         1.0000	return_mean:               5.2579
return_std:                0.4324	test_blue_team_alives_mean: 15.8000	test_blue_team_win_mean:   0.0000	test_ep_length_mean:     200.0000
test_episode_length_mean:199.0000	test_red_team_alives_mean: 20.0000	test_red_team_win_mean:    0.8000	test_return_mean:          0.0187
test_return_std:           0.0000	
2026-03-02 23:46:48,464 - my_experiment - bat_HybridComm_2M - my_run - INFO - t_env: 250584 / 2050000
2026-03-02 23:46:48,466 - my_experiment - bat_HybridComm_2M - my_run - INFO - Estimated time left: 4 hours, 17 minutes, 52 seconds. Time passed: 36 minutes, 46 seconds
2026-03-02 23:53:54,083 - my_experiment - bat_HybridComm_2M - my_run - INFO - Recent Stats | t_env:     300384 | Episode:     1503
blue_team_alives_mean:     3.0840	blue_team_win_mean:        0.0000	ep_length_mean:          200.0000	episode_length_mean:     199.0000
epsilon:                   0.4479	grad_norm:                 7.8810	info_nce_loss:             0.3604	loss:                      2.1027
q_loss:                    1.9116	red_team_alives_mean:     20.0000	red_team_win_mean:         1.0000	return_mean:               5.1493
return_std:                0.4075	test_blue_team_alives_mean: 13.0000	test_blue_team_win_mean:   0.0000	test_ep_length_mean:     200.0000
test_episode_length_mean:199.0000	test_red_team_alives_mean: 20.0000	test_red_team_win_mean:    1.0000	test_return_mean:          1.0630
test_return_std:           0.0000	
2026-03-02 23:53:55,514 - my_experiment - bat_HybridComm_2M - my_run - INFO - t_env: 300584 / 2050000
2026-03-02 23:53:55,516 - my_experiment - bat_HybridComm_2M - my_run - INFO - Estimated time left: 4 hours, 9 minutes, 1 seconds. Time passed: 43 minutes, 53 seconds
2026-03-03 00:01:07,379 - my_experiment - bat_HybridComm_2M - my_run - INFO - Recent Stats | t_env:     350477 | Episode:     1755
blue_team_alives_mean:     3.1882	blue_team_win_mean:        0.0000	ep_length_mean:          198.8192	episode_length_mean:     197.8192
epsilon:                   0.3527	grad_norm:                11.5396	info_nce_loss:             0.2310	loss:                      1.9305
q_loss:                    1.7550	red_team_alives_mean:     20.0000	red_team_win_mean:         1.0000	return_mean:               5.2323
return_std:                0.4689	test_blue_team_alives_mean: 11.0000	test_blue_team_win_mean:   0.0000	test_ep_length_mean:     200.0000
test_episode_length_mean:199.0000	test_red_team_alives_mean: 20.0000	test_red_team_win_mean:    1.0000	test_return_mean:          2.1195
test_return_std:           0.0000	
2026-03-03 00:01:08,779 - my_experiment - bat_HybridComm_2M - my_run - INFO - t_env: 350677 / 2050000
2026-03-03 00:01:08,781 - my_experiment - bat_HybridComm_2M - my_run - INFO - Estimated time left: 4 hours, 4 minutes, 57 seconds. Time passed: 51 minutes, 6 seconds
2026-03-03 00:08:17,657 - my_experiment - bat_HybridComm_2M - my_run - INFO - Saving models to work_dirs/my_experiment/bat_HybridComm_2M/my_run/20260302_230949/models/400477
2026-03-03 00:08:17,677 - my_experiment - bat_HybridComm_2M - my_run - INFO - Recent Stats | t_env:     400477 | Episode:     2005
blue_team_alives_mean:     3.8080	blue_team_win_mean:        0.0000	ep_length_mean:          200.0000	episode_length_mean:     199.0000
epsilon:                   0.2577	grad_norm:                10.6360	info_nce_loss:             0.2739	loss:                      1.8918
q_loss:                    1.7198	red_team_alives_mean:     20.0000	red_team_win_mean:         1.0000	return_mean:               5.0347
return_std:                0.4890	test_blue_team_alives_mean:  9.0000	test_blue_team_win_mean:   0.0000	test_ep_length_mean:     200.0000
test_episode_length_mean:199.0000	test_red_team_alives_mean: 20.0000	test_red_team_win_mean:    1.0000	test_return_mean:          3.0429
test_return_std:           0.0000	
2026-03-03 00:08:19,093 - my_experiment - bat_HybridComm_2M - my_run - INFO - t_env: 400677 / 2050000
2026-03-03 00:08:19,094 - my_experiment - bat_HybridComm_2M - my_run - INFO - Estimated time left: 3 hours, 56 minutes, 34 seconds. Time passed: 58 minutes, 17 seconds
2026-03-03 00:15:28,791 - my_experiment - bat_HybridComm_2M - my_run - INFO - Recent Stats | t_env:     450477 | Episode:     2255
blue_team_alives_mean:     3.8720	blue_team_win_mean:        0.0000	ep_length_mean:          200.0000	episode_length_mean:     199.0000
epsilon:                   0.1627	grad_norm:                10.4252	info_nce_loss:             0.2860	loss:                      1.8217
q_loss:                    1.6561	red_team_alives_mean:     19.9960	red_team_win_mean:         1.0000	return_mean:               4.9736
return_std:                0.4759	test_blue_team_alives_mean:  8.0000	test_blue_team_win_mean:   0.0000	test_ep_length_mean:     200.0000
test_episode_length_mean:199.0000	test_red_team_alives_mean: 20.0000	test_red_team_win_mean:    1.0000	test_return_mean:          3.4165
test_return_std:           0.0000	
2026-03-03 00:15:30,248 - my_experiment - bat_HybridComm_2M - my_run - INFO - t_env: 450677 / 2050000
2026-03-03 00:15:30,249 - my_experiment - bat_HybridComm_2M - my_run - INFO - Estimated time left: 3 hours, 49 minutes, 51 seconds. Time passed: 1 hours, 5 minutes, 28 seconds
2026-03-03 00:22:37,334 - my_experiment - bat_HybridComm_2M - my_run - INFO - Recent Stats | t_env:     500477 | Episode:     2505
blue_team_alives_mean:     4.3680	blue_team_win_mean:        0.0000	ep_length_mean:          200.0000	episode_length_mean:     199.0000
epsilon:                   0.0677	grad_norm:                14.1998	info_nce_loss:             0.3212	loss:                      1.6939
q_loss:                    1.5399	red_team_alives_mean:     20.0000	red_team_win_mean:         1.0000	return_mean:               4.8540
return_std:                0.4486	test_blue_team_alives_mean:  7.8000	test_blue_team_win_mean:   0.0000	test_ep_length_mean:     200.0000
test_episode_length_mean:199.0000	test_red_team_alives_mean: 20.0000	test_red_team_win_mean:    1.0000	test_return_mean:          3.4735
test_return_std:           0.0000	
2026-03-03 00:22:38,777 - my_experiment - bat_HybridComm_2M - my_run - INFO - t_env: 500677 / 2050000
2026-03-03 00:22:38,778 - my_experiment - bat_HybridComm_2M - my_run - INFO - Estimated time left: 3 hours, 41 minutes, 18 seconds. Time passed: 1 hours, 12 minutes, 36 seconds
2026-03-03 00:29:47,398 - my_experiment - bat_HybridComm_2M - my_run - INFO - Recent Stats | t_env:     550477 | Episode:     2755
blue_team_alives_mean:     4.4880	blue_team_win_mean:        0.0000	ep_length_mean:          200.0000	episode_length_mean:     199.0000
epsilon:                   0.0500	grad_norm:                18.1142	info_nce_loss:             0.3538	loss:                      1.7564
q_loss:                    1.5968	red_team_alives_mean:     20.0000	red_team_win_mean:         1.0000	return_mean:               4.6399
return_std:                0.4926	test_blue_team_alives_mean:  7.8000	test_blue_team_win_mean:   0.0000	test_ep_length_mean:     200.0000
test_episode_length_mean:199.0000	test_red_team_alives_mean: 20.0000	test_red_team_win_mean:    1.0000	test_return_mean:          3.4459
test_return_std:           0.0000	
2026-03-03 00:29:48,812 - my_experiment - bat_HybridComm_2M - my_run - INFO - t_env: 550677 / 2050000
2026-03-03 00:29:48,813 - my_experiment - bat_HybridComm_2M - my_run - INFO - Estimated time left: 3 hours, 34 minutes, 55 seconds. Time passed: 1 hours, 19 minutes, 46 seconds
2026-03-03 00:36:56,310 - my_experiment - bat_HybridComm_2M - my_run - INFO - Saving models to work_dirs/my_experiment/bat_HybridComm_2M/my_run/20260302_230949/models/600598
2026-03-03 00:36:56,329 - my_experiment - bat_HybridComm_2M - my_run - INFO - Recent Stats | t_env:     600598 | Episode:     3006
blue_team_alives_mean:     4.1502	blue_team_win_mean:        0.0000	ep_length_mean:          199.6902	episode_length_mean:     198.6902
epsilon:                   0.0500	grad_norm:                19.8977	info_nce_loss:             0.0640	loss:                      1.7117
q_loss:                    1.5561	red_team_alives_mean:     20.0000	red_team_win_mean:         1.0000	return_mean:               4.8809
return_std:                0.5122	test_blue_team_alives_mean:  7.0000	test_blue_team_win_mean:   0.0000	test_ep_length_mean:     200.0000
test_episode_length_mean:199.0000	test_red_team_alives_mean: 20.0000	test_red_team_win_mean:    1.0000	test_return_mean:          3.5768
test_return_std:           0.0000	
2026-03-03 00:36:57,740 - my_experiment - bat_HybridComm_2M - my_run - INFO - t_env: 600798 / 2050000
2026-03-03 00:36:57,742 - my_experiment - bat_HybridComm_2M - my_run - INFO - Estimated time left: 3 hours, 26 minutes, 42 seconds. Time passed: 1 hours, 26 minutes, 55 seconds
2026-03-03 00:44:05,506 - my_experiment - bat_HybridComm_2M - my_run - INFO - Recent Stats | t_env:     650765 | Episode:     3257
blue_team_alives_mean:     4.2676	blue_team_win_mean:        0.0000	ep_length_mean:          199.8706	episode_length_mean:     198.8706
epsilon:                   0.0500	grad_norm:                18.6053	info_nce_loss:             0.3615	loss:                      1.6801
q_loss:                    1.5273	red_team_alives_mean:     20.0000	red_team_win_mean:         1.0000	return_mean:               4.8219
return_std:                0.4687	test_blue_team_alives_mean:  6.0000	test_blue_team_win_mean:   0.0000	test_ep_length_mean:     200.0000
test_episode_length_mean:199.0000	test_red_team_alives_mean: 20.0000	test_red_team_win_mean:    1.0000	test_return_mean:          3.9371
test_return_std:           0.0000	
2026-03-03 00:44:06,992 - my_experiment - bat_HybridComm_2M - my_run - INFO - t_env: 650965 / 2050000
2026-03-03 00:44:06,994 - my_experiment - bat_HybridComm_2M - my_run - INFO - Estimated time left: 3 hours, 19 minutes, 30 seconds. Time passed: 1 hours, 34 minutes, 5 seconds
2026-03-03 00:51:16,842 - my_experiment - bat_HybridComm_2M - my_run - INFO - Recent Stats | t_env:     700765 | Episode:     3507
blue_team_alives_mean:     4.7680	blue_team_win_mean:        0.0000	ep_length_mean:          200.0000	episode_length_mean:     199.0000
epsilon:                   0.0500	grad_norm:                25.4027	info_nce_loss:             0.2368	loss:                      1.6885
q_loss:                    1.5350	red_team_alives_mean:     20.0000	red_team_win_mean:         1.0000	return_mean:               4.7029
return_std:                0.5434	test_blue_team_alives_mean:  6.0000	test_blue_team_win_mean:   0.0000	test_ep_length_mean:     200.0000
test_episode_length_mean:199.0000	test_red_team_alives_mean: 20.0000	test_red_team_win_mean:    1.0000	test_return_mean:          3.9992
test_return_std:           0.0000	
2026-03-03 00:51:18,244 - my_experiment - bat_HybridComm_2M - my_run - INFO - t_env: 700965 / 2050000
2026-03-03 00:51:18,246 - my_experiment - bat_HybridComm_2M - my_run - INFO - Estimated time left: 3 hours, 13 minutes, 55 seconds. Time passed: 1 hours, 41 minutes, 16 seconds
2026-03-03 00:58:28,241 - my_experiment - bat_HybridComm_2M - my_run - INFO - Recent Stats | t_env:     750925 | Episode:     3758
blue_team_alives_mean:     4.7359	blue_team_win_mean:        0.0000	ep_length_mean:          199.9255	episode_length_mean:     198.9255
epsilon:                   0.0500	grad_norm:                19.1121	info_nce_loss:             0.1149	loss:                      1.6289
q_loss:                    1.4808	red_team_alives_mean:     20.0000	red_team_win_mean:         1.0000	return_mean:               4.8333
return_std:                0.6089	test_blue_team_alives_mean:  6.2000	test_blue_team_win_mean:   0.0000	test_ep_length_mean:     200.0000
test_episode_length_mean:199.0000	test_red_team_alives_mean: 20.0000	test_red_team_win_mean:    1.0000	test_return_mean:          3.9748
test_return_std:           0.0000	
2026-03-03 00:58:29,710 - my_experiment - bat_HybridComm_2M - my_run - INFO - t_env: 751125 / 2050000
2026-03-03 00:58:29,711 - my_experiment - bat_HybridComm_2M - my_run - INFO - Estimated time left: 3 hours, 6 minutes, 12 seconds. Time passed: 1 hours, 48 minutes, 27 seconds
2026-03-03 01:05:38,130 - my_experiment - bat_HybridComm_2M - my_run - INFO - Saving models to work_dirs/my_experiment/bat_HybridComm_2M/my_run/20260302_230949/models/800725
2026-03-03 01:05:39,564 - my_experiment - bat_HybridComm_2M - my_run - INFO - Recent Stats | t_env:     800925 | Episode:     4008
blue_team_alives_mean:     4.4633	blue_team_win_mean:        0.0000	ep_length_mean:          199.9176	episode_length_mean:     198.9176
epsilon:                   0.0500	grad_norm:                22.2988	info_nce_loss:             0.2499	loss:                      1.6912
q_loss:                    1.5374	red_team_alives_mean:     20.0000	red_team_win_mean:         1.0000	return_mean:               4.9942
return_std:                0.6226	test_blue_team_alives_mean:  6.0000	test_blue_team_win_mean:   0.0000	test_ep_length_mean:     200.0000
test_episode_length_mean:199.0000	test_red_team_alives_mean: 20.0000	test_red_team_win_mean:    1.0000	test_return_mean:          4.1215
test_return_std:           0.0000	
2026-03-03 01:05:41,010 - my_experiment - bat_HybridComm_2M - my_run - INFO - t_env: 801125 / 2050000
2026-03-03 01:05:41,012 - my_experiment - bat_HybridComm_2M - my_run - INFO - Estimated time left: 2 hours, 59 minutes, 32 seconds. Time passed: 1 hours, 55 minutes, 39 seconds
2026-03-03 01:12:49,252 - my_experiment - bat_HybridComm_2M - my_run - INFO - Recent Stats | t_env:     850925 | Episode:     4258
blue_team_alives_mean:     4.4120	blue_team_win_mean:        0.0000	ep_length_mean:          200.0000	episode_length_mean:     199.0000
epsilon:                   0.0500	grad_norm:                17.0146	info_nce_loss:             0.2276	loss:                      1.6714
q_loss:                    1.5195	red_team_alives_mean:     20.0000	red_team_win_mean:         1.0000	return_mean:               5.0422
return_std:                0.5490	test_blue_team_alives_mean:  5.8000	test_blue_team_win_mean:   0.0000	test_ep_length_mean:     200.0000
test_episode_length_mean:199.0000	test_red_team_alives_mean: 20.0000	test_red_team_win_mean:    1.0000	test_return_mean:          4.2826
test_return_std:           0.0000	
2026-03-03 01:12:50,673 - my_experiment - bat_HybridComm_2M - my_run - INFO - t_env: 851125 / 2050000
2026-03-03 01:12:50,675 - my_experiment - bat_HybridComm_2M - my_run - INFO - Estimated time left: 2 hours, 51 minutes, 42 seconds. Time passed: 2 hours, 2 minutes, 48 seconds
2026-03-03 01:19:58,789 - my_experiment - bat_HybridComm_2M - my_run - INFO - Recent Stats | t_env:     900991 | Episode:     4509
blue_team_alives_mean:     4.1372	blue_team_win_mean:        0.0000	ep_length_mean:          199.4745	episode_length_mean:     198.4745
epsilon:                   0.0500	grad_norm:                29.4893	info_nce_loss:             0.1933	loss:                      1.7347
q_loss:                    1.5770	red_team_alives_mean:     20.0000	red_team_win_mean:         1.0000	return_mean:               5.1492
return_std:                0.6332	test_blue_team_alives_mean:  6.4000	test_blue_team_win_mean:   0.0000	test_ep_length_mean:     200.0000
test_episode_length_mean:199.0000	test_red_team_alives_mean: 20.0000	test_red_team_win_mean:    1.0000	test_return_mean:          4.1057
test_return_std:           0.0000	
2026-03-03 01:20:00,203 - my_experiment - bat_HybridComm_2M - my_run - INFO - t_env: 901191 / 2050000
2026-03-03 01:20:00,205 - my_experiment - bat_HybridComm_2M - my_run - INFO - Estimated time left: 2 hours, 44 minutes, 15 seconds. Time passed: 2 hours, 9 minutes, 58 seconds
2026-03-03 01:27:08,801 - my_experiment - bat_HybridComm_2M - my_run - INFO - Recent Stats | t_env:     951154 | Episode:     4760
blue_team_alives_mean:     3.9651	blue_team_win_mean:        0.0000	ep_length_mean:          199.8549	episode_length_mean:     198.8549
epsilon:                   0.0500	grad_norm:                34.5752	info_nce_loss:             0.2816	loss:                      1.8061
q_loss:                    1.6419	red_team_alives_mean:     20.0000	red_team_win_mean:         1.0000	return_mean:               5.1990
return_std:                0.5960	test_blue_team_alives_mean:  5.2000	test_blue_team_win_mean:   0.0000	test_ep_length_mean:     200.0000
test_episode_length_mean:199.0000	test_red_team_alives_mean: 20.0000	test_red_team_win_mean:    1.0000	test_return_mean:          4.6198
test_return_std:           0.0000	
2026-03-03 01:27:10,216 - my_experiment - bat_HybridComm_2M - my_run - INFO - t_env: 951354 / 2050000
2026-03-03 01:27:10,217 - my_experiment - bat_HybridComm_2M - my_run - INFO - Estimated time left: 2 hours, 36 minutes, 57 seconds. Time passed: 2 hours, 17 minutes, 8 seconds
2026-03-03 01:34:13,501 - my_experiment - bat_HybridComm_2M - my_run - INFO - Saving models to work_dirs/my_experiment/bat_HybridComm_2M/my_run/20260302_230949/models/1000880
2026-03-03 01:34:16,352 - my_experiment - bat_HybridComm_2M - my_run - INFO - Recent Stats | t_env:    1001280 | Episode:     5011
blue_team_alives_mean:     3.7760	blue_team_win_mean:        0.0000	ep_length_mean:          200.0000	episode_length_mean:     199.0000
epsilon:                   0.0500	grad_norm:                33.4805	info_nce_loss:             0.3628	loss:                      1.9020
q_loss:                    1.7291	red_team_alives_mean:     20.0000	red_team_win_mean:         1.0000	return_mean:               5.2306
return_std:                0.5321	test_blue_team_alives_mean:  4.4000	test_blue_team_win_mean:   0.0000	test_ep_length_mean:     200.0000
test_episode_length_mean:199.0000	test_red_team_alives_mean: 20.0000	test_red_team_win_mean:    1.0000	test_return_mean:          4.9331
test_return_std:           0.0000	
2026-03-03 01:34:17,812 - my_experiment - bat_HybridComm_2M - my_run - INFO - t_env: 1001480 / 2050000
2026-03-03 01:34:17,814 - my_experiment - bat_HybridComm_2M - my_run - INFO - Estimated time left: 2 hours, 29 minutes, 4 seconds. Time passed: 2 hours, 24 minutes, 15 seconds
2026-03-03 01:41:23,359 - my_experiment - bat_HybridComm_2M - my_run - INFO - Recent Stats | t_env:    1051280 | Episode:     5261
blue_team_alives_mean:     4.2032	blue_team_win_mean:        0.0000	ep_length_mean:          199.7098	episode_length_mean:     198.7098
epsilon:                   0.0500	grad_norm:                48.8719	info_nce_loss:             0.1755	loss:                      2.0662
q_loss:                    1.8783	red_team_alives_mean:     20.0000	red_team_win_mean:         1.0000	return_mean:               5.0218
return_std:                0.5739	test_blue_team_alives_mean:  4.0000	test_blue_team_win_mean:   0.0000	test_ep_length_mean:     200.0000
test_episode_length_mean:199.0000	test_red_team_alives_mean: 20.0000	test_red_team_win_mean:    1.0000	test_return_mean:          5.1457
test_return_std:           0.0000	
2026-03-03 01:41:24,794 - my_experiment - bat_HybridComm_2M - my_run - INFO - t_env: 1051480 / 2050000
2026-03-03 01:41:24,795 - my_experiment - bat_HybridComm_2M - my_run - INFO - Estimated time left: 2 hours, 22 minutes, 6 seconds. Time passed: 2 hours, 31 minutes, 22 seconds
2026-03-03 01:48:32,040 - my_experiment - bat_HybridComm_2M - my_run - INFO - Recent Stats | t_env:    1101280 | Episode:     5511
blue_team_alives_mean:     5.1520	blue_team_win_mean:        0.0000	ep_length_mean:          200.0000	episode_length_mean:     199.0000
epsilon:                   0.0500	grad_norm:                35.4745	info_nce_loss:             0.1126	loss:                      1.6522
q_loss:                    1.5020	red_team_alives_mean:     20.0000	red_team_win_mean:         1.0000	return_mean:               4.6987
return_std:                0.5493	test_blue_team_alives_mean:  4.6000	test_blue_team_win_mean:   0.0000	test_ep_length_mean:     200.0000
test_episode_length_mean:199.0000	test_red_team_alives_mean: 20.0000	test_red_team_win_mean:    1.0000	test_return_mean:          4.9540
test_return_std:           0.0000	
2026-03-03 01:48:33,458 - my_experiment - bat_HybridComm_2M - my_run - INFO - t_env: 1101480 / 2050000
2026-03-03 01:48:33,460 - my_experiment - bat_HybridComm_2M - my_run - INFO - Estimated time left: 2 hours, 15 minutes, 31 seconds. Time passed: 2 hours, 38 minutes, 31 seconds
2026-03-03 01:55:38,506 - my_experiment - bat_HybridComm_2M - my_run - INFO - Recent Stats | t_env:    1151280 | Episode:     5761
blue_team_alives_mean:     5.0560	blue_team_win_mean:        0.0000	ep_length_mean:          200.0000	episode_length_mean:     199.0000
epsilon:                   0.0500	grad_norm:                17.2487	info_nce_loss:             0.1560	loss:                      1.4567
q_loss:                    1.3243	red_team_alives_mean:     20.0000	red_team_win_mean:         1.0000	return_mean:               4.7295
return_std:                0.6204	test_blue_team_alives_mean:  3.8000	test_blue_team_win_mean:   0.0000	test_ep_length_mean:     200.0000
test_episode_length_mean:199.0000	test_red_team_alives_mean: 20.0000	test_red_team_win_mean:    1.0000	test_return_mean:          5.2500
test_return_std:           0.0000	
2026-03-03 01:55:39,938 - my_experiment - bat_HybridComm_2M - my_run - INFO - t_env: 1151480 / 2050000
2026-03-03 01:55:39,939 - my_experiment - bat_HybridComm_2M - my_run - INFO - Estimated time left: 2 hours, 7 minutes, 44 seconds. Time passed: 2 hours, 45 minutes, 38 seconds
2026-03-03 02:02:43,156 - my_experiment - bat_HybridComm_2M - my_run - INFO - Saving models to work_dirs/my_experiment/bat_HybridComm_2M/my_run/20260302_230949/models/1200880
2026-03-03 02:02:45,970 - my_experiment - bat_HybridComm_2M - my_run - INFO - Recent Stats | t_env:    1201280 | Episode:     6011
blue_team_alives_mean:     5.6320	blue_team_win_mean:        0.0000	ep_length_mean:          200.0000	episode_length_mean:     199.0000
epsilon:                   0.0500	grad_norm:                34.9487	info_nce_loss:             0.3196	loss:                      1.7120
q_loss:                    1.5563	red_team_alives_mean:     20.0000	red_team_win_mean:         1.0000	return_mean:               4.5336
return_std:                0.6783	test_blue_team_alives_mean:  4.0000	test_blue_team_win_mean:   0.0000	test_ep_length_mean:     200.0000
test_episode_length_mean:199.0000	test_red_team_alives_mean: 20.0000	test_red_team_win_mean:    1.0000	test_return_mean:          5.1055
test_return_std:           0.0000	
2026-03-03 02:02:47,375 - my_experiment - bat_HybridComm_2M - my_run - INFO - t_env: 1201480 / 2050000
2026-03-03 02:02:47,376 - my_experiment - bat_HybridComm_2M - my_run - INFO - Estimated time left: 2 hours, 53 seconds. Time passed: 2 hours, 52 minutes, 45 seconds
2026-03-03 02:09:55,164 - my_experiment - bat_HybridComm_2M - my_run - INFO - Recent Stats | t_env:    1251280 | Episode:     6261
blue_team_alives_mean:     5.5960	blue_team_win_mean:        0.0000	ep_length_mean:          200.0000	episode_length_mean:     199.0000
epsilon:                   0.0500	grad_norm:                44.8500	info_nce_loss:             0.3010	loss:                      1.5396
q_loss:                    1.3996	red_team_alives_mean:     20.0000	red_team_win_mean:         1.0000	return_mean:               4.4894
return_std:                0.7964	test_blue_team_alives_mean:  4.4000	test_blue_team_win_mean:   0.0000	test_ep_length_mean:     200.0000
test_episode_length_mean:199.0000	test_red_team_alives_mean: 20.0000	test_red_team_win_mean:    1.0000	test_return_mean:          4.9530
test_return_std:           0.0000	
2026-03-03 02:09:56,593 - my_experiment - bat_HybridComm_2M - my_run - INFO - t_env: 1251480 / 2050000
2026-03-03 02:09:56,595 - my_experiment - bat_HybridComm_2M - my_run - INFO - Estimated time left: 1 hours, 54 minutes, 14 seconds. Time passed: 2 hours, 59 minutes, 54 seconds
2026-03-03 02:17:06,449 - my_experiment - bat_HybridComm_2M - my_run - INFO - Recent Stats | t_env:    1301280 | Episode:     6511
blue_team_alives_mean:     7.3400	blue_team_win_mean:        0.0000	ep_length_mean:          200.0000	episode_length_mean:     199.0000
epsilon:                   0.0500	grad_norm:                61.4277	info_nce_loss:             0.3006	loss:                      2.0045
q_loss:                    1.8223	red_team_alives_mean:     20.0000	red_team_win_mean:         1.0000	return_mean:               3.8683
return_std:                0.7708	test_blue_team_alives_mean:  5.2000	test_blue_team_win_mean:   0.0000	test_ep_length_mean:     200.0000
test_episode_length_mean:199.0000	test_red_team_alives_mean: 20.0000	test_red_team_win_mean:    1.0000	test_return_mean:          4.6213
test_return_std:           0.0000	
2026-03-03 02:17:07,891 - my_experiment - bat_HybridComm_2M - my_run - INFO - t_env: 1301480 / 2050000
2026-03-03 02:17:07,893 - my_experiment - bat_HybridComm_2M - my_run - INFO - Estimated time left: 1 hours, 47 minutes, 36 seconds. Time passed: 3 hours, 7 minutes, 5 seconds
2026-03-03 02:24:19,007 - my_experiment - bat_HybridComm_2M - my_run - INFO - Recent Stats | t_env:    1351280 | Episode:     6761
blue_team_alives_mean:     7.5200	blue_team_win_mean:        0.0000	ep_length_mean:          200.0000	episode_length_mean:     199.0000
epsilon:                   0.0500	grad_norm:                21.4412	info_nce_loss:             0.2081	loss:                      1.3837
q_loss:                    1.2579	red_team_alives_mean:     20.0000	red_team_win_mean:         1.0000	return_mean:               3.8382
return_std:                0.7900	test_blue_team_alives_mean:  5.6000	test_blue_team_win_mean:   0.0000	test_ep_length_mean:     200.0000
test_episode_length_mean:199.0000	test_red_team_alives_mean: 20.0000	test_red_team_win_mean:    1.0000	test_return_mean:          4.5116
test_return_std:           0.0000	
2026-03-03 02:24:20,439 - my_experiment - bat_HybridComm_2M - my_run - INFO - t_env: 1351480 / 2050000
2026-03-03 02:24:20,441 - my_experiment - bat_HybridComm_2M - my_run - INFO - Estimated time left: 1 hours, 40 minutes, 42 seconds. Time passed: 3 hours, 14 minutes, 18 seconds
2026-03-03 02:31:27,407 - my_experiment - bat_HybridComm_2M - my_run - INFO - Saving models to work_dirs/my_experiment/bat_HybridComm_2M/my_run/20260302_230949/models/1400880
2026-03-03 02:31:30,259 - my_experiment - bat_HybridComm_2M - my_run - INFO - Recent Stats | t_env:    1401280 | Episode:     7011
blue_team_alives_mean:     6.4600	blue_team_win_mean:        0.0000	ep_length_mean:          200.0000	episode_length_mean:     199.0000
epsilon:                   0.0500	grad_norm:                25.7552	info_nce_loss:             0.1976	loss:                      1.3757
q_loss:                    1.2506	red_team_alives_mean:     20.0000	red_team_win_mean:         1.0000	return_mean:               4.0841
return_std:                0.7471	test_blue_team_alives_mean:  7.0000	test_blue_team_win_mean:   0.0000	test_ep_length_mean:     200.0000
test_episode_length_mean:199.0000	test_red_team_alives_mean: 20.0000	test_red_team_win_mean:    1.0000	test_return_mean:          4.0029
test_return_std:           0.0000	
2026-03-03 02:31:31,709 - my_experiment - bat_HybridComm_2M - my_run - INFO - t_env: 1401480 / 2050000
2026-03-03 02:31:31,711 - my_experiment - bat_HybridComm_2M - my_run - INFO - Estimated time left: 1 hours, 33 minutes, 13 seconds. Time passed: 3 hours, 21 minutes, 29 seconds
2026-03-03 02:38:39,396 - my_experiment - bat_HybridComm_2M - my_run - INFO - Recent Stats | t_env:    1451280 | Episode:     7261
blue_team_alives_mean:     5.9680	blue_team_win_mean:        0.0000	ep_length_mean:          200.0000	episode_length_mean:     199.0000
epsilon:                   0.0500	grad_norm:                33.1345	info_nce_loss:             0.3209	loss:                      1.3586
q_loss:                    1.2351	red_team_alives_mean:     20.0000	red_team_win_mean:         1.0000	return_mean:               4.1035
return_std:                0.7697	test_blue_team_alives_mean:  7.2000	test_blue_team_win_mean:   0.0000	test_ep_length_mean:     200.0000
test_episode_length_mean:199.0000	test_red_team_alives_mean: 20.0000	test_red_team_win_mean:    1.0000	test_return_mean:          3.9701
test_return_std:           0.0000	
2026-03-03 02:38:40,847 - my_experiment - bat_HybridComm_2M - my_run - INFO - t_env: 1451480 / 2050000
2026-03-03 02:38:40,849 - my_experiment - bat_HybridComm_2M - my_run - INFO - Estimated time left: 1 hours, 25 minutes, 36 seconds. Time passed: 3 hours, 28 minutes, 38 seconds
2026-03-03 02:45:49,497 - my_experiment - bat_HybridComm_2M - my_run - INFO - Recent Stats | t_env:    1501280 | Episode:     7511
blue_team_alives_mean:     5.3160	blue_team_win_mean:        0.0000	ep_length_mean:          200.0000	episode_length_mean:     199.0000
epsilon:                   0.0500	grad_norm:                21.4825	info_nce_loss:             0.1568	loss:                      1.3713
q_loss:                    1.2466	red_team_alives_mean:     20.0000	red_team_win_mean:         1.0000	return_mean:               4.3286
return_std:                0.7115	test_blue_team_alives_mean:  7.2000	test_blue_team_win_mean:   0.0000	test_ep_length_mean:     200.0000
test_episode_length_mean:199.0000	test_red_team_alives_mean: 20.0000	test_red_team_win_mean:    1.0000	test_return_mean:          3.9254
test_return_std:           0.0000	
2026-03-03 02:45:50,910 - my_experiment - bat_HybridComm_2M - my_run - INFO - t_env: 1501480 / 2050000
2026-03-03 02:45:50,911 - my_experiment - bat_HybridComm_2M - my_run - INFO - Estimated time left: 1 hours, 18 minutes, 37 seconds. Time passed: 3 hours, 35 minutes, 48 seconds
2026-03-03 02:52:58,750 - my_experiment - bat_HybridComm_2M - my_run - INFO - Recent Stats | t_env:    1551280 | Episode:     7761
blue_team_alives_mean:     5.9800	blue_team_win_mean:        0.0000	ep_length_mean:          200.0000	episode_length_mean:     199.0000
epsilon:                   0.0500	grad_norm:                30.6764	info_nce_loss:             0.2272	loss:                      1.2411
q_loss:                    1.1282	red_team_alives_mean:     20.0000	red_team_win_mean:         1.0000	return_mean:               4.1439
return_std:                0.7768	test_blue_team_alives_mean:  7.0000	test_blue_team_win_mean:   0.0000	test_ep_length_mean:     200.0000
test_episode_length_mean:199.0000	test_red_team_alives_mean: 20.0000	test_red_team_win_mean:    1.0000	test_return_mean:          3.8928
test_return_std:           0.0000	
2026-03-03 02:53:00,172 - my_experiment - bat_HybridComm_2M - my_run - INFO - t_env: 1551480 / 2050000
2026-03-03 02:53:00,174 - my_experiment - bat_HybridComm_2M - my_run - INFO - Estimated time left: 1 hours, 11 minutes, 19 seconds. Time passed: 3 hours, 42 minutes, 58 seconds
2026-03-03 03:00:07,528 - my_experiment - bat_HybridComm_2M - my_run - INFO - Saving models to work_dirs/my_experiment/bat_HybridComm_2M/my_run/20260302_230949/models/1600971
2026-03-03 03:00:10,351 - my_experiment - bat_HybridComm_2M - my_run - INFO - Recent Stats | t_env:    1601371 | Episode:     8012
blue_team_alives_mean:     5.7615	blue_team_win_mean:        0.0000	ep_length_mean:          199.5725	episode_length_mean:     198.5725
epsilon:                   0.0500	grad_norm:                21.6110	info_nce_loss:             0.2452	loss:                      1.1594
q_loss:                    1.0540	red_team_alives_mean:     20.0000	red_team_win_mean:         1.0000	return_mean:               4.1607
return_std:                0.9360	test_blue_team_alives_mean:  5.8000	test_blue_team_win_mean:   0.0000	test_ep_length_mean:     200.0000
test_episode_length_mean:199.0000	test_red_team_alives_mean: 20.0000	test_red_team_win_mean:    1.0000	test_return_mean:          4.2097
test_return_std:           0.0000	
2026-03-03 03:00:11,770 - my_experiment - bat_HybridComm_2M - my_run - INFO - t_env: 1601571 / 2050000
2026-03-03 03:00:11,771 - my_experiment - bat_HybridComm_2M - my_run - INFO - Estimated time left: 1 hours, 4 minutes, 23 seconds. Time passed: 3 hours, 50 minutes, 9 seconds
2026-03-03 03:07:22,053 - my_experiment - bat_HybridComm_2M - my_run - INFO - Recent Stats | t_env:    1651371 | Episode:     8262
blue_team_alives_mean:     6.3280	blue_team_win_mean:        0.0000	ep_length_mean:          200.0000	episode_length_mean:     199.0000
epsilon:                   0.0500	grad_norm:                25.0173	info_nce_loss:             0.2087	loss:                      1.2108
q_loss:                    1.1008	red_team_alives_mean:     20.0000	red_team_win_mean:         1.0000	return_mean:               4.1087
return_std:                0.9317	test_blue_team_alives_mean:  5.0000	test_blue_team_win_mean:   0.0000	test_ep_length_mean:     200.0000
test_episode_length_mean:199.0000	test_red_team_alives_mean: 20.0000	test_red_team_win_mean:    1.0000	test_return_mean:          4.4513
test_return_std:           0.0000	
2026-03-03 03:07:23,476 - my_experiment - bat_HybridComm_2M - my_run - INFO - t_env: 1651571 / 2050000
2026-03-03 03:07:23,478 - my_experiment - bat_HybridComm_2M - my_run - INFO - Estimated time left: 57 minutes, 20 seconds. Time passed: 3 hours, 57 minutes, 21 seconds
2026-03-03 03:14:36,260 - my_experiment - bat_HybridComm_2M - my_run - INFO - Recent Stats | t_env:    1701371 | Episode:     8512
blue_team_alives_mean:     7.9360	blue_team_win_mean:        0.0000	ep_length_mean:          200.0000	episode_length_mean:     199.0000
epsilon:                   0.0500	grad_norm:                35.4304	info_nce_loss:             0.1401	loss:                      1.3467
q_loss:                    1.2242	red_team_alives_mean:     20.0000	red_team_win_mean:         0.9960	return_mean:               3.6264
return_std:                1.3389	test_blue_team_alives_mean:  4.4000	test_blue_team_win_mean:   0.0000	test_ep_length_mean:     200.0000
test_episode_length_mean:199.0000	test_red_team_alives_mean: 20.0000	test_red_team_win_mean:    1.0000	test_return_mean:          4.6063
test_return_std:           0.0000	
2026-03-03 03:14:37,700 - my_experiment - bat_HybridComm_2M - my_run - INFO - t_env: 1701571 / 2050000
2026-03-03 03:14:37,702 - my_experiment - bat_HybridComm_2M - my_run - INFO - Estimated time left: 50 minutes, 25 seconds. Time passed: 4 hours, 4 minutes, 35 seconds
2026-03-03 03:21:54,865 - my_experiment - bat_HybridComm_2M - my_run - INFO - Recent Stats | t_env:    1751430 | Episode:     8763
blue_team_alives_mean:    10.1558	blue_team_win_mean:        0.0000	ep_length_mean:          199.4471	episode_length_mean:     198.4471
epsilon:                   0.0500	grad_norm:                29.4767	info_nce_loss:             0.1542	loss:                      1.3570
q_loss:                    1.2336	red_team_alives_mean:     20.0000	red_team_win_mean:         0.9041	return_mean:               2.7186
return_std:                1.6646	test_blue_team_alives_mean:  5.2000	test_blue_team_win_mean:   0.0000	test_ep_length_mean:     200.0000
test_episode_length_mean:199.0000	test_red_team_alives_mean: 20.0000	test_red_team_win_mean:    1.0000	test_return_mean:          4.3518
test_return_std:           0.0000	
2026-03-03 03:21:56,373 - my_experiment - bat_HybridComm_2M - my_run - INFO - t_env: 1751630 / 2050000
2026-03-03 03:21:56,374 - my_experiment - bat_HybridComm_2M - my_run - INFO - Estimated time left: 43 minutes, 34 seconds. Time passed: 4 hours, 11 minutes, 54 seconds
2026-03-03 03:29:14,181 - my_experiment - bat_HybridComm_2M - my_run - INFO - Saving models to work_dirs/my_experiment/bat_HybridComm_2M/my_run/20260302_230949/models/1801030
2026-03-03 03:29:17,055 - my_experiment - bat_HybridComm_2M - my_run - INFO - Recent Stats | t_env:    1801430 | Episode:     9013
blue_team_alives_mean:    11.9400	blue_team_win_mean:        0.0000	ep_length_mean:          200.0000	episode_length_mean:     199.0000
epsilon:                   0.0500	grad_norm:                60.9270	info_nce_loss:             0.2619	loss:                      1.5494
q_loss:                    1.4085	red_team_alives_mean:     20.0000	red_team_win_mean:         0.8280	return_mean:               1.9566
return_std:                1.9478	test_blue_team_alives_mean:  6.8000	test_blue_team_win_mean:   0.0000	test_ep_length_mean:     200.0000
test_episode_length_mean:199.0000	test_red_team_alives_mean: 20.0000	test_red_team_win_mean:    1.0000	test_return_mean:          3.8331
test_return_std:           0.0000	
2026-03-03 03:29:18,478 - my_experiment - bat_HybridComm_2M - my_run - INFO - t_env: 1801630 / 2050000
2026-03-03 03:29:18,481 - my_experiment - bat_HybridComm_2M - my_run - INFO - Estimated time left: 36 minutes, 36 seconds. Time passed: 4 hours, 19 minutes, 16 seconds
2026-03-03 03:36:36,368 - my_experiment - bat_HybridComm_2M - my_run - INFO - Recent Stats | t_env:    1851430 | Episode:     9263
blue_team_alives_mean:    13.5680	blue_team_win_mean:        0.0000	ep_length_mean:          200.0000	episode_length_mean:     199.0000
epsilon:                   0.0500	grad_norm:                31.8119	info_nce_loss:             0.3511	loss:                      1.4612
q_loss:                    1.3284	red_team_alives_mean:     20.0000	red_team_win_mean:         0.7080	return_mean:               1.3699
return_std:                1.9705	test_blue_team_alives_mean:  7.0000	test_blue_team_win_mean:   0.0000	test_ep_length_mean:     200.0000
test_episode_length_mean:199.0000	test_red_team_alives_mean: 20.0000	test_red_team_win_mean:    1.0000	test_return_mean:          3.7117
test_return_std:           0.0000	
2026-03-03 03:36:37,869 - my_experiment - bat_HybridComm_2M - my_run - INFO - t_env: 1851630 / 2050000
2026-03-03 03:36:37,871 - my_experiment - bat_HybridComm_2M - my_run - INFO - Estimated time left: 29 minutes, 3 seconds. Time passed: 4 hours, 26 minutes, 35 seconds
2026-03-03 03:43:59,376 - my_experiment - bat_HybridComm_2M - my_run - INFO - Recent Stats | t_env:    1901430 | Episode:     9513
blue_team_alives_mean:    14.9720	blue_team_win_mean:        0.0000	ep_length_mean:          200.0000	episode_length_mean:     199.0000
epsilon:                   0.0500	grad_norm:                33.1609	info_nce_loss:             0.0552	loss:                      1.5277
q_loss:                    1.3888	red_team_alives_mean:     20.0000	red_team_win_mean:         0.5800	return_mean:               0.7042
return_std:                2.0158	test_blue_team_alives_mean: 10.0000	test_blue_team_win_mean:   0.0000	test_ep_length_mean:     200.0000
test_episode_length_mean:199.0000	test_red_team_alives_mean: 20.0000	test_red_team_win_mean:    0.8000	test_return_mean:          2.5786
test_return_std:           0.0000	
2026-03-03 03:44:00,837 - my_experiment - bat_HybridComm_2M - my_run - INFO - t_env: 1901630 / 2050000
2026-03-03 03:44:00,838 - my_experiment - bat_HybridComm_2M - my_run - INFO - Estimated time left: 21 minutes, 54 seconds. Time passed: 4 hours, 33 minutes, 58 seconds
2026-03-03 03:51:24,078 - my_experiment - bat_HybridComm_2M - my_run - INFO - Recent Stats | t_env:    1951430 | Episode:     9763
blue_team_alives_mean:    14.2600	blue_team_win_mean:        0.0000	ep_length_mean:          200.0000	episode_length_mean:     199.0000
epsilon:                   0.0500	grad_norm:                23.7007	info_nce_loss:             0.2043	loss:                      1.5035
q_loss:                    1.3668	red_team_alives_mean:     20.0000	red_team_win_mean:         0.7360	return_mean:               1.0859
return_std:                1.7823	test_blue_team_alives_mean: 13.2000	test_blue_team_win_mean:   0.0000	test_ep_length_mean:     200.0000
test_episode_length_mean:199.0000	test_red_team_alives_mean: 20.0000	test_red_team_win_mean:    0.6000	test_return_mean:          1.3996
test_return_std:           0.0000	
2026-03-03 03:51:25,534 - my_experiment - bat_HybridComm_2M - my_run - INFO - t_env: 1951630 / 2050000
2026-03-03 03:51:25,536 - my_experiment - bat_HybridComm_2M - my_run - INFO - Estimated time left: 14 minutes, 34 seconds. Time passed: 4 hours, 41 minutes, 23 seconds
2026-03-03 03:58:42,831 - my_experiment - bat_HybridComm_2M - my_run - INFO - Saving models to work_dirs/my_experiment/bat_HybridComm_2M/my_run/20260302_230949/models/2001030
2026-03-03 03:58:45,742 - my_experiment - bat_HybridComm_2M - my_run - INFO - Recent Stats | t_env:    2001430 | Episode:    10013
blue_team_alives_mean:    12.8920	blue_team_win_mean:        0.0000	ep_length_mean:          200.0000	episode_length_mean:     199.0000
epsilon:                   0.0500	grad_norm:                35.5524	info_nce_loss:             0.1956	loss:                      1.7726
q_loss:                    1.6115	red_team_alives_mean:     20.0000	red_team_win_mean:         0.8080	return_mean:               1.5343
return_std:                1.7954	test_blue_team_alives_mean: 15.6000	test_blue_team_win_mean:   0.0000	test_ep_length_mean:     200.0000
test_episode_length_mean:199.0000	test_red_team_alives_mean: 20.0000	test_red_team_win_mean:    0.4000	test_return_mean:          0.3031
test_return_std:           0.0000	
2026-03-03 03:58:47,199 - my_experiment - bat_HybridComm_2M - my_run - INFO - t_env: 2001630 / 2050000
2026-03-03 03:58:47,201 - my_experiment - bat_HybridComm_2M - my_run - INFO - Estimated time left: 7 minutes, 7 seconds. Time passed: 4 hours, 48 minutes, 45 seconds
2026-03-03 04:05:57,520 - my_experiment - bat_HybridComm_2M - my_run - INFO - Finished Training
