JOB ID: 1805661
Running on node: tikgpu05
Project Directory: /usr/itetnas04/data-scratch-01/pparsons/data/MyExpoComm
--------------------------------
Algorithm:   HybridComm
Environment: MAgent_Battle
Profile:     bat_HybridComm_5M
--------------------------------
Conda activated: /usr/itetnas04/data-scratch-01/pparsons/data/conda_envs/ExpoComm
Starting Run...
Exiting Main
Stopping all threads
Thread wandb-AsyncioManager-main is alive! Is daemon: True
Thread joined
Thread ChkStopThr is alive! Is daemon: True
Thread joined
Thread IntMsgThr is alive! Is daemon: True
Thread joined
Exiting script
[1;34mwandb[0m: 
[1;34mwandb[0m: 🚀 View run [33mmy_run-bat_HybridComm_5M-20260312_151921[0m at: [34mhttps://wandb.ai/peterparsons02-eth-z-rich/my_experiment/runs/yp9b8gjb[0m
[1;34mwandb[0m: Find logs at: [1;35mwandb/run-20260312_151921-yp9b8gjb/logs[0m
Finished at: Fri Mar 13 02:03:09 CET 2026
