Gym has been unmaintained since 2022 and does not support NumPy 2.0 amongst other critical functionality.
Please upgrade to Gymnasium, the maintained drop-in replacement of Gym, or contact the authors of your software and request that they upgrade.
Users of this version of Gym should be able to simply replace 'import gym' with 'import gymnasium as gym' in the vast majority of cases.
See the migration guide at https://gymnasium.farama.org/introduction/migration_guide/ for additional information.
src/main.py:81: DeprecationWarning: Using or importing the ABCs from 'collections' instead of from 'collections.abc' is deprecated since Python 3.3, and in 3.10 it will stop working
  if isinstance(v, collections.Mapping):
wandb: [wandb.login()] Loaded credentials for https://api.wandb.ai from /home/pparsons/.netrc.
wandb: Currently logged in as: peterparsons02 (peterparsons02-eth-z-rich) to https://api.wandb.ai. Use `wandb login --relogin` to force relogin
wandb: setting up run is8rinlq
wandb: Tracking run with wandb version 0.24.1
wandb: Run data is saved locally in /usr/itetnas04/data-scratch-01/pparsons/data/MyExpoComm/wandb/run-20260313_032155-is8rinlq
wandb: Run `wandb offline` to turn off syncing.
wandb: Syncing run my_run-bat_60_HybridComm_5M-20260313_032154
wandb: ⭐️ View project at https://wandb.ai/peterparsons02-eth-z-rich/my_experiment
wandb: 🚀 View run at https://wandb.ai/peterparsons02-eth-z-rich/my_experiment/runs/is8rinlq
2026-03-13 03:21:57,717 - my_experiment - bat_60_HybridComm_5M - my_run - INFO - Current directory: /usr/itetnas04/data-scratch-01/pparsons/data/MyExpoComm.
2026-03-13 03:21:57,718 - my_experiment - bat_60_HybridComm_5M - my_run - INFO - Experiment Parameters:
2026-03-13 03:21:57,719 - my_experiment - bat_60_HybridComm_5M - my_run - INFO - 

{   'action_selector': 'epsilon_greedy',
    'add_value_last_step': True,
    'agent': 'ExpoComm_one_peer_cont',
    'agent_output_type': 'q',
    'attention_dim': 32,
    'aux_coef': 0.1,
    'batch_size': 16,
    'batch_size_run': 1,
    'buffer_cpu_only': True,
    'buffer_size': 1000,
    'checkpoint_path': '',
    'double_q': True,
    'env': 'MAgent_Battle',
    'env_args': {   'global_reward': True,
                    'map_name': 'battle_view7',
                    'map_size': 60,
                    'max_cycles': 200,
                    'minimap_mode': False,
                    'pretrained_ckpt': None,
                    'seed': 42},
    'epsilon_anneal_time': 1000000,
    'epsilon_finish': 0.05,
    'epsilon_start': 1.0,
    'evaluate': False,
    'evaluation_epsilon': 0.0,
    'exp_name': 'my_experiment',
    'gamma': 0.99,
    'global_reward': True,
    'grad_norm_clip': 10,
    'hidden_dim': 64,
    'hypergroup': None,
    'label': 'default_label',
    'learner': 'hybrid_comm_learner',
    'learner_log_interval': 10000,
    'load_step': 0,
    'local_results_path': 'results',
    'log_interval': 50000,
    'lr': 0.0005,
    'mac': 'ExpoComm_mac',
    'mixer': None,
    'name': 'bat_60_HybridComm_5M',
    'neg_num': 20,
    'obs_agent_id': True,
    'obs_individual_obs': False,
    'obs_last_action': True,
    'one_peer': True,
    'optim_alpha': 0.99,
    'optim_eps': 1e-05,
    'render': False,
    'repeat_id': 1,
    'run_name': 'my_run',
    'runner': 'episode',
    'runner_log_interval': 10000,
    'save_model': True,
    'save_model_interval': 500000,
    'save_replay': False,
    'seed': 42,
    'standardise_returns': False,
    'standardise_rewards': True,
    't_max': 5050000,
    'target_update_interval_or_tau': 200,
    'temperature': 0.07,
    'test_greedy': True,
    'test_interval': 50000,
    'test_nepisode': 32,
    'topk_neighbors': 7,
    'use_cuda': True,
    'use_rnn': True,
    'use_tensorboard': True,
    'work_dir': 'work_dirs/my_experiment/bat_60_HybridComm_5M/my_run/20260313_032154'}

/usr/itetnas04/data-scratch-01/pparsons/data/conda_envs/ExpoComm/lib/python3.8/site-packages/pettingzoo/utils/conversions.py:41: UserWarning: The `from_parallel` function is deprecated. Use the `parallel_to_aec` function instead.
  warnings.warn("The `from_parallel` function is deprecated. Use the `parallel_to_aec` function instead.")
/usr/itetnas04/data-scratch-01/pparsons/data/conda_envs/ExpoComm/lib/python3.8/site-packages/pettingzoo/utils/wrappers/base.py:44: UserWarning: The `observation_spaces` dictionary is deprecated. Use the `observation_space` function instead.
  warnings.warn("The `observation_spaces` dictionary is deprecated. Use the `observation_space` function instead.")
/usr/itetnas04/data-scratch-01/pparsons/data/conda_envs/ExpoComm/lib/python3.8/site-packages/pettingzoo/utils/conversions.py:36: UserWarning: The `to_parallel` function is deprecated. Use the `aec_to_parallel` function instead.
  warnings.warn("The `to_parallel` function is deprecated. Use the `aec_to_parallel` function instead.")
/usr/itetnas04/data-scratch-01/pparsons/data/conda_envs/ExpoComm/lib/python3.8/site-packages/pettingzoo/utils/conversions.py:80: UserWarning: The `action_spaces` dictionary is deprecated. Use the `action_space` function instead.
  warnings.warn("The `action_spaces` dictionary is deprecated. Use the `action_space` function instead.")
/usr/itetnas04/data-scratch-01/pparsons/data/conda_envs/ExpoComm/lib/python3.8/site-packages/pettingzoo/utils/wrappers/base.py:52: UserWarning: The `action_spaces` dictionary is deprecated. Use the `action_space` function instead.
  warnings.warn("The `action_spaces` dictionary is deprecated. Use the `action_space` function instead.")
/usr/itetnas04/data-scratch-01/pparsons/data/conda_envs/ExpoComm/lib/python3.8/site-packages/pettingzoo/utils/conversions.py:72: UserWarning: The `observation_spaces` dictionary is deprecated. Use the `observation_space` function instead.
  warnings.warn("The `observation_spaces` dictionary is deprecated. Use the `observation_space` function instead.")
2026-03-13 03:22:20,780 - my_experiment - bat_60_HybridComm_5M - my_run - INFO - Beginning training for 5050000 timesteps
/usr/itetnas04/data-scratch-01/pparsons/data/MyExpoComm/src/envs/battle_wrappers.py:258: UserWarning: To copy construct from a tensor, it is recommended to use sourceTensor.clone().detach() or sourceTensor.clone().detach().requires_grad_(True), rather than torch.tensor(sourceTensor).
  actions = torch.tensor(actions, dtype=torch.long)
2026-03-13 03:22:31,216 - my_experiment - bat_60_HybridComm_5M - my_run - INFO - t_env: 200 / 5050000
2026-03-13 03:22:31,216 - my_experiment - bat_60_HybridComm_5M - my_run - INFO - Estimated time left: 17 minutes, 29 seconds. Time passed: 10 seconds
2026-03-13 03:25:33,937 - my_experiment - bat_60_HybridComm_5M - my_run - INFO - Saving models to work_dirs/my_experiment/bat_60_HybridComm_5M/my_run/20260313_032154/models/200
2026-03-13 03:53:43,891 - my_experiment - bat_60_HybridComm_5M - my_run - INFO - Recent Stats | t_env:      50000 | Episode:      250
blue_team_alives_mean:   143.9920	blue_team_win_mean:        0.0000	ep_length_mean:          200.0000	episode_length_mean:     199.0000
epsilon:                   0.9620	grad_norm:                 0.1241	info_nce_loss:             2.9300	loss:                      0.9388
q_loss:                    0.8535	red_team_alives_mean:    144.0000	red_team_win_mean:         0.0080	return_mean:              -1.7234
return_std:                0.0263	test_blue_team_alives_mean:144.0000	test_blue_team_win_mean:   0.0000	test_ep_length_mean:     200.0000
test_episode_length_mean:199.0000	test_red_team_alives_mean:144.0000	test_red_team_win_mean:    0.0000	test_return_mean:         -3.0000
test_return_std:           0.0000	
2026-03-13 03:53:50,287 - my_experiment - bat_60_HybridComm_5M - my_run - INFO - t_env: 50200 / 5050000
2026-03-13 03:53:50,288 - my_experiment - bat_60_HybridComm_5M - my_run - INFO - Estimated time left: 2 days, 4 hours, 11 minutes, 39 seconds. Time passed: 31 minutes, 29 seconds
2026-03-13 04:24:05,596 - my_experiment - bat_60_HybridComm_5M - my_run - INFO - Recent Stats | t_env:     100000 | Episode:      500
blue_team_alives_mean:   143.9880	blue_team_win_mean:        0.0000	ep_length_mean:          200.0000	episode_length_mean:     199.0000
epsilon:                   0.9145	grad_norm:                 0.5825	info_nce_loss:             2.4336	loss:                      1.2035
q_loss:                    1.0941	red_team_alives_mean:    144.0000	red_team_win_mean:         0.0120	return_mean:              -1.6881
return_std:                0.0487	test_blue_team_alives_mean:144.0000	test_blue_team_win_mean:   0.0000	test_ep_length_mean:     200.0000
test_episode_length_mean:199.0000	test_red_team_alives_mean:144.0000	test_red_team_win_mean:    0.0000	test_return_mean:         -2.0381
test_return_std:           0.0000	
2026-03-13 04:24:12,425 - my_experiment - bat_60_HybridComm_5M - my_run - INFO - t_env: 100200 / 5050000
2026-03-13 04:24:12,426 - my_experiment - bat_60_HybridComm_5M - my_run - INFO - Estimated time left: 2 days, 2 hours, 6 minutes, 24 seconds. Time passed: 1 hours, 1 minutes, 51 seconds
2026-03-13 04:55:15,817 - my_experiment - bat_60_HybridComm_5M - my_run - INFO - Recent Stats | t_env:     150000 | Episode:      750
blue_team_alives_mean:   141.5360	blue_team_win_mean:        0.0000	ep_length_mean:          200.0000	episode_length_mean:     199.0000
epsilon:                   0.8670	grad_norm:                 9.7285	info_nce_loss:             1.3840	loss:                      3.0654
q_loss:                    2.7867	red_team_alives_mean:    144.0000	red_team_win_mean:         0.5920	return_mean:              -1.0071
return_std:                0.3794	test_blue_team_alives_mean:144.0000	test_blue_team_win_mean:   0.0000	test_ep_length_mean:     200.0000
test_episode_length_mean:199.0000	test_red_team_alives_mean:144.0000	test_red_team_win_mean:    0.0000	test_return_mean:         -1.7353
test_return_std:           0.0000	
2026-03-13 04:55:22,515 - my_experiment - bat_60_HybridComm_5M - my_run - INFO - t_env: 150200 / 5050000
2026-03-13 04:55:22,516 - my_experiment - bat_60_HybridComm_5M - my_run - INFO - Estimated time left: 2 days, 2 hours, 54 minutes, 21 seconds. Time passed: 1 hours, 33 minutes, 1 seconds
2026-03-13 05:25:24,320 - my_experiment - bat_60_HybridComm_5M - my_run - INFO - Recent Stats | t_env:     200000 | Episode:     1000
blue_team_alives_mean:   107.0600	blue_team_win_mean:        0.0000	ep_length_mean:          200.0000	episode_length_mean:     199.0000
epsilon:                   0.8195	grad_norm:                15.0545	info_nce_loss:             1.0356	loss:                      4.0255
q_loss:                    3.6596	red_team_alives_mean:    144.0000	red_team_win_mean:         1.0000	return_mean:               1.5998
return_std:                0.5402	test_blue_team_alives_mean:140.0000	test_blue_team_win_mean:   0.0000	test_ep_length_mean:     200.0000
test_episode_length_mean:199.0000	test_red_team_alives_mean:144.0000	test_red_team_win_mean:    0.2500	test_return_mean:         -1.5873
test_return_std:           0.0000	
2026-03-13 05:25:30,659 - my_experiment - bat_60_HybridComm_5M - my_run - INFO - t_env: 200200 / 5050000
2026-03-13 05:25:30,660 - my_experiment - bat_60_HybridComm_5M - my_run - INFO - Estimated time left: 2 days, 43 minutes, 2 seconds. Time passed: 2 hours, 3 minutes, 9 seconds
2026-03-13 05:53:49,533 - my_experiment - bat_60_HybridComm_5M - my_run - INFO - Recent Stats | t_env:     250000 | Episode:     1250
blue_team_alives_mean:    54.9640	blue_team_win_mean:        0.0000	ep_length_mean:          200.0000	episode_length_mean:     199.0000
epsilon:                   0.7720	grad_norm:                59.2651	info_nce_loss:             0.8742	loss:                      7.2612
q_loss:                    6.6011	red_team_alives_mean:    144.0000	red_team_win_mean:         1.0000	return_mean:               4.5840
return_std:                0.4030	test_blue_team_alives_mean:129.8000	test_blue_team_win_mean:   0.0000	test_ep_length_mean:     200.0000
test_episode_length_mean:199.0000	test_red_team_alives_mean:144.0000	test_red_team_win_mean:    0.4000	test_return_mean:         -0.9638
test_return_std:           0.0000	
2026-03-13 05:53:55,561 - my_experiment - bat_60_HybridComm_5M - my_run - INFO - t_env: 250200 / 5050000
2026-03-13 05:53:55,562 - my_experiment - bat_60_HybridComm_5M - my_run - INFO - Estimated time left: 1 days, 21 hours, 27 minutes, 43 seconds. Time passed: 2 hours, 31 minutes, 34 seconds
2026-03-13 06:21:23,335 - my_experiment - bat_60_HybridComm_5M - my_run - INFO - Recent Stats | t_env:     300000 | Episode:     1500
blue_team_alives_mean:    31.8360	blue_team_win_mean:        0.0000	ep_length_mean:          200.0000	episode_length_mean:     199.0000
epsilon:                   0.7245	grad_norm:                66.2765	info_nce_loss:             0.7547	loss:                      6.0929
q_loss:                    5.5390	red_team_alives_mean:    144.0000	red_team_win_mean:         1.0000	return_mean:               5.6985
return_std:                0.2629	test_blue_team_alives_mean:128.2000	test_blue_team_win_mean:   0.0000	test_ep_length_mean:     200.0000
test_episode_length_mean:199.0000	test_red_team_alives_mean:144.0000	test_red_team_win_mean:    0.6000	test_return_mean:         -0.5905
test_return_std:           0.0000	
2026-03-13 06:21:29,127 - my_experiment - bat_60_HybridComm_5M - my_run - INFO - t_env: 300200 / 5050000
2026-03-13 06:21:29,128 - my_experiment - bat_60_HybridComm_5M - my_run - INFO - Estimated time left: 1 days, 19 hours, 38 minutes, 2 seconds. Time passed: 2 hours, 59 minutes, 8 seconds
2026-03-13 06:48:16,224 - my_experiment - bat_60_HybridComm_5M - my_run - INFO - Recent Stats | t_env:     350000 | Episode:     1750
blue_team_alives_mean:    17.3120	blue_team_win_mean:        0.0000	ep_length_mean:          200.0000	episode_length_mean:     199.0000
epsilon:                   0.6770	grad_norm:                58.1610	info_nce_loss:             0.5497	loss:                      6.4805
q_loss:                    5.8914	red_team_alives_mean:    144.0000	red_team_win_mean:         1.0000	return_mean:               6.2555
return_std:                0.1946	test_blue_team_alives_mean:128.2000	test_blue_team_win_mean:   0.0000	test_ep_length_mean:     200.0000
test_episode_length_mean:199.0000	test_red_team_alives_mean:144.0000	test_red_team_win_mean:    0.6000	test_return_mean:         -0.6107
test_return_std:           0.0000	
2026-03-13 06:48:21,960 - my_experiment - bat_60_HybridComm_5M - my_run - INFO - t_env: 350200 / 5050000
2026-03-13 06:48:21,961 - my_experiment - bat_60_HybridComm_5M - my_run - INFO - Estimated time left: 1 days, 18 hours, 6 minutes, 39 seconds. Time passed: 3 hours, 26 minutes, 1 seconds
2026-03-13 07:14:45,459 - my_experiment - bat_60_HybridComm_5M - my_run - INFO - Recent Stats | t_env:     400000 | Episode:     2000
blue_team_alives_mean:    19.3520	blue_team_win_mean:        0.0000	ep_length_mean:          200.0000	episode_length_mean:     199.0000
epsilon:                   0.6295	grad_norm:                65.1591	info_nce_loss:             0.9283	loss:                      5.6051
q_loss:                    5.0956	red_team_alives_mean:    144.0000	red_team_win_mean:         1.0000	return_mean:               6.1236
return_std:                0.1714	test_blue_team_alives_mean:128.2000	test_blue_team_win_mean:   0.0000	test_ep_length_mean:     200.0000
test_episode_length_mean:199.0000	test_red_team_alives_mean:144.0000	test_red_team_win_mean:    0.6000	test_return_mean:         -0.5920
test_return_std:           0.0000	
2026-03-13 07:14:51,056 - my_experiment - bat_60_HybridComm_5M - my_run - INFO - t_env: 400200 / 5050000
2026-03-13 07:14:51,057 - my_experiment - bat_60_HybridComm_5M - my_run - INFO - Estimated time left: 1 days, 17 hours, 2 minutes, 59 seconds. Time passed: 3 hours, 52 minutes, 30 seconds
2026-03-13 07:40:54,645 - my_experiment - bat_60_HybridComm_5M - my_run - INFO - Recent Stats | t_env:     450000 | Episode:     2250
blue_team_alives_mean:    21.2440	blue_team_win_mean:        0.0000	ep_length_mean:          200.0000	episode_length_mean:     199.0000
epsilon:                   0.5820	grad_norm:               119.6426	info_nce_loss:             0.5218	loss:                      4.8415
q_loss:                    4.4013	red_team_alives_mean:    144.0000	red_team_win_mean:         1.0000	return_mean:               5.9938
return_std:                0.1872	test_blue_team_alives_mean:124.4000	test_blue_team_win_mean:   0.0000	test_ep_length_mean:     200.0000
test_episode_length_mean:199.0000	test_red_team_alives_mean:144.0000	test_red_team_win_mean:    0.6000	test_return_mean:         -0.2072
test_return_std:           0.0000	
2026-03-13 07:41:00,293 - my_experiment - bat_60_HybridComm_5M - my_run - INFO - t_env: 450200 / 5050000
2026-03-13 07:41:00,294 - my_experiment - bat_60_HybridComm_5M - my_run - INFO - Estimated time left: 1 days, 16 hours, 6 minutes, 3 seconds. Time passed: 4 hours, 18 minutes, 39 seconds
2026-03-13 08:06:37,640 - my_experiment - bat_60_HybridComm_5M - my_run - INFO - Recent Stats | t_env:     500000 | Episode:     2500
blue_team_alives_mean:    21.0640	blue_team_win_mean:        0.0000	ep_length_mean:          200.0000	episode_length_mean:     199.0000
epsilon:                   0.5345	grad_norm:               158.4869	info_nce_loss:             0.2689	loss:                      3.5057
q_loss:                    3.1870	red_team_alives_mean:    144.0000	red_team_win_mean:         1.0000	return_mean:               5.9484
return_std:                0.1713	test_blue_team_alives_mean:123.6000	test_blue_team_win_mean:   0.0000	test_ep_length_mean:     200.0000
test_episode_length_mean:199.0000	test_red_team_alives_mean:144.0000	test_red_team_win_mean:    0.6000	test_return_mean:         -0.0341
test_return_std:           0.0000	
2026-03-13 08:06:43,208 - my_experiment - bat_60_HybridComm_5M - my_run - INFO - t_env: 500200 / 5050000
2026-03-13 08:06:43,209 - my_experiment - bat_60_HybridComm_5M - my_run - INFO - Estimated time left: 1 days, 14 hours, 59 minutes, 59 seconds. Time passed: 4 hours, 44 minutes, 22 seconds
2026-03-13 08:09:07,909 - my_experiment - bat_60_HybridComm_5M - my_run - INFO - Saving models to work_dirs/my_experiment/bat_60_HybridComm_5M/my_run/20260313_032154/models/500200
2026-03-13 08:32:04,638 - my_experiment - bat_60_HybridComm_5M - my_run - INFO - Recent Stats | t_env:     550000 | Episode:     2750
blue_team_alives_mean:    23.5440	blue_team_win_mean:        0.0000	ep_length_mean:          200.0000	episode_length_mean:     199.0000
epsilon:                   0.4870	grad_norm:               130.1639	info_nce_loss:             0.4828	loss:                      2.8309
q_loss:                    2.5735	red_team_alives_mean:    144.0000	red_team_win_mean:         1.0000	return_mean:               5.8584
return_std:                0.2201	test_blue_team_alives_mean:106.0000	test_blue_team_win_mean:   0.0000	test_ep_length_mean:     200.0000
test_episode_length_mean:199.0000	test_red_team_alives_mean:144.0000	test_red_team_win_mean:    0.6000	test_return_mean:          1.0826
test_return_std:           0.0000	
2026-03-13 08:32:10,161 - my_experiment - bat_60_HybridComm_5M - my_run - INFO - t_env: 550200 / 5050000
2026-03-13 08:32:10,161 - my_experiment - bat_60_HybridComm_5M - my_run - INFO - Estimated time left: 1 days, 14 hours, 10 minutes, 19 seconds. Time passed: 5 hours, 9 minutes, 49 seconds
2026-03-13 08:57:15,059 - my_experiment - bat_60_HybridComm_5M - my_run - INFO - Recent Stats | t_env:     600000 | Episode:     3000
blue_team_alives_mean:    22.0120	blue_team_win_mean:        0.0000	ep_length_mean:          200.0000	episode_length_mean:     199.0000
epsilon:                   0.4395	grad_norm:               106.9804	info_nce_loss:             0.7609	loss:                      2.1140
q_loss:                    1.9218	red_team_alives_mean:    144.0000	red_team_win_mean:         1.0000	return_mean:               5.8310
return_std:                0.2963	test_blue_team_alives_mean: 82.8000	test_blue_team_win_mean:   0.0000	test_ep_length_mean:     200.0000
test_episode_length_mean:199.0000	test_red_team_alives_mean:144.0000	test_red_team_win_mean:    0.8000	test_return_mean:          2.3963
test_return_std:           0.0000	
2026-03-13 08:57:20,606 - my_experiment - bat_60_HybridComm_5M - my_run - INFO - t_env: 600200 / 5050000
2026-03-13 08:57:20,606 - my_experiment - bat_60_HybridComm_5M - my_run - INFO - Estimated time left: 1 days, 13 hours, 20 minutes, 23 seconds. Time passed: 5 hours, 34 minutes, 59 seconds
2026-03-13 09:22:26,792 - my_experiment - bat_60_HybridComm_5M - my_run - INFO - Recent Stats | t_env:     650000 | Episode:     3250
blue_team_alives_mean:    25.4200	blue_team_win_mean:        0.0000	ep_length_mean:          200.0000	episode_length_mean:     199.0000
epsilon:                   0.3920	grad_norm:               174.6629	info_nce_loss:             0.3542	loss:                      2.4299
q_loss:                    2.2090	red_team_alives_mean:    144.0000	red_team_win_mean:         1.0000	return_mean:               5.7146
return_std:                0.2229	test_blue_team_alives_mean: 59.2000	test_blue_team_win_mean:   0.0000	test_ep_length_mean:     200.0000
test_episode_length_mean:199.0000	test_red_team_alives_mean:144.0000	test_red_team_win_mean:    1.0000	test_return_mean:          3.7073
test_return_std:           0.0000	
2026-03-13 09:22:32,127 - my_experiment - bat_60_HybridComm_5M - my_run - INFO - t_env: 650200 / 5050000
2026-03-13 09:22:32,128 - my_experiment - bat_60_HybridComm_5M - my_run - INFO - Estimated time left: 1 days, 12 hours, 56 minutes, 47 seconds. Time passed: 6 hours, 11 seconds
2026-03-13 09:47:25,226 - my_experiment - bat_60_HybridComm_5M - my_run - INFO - Recent Stats | t_env:     700000 | Episode:     3500
blue_team_alives_mean:    26.0720	blue_team_win_mean:        0.0000	ep_length_mean:          200.0000	episode_length_mean:     199.0000
epsilon:                   0.3445	grad_norm:               116.6310	info_nce_loss:             0.3351	loss:                      1.7441
q_loss:                    1.5856	red_team_alives_mean:    144.0000	red_team_win_mean:         1.0000	return_mean:               5.5725
return_std:                0.3233	test_blue_team_alives_mean: 45.8000	test_blue_team_win_mean:   0.0000	test_ep_length_mean:     200.0000
test_episode_length_mean:199.0000	test_red_team_alives_mean:144.0000	test_red_team_win_mean:    1.0000	test_return_mean:          4.4385
test_return_std:           0.0000	
2026-03-13 09:47:30,760 - my_experiment - bat_60_HybridComm_5M - my_run - INFO - t_env: 700200 / 5050000
2026-03-13 09:47:30,761 - my_experiment - bat_60_HybridComm_5M - my_run - INFO - Estimated time left: 1 days, 12 hours, 12 minutes, 55 seconds. Time passed: 6 hours, 25 minutes, 9 seconds
2026-03-13 10:12:07,866 - my_experiment - bat_60_HybridComm_5M - my_run - INFO - Recent Stats | t_env:     750000 | Episode:     3750
blue_team_alives_mean:    22.4080	blue_team_win_mean:        0.0000	ep_length_mean:          200.0000	episode_length_mean:     199.0000
epsilon:                   0.2970	grad_norm:               117.5069	info_nce_loss:             0.7879	loss:                      1.8742
q_loss:                    1.7038	red_team_alives_mean:    144.0000	red_team_win_mean:         1.0000	return_mean:               5.6069
return_std:                0.2530	test_blue_team_alives_mean: 34.8000	test_blue_team_win_mean:   0.0000	test_ep_length_mean:     200.0000
test_episode_length_mean:199.0000	test_red_team_alives_mean:144.0000	test_red_team_win_mean:    1.0000	test_return_mean:          4.9803
test_return_std:           0.0000	
2026-03-13 10:12:13,176 - my_experiment - bat_60_HybridComm_5M - my_run - INFO - t_env: 750200 / 5050000
2026-03-13 10:12:13,177 - my_experiment - bat_60_HybridComm_5M - my_run - INFO - Estimated time left: 1 days, 11 hours, 24 minutes, 41 seconds. Time passed: 6 hours, 49 minutes, 52 seconds
2026-03-13 10:37:00,005 - my_experiment - bat_60_HybridComm_5M - my_run - INFO - Recent Stats | t_env:     800000 | Episode:     4000
blue_team_alives_mean:    24.0440	blue_team_win_mean:        0.0000	ep_length_mean:          200.0000	episode_length_mean:     199.0000
epsilon:                   0.2495	grad_norm:               102.8279	info_nce_loss:             0.6789	loss:                      1.6225
q_loss:                    1.4750	red_team_alives_mean:    144.0000	red_team_win_mean:         1.0000	return_mean:               5.4646
return_std:                0.3260	test_blue_team_alives_mean: 32.0000	test_blue_team_win_mean:   0.0000	test_ep_length_mean:     200.0000
test_episode_length_mean:199.0000	test_red_team_alives_mean:144.0000	test_red_team_win_mean:    1.0000	test_return_mean:          5.0605
test_return_std:           0.0000	
2026-03-13 10:37:05,615 - my_experiment - bat_60_HybridComm_5M - my_run - INFO - t_env: 800200 / 5050000
2026-03-13 10:37:05,616 - my_experiment - bat_60_HybridComm_5M - my_run - INFO - Estimated time left: 1 days, 11 hours, 14 minutes, 11 seconds. Time passed: 7 hours, 14 minutes, 44 seconds
2026-03-13 11:02:00,993 - my_experiment - bat_60_HybridComm_5M - my_run - INFO - Recent Stats | t_env:     850000 | Episode:     4250
blue_team_alives_mean:    29.8720	blue_team_win_mean:        0.0000	ep_length_mean:          200.0000	episode_length_mean:     199.0000
epsilon:                   0.2020	grad_norm:               183.4878	info_nce_loss:             0.5064	loss:                      2.4731
q_loss:                    2.2483	red_team_alives_mean:    144.0000	red_team_win_mean:         1.0000	return_mean:               5.0890
return_std:                0.4024	test_blue_team_alives_mean: 32.8000	test_blue_team_win_mean:   0.0000	test_ep_length_mean:     200.0000
test_episode_length_mean:199.0000	test_red_team_alives_mean:144.0000	test_red_team_win_mean:    1.0000	test_return_mean:          4.9418
test_return_std:           0.0000	
2026-03-13 11:02:06,314 - my_experiment - bat_60_HybridComm_5M - my_run - INFO - t_env: 850200 / 5050000
2026-03-13 11:02:06,315 - my_experiment - bat_60_HybridComm_5M - my_run - INFO - Estimated time left: 1 days, 11 hours, 52 seconds. Time passed: 7 hours, 39 minutes, 45 seconds
2026-03-13 11:27:06,387 - my_experiment - bat_60_HybridComm_5M - my_run - INFO - Recent Stats | t_env:     900000 | Episode:     4500
blue_team_alives_mean:    27.8280	blue_team_win_mean:        0.0000	ep_length_mean:          200.0000	episode_length_mean:     199.0000
epsilon:                   0.1545	grad_norm:               103.9090	info_nce_loss:             0.5429	loss:                      1.6174
q_loss:                    1.4704	red_team_alives_mean:    144.0000	red_team_win_mean:         1.0000	return_mean:               5.1710
return_std:                0.2629	test_blue_team_alives_mean: 41.2000	test_blue_team_win_mean:   0.0000	test_ep_length_mean:     200.0000
test_episode_length_mean:199.0000	test_red_team_alives_mean:144.0000	test_red_team_win_mean:    1.0000	test_return_mean:          4.4023
test_return_std:           0.0000	
2026-03-13 11:27:11,951 - my_experiment - bat_60_HybridComm_5M - my_run - INFO - t_env: 900200 / 5050000
2026-03-13 11:27:11,952 - my_experiment - bat_60_HybridComm_5M - my_run - INFO - Estimated time left: 1 days, 10 hours, 42 minutes, 41 seconds. Time passed: 8 hours, 4 minutes, 51 seconds
2026-03-13 11:50:39,689 - my_experiment - bat_60_HybridComm_5M - my_run - INFO - Recent Stats | t_env:     950000 | Episode:     4750
blue_team_alives_mean:    28.5040	blue_team_win_mean:        0.0000	ep_length_mean:          200.0000	episode_length_mean:     199.0000
epsilon:                   0.1070	grad_norm:                73.3859	info_nce_loss:             0.6450	loss:                      1.4334
q_loss:                    1.3031	red_team_alives_mean:    144.0000	red_team_win_mean:         1.0000	return_mean:               5.1170
return_std:                0.3237	test_blue_team_alives_mean: 42.4000	test_blue_team_win_mean:   0.0000	test_ep_length_mean:     200.0000
test_episode_length_mean:199.0000	test_red_team_alives_mean:144.0000	test_red_team_win_mean:    1.0000	test_return_mean:          4.2833
test_return_std:           0.0000	
2026-03-13 11:50:44,635 - my_experiment - bat_60_HybridComm_5M - my_run - INFO - t_env: 950200 / 5050000
2026-03-13 11:50:44,636 - my_experiment - bat_60_HybridComm_5M - my_run - INFO - Estimated time left: 1 days, 8 hours, 10 minutes, 34 seconds. Time passed: 8 hours, 28 minutes, 23 seconds
2026-03-13 12:13:13,416 - my_experiment - bat_60_HybridComm_5M - my_run - INFO - Recent Stats | t_env:    1000000 | Episode:     5000
blue_team_alives_mean:    28.3760	blue_team_win_mean:        0.0000	ep_length_mean:          200.0000	episode_length_mean:     199.0000
epsilon:                   0.0595	grad_norm:               130.0940	info_nce_loss:             0.8587	loss:                      1.6933
q_loss:                    1.5394	red_team_alives_mean:    144.0000	red_team_win_mean:         1.0000	return_mean:               5.0776
return_std:                0.3347	test_blue_team_alives_mean: 40.8000	test_blue_team_win_mean:   0.0000	test_ep_length_mean:     200.0000
test_episode_length_mean:199.0000	test_red_team_alives_mean:144.0000	test_red_team_win_mean:    1.0000	test_return_mean:          4.3189
test_return_std:           0.0000	
2026-03-13 12:13:18,341 - my_experiment - bat_60_HybridComm_5M - my_run - INFO - t_env: 1000200 / 5050000
2026-03-13 12:13:18,341 - my_experiment - bat_60_HybridComm_5M - my_run - INFO - Estimated time left: 1 days, 6 hours, 27 minutes, 24 seconds. Time passed: 8 hours, 50 minutes, 57 seconds
2026-03-13 12:15:32,106 - my_experiment - bat_60_HybridComm_5M - my_run - INFO - Saving models to work_dirs/my_experiment/bat_60_HybridComm_5M/my_run/20260313_032154/models/1000200
2026-03-13 12:35:48,383 - my_experiment - bat_60_HybridComm_5M - my_run - INFO - Recent Stats | t_env:    1050000 | Episode:     5250
blue_team_alives_mean:    25.5600	blue_team_win_mean:        0.0000	ep_length_mean:          200.0000	episode_length_mean:     199.0000
epsilon:                   0.0500	grad_norm:               103.3109	info_nce_loss:             0.5501	loss:                      1.8147
q_loss:                    1.6498	red_team_alives_mean:    144.0000	red_team_win_mean:         1.0000	return_mean:               5.2248
return_std:                0.2785	test_blue_team_alives_mean: 40.4000	test_blue_team_win_mean:   0.0000	test_ep_length_mean:     200.0000
test_episode_length_mean:199.0000	test_red_team_alives_mean:144.0000	test_red_team_win_mean:    1.0000	test_return_mean:          4.3084
test_return_std:           0.0000	
2026-03-13 12:35:53,226 - my_experiment - bat_60_HybridComm_5M - my_run - INFO - t_env: 1050200 / 5050000
2026-03-13 12:35:53,227 - my_experiment - bat_60_HybridComm_5M - my_run - INFO - Estimated time left: 1 days, 6 hours, 6 minutes, 25 seconds. Time passed: 9 hours, 13 minutes, 32 seconds
2026-03-13 12:57:58,024 - my_experiment - bat_60_HybridComm_5M - my_run - INFO - Recent Stats | t_env:    1100000 | Episode:     5500
blue_team_alives_mean:    21.5400	blue_team_win_mean:        0.0000	ep_length_mean:          200.0000	episode_length_mean:     199.0000
epsilon:                   0.0500	grad_norm:                95.7175	info_nce_loss:             0.4444	loss:                      1.5807
q_loss:                    1.4370	red_team_alives_mean:    144.0000	red_team_win_mean:         1.0000	return_mean:               5.3597
return_std:                0.2546	test_blue_team_alives_mean: 40.2000	test_blue_team_win_mean:   0.0000	test_ep_length_mean:     200.0000
test_episode_length_mean:199.0000	test_red_team_alives_mean:144.0000	test_red_team_win_mean:    1.0000	test_return_mean:          4.3024
test_return_std:           0.0000	
2026-03-13 12:58:02,840 - my_experiment - bat_60_HybridComm_5M - my_run - INFO - t_env: 1100200 / 5050000
2026-03-13 12:58:02,840 - my_experiment - bat_60_HybridComm_5M - my_run - INFO - Estimated time left: 1 days, 5 hours, 10 minutes, 34 seconds. Time passed: 9 hours, 35 minutes, 42 seconds
2026-03-13 13:20:09,421 - my_experiment - bat_60_HybridComm_5M - my_run - INFO - Recent Stats | t_env:    1150000 | Episode:     5750
blue_team_alives_mean:    21.5520	blue_team_win_mean:        0.0000	ep_length_mean:          200.0000	episode_length_mean:     199.0000
epsilon:                   0.0500	grad_norm:                73.5206	info_nce_loss:             0.5673	loss:                      1.4408
q_loss:                    1.3098	red_team_alives_mean:    144.0000	red_team_win_mean:         1.0000	return_mean:               5.3728
return_std:                0.2451	test_blue_team_alives_mean: 31.8000	test_blue_team_win_mean:   0.0000	test_ep_length_mean:     200.0000
test_episode_length_mean:199.0000	test_red_team_alives_mean:144.0000	test_red_team_win_mean:    1.0000	test_return_mean:          4.7806
test_return_std:           0.0000	
2026-03-13 13:20:14,278 - my_experiment - bat_60_HybridComm_5M - my_run - INFO - t_env: 1150200 / 5050000
2026-03-13 13:20:14,279 - my_experiment - bat_60_HybridComm_5M - my_run - INFO - Estimated time left: 1 days, 4 hours, 50 minutes, 46 seconds. Time passed: 9 hours, 57 minutes, 53 seconds
2026-03-13 13:43:57,655 - my_experiment - bat_60_HybridComm_5M - my_run - INFO - Recent Stats | t_env:    1200000 | Episode:     6000
blue_team_alives_mean:    24.7360	blue_team_win_mean:        0.0000	ep_length_mean:          200.0000	episode_length_mean:     199.0000
epsilon:                   0.0500	grad_norm:                81.6572	info_nce_loss:             0.6024	loss:                      1.4414
q_loss:                    1.3104	red_team_alives_mean:    144.0000	red_team_win_mean:         1.0000	return_mean:               5.3219
return_std:                0.3076	test_blue_team_alives_mean: 27.2000	test_blue_team_win_mean:   0.0000	test_ep_length_mean:     200.0000
test_episode_length_mean:199.0000	test_red_team_alives_mean:144.0000	test_red_team_win_mean:    1.0000	test_return_mean:          5.0311
test_return_std:           0.0000	
2026-03-13 13:44:02,879 - my_experiment - bat_60_HybridComm_5M - my_run - INFO - t_env: 1200200 / 5050000
2026-03-13 13:44:02,880 - my_experiment - bat_60_HybridComm_5M - my_run - INFO - Estimated time left: 1 days, 6 hours, 33 minutes, 16 seconds. Time passed: 10 hours, 21 minutes, 42 seconds
2026-03-13 14:08:39,612 - my_experiment - bat_60_HybridComm_5M - my_run - INFO - Recent Stats | t_env:    1250000 | Episode:     6250
blue_team_alives_mean:    27.2440	blue_team_win_mean:        0.0000	ep_length_mean:          200.0000	episode_length_mean:     199.0000
epsilon:                   0.0500	grad_norm:                77.8522	info_nce_loss:             0.3666	loss:                      1.7782
q_loss:                    1.6166	red_team_alives_mean:    144.0000	red_team_win_mean:         1.0000	return_mean:               5.2075
return_std:                0.6453	test_blue_team_alives_mean: 27.8000	test_blue_team_win_mean:   0.0000	test_ep_length_mean:     200.0000
test_episode_length_mean:199.0000	test_red_team_alives_mean:144.0000	test_red_team_win_mean:    1.0000	test_return_mean:          5.0128
test_return_std:           0.0000	
2026-03-13 14:08:44,915 - my_experiment - bat_60_HybridComm_5M - my_run - INFO - t_env: 1250200 / 5050000
2026-03-13 14:08:44,917 - my_experiment - bat_60_HybridComm_5M - my_run - INFO - Estimated time left: 1 days, 7 hours, 17 minutes, 8 seconds. Time passed: 10 hours, 46 minutes, 24 seconds
2026-03-13 14:32:54,825 - my_experiment - bat_60_HybridComm_5M - my_run - INFO - Recent Stats | t_env:    1300000 | Episode:     6500
blue_team_alives_mean:    19.7160	blue_team_win_mean:        0.0000	ep_length_mean:          200.0000	episode_length_mean:     199.0000
epsilon:                   0.0500	grad_norm:                62.2811	info_nce_loss:             0.7572	loss:                      1.4376
q_loss:                    1.3069	red_team_alives_mean:    144.0000	red_team_win_mean:         1.0000	return_mean:               5.4736
return_std:                0.3498	test_blue_team_alives_mean: 23.6000	test_blue_team_win_mean:   0.0000	test_ep_length_mean:     200.0000
test_episode_length_mean:199.0000	test_red_team_alives_mean:144.0000	test_red_team_win_mean:    1.0000	test_return_mean:          5.2067
test_return_std:           0.0000	
2026-03-13 14:33:00,015 - my_experiment - bat_60_HybridComm_5M - my_run - INFO - t_env: 1300200 / 5050000
2026-03-13 14:33:00,016 - my_experiment - bat_60_HybridComm_5M - my_run - INFO - Estimated time left: 1 days, 6 hours, 18 minutes, 46 seconds. Time passed: 11 hours, 10 minutes, 39 seconds
2026-03-13 14:57:07,647 - my_experiment - bat_60_HybridComm_5M - my_run - INFO - Recent Stats | t_env:    1350000 | Episode:     6750
blue_team_alives_mean:    19.9960	blue_team_win_mean:        0.0000	ep_length_mean:          200.0000	episode_length_mean:     199.0000
epsilon:                   0.0500	grad_norm:                96.6404	info_nce_loss:             0.5209	loss:                      1.5825
q_loss:                    1.4387	red_team_alives_mean:    144.0000	red_team_win_mean:         1.0000	return_mean:               5.4148
return_std:                0.3563	test_blue_team_alives_mean: 25.6000	test_blue_team_win_mean:   0.0000	test_ep_length_mean:     200.0000
test_episode_length_mean:199.0000	test_red_team_alives_mean:144.0000	test_red_team_win_mean:    1.0000	test_return_mean:          5.1483
test_return_std:           0.0000	
2026-03-13 14:57:12,876 - my_experiment - bat_60_HybridComm_5M - my_run - INFO - t_env: 1350200 / 5050000
2026-03-13 14:57:12,877 - my_experiment - bat_60_HybridComm_5M - my_run - INFO - Estimated time left: 1 days, 5 hours, 51 minutes, 45 seconds. Time passed: 11 hours, 34 minutes, 52 seconds
2026-03-13 15:20:51,098 - my_experiment - bat_60_HybridComm_5M - my_run - INFO - Recent Stats | t_env:    1400000 | Episode:     7000
blue_team_alives_mean:    18.5160	blue_team_win_mean:        0.0000	ep_length_mean:          200.0000	episode_length_mean:     199.0000
epsilon:                   0.0500	grad_norm:                59.9467	info_nce_loss:             0.7178	loss:                      1.4542
q_loss:                    1.3220	red_team_alives_mean:    144.0000	red_team_win_mean:         1.0000	return_mean:               5.5250
return_std:                0.4152	test_blue_team_alives_mean: 25.8000	test_blue_team_win_mean:   0.0000	test_ep_length_mean:     200.0000
test_episode_length_mean:199.0000	test_red_team_alives_mean:144.0000	test_red_team_win_mean:    1.0000	test_return_mean:          5.1400
test_return_std:           0.0000	
2026-03-13 15:20:56,477 - my_experiment - bat_60_HybridComm_5M - my_run - INFO - t_env: 1400200 / 5050000
2026-03-13 15:20:56,478 - my_experiment - bat_60_HybridComm_5M - my_run - INFO - Estimated time left: 1 days, 4 hours, 51 minutes, 57 seconds. Time passed: 11 hours, 58 minutes, 35 seconds
2026-03-13 15:44:22,744 - my_experiment - bat_60_HybridComm_5M - my_run - INFO - Recent Stats | t_env:    1450000 | Episode:     7250
blue_team_alives_mean:    17.1280	blue_team_win_mean:        0.0000	ep_length_mean:          200.0000	episode_length_mean:     199.0000
epsilon:                   0.0500	grad_norm:                64.3660	info_nce_loss:             0.6966	loss:                      1.6556
q_loss:                    1.5050	red_team_alives_mean:    144.0000	red_team_win_mean:         1.0000	return_mean:               5.6537
return_std:                0.3342	test_blue_team_alives_mean: 27.0000	test_blue_team_win_mean:   0.0000	test_ep_length_mean:     200.0000
test_episode_length_mean:199.0000	test_red_team_alives_mean:144.0000	test_red_team_win_mean:    1.0000	test_return_mean:          5.0976
test_return_std:           0.0000	
2026-03-13 15:44:27,961 - my_experiment - bat_60_HybridComm_5M - my_run - INFO - t_env: 1450200 / 5050000
2026-03-13 15:44:27,963 - my_experiment - bat_60_HybridComm_5M - my_run - INFO - Estimated time left: 1 days, 4 hours, 13 minutes, 41 seconds. Time passed: 12 hours, 22 minutes, 7 seconds
2026-03-13 16:07:38,924 - my_experiment - bat_60_HybridComm_5M - my_run - INFO - Recent Stats | t_env:    1500000 | Episode:     7500
blue_team_alives_mean:    13.6600	blue_team_win_mean:        0.0000	ep_length_mean:          200.0000	episode_length_mean:     199.0000
epsilon:                   0.0500	grad_norm:                84.4662	info_nce_loss:             0.5306	loss:                      1.4176
q_loss:                    1.2887	red_team_alives_mean:    144.0000	red_team_win_mean:         1.0000	return_mean:               5.8331
return_std:                0.2429	test_blue_team_alives_mean: 26.0000	test_blue_team_win_mean:   0.0000	test_ep_length_mean:     200.0000
test_episode_length_mean:199.0000	test_red_team_alives_mean:144.0000	test_red_team_win_mean:    1.0000	test_return_mean:          5.2130
test_return_std:           0.0000	
2026-03-13 16:07:44,053 - my_experiment - bat_60_HybridComm_5M - my_run - INFO - t_env: 1500200 / 5050000
2026-03-13 16:07:44,054 - my_experiment - bat_60_HybridComm_5M - my_run - INFO - Estimated time left: 1 days, 3 hours, 31 minutes, 56 seconds. Time passed: 12 hours, 45 minutes, 23 seconds
2026-03-13 16:09:54,262 - my_experiment - bat_60_HybridComm_5M - my_run - INFO - Saving models to work_dirs/my_experiment/bat_60_HybridComm_5M/my_run/20260313_032154/models/1500200
2026-03-13 16:30:56,435 - my_experiment - bat_60_HybridComm_5M - my_run - INFO - Recent Stats | t_env:    1550000 | Episode:     7750
blue_team_alives_mean:    15.7960	blue_team_win_mean:        0.0000	ep_length_mean:          200.0000	episode_length_mean:     199.0000
epsilon:                   0.0500	grad_norm:                70.6881	info_nce_loss:             0.2672	loss:                      1.3316
q_loss:                    1.2105	red_team_alives_mean:    143.9960	red_team_win_mean:         1.0000	return_mean:               5.7028
return_std:                0.2436	test_blue_team_alives_mean: 28.6000	test_blue_team_win_mean:   0.0000	test_ep_length_mean:     200.0000
test_episode_length_mean:199.0000	test_red_team_alives_mean:144.0000	test_red_team_win_mean:    1.0000	test_return_mean:          5.0999
test_return_std:           0.0000	
2026-03-13 16:31:01,497 - my_experiment - bat_60_HybridComm_5M - my_run - INFO - t_env: 1550200 / 5050000
2026-03-13 16:31:01,498 - my_experiment - bat_60_HybridComm_5M - my_run - INFO - Estimated time left: 1 days, 3 hours, 10 minutes, 15 seconds. Time passed: 13 hours, 8 minutes, 40 seconds
