JOB ID: 1786882
Running on node: tikgpu04
Project Directory: /usr/itetnas04/data-scratch-01/pparsons/data/MyExpoComm
--------------------------------
Algorithm:   HybridComm
Environment: MAgent_Battle
Profile:     bat_HybridComm_2M
--------------------------------
Conda activated: /usr/itetnas04/data-scratch-01/pparsons/data/conda_envs/ExpoComm
Starting Run...
Exiting Main
Stopping all threads
Thread wandb-AsyncioManager-main is alive! Is daemon: True
Thread joined
Thread ChkStopThr is alive! Is daemon: True
Thread joined
Thread IntMsgThr is alive! Is daemon: True
Thread joined
Exiting script
[1;34mwandb[0m: 
[1;34mwandb[0m: 🚀 View run [33mmy_run-bat_HybridComm_2M-20260302_230949[0m at: [34mhttps://wandb.ai/peterparsons02-eth-z-rich/my_experiment/runs/dvnyy5t9[0m
[1;34mwandb[0m: Find logs at: [1;35mwandb/run-20260302_230949-dvnyy5t9/logs[0m
Finished at: Tue Mar  3 04:06:02 CET 2026
