Gym has been unmaintained since 2022 and does not support NumPy 2.0 amongst other critical functionality.
Please upgrade to Gymnasium, the maintained drop-in replacement of Gym, or contact the authors of your software and request that they upgrade.
Users of this version of Gym should be able to simply replace 'import gym' with 'import gymnasium as gym' in the vast majority of cases.
See the migration guide at https://gymnasium.farama.org/introduction/migration_guide/ for additional information.
src/main.py:81: DeprecationWarning: Using or importing the ABCs from 'collections' instead of from 'collections.abc' is deprecated since Python 3.3, and in 3.10 it will stop working
  if isinstance(v, collections.Mapping):
wandb: [wandb.login()] Loaded credentials for https://api.wandb.ai from /home/pparsons/.netrc.
wandb: Currently logged in as: peterparsons02 (peterparsons02-eth-z-rich) to https://api.wandb.ai. Use `wandb login --relogin` to force relogin
wandb: setting up run 91eo4ij5
wandb: Tracking run with wandb version 0.24.1
wandb: Run data is saved locally in /usr/itetnas04/data-scratch-01/pparsons/data/MyExpoComm/wandb/run-20260312_213736-91eo4ij5
wandb: Run `wandb offline` to turn off syncing.
wandb: Syncing run my_run-bat_60_IQL_RNN_5M-20260312_213735
wandb: ⭐️ View project at https://wandb.ai/peterparsons02-eth-z-rich/my_experiment
wandb: 🚀 View run at https://wandb.ai/peterparsons02-eth-z-rich/my_experiment/runs/91eo4ij5
2026-03-12 21:37:37,689 - my_experiment - bat_60_IQL_RNN_5M - my_run - INFO - Current directory: /usr/itetnas04/data-scratch-01/pparsons/data/MyExpoComm.
2026-03-12 21:37:37,690 - my_experiment - bat_60_IQL_RNN_5M - my_run - INFO - Experiment Parameters:
2026-03-12 21:37:37,691 - my_experiment - bat_60_IQL_RNN_5M - my_run - INFO - 

{   'action_selector': 'epsilon_greedy',
    'add_value_last_step': True,
    'agent': 'rnn',
    'agent_output_type': 'q',
    'batch_size': 16,
    'batch_size_run': 1,
    'buffer_cpu_only': True,
    'buffer_size': 1000,
    'checkpoint_path': '',
    'double_q': True,
    'env': 'MAgent_Battle',
    'env_args': {   'global_reward': True,
                    'map_name': 'battle_view7',
                    'map_size': 60,
                    'max_cycles': 200,
                    'minimap_mode': False,
                    'pretrained_ckpt': None,
                    'seed': 42},
    'epsilon_anneal_time': 1000000,
    'epsilon_finish': 0.05,
    'epsilon_start': 1.0,
    'evaluate': False,
    'evaluation_epsilon': 0.0,
    'exp_name': 'my_experiment',
    'gamma': 0.99,
    'global_reward': True,
    'grad_norm_clip': 10,
    'hidden_dim': 64,
    'hypergroup': None,
    'label': 'default_label',
    'learner': 'q_learner',
    'learner_log_interval': 10000,
    'load_step': 0,
    'local_results_path': 'results',
    'log_interval': 50000,
    'lr': 0.0005,
    'mac': 'basic_mac',
    'mixer': None,
    'name': 'bat_60_IQL_RNN_5M',
    'obs_agent_id': True,
    'obs_individual_obs': False,
    'obs_last_action': True,
    'optim_alpha': 0.99,
    'optim_eps': 1e-05,
    'render': False,
    'repeat_id': 1,
    'run_name': 'my_run',
    'runner': 'episode',
    'runner_log_interval': 10000,
    'save_model': True,
    'save_model_interval': 500000,
    'save_replay': False,
    'seed': 42,
    'standardise_returns': False,
    'standardise_rewards': True,
    't_max': 5050000,
    'target_update_interval_or_tau': 200,
    'test_greedy': True,
    'test_interval': 50000,
    'test_nepisode': 32,
    'use_cuda': True,
    'use_rnn': True,
    'use_tensorboard': True,
    'work_dir': 'work_dirs/my_experiment/bat_60_IQL_RNN_5M/my_run/20260312_213735'}

/usr/itetnas04/data-scratch-01/pparsons/data/conda_envs/ExpoComm/lib/python3.8/site-packages/pettingzoo/utils/conversions.py:41: UserWarning: The `from_parallel` function is deprecated. Use the `parallel_to_aec` function instead.
  warnings.warn("The `from_parallel` function is deprecated. Use the `parallel_to_aec` function instead.")
/usr/itetnas04/data-scratch-01/pparsons/data/conda_envs/ExpoComm/lib/python3.8/site-packages/pettingzoo/utils/wrappers/base.py:44: UserWarning: The `observation_spaces` dictionary is deprecated. Use the `observation_space` function instead.
  warnings.warn("The `observation_spaces` dictionary is deprecated. Use the `observation_space` function instead.")
/usr/itetnas04/data-scratch-01/pparsons/data/conda_envs/ExpoComm/lib/python3.8/site-packages/pettingzoo/utils/conversions.py:36: UserWarning: The `to_parallel` function is deprecated. Use the `aec_to_parallel` function instead.
  warnings.warn("The `to_parallel` function is deprecated. Use the `aec_to_parallel` function instead.")
/usr/itetnas04/data-scratch-01/pparsons/data/conda_envs/ExpoComm/lib/python3.8/site-packages/pettingzoo/utils/conversions.py:80: UserWarning: The `action_spaces` dictionary is deprecated. Use the `action_space` function instead.
  warnings.warn("The `action_spaces` dictionary is deprecated. Use the `action_space` function instead.")
/usr/itetnas04/data-scratch-01/pparsons/data/conda_envs/ExpoComm/lib/python3.8/site-packages/pettingzoo/utils/wrappers/base.py:52: UserWarning: The `action_spaces` dictionary is deprecated. Use the `action_space` function instead.
  warnings.warn("The `action_spaces` dictionary is deprecated. Use the `action_space` function instead.")
/usr/itetnas04/data-scratch-01/pparsons/data/conda_envs/ExpoComm/lib/python3.8/site-packages/pettingzoo/utils/conversions.py:72: UserWarning: The `observation_spaces` dictionary is deprecated. Use the `observation_space` function instead.
  warnings.warn("The `observation_spaces` dictionary is deprecated. Use the `observation_space` function instead.")
2026-03-12 21:37:44,062 - my_experiment - bat_60_IQL_RNN_5M - my_run - INFO - Beginning training for 5050000 timesteps
/usr/itetnas04/data-scratch-01/pparsons/data/MyExpoComm/src/envs/battle_wrappers.py:258: UserWarning: To copy construct from a tensor, it is recommended to use sourceTensor.clone().detach() or sourceTensor.clone().detach().requires_grad_(True), rather than torch.tensor(sourceTensor).
  actions = torch.tensor(actions, dtype=torch.long)
2026-03-12 21:37:49,018 - my_experiment - bat_60_IQL_RNN_5M - my_run - INFO - t_env: 200 / 5050000
2026-03-12 21:37:49,018 - my_experiment - bat_60_IQL_RNN_5M - my_run - INFO - Estimated time left: 8 minutes, 18 seconds. Time passed: 4 seconds
2026-03-12 21:40:04,916 - my_experiment - bat_60_IQL_RNN_5M - my_run - INFO - Saving models to work_dirs/my_experiment/bat_60_IQL_RNN_5M/my_run/20260312_213735/models/200
2026-03-12 21:59:09,560 - my_experiment - bat_60_IQL_RNN_5M - my_run - INFO - Recent Stats | t_env:      50000 | Episode:      250
blue_team_alives_mean:   143.9960	blue_team_win_mean:        0.0000	ep_length_mean:          200.0000	episode_length_mean:     199.0000
epsilon:                   0.9620	grad_norm:                 0.0558	loss:                      0.8602	q_taken_mean:              0.0002
red_team_alives_mean:    144.0000	red_team_win_mean:         0.0040	return_mean:              -1.7130	return_std:                0.0317
target_mean:               0.0004	td_error_abs:              0.5430	test_blue_team_alives_mean:144.0000	test_blue_team_win_mean:   0.0000
test_ep_length_mean:     200.0000	test_episode_length_mean:199.0000	test_red_team_alives_mean:144.0000	test_red_team_win_mean:    0.0000
test_return_mean:         -1.7144	test_return_std:           0.0000	
2026-03-12 21:59:14,183 - my_experiment - bat_60_IQL_RNN_5M - my_run - INFO - t_env: 50200 / 5050000
2026-03-12 21:59:14,183 - my_experiment - bat_60_IQL_RNN_5M - my_run - INFO - Estimated time left: 1 days, 11 hours, 41 minutes, 51 seconds. Time passed: 21 minutes, 30 seconds
2026-03-12 22:20:37,723 - my_experiment - bat_60_IQL_RNN_5M - my_run - INFO - Recent Stats | t_env:     100000 | Episode:      500
blue_team_alives_mean:   142.9880	blue_team_win_mean:        0.0000	ep_length_mean:          200.0000	episode_length_mean:     199.0000
epsilon:                   0.9145	grad_norm:                 4.2671	loss:                      3.1635	q_taken_mean:              0.0053
red_team_alives_mean:    144.0000	red_team_win_mean:         0.4360	return_mean:              -1.2881	return_std:                0.1556
target_mean:               0.0061	td_error_abs:              0.8524	test_blue_team_alives_mean:107.5000	test_blue_team_win_mean:   0.0000
test_ep_length_mean:     200.0000	test_episode_length_mean:199.0000	test_red_team_alives_mean:144.0000	test_red_team_win_mean:    0.5000
test_return_mean:          0.3453	test_return_std:           0.0000	
2026-03-12 22:20:42,434 - my_experiment - bat_60_IQL_RNN_5M - my_run - INFO - t_env: 100200 / 5050000
2026-03-12 22:20:42,435 - my_experiment - bat_60_IQL_RNN_5M - my_run - INFO - Estimated time left: 1 days, 11 hours, 25 minutes, 31 seconds. Time passed: 42 minutes, 58 seconds
2026-03-12 22:42:26,050 - my_experiment - bat_60_IQL_RNN_5M - my_run - INFO - Recent Stats | t_env:     150000 | Episode:      750
blue_team_alives_mean:   128.1640	blue_team_win_mean:        0.0000	ep_length_mean:          200.0000	episode_length_mean:     199.0000
epsilon:                   0.8670	grad_norm:                19.0087	loss:                      2.6059	q_taken_mean:              0.0144
red_team_alives_mean:    144.0000	red_team_win_mean:         1.0000	return_mean:               0.1787	return_std:                0.3151
target_mean:               0.0152	td_error_abs:              0.7321	test_blue_team_alives_mean:119.0000	test_blue_team_win_mean:   0.0000
test_ep_length_mean:     200.0000	test_episode_length_mean:199.0000	test_red_team_alives_mean:144.0000	test_red_team_win_mean:    0.6667
test_return_mean:         -0.3027	test_return_std:           0.0000	
2026-03-12 22:42:30,646 - my_experiment - bat_60_IQL_RNN_5M - my_run - INFO - t_env: 150200 / 5050000
2026-03-12 22:42:30,646 - my_experiment - bat_60_IQL_RNN_5M - my_run - INFO - Estimated time left: 1 days, 11 hours, 36 minutes, 39 seconds. Time passed: 1 hours, 4 minutes, 46 seconds
2026-03-12 23:03:32,995 - my_experiment - bat_60_IQL_RNN_5M - my_run - INFO - Recent Stats | t_env:     200000 | Episode:     1000
blue_team_alives_mean:    90.9520	blue_team_win_mean:        0.0000	ep_length_mean:          200.0000	episode_length_mean:     199.0000
epsilon:                   0.8195	grad_norm:                18.8901	loss:                      3.4201	q_taken_mean:              0.0313
red_team_alives_mean:    144.0000	red_team_win_mean:         1.0000	return_mean:               2.4523	return_std:                0.4011
target_mean:               0.0334	td_error_abs:              0.8622	test_blue_team_alives_mean:123.7500	test_blue_team_win_mean:   0.0000
test_ep_length_mean:     200.0000	test_episode_length_mean:199.0000	test_red_team_alives_mean:144.0000	test_red_team_win_mean:    0.7500
test_return_mean:         -0.5062	test_return_std:           0.0000	
2026-03-12 23:03:37,439 - my_experiment - bat_60_IQL_RNN_5M - my_run - INFO - t_env: 200200 / 5050000
2026-03-12 23:03:37,439 - my_experiment - bat_60_IQL_RNN_5M - my_run - INFO - Estimated time left: 1 days, 10 hours, 7 minutes, 53 seconds. Time passed: 1 hours, 25 minutes, 53 seconds
2026-03-12 23:23:49,075 - my_experiment - bat_60_IQL_RNN_5M - my_run - INFO - Recent Stats | t_env:     250000 | Episode:     1250
blue_team_alives_mean:    56.8840	blue_team_win_mean:        0.0000	ep_length_mean:          200.0000	episode_length_mean:     199.0000
epsilon:                   0.7720	grad_norm:                43.0469	loss:                      4.4826	q_taken_mean:              0.0590
red_team_alives_mean:    144.0000	red_team_win_mean:         1.0000	return_mean:               4.3027	return_std:                0.3478
target_mean:               0.0632	td_error_abs:              1.1277	test_blue_team_alives_mean:123.6000	test_blue_team_win_mean:   0.0000
test_ep_length_mean:     200.0000	test_episode_length_mean:199.0000	test_red_team_alives_mean:144.0000	test_red_team_win_mean:    0.8000
test_return_mean:         -0.4924	test_return_std:           0.0000	
2026-03-12 23:23:53,379 - my_experiment - bat_60_IQL_RNN_5M - my_run - INFO - t_env: 250200 / 5050000
2026-03-12 23:23:53,379 - my_experiment - bat_60_IQL_RNN_5M - my_run - INFO - Estimated time left: 1 days, 8 hours, 25 minutes, 25 seconds. Time passed: 1 hours, 46 minutes, 9 seconds
2026-03-12 23:43:28,338 - my_experiment - bat_60_IQL_RNN_5M - my_run - INFO - Recent Stats | t_env:     300000 | Episode:     1500
blue_team_alives_mean:    35.9880	blue_team_win_mean:        0.0000	ep_length_mean:          200.0000	episode_length_mean:     199.0000
epsilon:                   0.7245	grad_norm:                25.1591	loss:                      4.2940	q_taken_mean:              0.0898
red_team_alives_mean:    144.0000	red_team_win_mean:         1.0000	return_mean:               5.2950	return_std:                0.2907
target_mean:               0.0911	td_error_abs:              1.0937	test_blue_team_alives_mean:123.6000	test_blue_team_win_mean:   0.0000
test_ep_length_mean:     200.0000	test_episode_length_mean:199.0000	test_red_team_alives_mean:144.0000	test_red_team_win_mean:    0.8000
test_return_mean:         -0.4167	test_return_std:           0.0000	
2026-03-12 23:43:32,438 - my_experiment - bat_60_IQL_RNN_5M - my_run - INFO - t_env: 300200 / 5050000
2026-03-12 23:43:32,438 - my_experiment - bat_60_IQL_RNN_5M - my_run - INFO - Estimated time left: 1 days, 7 hours, 6 minutes, 45 seconds. Time passed: 2 hours, 5 minutes, 48 seconds
2026-03-13 00:02:12,553 - my_experiment - bat_60_IQL_RNN_5M - my_run - INFO - Recent Stats | t_env:     350000 | Episode:     1750
blue_team_alives_mean:    22.7280	blue_team_win_mean:        0.0000	ep_length_mean:          200.0000	episode_length_mean:     199.0000
epsilon:                   0.6770	grad_norm:                29.6507	loss:                      4.6178	q_taken_mean:              0.1154
red_team_alives_mean:    144.0000	red_team_win_mean:         1.0000	return_mean:               5.7434	return_std:                0.2455
target_mean:               0.1177	td_error_abs:              1.1287	test_blue_team_alives_mean:125.4000	test_blue_team_win_mean:   0.0000
test_ep_length_mean:     200.0000	test_episode_length_mean:199.0000	test_red_team_alives_mean:144.0000	test_red_team_win_mean:    0.8000
test_return_mean:         -0.4687	test_return_std:           0.0000	
2026-03-13 00:02:16,522 - my_experiment - bat_60_IQL_RNN_5M - my_run - INFO - t_env: 350200 / 5050000
2026-03-13 00:02:16,522 - my_experiment - bat_60_IQL_RNN_5M - my_run - INFO - Estimated time left: 1 days, 5 hours, 20 minutes, 59 seconds. Time passed: 2 hours, 24 minutes, 32 seconds
2026-03-13 00:20:17,478 - my_experiment - bat_60_IQL_RNN_5M - my_run - INFO - Recent Stats | t_env:     400000 | Episode:     2000
blue_team_alives_mean:    18.6720	blue_team_win_mean:        0.0000	ep_length_mean:          200.0000	episode_length_mean:     199.0000
epsilon:                   0.6295	grad_norm:                32.1397	loss:                      4.2525	q_taken_mean:              0.1339
red_team_alives_mean:    144.0000	red_team_win_mean:         1.0000	return_mean:               5.8153	return_std:                0.2087
target_mean:               0.1355	td_error_abs:              1.1094	test_blue_team_alives_mean:108.4000	test_blue_team_win_mean:   0.0000
test_ep_length_mean:     200.0000	test_episode_length_mean:199.0000	test_red_team_alives_mean:144.0000	test_red_team_win_mean:    0.8000
test_return_mean:          0.6008	test_return_std:           0.0000	
2026-03-13 00:20:21,274 - my_experiment - bat_60_IQL_RNN_5M - my_run - INFO - t_env: 400200 / 5050000
2026-03-13 00:20:21,275 - my_experiment - bat_60_IQL_RNN_5M - my_run - INFO - Estimated time left: 1 days, 4 hours, 1 minutes, 17 seconds. Time passed: 2 hours, 42 minutes, 37 seconds
2026-03-13 00:37:46,822 - my_experiment - bat_60_IQL_RNN_5M - my_run - INFO - Recent Stats | t_env:     450000 | Episode:     2250
blue_team_alives_mean:    15.7200	blue_team_win_mean:        0.0000	ep_length_mean:          200.0000	episode_length_mean:     199.0000
epsilon:                   0.5820	grad_norm:                35.1737	loss:                      3.8694	q_taken_mean:              0.1438
red_team_alives_mean:    144.0000	red_team_win_mean:         1.0000	return_mean:               5.8364	return_std:                0.1655
target_mean:               0.1467	td_error_abs:              1.0955	test_blue_team_alives_mean: 89.2000	test_blue_team_win_mean:   0.0000
test_ep_length_mean:     200.0000	test_episode_length_mean:199.0000	test_red_team_alives_mean:144.0000	test_red_team_win_mean:    0.8000
test_return_mean:          1.7021	test_return_std:           0.0000	
2026-03-13 00:37:50,596 - my_experiment - bat_60_IQL_RNN_5M - my_run - INFO - t_env: 450200 / 5050000
2026-03-13 00:37:50,596 - my_experiment - bat_60_IQL_RNN_5M - my_run - INFO - Estimated time left: 1 days, 2 hours, 48 minutes, 53 seconds. Time passed: 3 hours, 6 seconds
2026-03-13 00:55:34,345 - my_experiment - bat_60_IQL_RNN_5M - my_run - INFO - Recent Stats | t_env:     500000 | Episode:     2500
blue_team_alives_mean:    17.7840	blue_team_win_mean:        0.0000	ep_length_mean:          200.0000	episode_length_mean:     199.0000
epsilon:                   0.5345	grad_norm:                27.0961	loss:                      3.1403	q_taken_mean:              0.1525
red_team_alives_mean:    144.0000	red_team_win_mean:         1.0000	return_mean:               5.8427	return_std:                0.1947
target_mean:               0.1532	td_error_abs:              1.0076	test_blue_team_alives_mean: 73.6000	test_blue_team_win_mean:   0.0000
test_ep_length_mean:     200.0000	test_episode_length_mean:199.0000	test_red_team_alives_mean:144.0000	test_red_team_win_mean:    0.8000
test_return_mean:          2.6238	test_return_std:           0.0000	
2026-03-13 00:55:38,380 - my_experiment - bat_60_IQL_RNN_5M - my_run - INFO - t_env: 500200 / 5050000
2026-03-13 00:55:38,381 - my_experiment - bat_60_IQL_RNN_5M - my_run - INFO - Estimated time left: 1 days, 2 hours, 59 minutes, 24 seconds. Time passed: 3 hours, 17 minutes, 54 seconds
2026-03-13 00:57:45,043 - my_experiment - bat_60_IQL_RNN_5M - my_run - INFO - Saving models to work_dirs/my_experiment/bat_60_IQL_RNN_5M/my_run/20260312_213735/models/500200
2026-03-13 01:13:25,334 - my_experiment - bat_60_IQL_RNN_5M - my_run - INFO - Recent Stats | t_env:     550000 | Episode:     2750
blue_team_alives_mean:    27.0920	blue_team_win_mean:        0.0000	ep_length_mean:          200.0000	episode_length_mean:     199.0000
epsilon:                   0.4870	grad_norm:                21.5163	loss:                      2.7675	q_taken_mean:              0.1590
red_team_alives_mean:    144.0000	red_team_win_mean:         1.0000	return_mean:               5.7397	return_std:                0.2158
target_mean:               0.1602	td_error_abs:              0.9661	test_blue_team_alives_mean: 66.6000	test_blue_team_win_mean:   0.0000
test_ep_length_mean:     200.0000	test_episode_length_mean:199.0000	test_red_team_alives_mean:144.0000	test_red_team_win_mean:    1.0000
test_return_mean:          3.0687	test_return_std:           0.0000	
2026-03-13 01:13:29,136 - my_experiment - bat_60_IQL_RNN_5M - my_run - INFO - t_env: 550200 / 5050000
2026-03-13 01:13:29,137 - my_experiment - bat_60_IQL_RNN_5M - my_run - INFO - Estimated time left: 1 days, 2 hours, 46 minutes, 3 seconds. Time passed: 3 hours, 35 minutes, 45 seconds
2026-03-13 01:30:35,873 - my_experiment - bat_60_IQL_RNN_5M - my_run - INFO - Recent Stats | t_env:     600000 | Episode:     3000
blue_team_alives_mean:    27.9720	blue_team_win_mean:        0.0000	ep_length_mean:          200.0000	episode_length_mean:     199.0000
epsilon:                   0.4395	grad_norm:                20.3773	loss:                      2.5952	q_taken_mean:              0.1643
red_team_alives_mean:    144.0000	red_team_win_mean:         1.0000	return_mean:               5.3320	return_std:                0.1861
target_mean:               0.1644	td_error_abs:              0.9219	test_blue_team_alives_mean: 60.2000	test_blue_team_win_mean:   0.0000
test_ep_length_mean:     200.0000	test_episode_length_mean:199.0000	test_red_team_alives_mean:144.0000	test_red_team_win_mean:    1.0000
test_return_mean:          3.4314	test_return_std:           0.0000	
2026-03-13 01:30:39,536 - my_experiment - bat_60_IQL_RNN_5M - my_run - INFO - t_env: 600200 / 5050000
2026-03-13 01:30:39,536 - my_experiment - bat_60_IQL_RNN_5M - my_run - INFO - Estimated time left: 1 days, 1 hours, 28 minutes, 21 seconds. Time passed: 3 hours, 52 minutes, 55 seconds
2026-03-13 01:47:48,340 - my_experiment - bat_60_IQL_RNN_5M - my_run - INFO - Recent Stats | t_env:     650000 | Episode:     3250
blue_team_alives_mean:    32.3000	blue_team_win_mean:        0.0000	ep_length_mean:          200.0000	episode_length_mean:     199.0000
epsilon:                   0.3920	grad_norm:                23.1645	loss:                      2.8089	q_taken_mean:              0.1709
red_team_alives_mean:    144.0000	red_team_win_mean:         1.0000	return_mean:               5.1123	return_std:                0.1916
target_mean:               0.1721	td_error_abs:              0.9719	test_blue_team_alives_mean: 59.0000	test_blue_team_win_mean:   0.0000
test_ep_length_mean:     200.0000	test_episode_length_mean:199.0000	test_red_team_alives_mean:144.0000	test_red_team_win_mean:    1.0000
test_return_mean:          3.4666	test_return_std:           0.0000	
2026-03-13 01:47:52,081 - my_experiment - bat_60_IQL_RNN_5M - my_run - INFO - t_env: 650200 / 5050000
2026-03-13 01:47:52,082 - my_experiment - bat_60_IQL_RNN_5M - my_run - INFO - Estimated time left: 1 days, 1 hours, 14 minutes, 19 seconds. Time passed: 4 hours, 10 minutes, 8 seconds
2026-03-13 02:05:13,001 - my_experiment - bat_60_IQL_RNN_5M - my_run - INFO - Recent Stats | t_env:     700000 | Episode:     3500
blue_team_alives_mean:    37.7920	blue_team_win_mean:        0.0000	ep_length_mean:          200.0000	episode_length_mean:     199.0000
epsilon:                   0.3445	grad_norm:                16.8254	loss:                      2.4375	q_taken_mean:              0.1770
red_team_alives_mean:    144.0000	red_team_win_mean:         1.0000	return_mean:               4.8355	return_std:                0.2207
target_mean:               0.1775	td_error_abs:              0.8639	test_blue_team_alives_mean: 64.0000	test_blue_team_win_mean:   0.0000
test_ep_length_mean:     200.0000	test_episode_length_mean:199.0000	test_red_team_alives_mean:144.0000	test_red_team_win_mean:    1.0000
test_return_mean:          3.2224	test_return_std:           0.0000	
2026-03-13 02:05:16,750 - my_experiment - bat_60_IQL_RNN_5M - my_run - INFO - t_env: 700200 / 5050000
2026-03-13 02:05:16,751 - my_experiment - bat_60_IQL_RNN_5M - my_run - INFO - Estimated time left: 1 days, 1 hours, 14 minutes, 42 seconds. Time passed: 4 hours, 27 minutes, 32 seconds
2026-03-13 02:22:38,053 - my_experiment - bat_60_IQL_RNN_5M - my_run - INFO - Recent Stats | t_env:     750000 | Episode:     3750
blue_team_alives_mean:    41.5840	blue_team_win_mean:        0.0000	ep_length_mean:          200.0000	episode_length_mean:     199.0000
epsilon:                   0.2970	grad_norm:                20.8550	loss:                      2.2917	q_taken_mean:              0.1804
red_team_alives_mean:    144.0000	red_team_win_mean:         1.0000	return_mean:               4.7124	return_std:                0.2202
target_mean:               0.1804	td_error_abs:              0.8428	test_blue_team_alives_mean: 66.6000	test_blue_team_win_mean:   0.0000
test_ep_length_mean:     200.0000	test_episode_length_mean:199.0000	test_red_team_alives_mean:144.0000	test_red_team_win_mean:    1.0000
test_return_mean:          3.0947	test_return_std:           0.0000	
2026-03-13 02:22:41,867 - my_experiment - bat_60_IQL_RNN_5M - my_run - INFO - t_env: 750200 / 5050000
2026-03-13 02:22:41,867 - my_experiment - bat_60_IQL_RNN_5M - my_run - INFO - Estimated time left: 1 days, 57 minutes, 55 seconds. Time passed: 4 hours, 44 minutes, 57 seconds
2026-03-13 02:40:07,834 - my_experiment - bat_60_IQL_RNN_5M - my_run - INFO - Recent Stats | t_env:     800000 | Episode:     4000
blue_team_alives_mean:    44.5600	blue_team_win_mean:        0.0000	ep_length_mean:          200.0000	episode_length_mean:     199.0000
epsilon:                   0.2495	grad_norm:                33.4691	loss:                      2.3088	q_taken_mean:              0.1828
red_team_alives_mean:    144.0000	red_team_win_mean:         1.0000	return_mean:               4.6377	return_std:                0.2363
target_mean:               0.1834	td_error_abs:              0.8738	test_blue_team_alives_mean: 55.6000	test_blue_team_win_mean:   0.0000
test_ep_length_mean:     200.0000	test_episode_length_mean:199.0000	test_red_team_alives_mean:144.0000	test_red_team_win_mean:    1.0000
test_return_mean:          3.6887	test_return_std:           0.0000	
2026-03-13 02:40:11,706 - my_experiment - bat_60_IQL_RNN_5M - my_run - INFO - t_env: 800200 / 5050000
2026-03-13 02:40:11,707 - my_experiment - bat_60_IQL_RNN_5M - my_run - INFO - Estimated time left: 1 days, 47 minutes, 12 seconds. Time passed: 5 hours, 2 minutes, 27 seconds
2026-03-13 02:57:36,121 - my_experiment - bat_60_IQL_RNN_5M - my_run - INFO - Recent Stats | t_env:     850000 | Episode:     4250
blue_team_alives_mean:    46.2480	blue_team_win_mean:        0.0000	ep_length_mean:          200.0000	episode_length_mean:     199.0000
epsilon:                   0.2020	grad_norm:                29.0968	loss:                      2.4783	q_taken_mean:              0.1875
red_team_alives_mean:    143.9960	red_team_win_mean:         1.0000	return_mean:               4.5588	return_std:                0.2936
target_mean:               0.1877	td_error_abs:              0.8843	test_blue_team_alives_mean: 54.6000	test_blue_team_win_mean:   0.0000
test_ep_length_mean:     200.0000	test_episode_length_mean:199.0000	test_red_team_alives_mean:144.0000	test_red_team_win_mean:    1.0000
test_return_mean:          3.7687	test_return_std:           0.0000	
2026-03-13 02:57:39,802 - my_experiment - bat_60_IQL_RNN_5M - my_run - INFO - t_env: 850200 / 5050000
2026-03-13 02:57:39,802 - my_experiment - bat_60_IQL_RNN_5M - my_run - INFO - Estimated time left: 1 days, 27 minutes, 15 seconds. Time passed: 5 hours, 19 minutes, 55 seconds
2026-03-13 03:15:19,406 - my_experiment - bat_60_IQL_RNN_5M - my_run - INFO - Recent Stats | t_env:     900000 | Episode:     4500
blue_team_alives_mean:    46.9520	blue_team_win_mean:        0.0000	ep_length_mean:          200.0000	episode_length_mean:     199.0000
epsilon:                   0.1545	grad_norm:                25.1930	loss:                      2.3844	q_taken_mean:              0.1975
red_team_alives_mean:    144.0000	red_team_win_mean:         1.0000	return_mean:               4.4856	return_std:                0.3662
target_mean:               0.1980	td_error_abs:              0.8193	test_blue_team_alives_mean: 59.0000	test_blue_team_win_mean:   0.0000
test_ep_length_mean:     200.0000	test_episode_length_mean:199.0000	test_red_team_alives_mean:144.0000	test_red_team_win_mean:    1.0000
test_return_mean:          3.5140	test_return_std:           0.0000	
2026-03-13 03:15:23,264 - my_experiment - bat_60_IQL_RNN_5M - my_run - INFO - t_env: 900200 / 5050000
2026-03-13 03:15:23,265 - my_experiment - bat_60_IQL_RNN_5M - my_run - INFO - Estimated time left: 1 days, 31 minutes, 3 seconds. Time passed: 5 hours, 37 minutes, 39 seconds
2026-03-13 03:33:07,414 - my_experiment - bat_60_IQL_RNN_5M - my_run - INFO - Recent Stats | t_env:     950000 | Episode:     4750
blue_team_alives_mean:    52.2240	blue_team_win_mean:        0.0000	ep_length_mean:          200.0000	episode_length_mean:     199.0000
epsilon:                   0.1070	grad_norm:                24.5839	loss:                      2.5200	q_taken_mean:              0.2050
red_team_alives_mean:    144.0000	red_team_win_mean:         1.0000	return_mean:               4.2479	return_std:                0.4570
target_mean:               0.2052	td_error_abs:              0.8026	test_blue_team_alives_mean: 59.4000	test_blue_team_win_mean:   0.0000
test_ep_length_mean:     200.0000	test_episode_length_mean:199.0000	test_red_team_alives_mean:144.0000	test_red_team_win_mean:    1.0000
test_return_mean:          3.4887	test_return_std:           0.0000	
2026-03-13 03:33:11,378 - my_experiment - bat_60_IQL_RNN_5M - my_run - INFO - t_env: 950200 / 5050000
2026-03-13 03:33:11,379 - my_experiment - bat_60_IQL_RNN_5M - my_run - INFO - Estimated time left: 1 days, 19 minutes, 41 seconds. Time passed: 5 hours, 55 minutes, 27 seconds
2026-03-13 03:51:05,725 - my_experiment - bat_60_IQL_RNN_5M - my_run - INFO - Recent Stats | t_env:    1000000 | Episode:     5000
blue_team_alives_mean:    56.6560	blue_team_win_mean:        0.0000	ep_length_mean:          200.0000	episode_length_mean:     199.0000
epsilon:                   0.0595	grad_norm:                26.0849	loss:                      2.7512	q_taken_mean:              0.2097
red_team_alives_mean:    144.0000	red_team_win_mean:         1.0000	return_mean:               3.9096	return_std:                0.5381
target_mean:               0.2101	td_error_abs:              0.8180	test_blue_team_alives_mean: 60.4000	test_blue_team_win_mean:   0.0000
test_ep_length_mean:     200.0000	test_episode_length_mean:199.0000	test_red_team_alives_mean:144.0000	test_red_team_win_mean:    1.0000
test_return_mean:          3.4360	test_return_std:           0.0000	
2026-03-13 03:51:09,514 - my_experiment - bat_60_IQL_RNN_5M - my_run - INFO - t_env: 1000200 / 5050000
2026-03-13 03:51:09,515 - my_experiment - bat_60_IQL_RNN_5M - my_run - INFO - Estimated time left: 1 days, 15 minutes, 24 seconds. Time passed: 6 hours, 13 minutes, 25 seconds
2026-03-13 03:53:03,767 - my_experiment - bat_60_IQL_RNN_5M - my_run - INFO - Saving models to work_dirs/my_experiment/bat_60_IQL_RNN_5M/my_run/20260312_213735/models/1000200
2026-03-13 04:09:05,682 - my_experiment - bat_60_IQL_RNN_5M - my_run - INFO - Recent Stats | t_env:    1050000 | Episode:     5250
blue_team_alives_mean:    63.3560	blue_team_win_mean:        0.0000	ep_length_mean:          200.0000	episode_length_mean:     199.0000
epsilon:                   0.0500	grad_norm:                38.9396	loss:                      3.8260	q_taken_mean:              0.2295
red_team_alives_mean:    144.0000	red_team_win_mean:         1.0000	return_mean:               3.4839	return_std:                0.5307
target_mean:               0.2288	td_error_abs:              0.9122	test_blue_team_alives_mean: 64.0000	test_blue_team_win_mean:   0.0000
test_ep_length_mean:     200.0000	test_episode_length_mean:199.0000	test_red_team_alives_mean:144.0000	test_red_team_win_mean:    1.0000
test_return_mean:          3.2188	test_return_std:           0.0000	
2026-03-13 04:09:09,398 - my_experiment - bat_60_IQL_RNN_5M - my_run - INFO - t_env: 1050200 / 5050000
2026-03-13 04:09:09,399 - my_experiment - bat_60_IQL_RNN_5M - my_run - INFO - Estimated time left: 23 hours, 59 minutes, 46 seconds. Time passed: 6 hours, 31 minutes, 25 seconds
2026-03-13 04:27:24,408 - my_experiment - bat_60_IQL_RNN_5M - my_run - INFO - Recent Stats | t_env:    1100000 | Episode:     5500
blue_team_alives_mean:    58.7160	blue_team_win_mean:        0.0000	ep_length_mean:          200.0000	episode_length_mean:     199.0000
epsilon:                   0.0500	grad_norm:                37.8858	loss:                      3.5586	q_taken_mean:              0.2341
red_team_alives_mean:    144.0000	red_team_win_mean:         1.0000	return_mean:               3.6123	return_std:                0.5998
target_mean:               0.2340	td_error_abs:              0.8501	test_blue_team_alives_mean: 84.2000	test_blue_team_win_mean:   0.0000
test_ep_length_mean:     200.0000	test_episode_length_mean:199.0000	test_red_team_alives_mean:144.0000	test_red_team_win_mean:    0.8000
test_return_mean:          2.0990	test_return_std:           0.0000	
2026-03-13 04:27:28,401 - my_experiment - bat_60_IQL_RNN_5M - my_run - INFO - t_env: 1100200 / 5050000
2026-03-13 04:27:28,402 - my_experiment - bat_60_IQL_RNN_5M - my_run - INFO - Estimated time left: 1 days, 6 minutes, 56 seconds. Time passed: 6 hours, 49 minutes, 44 seconds
2026-03-13 04:45:46,500 - my_experiment - bat_60_IQL_RNN_5M - my_run - INFO - Recent Stats | t_env:    1150000 | Episode:     5750
blue_team_alives_mean:    59.1880	blue_team_win_mean:        0.0000	ep_length_mean:          200.0000	episode_length_mean:     199.0000
epsilon:                   0.0500	grad_norm:                43.3696	loss:                      3.8829	q_taken_mean:              0.2467
red_team_alives_mean:    144.0000	red_team_win_mean:         1.0000	return_mean:               3.6345	return_std:                0.5682
target_mean:               0.2461	td_error_abs:              0.8348	test_blue_team_alives_mean: 98.4000	test_blue_team_win_mean:   0.0000
test_ep_length_mean:     200.0000	test_episode_length_mean:199.0000	test_red_team_alives_mean:144.0000	test_red_team_win_mean:    0.6000
test_return_mean:          1.2985	test_return_std:           0.0000	
2026-03-13 04:45:50,314 - my_experiment - bat_60_IQL_RNN_5M - my_run - INFO - t_env: 1150200 / 5050000
2026-03-13 04:45:50,314 - my_experiment - bat_60_IQL_RNN_5M - my_run - INFO - Estimated time left: 23 hours, 52 minutes, 24 seconds. Time passed: 7 hours, 8 minutes, 6 seconds
2026-03-13 05:04:10,619 - my_experiment - bat_60_IQL_RNN_5M - my_run - INFO - Recent Stats | t_env:    1200000 | Episode:     6000
blue_team_alives_mean:    59.0520	blue_team_win_mean:        0.0000	ep_length_mean:          200.0000	episode_length_mean:     199.0000
epsilon:                   0.0500	grad_norm:                58.1480	loss:                      3.6069	q_taken_mean:              0.2484
red_team_alives_mean:    144.0000	red_team_win_mean:         1.0000	return_mean:               3.6081	return_std:                0.6389
target_mean:               0.2487	td_error_abs:              0.8777	test_blue_team_alives_mean:113.4000	test_blue_team_win_mean:   0.0000
test_ep_length_mean:     200.0000	test_episode_length_mean:199.0000	test_red_team_alives_mean:144.0000	test_red_team_win_mean:    0.4000
test_return_mean:          0.4186	test_return_std:           0.0000	
2026-03-13 05:04:14,531 - my_experiment - bat_60_IQL_RNN_5M - my_run - INFO - t_env: 1200200 / 5050000
2026-03-13 05:04:14,532 - my_experiment - bat_60_IQL_RNN_5M - my_run - INFO - Estimated time left: 23 hours, 37 minutes, 0 seconds. Time passed: 7 hours, 26 minutes, 30 seconds
2026-03-13 05:22:40,692 - my_experiment - bat_60_IQL_RNN_5M - my_run - INFO - Recent Stats | t_env:    1250000 | Episode:     6250
blue_team_alives_mean:    60.8040	blue_team_win_mean:        0.0000	ep_length_mean:          200.0000	episode_length_mean:     199.0000
epsilon:                   0.0500	grad_norm:                83.0770	loss:                      3.2884	q_taken_mean:              0.2463
red_team_alives_mean:    143.9960	red_team_win_mean:         1.0000	return_mean:               3.5926	return_std:                0.6190
target_mean:               0.2458	td_error_abs:              0.9381	test_blue_team_alives_mean:129.6000	test_blue_team_win_mean:   0.0000
test_ep_length_mean:     200.0000	test_episode_length_mean:199.0000	test_red_team_alives_mean:144.0000	test_red_team_win_mean:    0.2000
test_return_mean:         -0.5050	test_return_std:           0.0000	
2026-03-13 05:22:44,548 - my_experiment - bat_60_IQL_RNN_5M - my_run - INFO - t_env: 1250200 / 5050000
2026-03-13 05:22:44,549 - my_experiment - bat_60_IQL_RNN_5M - my_run - INFO - Estimated time left: 23 hours, 25 minutes, 56 seconds. Time passed: 7 hours, 45 minutes, 0 seconds
2026-03-13 05:40:59,015 - my_experiment - bat_60_IQL_RNN_5M - my_run - INFO - Recent Stats | t_env:    1300000 | Episode:     6500
blue_team_alives_mean:    54.9840	blue_team_win_mean:        0.0000	ep_length_mean:          200.0000	episode_length_mean:     199.0000
epsilon:                   0.0500	grad_norm:                75.4559	loss:                      2.4448	q_taken_mean:              0.2422
red_team_alives_mean:    144.0000	red_team_win_mean:         1.0000	return_mean:               3.9367	return_std:                0.5002
target_mean:               0.2414	td_error_abs:              0.8204	test_blue_team_alives_mean:144.0000	test_blue_team_win_mean:   0.0000
test_ep_length_mean:     200.0000	test_episode_length_mean:199.0000	test_red_team_alives_mean:144.0000	test_red_team_win_mean:    0.0000
test_return_mean:         -1.3535	test_return_std:           0.0000	
2026-03-13 05:41:02,723 - my_experiment - bat_60_IQL_RNN_5M - my_run - INFO - t_env: 1300200 / 5050000
2026-03-13 05:41:02,723 - my_experiment - bat_60_IQL_RNN_5M - my_run - INFO - Estimated time left: 22 hours, 52 minutes, 38 seconds. Time passed: 8 hours, 3 minutes, 18 seconds
2026-03-13 05:59:10,238 - my_experiment - bat_60_IQL_RNN_5M - my_run - INFO - Recent Stats | t_env:    1350000 | Episode:     6750
blue_team_alives_mean:    51.5040	blue_team_win_mean:        0.0000	ep_length_mean:          200.0000	episode_length_mean:     199.0000
epsilon:                   0.0500	grad_norm:                86.5801	loss:                      2.3134	q_taken_mean:              0.2425
red_team_alives_mean:    144.0000	red_team_win_mean:         1.0000	return_mean:               3.9898	return_std:                0.4421
target_mean:               0.2432	td_error_abs:              0.8532	test_blue_team_alives_mean:144.0000	test_blue_team_win_mean:   0.0000
test_ep_length_mean:     200.0000	test_episode_length_mean:199.0000	test_red_team_alives_mean:144.0000	test_red_team_win_mean:    0.0000
test_return_mean:         -1.3841	test_return_std:           0.0000	
2026-03-13 05:59:14,083 - my_experiment - bat_60_IQL_RNN_5M - my_run - INFO - t_env: 1350200 / 5050000
2026-03-13 05:59:14,084 - my_experiment - bat_60_IQL_RNN_5M - my_run - INFO - Estimated time left: 22 hours, 25 minutes, 56 seconds. Time passed: 8 hours, 21 minutes, 30 seconds
2026-03-13 06:17:02,584 - my_experiment - bat_60_IQL_RNN_5M - my_run - INFO - Recent Stats | t_env:    1400000 | Episode:     7000
blue_team_alives_mean:    47.6200	blue_team_win_mean:        0.0000	ep_length_mean:          200.0000	episode_length_mean:     199.0000
epsilon:                   0.0500	grad_norm:               114.6566	loss:                      2.1625	q_taken_mean:              0.2411
red_team_alives_mean:    144.0000	red_team_win_mean:         1.0000	return_mean:               4.0396	return_std:                0.3828
target_mean:               0.2401	td_error_abs:              0.8620	test_blue_team_alives_mean:144.0000	test_blue_team_win_mean:   0.0000
test_ep_length_mean:     200.0000	test_episode_length_mean:199.0000	test_red_team_alives_mean:144.0000	test_red_team_win_mean:    0.0000
test_return_mean:         -1.3879	test_return_std:           0.0000	
2026-03-13 06:17:06,462 - my_experiment - bat_60_IQL_RNN_5M - my_run - INFO - t_env: 1400200 / 5050000
2026-03-13 06:17:06,462 - my_experiment - bat_60_IQL_RNN_5M - my_run - INFO - Estimated time left: 21 hours, 44 minutes, 39 seconds. Time passed: 8 hours, 39 minutes, 22 seconds
2026-03-13 06:35:11,632 - my_experiment - bat_60_IQL_RNN_5M - my_run - INFO - Recent Stats | t_env:    1450000 | Episode:     7250
blue_team_alives_mean:    54.1440	blue_team_win_mean:        0.0000	ep_length_mean:          200.0000	episode_length_mean:     199.0000
epsilon:                   0.0500	grad_norm:                83.7252	loss:                      1.9861	q_taken_mean:              0.2348
red_team_alives_mean:    144.0000	red_team_win_mean:         1.0000	return_mean:               3.4317	return_std:                0.3592
target_mean:               0.2344	td_error_abs:              0.8942	test_blue_team_alives_mean:144.0000	test_blue_team_win_mean:   0.0000
test_ep_length_mean:     200.0000	test_episode_length_mean:199.0000	test_red_team_alives_mean:144.0000	test_red_team_win_mean:    0.0000
test_return_mean:         -1.4754	test_return_std:           0.0000	
2026-03-13 06:35:15,571 - my_experiment - bat_60_IQL_RNN_5M - my_run - INFO - t_env: 1450200 / 5050000
2026-03-13 06:35:15,571 - my_experiment - bat_60_IQL_RNN_5M - my_run - INFO - Estimated time left: 21 hours, 46 minutes, 51 seconds. Time passed: 8 hours, 57 minutes, 31 seconds
2026-03-13 06:53:30,547 - my_experiment - bat_60_IQL_RNN_5M - my_run - INFO - Recent Stats | t_env:    1500000 | Episode:     7500
blue_team_alives_mean:    56.8320	blue_team_win_mean:        0.0000	ep_length_mean:          200.0000	episode_length_mean:     199.0000
epsilon:                   0.0500	grad_norm:                90.5533	loss:                      2.0114	q_taken_mean:              0.2376
red_team_alives_mean:    144.0000	red_team_win_mean:         1.0000	return_mean:               3.3902	return_std:                0.4288
target_mean:               0.2382	td_error_abs:              0.8875	test_blue_team_alives_mean:144.0000	test_blue_team_win_mean:   0.0000
test_ep_length_mean:     200.0000	test_episode_length_mean:199.0000	test_red_team_alives_mean:144.0000	test_red_team_win_mean:    0.0000
test_return_mean:         -1.6081	test_return_std:           0.0000	
2026-03-13 06:53:34,517 - my_experiment - bat_60_IQL_RNN_5M - my_run - INFO - t_env: 1500200 / 5050000
2026-03-13 06:53:34,517 - my_experiment - bat_60_IQL_RNN_5M - my_run - INFO - Estimated time left: 21 hours, 40 minutes, 20 seconds. Time passed: 9 hours, 15 minutes, 50 seconds
2026-03-13 06:55:50,190 - my_experiment - bat_60_IQL_RNN_5M - my_run - INFO - Saving models to work_dirs/my_experiment/bat_60_IQL_RNN_5M/my_run/20260312_213735/models/1500200
2026-03-13 07:12:00,043 - my_experiment - bat_60_IQL_RNN_5M - my_run - INFO - Recent Stats | t_env:    1550000 | Episode:     7750
blue_team_alives_mean:    61.2640	blue_team_win_mean:        0.0000	ep_length_mean:          200.0000	episode_length_mean:     199.0000
epsilon:                   0.0500	grad_norm:               112.7236	loss:                      1.8247	q_taken_mean:              0.2337
red_team_alives_mean:    144.0000	red_team_win_mean:         1.0000	return_mean:               3.2626	return_std:                0.3882
target_mean:               0.2325	td_error_abs:              0.8823	test_blue_team_alives_mean:144.0000	test_blue_team_win_mean:   0.0000
test_ep_length_mean:     200.0000	test_episode_length_mean:199.0000	test_red_team_alives_mean:144.0000	test_red_team_win_mean:    0.0000
test_return_mean:         -1.6737	test_return_std:           0.0000	
2026-03-13 07:12:03,829 - my_experiment - bat_60_IQL_RNN_5M - my_run - INFO - t_env: 1550200 / 5050000
2026-03-13 07:12:03,829 - my_experiment - bat_60_IQL_RNN_5M - my_run - INFO - Estimated time left: 21 hours, 34 minutes, 7 seconds. Time passed: 9 hours, 34 minutes, 19 seconds
2026-03-13 07:30:18,276 - my_experiment - bat_60_IQL_RNN_5M - my_run - INFO - Recent Stats | t_env:    1600000 | Episode:     8000
blue_team_alives_mean:    59.6400	blue_team_win_mean:        0.0000	ep_length_mean:          200.0000	episode_length_mean:     199.0000
epsilon:                   0.0500	grad_norm:                77.2551	loss:                      1.5746	q_taken_mean:              0.2287
red_team_alives_mean:    144.0000	red_team_win_mean:         1.0000	return_mean:               3.4668	return_std:                0.4124
target_mean:               0.2278	td_error_abs:              0.8159	test_blue_team_alives_mean:144.0000	test_blue_team_win_mean:   0.0000
test_ep_length_mean:     200.0000	test_episode_length_mean:199.0000	test_red_team_alives_mean:144.0000	test_red_team_win_mean:    0.0000
test_return_mean:         -1.7520	test_return_std:           0.0000	
2026-03-13 07:30:22,118 - my_experiment - bat_60_IQL_RNN_5M - my_run - INFO - t_env: 1600200 / 5050000
2026-03-13 07:30:22,118 - my_experiment - bat_60_IQL_RNN_5M - my_run - INFO - Estimated time left: 21 hours, 2 minutes, 57 seconds. Time passed: 9 hours, 52 minutes, 38 seconds
2026-03-13 07:48:39,036 - my_experiment - bat_60_IQL_RNN_5M - my_run - INFO - Recent Stats | t_env:    1650000 | Episode:     8250
blue_team_alives_mean:    57.2720	blue_team_win_mean:        0.0000	ep_length_mean:          200.0000	episode_length_mean:     199.0000
epsilon:                   0.0500	grad_norm:                94.3506	loss:                      1.6560	q_taken_mean:              0.2295
red_team_alives_mean:    144.0000	red_team_win_mean:         1.0000	return_mean:               3.5641	return_std:                0.3798
target_mean:               0.2286	td_error_abs:              0.8654	test_blue_team_alives_mean:144.0000	test_blue_team_win_mean:   0.0000
test_ep_length_mean:     200.0000	test_episode_length_mean:199.0000	test_red_team_alives_mean:144.0000	test_red_team_win_mean:    0.0000
test_return_mean:         -1.7420	test_return_std:           0.0000	
2026-03-13 07:48:42,894 - my_experiment - bat_60_IQL_RNN_5M - my_run - INFO - t_env: 1650200 / 5050000
2026-03-13 07:48:42,894 - my_experiment - bat_60_IQL_RNN_5M - my_run - INFO - Estimated time left: 20 hours, 47 minutes, 28 seconds. Time passed: 10 hours, 10 minutes, 58 seconds
2026-03-13 08:06:41,852 - my_experiment - bat_60_IQL_RNN_5M - my_run - INFO - Recent Stats | t_env:    1700000 | Episode:     8500
blue_team_alives_mean:    47.6000	blue_team_win_mean:        0.0000	ep_length_mean:          200.0000	episode_length_mean:     199.0000
epsilon:                   0.0500	grad_norm:               129.2648	loss:                      1.7269	q_taken_mean:              0.2245
red_team_alives_mean:    144.0000	red_team_win_mean:         1.0000	return_mean:               3.8465	return_std:                0.3899
target_mean:               0.2248	td_error_abs:              0.8959	test_blue_team_alives_mean:144.0000	test_blue_team_win_mean:   0.0000
test_ep_length_mean:     200.0000	test_episode_length_mean:199.0000	test_red_team_alives_mean:144.0000	test_red_team_win_mean:    0.0000
test_return_mean:         -1.6723	test_return_std:           0.0000	
2026-03-13 08:06:45,614 - my_experiment - bat_60_IQL_RNN_5M - my_run - INFO - t_env: 1700200 / 5050000
2026-03-13 08:06:45,614 - my_experiment - bat_60_IQL_RNN_5M - my_run - INFO - Estimated time left: 20 hours, 8 minutes, 57 seconds. Time passed: 10 hours, 29 minutes, 1 seconds
2026-03-13 08:24:46,314 - my_experiment - bat_60_IQL_RNN_5M - my_run - INFO - Recent Stats | t_env:    1750000 | Episode:     8750
blue_team_alives_mean:    43.0640	blue_team_win_mean:        0.0000	ep_length_mean:          200.0000	episode_length_mean:     199.0000
epsilon:                   0.0500	grad_norm:                77.5995	loss:                      1.5650	q_taken_mean:              0.2267
red_team_alives_mean:    144.0000	red_team_win_mean:         1.0000	return_mean:               3.5649	return_std:                0.4799
target_mean:               0.2255	td_error_abs:              0.8147	test_blue_team_alives_mean:144.0000	test_blue_team_win_mean:   0.0000
test_ep_length_mean:     200.0000	test_episode_length_mean:199.0000	test_red_team_alives_mean:144.0000	test_red_team_win_mean:    0.0000
test_return_mean:         -1.6095	test_return_std:           0.0000	
2026-03-13 08:24:50,155 - my_experiment - bat_60_IQL_RNN_5M - my_run - INFO - t_env: 1750200 / 5050000
2026-03-13 08:24:50,155 - my_experiment - bat_60_IQL_RNN_5M - my_run - INFO - Estimated time left: 19 hours, 52 minutes, 55 seconds. Time passed: 10 hours, 47 minutes, 6 seconds
2026-03-13 08:42:57,813 - my_experiment - bat_60_IQL_RNN_5M - my_run - INFO - Recent Stats | t_env:    1800000 | Episode:     9000
blue_team_alives_mean:    46.4320	blue_team_win_mean:        0.0000	ep_length_mean:          200.0000	episode_length_mean:     199.0000
epsilon:                   0.0500	grad_norm:                87.9890	loss:                      1.5609	q_taken_mean:              0.2263
red_team_alives_mean:    144.0000	red_team_win_mean:         1.0000	return_mean:               3.2505	return_std:                0.4608
target_mean:               0.2266	td_error_abs:              0.8206	test_blue_team_alives_mean:144.0000	test_blue_team_win_mean:   0.0000
test_ep_length_mean:     200.0000	test_episode_length_mean:199.0000	test_red_team_alives_mean:144.0000	test_red_team_win_mean:    0.0000
test_return_mean:         -1.7117	test_return_std:           0.0000	
2026-03-13 08:43:01,661 - my_experiment - bat_60_IQL_RNN_5M - my_run - INFO - t_env: 1800200 / 5050000
2026-03-13 08:43:01,662 - my_experiment - bat_60_IQL_RNN_5M - my_run - INFO - Estimated time left: 19 hours, 42 minutes, 23 seconds. Time passed: 11 hours, 5 minutes, 17 seconds
2026-03-13 09:00:58,445 - my_experiment - bat_60_IQL_RNN_5M - my_run - INFO - Recent Stats | t_env:    1850000 | Episode:     9250
blue_team_alives_mean:    45.3880	blue_team_win_mean:        0.0000	ep_length_mean:          200.0000	episode_length_mean:     199.0000
epsilon:                   0.0500	grad_norm:               132.7985	loss:                      1.7044	q_taken_mean:              0.2325
red_team_alives_mean:    144.0000	red_team_win_mean:         1.0000	return_mean:               3.4002	return_std:                0.5489
target_mean:               0.2311	td_error_abs:              0.9133	test_blue_team_alives_mean:129.2000	test_blue_team_win_mean:   0.0000
test_ep_length_mean:     200.0000	test_episode_length_mean:199.0000	test_red_team_alives_mean:144.0000	test_red_team_win_mean:    0.2000
test_return_mean:         -1.0148	test_return_std:           0.0000	
2026-03-13 09:01:02,437 - my_experiment - bat_60_IQL_RNN_5M - my_run - INFO - t_env: 1850200 / 5050000
2026-03-13 09:01:02,438 - my_experiment - bat_60_IQL_RNN_5M - my_run - INFO - Estimated time left: 19 hours, 12 minutes, 45 seconds. Time passed: 11 hours, 23 minutes, 18 seconds
2026-03-13 09:19:14,172 - my_experiment - bat_60_IQL_RNN_5M - my_run - INFO - Recent Stats | t_env:    1900000 | Episode:     9500
blue_team_alives_mean:    46.3120	blue_team_win_mean:        0.0000	ep_length_mean:          200.0000	episode_length_mean:     199.0000
epsilon:                   0.0500	grad_norm:               113.8517	loss:                      1.4785	q_taken_mean:              0.2281
red_team_alives_mean:    143.9960	red_team_win_mean:         1.0000	return_mean:               3.6282	return_std:                0.5482
target_mean:               0.2283	td_error_abs:              0.8388	test_blue_team_alives_mean:120.0000	test_blue_team_win_mean:   0.0000
test_ep_length_mean:     200.0000	test_episode_length_mean:199.0000	test_red_team_alives_mean:144.0000	test_red_team_win_mean:    0.4000
test_return_mean:         -0.7034	test_return_std:           0.0000	
2026-03-13 09:19:18,040 - my_experiment - bat_60_IQL_RNN_5M - my_run - INFO - t_env: 1900200 / 5050000
2026-03-13 09:19:18,041 - my_experiment - bat_60_IQL_RNN_5M - my_run - INFO - Estimated time left: 19 hours, 10 minutes, 18 seconds. Time passed: 11 hours, 41 minutes, 33 seconds
2026-03-13 09:37:34,911 - my_experiment - bat_60_IQL_RNN_5M - my_run - INFO - Recent Stats | t_env:    1950000 | Episode:     9750
blue_team_alives_mean:    44.7200	blue_team_win_mean:        0.0000	ep_length_mean:          200.0000	episode_length_mean:     199.0000
epsilon:                   0.0500	grad_norm:               106.7568	loss:                      1.5684	q_taken_mean:              0.2238
red_team_alives_mean:    144.0000	red_team_win_mean:         1.0000	return_mean:               3.7847	return_std:                0.5337
target_mean:               0.2217	td_error_abs:              0.8856	test_blue_team_alives_mean:104.0000	test_blue_team_win_mean:   0.0000
test_ep_length_mean:     200.0000	test_episode_length_mean:199.0000	test_red_team_alives_mean:144.0000	test_red_team_win_mean:    0.6000
test_return_mean:          0.0837	test_return_std:           0.0000	
2026-03-13 09:37:38,901 - my_experiment - bat_60_IQL_RNN_5M - my_run - INFO - t_env: 1950200 / 5050000
2026-03-13 09:37:38,901 - my_experiment - bat_60_IQL_RNN_5M - my_run - INFO - Estimated time left: 18 hours, 57 minutes, 28 seconds. Time passed: 11 hours, 59 minutes, 54 seconds
2026-03-13 09:55:48,902 - my_experiment - bat_60_IQL_RNN_5M - my_run - INFO - Recent Stats | t_env:    2000000 | Episode:    10000
blue_team_alives_mean:    52.0160	blue_team_win_mean:        0.0000	ep_length_mean:          200.0000	episode_length_mean:     199.0000
epsilon:                   0.0500	grad_norm:               113.4739	loss:                      1.5121	q_taken_mean:              0.2173
red_team_alives_mean:    144.0000	red_team_win_mean:         1.0000	return_mean:               3.0796	return_std:                0.6363
target_mean:               0.2177	td_error_abs:              0.8712	test_blue_team_alives_mean: 90.4000	test_blue_team_win_mean:   0.0000
test_ep_length_mean:     200.0000	test_episode_length_mean:199.0000	test_red_team_alives_mean:144.0000	test_red_team_win_mean:    0.8000
test_return_mean:          0.6995	test_return_std:           0.0000	
2026-03-13 09:55:52,807 - my_experiment - bat_60_IQL_RNN_5M - my_run - INFO - t_env: 2000200 / 5050000
2026-03-13 09:55:52,808 - my_experiment - bat_60_IQL_RNN_5M - my_run - INFO - Estimated time left: 18 hours, 32 minutes, 3 seconds. Time passed: 12 hours, 18 minutes, 8 seconds
2026-03-13 09:57:47,354 - my_experiment - bat_60_IQL_RNN_5M - my_run - INFO - Saving models to work_dirs/my_experiment/bat_60_IQL_RNN_5M/my_run/20260312_213735/models/2000200
2026-03-13 10:14:16,176 - my_experiment - bat_60_IQL_RNN_5M - my_run - INFO - Recent Stats | t_env:    2050000 | Episode:    10250
blue_team_alives_mean:    54.7240	blue_team_win_mean:        0.0000	ep_length_mean:          200.0000	episode_length_mean:     199.0000
epsilon:                   0.0500	grad_norm:                88.7093	loss:                      1.5732	q_taken_mean:              0.2216
red_team_alives_mean:    144.0000	red_team_win_mean:         1.0000	return_mean:               3.0166	return_std:                0.7613
target_mean:               0.2200	td_error_abs:              0.8821	test_blue_team_alives_mean: 76.8000	test_blue_team_win_mean:   0.0000
test_ep_length_mean:     200.0000	test_episode_length_mean:199.0000	test_red_team_alives_mean:144.0000	test_red_team_win_mean:    1.0000
test_return_mean:          1.4745	test_return_std:           0.0000	
2026-03-13 10:14:20,283 - my_experiment - bat_60_IQL_RNN_5M - my_run - INFO - t_env: 2050200 / 5050000
2026-03-13 10:14:20,283 - my_experiment - bat_60_IQL_RNN_5M - my_run - INFO - Estimated time left: 18 hours, 27 minutes, 24 seconds. Time passed: 12 hours, 36 minutes, 36 seconds
2026-03-13 10:33:01,303 - my_experiment - bat_60_IQL_RNN_5M - my_run - INFO - Recent Stats | t_env:    2100000 | Episode:    10500
blue_team_alives_mean:    57.8600	blue_team_win_mean:        0.0000	ep_length_mean:          200.0000	episode_length_mean:     199.0000
epsilon:                   0.0500	grad_norm:               114.6375	loss:                      1.6902	q_taken_mean:              0.2220
red_team_alives_mean:    144.0000	red_team_win_mean:         1.0000	return_mean:               2.9558	return_std:                0.7117
target_mean:               0.2216	td_error_abs:              0.8990	test_blue_team_alives_mean: 83.8000	test_blue_team_win_mean:   0.0000
test_ep_length_mean:     200.0000	test_episode_length_mean:199.0000	test_red_team_alives_mean:144.0000	test_red_team_win_mean:    1.0000
test_return_mean:          1.2369	test_return_std:           0.0000	
2026-03-13 10:33:05,497 - my_experiment - bat_60_IQL_RNN_5M - my_run - INFO - t_env: 2100200 / 5050000
2026-03-13 10:33:05,498 - my_experiment - bat_60_IQL_RNN_5M - my_run - INFO - Estimated time left: 18 hours, 26 minutes, 23 seconds. Time passed: 12 hours, 55 minutes, 21 seconds
2026-03-13 10:52:13,206 - my_experiment - bat_60_IQL_RNN_5M - my_run - INFO - Recent Stats | t_env:    2150000 | Episode:    10750
blue_team_alives_mean:    70.9560	blue_team_win_mean:        0.0000	ep_length_mean:          200.0000	episode_length_mean:     199.0000
epsilon:                   0.0500	grad_norm:               117.0609	loss:                      1.7866	q_taken_mean:              0.2265
red_team_alives_mean:    144.0000	red_team_win_mean:         1.0000	return_mean:               2.4736	return_std:                0.7432
target_mean:               0.2270	td_error_abs:              0.9039	test_blue_team_alives_mean: 85.2000	test_blue_team_win_mean:   0.0000
test_ep_length_mean:     200.0000	test_episode_length_mean:199.0000	test_red_team_alives_mean:144.0000	test_red_team_win_mean:    1.0000
test_return_mean:          1.2733	test_return_std:           0.0000	
2026-03-13 10:52:17,519 - my_experiment - bat_60_IQL_RNN_5M - my_run - INFO - t_env: 2150200 / 5050000
2026-03-13 10:52:17,520 - my_experiment - bat_60_IQL_RNN_5M - my_run - INFO - Estimated time left: 18 hours, 33 minutes, 32 seconds. Time passed: 13 hours, 14 minutes, 33 seconds
2026-03-13 11:11:36,096 - my_experiment - bat_60_IQL_RNN_5M - my_run - INFO - Recent Stats | t_env:    2200000 | Episode:    11000
blue_team_alives_mean:    80.4400	blue_team_win_mean:        0.0000	ep_length_mean:          200.0000	episode_length_mean:     199.0000
epsilon:                   0.0500	grad_norm:                93.3170	loss:                      1.7043	q_taken_mean:              0.2279
red_team_alives_mean:    144.0000	red_team_win_mean:         1.0000	return_mean:               2.0311	return_std:                0.7531
target_mean:               0.2281	td_error_abs:              0.8674	test_blue_team_alives_mean: 95.0000	test_blue_team_win_mean:   0.0000
test_ep_length_mean:     200.0000	test_episode_length_mean:199.0000	test_red_team_alives_mean:144.0000	test_red_team_win_mean:    1.0000
test_return_mean:          0.8823	test_return_std:           0.0000	
2026-03-13 11:11:40,181 - my_experiment - bat_60_IQL_RNN_5M - my_run - INFO - t_env: 2200200 / 5050000
2026-03-13 11:11:40,182 - my_experiment - bat_60_IQL_RNN_5M - my_run - INFO - Estimated time left: 18 hours, 24 minutes, 27 seconds. Time passed: 13 hours, 33 minutes, 56 seconds
2026-03-13 11:30:49,062 - my_experiment - bat_60_IQL_RNN_5M - my_run - INFO - Recent Stats | t_env:    2250000 | Episode:    11250
blue_team_alives_mean:    73.9560	blue_team_win_mean:        0.0000	ep_length_mean:          200.0000	episode_length_mean:     199.0000
epsilon:                   0.0500	grad_norm:               150.7368	loss:                      1.9750	q_taken_mean:              0.2285
red_team_alives_mean:    144.0000	red_team_win_mean:         1.0000	return_mean:               2.4498	return_std:                0.7145
target_mean:               0.2276	td_error_abs:              0.9798	test_blue_team_alives_mean: 91.6000	test_blue_team_win_mean:   0.0000
test_ep_length_mean:     200.0000	test_episode_length_mean:199.0000	test_red_team_alives_mean:144.0000	test_red_team_win_mean:    1.0000
test_return_mean:          1.1736	test_return_std:           0.0000	
2026-03-13 11:30:53,444 - my_experiment - bat_60_IQL_RNN_5M - my_run - INFO - t_env: 2250200 / 5050000
2026-03-13 11:30:53,444 - my_experiment - bat_60_IQL_RNN_5M - my_run - INFO - Estimated time left: 17 hours, 56 minutes, 18 seconds. Time passed: 13 hours, 53 minutes, 9 seconds
2026-03-13 11:50:18,060 - my_experiment - bat_60_IQL_RNN_5M - my_run - INFO - Recent Stats | t_env:    2300000 | Episode:    11500
blue_team_alives_mean:    69.2920	blue_team_win_mean:        0.0000	ep_length_mean:          200.0000	episode_length_mean:     199.0000
epsilon:                   0.0500	grad_norm:               114.3506	loss:                      1.9340	q_taken_mean:              0.2301
red_team_alives_mean:    144.0000	red_team_win_mean:         1.0000	return_mean:               3.1496	return_std:                0.7498
target_mean:               0.2305	td_error_abs:              0.9132	test_blue_team_alives_mean: 92.6000	test_blue_team_win_mean:   0.0000
test_ep_length_mean:     200.0000	test_episode_length_mean:199.0000	test_red_team_alives_mean:144.0000	test_red_team_win_mean:    1.0000
test_return_mean:          1.3268	test_return_std:           0.0000	
2026-03-13 11:50:22,383 - my_experiment - bat_60_IQL_RNN_5M - my_run - INFO - t_env: 2300200 / 5050000
2026-03-13 11:50:22,383 - my_experiment - bat_60_IQL_RNN_5M - my_run - INFO - Estimated time left: 17 hours, 51 minutes, 26 seconds. Time passed: 14 hours, 12 minutes, 38 seconds
2026-03-13 12:10:00,368 - my_experiment - bat_60_IQL_RNN_5M - my_run - INFO - Recent Stats | t_env:    2350000 | Episode:    11750
blue_team_alives_mean:    82.1400	blue_team_win_mean:        0.0000	ep_length_mean:          200.0000	episode_length_mean:     199.0000
epsilon:                   0.0500	grad_norm:                97.3894	loss:                      1.9413	q_taken_mean:              0.2340
red_team_alives_mean:    143.9960	red_team_win_mean:         1.0000	return_mean:               2.5707	return_std:                0.6339
target_mean:               0.2331	td_error_abs:              0.8995	test_blue_team_alives_mean: 88.8000	test_blue_team_win_mean:   0.0000
test_ep_length_mean:     200.0000	test_episode_length_mean:199.0000	test_red_team_alives_mean:144.0000	test_red_team_win_mean:    1.0000
test_return_mean:          1.6522	test_return_std:           0.0000	
2026-03-13 12:10:04,564 - my_experiment - bat_60_IQL_RNN_5M - my_run - INFO - t_env: 2350200 / 5050000
2026-03-13 12:10:04,564 - my_experiment - bat_60_IQL_RNN_5M - my_run - INFO - Estimated time left: 17 hours, 43 minutes, 53 seconds. Time passed: 14 hours, 32 minutes, 20 seconds
2026-03-13 12:30:03,350 - my_experiment - bat_60_IQL_RNN_5M - my_run - INFO - Recent Stats | t_env:    2400000 | Episode:    12000
blue_team_alives_mean:    91.7920	blue_team_win_mean:        0.0000	ep_length_mean:          200.0000	episode_length_mean:     199.0000
epsilon:                   0.0500	grad_norm:                82.5339	loss:                      2.0342	q_taken_mean:              0.2392
red_team_alives_mean:    144.0000	red_team_win_mean:         1.0000	return_mean:               2.0345	return_std:                0.5510
target_mean:               0.2387	td_error_abs:              0.8630	test_blue_team_alives_mean: 87.6000	test_blue_team_win_mean:   0.0000
test_ep_length_mean:     200.0000	test_episode_length_mean:199.0000	test_red_team_alives_mean:144.0000	test_red_team_win_mean:    1.0000
test_return_mean:          1.8453	test_return_std:           0.0000	
2026-03-13 12:30:07,732 - my_experiment - bat_60_IQL_RNN_5M - my_run - INFO - t_env: 2400200 / 5050000
2026-03-13 12:30:07,732 - my_experiment - bat_60_IQL_RNN_5M - my_run - INFO - Estimated time left: 17 hours, 42 minutes, 43 seconds. Time passed: 14 hours, 52 minutes, 23 seconds
2026-03-13 12:50:33,918 - my_experiment - bat_60_IQL_RNN_5M - my_run - INFO - Recent Stats | t_env:    2450000 | Episode:    12250
blue_team_alives_mean:   103.1200	blue_team_win_mean:        0.0000	ep_length_mean:          200.0000	episode_length_mean:     199.0000
epsilon:                   0.0500	grad_norm:                87.7634	loss:                      2.6139	q_taken_mean:              0.2532
red_team_alives_mean:    143.9960	red_team_win_mean:         1.0000	return_mean:               1.4989	return_std:                0.4835
target_mean:               0.2510	td_error_abs:              0.9072	test_blue_team_alives_mean: 87.2000	test_blue_team_win_mean:   0.0000
test_ep_length_mean:     200.0000	test_episode_length_mean:199.0000	test_red_team_alives_mean:144.0000	test_red_team_win_mean:    1.0000
test_return_mean:          1.8961	test_return_std:           0.0000	
2026-03-13 12:50:38,393 - my_experiment - bat_60_IQL_RNN_5M - my_run - INFO - t_env: 2450200 / 5050000
2026-03-13 12:50:38,394 - my_experiment - bat_60_IQL_RNN_5M - my_run - INFO - Estimated time left: 17 hours, 46 minutes, 29 seconds. Time passed: 15 hours, 12 minutes, 54 seconds
2026-03-13 13:11:17,187 - my_experiment - bat_60_IQL_RNN_5M - my_run - INFO - Recent Stats | t_env:    2500000 | Episode:    12500
blue_team_alives_mean:   108.3920	blue_team_win_mean:        0.0000	ep_length_mean:          200.0000	episode_length_mean:     199.0000
epsilon:                   0.0500	grad_norm:               100.3562	loss:                      2.7671	q_taken_mean:              0.2562
red_team_alives_mean:    143.9880	red_team_win_mean:         1.0000	return_mean:               1.1549	return_std:                0.4790
target_mean:               0.2547	td_error_abs:              0.8867	test_blue_team_alives_mean: 99.6000	test_blue_team_win_mean:   0.0000
test_ep_length_mean:     200.0000	test_episode_length_mean:199.0000	test_red_team_alives_mean:144.0000	test_red_team_win_mean:    1.0000
test_return_mean:          1.4131	test_return_std:           0.0000	
2026-03-13 13:11:21,779 - my_experiment - bat_60_IQL_RNN_5M - my_run - INFO - t_env: 2500200 / 5050000
2026-03-13 13:11:21,779 - my_experiment - bat_60_IQL_RNN_5M - my_run - INFO - Estimated time left: 17 hours, 36 minutes, 47 seconds. Time passed: 15 hours, 33 minutes, 37 seconds
2026-03-13 13:13:36,091 - my_experiment - bat_60_IQL_RNN_5M - my_run - INFO - Saving models to work_dirs/my_experiment/bat_60_IQL_RNN_5M/my_run/20260312_213735/models/2500200
2026-03-13 13:32:10,907 - my_experiment - bat_60_IQL_RNN_5M - my_run - INFO - Recent Stats | t_env:    2550000 | Episode:    12750
blue_team_alives_mean:   113.5840	blue_team_win_mean:        0.0000	ep_length_mean:          200.0000	episode_length_mean:     199.0000
epsilon:                   0.0500	grad_norm:                94.4823	loss:                      2.9341	q_taken_mean:              0.2586
red_team_alives_mean:    143.9960	red_team_win_mean:         1.0000	return_mean:               0.7038	return_std:                0.4352
target_mean:               0.2577	td_error_abs:              0.8593	test_blue_team_alives_mean:110.0000	test_blue_team_win_mean:   0.0000
test_ep_length_mean:     200.0000	test_episode_length_mean:199.0000	test_red_team_alives_mean:144.0000	test_red_team_win_mean:    1.0000
test_return_mean:          0.8882	test_return_std:           0.0000	
2026-03-13 13:32:15,412 - my_experiment - bat_60_IQL_RNN_5M - my_run - INFO - t_env: 2550200 / 5050000
2026-03-13 13:32:15,412 - my_experiment - bat_60_IQL_RNN_5M - my_run - INFO - Estimated time left: 17 hours, 24 minutes, 36 seconds. Time passed: 15 hours, 54 minutes, 31 seconds
2026-03-13 13:52:54,603 - my_experiment - bat_60_IQL_RNN_5M - my_run - INFO - Recent Stats | t_env:    2600000 | Episode:    13000
blue_team_alives_mean:   103.7200	blue_team_win_mean:        0.0000	ep_length_mean:          200.0000	episode_length_mean:     199.0000
epsilon:                   0.0500	grad_norm:                91.9252	loss:                      2.7998	q_taken_mean:              0.2601
red_team_alives_mean:    144.0000	red_team_win_mean:         1.0000	return_mean:               1.0573	return_std:                0.4777
target_mean:               0.2594	td_error_abs:              0.8183	test_blue_team_alives_mean:114.8000	test_blue_team_win_mean:   0.0000
test_ep_length_mean:     200.0000	test_episode_length_mean:199.0000	test_red_team_alives_mean:144.0000	test_red_team_win_mean:    1.0000
test_return_mean:          0.5849	test_return_std:           0.0000	
2026-03-13 13:52:59,040 - my_experiment - bat_60_IQL_RNN_5M - my_run - INFO - t_env: 2600200 / 5050000
2026-03-13 13:52:59,040 - my_experiment - bat_60_IQL_RNN_5M - my_run - INFO - Estimated time left: 16 hours, 55 minutes, 32 seconds. Time passed: 16 hours, 15 minutes, 14 seconds
2026-03-13 14:13:27,591 - my_experiment - bat_60_IQL_RNN_5M - my_run - INFO - Recent Stats | t_env:    2650000 | Episode:    13250
blue_team_alives_mean:    98.7120	blue_team_win_mean:        0.0000	ep_length_mean:          200.0000	episode_length_mean:     199.0000
epsilon:                   0.0500	grad_norm:               123.9666	loss:                      2.8717	q_taken_mean:              0.2581
red_team_alives_mean:    144.0000	red_team_win_mean:         1.0000	return_mean:               1.4238	return_std:                0.6089
target_mean:               0.2554	td_error_abs:              0.9024	test_blue_team_alives_mean:112.0000	test_blue_team_win_mean:   0.0000
test_ep_length_mean:     200.0000	test_episode_length_mean:199.0000	test_red_team_alives_mean:144.0000	test_red_team_win_mean:    1.0000
test_return_mean:          0.6782	test_return_std:           0.0000	
2026-03-13 14:13:32,001 - my_experiment - bat_60_IQL_RNN_5M - my_run - INFO - t_env: 2650200 / 5050000
2026-03-13 14:13:32,001 - my_experiment - bat_60_IQL_RNN_5M - my_run - INFO - Estimated time left: 16 hours, 26 minutes, 17 seconds. Time passed: 16 hours, 35 minutes, 47 seconds
2026-03-13 14:34:03,538 - my_experiment - bat_60_IQL_RNN_5M - my_run - INFO - Recent Stats | t_env:    2700000 | Episode:    13500
blue_team_alives_mean:    96.5120	blue_team_win_mean:        0.0000	ep_length_mean:          200.0000	episode_length_mean:     199.0000
epsilon:                   0.0500	grad_norm:                88.8540	loss:                      2.4229	q_taken_mean:              0.2521
red_team_alives_mean:    143.9840	red_team_win_mean:         1.0000	return_mean:               1.5584	return_std:                0.6240
target_mean:               0.2513	td_error_abs:              0.8125	test_blue_team_alives_mean:113.2000	test_blue_team_win_mean:   0.0000
test_ep_length_mean:     200.0000	test_episode_length_mean:199.0000	test_red_team_alives_mean:144.0000	test_red_team_win_mean:    1.0000
test_return_mean:          0.6154	test_return_std:           0.0000	
2026-03-13 14:34:08,045 - my_experiment - bat_60_IQL_RNN_5M - my_run - INFO - t_env: 2700200 / 5050000
2026-03-13 14:34:08,045 - my_experiment - bat_60_IQL_RNN_5M - my_run - INFO - Estimated time left: 16 hours, 8 minutes, 9 seconds. Time passed: 16 hours, 56 minutes, 23 seconds
2026-03-13 14:54:19,474 - my_experiment - bat_60_IQL_RNN_5M - my_run - INFO - Recent Stats | t_env:    2750000 | Episode:    13750
blue_team_alives_mean:    86.3560	blue_team_win_mean:        0.0000	ep_length_mean:          200.0000	episode_length_mean:     199.0000
epsilon:                   0.0500	grad_norm:                84.5983	loss:                      2.4096	q_taken_mean:              0.2526
red_team_alives_mean:    144.0000	red_team_win_mean:         1.0000	return_mean:               1.9575	return_std:                0.6526
target_mean:               0.2514	td_error_abs:              0.8450	test_blue_team_alives_mean:111.8000	test_blue_team_win_mean:   0.0000
test_ep_length_mean:     200.0000	test_episode_length_mean:199.0000	test_red_team_alives_mean:144.0000	test_red_team_win_mean:    1.0000
test_return_mean:          0.5877	test_return_std:           0.0000	
2026-03-13 14:54:23,869 - my_experiment - bat_60_IQL_RNN_5M - my_run - INFO - t_env: 2750200 / 5050000
2026-03-13 14:54:23,870 - my_experiment - bat_60_IQL_RNN_5M - my_run - INFO - Estimated time left: 15 hours, 32 minutes, 3 seconds. Time passed: 17 hours, 16 minutes, 39 seconds
2026-03-13 15:14:38,132 - my_experiment - bat_60_IQL_RNN_5M - my_run - INFO - Recent Stats | t_env:    2800000 | Episode:    14000
blue_team_alives_mean:    81.4680	blue_team_win_mean:        0.0000	ep_length_mean:          200.0000	episode_length_mean:     199.0000
epsilon:                   0.0500	grad_norm:               116.8875	loss:                      2.4181	q_taken_mean:              0.2440
red_team_alives_mean:    144.0000	red_team_win_mean:         0.9760	return_mean:               2.1358	return_std:                0.9386
target_mean:               0.2429	td_error_abs:              0.9022	test_blue_team_alives_mean:106.2000	test_blue_team_win_mean:   0.0000
test_ep_length_mean:     200.0000	test_episode_length_mean:199.0000	test_red_team_alives_mean:144.0000	test_red_team_win_mean:    1.0000
test_return_mean:          0.7967	test_return_std:           0.0000	
2026-03-13 15:14:42,615 - my_experiment - bat_60_IQL_RNN_5M - my_run - INFO - t_env: 2800200 / 5050000
2026-03-13 15:14:42,615 - my_experiment - bat_60_IQL_RNN_5M - my_run - INFO - Estimated time left: 15 hours, 13 minutes, 58 seconds. Time passed: 17 hours, 36 minutes, 58 seconds
2026-03-13 15:36:04,416 - my_experiment - bat_60_IQL_RNN_5M - my_run - INFO - Recent Stats | t_env:    2850000 | Episode:    14250
blue_team_alives_mean:   119.1520	blue_team_win_mean:        0.0000	ep_length_mean:          200.0000	episode_length_mean:     199.0000
epsilon:                   0.0500	grad_norm:               107.4573	loss:                      2.3492	q_taken_mean:              0.2362
red_team_alives_mean:    144.0000	red_team_win_mean:         0.8960	return_mean:              -0.0047	return_std:                0.9815
target_mean:               0.2333	td_error_abs:              0.9248	test_blue_team_alives_mean:112.6000	test_blue_team_win_mean:   0.0000
test_ep_length_mean:     200.0000	test_episode_length_mean:199.0000	test_red_team_alives_mean:144.0000	test_red_team_win_mean:    1.0000
test_return_mean:          0.4330	test_return_std:           0.0000	
2026-03-13 15:36:08,978 - my_experiment - bat_60_IQL_RNN_5M - my_run - INFO - t_env: 2850200 / 5050000
2026-03-13 15:36:08,978 - my_experiment - bat_60_IQL_RNN_5M - my_run - INFO - Estimated time left: 15 hours, 43 minutes, 14 seconds. Time passed: 17 hours, 58 minutes, 24 seconds
2026-03-13 15:57:42,179 - my_experiment - bat_60_IQL_RNN_5M - my_run - INFO - Recent Stats | t_env:    2900000 | Episode:    14500
blue_team_alives_mean:   123.1200	blue_team_win_mean:        0.0000	ep_length_mean:          200.0000	episode_length_mean:     199.0000
epsilon:                   0.0500	grad_norm:               115.7995	loss:                      2.1525	q_taken_mean:              0.2229
red_team_alives_mean:    144.0000	red_team_win_mean:         0.9200	return_mean:              -0.1758	return_std:                0.7137
target_mean:               0.2227	td_error_abs:              0.8718	test_blue_team_alives_mean:121.8000	test_blue_team_win_mean:   0.0000
test_ep_length_mean:     200.0000	test_episode_length_mean:199.0000	test_red_team_alives_mean:144.0000	test_red_team_win_mean:    1.0000
test_return_mean:         -0.0689	test_return_std:           0.0000	
2026-03-13 15:57:46,872 - my_experiment - bat_60_IQL_RNN_5M - my_run - INFO - t_env: 2900200 / 5050000
2026-03-13 15:57:46,872 - my_experiment - bat_60_IQL_RNN_5M - my_run - INFO - Estimated time left: 15 hours, 30 minutes, 4 seconds. Time passed: 18 hours, 20 minutes, 2 seconds
2026-03-13 16:19:21,117 - my_experiment - bat_60_IQL_RNN_5M - my_run - INFO - Recent Stats | t_env:    2950000 | Episode:    14750
blue_team_alives_mean:   124.0880	blue_team_win_mean:        0.0000	ep_length_mean:          200.0000	episode_length_mean:     199.0000
epsilon:                   0.0500	grad_norm:               105.6853	loss:                      1.7697	q_taken_mean:              0.2067
red_team_alives_mean:    144.0000	red_team_win_mean:         0.8480	return_mean:              -0.3304	return_std:                0.7954
target_mean:               0.2066	td_error_abs:              0.7974	test_blue_team_alives_mean:119.6000	test_blue_team_win_mean:   0.0000
test_ep_length_mean:     200.0000	test_episode_length_mean:199.0000	test_red_team_alives_mean:144.0000	test_red_team_win_mean:    1.0000
test_return_mean:         -0.0515	test_return_std:           0.0000	
2026-03-13 16:19:25,831 - my_experiment - bat_60_IQL_RNN_5M - my_run - INFO - t_env: 2950200 / 5050000
2026-03-13 16:19:25,832 - my_experiment - bat_60_IQL_RNN_5M - my_run - INFO - Estimated time left: 15 hours, 9 minutes, 11 seconds. Time passed: 18 hours, 41 minutes, 41 seconds
2026-03-13 16:41:06,208 - my_experiment - bat_60_IQL_RNN_5M - my_run - INFO - Recent Stats | t_env:    3000000 | Episode:    15000
blue_team_alives_mean:   135.3080	blue_team_win_mean:        0.0000	ep_length_mean:          200.0000	episode_length_mean:     199.0000
epsilon:                   0.0500	grad_norm:               102.7877	loss:                      1.4665	q_taken_mean:              0.1956
red_team_alives_mean:    144.0000	red_team_win_mean:         0.7360	return_mean:              -0.9102	return_std:                0.5558
target_mean:               0.1935	td_error_abs:              0.7509	test_blue_team_alives_mean:125.4000	test_blue_team_win_mean:   0.0000
test_ep_length_mean:     200.0000	test_episode_length_mean:199.0000	test_red_team_alives_mean:144.0000	test_red_team_win_mean:    1.0000
test_return_mean:         -0.3684	test_return_std:           0.0000	
2026-03-13 16:41:10,916 - my_experiment - bat_60_IQL_RNN_5M - my_run - INFO - t_env: 3000200 / 5050000
2026-03-13 16:41:10,917 - my_experiment - bat_60_IQL_RNN_5M - my_run - INFO - Estimated time left: 14 hours, 51 minutes, 43 seconds. Time passed: 19 hours, 3 minutes, 26 seconds
2026-03-13 16:43:26,805 - my_experiment - bat_60_IQL_RNN_5M - my_run - INFO - Saving models to work_dirs/my_experiment/bat_60_IQL_RNN_5M/my_run/20260312_213735/models/3000200
