Gym has been unmaintained since 2022 and does not support NumPy 2.0 amongst other critical functionality.
Please upgrade to Gymnasium, the maintained drop-in replacement of Gym, or contact the authors of your software and request that they upgrade.
Users of this version of Gym should be able to simply replace 'import gym' with 'import gymnasium as gym' in the vast majority of cases.
See the migration guide at https://gymnasium.farama.org/introduction/migration_guide/ for additional information.
src/main.py:81: DeprecationWarning: Using or importing the ABCs from 'collections' instead of from 'collections.abc' is deprecated since Python 3.3, and in 3.10 it will stop working
  if isinstance(v, collections.Mapping):
wandb: [wandb.login()] Loaded credentials for https://api.wandb.ai from /home/pparsons/.netrc.
wandb: Currently logged in as: peterparsons02 (peterparsons02-eth-z-rich) to https://api.wandb.ai. Use `wandb login --relogin` to force relogin
wandb: setting up run xq7q9u7j
wandb: Tracking run with wandb version 0.24.1
wandb: Run data is saved locally in /usr/itetnas04/data-scratch-01/pparsons/data/MyExpoComm/wandb/run-20260303_043139-xq7q9u7j
wandb: Run `wandb offline` to turn off syncing.
wandb: Syncing run my_run-bat_ExpoComm_2M-20260303_043138
wandb: ⭐️ View project at https://wandb.ai/peterparsons02-eth-z-rich/my_experiment
wandb: 🚀 View run at https://wandb.ai/peterparsons02-eth-z-rich/my_experiment/runs/xq7q9u7j
2026-03-03 04:31:40,586 - my_experiment - bat_ExpoComm_2M - my_run - INFO - Current directory: /usr/itetnas04/data-scratch-01/pparsons/data/MyExpoComm.
2026-03-03 04:31:40,587 - my_experiment - bat_ExpoComm_2M - my_run - INFO - Experiment Parameters:
2026-03-03 04:31:40,588 - my_experiment - bat_ExpoComm_2M - my_run - INFO - 

{   'action_selector': 'epsilon_greedy',
    'add_value_last_step': True,
    'agent': 'ExpoComm_one_peer_cont',
    'agent_output_type': 'q',
    'aux_coef': 0.1,
    'batch_size': 32,
    'batch_size_run': 1,
    'buffer_cpu_only': True,
    'buffer_size': 5000,
    'checkpoint_path': '',
    'double_q': True,
    'env': 'MAgent_Battle',
    'env_args': {   'global_reward': True,
                    'map_name': 'battle_view7',
                    'map_size': 25,
                    'max_cycles': 200,
                    'minimap_mode': False,
                    'pretrained_ckpt': None,
                    'seed': 42},
    'epsilon_anneal_time': 500000,
    'epsilon_finish': 0.05,
    'epsilon_start': 1.0,
    'evaluate': False,
    'evaluation_epsilon': 0.0,
    'exp_name': 'my_experiment',
    'gamma': 0.99,
    'global_reward': True,
    'grad_norm_clip': 10,
    'hidden_dim': 64,
    'hypergroup': None,
    'hypernet_embed': 64,
    'hypernet_layers': 2,
    'label': 'default_label',
    'learner': 'cont_q_learner',
    'learner_log_interval': 10000,
    'load_step': 0,
    'local_results_path': 'results',
    'log_interval': 50000,
    'lr': 0.0005,
    'mac': 'ExpoComm_mac',
    'mixer': 'qmix',
    'mixing_embed_dim': 64,
    'name': 'bat_ExpoComm_2M',
    'neg_num': 20,
    'obs_agent_id': True,
    'obs_individual_obs': False,
    'obs_last_action': True,
    'one_peer': True,
    'optim_alpha': 0.99,
    'optim_eps': 1e-05,
    'pos_flag': False,
    'render': False,
    'repeat_id': 1,
    'run_name': 'my_run',
    'runner': 'episode',
    'runner_log_interval': 10000,
    'save_model': True,
    'save_model_interval': 200000,
    'save_replay': False,
    'seed': 42,
    'standardise_returns': False,
    'standardise_rewards': True,
    't_max': 2050000,
    'target_update_interval_or_tau': 200,
    'temperature': 0.07,
    'test_greedy': True,
    'test_interval': 50000,
    'test_nepisode': 100,
    'topk_neighbors': 7,
    'use_cuda': True,
    'use_rnn': True,
    'use_tensorboard': True,
    'work_dir': 'work_dirs/my_experiment/bat_ExpoComm_2M/my_run/20260303_043138'}

/usr/itetnas04/data-scratch-01/pparsons/data/conda_envs/ExpoComm/lib/python3.8/site-packages/pettingzoo/utils/conversions.py:41: UserWarning: The `from_parallel` function is deprecated. Use the `parallel_to_aec` function instead.
  warnings.warn("The `from_parallel` function is deprecated. Use the `parallel_to_aec` function instead.")
/usr/itetnas04/data-scratch-01/pparsons/data/conda_envs/ExpoComm/lib/python3.8/site-packages/pettingzoo/utils/wrappers/base.py:44: UserWarning: The `observation_spaces` dictionary is deprecated. Use the `observation_space` function instead.
  warnings.warn("The `observation_spaces` dictionary is deprecated. Use the `observation_space` function instead.")
/usr/itetnas04/data-scratch-01/pparsons/data/conda_envs/ExpoComm/lib/python3.8/site-packages/pettingzoo/utils/conversions.py:36: UserWarning: The `to_parallel` function is deprecated. Use the `aec_to_parallel` function instead.
  warnings.warn("The `to_parallel` function is deprecated. Use the `aec_to_parallel` function instead.")
/usr/itetnas04/data-scratch-01/pparsons/data/conda_envs/ExpoComm/lib/python3.8/site-packages/pettingzoo/utils/conversions.py:80: UserWarning: The `action_spaces` dictionary is deprecated. Use the `action_space` function instead.
  warnings.warn("The `action_spaces` dictionary is deprecated. Use the `action_space` function instead.")
/usr/itetnas04/data-scratch-01/pparsons/data/conda_envs/ExpoComm/lib/python3.8/site-packages/pettingzoo/utils/wrappers/base.py:52: UserWarning: The `action_spaces` dictionary is deprecated. Use the `action_space` function instead.
  warnings.warn("The `action_spaces` dictionary is deprecated. Use the `action_space` function instead.")
/usr/itetnas04/data-scratch-01/pparsons/data/conda_envs/ExpoComm/lib/python3.8/site-packages/pettingzoo/utils/conversions.py:72: UserWarning: The `observation_spaces` dictionary is deprecated. Use the `observation_space` function instead.
  warnings.warn("The `observation_spaces` dictionary is deprecated. Use the `observation_space` function instead.")
2026-03-03 04:31:49,622 - my_experiment - bat_ExpoComm_2M - my_run - INFO - Beginning training for 2050000 timesteps
/usr/itetnas04/data-scratch-01/pparsons/data/MyExpoComm/src/envs/battle_wrappers.py:258: UserWarning: To copy construct from a tensor, it is recommended to use sourceTensor.clone().detach() or sourceTensor.clone().detach().requires_grad_(True), rather than torch.tensor(sourceTensor).
  actions = torch.tensor(actions, dtype=torch.long)
2026-03-03 04:31:51,039 - my_experiment - bat_ExpoComm_2M - my_run - INFO - t_env: 200 / 2050000
2026-03-03 04:31:51,039 - my_experiment - bat_ExpoComm_2M - my_run - INFO - Estimated time left: 57 seconds. Time passed: 1 seconds
2026-03-03 04:33:05,969 - my_experiment - bat_ExpoComm_2M - my_run - INFO - Saving models to work_dirs/my_experiment/bat_ExpoComm_2M/my_run/20260303_043138/models/200
2026-03-03 04:38:52,853 - my_experiment - bat_ExpoComm_2M - my_run - INFO - Recent Stats | t_env:      50000 | Episode:      250
blue_team_alives_mean:    19.9640	blue_team_win_mean:        0.0000	ep_length_mean:          200.0000	episode_length_mean:     199.0000
epsilon:                   0.9240	grad_norm:               7662.7179	info_nce_loss:             1.3619	loss:                    1113.0876
q_loss:                  1011.8978	q_taken_mean:              0.0547	red_team_alives_mean:     20.0000	red_team_win_mean:         0.0320
return_mean:              -1.3956	return_std:                0.2064	target_mean:               0.5202	td_error_abs:             16.3668
test_blue_team_alives_mean: 20.0000	test_blue_team_win_mean:   0.0000	test_ep_length_mean:     200.0000	test_episode_length_mean:199.0000
test_red_team_alives_mean: 20.0000	test_red_team_win_mean:    0.0000	test_return_mean:         -1.2850	test_return_std:           0.0000

2026-03-03 04:38:54,407 - my_experiment - bat_ExpoComm_2M - my_run - INFO - t_env: 50200 / 2050000
2026-03-03 04:38:54,408 - my_experiment - bat_ExpoComm_2M - my_run - INFO - Estimated time left: 4 hours, 42 minutes, 13 seconds. Time passed: 7 minutes, 4 seconds
2026-03-03 04:46:23,671 - my_experiment - bat_ExpoComm_2M - my_run - INFO - Recent Stats | t_env:     100000 | Episode:      500
blue_team_alives_mean:    18.7640	blue_team_win_mean:        0.0000	ep_length_mean:          200.0000	episode_length_mean:     199.0000
epsilon:                   0.8290	grad_norm:               7233.6281	info_nce_loss:             0.3743	loss:                    2192.7440
q_loss:                  1993.4037	q_taken_mean:              2.5617	red_team_alives_mean:     20.0000	red_team_win_mean:         0.4480
return_mean:              -0.2815	return_std:                0.7619	target_mean:               3.0257	td_error_abs:             22.0052
test_blue_team_alives_mean: 17.5000	test_blue_team_win_mean:   0.0000	test_ep_length_mean:     200.0000	test_episode_length_mean:199.0000
test_red_team_alives_mean: 20.0000	test_red_team_win_mean:    0.5000	test_return_mean:         -0.9995	test_return_std:           0.0000

2026-03-03 04:46:25,410 - my_experiment - bat_ExpoComm_2M - my_run - INFO - t_env: 100200 / 2050000
2026-03-03 04:46:25,412 - my_experiment - bat_ExpoComm_2M - my_run - INFO - Estimated time left: 4 hours, 53 minutes, 7 seconds. Time passed: 14 minutes, 35 seconds
2026-03-03 04:54:24,790 - my_experiment - bat_ExpoComm_2M - my_run - INFO - Recent Stats | t_env:     150000 | Episode:      750
blue_team_alives_mean:     6.6400	blue_team_win_mean:        0.0000	ep_length_mean:          200.0000	episode_length_mean:     199.0000
epsilon:                   0.7340	grad_norm:               27278.6149	info_nce_loss:             0.3144	loss:                    4978.7831
q_loss:                  4526.1665	q_taken_mean:              7.8815	red_team_alives_mean:     20.0000	red_team_win_mean:         1.0000
return_mean:               4.7687	return_std:                0.6824	target_mean:               8.5172	td_error_abs:             35.8375
test_blue_team_alives_mean: 14.3333	test_blue_team_win_mean:   0.0000	test_ep_length_mean:     200.0000	test_episode_length_mean:199.0000
test_red_team_alives_mean: 20.0000	test_red_team_win_mean:    0.6667	test_return_mean:          0.3127	test_return_std:           0.0000

2026-03-03 04:54:26,560 - my_experiment - bat_ExpoComm_2M - my_run - INFO - t_env: 150200 / 2050000
2026-03-03 04:54:26,562 - my_experiment - bat_ExpoComm_2M - my_run - INFO - Estimated time left: 5 hours, 4 minutes, 41 seconds. Time passed: 22 minutes, 36 seconds
2026-03-03 05:02:24,494 - my_experiment - bat_ExpoComm_2M - my_run - INFO - Recent Stats | t_env:     200050 | Episode:     1004
blue_team_alives_mean:     2.6551	blue_team_win_mean:        0.0000	ep_length_mean:          197.8802	episode_length_mean:     196.8802
epsilon:                   0.6378	grad_norm:               49970.7453	info_nce_loss:             0.3145	loss:                    5646.1932
q_loss:                  5132.9028	q_taken_mean:             15.6703	red_team_alives_mean:     20.0000	red_team_win_mean:         1.0000
return_mean:               5.6727	return_std:                0.4477	target_mean:              16.5649	td_error_abs:             42.1834
test_blue_team_alives_mean: 11.2500	test_blue_team_win_mean:   0.0000	test_ep_length_mean:     200.0000	test_episode_length_mean:199.0000
test_red_team_alives_mean: 20.0000	test_red_team_win_mean:    0.7500	test_return_mean:          1.4955	test_return_std:           0.0000

2026-03-03 05:02:26,297 - my_experiment - bat_ExpoComm_2M - my_run - INFO - t_env: 200250 / 2050000
2026-03-03 05:02:26,299 - my_experiment - bat_ExpoComm_2M - my_run - INFO - Estimated time left: 4 hours, 55 minutes, 30 seconds. Time passed: 30 minutes, 36 seconds
2026-03-03 05:03:50,169 - my_experiment - bat_ExpoComm_2M - my_run - INFO - Saving models to work_dirs/my_experiment/bat_ExpoComm_2M/my_run/20260303_043138/models/200250
2026-03-03 05:10:21,919 - my_experiment - bat_ExpoComm_2M - my_run - INFO - Recent Stats | t_env:     250197 | Episode:     1257
blue_team_alives_mean:     2.3741	blue_team_win_mean:        0.0000	ep_length_mean:          197.4505	episode_length_mean:     196.4505
epsilon:                   0.5421	grad_norm:               111730.5773	info_nce_loss:             0.2669	loss:                    6919.9856
q_loss:                  6290.8959	q_taken_mean:             26.4415	red_team_alives_mean:     20.0000	red_team_win_mean:         1.0000
return_mean:               5.4883	return_std:                0.4415	target_mean:              26.5025	td_error_abs:             50.2216
test_blue_team_alives_mean: 11.4000	test_blue_team_win_mean:   0.0000	test_ep_length_mean:     200.0000	test_episode_length_mean:199.0000
test_red_team_alives_mean: 20.0000	test_red_team_win_mean:    0.8000	test_return_mean:          1.5779	test_return_std:           0.0000

2026-03-03 05:10:23,410 - my_experiment - bat_ExpoComm_2M - my_run - INFO - t_env: 250397 / 2050000
2026-03-03 05:10:23,412 - my_experiment - bat_ExpoComm_2M - my_run - INFO - Estimated time left: 4 hours, 45 minutes, 21 seconds. Time passed: 38 minutes, 33 seconds
2026-03-03 05:17:52,658 - my_experiment - bat_ExpoComm_2M - my_run - INFO - Recent Stats | t_env:     300260 | Episode:     1508
blue_team_alives_mean:     2.3711	blue_team_win_mean:        0.0000	ep_length_mean:          199.4627	episode_length_mean:     198.4627
epsilon:                   0.4470	grad_norm:               104499.7070	info_nce_loss:             0.3436	loss:                    7118.2014
q_loss:                  6471.0922	q_taken_mean:             35.2063	red_team_alives_mean:     20.0000	red_team_win_mean:         1.0000
return_mean:               5.3505	return_std:                0.3211	target_mean:              35.8461	td_error_abs:             48.6789
test_blue_team_alives_mean:  8.0000	test_blue_team_win_mean:   0.0000	test_ep_length_mean:     200.0000	test_episode_length_mean:199.0000
test_red_team_alives_mean: 20.0000	test_red_team_win_mean:    1.0000	test_return_mean:          2.7343	test_return_std:           0.0000

2026-03-03 05:17:54,372 - my_experiment - bat_ExpoComm_2M - my_run - INFO - t_env: 300460 / 2050000
2026-03-03 05:17:54,374 - my_experiment - bat_ExpoComm_2M - my_run - INFO - Estimated time left: 4 hours, 22 minutes, 39 seconds. Time passed: 46 minutes, 4 seconds
2026-03-03 05:25:27,162 - my_experiment - bat_ExpoComm_2M - my_run - INFO - Recent Stats | t_env:     350260 | Episode:     1758
blue_team_alives_mean:     3.4600	blue_team_win_mean:        0.0000	ep_length_mean:          200.0000	episode_length_mean:     199.0000
epsilon:                   0.3520	grad_norm:               149990.1203	info_nce_loss:             0.2002	loss:                    9199.0174
q_loss:                  8362.7432	q_taken_mean:             45.6990	red_team_alives_mean:     20.0000	red_team_win_mean:         1.0000
return_mean:               5.1618	return_std:                0.4516	target_mean:              46.2895	td_error_abs:             54.4221
test_blue_team_alives_mean:  5.4000	test_blue_team_win_mean:   0.0000	test_ep_length_mean:     200.0000	test_episode_length_mean:199.0000
test_red_team_alives_mean: 20.0000	test_red_team_win_mean:    1.0000	test_return_mean:          3.8757	test_return_std:           0.0000

2026-03-03 05:25:28,665 - my_experiment - bat_ExpoComm_2M - my_run - INFO - t_env: 350460 / 2050000
2026-03-03 05:25:28,667 - my_experiment - bat_ExpoComm_2M - my_run - INFO - Estimated time left: 4 hours, 17 minutes, 21 seconds. Time passed: 53 minutes, 39 seconds
2026-03-03 05:32:56,344 - my_experiment - bat_ExpoComm_2M - my_run - INFO - Saving models to work_dirs/my_experiment/bat_ExpoComm_2M/my_run/20260303_043138/models/400260
2026-03-03 05:32:56,381 - my_experiment - bat_ExpoComm_2M - my_run - INFO - Recent Stats | t_env:     400260 | Episode:     2008
blue_team_alives_mean:     5.1880	blue_team_win_mean:        0.0000	ep_length_mean:          200.0000	episode_length_mean:     199.0000
epsilon:                   0.2570	grad_norm:               186489.1797	info_nce_loss:             0.2200	loss:                    12300.4643
q_loss:                  11182.2401	q_taken_mean:             57.7704	red_team_alives_mean:     20.0000	red_team_win_mean:         1.0000
return_mean:               4.9805	return_std:                0.6330	target_mean:              58.5601	td_error_abs:             61.5960
test_blue_team_alives_mean:  5.8000	test_blue_team_win_mean:   0.0000	test_ep_length_mean:     200.0000	test_episode_length_mean:199.0000
test_red_team_alives_mean: 20.0000	test_red_team_win_mean:    1.0000	test_return_mean:          3.7568	test_return_std:           0.0000

2026-03-03 05:32:57,840 - my_experiment - bat_ExpoComm_2M - my_run - INFO - t_env: 400460 / 2050000
2026-03-03 05:32:57,842 - my_experiment - bat_ExpoComm_2M - my_run - INFO - Estimated time left: 4 hours, 6 minutes, 58 seconds. Time passed: 1 hours, 1 minutes, 8 seconds
2026-03-03 05:40:17,969 - my_experiment - bat_ExpoComm_2M - my_run - INFO - Recent Stats | t_env:     450260 | Episode:     2258
blue_team_alives_mean:     7.9560	blue_team_win_mean:        0.0000	ep_length_mean:          200.0000	episode_length_mean:     199.0000
epsilon:                   0.1620	grad_norm:               201483.5625	info_nce_loss:             0.3140	loss:                    14323.8514
q_loss:                  13021.6830	q_taken_mean:             69.7847	red_team_alives_mean:     20.0000	red_team_win_mean:         1.0000
return_mean:               4.0551	return_std:                0.8429	target_mean:              69.2548	td_error_abs:             67.1652
test_blue_team_alives_mean:  9.2000	test_blue_team_win_mean:   0.0000	test_ep_length_mean:     200.0000	test_episode_length_mean:199.0000
test_red_team_alives_mean: 20.0000	test_red_team_win_mean:    1.0000	test_return_mean:          2.7211	test_return_std:           0.0000

2026-03-03 05:40:19,415 - my_experiment - bat_ExpoComm_2M - my_run - INFO - t_env: 450460 / 2050000
2026-03-03 05:40:19,417 - my_experiment - bat_ExpoComm_2M - my_run - INFO - Estimated time left: 3 hours, 55 minutes, 26 seconds. Time passed: 1 hours, 8 minutes, 29 seconds
2026-03-03 05:47:35,048 - my_experiment - bat_ExpoComm_2M - my_run - INFO - Recent Stats | t_env:     500260 | Episode:     2508
blue_team_alives_mean:     7.6080	blue_team_win_mean:        0.0000	ep_length_mean:          200.0000	episode_length_mean:     199.0000
epsilon:                   0.0670	grad_norm:               168471.1516	info_nce_loss:             0.3518	loss:                    15442.3486
q_loss:                  14038.4988	q_taken_mean:             81.5000	red_team_alives_mean:     20.0000	red_team_win_mean:         0.9880
return_mean:               4.0358	return_std:                1.0298	target_mean:              81.5095	td_error_abs:             65.2510
test_blue_team_alives_mean:  7.8000	test_blue_team_win_mean:   0.0000	test_ep_length_mean:     200.0000	test_episode_length_mean:199.0000
test_red_team_alives_mean: 20.0000	test_red_team_win_mean:    1.0000	test_return_mean:          3.2537	test_return_std:           0.0000

2026-03-03 05:47:36,541 - my_experiment - bat_ExpoComm_2M - my_run - INFO - t_env: 500460 / 2050000
2026-03-03 05:47:36,543 - my_experiment - bat_ExpoComm_2M - my_run - INFO - Estimated time left: 3 hours, 45 minutes, 46 seconds. Time passed: 1 hours, 15 minutes, 46 seconds
2026-03-03 05:54:59,771 - my_experiment - bat_ExpoComm_2M - my_run - INFO - Recent Stats | t_env:     550260 | Episode:     2758
blue_team_alives_mean:    12.1160	blue_team_win_mean:        0.0000	ep_length_mean:          200.0000	episode_length_mean:     199.0000
epsilon:                   0.0500	grad_norm:               303143.8719	info_nce_loss:             0.2398	loss:                    17840.6660
q_loss:                  16218.8090	q_taken_mean:             88.5583	red_team_alives_mean:     20.0000	red_team_win_mean:         0.9080
return_mean:               2.1904	return_std:                1.8526	target_mean:              88.5663	td_error_abs:             70.7021
test_blue_team_alives_mean: 10.6000	test_blue_team_win_mean:   0.0000	test_ep_length_mean:     200.0000	test_episode_length_mean:199.0000
test_red_team_alives_mean: 20.0000	test_red_team_win_mean:    1.0000	test_return_mean:          2.4502	test_return_std:           0.0000

2026-03-03 05:55:01,299 - my_experiment - bat_ExpoComm_2M - my_run - INFO - t_env: 550460 / 2050000
2026-03-03 05:55:01,301 - my_experiment - bat_ExpoComm_2M - my_run - INFO - Estimated time left: 3 hours, 42 minutes, 18 seconds. Time passed: 1 hours, 23 minutes, 11 seconds
2026-03-03 06:02:27,002 - my_experiment - bat_ExpoComm_2M - my_run - INFO - Saving models to work_dirs/my_experiment/bat_ExpoComm_2M/my_run/20260303_043138/models/600260
2026-03-03 06:02:27,037 - my_experiment - bat_ExpoComm_2M - my_run - INFO - Recent Stats | t_env:     600260 | Episode:     3008
blue_team_alives_mean:    14.3120	blue_team_win_mean:        0.0000	ep_length_mean:          200.0000	episode_length_mean:     199.0000
epsilon:                   0.0500	grad_norm:               307378.0984	info_nce_loss:             0.2061	loss:                    24233.6520
q_loss:                  22030.5922	q_taken_mean:            106.8128	red_team_alives_mean:     20.0000	red_team_win_mean:         0.9560
return_mean:               1.3632	return_std:                1.4449	target_mean:             106.7457	td_error_abs:             79.5093
test_blue_team_alives_mean: 14.2000	test_blue_team_win_mean:   0.0000	test_ep_length_mean:     200.0000	test_episode_length_mean:199.0000
test_red_team_alives_mean: 20.0000	test_red_team_win_mean:    0.8000	test_return_mean:          1.0582	test_return_std:           0.0000

2026-03-03 06:02:28,521 - my_experiment - bat_ExpoComm_2M - my_run - INFO - t_env: 600460 / 2050000
2026-03-03 06:02:28,523 - my_experiment - bat_ExpoComm_2M - my_run - INFO - Estimated time left: 3 hours, 36 minutes, 5 seconds. Time passed: 1 hours, 30 minutes, 38 seconds
2026-03-03 06:09:56,236 - my_experiment - bat_ExpoComm_2M - my_run - INFO - Recent Stats | t_env:     650260 | Episode:     3258
blue_team_alives_mean:    18.5320	blue_team_win_mean:        0.0000	ep_length_mean:          200.0000	episode_length_mean:     199.0000
epsilon:                   0.0500	grad_norm:               625607.0687	info_nce_loss:             0.1971	loss:                    31222.3988
q_loss:                  28383.9992	q_taken_mean:            118.1919	red_team_alives_mean:     20.0000	red_team_win_mean:         0.5960
return_mean:              -0.5724	return_std:                0.6680	target_mean:             118.0496	td_error_abs:             88.4040
test_blue_team_alives_mean: 16.0000	test_blue_team_win_mean:   0.0000	test_ep_length_mean:     200.0000	test_episode_length_mean:199.0000
test_red_team_alives_mean: 20.0000	test_red_team_win_mean:    0.8000	test_return_mean:          0.4343	test_return_std:           0.0000

2026-03-03 06:09:57,730 - my_experiment - bat_ExpoComm_2M - my_run - INFO - t_env: 650460 / 2050000
2026-03-03 06:09:57,732 - my_experiment - bat_ExpoComm_2M - my_run - INFO - Estimated time left: 3 hours, 29 minutes, 33 seconds. Time passed: 1 hours, 38 minutes, 8 seconds
2026-03-03 06:17:25,042 - my_experiment - bat_ExpoComm_2M - my_run - INFO - Recent Stats | t_env:     700260 | Episode:     3508
blue_team_alives_mean:    19.4840	blue_team_win_mean:        0.0000	ep_length_mean:          200.0000	episode_length_mean:     199.0000
epsilon:                   0.0500	grad_norm:               1041868.4250	info_nce_loss:             0.1052	loss:                    31765.9559
q_loss:                  28878.1418	q_taken_mean:            130.8479	red_team_alives_mean:     20.0000	red_team_win_mean:         0.3560
return_mean:              -1.1279	return_std:                0.4219	target_mean:             131.2145	td_error_abs:             85.3940
test_blue_team_alives_mean: 16.2000	test_blue_team_win_mean:   0.0000	test_ep_length_mean:     200.0000	test_episode_length_mean:199.0000
test_red_team_alives_mean: 20.0000	test_red_team_win_mean:    0.6000	test_return_mean:          0.2494	test_return_std:           0.0000

2026-03-03 06:17:26,532 - my_experiment - bat_ExpoComm_2M - my_run - INFO - t_env: 700460 / 2050000
2026-03-03 06:17:26,534 - my_experiment - bat_ExpoComm_2M - my_run - INFO - Estimated time left: 3 hours, 21 minutes, 53 seconds. Time passed: 1 hours, 45 minutes, 36 seconds
2026-03-03 06:24:51,753 - my_experiment - bat_ExpoComm_2M - my_run - INFO - Recent Stats | t_env:     750260 | Episode:     3758
blue_team_alives_mean:    19.9280	blue_team_win_mean:        0.0000	ep_length_mean:          200.0000	episode_length_mean:     199.0000
epsilon:                   0.0500	grad_norm:               1959113.4750	info_nce_loss:             0.1048	loss:                    41854.2207
q_loss:                  38049.2910	q_taken_mean:            143.2269	red_team_alives_mean:     20.0000	red_team_win_mean:         0.0680
return_mean:              -1.5807	return_std:                0.1914	target_mean:             142.5401	td_error_abs:            100.0698
test_blue_team_alives_mean: 19.2000	test_blue_team_win_mean:   0.0000	test_ep_length_mean:     200.0000	test_episode_length_mean:199.0000
test_red_team_alives_mean: 20.0000	test_red_team_win_mean:    0.4000	test_return_mean:         -0.9551	test_return_std:           0.0000

2026-03-03 06:24:53,233 - my_experiment - bat_ExpoComm_2M - my_run - INFO - t_env: 750460 / 2050000
2026-03-03 06:24:53,234 - my_experiment - bat_ExpoComm_2M - my_run - INFO - Estimated time left: 3 hours, 13 minutes, 30 seconds. Time passed: 1 hours, 53 minutes, 3 seconds
2026-03-03 06:32:18,573 - my_experiment - bat_ExpoComm_2M - my_run - INFO - Saving models to work_dirs/my_experiment/bat_ExpoComm_2M/my_run/20260303_043138/models/800260
2026-03-03 06:32:18,610 - my_experiment - bat_ExpoComm_2M - my_run - INFO - Recent Stats | t_env:     800260 | Episode:     4008
blue_team_alives_mean:    19.8040	blue_team_win_mean:        0.0000	ep_length_mean:          200.0000	episode_length_mean:     199.0000
epsilon:                   0.0500	grad_norm:               3170061.1250	info_nce_loss:             0.0544	loss:                    44317.2398
q_loss:                  40288.3996	q_taken_mean:            166.9938	red_team_alives_mean:     20.0000	red_team_win_mean:         0.1640
return_mean:              -1.5252	return_std:                0.3155	target_mean:             165.8594	td_error_abs:            107.4067
test_blue_team_alives_mean: 19.8000	test_blue_team_win_mean:   0.0000	test_ep_length_mean:     200.0000	test_episode_length_mean:199.0000
test_red_team_alives_mean: 20.0000	test_red_team_win_mean:    0.2000	test_return_mean:         -1.3811	test_return_std:           0.0000

2026-03-03 06:32:20,082 - my_experiment - bat_ExpoComm_2M - my_run - INFO - t_env: 800460 / 2050000
2026-03-03 06:32:20,084 - my_experiment - bat_ExpoComm_2M - my_run - INFO - Estimated time left: 3 hours, 6 minutes, 7 seconds. Time passed: 2 hours, 30 seconds
2026-03-03 06:39:47,569 - my_experiment - bat_ExpoComm_2M - my_run - INFO - Recent Stats | t_env:     850260 | Episode:     4258
blue_team_alives_mean:    19.4360	blue_team_win_mean:        0.0000	ep_length_mean:          200.0000	episode_length_mean:     199.0000
epsilon:                   0.0500	grad_norm:               3715104.0250	info_nce_loss:             0.1095	loss:                    42148.3023
q_loss:                  38316.6383	q_taken_mean:            161.3783	red_team_alives_mean:     20.0000	red_team_win_mean:         0.3560
return_mean:              -1.3079	return_std:                0.4129	target_mean:             161.3453	td_error_abs:            112.8661
test_blue_team_alives_mean: 19.6000	test_blue_team_win_mean:   0.0000	test_ep_length_mean:     200.0000	test_episode_length_mean:199.0000
test_red_team_alives_mean: 20.0000	test_red_team_win_mean:    0.4000	test_return_mean:         -1.2302	test_return_std:           0.0000

2026-03-03 06:39:49,026 - my_experiment - bat_ExpoComm_2M - my_run - INFO - t_env: 850460 / 2050000
2026-03-03 06:39:49,027 - my_experiment - bat_ExpoComm_2M - my_run - INFO - Estimated time left: 2 hours, 59 minutes, 30 seconds. Time passed: 2 hours, 7 minutes, 59 seconds
2026-03-03 06:47:15,569 - my_experiment - bat_ExpoComm_2M - my_run - INFO - Recent Stats | t_env:     900260 | Episode:     4508
blue_team_alives_mean:    18.4080	blue_team_win_mean:        0.0000	ep_length_mean:          200.0000	episode_length_mean:     199.0000
epsilon:                   0.0500	grad_norm:               5400424.3000	info_nce_loss:             0.1300	loss:                    39567.1461
q_loss:                  35970.1332	q_taken_mean:            168.4997	red_team_alives_mean:     20.0000	red_team_win_mean:         0.7800
return_mean:              -0.6503	return_std:                0.5278	target_mean:             169.2247	td_error_abs:            107.7406
test_blue_team_alives_mean: 19.4000	test_blue_team_win_mean:   0.0000	test_ep_length_mean:     200.0000	test_episode_length_mean:199.0000
test_red_team_alives_mean: 20.0000	test_red_team_win_mean:    0.4000	test_return_mean:         -1.2047	test_return_std:           0.0000

2026-03-03 06:47:17,034 - my_experiment - bat_ExpoComm_2M - my_run - INFO - t_env: 900460 / 2050000
2026-03-03 06:47:17,035 - my_experiment - bat_ExpoComm_2M - my_run - INFO - Estimated time left: 2 hours, 51 minutes, 40 seconds. Time passed: 2 hours, 15 minutes, 27 seconds
2026-03-03 06:54:42,443 - my_experiment - bat_ExpoComm_2M - my_run - INFO - Recent Stats | t_env:     950260 | Episode:     4758
blue_team_alives_mean:    17.4240	blue_team_win_mean:        0.0000	ep_length_mean:          200.0000	episode_length_mean:     199.0000
epsilon:                   0.0500	grad_norm:               5958941.5500	info_nce_loss:             0.1488	loss:                    48453.2387
q_loss:                  44048.3988	q_taken_mean:            180.0606	red_team_alives_mean:     20.0000	red_team_win_mean:         0.8920
return_mean:               0.0485	return_std:                0.6532	target_mean:             180.5959	td_error_abs:            119.7372
test_blue_team_alives_mean: 18.8000	test_blue_team_win_mean:   0.0000	test_ep_length_mean:     200.0000	test_episode_length_mean:199.0000
test_red_team_alives_mean: 20.0000	test_red_team_win_mean:    0.6000	test_return_mean:         -0.9195	test_return_std:           0.0000

2026-03-03 06:54:43,914 - my_experiment - bat_ExpoComm_2M - my_run - INFO - t_env: 950460 / 2050000
2026-03-03 06:54:43,916 - my_experiment - bat_ExpoComm_2M - my_run - INFO - Estimated time left: 2 hours, 43 minutes, 47 seconds. Time passed: 2 hours, 22 minutes, 54 seconds
2026-03-03 07:02:10,104 - my_experiment - bat_ExpoComm_2M - my_run - INFO - Saving models to work_dirs/my_experiment/bat_ExpoComm_2M/my_run/20260303_043138/models/1000260
2026-03-03 07:02:10,155 - my_experiment - bat_ExpoComm_2M - my_run - INFO - Recent Stats | t_env:    1000260 | Episode:     5008
blue_team_alives_mean:    15.7880	blue_team_win_mean:        0.0000	ep_length_mean:          200.0000	episode_length_mean:     199.0000
epsilon:                   0.0500	grad_norm:               5405932.9000	info_nce_loss:             0.1067	loss:                    32443.5531
q_loss:                  29494.1389	q_taken_mean:            181.9826	red_team_alives_mean:     20.0000	red_team_win_mean:         0.9920
return_mean:               0.6763	return_std:                0.6952	target_mean:             183.3439	td_error_abs:            100.8899
test_blue_team_alives_mean: 18.0000	test_blue_team_win_mean:   0.0000	test_ep_length_mean:     200.0000	test_episode_length_mean:199.0000
test_red_team_alives_mean: 20.0000	test_red_team_win_mean:    0.8000	test_return_mean:         -0.5045	test_return_std:           0.0000

2026-03-03 07:02:11,634 - my_experiment - bat_ExpoComm_2M - my_run - INFO - t_env: 1000460 / 2050000
2026-03-03 07:02:11,635 - my_experiment - bat_ExpoComm_2M - my_run - INFO - Estimated time left: 2 hours, 36 minutes, 37 seconds. Time passed: 2 hours, 30 minutes, 22 seconds
2026-03-03 07:09:37,366 - my_experiment - bat_ExpoComm_2M - my_run - INFO - Recent Stats | t_env:    1050260 | Episode:     5258
blue_team_alives_mean:    15.8840	blue_team_win_mean:        0.0000	ep_length_mean:          200.0000	episode_length_mean:     199.0000
epsilon:                   0.0500	grad_norm:               2852119.8000	info_nce_loss:             0.1042	loss:                    17069.4363
q_loss:                  15517.6691	q_taken_mean:            186.2332	red_team_alives_mean:     20.0000	red_team_win_mean:         0.9880
return_mean:               0.7710	return_std:                0.7138	target_mean:             185.5317	td_error_abs:             85.2650
test_blue_team_alives_mean: 16.0000	test_blue_team_win_mean:   0.0000	test_ep_length_mean:     200.0000	test_episode_length_mean:199.0000
test_red_team_alives_mean: 20.0000	test_red_team_win_mean:    1.0000	test_return_mean:          0.3080	test_return_std:           0.0000

2026-03-03 07:09:38,829 - my_experiment - bat_ExpoComm_2M - my_run - INFO - t_env: 1050460 / 2050000
2026-03-03 07:09:38,830 - my_experiment - bat_ExpoComm_2M - my_run - INFO - Estimated time left: 2 hours, 28 minutes, 59 seconds. Time passed: 2 hours, 37 minutes, 49 seconds
2026-03-03 07:17:01,952 - my_experiment - bat_ExpoComm_2M - my_run - INFO - Recent Stats | t_env:    1100260 | Episode:     5508
blue_team_alives_mean:    15.7240	blue_team_win_mean:        0.0000	ep_length_mean:          200.0000	episode_length_mean:     199.0000
epsilon:                   0.0500	grad_norm:               5315985.1000	info_nce_loss:             0.0670	loss:                    30118.3473
q_loss:                  27380.3158	q_taken_mean:            187.1551	red_team_alives_mean:     20.0000	red_team_win_mean:         0.9960
return_mean:               0.9041	return_std:                0.6881	target_mean:             187.0153	td_error_abs:            106.0811
test_blue_team_alives_mean: 15.6000	test_blue_team_win_mean:   0.0000	test_ep_length_mean:     200.0000	test_episode_length_mean:199.0000
test_red_team_alives_mean: 20.0000	test_red_team_win_mean:    1.0000	test_return_mean:          0.7123	test_return_std:           0.0000

2026-03-03 07:17:03,426 - my_experiment - bat_ExpoComm_2M - my_run - INFO - t_env: 1100460 / 2050000
2026-03-03 07:17:03,427 - my_experiment - bat_ExpoComm_2M - my_run - INFO - Estimated time left: 2 hours, 20 minutes, 43 seconds. Time passed: 2 hours, 45 minutes, 13 seconds
2026-03-03 07:24:25,232 - my_experiment - bat_ExpoComm_2M - my_run - INFO - Recent Stats | t_env:    1150260 | Episode:     5758
blue_team_alives_mean:    15.3160	blue_team_win_mean:        0.0000	ep_length_mean:          200.0000	episode_length_mean:     199.0000
epsilon:                   0.0500	grad_norm:               4056549.1750	info_nce_loss:             0.0879	loss:                    38174.2889
q_loss:                  34703.8998	q_taken_mean:            190.5135	red_team_alives_mean:     20.0000	red_team_win_mean:         0.9840
return_mean:               0.9484	return_std:                0.7680	target_mean:             189.4387	td_error_abs:            130.3970
test_blue_team_alives_mean: 15.6000	test_blue_team_win_mean:   0.0000	test_ep_length_mean:     200.0000	test_episode_length_mean:199.0000
test_red_team_alives_mean: 20.0000	test_red_team_win_mean:    1.0000	test_return_mean:          0.6353	test_return_std:           0.0000

2026-03-03 07:24:26,681 - my_experiment - bat_ExpoComm_2M - my_run - INFO - t_env: 1150460 / 2050000
2026-03-03 07:24:26,683 - my_experiment - bat_ExpoComm_2M - my_run - INFO - Estimated time left: 2 hours, 12 minutes, 54 seconds. Time passed: 2 hours, 52 minutes, 37 seconds
2026-03-03 07:31:45,932 - my_experiment - bat_ExpoComm_2M - my_run - INFO - Saving models to work_dirs/my_experiment/bat_ExpoComm_2M/my_run/20260303_043138/models/1200260
2026-03-03 07:31:45,971 - my_experiment - bat_ExpoComm_2M - my_run - INFO - Recent Stats | t_env:    1200260 | Episode:     6008
blue_team_alives_mean:    15.5840	blue_team_win_mean:        0.0000	ep_length_mean:          200.0000	episode_length_mean:     199.0000
epsilon:                   0.0500	grad_norm:               2632997.0750	info_nce_loss:             0.1068	loss:                    13373.2494
q_loss:                  12157.4994	q_taken_mean:            192.7731	red_team_alives_mean:     20.0000	red_team_win_mean:         0.9840
return_mean:               0.7676	return_std:                0.7569	target_mean:             192.6956	td_error_abs:             76.3757
test_blue_team_alives_mean: 14.4000	test_blue_team_win_mean:   0.0000	test_ep_length_mean:     200.0000	test_episode_length_mean:199.0000
test_red_team_alives_mean: 20.0000	test_red_team_win_mean:    1.0000	test_return_mean:          0.9751	test_return_std:           0.0000

2026-03-03 07:31:47,427 - my_experiment - bat_ExpoComm_2M - my_run - INFO - t_env: 1200460 / 2050000
2026-03-03 07:31:47,429 - my_experiment - bat_ExpoComm_2M - my_run - INFO - Estimated time left: 2 hours, 4 minutes, 48 seconds. Time passed: 2 hours, 59 minutes, 57 seconds
2026-03-03 07:39:03,072 - my_experiment - bat_ExpoComm_2M - my_run - INFO - Recent Stats | t_env:    1250260 | Episode:     6258
blue_team_alives_mean:    16.5600	blue_team_win_mean:        0.0000	ep_length_mean:          200.0000	episode_length_mean:     199.0000
epsilon:                   0.0500	grad_norm:               2340448.9000	info_nce_loss:             0.0995	loss:                    12250.9971
q_loss:                  11137.2701	q_taken_mean:            192.6952	red_team_alives_mean:     20.0000	red_team_win_mean:         0.9600
return_mean:               0.4652	return_std:                0.7634	target_mean:             192.9461	td_error_abs:             75.3229
test_blue_team_alives_mean: 15.0000	test_blue_team_win_mean:   0.0000	test_ep_length_mean:     200.0000	test_episode_length_mean:199.0000
test_red_team_alives_mean: 20.0000	test_red_team_win_mean:    1.0000	test_return_mean:          0.6574	test_return_std:           0.0000

2026-03-03 07:39:04,495 - my_experiment - bat_ExpoComm_2M - my_run - INFO - t_env: 1250460 / 2050000
2026-03-03 07:39:04,497 - my_experiment - bat_ExpoComm_2M - my_run - INFO - Estimated time left: 1 hours, 56 minutes, 29 seconds. Time passed: 3 hours, 7 minutes, 14 seconds
2026-03-03 07:46:16,996 - my_experiment - bat_ExpoComm_2M - my_run - INFO - Recent Stats | t_env:    1300260 | Episode:     6508
blue_team_alives_mean:    16.1560	blue_team_win_mean:        0.0000	ep_length_mean:          200.0000	episode_length_mean:     199.0000
epsilon:                   0.0500	grad_norm:               3155529.7000	info_nce_loss:             0.0805	loss:                    22017.2488
q_loss:                  20015.6807	q_taken_mean:            198.8763	red_team_alives_mean:     20.0000	red_team_win_mean:         0.9640
return_mean:               0.6464	return_std:                0.8268	target_mean:             196.9470	td_error_abs:             98.7300
test_blue_team_alives_mean: 16.6000	test_blue_team_win_mean:   0.0000	test_ep_length_mean:     200.0000	test_episode_length_mean:199.0000
test_red_team_alives_mean: 20.0000	test_red_team_win_mean:    1.0000	test_return_mean:          0.0417	test_return_std:           0.0000

2026-03-03 07:46:18,437 - my_experiment - bat_ExpoComm_2M - my_run - INFO - t_env: 1300460 / 2050000
2026-03-03 07:46:18,438 - my_experiment - bat_ExpoComm_2M - my_run - INFO - Estimated time left: 1 hours, 48 minutes, 25 seconds. Time passed: 3 hours, 14 minutes, 28 seconds
2026-03-03 07:53:29,646 - my_experiment - bat_ExpoComm_2M - my_run - INFO - Recent Stats | t_env:    1350260 | Episode:     6758
blue_team_alives_mean:    16.8080	blue_team_win_mean:        0.0000	ep_length_mean:          200.0000	episode_length_mean:     199.0000
epsilon:                   0.0500	grad_norm:               2560025.2500	info_nce_loss:             0.0675	loss:                    17119.7668
q_loss:                  15563.4244	q_taken_mean:            195.6240	red_team_alives_mean:     20.0000	red_team_win_mean:         0.8960
return_mean:               0.3871	return_std:                0.9215	target_mean:             196.4174	td_error_abs:             92.5353
test_blue_team_alives_mean: 17.0000	test_blue_team_win_mean:   0.0000	test_ep_length_mean:     200.0000	test_episode_length_mean:199.0000
test_red_team_alives_mean: 20.0000	test_red_team_win_mean:    1.0000	test_return_mean:         -0.2804	test_return_std:           0.0000

2026-03-03 07:53:31,052 - my_experiment - bat_ExpoComm_2M - my_run - INFO - t_env: 1350460 / 2050000
2026-03-03 07:53:31,054 - my_experiment - bat_ExpoComm_2M - my_run - INFO - Estimated time left: 1 hours, 40 minutes, 52 seconds. Time passed: 3 hours, 21 minutes, 41 seconds
2026-03-03 08:00:40,768 - my_experiment - bat_ExpoComm_2M - my_run - INFO - Saving models to work_dirs/my_experiment/bat_ExpoComm_2M/my_run/20260303_043138/models/1400260
2026-03-03 08:00:40,801 - my_experiment - bat_ExpoComm_2M - my_run - INFO - Recent Stats | t_env:    1400260 | Episode:     7008
blue_team_alives_mean:    16.5680	blue_team_win_mean:        0.0000	ep_length_mean:          200.0000	episode_length_mean:     199.0000
epsilon:                   0.0500	grad_norm:               2966709.9000	info_nce_loss:             0.0701	loss:                    23089.7586
q_loss:                  20990.6898	q_taken_mean:            204.2427	red_team_alives_mean:     20.0000	red_team_win_mean:         0.8960
return_mean:               0.3660	return_std:                0.9924	target_mean:             203.9611	td_error_abs:            112.0602
test_blue_team_alives_mean: 17.4000	test_blue_team_win_mean:   0.0000	test_ep_length_mean:     200.0000	test_episode_length_mean:199.0000
test_red_team_alives_mean: 20.0000	test_red_team_win_mean:    0.8000	test_return_mean:         -0.2981	test_return_std:           0.0000

2026-03-03 08:00:42,227 - my_experiment - bat_ExpoComm_2M - my_run - INFO - t_env: 1400460 / 2050000
2026-03-03 08:00:42,229 - my_experiment - bat_ExpoComm_2M - my_run - INFO - Estimated time left: 1 hours, 33 minutes, 21 seconds. Time passed: 3 hours, 28 minutes, 52 seconds
2026-03-03 08:07:54,143 - my_experiment - bat_ExpoComm_2M - my_run - INFO - Recent Stats | t_env:    1450260 | Episode:     7258
blue_team_alives_mean:    17.5280	blue_team_win_mean:        0.0000	ep_length_mean:          200.0000	episode_length_mean:     199.0000
epsilon:                   0.0500	grad_norm:               2881158.9750	info_nce_loss:             0.0503	loss:                    25822.2434
q_loss:                  23474.7687	q_taken_mean:            214.0619	red_team_alives_mean:     20.0000	red_team_win_mean:         0.8880
return_mean:              -0.1028	return_std:                0.7846	target_mean:             212.0209	td_error_abs:            114.2817
test_blue_team_alives_mean: 19.0000	test_blue_team_win_mean:   0.0000	test_ep_length_mean:     200.0000	test_episode_length_mean:199.0000
test_red_team_alives_mean: 20.0000	test_red_team_win_mean:    0.8000	test_return_mean:         -0.9263	test_return_std:           0.0000

2026-03-03 08:07:55,583 - my_experiment - bat_ExpoComm_2M - my_run - INFO - t_env: 1450460 / 2050000
2026-03-03 08:07:55,584 - my_experiment - bat_ExpoComm_2M - my_run - INFO - Estimated time left: 1 hours, 26 minutes, 36 seconds. Time passed: 3 hours, 36 minutes, 5 seconds
2026-03-03 08:15:07,068 - my_experiment - bat_ExpoComm_2M - my_run - INFO - Recent Stats | t_env:    1500260 | Episode:     7508
blue_team_alives_mean:    18.4800	blue_team_win_mean:        0.0000	ep_length_mean:          200.0000	episode_length_mean:     199.0000
epsilon:                   0.0500	grad_norm:               2377133.1500	info_nce_loss:             0.1352	loss:                    21877.4020
q_loss:                  19888.5475	q_taken_mean:            220.3926	red_team_alives_mean:     20.0000	red_team_win_mean:         0.7080
return_mean:              -0.4655	return_std:                0.6375	target_mean:             221.5621	td_error_abs:            104.3110
test_blue_team_alives_mean: 19.2000	test_blue_team_win_mean:   0.0000	test_ep_length_mean:     200.0000	test_episode_length_mean:199.0000
test_red_team_alives_mean: 20.0000	test_red_team_win_mean:    0.6000	test_return_mean:         -1.0282	test_return_std:           0.0000

2026-03-03 08:15:08,480 - my_experiment - bat_ExpoComm_2M - my_run - INFO - t_env: 1500460 / 2050000
2026-03-03 08:15:08,481 - my_experiment - bat_ExpoComm_2M - my_run - INFO - Estimated time left: 1 hours, 19 minutes, 17 seconds. Time passed: 3 hours, 43 minutes, 18 seconds
2026-03-03 08:22:20,292 - my_experiment - bat_ExpoComm_2M - my_run - INFO - Recent Stats | t_env:    1550260 | Episode:     7758
blue_team_alives_mean:    19.0360	blue_team_win_mean:        0.0000	ep_length_mean:          200.0000	episode_length_mean:     199.0000
epsilon:                   0.0500	grad_norm:               2651985.9500	info_nce_loss:             0.0785	loss:                    21851.6094
q_loss:                  19865.0994	q_taken_mean:            216.0847	red_team_alives_mean:     20.0000	red_team_win_mean:         0.5280
return_mean:              -0.8765	return_std:                0.4566	target_mean:             215.7851	td_error_abs:            108.4299
test_blue_team_alives_mean: 19.2000	test_blue_team_win_mean:   0.0000	test_ep_length_mean:     200.0000	test_episode_length_mean:199.0000
test_red_team_alives_mean: 20.0000	test_red_team_win_mean:    0.6000	test_return_mean:         -1.0240	test_return_std:           0.0000

2026-03-03 08:22:21,741 - my_experiment - bat_ExpoComm_2M - my_run - INFO - t_env: 1550460 / 2050000
2026-03-03 08:22:21,742 - my_experiment - bat_ExpoComm_2M - my_run - INFO - Estimated time left: 1 hours, 12 minutes, 8 seconds. Time passed: 3 hours, 50 minutes, 32 seconds
2026-03-03 08:29:34,191 - my_experiment - bat_ExpoComm_2M - my_run - INFO - Saving models to work_dirs/my_experiment/bat_ExpoComm_2M/my_run/20260303_043138/models/1600260
2026-03-03 08:29:34,224 - my_experiment - bat_ExpoComm_2M - my_run - INFO - Recent Stats | t_env:    1600260 | Episode:     8008
blue_team_alives_mean:    19.1160	blue_team_win_mean:        0.0000	ep_length_mean:          200.0000	episode_length_mean:     199.0000
epsilon:                   0.0500	grad_norm:               1909692.3875	info_nce_loss:             0.0835	loss:                    20275.1232
q_loss:                  18431.9304	q_taken_mean:            220.2426	red_team_alives_mean:     20.0000	red_team_win_mean:         0.5760
return_mean:              -0.9391	return_std:                0.3824	target_mean:             218.6253	td_error_abs:            105.4073
test_blue_team_alives_mean: 19.4000	test_blue_team_win_mean:   0.0000	test_ep_length_mean:     200.0000	test_episode_length_mean:199.0000
test_red_team_alives_mean: 20.0000	test_red_team_win_mean:    0.4000	test_return_mean:         -1.1174	test_return_std:           0.0000

2026-03-03 08:29:35,632 - my_experiment - bat_ExpoComm_2M - my_run - INFO - t_env: 1600460 / 2050000
2026-03-03 08:29:35,633 - my_experiment - bat_ExpoComm_2M - my_run - INFO - Estimated time left: 1 hours, 5 minutes, 1 seconds. Time passed: 3 hours, 57 minutes, 46 seconds
2026-03-03 08:36:47,105 - my_experiment - bat_ExpoComm_2M - my_run - INFO - Recent Stats | t_env:    1650260 | Episode:     8258
blue_team_alives_mean:    19.0160	blue_team_win_mean:        0.0000	ep_length_mean:          200.0000	episode_length_mean:     199.0000
epsilon:                   0.0500	grad_norm:               1649510.8750	info_nce_loss:             0.1081	loss:                    13294.2441
q_loss:                  12085.6764	q_taken_mean:            215.2292	red_team_alives_mean:     20.0000	red_team_win_mean:         0.6080
return_mean:              -1.0665	return_std:                0.5317	target_mean:             214.8420	td_error_abs:             79.7358
test_blue_team_alives_mean: 19.4000	test_blue_team_win_mean:   0.0000	test_ep_length_mean:     200.0000	test_episode_length_mean:199.0000
test_red_team_alives_mean: 20.0000	test_red_team_win_mean:    0.4000	test_return_mean:         -1.1442	test_return_std:           0.0000

2026-03-03 08:36:48,529 - my_experiment - bat_ExpoComm_2M - my_run - INFO - t_env: 1650460 / 2050000
2026-03-03 08:36:48,530 - my_experiment - bat_ExpoComm_2M - my_run - INFO - Estimated time left: 57 minutes, 39 seconds. Time passed: 4 hours, 4 minutes, 58 seconds
2026-03-03 08:44:00,038 - my_experiment - bat_ExpoComm_2M - my_run - INFO - Recent Stats | t_env:    1700260 | Episode:     8508
blue_team_alives_mean:    18.8560	blue_team_win_mean:        0.0000	ep_length_mean:          200.0000	episode_length_mean:     199.0000
epsilon:                   0.0500	grad_norm:               2025664.4625	info_nce_loss:             0.0702	loss:                    14860.7299
q_loss:                  13509.7545	q_taken_mean:            215.0267	red_team_alives_mean:     20.0000	red_team_win_mean:         0.6520
return_mean:              -0.9915	return_std:                0.4565	target_mean:             213.8492	td_error_abs:             85.4319
test_blue_team_alives_mean: 19.4000	test_blue_team_win_mean:   0.0000	test_ep_length_mean:     200.0000	test_episode_length_mean:199.0000
test_red_team_alives_mean: 20.0000	test_red_team_win_mean:    0.4000	test_return_mean:         -1.1986	test_return_std:           0.0000

2026-03-03 08:44:01,465 - my_experiment - bat_ExpoComm_2M - my_run - INFO - t_env: 1700460 / 2050000
2026-03-03 08:44:01,467 - my_experiment - bat_ExpoComm_2M - my_run - INFO - Estimated time left: 50 minutes, 26 seconds. Time passed: 4 hours, 12 minutes, 11 seconds
2026-03-03 08:51:13,914 - my_experiment - bat_ExpoComm_2M - my_run - INFO - Recent Stats | t_env:    1750260 | Episode:     8758
blue_team_alives_mean:    18.4840	blue_team_win_mean:        0.0000	ep_length_mean:          200.0000	episode_length_mean:     199.0000
epsilon:                   0.0500	grad_norm:               1769664.2500	info_nce_loss:             0.0599	loss:                    13867.7893
q_loss:                  12607.0811	q_taken_mean:            213.3096	red_team_alives_mean:     20.0000	red_team_win_mean:         0.8080
return_mean:              -0.8956	return_std:                0.5013	target_mean:             212.3089	td_error_abs:             86.2529
test_blue_team_alives_mean: 19.2000	test_blue_team_win_mean:   0.0000	test_ep_length_mean:     200.0000	test_episode_length_mean:199.0000
test_red_team_alives_mean: 20.0000	test_red_team_win_mean:    0.6000	test_return_mean:         -1.1050	test_return_std:           0.0000

2026-03-03 08:51:15,332 - my_experiment - bat_ExpoComm_2M - my_run - INFO - t_env: 1750460 / 2050000
2026-03-03 08:51:15,333 - my_experiment - bat_ExpoComm_2M - my_run - INFO - Estimated time left: 43 minutes, 19 seconds. Time passed: 4 hours, 19 minutes, 25 seconds
2026-03-03 08:58:25,835 - my_experiment - bat_ExpoComm_2M - my_run - INFO - Saving models to work_dirs/my_experiment/bat_ExpoComm_2M/my_run/20260303_043138/models/1800260
2026-03-03 08:58:25,865 - my_experiment - bat_ExpoComm_2M - my_run - INFO - Recent Stats | t_env:    1800260 | Episode:     9008
blue_team_alives_mean:    18.3120	blue_team_win_mean:        0.0000	ep_length_mean:          200.0000	episode_length_mean:     199.0000
epsilon:                   0.0500	grad_norm:               1524050.0625	info_nce_loss:             0.0942	loss:                    12267.3605
q_loss:                  11152.1459	q_taken_mean:            213.8125	red_team_alives_mean:     20.0000	red_team_win_mean:         0.8280
return_mean:              -0.7310	return_std:                0.4793	target_mean:             214.4244	td_error_abs:             80.1122
test_blue_team_alives_mean: 19.0000	test_blue_team_win_mean:   0.0000	test_ep_length_mean:     200.0000	test_episode_length_mean:199.0000
test_red_team_alives_mean: 20.0000	test_red_team_win_mean:    0.6000	test_return_mean:         -1.0911	test_return_std:           0.0000

2026-03-03 08:58:27,297 - my_experiment - bat_ExpoComm_2M - my_run - INFO - t_env: 1800460 / 2050000
2026-03-03 08:58:27,299 - my_experiment - bat_ExpoComm_2M - my_run - INFO - Estimated time left: 35 minutes, 55 seconds. Time passed: 4 hours, 26 minutes, 37 seconds
2026-03-03 09:05:39,696 - my_experiment - bat_ExpoComm_2M - my_run - INFO - Recent Stats | t_env:    1850260 | Episode:     9258
blue_team_alives_mean:    17.6280	blue_team_win_mean:        0.0000	ep_length_mean:          200.0000	episode_length_mean:     199.0000
epsilon:                   0.0500	grad_norm:               1778402.7750	info_nce_loss:             0.0494	loss:                    17236.3189
q_loss:                  15669.3811	q_taken_mean:            210.5530	red_team_alives_mean:     20.0000	red_team_win_mean:         0.8760
return_mean:              -0.4874	return_std:                0.6729	target_mean:             211.1840	td_error_abs:            101.2910
test_blue_team_alives_mean: 18.4000	test_blue_team_win_mean:   0.0000	test_ep_length_mean:     200.0000	test_episode_length_mean:199.0000
test_red_team_alives_mean: 20.0000	test_red_team_win_mean:    0.8000	test_return_mean:         -0.9290	test_return_std:           0.0000

2026-03-03 09:05:41,126 - my_experiment - bat_ExpoComm_2M - my_run - INFO - t_env: 1850460 / 2050000
2026-03-03 09:05:41,128 - my_experiment - bat_ExpoComm_2M - my_run - INFO - Estimated time left: 28 minutes, 51 seconds. Time passed: 4 hours, 33 minutes, 51 seconds
2026-03-03 09:12:55,038 - my_experiment - bat_ExpoComm_2M - my_run - INFO - Recent Stats | t_env:    1900260 | Episode:     9508
blue_team_alives_mean:    17.3880	blue_team_win_mean:        0.0000	ep_length_mean:          200.0000	episode_length_mean:     199.0000
epsilon:                   0.0500	grad_norm:               877339.2250	info_nce_loss:             0.0741	loss:                    7685.4821
q_loss:                  6986.8021	q_taken_mean:            206.4377	red_team_alives_mean:     20.0000	red_team_win_mean:         0.9320
return_mean:              -0.3219	return_std:                0.5998	target_mean:             207.2230	td_error_abs:             63.9093
test_blue_team_alives_mean: 18.4000	test_blue_team_win_mean:   0.0000	test_ep_length_mean:     200.0000	test_episode_length_mean:199.0000
test_red_team_alives_mean: 20.0000	test_red_team_win_mean:    0.8000	test_return_mean:         -0.8652	test_return_std:           0.0000

2026-03-03 09:12:56,467 - my_experiment - bat_ExpoComm_2M - my_run - INFO - t_env: 1900460 / 2050000
2026-03-03 09:12:56,469 - my_experiment - bat_ExpoComm_2M - my_run - INFO - Estimated time left: 21 minutes, 42 seconds. Time passed: 4 hours, 41 minutes, 6 seconds
2026-03-03 09:20:07,681 - my_experiment - bat_ExpoComm_2M - my_run - INFO - Recent Stats | t_env:    1950260 | Episode:     9758
blue_team_alives_mean:    17.1440	blue_team_win_mean:        0.0000	ep_length_mean:          200.0000	episode_length_mean:     199.0000
epsilon:                   0.0500	grad_norm:               1251274.9937	info_nce_loss:             0.1104	loss:                    9666.2957
q_loss:                  8787.5413	q_taken_mean:            206.5077	red_team_alives_mean:     20.0000	red_team_win_mean:         0.9400
return_mean:              -0.1912	return_std:                0.6427	target_mean:             205.2347	td_error_abs:             69.9161
test_blue_team_alives_mean: 18.6000	test_blue_team_win_mean:   0.0000	test_ep_length_mean:     200.0000	test_episode_length_mean:199.0000
test_red_team_alives_mean: 20.0000	test_red_team_win_mean:    0.6000	test_return_mean:         -0.9282	test_return_std:           0.0000

2026-03-03 09:20:09,098 - my_experiment - bat_ExpoComm_2M - my_run - INFO - t_env: 1950460 / 2050000
2026-03-03 09:20:09,099 - my_experiment - bat_ExpoComm_2M - my_run - INFO - Estimated time left: 14 minutes, 21 seconds. Time passed: 4 hours, 48 minutes, 19 seconds
2026-03-03 09:27:19,953 - my_experiment - bat_ExpoComm_2M - my_run - INFO - Saving models to work_dirs/my_experiment/bat_ExpoComm_2M/my_run/20260303_043138/models/2000260
2026-03-03 09:27:19,992 - my_experiment - bat_ExpoComm_2M - my_run - INFO - Recent Stats | t_env:    2000260 | Episode:    10008
blue_team_alives_mean:    15.8840	blue_team_win_mean:        0.0000	ep_length_mean:          200.0000	episode_length_mean:     199.0000
epsilon:                   0.0500	grad_norm:               2060602.5750	info_nce_loss:             0.1066	loss:                    21976.1934
q_loss:                  19978.3579	q_taken_mean:            203.2830	red_team_alives_mean:     20.0000	red_team_win_mean:         0.9760
return_mean:               0.3329	return_std:                0.9760	target_mean:             206.2213	td_error_abs:            112.2572
test_blue_team_alives_mean: 17.8000	test_blue_team_win_mean:   0.0000	test_ep_length_mean:     200.0000	test_episode_length_mean:199.0000
test_red_team_alives_mean: 20.0000	test_red_team_win_mean:    0.6000	test_return_mean:         -0.5513	test_return_std:           0.0000

2026-03-03 09:27:21,432 - my_experiment - bat_ExpoComm_2M - my_run - INFO - t_env: 2000460 / 2050000
2026-03-03 09:27:21,433 - my_experiment - bat_ExpoComm_2M - my_run - INFO - Estimated time left: 7 minutes, 8 seconds. Time passed: 4 hours, 55 minutes, 31 seconds
2026-03-03 09:34:31,629 - my_experiment - bat_ExpoComm_2M - my_run - INFO - Finished Training
