JOB ID: 1786883
Running on node: tikgpu04
Project Directory: /usr/itetnas04/data-scratch-01/pparsons/data/MyExpoComm
--------------------------------
Algorithm:   iql
Environment: MAgent_Battle
Profile:     bat_IQL_RNN_2M
--------------------------------
Conda activated: /usr/itetnas04/data-scratch-01/pparsons/data/conda_envs/ExpoComm
Starting Run...
Exiting Main
Stopping all threads
Thread wandb-AsyncioManager-main is alive! Is daemon: True
Thread joined
Thread ChkStopThr is alive! Is daemon: True
Thread joined
Thread IntMsgThr is alive! Is daemon: True
Thread joined
Exiting script
[1;34mwandb[0m: 
[1;34mwandb[0m: 🚀 View run [33mmy_run-bat_IQL_RNN_2M-20260303_034617[0m at: [34mhttps://wandb.ai/peterparsons02-eth-z-rich/my_experiment/runs/d5phuvhp[0m
[1;34mwandb[0m: Find logs at: [1;35mwandb/run-20260303_034618-d5phuvhp/logs[0m
Finished at: Tue Mar  3 07:11:53 CET 2026
