JOB ID: 1786879
Running on node: tikgpu05
Project Directory: /usr/itetnas04/data-scratch-01/pparsons/data/MyExpoComm
--------------------------------
Algorithm:   iql
Environment: MAgent_Battle
Profile:     bat_Big_IQL_RNN_5M
--------------------------------
Conda activated: /usr/itetnas04/data-scratch-01/pparsons/data/conda_envs/ExpoComm
Starting Run...
Exiting Main
Stopping all threads
Thread wandb-AsyncioManager-main is alive! Is daemon: True
Thread joined
Thread ChkStopThr is alive! Is daemon: True
Thread joined
Thread IntMsgThr is alive! Is daemon: True
Thread joined
Exiting script
[1;34mwandb[0m: 
[1;34mwandb[0m: 🚀 View run [33mmy_run-bat_Big_IQL_RNN_5M-20260302_180903[0m at: [34mhttps://wandb.ai/peterparsons02-eth-z-rich/my_experiment/runs/qg0isd1g[0m
[1;34mwandb[0m: Find logs at: [1;35mwandb/run-20260302_180904-qg0isd1g/logs[0m
Finished at: Tue Mar  3 03:46:03 CET 2026
