Gym has been unmaintained since 2022 and does not support NumPy 2.0 amongst other critical functionality.
Please upgrade to Gymnasium, the maintained drop-in replacement of Gym, or contact the authors of your software and request that they upgrade.
Users of this version of Gym should be able to simply replace 'import gym' with 'import gymnasium as gym' in the vast majority of cases.
See the migration guide at https://gymnasium.farama.org/introduction/migration_guide/ for additional information.
src/main.py:81: DeprecationWarning: Using or importing the ABCs from 'collections' instead of from 'collections.abc' is deprecated since Python 3.3, and in 3.10 it will stop working
  if isinstance(v, collections.Mapping):
wandb: [wandb.login()] Loaded credentials for https://api.wandb.ai from /home/pparsons/.netrc.
wandb: Currently logged in as: peterparsons02 (peterparsons02-eth-z-rich) to https://api.wandb.ai. Use `wandb login --relogin` to force relogin
wandb: setting up run ack1ywi0
wandb: Tracking run with wandb version 0.24.1
wandb: Run data is saved locally in /usr/itetnas04/data-scratch-01/pparsons/data/MyExpoComm/wandb/run-20260302_180310-ack1ywi0
wandb: Run `wandb offline` to turn off syncing.
wandb: Syncing run my_run-bat_Big_HybridComm_5M-20260302_180310
wandb: ⭐️ View project at https://wandb.ai/peterparsons02-eth-z-rich/my_experiment
wandb: 🚀 View run at https://wandb.ai/peterparsons02-eth-z-rich/my_experiment/runs/ack1ywi0
2026-03-02 18:03:12,593 - my_experiment - bat_Big_HybridComm_5M - my_run - INFO - Current directory: /usr/itetnas04/data-scratch-01/pparsons/data/MyExpoComm.
2026-03-02 18:03:12,594 - my_experiment - bat_Big_HybridComm_5M - my_run - INFO - Experiment Parameters:
2026-03-02 18:03:12,596 - my_experiment - bat_Big_HybridComm_5M - my_run - INFO - 

{   'action_selector': 'epsilon_greedy',
    'add_value_last_step': True,
    'agent': 'ExpoComm_one_peer_cont',
    'agent_output_type': 'q',
    'attention_dim': 32,
    'aux_coef': 0.1,
    'batch_size': 16,
    'batch_size_run': 1,
    'buffer_cpu_only': True,
    'buffer_size': 1000,
    'checkpoint_path': 'work_dirs/my_experiment/bat_Big_HybridComm_5M/my_run/20260223_170555/models',
    'double_q': True,
    'env': 'MAgent_Battle',
    'env_args': {   'global_reward': True,
                    'map_name': 'battle_view7',
                    'map_size': 70,
                    'max_cycles': 200,
                    'minimap_mode': False,
                    'pretrained_ckpt': None,
                    'seed': 42},
    'epsilon_anneal_time': 1000000,
    'epsilon_finish': 0.05,
    'epsilon_start': 1.0,
    'evaluate': False,
    'evaluation_epsilon': 0.0,
    'exp_name': 'my_experiment',
    'gamma': 0.99,
    'global_reward': True,
    'grad_norm_clip': 10,
    'hidden_dim': 64,
    'hypergroup': None,
    'label': 'default_label',
    'learner': 'hybrid_comm_learner',
    'learner_log_interval': 10000,
    'load_step': 0,
    'local_results_path': 'results',
    'log_interval': 50000,
    'lr': 0.0005,
    'mac': 'ExpoComm_mac',
    'mixer': None,
    'name': 'bat_Big_HybridComm_5M',
    'neg_num': 20,
    'obs_agent_id': True,
    'obs_individual_obs': False,
    'obs_last_action': True,
    'one_peer': True,
    'optim_alpha': 0.99,
    'optim_eps': 1e-05,
    'render': False,
    'repeat_id': 1,
    'run_name': 'my_run',
    'runner': 'episode',
    'runner_log_interval': 10000,
    'save_model': True,
    'save_model_interval': 500000,
    'save_replay': False,
    'seed': 42,
    'standardise_returns': False,
    'standardise_rewards': True,
    't_max': 5050000,
    'target_update_interval_or_tau': 200,
    'temperature': 0.07,
    'test_greedy': True,
    'test_interval': 50000,
    'test_nepisode': 32,
    'topk_neighbors': 7,
    'use_cuda': True,
    'use_rnn': True,
    'use_tensorboard': True,
    'work_dir': 'work_dirs/my_experiment/bat_Big_HybridComm_5M/my_run/20260302_180310'}

/usr/itetnas04/data-scratch-01/pparsons/data/conda_envs/ExpoComm/lib/python3.8/site-packages/pettingzoo/utils/conversions.py:41: UserWarning: The `from_parallel` function is deprecated. Use the `parallel_to_aec` function instead.
  warnings.warn("The `from_parallel` function is deprecated. Use the `parallel_to_aec` function instead.")
/usr/itetnas04/data-scratch-01/pparsons/data/conda_envs/ExpoComm/lib/python3.8/site-packages/pettingzoo/utils/wrappers/base.py:44: UserWarning: The `observation_spaces` dictionary is deprecated. Use the `observation_space` function instead.
  warnings.warn("The `observation_spaces` dictionary is deprecated. Use the `observation_space` function instead.")
/usr/itetnas04/data-scratch-01/pparsons/data/conda_envs/ExpoComm/lib/python3.8/site-packages/pettingzoo/utils/conversions.py:36: UserWarning: The `to_parallel` function is deprecated. Use the `aec_to_parallel` function instead.
  warnings.warn("The `to_parallel` function is deprecated. Use the `aec_to_parallel` function instead.")
/usr/itetnas04/data-scratch-01/pparsons/data/conda_envs/ExpoComm/lib/python3.8/site-packages/pettingzoo/utils/conversions.py:80: UserWarning: The `action_spaces` dictionary is deprecated. Use the `action_space` function instead.
  warnings.warn("The `action_spaces` dictionary is deprecated. Use the `action_space` function instead.")
/usr/itetnas04/data-scratch-01/pparsons/data/conda_envs/ExpoComm/lib/python3.8/site-packages/pettingzoo/utils/wrappers/base.py:52: UserWarning: The `action_spaces` dictionary is deprecated. Use the `action_space` function instead.
  warnings.warn("The `action_spaces` dictionary is deprecated. Use the `action_space` function instead.")
/usr/itetnas04/data-scratch-01/pparsons/data/conda_envs/ExpoComm/lib/python3.8/site-packages/pettingzoo/utils/conversions.py:72: UserWarning: The `observation_spaces` dictionary is deprecated. Use the `observation_space` function instead.
  warnings.warn("The `observation_spaces` dictionary is deprecated. Use the `observation_space` function instead.")
2026-03-02 18:03:27,922 - my_experiment - bat_Big_HybridComm_5M - my_run - INFO - Loading model from work_dirs/my_experiment/bat_Big_HybridComm_5M/my_run/20260223_170555/models/4500489
2026-03-02 18:03:28,071 - my_experiment - bat_Big_HybridComm_5M - my_run - INFO - Beginning training for 5050000 timesteps
/usr/itetnas04/data-scratch-01/pparsons/data/MyExpoComm/src/envs/battle_wrappers.py:258: UserWarning: To copy construct from a tensor, it is recommended to use sourceTensor.clone().detach() or sourceTensor.clone().detach().requires_grad_(True), rather than torch.tensor(sourceTensor).
  actions = torch.tensor(actions, dtype=torch.long)
2026-03-02 18:03:34,923 - my_experiment - bat_Big_HybridComm_5M - my_run - INFO - t_env: 4500689 / 5050000
2026-03-02 18:03:34,924 - my_experiment - bat_Big_HybridComm_5M - my_run - INFO - Estimated time left: 0 seconds. Time passed: 6 seconds
2026-03-02 18:06:07,674 - my_experiment - bat_Big_HybridComm_5M - my_run - INFO - Saving models to work_dirs/my_experiment/bat_Big_HybridComm_5M/my_run/20260302_180310/models/4500689
2026-03-02 18:06:07,707 - my_experiment - bat_Big_HybridComm_5M - my_run - INFO - Recent Stats | t_env:    4500689 | Episode:        1
blue_team_alives_mean:    18.0000	blue_team_win_mean:        0.0000	ep_length_mean:          200.0000	episode_length_mean:     199.0000
epsilon:                   0.0500	red_team_alives_mean:    196.0000	red_team_win_mean:         1.0000	return_mean:               5.5851
return_std:                0.0000	test_blue_team_alives_mean: 11.0000	test_blue_team_win_mean:   0.0000	test_ep_length_mean:     200.0000
test_episode_length_mean:199.0000	test_red_team_alives_mean:196.0000	test_red_team_win_mean:    1.0000	test_return_mean:          5.7307
test_return_std:           0.0000	
2026-03-02 18:30:33,154 - my_experiment - bat_Big_HybridComm_5M - my_run - INFO - t_env: 4550689 / 5050000
2026-03-02 18:30:33,158 - my_experiment - bat_Big_HybridComm_5M - my_run - INFO - Estimated time left: 4 hours, 29 minutes, 20 seconds. Time passed: 27 minutes, 5 seconds
2026-03-02 18:33:36,501 - my_experiment - bat_Big_HybridComm_5M - my_run - INFO - Recent Stats | t_env:    4550689 | Episode:      251
blue_team_alives_mean:    13.5400	blue_team_win_mean:        0.0000	ep_length_mean:          200.0000	episode_length_mean:     199.0000
epsilon:                   0.0500	grad_norm:               112.7309	info_nce_loss:             0.0120	loss:                      3.9898
q_loss:                    3.6271	red_team_alives_mean:    196.0000	red_team_win_mean:         1.0000	return_mean:               5.5651
return_std:                0.3951	test_blue_team_alives_mean: 17.5000	test_blue_team_win_mean:   0.0000	test_ep_length_mean:     200.0000
test_episode_length_mean:199.0000	test_red_team_alives_mean:196.0000	test_red_team_win_mean:    1.0000	test_return_mean:          5.5070
test_return_std:           0.0000	
2026-03-02 18:58:36,560 - my_experiment - bat_Big_HybridComm_5M - my_run - INFO - t_env: 4600860 / 5050000
2026-03-02 18:58:36,561 - my_experiment - bat_Big_HybridComm_5M - my_run - INFO - Estimated time left: 4 hours, 11 minutes, 10 seconds. Time passed: 55 minutes, 8 seconds
2026-03-02 19:01:11,491 - my_experiment - bat_Big_HybridComm_5M - my_run - INFO - Recent Stats | t_env:    4600860 | Episode:      502
blue_team_alives_mean:    12.0540	blue_team_win_mean:        0.0000	ep_length_mean:          199.8863	episode_length_mean:     198.8863
epsilon:                   0.0500	grad_norm:                91.7611	info_nce_loss:             0.0082	loss:                      2.2401
q_loss:                    2.0364	red_team_alives_mean:    196.0000	red_team_win_mean:         1.0000	return_mean:               5.6696
return_std:                0.2858	test_blue_team_alives_mean: 14.3333	test_blue_team_win_mean:   0.0000	test_ep_length_mean:     200.0000
test_episode_length_mean:199.0000	test_red_team_alives_mean:196.0000	test_red_team_win_mean:    1.0000	test_return_mean:          5.6437
test_return_std:           0.0000	
2026-03-02 19:26:04,831 - my_experiment - bat_Big_HybridComm_5M - my_run - INFO - t_env: 4650860 / 5050000
2026-03-02 19:26:04,832 - my_experiment - bat_Big_HybridComm_5M - my_run - INFO - Estimated time left: 3 hours, 39 minutes, 17 seconds. Time passed: 1 hours, 22 minutes, 36 seconds
2026-03-02 19:28:43,329 - my_experiment - bat_Big_HybridComm_5M - my_run - INFO - Recent Stats | t_env:    4650860 | Episode:      752
blue_team_alives_mean:    11.7480	blue_team_win_mean:        0.0000	ep_length_mean:          200.0000	episode_length_mean:     199.0000
epsilon:                   0.0500	grad_norm:                96.4821	info_nce_loss:             0.0490	loss:                      1.7153
q_loss:                    1.5594	red_team_alives_mean:    196.0000	red_team_win_mean:         1.0000	return_mean:               5.8121
return_std:                0.1454	test_blue_team_alives_mean: 15.2500	test_blue_team_win_mean:   0.0000	test_ep_length_mean:     200.0000
test_episode_length_mean:199.0000	test_red_team_alives_mean:196.0000	test_red_team_win_mean:    1.0000	test_return_mean:          5.6067
test_return_std:           0.0000	
2026-03-02 19:53:36,197 - my_experiment - bat_Big_HybridComm_5M - my_run - INFO - t_env: 4700860 / 5050000
2026-03-02 19:53:36,198 - my_experiment - bat_Big_HybridComm_5M - my_run - INFO - Estimated time left: 3 hours, 12 minutes, 11 seconds. Time passed: 1 hours, 50 minutes, 8 seconds
2026-03-02 19:56:16,480 - my_experiment - bat_Big_HybridComm_5M - my_run - INFO - Recent Stats | t_env:    4700860 | Episode:     1002
blue_team_alives_mean:    10.4240	blue_team_win_mean:        0.0000	ep_length_mean:          200.0000	episode_length_mean:     199.0000
epsilon:                   0.0500	grad_norm:                75.5182	info_nce_loss:             0.0423	loss:                      1.8054
q_loss:                    1.6413	red_team_alives_mean:    196.0000	red_team_win_mean:         1.0000	return_mean:               5.8140
return_std:                0.1580	test_blue_team_alives_mean: 14.8000	test_blue_team_win_mean:   0.0000	test_ep_length_mean:     200.0000
test_episode_length_mean:199.0000	test_red_team_alives_mean:196.0000	test_red_team_win_mean:    1.0000	test_return_mean:          5.6439
test_return_std:           0.0000	
2026-03-02 20:21:30,438 - my_experiment - bat_Big_HybridComm_5M - my_run - INFO - t_env: 4750860 / 5050000
2026-03-02 20:21:30,439 - my_experiment - bat_Big_HybridComm_5M - my_run - INFO - Estimated time left: 2 hours, 46 minutes, 56 seconds. Time passed: 2 hours, 18 minutes, 2 seconds
2026-03-02 20:24:24,493 - my_experiment - bat_Big_HybridComm_5M - my_run - INFO - Recent Stats | t_env:    4750860 | Episode:     1252
blue_team_alives_mean:    17.8320	blue_team_win_mean:        0.0000	ep_length_mean:          200.0000	episode_length_mean:     199.0000
epsilon:                   0.0500	grad_norm:               289.5674	info_nce_loss:             0.0326	loss:                      3.8687
q_loss:                    3.5170	red_team_alives_mean:    196.0000	red_team_win_mean:         1.0000	return_mean:               5.6769
return_std:                0.5143	test_blue_team_alives_mean: 18.6000	test_blue_team_win_mean:   0.0000	test_ep_length_mean:     200.0000
test_episode_length_mean:199.0000	test_red_team_alives_mean:196.0000	test_red_team_win_mean:    1.0000	test_return_mean:          5.5979
test_return_std:           0.0000	
2026-03-02 20:49:30,482 - my_experiment - bat_Big_HybridComm_5M - my_run - INFO - t_env: 4801025 / 5050000
2026-03-02 20:49:30,483 - my_experiment - bat_Big_HybridComm_5M - my_run - INFO - Estimated time left: 2 hours, 18 minutes, 58 seconds. Time passed: 2 hours, 46 minutes, 2 seconds
2026-03-02 20:52:06,366 - my_experiment - bat_Big_HybridComm_5M - my_run - INFO - Recent Stats | t_env:    4801025 | Episode:     1503
blue_team_alives_mean:    11.9164	blue_team_win_mean:        0.0000	ep_length_mean:          199.8627	episode_length_mean:     198.8627
epsilon:                   0.0500	grad_norm:               247.2429	info_nce_loss:             0.0518	loss:                      2.7416
q_loss:                    2.4924	red_team_alives_mean:    196.0000	red_team_win_mean:         1.0000	return_mean:               5.8184
return_std:                0.2468	test_blue_team_alives_mean: 16.2000	test_blue_team_win_mean:   0.0000	test_ep_length_mean:     200.0000
test_episode_length_mean:199.0000	test_red_team_alives_mean:196.0000	test_red_team_win_mean:    1.0000	test_return_mean:          5.7348
test_return_std:           0.0000	
2026-03-02 21:17:03,798 - my_experiment - bat_Big_HybridComm_5M - my_run - INFO - t_env: 4851025 / 5050000
2026-03-02 21:17:03,799 - my_experiment - bat_Big_HybridComm_5M - my_run - INFO - Estimated time left: 1 hours, 49 minutes, 39 seconds. Time passed: 3 hours, 13 minutes, 35 seconds
2026-03-02 21:19:41,475 - my_experiment - bat_Big_HybridComm_5M - my_run - INFO - Recent Stats | t_env:    4851025 | Episode:     1753
blue_team_alives_mean:    15.5520	blue_team_win_mean:        0.0000	ep_length_mean:          200.0000	episode_length_mean:     199.0000
epsilon:                   0.0500	grad_norm:               249.9992	info_nce_loss:             0.0452	loss:                      3.1780
q_loss:                    2.8891	red_team_alives_mean:    196.0000	red_team_win_mean:         1.0000	return_mean:               5.6726
return_std:                0.3653	test_blue_team_alives_mean: 15.4000	test_blue_team_win_mean:   0.0000	test_ep_length_mean:     200.0000
test_episode_length_mean:199.0000	test_red_team_alives_mean:196.0000	test_red_team_win_mean:    1.0000	test_return_mean:          5.7787
test_return_std:           0.0000	
2026-03-02 21:44:48,374 - my_experiment - bat_Big_HybridComm_5M - my_run - INFO - t_env: 4901025 / 5050000
2026-03-02 21:44:48,376 - my_experiment - bat_Big_HybridComm_5M - my_run - INFO - Estimated time left: 1 hours, 22 minutes, 39 seconds. Time passed: 3 hours, 41 minutes, 20 seconds
2026-03-02 21:47:33,090 - my_experiment - bat_Big_HybridComm_5M - my_run - INFO - Recent Stats | t_env:    4901025 | Episode:     2003
blue_team_alives_mean:    15.3360	blue_team_win_mean:        0.0000	ep_length_mean:          200.0000	episode_length_mean:     199.0000
epsilon:                   0.0500	grad_norm:               189.9826	info_nce_loss:             0.0603	loss:                      2.7232
q_loss:                    2.4756	red_team_alives_mean:    196.0000	red_team_win_mean:         1.0000	return_mean:               5.8353
return_std:                0.2147	test_blue_team_alives_mean: 16.2000	test_blue_team_win_mean:   0.0000	test_ep_length_mean:     200.0000
test_episode_length_mean:199.0000	test_red_team_alives_mean:196.0000	test_red_team_win_mean:    1.0000	test_return_mean:          5.8167
test_return_std:           0.0000	
2026-03-02 22:13:33,952 - my_experiment - bat_Big_HybridComm_5M - my_run - INFO - t_env: 4951025 / 5050000
2026-03-02 22:13:33,953 - my_experiment - bat_Big_HybridComm_5M - my_run - INFO - Estimated time left: 56 minutes, 55 seconds. Time passed: 4 hours, 10 minutes, 5 seconds
2026-03-02 22:16:16,152 - my_experiment - bat_Big_HybridComm_5M - my_run - INFO - Recent Stats | t_env:    4951025 | Episode:     2253
blue_team_alives_mean:    26.7400	blue_team_win_mean:        0.0000	ep_length_mean:          200.0000	episode_length_mean:     199.0000
epsilon:                   0.0500	grad_norm:               374.9949	info_nce_loss:             0.0962	loss:                      4.5911
q_loss:                    4.1737	red_team_alives_mean:    196.0000	red_team_win_mean:         1.0000	return_mean:               5.3472
return_std:                0.8160	test_blue_team_alives_mean: 21.6000	test_blue_team_win_mean:   0.0000	test_ep_length_mean:     200.0000
test_episode_length_mean:199.0000	test_red_team_alives_mean:196.0000	test_red_team_win_mean:    1.0000	test_return_mean:          5.5766
test_return_std:           0.0000	
2026-03-02 22:41:50,767 - my_experiment - bat_Big_HybridComm_5M - my_run - INFO - Saving models to work_dirs/my_experiment/bat_Big_HybridComm_5M/my_run/20260302_180310/models/5000825
2026-03-02 22:41:56,918 - my_experiment - bat_Big_HybridComm_5M - my_run - INFO - t_env: 5001025 / 5050000
2026-03-02 22:41:56,919 - my_experiment - bat_Big_HybridComm_5M - my_run - INFO - Estimated time left: 27 minutes, 48 seconds. Time passed: 4 hours, 38 minutes, 28 seconds
2026-03-02 22:44:38,370 - my_experiment - bat_Big_HybridComm_5M - my_run - INFO - Recent Stats | t_env:    5001025 | Episode:     2503
blue_team_alives_mean:    25.3640	blue_team_win_mean:        0.0000	ep_length_mean:          200.0000	episode_length_mean:     199.0000
epsilon:                   0.0500	grad_norm:               169.0016	info_nce_loss:             0.1065	loss:                      2.7522
q_loss:                    2.5020	red_team_alives_mean:    196.0000	red_team_win_mean:         1.0000	return_mean:               5.2737
return_std:                0.4485	test_blue_team_alives_mean: 18.6000	test_blue_team_win_mean:   0.0000	test_ep_length_mean:     200.0000
test_episode_length_mean:199.0000	test_red_team_alives_mean:196.0000	test_red_team_win_mean:    1.0000	test_return_mean:          5.6273
test_return_std:           0.0000	
2026-03-02 23:09:36,021 - my_experiment - bat_Big_HybridComm_5M - my_run - INFO - Finished Training
