JOB ID: 1786877
Running on node: tikgpu05
Project Directory: /usr/itetnas04/data-scratch-01/pparsons/data/MyExpoComm
--------------------------------
Algorithm:   HybridComm
Environment: MAgent_Battle
Profile:     bat_Big_HybridComm_5M
--------------------------------
Conda activated: /usr/itetnas04/data-scratch-01/pparsons/data/conda_envs/ExpoComm
Starting Run...
Exiting Main
Stopping all threads
Thread wandb-AsyncioManager-main is alive! Is daemon: True
Thread joined
Thread ChkStopThr is alive! Is daemon: True
Thread joined
Thread IntMsgThr is alive! Is daemon: True
Thread joined
Exiting script
[1;34mwandb[0m: 
[1;34mwandb[0m: 🚀 View run [33mmy_run-bat_Big_HybridComm_5M-20260302_180310[0m at: [34mhttps://wandb.ai/peterparsons02-eth-z-rich/my_experiment/runs/ack1ywi0[0m
[1;34mwandb[0m: Find logs at: [1;35mwandb/run-20260302_180310-ack1ywi0/logs[0m
Finished at: Mon Mar  2 23:09:42 CET 2026
