#Gym has been unmaintained since 2022 and does not support NumPy 2.0 amongst other critical functionality.
Please upgrade to Gymnasium, the maintained drop-in replacement of Gym, or contact the authors of your software and request that they upgrade.
Users of this version of Gym should be able to simply replace 'import gym' with 'import gymnasium as gym' in the vast majority of cases.
See the migration guide at https://gymnasium.farama.org/introduction/migration_guide/ for additional information.
src/main.py:81: DeprecationWarning: Using or importing the ABCs from 'collections' instead of from 'collections.abc' is deprecated since Python 3.3, and in 3.10 it will stop working
  if isinstance(v, collections.Mapping):
wandb: [wandb.login()] Loaded credentials for https://api.wandb.ai from /home/pparsons/.netrc.
wandb: Currently logged in as: peterparsons02 (peterparsons02-eth-z-rich) to https://api.wandb.ai. Use `wandb login --relogin` to force relogin
wandb: setting up run kkhx43vh
wandb: Tracking run with wandb version 0.24.1
wandb: Run data is saved locally in /usr/itetnas04/data-scratch-01/pparsons/data/MyExpoComm/wandb/run-20260218_113104-kkhx43vh
wandb: Run `wandb offline` to turn off syncing.
wandb: Syncing run my_run-IMPc100_HybridComm_100k_anneal-20260218_113102
wandb: ⭐️ View project at https://wandb.ai/peterparsons02-eth-z-rich/my_experiment
wandb: 🚀 View run at https://wandb.ai/peterparsons02-eth-z-rich/my_experiment/runs/kkhx43vh
2026-02-18 11:31:12,957 - my_experiment - IMPc100_HybridComm_100k_anneal - my_run - INFO - Current directory: /usr/itetnas04/data-scratch-01/pparsons/data/MyExpoComm.
2026-02-18 11:31:12,958 - my_experiment - IMPc100_HybridComm_100k_anneal - my_run - INFO - Experiment Parameters:
2026-02-18 11:31:12,961 - my_experiment - IMPc100_HybridComm_100k_anneal - my_run - INFO - 

{   'action_selector': 'epsilon_greedy',
    'add_value_last_step': True,
    'agent': 'ExpoComm_one_peer_cont',
    'agent_output_type': 'q',
    'attention_dim': 32,
    'aux_coef': 0.1,
    'batch_size': 64,
    'batch_size_run': 1,
    'buffer_cpu_only': True,
    'buffer_size': 2000,
    'checkpoint_path': '',
    'common_reward': True,
    'double_q': True,
    'env': 'struct_marl',
    'env_args': {   'campaign_cost': True,
                    'custom_param': {   'k_comp': 95},
                    'discount_reward': 0.95,
                    'env_correlation': True,
                    'map_name': 'struct_c_100',
                    'n_comp': 100,
                    'obs_all_d_rate': False,
                    'obs_alphas': True,
                    'obs_d_rate': False,
                    'obs_multiple': False,
                    'seed': 42,
                    'state_alphas': True,
                    'state_d_rate': True,
                    'state_obs': True,
                    'struct_type': 'struct'},
    'epsilon_anneal_time': 100000,
    'epsilon_finish': 0.05,
    'epsilon_start': 1.0,
    'evaluate': False,
    'evaluation_epsilon': 0.0,
    'exp_name': 'my_experiment',
    'gamma': 0.95,
    'global_reward': False,
    'grad_norm_clip': 10,
    'hidden_dim': 64,
    'hypergroup': None,
    'label': 'default_label',
    'learner': 'hybrid_comm_learner',
    'learner_log_interval': 25000,
    'load_step': 0,
    'local_results_path': 'results',
    'log_interval': 25000,
    'lr': 0.0005,
    'mac': 'ExpoComm_mac',
    'mixer': None,
    'name': 'IMPc100_HybridComm_100k_anneal',
    'neg_num': 20,
    'obs_agent_id': True,
    'obs_individual_obs': False,
    'obs_last_action': True,
    'one_peer': True,
    'optim_alpha': 0.99,
    'optim_eps': 1e-05,
    'render': False,
    'repeat_id': 1,
    'run_name': 'my_run',
    'runner': 'episode',
    'runner_log_interval': 25000,
    'save_model': True,
    'save_model_interval': 50000,
    'save_replay': False,
    'seed': 42,
    'standardise_returns': False,
    'standardise_rewards': True,
    't_max': 2050000,
    'target_update_interval_or_tau': 200,
    'temperature': 0.07,
    'test_greedy': True,
    'test_interval': 25000,
    'test_nepisode': 50,
    'topk_neighbors': 7,
    'use_cuda': True,
    'use_rnn': True,
    'use_tensorboard': True,
    'work_dir': 'work_dirs/my_experiment/IMPc100_HybridComm_100k_anneal/my_run/20260218_113102'}

2026-02-18 11:32:04,673 - my_experiment - IMPc100_HybridComm_100k_anneal - my_run - INFO - Beginning training for 2050000 timesteps
2026-02-18 11:32:39,103 - my_experiment - IMPc100_HybridComm_100k_anneal - my_run - INFO - t_env: 30 / 2050000
2026-02-18 11:32:39,104 - my_experiment - IMPc100_HybridComm_100k_anneal - my_run - INFO - Estimated time left: 46 minutes, 59 seconds. Time passed: 34 seconds
2026-02-18 11:33:01,103 - my_experiment - IMPc100_HybridComm_100k_anneal - my_run - INFO - Saving models to work_dirs/my_experiment/IMPc100_HybridComm_100k_anneal/my_run/20260218_113102/models/30
2026-02-18 11:39:37,514 - my_experiment - IMPc100_HybridComm_100k_anneal - my_run - INFO - Recent Stats | t_env:      25020 | Episode:      834
action_0_mean:             0.3450	action_1_mean:             0.3307	action_2_mean:             0.3243	ep_length_mean:           30.0000
epsilon:                   1.0000	grad_norm:                 0.1667	info_nce_loss:             2.9567	loss:                      1.0955
q_loss:                    0.9959	return_mean:             -10338.1938	return_std:                0.0000	test_action_0_mean:        0.0519
test_action_1_mean:        0.9481	test_action_2_mean:        0.0000	test_ep_length_mean:      30.0000	test_return_mean:        -777.4660
test_return_std:         837.5896	
2026-02-18 11:39:38,013 - my_experiment - IMPc100_HybridComm_100k_anneal - my_run - INFO - t_env: 25050 / 2050000
2026-02-18 11:39:38,014 - my_experiment - IMPc100_HybridComm_100k_anneal - my_run - INFO - Estimated time left: 9 hours, 25 minutes, 3 seconds. Time passed: 7 minutes, 33 seconds
2026-02-18 11:46:35,369 - my_experiment - IMPc100_HybridComm_100k_anneal - my_run - INFO - Saving models to work_dirs/my_experiment/IMPc100_HybridComm_100k_anneal/my_run/20260218_113102/models/50040
2026-02-18 11:46:35,392 - my_experiment - IMPc100_HybridComm_100k_anneal - my_run - INFO - Recent Stats | t_env:      50040 | Episode:     1668
action_0_mean:             0.3539	action_1_mean:             0.3354	action_2_mean:             0.3106	ep_length_mean:           30.0000
epsilon:                   0.7623	grad_norm:                 0.9846	info_nce_loss:             1.6177	loss:                      0.7893
q_loss:                    0.7175	return_mean:             -9906.0328	return_std:              404.9506	test_action_0_mean:        0.2682
test_action_1_mean:        0.7318	test_action_2_mean:        0.0000	test_ep_length_mean:      30.0000	test_return_mean:        -788.6118
test_return_std:         902.2997	
2026-02-18 11:46:35,884 - my_experiment - IMPc100_HybridComm_100k_anneal - my_run - INFO - t_env: 50070 / 2050000
2026-02-18 11:46:35,885 - my_experiment - IMPc100_HybridComm_100k_anneal - my_run - INFO - Estimated time left: 9 hours, 16 minutes, 41 seconds. Time passed: 14 minutes, 31 seconds
2026-02-18 11:53:22,835 - my_experiment - IMPc100_HybridComm_100k_anneal - my_run - INFO - Recent Stats | t_env:      75060 | Episode:     2502
action_0_mean:             0.3937	action_1_mean:             0.3277	action_2_mean:             0.2786	ep_length_mean:           30.0000
epsilon:                   0.5246	grad_norm:                 1.6321	info_nce_loss:             1.0790	loss:                      0.6219
q_loss:                    0.5654	return_mean:             -8905.6201	return_std:              525.0269	test_action_0_mean:        0.3899
test_action_1_mean:        0.6101	test_action_2_mean:        0.0000	test_ep_length_mean:      30.0000	test_return_mean:        -710.2286
test_return_std:         803.6995	
2026-02-18 11:53:23,294 - my_experiment - IMPc100_HybridComm_100k_anneal - my_run - INFO - t_env: 75090 / 2050000
2026-02-18 11:53:23,295 - my_experiment - IMPc100_HybridComm_100k_anneal - my_run - INFO - Estimated time left: 8 hours, 55 minutes, 58 seconds. Time passed: 21 minutes, 18 seconds
2026-02-18 11:59:27,410 - my_experiment - IMPc100_HybridComm_100k_anneal - my_run - INFO - Saving models to work_dirs/my_experiment/IMPc100_HybridComm_100k_anneal/my_run/20260218_113102/models/100050
2026-02-18 11:59:27,842 - my_experiment - IMPc100_HybridComm_100k_anneal - my_run - INFO - Recent Stats | t_env:     100080 | Episode:     3336
action_0_mean:             0.4462	action_1_mean:             0.3110	action_2_mean:             0.2428	ep_length_mean:           30.0000
epsilon:                   0.2869	grad_norm:                 1.9012	info_nce_loss:             0.8093	loss:                      0.5503
q_loss:                    0.5003	return_mean:             -7784.0831	return_std:              594.9124	test_action_0_mean:        0.5424
test_action_1_mean:        0.4576	test_action_2_mean:        0.0000	test_ep_length_mean:      30.0000	test_return_mean:        -968.6672
test_return_std:         602.7746	
2026-02-18 11:59:28,263 - my_experiment - IMPc100_HybridComm_100k_anneal - my_run - INFO - t_env: 100110 / 2050000
2026-02-18 11:59:28,264 - my_experiment - IMPc100_HybridComm_100k_anneal - my_run - INFO - Estimated time left: 7 hours, 54 minutes, 3 seconds. Time passed: 27 minutes, 23 seconds
2026-02-18 12:05:34,998 - my_experiment - IMPc100_HybridComm_100k_anneal - my_run - INFO - Recent Stats | t_env:     125100 | Episode:     4170
action_0_mean:             0.5310	action_1_mean:             0.2632	action_2_mean:             0.2058	ep_length_mean:           30.0000
epsilon:                   0.0500	grad_norm:                 3.2903	info_nce_loss:             0.6475	loss:                      0.8926
q_loss:                    0.8114	return_mean:             -6723.0436	return_std:              941.1983	test_action_0_mean:        0.6175
test_action_1_mean:        0.3722	test_action_2_mean:        0.0103	test_ep_length_mean:      30.0000	test_return_mean:        -1210.2999
test_return_std:         482.2197	
2026-02-18 12:05:35,437 - my_experiment - IMPc100_HybridComm_100k_anneal - my_run - INFO - t_env: 125130 / 2050000
2026-02-18 12:05:35,438 - my_experiment - IMPc100_HybridComm_100k_anneal - my_run - INFO - Estimated time left: 7 hours, 50 minutes, 47 seconds. Time passed: 33 minutes, 30 seconds
2026-02-18 12:11:46,513 - my_experiment - IMPc100_HybridComm_100k_anneal - my_run - INFO - Saving models to work_dirs/my_experiment/IMPc100_HybridComm_100k_anneal/my_run/20260218_113102/models/150060
2026-02-18 12:11:47,616 - my_experiment - IMPc100_HybridComm_100k_anneal - my_run - INFO - Recent Stats | t_env:     150120 | Episode:     5004
action_0_mean:             0.6392	action_1_mean:             0.2153	action_2_mean:             0.1456	ep_length_mean:           30.0000
epsilon:                   0.0500	grad_norm:                 4.0363	info_nce_loss:             0.0562	loss:                      0.8100
q_loss:                    0.7364	return_mean:             -4993.4673	return_std:              1361.7257	test_action_0_mean:        0.7987
test_action_1_mean:        0.1910	test_action_2_mean:        0.0103	test_ep_length_mean:      30.0000	test_return_mean:        -1234.5750
test_return_std:         372.8951	
2026-02-18 12:11:48,053 - my_experiment - IMPc100_HybridComm_100k_anneal - my_run - INFO - t_env: 150150 / 2050000
2026-02-18 12:11:48,053 - my_experiment - IMPc100_HybridComm_100k_anneal - my_run - INFO - Estimated time left: 7 hours, 51 minutes, 33 seconds. Time passed: 39 minutes, 43 seconds
2026-02-18 12:18:09,921 - my_experiment - IMPc100_HybridComm_100k_anneal - my_run - INFO - Recent Stats | t_env:     175140 | Episode:     5838
action_0_mean:             0.7391	action_1_mean:             0.1709	action_2_mean:             0.0900	ep_length_mean:           30.0000
epsilon:                   0.0500	grad_norm:                 4.5687	info_nce_loss:             0.0005	loss:                      0.8524
q_loss:                    0.7749	return_mean:             -3402.6365	return_std:              1568.7684	test_action_0_mean:        0.8890
test_action_1_mean:        0.1008	test_action_2_mean:        0.0103	test_ep_length_mean:      30.0000	test_return_mean:        -1408.3809
test_return_std:         352.1739	
2026-02-18 12:18:10,429 - my_experiment - IMPc100_HybridComm_100k_anneal - my_run - INFO - t_env: 175170 / 2050000
2026-02-18 12:18:10,430 - my_experiment - IMPc100_HybridComm_100k_anneal - my_run - INFO - Estimated time left: 7 hours, 57 minutes, 32 seconds. Time passed: 46 minutes, 5 seconds
2026-02-18 12:24:40,693 - my_experiment - IMPc100_HybridComm_100k_anneal - my_run - INFO - Saving models to work_dirs/my_experiment/IMPc100_HybridComm_100k_anneal/my_run/20260218_113102/models/200070
2026-02-18 12:24:42,157 - my_experiment - IMPc100_HybridComm_100k_anneal - my_run - INFO - Recent Stats | t_env:     200160 | Episode:     6672
action_0_mean:             0.8057	action_1_mean:             0.1423	action_2_mean:             0.0520	ep_length_mean:           30.0000
epsilon:                   0.0500	grad_norm:                 5.7016	info_nce_loss:             0.0002	loss:                      1.1606
q_loss:                    1.0551	return_mean:             -2350.3821	return_std:              1800.3564	test_action_0_mean:        0.9549
test_action_1_mean:        0.0300	test_action_2_mean:        0.0151	test_ep_length_mean:      30.0000	test_return_mean:        -1623.5851
test_return_std:         232.1191	
2026-02-18 12:24:42,628 - my_experiment - IMPc100_HybridComm_100k_anneal - my_run - INFO - t_env: 200190 / 2050000
2026-02-18 12:24:42,629 - my_experiment - IMPc100_HybridComm_100k_anneal - my_run - INFO - Estimated time left: 8 hours, 3 minutes, 16 seconds. Time passed: 52 minutes, 37 seconds
2026-02-18 12:31:19,369 - my_experiment - IMPc100_HybridComm_100k_anneal - my_run - INFO - Recent Stats | t_env:     225180 | Episode:     7506
action_0_mean:             0.8355	action_1_mean:             0.1339	action_2_mean:             0.0306	ep_length_mean:           30.0000
epsilon:                   0.0500	grad_norm:                 5.7392	info_nce_loss:             0.0002	loss:                      1.4128
q_loss:                    1.2844	return_mean:             -1679.0108	return_std:              1805.7339	test_action_0_mean:        0.9188
test_action_1_mean:        0.0658	test_action_2_mean:        0.0153	test_ep_length_mean:      30.0000	test_return_mean:        -1357.9890
test_return_std:         376.9989	
2026-02-18 12:31:19,800 - my_experiment - IMPc100_HybridComm_100k_anneal - my_run - INFO - t_env: 225210 / 2050000
2026-02-18 12:31:19,801 - my_experiment - IMPc100_HybridComm_100k_anneal - my_run - INFO - Estimated time left: 8 hours, 2 minutes, 47 seconds. Time passed: 59 minutes, 15 seconds
2026-02-18 12:37:32,410 - my_experiment - IMPc100_HybridComm_100k_anneal - my_run - INFO - Saving models to work_dirs/my_experiment/IMPc100_HybridComm_100k_anneal/my_run/20260218_113102/models/250080
2026-02-18 12:37:34,064 - my_experiment - IMPc100_HybridComm_100k_anneal - my_run - INFO - Recent Stats | t_env:     250200 | Episode:     8340
action_0_mean:             0.8008	action_1_mean:             0.1743	action_2_mean:             0.0249	ep_length_mean:           30.0000
epsilon:                   0.0500	grad_norm:                 4.4370	info_nce_loss:             0.0002	loss:                      1.0771
q_loss:                    0.9898	return_mean:             -1400.5508	return_std:              1500.2228	test_action_0_mean:        0.9060
test_action_1_mean:        0.0885	test_action_2_mean:        0.0054	test_ep_length_mean:      30.0000	test_return_mean:        -979.9539
test_return_std:         477.0728	
2026-02-18 12:37:34,472 - my_experiment - IMPc100_HybridComm_100k_anneal - my_run - INFO - t_env: 250230 / 2050000
2026-02-18 12:37:34,473 - my_experiment - IMPc100_HybridComm_100k_anneal - my_run - INFO - Estimated time left: 7 hours, 29 minutes, 11 seconds. Time passed: 1 hours, 5 minutes, 29 seconds
2026-02-18 12:43:49,941 - my_experiment - IMPc100_HybridComm_100k_anneal - my_run - INFO - Recent Stats | t_env:     275220 | Episode:     9174
action_0_mean:             0.7677	action_1_mean:             0.2064	action_2_mean:             0.0259	ep_length_mean:           30.0000
epsilon:                   0.0500	grad_norm:                 3.8343	info_nce_loss:             0.0002	loss:                      1.0421
q_loss:                    0.9580	return_mean:             -1285.5580	return_std:              1252.6479	test_action_0_mean:        0.8971
test_action_1_mean:        0.0974	test_action_2_mean:        0.0054	test_ep_length_mean:      30.0000	test_return_mean:        -868.2201
test_return_std:         573.2105	
2026-02-18 12:43:50,400 - my_experiment - IMPc100_HybridComm_100k_anneal - my_run - INFO - t_env: 275250 / 2050000
2026-02-18 12:43:50,401 - my_experiment - IMPc100_HybridComm_100k_anneal - my_run - INFO - Estimated time left: 7 hours, 24 minutes, 25 seconds. Time passed: 1 hours, 11 minutes, 45 seconds
2026-02-18 12:49:58,568 - my_experiment - IMPc100_HybridComm_100k_anneal - my_run - INFO - Saving models to work_dirs/my_experiment/IMPc100_HybridComm_100k_anneal/my_run/20260218_113102/models/300090
2026-02-18 12:50:00,662 - my_experiment - IMPc100_HybridComm_100k_anneal - my_run - INFO - Recent Stats | t_env:     300240 | Episode:    10008
action_0_mean:             0.7442	action_1_mean:             0.2292	action_2_mean:             0.0266	ep_length_mean:           30.0000
epsilon:                   0.0500	grad_norm:                 3.3072	info_nce_loss:             0.0002	loss:                      1.0022
q_loss:                    0.9217	return_mean:             -1212.0402	return_std:              1109.6042	test_action_0_mean:        0.8670
test_action_1_mean:        0.1266	test_action_2_mean:        0.0064	test_ep_length_mean:      30.0000	test_return_mean:        -630.3625
test_return_std:         515.8002	
2026-02-18 12:50:01,075 - my_experiment - IMPc100_HybridComm_100k_anneal - my_run - INFO - t_env: 300270 / 2050000
2026-02-18 12:50:01,075 - my_experiment - IMPc100_HybridComm_100k_anneal - my_run - INFO - Estimated time left: 7 hours, 12 minutes, 2 seconds. Time passed: 1 hours, 17 minutes, 56 seconds
2026-02-18 12:56:02,876 - my_experiment - IMPc100_HybridComm_100k_anneal - my_run - INFO - Recent Stats | t_env:     325260 | Episode:    10842
action_0_mean:             0.7421	action_1_mean:             0.2313	action_2_mean:             0.0266	ep_length_mean:           30.0000
epsilon:                   0.0500	grad_norm:                 1.8354	info_nce_loss:             0.0001	loss:                      0.6853
q_loss:                    0.6381	return_mean:             -1064.7927	return_std:              841.9990	test_action_0_mean:        0.8483
test_action_1_mean:        0.1492	test_action_2_mean:        0.0025	test_ep_length_mean:      30.0000	test_return_mean:        -359.4234
test_return_std:         593.9901	
2026-02-18 12:56:03,288 - my_experiment - IMPc100_HybridComm_100k_anneal - my_run - INFO - t_env: 325290 / 2050000
2026-02-18 12:56:03,289 - my_experiment - IMPc100_HybridComm_100k_anneal - my_run - INFO - Estimated time left: 6 hours, 56 minutes, 8 seconds. Time passed: 1 hours, 23 minutes, 58 seconds
2026-02-18 13:02:05,501 - my_experiment - IMPc100_HybridComm_100k_anneal - my_run - INFO - Saving models to work_dirs/my_experiment/IMPc100_HybridComm_100k_anneal/my_run/20260218_113102/models/350100
2026-02-18 13:02:08,006 - my_experiment - IMPc100_HybridComm_100k_anneal - my_run - INFO - Recent Stats | t_env:     350280 | Episode:    11676
action_0_mean:             0.7592	action_1_mean:             0.2154	action_2_mean:             0.0254	ep_length_mean:           30.0000
epsilon:                   0.0500	grad_norm:                 1.4662	info_nce_loss:             0.0001	loss:                      0.4007
q_loss:                    0.3824	return_mean:             -1026.8118	return_std:              762.5134	test_action_0_mean:        0.8667
test_action_1_mean:        0.1303	test_action_2_mean:        0.0030	test_ep_length_mean:      30.0000	test_return_mean:        -335.7081
test_return_std:         513.9285	
2026-02-18 13:02:08,421 - my_experiment - IMPc100_HybridComm_100k_anneal - my_run - INFO - t_env: 350310 / 2050000
2026-02-18 13:02:08,422 - my_experiment - IMPc100_HybridComm_100k_anneal - my_run - INFO - Estimated time left: 6 hours, 53 minutes, 24 seconds. Time passed: 1 hours, 30 minutes, 3 seconds
2026-02-18 13:08:30,350 - my_experiment - IMPc100_HybridComm_100k_anneal - my_run - INFO - Recent Stats | t_env:     375300 | Episode:    12510
action_0_mean:             0.7858	action_1_mean:             0.1906	action_2_mean:             0.0236	ep_length_mean:           30.0000
epsilon:                   0.0500	grad_norm:                 1.0840	info_nce_loss:             0.0002	loss:                      0.3119
q_loss:                    0.2911	return_mean:             -979.9069	return_std:              686.8572	test_action_0_mean:        0.8683
test_action_1_mean:        0.1276	test_action_2_mean:        0.0040	test_ep_length_mean:      30.0000	test_return_mean:        -424.7199
test_return_std:         612.8409	
2026-02-18 13:08:30,854 - my_experiment - IMPc100_HybridComm_100k_anneal - my_run - INFO - t_env: 375330 / 2050000
2026-02-18 13:08:30,855 - my_experiment - IMPc100_HybridComm_100k_anneal - my_run - INFO - Estimated time left: 7 hours, 6 minutes, 37 seconds. Time passed: 1 hours, 36 minutes, 26 seconds
2026-02-18 13:14:58,449 - my_experiment - IMPc100_HybridComm_100k_anneal - my_run - INFO - Saving models to work_dirs/my_experiment/IMPc100_HybridComm_100k_anneal/my_run/20260218_113102/models/400110
2026-02-18 13:15:01,645 - my_experiment - IMPc100_HybridComm_100k_anneal - my_run - INFO - Recent Stats | t_env:     400320 | Episode:    13344
action_0_mean:             0.7868	action_1_mean:             0.1911	action_2_mean:             0.0220	ep_length_mean:           30.0000
epsilon:                   0.0500	grad_norm:                 1.0916	info_nce_loss:             0.0001	loss:                      0.2427
q_loss:                    0.2312	return_mean:             -931.0529	return_std:              597.0023	test_action_0_mean:        0.8161
test_action_1_mean:        0.1793	test_action_2_mean:        0.0047	test_ep_length_mean:      30.0000	test_return_mean:        -413.7142
test_return_std:         528.0717	
2026-02-18 13:15:02,055 - my_experiment - IMPc100_HybridComm_100k_anneal - my_run - INFO - t_env: 400350 / 2050000
2026-02-18 13:15:02,056 - my_experiment - IMPc100_HybridComm_100k_anneal - my_run - INFO - Estimated time left: 7 hours, 9 minutes, 53 seconds. Time passed: 1 hours, 42 minutes, 57 seconds
2026-02-18 13:21:25,261 - my_experiment - IMPc100_HybridComm_100k_anneal - my_run - INFO - Recent Stats | t_env:     425340 | Episode:    14178
action_0_mean:             0.7748	action_1_mean:             0.2029	action_2_mean:             0.0224	ep_length_mean:           30.0000
epsilon:                   0.0500	grad_norm:                 0.8714	info_nce_loss:             0.0001	loss:                      0.1916
q_loss:                    0.1847	return_mean:             -894.1324	return_std:              488.2594	test_action_0_mean:        0.8231
test_action_1_mean:        0.1727	test_action_2_mean:        0.0042	test_ep_length_mean:      30.0000	test_return_mean:        -347.9435
test_return_std:         449.3484	
2026-02-18 13:21:25,730 - my_experiment - IMPc100_HybridComm_100k_anneal - my_run - INFO - t_env: 425370 / 2050000
2026-02-18 13:21:25,731 - my_experiment - IMPc100_HybridComm_100k_anneal - my_run - INFO - Estimated time left: 6 hours, 55 minutes, 13 seconds. Time passed: 1 hours, 49 minutes, 21 seconds
2026-02-18 13:27:40,950 - my_experiment - IMPc100_HybridComm_100k_anneal - my_run - INFO - Saving models to work_dirs/my_experiment/IMPc100_HybridComm_100k_anneal/my_run/20260218_113102/models/450120
2026-02-18 13:27:44,666 - my_experiment - IMPc100_HybridComm_100k_anneal - my_run - INFO - Recent Stats | t_env:     450360 | Episode:    15012
action_0_mean:             0.7603	action_1_mean:             0.2182	action_2_mean:             0.0215	ep_length_mean:           30.0000
epsilon:                   0.0500	grad_norm:                 0.7606	info_nce_loss:             0.0002	loss:                      0.1792
q_loss:                    0.1690	return_mean:             -868.9902	return_std:              427.2803	test_action_0_mean:        0.8329
test_action_1_mean:        0.1635	test_action_2_mean:        0.0036	test_ep_length_mean:      30.0000	test_return_mean:        -319.3449
test_return_std:         396.2011	
2026-02-18 13:27:45,166 - my_experiment - IMPc100_HybridComm_100k_anneal - my_run - INFO - t_env: 450390 / 2050000
2026-02-18 13:27:45,166 - my_experiment - IMPc100_HybridComm_100k_anneal - my_run - INFO - Estimated time left: 6 hours, 44 minutes, 18 seconds. Time passed: 1 hours, 55 minutes, 40 seconds
2026-02-18 13:33:59,546 - my_experiment - IMPc100_HybridComm_100k_anneal - my_run - INFO - Recent Stats | t_env:     475380 | Episode:    15846
action_0_mean:             0.7398	action_1_mean:             0.2386	action_2_mean:             0.0216	ep_length_mean:           30.0000
epsilon:                   0.0500	grad_norm:                 0.7707	info_nce_loss:             0.0002	loss:                      0.1583
q_loss:                    0.1481	return_mean:             -868.6203	return_std:              442.9446	test_action_0_mean:        0.8040
test_action_1_mean:        0.1911	test_action_2_mean:        0.0049	test_ep_length_mean:      30.0000	test_return_mean:        -314.4401
test_return_std:         405.9584	
2026-02-18 13:33:59,955 - my_experiment - IMPc100_HybridComm_100k_anneal - my_run - INFO - t_env: 475410 / 2050000
2026-02-18 13:33:59,956 - my_experiment - IMPc100_HybridComm_100k_anneal - my_run - INFO - Estimated time left: 6 hours, 33 minutes, 6 seconds. Time passed: 2 hours, 1 minutes, 55 seconds
2026-02-18 13:40:06,182 - my_experiment - IMPc100_HybridComm_100k_anneal - my_run - INFO - Saving models to work_dirs/my_experiment/IMPc100_HybridComm_100k_anneal/my_run/20260218_113102/models/500130
2026-02-18 13:40:09,845 - my_experiment - IMPc100_HybridComm_100k_anneal - my_run - INFO - Recent Stats | t_env:     500400 | Episode:    16680
action_0_mean:             0.7288	action_1_mean:             0.2495	action_2_mean:             0.0217	ep_length_mean:           30.0000
epsilon:                   0.0500	grad_norm:                 0.8597	info_nce_loss:             0.0223	loss:                      0.1448
q_loss:                    0.1358	return_mean:             -860.0806	return_std:              429.5973	test_action_0_mean:        0.8164
test_action_1_mean:        0.1793	test_action_2_mean:        0.0043	test_ep_length_mean:      30.0000	test_return_mean:        -213.3289
test_return_std:         264.4079	
2026-02-18 13:40:10,255 - my_experiment - IMPc100_HybridComm_100k_anneal - my_run - INFO - t_env: 500430 / 2050000
2026-02-18 13:40:10,255 - my_experiment - IMPc100_HybridComm_100k_anneal - my_run - INFO - Estimated time left: 6 hours, 22 minutes, 13 seconds. Time passed: 2 hours, 8 minutes, 5 seconds
2026-02-18 13:46:16,761 - my_experiment - IMPc100_HybridComm_100k_anneal - my_run - INFO - Recent Stats | t_env:     525420 | Episode:    17514
action_0_mean:             0.7413	action_1_mean:             0.2367	action_2_mean:             0.0220	ep_length_mean:           30.0000
epsilon:                   0.0500	grad_norm:                 0.8849	info_nce_loss:             0.0224	loss:                      0.1496
q_loss:                    0.1372	return_mean:             -849.1654	return_std:              411.8330	test_action_0_mean:        0.8684
test_action_1_mean:        0.1277	test_action_2_mean:        0.0039	test_ep_length_mean:      30.0000	test_return_mean:        -212.8941
test_return_std:         278.0337	
2026-02-18 13:46:17,167 - my_experiment - IMPc100_HybridComm_100k_anneal - my_run - INFO - t_env: 525450 / 2050000
2026-02-18 13:46:17,168 - my_experiment - IMPc100_HybridComm_100k_anneal - my_run - INFO - Estimated time left: 6 hours, 12 minutes, 37 seconds. Time passed: 2 hours, 14 minutes, 12 seconds
2026-02-18 13:52:14,720 - my_experiment - IMPc100_HybridComm_100k_anneal - my_run - INFO - Saving models to work_dirs/my_experiment/IMPc100_HybridComm_100k_anneal/my_run/20260218_113102/models/550140
2026-02-18 13:52:18,738 - my_experiment - IMPc100_HybridComm_100k_anneal - my_run - INFO - Recent Stats | t_env:     550440 | Episode:    18348
action_0_mean:             0.7650	action_1_mean:             0.2135	action_2_mean:             0.0215	ep_length_mean:           30.0000
epsilon:                   0.0500	grad_norm:                 0.8816	info_nce_loss:             0.0223	loss:                      0.1247
q_loss:                    0.1167	return_mean:             -827.1732	return_std:              416.2173	test_action_0_mean:        0.8959
test_action_1_mean:        0.1007	test_action_2_mean:        0.0034	test_ep_length_mean:      30.0000	test_return_mean:        -279.4459
test_return_std:         416.2533	
2026-02-18 13:52:19,170 - my_experiment - IMPc100_HybridComm_100k_anneal - my_run - INFO - t_env: 550470 / 2050000
2026-02-18 13:52:19,171 - my_experiment - IMPc100_HybridComm_100k_anneal - my_run - INFO - Estimated time left: 6 hours, 1 minutes, 36 seconds. Time passed: 2 hours, 20 minutes, 14 seconds
2026-02-18 13:58:38,104 - my_experiment - IMPc100_HybridComm_100k_anneal - my_run - INFO - Recent Stats | t_env:     575460 | Episode:    19182
action_0_mean:             0.7868	action_1_mean:             0.1913	action_2_mean:             0.0219	ep_length_mean:           30.0000
epsilon:                   0.0500	grad_norm:                 0.8828	info_nce_loss:             0.0223	loss:                      0.1146
q_loss:                    0.1100	return_mean:             -851.0115	return_std:              488.6788	test_action_0_mean:        0.9022
test_action_1_mean:        0.0943	test_action_2_mean:        0.0035	test_ep_length_mean:      30.0000	test_return_mean:        -329.6389
test_return_std:         492.2634	
2026-02-18 13:58:38,551 - my_experiment - IMPc100_HybridComm_100k_anneal - my_run - INFO - t_env: 575490 / 2050000
2026-02-18 13:58:38,552 - my_experiment - IMPc100_HybridComm_100k_anneal - my_run - INFO - Estimated time left: 6 hours, 12 minutes, 38 seconds. Time passed: 2 hours, 26 minutes, 33 seconds
2026-02-18 14:04:56,464 - my_experiment - IMPc100_HybridComm_100k_anneal - my_run - INFO - Saving models to work_dirs/my_experiment/IMPc100_HybridComm_100k_anneal/my_run/20260218_113102/models/600150
2026-02-18 14:05:01,468 - my_experiment - IMPc100_HybridComm_100k_anneal - my_run - INFO - Recent Stats | t_env:     600480 | Episode:    20016
action_0_mean:             0.7865	action_1_mean:             0.1916	action_2_mean:             0.0219	ep_length_mean:           30.0000
epsilon:                   0.0500	grad_norm:                 0.7850	info_nce_loss:             0.0223	loss:                      0.1160
q_loss:                    0.1100	return_mean:             -842.1205	return_std:              456.8245	test_action_0_mean:        0.8825
test_action_1_mean:        0.1155	test_action_2_mean:        0.0020	test_ep_length_mean:      30.0000	test_return_mean:        -310.8421
test_return_std:         457.4201	
2026-02-18 14:05:01,957 - my_experiment - IMPc100_HybridComm_100k_anneal - my_run - INFO - t_env: 600510 / 2050000
2026-02-18 14:05:01,957 - my_experiment - IMPc100_HybridComm_100k_anneal - my_run - INFO - Estimated time left: 6 hours, 10 minutes, 11 seconds. Time passed: 2 hours, 32 minutes, 57 seconds
2026-02-18 14:11:29,117 - my_experiment - IMPc100_HybridComm_100k_anneal - my_run - INFO - Recent Stats | t_env:     625500 | Episode:    20850
action_0_mean:             0.7756	action_1_mean:             0.2023	action_2_mean:             0.0221	ep_length_mean:           30.0000
epsilon:                   0.0500	grad_norm:                 0.7600	info_nce_loss:             0.0001	loss:                      0.1474
q_loss:                    0.1385	return_mean:             -846.6245	return_std:              472.8364	test_action_0_mean:        0.8000
test_action_1_mean:        0.1982	test_action_2_mean:        0.0018	test_ep_length_mean:      30.0000	test_return_mean:        -313.5339
test_return_std:         423.9235	
2026-02-18 14:11:29,560 - my_experiment - IMPc100_HybridComm_100k_anneal - my_run - INFO - t_env: 625530 / 2050000
2026-02-18 14:11:29,561 - my_experiment - IMPc100_HybridComm_100k_anneal - my_run - INFO - Estimated time left: 6 hours, 7 minutes, 47 seconds. Time passed: 2 hours, 39 minutes, 24 seconds
2026-02-18 14:17:37,959 - my_experiment - IMPc100_HybridComm_100k_anneal - my_run - INFO - Saving models to work_dirs/my_experiment/IMPc100_HybridComm_100k_anneal/my_run/20260218_113102/models/650160
2026-02-18 14:17:43,199 - my_experiment - IMPc100_HybridComm_100k_anneal - my_run - INFO - Recent Stats | t_env:     650520 | Episode:    21684
action_0_mean:             0.7609	action_1_mean:             0.2174	action_2_mean:             0.0217	ep_length_mean:           30.0000
epsilon:                   0.0500	grad_norm:                 0.6362	info_nce_loss:             0.0000	loss:                      0.1492
q_loss:                    0.1402	return_mean:             -836.5540	return_std:              460.4245	test_action_0_mean:        0.7771
test_action_1_mean:        0.2210	test_action_2_mean:        0.0018	test_ep_length_mean:      30.0000	test_return_mean:        -307.8075
test_return_std:         402.1283	
2026-02-18 14:17:43,636 - my_experiment - IMPc100_HybridComm_100k_anneal - my_run - INFO - t_env: 650550 / 2050000
2026-02-18 14:17:43,637 - my_experiment - IMPc100_HybridComm_100k_anneal - my_run - INFO - Estimated time left: 5 hours, 48 minutes, 43 seconds. Time passed: 2 hours, 45 minutes, 38 seconds
2026-02-18 14:23:56,412 - my_experiment - IMPc100_HybridComm_100k_anneal - my_run - INFO - Recent Stats | t_env:     675540 | Episode:    22518
action_0_mean:             0.7556	action_1_mean:             0.2226	action_2_mean:             0.0219	ep_length_mean:           30.0000
epsilon:                   0.0500	grad_norm:                 0.5560	info_nce_loss:             0.0001	loss:                      0.1536
q_loss:                    0.1420	return_mean:             -840.4643	return_std:              483.8191	test_action_0_mean:        0.7568
test_action_1_mean:        0.2412	test_action_2_mean:        0.0020	test_ep_length_mean:      30.0000	test_return_mean:        -243.9786
test_return_std:         269.2504	
2026-02-18 14:23:56,837 - my_experiment - IMPc100_HybridComm_100k_anneal - my_run - INFO - t_env: 675570 / 2050000
2026-02-18 14:23:56,837 - my_experiment - IMPc100_HybridComm_100k_anneal - my_run - INFO - Estimated time left: 5 hours, 41 minutes, 41 seconds. Time passed: 2 hours, 51 minutes, 52 seconds
2026-02-18 14:30:00,717 - my_experiment - IMPc100_HybridComm_100k_anneal - my_run - INFO - Saving models to work_dirs/my_experiment/IMPc100_HybridComm_100k_anneal/my_run/20260218_113102/models/700170
2026-02-18 14:30:06,428 - my_experiment - IMPc100_HybridComm_100k_anneal - my_run - INFO - Recent Stats | t_env:     700560 | Episode:    23352
action_0_mean:             0.7440	action_1_mean:             0.2345	action_2_mean:             0.0215	ep_length_mean:           30.0000
epsilon:                   0.0500	grad_norm:                 0.5139	info_nce_loss:             0.0001	loss:                      0.1719
q_loss:                    0.1563	return_mean:             -815.3865	return_std:              408.0325	test_action_0_mean:        0.7157
test_action_1_mean:        0.2818	test_action_2_mean:        0.0025	test_ep_length_mean:      30.0000	test_return_mean:        -205.4186
test_return_std:         208.1689	
2026-02-18 14:30:06,899 - my_experiment - IMPc100_HybridComm_100k_anneal - my_run - INFO - t_env: 700590 / 2050000
2026-02-18 14:30:06,900 - my_experiment - IMPc100_HybridComm_100k_anneal - my_run - INFO - Estimated time left: 5 hours, 32 minutes, 38 seconds. Time passed: 2 hours, 58 minutes, 2 seconds
2026-02-18 14:36:18,091 - my_experiment - IMPc100_HybridComm_100k_anneal - my_run - INFO - Recent Stats | t_env:     725580 | Episode:    24186
action_0_mean:             0.7579	action_1_mean:             0.2211	action_2_mean:             0.0210	ep_length_mean:           30.0000
epsilon:                   0.0500	grad_norm:                 0.4452	info_nce_loss:             0.0001	loss:                      0.1832
q_loss:                    0.1665	return_mean:             -802.7574	return_std:              401.4803	test_action_0_mean:        0.7278
test_action_1_mean:        0.2692	test_action_2_mean:        0.0030	test_ep_length_mean:      30.0000	test_return_mean:        -212.8262
test_return_std:         212.3428	
2026-02-18 14:36:18,525 - my_experiment - IMPc100_HybridComm_100k_anneal - my_run - INFO - t_env: 725610 / 2050000
2026-02-18 14:36:18,526 - my_experiment - IMPc100_HybridComm_100k_anneal - my_run - INFO - Estimated time left: 5 hours, 27 minutes, 51 seconds. Time passed: 3 hours, 4 minutes, 13 seconds
2026-02-18 14:42:16,850 - my_experiment - IMPc100_HybridComm_100k_anneal - my_run - INFO - Saving models to work_dirs/my_experiment/IMPc100_HybridComm_100k_anneal/my_run/20260218_113102/models/750180
2026-02-18 14:42:22,697 - my_experiment - IMPc100_HybridComm_100k_anneal - my_run - INFO - Recent Stats | t_env:     750600 | Episode:    25020
action_0_mean:             0.7724	action_1_mean:             0.2068	action_2_mean:             0.0209	ep_length_mean:           30.0000
epsilon:                   0.0500	grad_norm:                 0.3649	info_nce_loss:             0.0001	loss:                      0.1741
q_loss:                    0.1583	return_mean:             -790.4294	return_std:              382.4818	test_action_0_mean:        0.7865
test_action_1_mean:        0.2095	test_action_2_mean:        0.0040	test_ep_length_mean:      30.0000	test_return_mean:        -211.1012
test_return_std:         247.2848	
2026-02-18 14:42:23,149 - my_experiment - IMPc100_HybridComm_100k_anneal - my_run - INFO - t_env: 750630 / 2050000
2026-02-18 14:42:23,150 - my_experiment - IMPc100_HybridComm_100k_anneal - my_run - INFO - Estimated time left: 5 hours, 15 minutes, 36 seconds. Time passed: 3 hours, 10 minutes, 18 seconds
2026-02-18 14:48:33,338 - my_experiment - IMPc100_HybridComm_100k_anneal - my_run - INFO - Recent Stats | t_env:     775620 | Episode:    25854
action_0_mean:             0.7958	action_1_mean:             0.1833	action_2_mean:             0.0209	ep_length_mean:           30.0000
epsilon:                   0.0500	grad_norm:                 0.4383	info_nce_loss:             0.0001	loss:                      0.1580
q_loss:                    0.1436	return_mean:             -788.2085	return_std:              402.9377	test_action_0_mean:        0.8075
test_action_1_mean:        0.1884	test_action_2_mean:        0.0041	test_ep_length_mean:      30.0000	test_return_mean:        -209.8867
test_return_std:         260.0834	
2026-02-18 14:48:33,788 - my_experiment - IMPc100_HybridComm_100k_anneal - my_run - INFO - t_env: 775650 / 2050000
2026-02-18 14:48:33,788 - my_experiment - IMPc100_HybridComm_100k_anneal - my_run - INFO - Estimated time left: 5 hours, 14 minutes, 37 seconds. Time passed: 3 hours, 16 minutes, 29 seconds
2026-02-18 14:54:31,461 - my_experiment - IMPc100_HybridComm_100k_anneal - my_run - INFO - Saving models to work_dirs/my_experiment/IMPc100_HybridComm_100k_anneal/my_run/20260218_113102/models/800190
2026-02-18 14:54:37,865 - my_experiment - IMPc100_HybridComm_100k_anneal - my_run - INFO - Recent Stats | t_env:     800640 | Episode:    26688
action_0_mean:             0.7966	action_1_mean:             0.1828	action_2_mean:             0.0205	ep_length_mean:           30.0000
epsilon:                   0.0500	grad_norm:                 0.4583	info_nce_loss:             0.0001	loss:                      0.1472
q_loss:                    0.1338	return_mean:             -776.4252	return_std:              336.4374	test_action_0_mean:        0.8257
test_action_1_mean:        0.1703	test_action_2_mean:        0.0040	test_ep_length_mean:      30.0000	test_return_mean:        -244.7714
test_return_std:         320.6519	
2026-02-18 14:54:38,328 - my_experiment - IMPc100_HybridComm_100k_anneal - my_run - INFO - t_env: 800670 / 2050000
2026-02-18 14:54:38,329 - my_experiment - IMPc100_HybridComm_100k_anneal - my_run - INFO - Estimated time left: 5 hours, 3 minutes, 22 seconds. Time passed: 3 hours, 22 minutes, 33 seconds
2026-02-18 15:00:49,550 - my_experiment - IMPc100_HybridComm_100k_anneal - my_run - INFO - Recent Stats | t_env:     825660 | Episode:    27522
action_0_mean:             0.8059	action_1_mean:             0.1734	action_2_mean:             0.0207	ep_length_mean:           30.0000
epsilon:                   0.0500	grad_norm:                 0.4304	info_nce_loss:             0.0002	loss:                      0.1275
q_loss:                    0.1159	return_mean:             -793.9610	return_std:              390.4428	test_action_0_mean:        0.8056
test_action_1_mean:        0.1903	test_action_2_mean:        0.0041	test_ep_length_mean:      30.0000	test_return_mean:        -263.7372
test_return_std:         338.9046	
2026-02-18 15:00:50,062 - my_experiment - IMPc100_HybridComm_100k_anneal - my_run - INFO - t_env: 825690 / 2050000
2026-02-18 15:00:50,063 - my_experiment - IMPc100_HybridComm_100k_anneal - my_run - INFO - Estimated time left: 5 hours, 3 minutes, 10 seconds. Time passed: 3 hours, 28 minutes, 45 seconds
2026-02-18 15:06:55,654 - my_experiment - IMPc100_HybridComm_100k_anneal - my_run - INFO - Saving models to work_dirs/my_experiment/IMPc100_HybridComm_100k_anneal/my_run/20260218_113102/models/850200
2026-02-18 15:07:02,431 - my_experiment - IMPc100_HybridComm_100k_anneal - my_run - INFO - Recent Stats | t_env:     850680 | Episode:    28356
action_0_mean:             0.8019	action_1_mean:             0.1767	action_2_mean:             0.0214	ep_length_mean:           30.0000
epsilon:                   0.0500	grad_norm:                 0.6172	info_nce_loss:             0.0002	loss:                      0.1553
q_loss:                    0.1412	return_mean:             -806.9951	return_std:              391.1911	test_action_0_mean:        0.8224
test_action_1_mean:        0.1740	test_action_2_mean:        0.0036	test_ep_length_mean:      30.0000	test_return_mean:        -248.2677
test_return_std:         328.8556	
2026-02-18 15:07:02,862 - my_experiment - IMPc100_HybridComm_100k_anneal - my_run - INFO - t_env: 850710 / 2050000
2026-02-18 15:07:02,862 - my_experiment - IMPc100_HybridComm_100k_anneal - my_run - INFO - Estimated time left: 4 hours, 57 minutes, 49 seconds. Time passed: 3 hours, 34 minutes, 58 seconds
2026-02-18 15:13:12,119 - my_experiment - IMPc100_HybridComm_100k_anneal - my_run - INFO - Recent Stats | t_env:     875700 | Episode:    29190
action_0_mean:             0.7995	action_1_mean:             0.1787	action_2_mean:             0.0218	ep_length_mean:           30.0000
epsilon:                   0.0500	grad_norm:                 0.6473	info_nce_loss:             0.0002	loss:                      0.1742
q_loss:                    0.1583	return_mean:             -819.8277	return_std:              389.4701	test_action_0_mean:        0.8358
test_action_1_mean:        0.1584	test_action_2_mean:        0.0058	test_ep_length_mean:      30.0000	test_return_mean:        -301.4244
test_return_std:         345.3115	
2026-02-18 15:13:12,613 - my_experiment - IMPc100_HybridComm_100k_anneal - my_run - INFO - t_env: 875730 / 2050000
2026-02-18 15:13:12,614 - my_experiment - IMPc100_HybridComm_100k_anneal - my_run - INFO - Estimated time left: 4 hours, 49 minutes, 13 seconds. Time passed: 3 hours, 41 minutes, 7 seconds
2026-02-18 15:19:14,538 - my_experiment - IMPc100_HybridComm_100k_anneal - my_run - INFO - Saving models to work_dirs/my_experiment/IMPc100_HybridComm_100k_anneal/my_run/20260218_113102/models/900210
2026-02-18 15:19:21,669 - my_experiment - IMPc100_HybridComm_100k_anneal - my_run - INFO - Recent Stats | t_env:     900720 | Episode:    30024
action_0_mean:             0.7919	action_1_mean:             0.1860	action_2_mean:             0.0222	ep_length_mean:           30.0000
epsilon:                   0.0500	grad_norm:                 0.7252	info_nce_loss:             0.0002	loss:                      0.1727
q_loss:                    0.1570	return_mean:             -833.8114	return_std:              407.1002	test_action_0_mean:        0.8447
test_action_1_mean:        0.1481	test_action_2_mean:        0.0072	test_ep_length_mean:      30.0000	test_return_mean:        -308.3159
test_return_std:         338.5642	
2026-02-18 15:19:22,097 - my_experiment - IMPc100_HybridComm_100k_anneal - my_run - INFO - t_env: 900750 / 2050000
2026-02-18 15:19:22,097 - my_experiment - IMPc100_HybridComm_100k_anneal - my_run - INFO - Estimated time left: 4 hours, 42 minutes, 51 seconds. Time passed: 3 hours, 47 minutes, 17 seconds
2026-02-18 15:25:36,201 - my_experiment - IMPc100_HybridComm_100k_anneal - my_run - INFO - Recent Stats | t_env:     925740 | Episode:    30858
action_0_mean:             0.7943	action_1_mean:             0.1836	action_2_mean:             0.0221	ep_length_mean:           30.0000
epsilon:                   0.0500	grad_norm:                 0.7863	info_nce_loss:             0.0002	loss:                      0.1932
q_loss:                    0.1757	return_mean:             -829.2928	return_std:              411.0416	test_action_0_mean:        0.8199
test_action_1_mean:        0.1720	test_action_2_mean:        0.0081	test_ep_length_mean:      30.0000	test_return_mean:        -276.4733
test_return_std:         280.2976	
2026-02-18 15:25:36,684 - my_experiment - IMPc100_HybridComm_100k_anneal - my_run - INFO - t_env: 925770 / 2050000
2026-02-18 15:25:36,684 - my_experiment - IMPc100_HybridComm_100k_anneal - my_run - INFO - Estimated time left: 4 hours, 40 minutes, 31 seconds. Time passed: 3 hours, 53 minutes, 32 seconds
2026-02-18 15:31:46,545 - my_experiment - IMPc100_HybridComm_100k_anneal - my_run - INFO - Saving models to work_dirs/my_experiment/IMPc100_HybridComm_100k_anneal/my_run/20260218_113102/models/950220
2026-02-18 15:31:54,818 - my_experiment - IMPc100_HybridComm_100k_anneal - my_run - INFO - Recent Stats | t_env:     950760 | Episode:    31692
action_0_mean:             0.7852	action_1_mean:             0.1922	action_2_mean:             0.0225	ep_length_mean:           30.0000
epsilon:                   0.0500	grad_norm:                 0.8407	info_nce_loss:             0.0001	loss:                      0.2234
q_loss:                    0.2031	return_mean:             -827.7601	return_std:              390.9249	test_action_0_mean:        0.8702
test_action_1_mean:        0.1224	test_action_2_mean:        0.0074	test_ep_length_mean:      30.0000	test_return_mean:        -237.9159
test_return_std:         244.9851	
2026-02-18 15:31:55,262 - my_experiment - IMPc100_HybridComm_100k_anneal - my_run - INFO - t_env: 950790 / 2050000
2026-02-18 15:31:55,263 - my_experiment - IMPc100_HybridComm_100k_anneal - my_run - INFO - Estimated time left: 4 hours, 37 minutes, 12 seconds. Time passed: 3 hours, 59 minutes, 50 seconds
2026-02-18 15:38:10,747 - my_experiment - IMPc100_HybridComm_100k_anneal - my_run - INFO - Recent Stats | t_env:     975780 | Episode:    32526
action_0_mean:             0.7840	action_1_mean:             0.1939	action_2_mean:             0.0221	ep_length_mean:           30.0000
epsilon:                   0.0500	grad_norm:                 0.6687	info_nce_loss:             0.0001	loss:                      0.1874
q_loss:                    0.1704	return_mean:             -821.5254	return_std:              393.5957	test_action_0_mean:        0.8823
test_action_1_mean:        0.1106	test_action_2_mean:        0.0071	test_ep_length_mean:      30.0000	test_return_mean:        -259.3425
test_return_std:         321.0431	
2026-02-18 15:38:11,178 - my_experiment - IMPc100_HybridComm_100k_anneal - my_run - INFO - t_env: 975810 / 2050000
2026-02-18 15:38:11,179 - my_experiment - IMPc100_HybridComm_100k_anneal - my_run - INFO - Estimated time left: 4 hours, 28 minutes, 59 seconds. Time passed: 4 hours, 6 minutes, 6 seconds
2026-02-18 15:44:24,420 - my_experiment - IMPc100_HybridComm_100k_anneal - my_run - INFO - Saving models to work_dirs/my_experiment/IMPc100_HybridComm_100k_anneal/my_run/20260218_113102/models/1000230
2026-02-18 15:44:32,590 - my_experiment - IMPc100_HybridComm_100k_anneal - my_run - INFO - Recent Stats | t_env:    1000800 | Episode:    33360
action_0_mean:             0.7876	action_1_mean:             0.1906	action_2_mean:             0.0218	ep_length_mean:           30.0000
epsilon:                   0.0500	grad_norm:                 0.7339	info_nce_loss:             0.0001	loss:                      0.1657
q_loss:                    0.1506	return_mean:             -829.4258	return_std:              437.1437	test_action_0_mean:        0.8880
test_action_1_mean:        0.1085	test_action_2_mean:        0.0035	test_ep_length_mean:      30.0000	test_return_mean:        -209.2915
test_return_std:         339.5341	
2026-02-18 15:44:33,103 - my_experiment - IMPc100_HybridComm_100k_anneal - my_run - INFO - t_env: 1000830 / 2050000
2026-02-18 15:44:33,104 - my_experiment - IMPc100_HybridComm_100k_anneal - my_run - INFO - Estimated time left: 4 hours, 26 minutes, 55 seconds. Time passed: 4 hours, 12 minutes, 28 seconds
2026-02-18 15:50:46,369 - my_experiment - IMPc100_HybridComm_100k_anneal - my_run - INFO - Recent Stats | t_env:    1025820 | Episode:    34194
action_0_mean:             0.7802	action_1_mean:             0.1978	action_2_mean:             0.0220	ep_length_mean:           30.0000
epsilon:                   0.0500	grad_norm:                 0.5996	info_nce_loss:             0.0001	loss:                      0.2158
q_loss:                    0.1962	return_mean:             -843.8856	return_std:              453.1276	test_action_0_mean:        0.8769
test_action_1_mean:        0.1206	test_action_2_mean:        0.0025	test_ep_length_mean:      30.0000	test_return_mean:        -207.1539
test_return_std:         373.5797	
2026-02-18 15:50:46,852 - my_experiment - IMPc100_HybridComm_100k_anneal - my_run - INFO - t_env: 1025850 / 2050000
2026-02-18 15:50:46,852 - my_experiment - IMPc100_HybridComm_100k_anneal - my_run - INFO - Estimated time left: 4 hours, 14 minutes, 58 seconds. Time passed: 4 hours, 18 minutes, 42 seconds
2026-02-18 15:56:56,156 - my_experiment - IMPc100_HybridComm_100k_anneal - my_run - INFO - Saving models to work_dirs/my_experiment/IMPc100_HybridComm_100k_anneal/my_run/20260218_113102/models/1050240
2026-02-18 15:57:04,808 - my_experiment - IMPc100_HybridComm_100k_anneal - my_run - INFO - Recent Stats | t_env:    1050840 | Episode:    35028
action_0_mean:             0.7857	action_1_mean:             0.1925	action_2_mean:             0.0218	ep_length_mean:           30.0000
epsilon:                   0.0500	grad_norm:                 0.6474	info_nce_loss:             0.0001	loss:                      0.2402
q_loss:                    0.2240	return_mean:             -832.5684	return_std:              413.5486	test_action_0_mean:        0.8939
test_action_1_mean:        0.1042	test_action_2_mean:        0.0019	test_ep_length_mean:      30.0000	test_return_mean:        -198.5197
test_return_std:         358.3244	
2026-02-18 15:57:05,302 - my_experiment - IMPc100_HybridComm_100k_anneal - my_run - INFO - t_env: 1050870 / 2050000
2026-02-18 15:57:05,303 - my_experiment - IMPc100_HybridComm_100k_anneal - my_run - INFO - Estimated time left: 4 hours, 11 minutes, 52 seconds. Time passed: 4 hours, 25 minutes, 0 seconds
2026-02-18 16:03:32,376 - my_experiment - IMPc100_HybridComm_100k_anneal - my_run - INFO - Recent Stats | t_env:    1075860 | Episode:    35862
action_0_mean:             0.7861	action_1_mean:             0.1923	action_2_mean:             0.0216	ep_length_mean:           30.0000
epsilon:                   0.0500	grad_norm:                 0.6458	info_nce_loss:             0.0001	loss:                      0.2418
q_loss:                    0.2305	return_mean:             -836.4288	return_std:              421.8310	test_action_0_mean:        0.8777
test_action_1_mean:        0.1204	test_action_2_mean:        0.0020	test_ep_length_mean:      30.0000	test_return_mean:        -212.7364
test_return_std:         383.3408	
2026-02-18 16:03:32,890 - my_experiment - IMPc100_HybridComm_100k_anneal - my_run - INFO - t_env: 1075890 / 2050000
2026-02-18 16:03:32,891 - my_experiment - IMPc100_HybridComm_100k_anneal - my_run - INFO - Estimated time left: 4 hours, 11 minutes, 30 seconds. Time passed: 4 hours, 31 minutes, 28 seconds
2026-02-18 16:09:49,096 - my_experiment - IMPc100_HybridComm_100k_anneal - my_run - INFO - Saving models to work_dirs/my_experiment/IMPc100_HybridComm_100k_anneal/my_run/20260218_113102/models/1100250
2026-02-18 16:09:58,471 - my_experiment - IMPc100_HybridComm_100k_anneal - my_run - INFO - Recent Stats | t_env:    1100880 | Episode:    36696
action_0_mean:             0.7801	action_1_mean:             0.1982	action_2_mean:             0.0217	ep_length_mean:           30.0000
epsilon:                   0.0500	grad_norm:                 0.6539	info_nce_loss:             0.0001	loss:                      0.2817
q_loss:                    0.2669	return_mean:             -847.8409	return_std:              480.5298	test_action_0_mean:        0.8241
test_action_1_mean:        0.1738	test_action_2_mean:        0.0021	test_ep_length_mean:      30.0000	test_return_mean:        -197.8440
test_return_std:         296.9830	
2026-02-18 16:09:58,944 - my_experiment - IMPc100_HybridComm_100k_anneal - my_run - INFO - t_env: 1100910 / 2050000
2026-02-18 16:09:58,945 - my_experiment - IMPc100_HybridComm_100k_anneal - my_run - INFO - Estimated time left: 4 hours, 4 minutes, 4 seconds. Time passed: 4 hours, 37 minutes, 54 seconds
2026-02-18 16:16:19,362 - my_experiment - IMPc100_HybridComm_100k_anneal - my_run - INFO - Recent Stats | t_env:    1125900 | Episode:    37530
action_0_mean:             0.7726	action_1_mean:             0.2060	action_2_mean:             0.0214	ep_length_mean:           30.0000
epsilon:                   0.0500	grad_norm:                 0.8504	info_nce_loss:             0.0001	loss:                      0.3350
q_loss:                    0.3152	return_mean:             -837.3105	return_std:              443.5861	test_action_0_mean:        0.7721
test_action_1_mean:        0.2259	test_action_2_mean:        0.0020	test_ep_length_mean:      30.0000	test_return_mean:        -197.7666
test_return_std:         266.9354	
2026-02-18 16:16:19,795 - my_experiment - IMPc100_HybridComm_100k_anneal - my_run - INFO - t_env: 1125930 / 2050000
2026-02-18 16:16:19,796 - my_experiment - IMPc100_HybridComm_100k_anneal - my_run - INFO - Estimated time left: 3 hours, 54 minutes, 26 seconds. Time passed: 4 hours, 44 minutes, 15 seconds
2026-02-18 16:22:17,733 - my_experiment - IMPc100_HybridComm_100k_anneal - my_run - INFO - Saving models to work_dirs/my_experiment/IMPc100_HybridComm_100k_anneal/my_run/20260218_113102/models/1150260
2026-02-18 16:22:27,621 - my_experiment - IMPc100_HybridComm_100k_anneal - my_run - INFO - Recent Stats | t_env:    1150920 | Episode:    38364
action_0_mean:             0.7732	action_1_mean:             0.2056	action_2_mean:             0.0212	ep_length_mean:           30.0000
epsilon:                   0.0500	grad_norm:                 0.8857	info_nce_loss:             0.0001	loss:                      0.3352
q_loss:                    0.3155	return_mean:             -837.5290	return_std:              442.6583	test_action_0_mean:        0.7726
test_action_1_mean:        0.2248	test_action_2_mean:        0.0026	test_ep_length_mean:      30.0000	test_return_mean:        -183.9348
test_return_std:         215.8935	
2026-02-18 16:22:28,091 - my_experiment - IMPc100_HybridComm_100k_anneal - my_run - INFO - t_env: 1150950 / 2050000
2026-02-18 16:22:28,091 - my_experiment - IMPc100_HybridComm_100k_anneal - my_run - INFO - Estimated time left: 3 hours, 40 minutes, 34 seconds. Time passed: 4 hours, 50 minutes, 23 seconds
2026-02-18 16:28:35,119 - my_experiment - IMPc100_HybridComm_100k_anneal - my_run - INFO - Recent Stats | t_env:    1175940 | Episode:    39198
action_0_mean:             0.7638	action_1_mean:             0.2148	action_2_mean:             0.0214	ep_length_mean:           30.0000
epsilon:                   0.0500	grad_norm:                 0.9090	info_nce_loss:             0.0001	loss:                      0.3449
q_loss:                    0.3187	return_mean:             -846.6793	return_std:              459.2777	test_action_0_mean:        0.7621
test_action_1_mean:        0.2357	test_action_2_mean:        0.0022	test_ep_length_mean:      30.0000	test_return_mean:        -178.1805
test_return_std:         217.8637	
2026-02-18 16:28:35,520 - my_experiment - IMPc100_HybridComm_100k_anneal - my_run - INFO - t_env: 1175970 / 2050000
2026-02-18 16:28:35,520 - my_experiment - IMPc100_HybridComm_100k_anneal - my_run - INFO - Estimated time left: 3 hours, 33 minutes, 55 seconds. Time passed: 4 hours, 56 minutes, 30 seconds
2026-02-18 16:34:32,249 - my_experiment - IMPc100_HybridComm_100k_anneal - my_run - INFO - Saving models to work_dirs/my_experiment/IMPc100_HybridComm_100k_anneal/my_run/20260218_113102/models/1200270
2026-02-18 16:34:42,410 - my_experiment - IMPc100_HybridComm_100k_anneal - my_run - INFO - Recent Stats | t_env:    1200960 | Episode:    40032
action_0_mean:             0.7574	action_1_mean:             0.2210	action_2_mean:             0.0216	ep_length_mean:           30.0000
epsilon:                   0.0500	grad_norm:                 0.9248	info_nce_loss:             0.0001	loss:                      0.3494
q_loss:                    0.3176	return_mean:             -849.7085	return_std:              454.3726	test_action_0_mean:        0.7663
test_action_1_mean:        0.2316	test_action_2_mean:        0.0021	test_ep_length_mean:      30.0000	test_return_mean:        -178.4427
test_return_std:         218.8371	
2026-02-18 16:34:42,862 - my_experiment - IMPc100_HybridComm_100k_anneal - my_run - INFO - t_env: 1200990 / 2050000
2026-02-18 16:34:42,863 - my_experiment - IMPc100_HybridComm_100k_anneal - my_run - INFO - Estimated time left: 3 hours, 27 minutes, 45 seconds. Time passed: 5 hours, 2 minutes, 38 seconds
2026-02-18 16:40:49,029 - my_experiment - IMPc100_HybridComm_100k_anneal - my_run - INFO - Recent Stats | t_env:    1225980 | Episode:    40866
action_0_mean:             0.7612	action_1_mean:             0.2172	action_2_mean:             0.0216	ep_length_mean:           30.0000
epsilon:                   0.0500	grad_norm:                 1.2156	info_nce_loss:             0.0001	loss:                      0.4605
q_loss:                    0.4341	return_mean:             -852.3480	return_std:              431.5823	test_action_0_mean:        0.7983
test_action_1_mean:        0.1991	test_action_2_mean:        0.0025	test_ep_length_mean:      30.0000	test_return_mean:        -190.6418
test_return_std:         220.0939	
2026-02-18 16:40:49,431 - my_experiment - IMPc100_HybridComm_100k_anneal - my_run - INFO - t_env: 1226010 / 2050000
2026-02-18 16:40:49,431 - my_experiment - IMPc100_HybridComm_100k_anneal - my_run - INFO - Estimated time left: 3 hours, 21 minutes, 12 seconds. Time passed: 5 hours, 8 minutes, 44 seconds
2026-02-18 16:46:58,671 - my_experiment - IMPc100_HybridComm_100k_anneal - my_run - INFO - Saving models to work_dirs/my_experiment/IMPc100_HybridComm_100k_anneal/my_run/20260218_113102/models/1250280
2026-02-18 16:47:08,538 - my_experiment - IMPc100_HybridComm_100k_anneal - my_run - INFO - Recent Stats | t_env:    1251000 | Episode:    41700
action_0_mean:             0.7656	action_1_mean:             0.2127	action_2_mean:             0.0216	ep_length_mean:           30.0000
epsilon:                   0.0500	grad_norm:                 1.0047	info_nce_loss:             0.0001	loss:                      0.4044
q_loss:                    0.3830	return_mean:             -844.6054	return_std:              412.9376	test_action_0_mean:        0.8443
test_action_1_mean:        0.1518	test_action_2_mean:        0.0040	test_ep_length_mean:      30.0000	test_return_mean:        -190.9438
test_return_std:         219.1932	
2026-02-18 16:47:08,981 - my_experiment - IMPc100_HybridComm_100k_anneal - my_run - INFO - t_env: 1251030 / 2050000
2026-02-18 16:47:08,981 - my_experiment - IMPc100_HybridComm_100k_anneal - my_run - INFO - Estimated time left: 3 hours, 22 minutes, 0 seconds. Time passed: 5 hours, 15 minutes, 4 seconds
2026-02-18 16:53:11,845 - my_experiment - IMPc100_HybridComm_100k_anneal - my_run - INFO - Recent Stats | t_env:    1276020 | Episode:    42534
action_0_mean:             0.7521	action_1_mean:             0.2261	action_2_mean:             0.0217	ep_length_mean:           30.0000
epsilon:                   0.0500	grad_norm:                 0.9462	info_nce_loss:             0.0001	loss:                      0.3683
q_loss:                    0.3534	return_mean:             -836.5301	return_std:              381.0517	test_action_0_mean:        0.8396
test_action_1_mean:        0.1569	test_action_2_mean:        0.0036	test_ep_length_mean:      30.0000	test_return_mean:        -226.3778
test_return_std:         299.4702	
2026-02-18 16:53:12,250 - my_experiment - IMPc100_HybridComm_100k_anneal - my_run - INFO - t_env: 1276050 / 2050000
2026-02-18 16:53:12,251 - my_experiment - IMPc100_HybridComm_100k_anneal - my_run - INFO - Estimated time left: 3 hours, 7 minutes, 17 seconds. Time passed: 5 hours, 21 minutes, 7 seconds
2026-02-18 16:59:04,146 - my_experiment - IMPc100_HybridComm_100k_anneal - my_run - INFO - Saving models to work_dirs/my_experiment/IMPc100_HybridComm_100k_anneal/my_run/20260218_113102/models/1300290
2026-02-18 16:59:14,326 - my_experiment - IMPc100_HybridComm_100k_anneal - my_run - INFO - Recent Stats | t_env:    1301040 | Episode:    43368
action_0_mean:             0.7540	action_1_mean:             0.2242	action_2_mean:             0.0218	ep_length_mean:           30.0000
epsilon:                   0.0500	grad_norm:                 0.9172	info_nce_loss:             0.0001	loss:                      0.3343
q_loss:                    0.3225	return_mean:             -841.9088	return_std:              387.4560	test_action_0_mean:        0.8330
test_action_1_mean:        0.1633	test_action_2_mean:        0.0037	test_ep_length_mean:      30.0000	test_return_mean:        -238.5217
test_return_std:         331.3824	
2026-02-18 16:59:14,774 - my_experiment - IMPc100_HybridComm_100k_anneal - my_run - INFO - t_env: 1301070 / 2050000
2026-02-18 16:59:14,775 - my_experiment - IMPc100_HybridComm_100k_anneal - my_run - INFO - Estimated time left: 3 hours, 51 seconds. Time passed: 5 hours, 27 minutes, 10 seconds
2026-02-18 17:05:08,622 - my_experiment - IMPc100_HybridComm_100k_anneal - my_run - INFO - Recent Stats | t_env:    1326060 | Episode:    44202
action_0_mean:             0.7646	action_1_mean:             0.2137	action_2_mean:             0.0216	ep_length_mean:           30.0000
epsilon:                   0.0500	grad_norm:                 0.8819	info_nce_loss:             0.0001	loss:                      0.3505
q_loss:                    0.3373	return_mean:             -836.5761	return_std:              388.2619	test_action_0_mean:        0.8534
test_action_1_mean:        0.1411	test_action_2_mean:        0.0055	test_ep_length_mean:      30.0000	test_return_mean:        -257.3697
test_return_std:         364.1026	
2026-02-18 17:05:09,098 - my_experiment - IMPc100_HybridComm_100k_anneal - my_run - INFO - t_env: 1326090 / 2050000
2026-02-18 17:05:09,099 - my_experiment - IMPc100_HybridComm_100k_anneal - my_run - INFO - Estimated time left: 2 hours, 50 minutes, 51 seconds. Time passed: 5 hours, 33 minutes, 4 seconds
2026-02-18 17:11:02,548 - my_experiment - IMPc100_HybridComm_100k_anneal - my_run - INFO - Saving models to work_dirs/my_experiment/IMPc100_HybridComm_100k_anneal/my_run/20260218_113102/models/1350300
2026-02-18 17:11:13,919 - my_experiment - IMPc100_HybridComm_100k_anneal - my_run - INFO - Recent Stats | t_env:    1351080 | Episode:    45036
action_0_mean:             0.7780	action_1_mean:             0.2006	action_2_mean:             0.0214	ep_length_mean:           30.0000
epsilon:                   0.0500	grad_norm:                 0.9541	info_nce_loss:             0.0001	loss:                      0.2860
q_loss:                    0.2633	return_mean:             -827.2451	return_std:              367.1697	test_action_0_mean:        0.8539
test_action_1_mean:        0.1387	test_action_2_mean:        0.0074	test_ep_length_mean:      30.0000	test_return_mean:        -360.3799
test_return_std:         491.5010	
2026-02-18 17:11:14,408 - my_experiment - IMPc100_HybridComm_100k_anneal - my_run - INFO - t_env: 1351110 / 2050000
2026-02-18 17:11:14,409 - my_experiment - IMPc100_HybridComm_100k_anneal - my_run - INFO - Estimated time left: 2 hours, 50 minutes, 4 seconds. Time passed: 5 hours, 39 minutes, 9 seconds
2026-02-18 17:17:22,127 - my_experiment - IMPc100_HybridComm_100k_anneal - my_run - INFO - Recent Stats | t_env:    1376100 | Episode:    45870
action_0_mean:             0.7779	action_1_mean:             0.2006	action_2_mean:             0.0215	ep_length_mean:           30.0000
epsilon:                   0.0500	grad_norm:                 1.1930	info_nce_loss:             0.0001	loss:                      0.3320
q_loss:                    0.3051	return_mean:             -835.7340	return_std:              390.0884	test_action_0_mean:        0.8566
test_action_1_mean:        0.1371	test_action_2_mean:        0.0063	test_ep_length_mean:      30.0000	test_return_mean:        -354.7049
test_return_std:         543.1737	
2026-02-18 17:17:22,552 - my_experiment - IMPc100_HybridComm_100k_anneal - my_run - INFO - t_env: 1376130 / 2050000
2026-02-18 17:17:22,553 - my_experiment - IMPc100_HybridComm_100k_anneal - my_run - INFO - Estimated time left: 2 hours, 45 minutes, 15 seconds. Time passed: 5 hours, 45 minutes, 17 seconds
2026-02-18 17:23:12,069 - my_experiment - IMPc100_HybridComm_100k_anneal - my_run - INFO - Saving models to work_dirs/my_experiment/IMPc100_HybridComm_100k_anneal/my_run/20260218_113102/models/1400310
2026-02-18 17:23:23,769 - my_experiment - IMPc100_HybridComm_100k_anneal - my_run - INFO - Recent Stats | t_env:    1401120 | Episode:    46704
action_0_mean:             0.7992	action_1_mean:             0.1791	action_2_mean:             0.0217	ep_length_mean:           30.0000
epsilon:                   0.0500	grad_norm:                 1.1856	info_nce_loss:             0.0001	loss:                      0.3195
q_loss:                    0.2926	return_mean:             -835.8903	return_std:              392.5223	test_action_0_mean:        0.8555
test_action_1_mean:        0.1389	test_action_2_mean:        0.0056	test_ep_length_mean:      30.0000	test_return_mean:        -301.2520
test_return_std:         439.8356	
2026-02-18 17:23:24,198 - my_experiment - IMPc100_HybridComm_100k_anneal - my_run - INFO - t_env: 1401150 / 2050000
2026-02-18 17:23:24,199 - my_experiment - IMPc100_HybridComm_100k_anneal - my_run - INFO - Estimated time left: 2 hours, 36 minutes, 18 seconds. Time passed: 5 hours, 51 minutes, 19 seconds
2026-02-18 17:29:33,612 - my_experiment - IMPc100_HybridComm_100k_anneal - my_run - INFO - Recent Stats | t_env:    1426140 | Episode:    47538
action_0_mean:             0.8124	action_1_mean:             0.1660	action_2_mean:             0.0216	ep_length_mean:           30.0000
epsilon:                   0.0500	grad_norm:                 1.0826	info_nce_loss:             0.0001	loss:                      0.3473
q_loss:                    0.3178	return_mean:             -845.4843	return_std:              467.0250	test_action_0_mean:        0.8580
test_action_1_mean:        0.1354	test_action_2_mean:        0.0066	test_ep_length_mean:      30.0000	test_return_mean:        -313.4234
test_return_std:         465.4801	
2026-02-18 17:29:34,059 - my_experiment - IMPc100_HybridComm_100k_anneal - my_run - INFO - t_env: 1426170 / 2050000
2026-02-18 17:29:34,059 - my_experiment - IMPc100_HybridComm_100k_anneal - my_run - INFO - Estimated time left: 2 hours, 33 minutes, 41 seconds. Time passed: 5 hours, 57 minutes, 29 seconds
2026-02-18 17:35:43,340 - my_experiment - IMPc100_HybridComm_100k_anneal - my_run - INFO - Saving models to work_dirs/my_experiment/IMPc100_HybridComm_100k_anneal/my_run/20260218_113102/models/1450320
2026-02-18 17:35:57,135 - my_experiment - IMPc100_HybridComm_100k_anneal - my_run - INFO - Recent Stats | t_env:    1451160 | Episode:    48372
action_0_mean:             0.8110	action_1_mean:             0.1673	action_2_mean:             0.0217	ep_length_mean:           30.0000
epsilon:                   0.0500	grad_norm:                 1.6308	info_nce_loss:             0.0001	loss:                      0.4356
q_loss:                    0.3981	return_mean:             -858.6494	return_std:              503.3761	test_action_0_mean:        0.8237
test_action_1_mean:        0.1710	test_action_2_mean:        0.0053	test_ep_length_mean:      30.0000	test_return_mean:        -303.1053
test_return_std:         468.4616	
2026-02-18 17:35:57,564 - my_experiment - IMPc100_HybridComm_100k_anneal - my_run - INFO - t_env: 1451190 / 2050000
2026-02-18 17:35:57,565 - my_experiment - IMPc100_HybridComm_100k_anneal - my_run - INFO - Estimated time left: 2 hours, 32 minutes, 58 seconds. Time passed: 6 hours, 3 minutes, 52 seconds
2026-02-18 17:42:14,704 - my_experiment - IMPc100_HybridComm_100k_anneal - my_run - INFO - Recent Stats | t_env:    1476180 | Episode:    49206
action_0_mean:             0.7899	action_1_mean:             0.1885	action_2_mean:             0.0217	ep_length_mean:           30.0000
epsilon:                   0.0500	grad_norm:                 1.3347	info_nce_loss:             0.0001	loss:                      0.3762
q_loss:                    0.3482	return_mean:             -852.3638	return_std:              486.0773	test_action_0_mean:        0.8230
test_action_1_mean:        0.1742	test_action_2_mean:        0.0028	test_ep_length_mean:      30.0000	test_return_mean:        -207.1635
test_return_std:         426.0433	
2026-02-18 17:42:15,156 - my_experiment - IMPc100_HybridComm_100k_anneal - my_run - INFO - t_env: 1476210 / 2050000
2026-02-18 17:42:15,156 - my_experiment - IMPc100_HybridComm_100k_anneal - my_run - INFO - Estimated time left: 2 hours, 24 minutes, 19 seconds. Time passed: 6 hours, 10 minutes, 10 seconds
2026-02-18 17:48:09,676 - my_experiment - IMPc100_HybridComm_100k_anneal - my_run - INFO - Saving models to work_dirs/my_experiment/IMPc100_HybridComm_100k_anneal/my_run/20260218_113102/models/1500330
2026-02-18 17:48:22,483 - my_experiment - IMPc100_HybridComm_100k_anneal - my_run - INFO - Recent Stats | t_env:    1501200 | Episode:    50040
action_0_mean:             0.7904	action_1_mean:             0.1881	action_2_mean:             0.0215	ep_length_mean:           30.0000
epsilon:                   0.0500	grad_norm:                 0.9871	info_nce_loss:             0.0001	loss:                      0.3398
q_loss:                    0.3152	return_mean:             -848.5168	return_std:              483.8059	test_action_0_mean:        0.8269
test_action_1_mean:        0.1702	test_action_2_mean:        0.0029	test_ep_length_mean:      30.0000	test_return_mean:        -211.2292
test_return_std:         373.1740	
2026-02-18 17:48:22,911 - my_experiment - IMPc100_HybridComm_100k_anneal - my_run - INFO - t_env: 1501230 / 2050000
2026-02-18 17:48:22,911 - my_experiment - IMPc100_HybridComm_100k_anneal - my_run - INFO - Estimated time left: 2 hours, 14 minutes, 26 seconds. Time passed: 6 hours, 16 minutes, 18 seconds
2026-02-18 17:54:29,564 - my_experiment - IMPc100_HybridComm_100k_anneal - my_run - INFO - Recent Stats | t_env:    1526220 | Episode:    50874
action_0_mean:             0.7985	action_1_mean:             0.1805	action_2_mean:             0.0210	ep_length_mean:           30.0000
epsilon:                   0.0500	grad_norm:                 1.0101	info_nce_loss:             0.0001	loss:                      0.3454
q_loss:                    0.3181	return_mean:             -842.1180	return_std:              487.9264	test_action_0_mean:        0.8451
test_action_1_mean:        0.1522	test_action_2_mean:        0.0027	test_ep_length_mean:      30.0000	test_return_mean:        -274.4352
test_return_std:         447.1603	
2026-02-18 17:54:29,979 - my_experiment - IMPc100_HybridComm_100k_anneal - my_run - INFO - t_env: 1526250 / 2050000
2026-02-18 17:54:29,979 - my_experiment - IMPc100_HybridComm_100k_anneal - my_run - INFO - Estimated time left: 2 hours, 8 minutes, 3 seconds. Time passed: 6 hours, 22 minutes, 25 seconds
2026-02-18 18:00:25,871 - my_experiment - IMPc100_HybridComm_100k_anneal - my_run - INFO - Saving models to work_dirs/my_experiment/IMPc100_HybridComm_100k_anneal/my_run/20260218_113102/models/1550340
2026-02-18 18:00:39,474 - my_experiment - IMPc100_HybridComm_100k_anneal - my_run - INFO - Recent Stats | t_env:    1551240 | Episode:    51708
action_0_mean:             0.7991	action_1_mean:             0.1801	action_2_mean:             0.0208	ep_length_mean:           30.0000
epsilon:                   0.0500	grad_norm:                 1.0484	info_nce_loss:             0.0001	loss:                      0.3238
q_loss:                    0.3025	return_mean:             -833.3759	return_std:              427.6912	test_action_0_mean:        0.8627
test_action_1_mean:        0.1357	test_action_2_mean:        0.0016	test_ep_length_mean:      30.0000	test_return_mean:        -309.5224
test_return_std:         598.5209	
2026-02-18 18:00:39,989 - my_experiment - IMPc100_HybridComm_100k_anneal - my_run - INFO - t_env: 1551270 / 2050000
2026-02-18 18:00:39,990 - my_experiment - IMPc100_HybridComm_100k_anneal - my_run - INFO - Estimated time left: 2 hours, 2 minutes, 55 seconds. Time passed: 6 hours, 28 minutes, 35 seconds
2026-02-18 18:07:01,483 - my_experiment - IMPc100_HybridComm_100k_anneal - my_run - INFO - Recent Stats | t_env:    1576260 | Episode:    52542
action_0_mean:             0.8068	action_1_mean:             0.1729	action_2_mean:             0.0203	ep_length_mean:           30.0000
epsilon:                   0.0500	grad_norm:                 0.5291	info_nce_loss:             0.0001	loss:                      0.2095
q_loss:                    0.1986	return_mean:             -813.9796	return_std:              382.2672	test_action_0_mean:        0.8864
test_action_1_mean:        0.1126	test_action_2_mean:        0.0010	test_ep_length_mean:      30.0000	test_return_mean:        -321.4703
test_return_std:         634.5196	
2026-02-18 18:07:01,906 - my_experiment - IMPc100_HybridComm_100k_anneal - my_run - INFO - t_env: 1576290 / 2050000
2026-02-18 18:07:01,906 - my_experiment - IMPc100_HybridComm_100k_anneal - my_run - INFO - Estimated time left: 2 hours, 30 seconds. Time passed: 6 hours, 34 minutes, 57 seconds
2026-02-18 18:12:59,222 - my_experiment - IMPc100_HybridComm_100k_anneal - my_run - INFO - Saving models to work_dirs/my_experiment/IMPc100_HybridComm_100k_anneal/my_run/20260218_113102/models/1600350
2026-02-18 18:13:11,934 - my_experiment - IMPc100_HybridComm_100k_anneal - my_run - INFO - Recent Stats | t_env:    1601280 | Episode:    53376
action_0_mean:             0.8124	action_1_mean:             0.1672	action_2_mean:             0.0204	ep_length_mean:           30.0000
epsilon:                   0.0500	grad_norm:                 0.5382	info_nce_loss:             0.0001	loss:                      0.2117
q_loss:                    0.1964	return_mean:             -828.1205	return_std:              398.9448	test_action_0_mean:        0.8752
test_action_1_mean:        0.1239	test_action_2_mean:        0.0009	test_ep_length_mean:      30.0000	test_return_mean:        -322.8517
test_return_std:         593.0008	
2026-02-18 18:13:12,403 - my_experiment - IMPc100_HybridComm_100k_anneal - my_run - INFO - t_env: 1601310 / 2050000
2026-02-18 18:13:12,404 - my_experiment - IMPc100_HybridComm_100k_anneal - my_run - INFO - Estimated time left: 1 hours, 50 minutes, 44 seconds. Time passed: 6 hours, 41 minutes, 7 seconds
2026-02-18 18:19:15,820 - my_experiment - IMPc100_HybridComm_100k_anneal - my_run - INFO - Recent Stats | t_env:    1626300 | Episode:    54210
action_0_mean:             0.8168	action_1_mean:             0.1627	action_2_mean:             0.0205	ep_length_mean:           30.0000
epsilon:                   0.0500	grad_norm:                 0.6173	info_nce_loss:             0.0001	loss:                      0.2132
q_loss:                    0.1977	return_mean:             -836.8024	return_std:              412.7601	test_action_0_mean:        0.8779
test_action_1_mean:        0.1191	test_action_2_mean:        0.0030	test_ep_length_mean:      30.0000	test_return_mean:        -373.3868
test_return_std:         656.4922	
2026-02-18 18:19:16,236 - my_experiment - IMPc100_HybridComm_100k_anneal - my_run - INFO - t_env: 1626330 / 2050000
2026-02-18 18:19:16,237 - my_experiment - IMPc100_HybridComm_100k_anneal - my_run - INFO - Estimated time left: 1 hours, 42 minutes, 40 seconds. Time passed: 6 hours, 47 minutes, 11 seconds
2026-02-18 18:25:07,077 - my_experiment - IMPc100_HybridComm_100k_anneal - my_run - INFO - Saving models to work_dirs/my_experiment/IMPc100_HybridComm_100k_anneal/my_run/20260218_113102/models/1650360
2026-02-18 18:25:21,066 - my_experiment - IMPc100_HybridComm_100k_anneal - my_run - INFO - Recent Stats | t_env:    1651320 | Episode:    55044
action_0_mean:             0.8132	action_1_mean:             0.1661	action_2_mean:             0.0208	ep_length_mean:           30.0000
epsilon:                   0.0500	grad_norm:                 0.6759	info_nce_loss:             0.0001	loss:                      0.2678
q_loss:                    0.2474	return_mean:             -843.1609	return_std:              428.5576	test_action_0_mean:        0.8631
test_action_1_mean:        0.1335	test_action_2_mean:        0.0034	test_ep_length_mean:      30.0000	test_return_mean:        -325.5384
test_return_std:         602.9284	
2026-02-18 18:25:21,529 - my_experiment - IMPc100_HybridComm_100k_anneal - my_run - INFO - t_env: 1651350 / 2050000
2026-02-18 18:25:21,530 - my_experiment - IMPc100_HybridComm_100k_anneal - my_run - INFO - Estimated time left: 1 hours, 37 minutes, 0 seconds. Time passed: 6 hours, 53 minutes, 16 seconds
2026-02-18 18:31:34,188 - my_experiment - IMPc100_HybridComm_100k_anneal - my_run - INFO - Recent Stats | t_env:    1676340 | Episode:    55878
action_0_mean:             0.7963	action_1_mean:             0.1823	action_2_mean:             0.0214	ep_length_mean:           30.0000
epsilon:                   0.0500	grad_norm:                 0.7067	info_nce_loss:             0.0002	loss:                      0.2731
q_loss:                    0.2482	return_mean:             -856.0201	return_std:              471.5626	test_action_0_mean:        0.8018
test_action_1_mean:        0.1948	test_action_2_mean:        0.0034	test_ep_length_mean:      30.0000	test_return_mean:        -275.1423
test_return_std:         379.8688	
2026-02-18 18:31:34,632 - my_experiment - IMPc100_HybridComm_100k_anneal - my_run - INFO - t_env: 1676370 / 2050000
2026-02-18 18:31:34,633 - my_experiment - IMPc100_HybridComm_100k_anneal - my_run - INFO - Estimated time left: 1 hours, 32 minutes, 51 seconds. Time passed: 6 hours, 59 minutes, 29 seconds
2026-02-18 18:37:28,830 - my_experiment - IMPc100_HybridComm_100k_anneal - my_run - INFO - Saving models to work_dirs/my_experiment/IMPc100_HybridComm_100k_anneal/my_run/20260218_113102/models/1700370
2026-02-18 18:37:42,193 - my_experiment - IMPc100_HybridComm_100k_anneal - my_run - INFO - Recent Stats | t_env:    1701360 | Episode:    56712
action_0_mean:             0.7783	action_1_mean:             0.2003	action_2_mean:             0.0215	ep_length_mean:           30.0000
epsilon:                   0.0500	grad_norm:                 0.6610	info_nce_loss:             0.0002	loss:                      0.2942
q_loss:                    0.2674	return_mean:             -853.2160	return_std:              491.0096	test_action_0_mean:        0.7675
test_action_1_mean:        0.2286	test_action_2_mean:        0.0039	test_ep_length_mean:      30.0000	test_return_mean:        -254.0685
test_return_std:         286.8636	
2026-02-18 18:37:42,604 - my_experiment - IMPc100_HybridComm_100k_anneal - my_run - INFO - t_env: 1701390 / 2050000
2026-02-18 18:37:42,604 - my_experiment - IMPc100_HybridComm_100k_anneal - my_run - INFO - Estimated time left: 1 hours, 25 minutes, 27 seconds. Time passed: 7 hours, 5 minutes, 37 seconds
2026-02-18 18:43:38,935 - my_experiment - IMPc100_HybridComm_100k_anneal - my_run - INFO - Recent Stats | t_env:    1726380 | Episode:    57546
action_0_mean:             0.7751	action_1_mean:             0.2032	action_2_mean:             0.0216	ep_length_mean:           30.0000
epsilon:                   0.0500	grad_norm:                 0.9694	info_nce_loss:             0.0002	loss:                      0.3735
q_loss:                    0.3395	return_mean:             -845.3812	return_std:              477.3773	test_action_0_mean:        0.8043
test_action_1_mean:        0.1914	test_action_2_mean:        0.0043	test_ep_length_mean:      30.0000	test_return_mean:        -228.2016
test_return_std:         276.9190	
2026-02-18 18:43:39,330 - my_experiment - IMPc100_HybridComm_100k_anneal - my_run - INFO - t_env: 1726410 / 2050000
2026-02-18 18:43:39,330 - my_experiment - IMPc100_HybridComm_100k_anneal - my_run - INFO - Estimated time left: 1 hours, 16 minutes, 53 seconds. Time passed: 7 hours, 11 minutes, 34 seconds
2026-02-18 18:49:17,081 - my_experiment - IMPc100_HybridComm_100k_anneal - my_run - INFO - Saving models to work_dirs/my_experiment/IMPc100_HybridComm_100k_anneal/my_run/20260218_113102/models/1750380
2026-02-18 18:49:31,079 - my_experiment - IMPc100_HybridComm_100k_anneal - my_run - INFO - Recent Stats | t_env:    1751400 | Episode:    58380
action_0_mean:             0.7700	action_1_mean:             0.2082	action_2_mean:             0.0218	ep_length_mean:           30.0000
epsilon:                   0.0500	grad_norm:                 1.2144	info_nce_loss:             0.0002	loss:                      0.4250
q_loss:                    0.3948	return_mean:             -841.5693	return_std:              474.7793	test_action_0_mean:        0.7955
test_action_1_mean:        0.2027	test_action_2_mean:        0.0018	test_ep_length_mean:      30.0000	test_return_mean:        -182.0513
test_return_std:         212.8653	
2026-02-18 18:49:31,487 - my_experiment - IMPc100_HybridComm_100k_anneal - my_run - INFO - t_env: 1751430 / 2050000
2026-02-18 18:49:31,487 - my_experiment - IMPc100_HybridComm_100k_anneal - my_run - INFO - Estimated time left: 1 hours, 10 minutes, 2 seconds. Time passed: 7 hours, 17 minutes, 26 seconds
2026-02-18 18:55:28,592 - my_experiment - IMPc100_HybridComm_100k_anneal - my_run - INFO - Recent Stats | t_env:    1776420 | Episode:    59214
action_0_mean:             0.7679	action_1_mean:             0.2107	action_2_mean:             0.0214	ep_length_mean:           30.0000
epsilon:                   0.0500	grad_norm:                 1.1217	info_nce_loss:             0.0001	loss:                      0.3749
q_loss:                    0.3523	return_mean:             -831.1322	return_std:              445.7789	test_action_0_mean:        0.7766
test_action_1_mean:        0.2148	test_action_2_mean:        0.0086	test_ep_length_mean:      30.0000	test_return_mean:        -518.0318
test_return_std:         320.3936	
2026-02-18 18:55:29,026 - my_experiment - IMPc100_HybridComm_100k_anneal - my_run - INFO - t_env: 1776450 / 2050000
2026-02-18 18:55:29,027 - my_experiment - IMPc100_HybridComm_100k_anneal - my_run - INFO - Estimated time left: 1 hours, 5 minutes, 9 seconds. Time passed: 7 hours, 23 minutes, 24 seconds
2026-02-18 19:01:16,952 - my_experiment - IMPc100_HybridComm_100k_anneal - my_run - INFO - Saving models to work_dirs/my_experiment/IMPc100_HybridComm_100k_anneal/my_run/20260218_113102/models/1800390
2026-02-18 19:01:31,498 - my_experiment - IMPc100_HybridComm_100k_anneal - my_run - INFO - Recent Stats | t_env:    1801440 | Episode:    60048
action_0_mean:             0.7696	action_1_mean:             0.2096	action_2_mean:             0.0209	ep_length_mean:           30.0000
epsilon:                   0.0500	grad_norm:                 1.1261	info_nce_loss:             0.0001	loss:                      0.4182
q_loss:                    0.3917	return_mean:             -831.3188	return_std:              467.2176	test_action_0_mean:        0.8026
test_action_1_mean:        0.1884	test_action_2_mean:        0.0089	test_ep_length_mean:      30.0000	test_return_mean:        -551.2218
test_return_std:         405.5520	
2026-02-18 19:01:31,884 - my_experiment - IMPc100_HybridComm_100k_anneal - my_run - INFO - t_env: 1801470 / 2050000
2026-02-18 19:01:31,885 - my_experiment - IMPc100_HybridComm_100k_anneal - my_run - INFO - Estimated time left: 1 hours, 4 seconds. Time passed: 7 hours, 29 minutes, 27 seconds
2026-02-18 19:07:25,216 - my_experiment - IMPc100_HybridComm_100k_anneal - my_run - INFO - Recent Stats | t_env:    1826460 | Episode:    60882
action_0_mean:             0.7709	action_1_mean:             0.2082	action_2_mean:             0.0209	ep_length_mean:           30.0000
epsilon:                   0.0500	grad_norm:                 1.2734	info_nce_loss:             0.0001	loss:                      0.4105
q_loss:                    0.3847	return_mean:             -837.1893	return_std:              449.8091	test_action_0_mean:        0.8413
test_action_1_mean:        0.1503	test_action_2_mean:        0.0084	test_ep_length_mean:      30.0000	test_return_mean:        -544.8934
test_return_std:         412.6616	
2026-02-18 19:07:25,640 - my_experiment - IMPc100_HybridComm_100k_anneal - my_run - INFO - t_env: 1826490 / 2050000
2026-02-18 19:07:25,641 - my_experiment - IMPc100_HybridComm_100k_anneal - my_run - INFO - Estimated time left: 52 minutes, 40 seconds. Time passed: 7 hours, 35 minutes, 20 seconds
2026-02-18 19:12:58,772 - my_experiment - IMPc100_HybridComm_100k_anneal - my_run - INFO - Saving models to work_dirs/my_experiment/IMPc100_HybridComm_100k_anneal/my_run/20260218_113102/models/1850400
2026-02-18 19:13:13,500 - my_experiment - IMPc100_HybridComm_100k_anneal - my_run - INFO - Recent Stats | t_env:    1851480 | Episode:    61716
action_0_mean:             0.7798	action_1_mean:             0.1995	action_2_mean:             0.0207	ep_length_mean:           30.0000
epsilon:                   0.0500	grad_norm:                 0.9558	info_nce_loss:             0.0001	loss:                      0.3545
q_loss:                    0.3338	return_mean:             -839.5548	return_std:              452.5494	test_action_0_mean:        0.8439
test_action_1_mean:        0.1475	test_action_2_mean:        0.0086	test_ep_length_mean:      30.0000	test_return_mean:        -556.7745
test_return_std:         407.8221	
2026-02-18 19:13:13,921 - my_experiment - IMPc100_HybridComm_100k_anneal - my_run - INFO - t_env: 1851510 / 2050000
2026-02-18 19:13:13,921 - my_experiment - IMPc100_HybridComm_100k_anneal - my_run - INFO - Estimated time left: 46 minutes, 2 seconds. Time passed: 7 hours, 41 minutes, 9 seconds
2026-02-18 19:19:08,009 - my_experiment - IMPc100_HybridComm_100k_anneal - my_run - INFO - Recent Stats | t_env:    1876500 | Episode:    62550
action_0_mean:             0.7863	action_1_mean:             0.1933	action_2_mean:             0.0204	ep_length_mean:           30.0000
epsilon:                   0.0500	grad_norm:                 0.7164	info_nce_loss:             0.0001	loss:                      0.3720
q_loss:                    0.3412	return_mean:             -838.4111	return_std:              452.7154	test_action_0_mean:        0.8498
test_action_1_mean:        0.1418	test_action_2_mean:        0.0085	test_ep_length_mean:      30.0000	test_return_mean:        -532.6959
test_return_std:         369.2000	
2026-02-18 19:19:08,515 - my_experiment - IMPc100_HybridComm_100k_anneal - my_run - INFO - t_env: 1876530 / 2050000
2026-02-18 19:19:08,515 - my_experiment - IMPc100_HybridComm_100k_anneal - my_run - INFO - Estimated time left: 40 minutes, 58 seconds. Time passed: 7 hours, 47 minutes, 3 seconds
2026-02-18 19:24:53,585 - my_experiment - IMPc100_HybridComm_100k_anneal - my_run - INFO - Saving models to work_dirs/my_experiment/IMPc100_HybridComm_100k_anneal/my_run/20260218_113102/models/1900410
2026-02-18 19:25:08,794 - my_experiment - IMPc100_HybridComm_100k_anneal - my_run - INFO - Recent Stats | t_env:    1901520 | Episode:    63384
action_0_mean:             0.7833	action_1_mean:             0.1961	action_2_mean:             0.0206	ep_length_mean:           30.0000
epsilon:                   0.0500	grad_norm:                 0.7669	info_nce_loss:             0.0001	loss:                      0.4107
q_loss:                    0.3799	return_mean:             -838.5685	return_std:              464.6082	test_action_0_mean:        0.8469
test_action_1_mean:        0.1504	test_action_2_mean:        0.0027	test_ep_length_mean:      30.0000	test_return_mean:        -215.4440
test_return_std:         275.2319	
2026-02-18 19:25:09,286 - my_experiment - IMPc100_HybridComm_100k_anneal - my_run - INFO - t_env: 1901550 / 2050000
2026-02-18 19:25:09,287 - my_experiment - IMPc100_HybridComm_100k_anneal - my_run - INFO - Estimated time left: 35 minutes, 40 seconds. Time passed: 7 hours, 53 minutes, 4 seconds
2026-02-18 19:31:08,263 - my_experiment - IMPc100_HybridComm_100k_anneal - my_run - INFO - Recent Stats | t_env:    1926540 | Episode:    64218
action_0_mean:             0.7820	action_1_mean:             0.1973	action_2_mean:             0.0207	ep_length_mean:           30.0000
epsilon:                   0.0500	grad_norm:                 0.7420	info_nce_loss:             0.0001	loss:                      0.4245
q_loss:                    0.3925	return_mean:             -821.4963	return_std:              384.9802	test_action_0_mean:        0.8557
test_action_1_mean:        0.1388	test_action_2_mean:        0.0055	test_ep_length_mean:      30.0000	test_return_mean:        -284.9131
test_return_std:         256.7237	
2026-02-18 19:31:08,671 - my_experiment - IMPc100_HybridComm_100k_anneal - my_run - INFO - t_env: 1926570 / 2050000
2026-02-18 19:31:08,671 - my_experiment - IMPc100_HybridComm_100k_anneal - my_run - INFO - Estimated time left: 29 minutes, 32 seconds. Time passed: 7 hours, 59 minutes, 3 seconds
2026-02-18 19:36:48,451 - my_experiment - IMPc100_HybridComm_100k_anneal - my_run - INFO - Saving models to work_dirs/my_experiment/IMPc100_HybridComm_100k_anneal/my_run/20260218_113102/models/1950420
2026-02-18 19:37:04,474 - my_experiment - IMPc100_HybridComm_100k_anneal - my_run - INFO - Recent Stats | t_env:    1951560 | Episode:    65052
action_0_mean:             0.7871	action_1_mean:             0.1923	action_2_mean:             0.0206	ep_length_mean:           30.0000
epsilon:                   0.0500	grad_norm:                 0.5996	info_nce_loss:             0.0001	loss:                      0.4106
q_loss:                    0.3798	return_mean:             -807.7677	return_std:              365.5541	test_action_0_mean:        0.8438
test_action_1_mean:        0.1504	test_action_2_mean:        0.0058	test_ep_length_mean:      30.0000	test_return_mean:        -279.2537
test_return_std:         240.0311	
2026-02-18 19:37:04,909 - my_experiment - IMPc100_HybridComm_100k_anneal - my_run - INFO - t_env: 1951590 / 2050000
2026-02-18 19:37:04,910 - my_experiment - IMPc100_HybridComm_100k_anneal - my_run - INFO - Estimated time left: 23 minutes, 21 seconds. Time passed: 8 hours, 5 minutes, 0 seconds
2026-02-18 19:43:03,566 - my_experiment - IMPc100_HybridComm_100k_anneal - my_run - INFO - Recent Stats | t_env:    1976580 | Episode:    65886
action_0_mean:             0.7861	action_1_mean:             0.1932	action_2_mean:             0.0206	ep_length_mean:           30.0000
epsilon:                   0.0500	grad_norm:                 0.5359	info_nce_loss:             0.0001	loss:                      0.4139
q_loss:                    0.3828	return_mean:             -803.7597	return_std:              363.1014	test_action_0_mean:        0.7882
test_action_1_mean:        0.2062	test_action_2_mean:        0.0055	test_ep_length_mean:      30.0000	test_return_mean:        -270.1822
test_return_std:         210.9849	
2026-02-18 19:43:03,966 - my_experiment - IMPc100_HybridComm_100k_anneal - my_run - INFO - t_env: 1976610 / 2050000
2026-02-18 19:43:03,966 - my_experiment - IMPc100_HybridComm_100k_anneal - my_run - INFO - Estimated time left: 17 minutes, 33 seconds. Time passed: 8 hours, 10 minutes, 59 seconds
2026-02-18 19:48:42,971 - my_experiment - IMPc100_HybridComm_100k_anneal - my_run - INFO - Saving models to work_dirs/my_experiment/IMPc100_HybridComm_100k_anneal/my_run/20260218_113102/models/2000430
2026-02-18 19:48:59,493 - my_experiment - IMPc100_HybridComm_100k_anneal - my_run - INFO - Recent Stats | t_env:    2001600 | Episode:    66720
action_0_mean:             0.7816	action_1_mean:             0.1978	action_2_mean:             0.0206	ep_length_mean:           30.0000
epsilon:                   0.0500	grad_norm:                 0.4849	info_nce_loss:             0.0002	loss:                      0.3593
q_loss:                    0.3332	return_mean:             -795.6316	return_std:              346.7655	test_action_0_mean:        0.7787
test_action_1_mean:        0.2158	test_action_2_mean:        0.0056	test_ep_length_mean:      30.0000	test_return_mean:        -269.8312
test_return_std:         212.6322	
2026-02-18 19:48:59,882 - my_experiment - IMPc100_HybridComm_100k_anneal - my_run - INFO - t_env: 2001630 / 2050000
2026-02-18 19:48:59,883 - my_experiment - IMPc100_HybridComm_100k_anneal - my_run - INFO - Estimated time left: 11 minutes, 28 seconds. Time passed: 8 hours, 16 minutes, 55 seconds
2026-02-18 19:54:50,140 - my_experiment - IMPc100_HybridComm_100k_anneal - my_run - INFO - Recent Stats | t_env:    2026620 | Episode:    67554
action_0_mean:             0.7789	action_1_mean:             0.2006	action_2_mean:             0.0205	ep_length_mean:           30.0000
epsilon:                   0.0500	grad_norm:                 0.5136	info_nce_loss:             0.0002	loss:                      0.4035
q_loss:                    0.3668	return_mean:             -796.0096	return_std:              350.8647	test_action_0_mean:        0.7847
test_action_1_mean:        0.2110	test_action_2_mean:        0.0044	test_ep_length_mean:      30.0000	test_return_mean:        -238.4058
test_return_std:         175.3241	
2026-02-18 19:54:50,733 - my_experiment - IMPc100_HybridComm_100k_anneal - my_run - INFO - t_env: 2026650 / 2050000
2026-02-18 19:54:50,734 - my_experiment - IMPc100_HybridComm_100k_anneal - my_run - INFO - Estimated time left: 5 minutes, 27 seconds. Time passed: 8 hours, 22 minutes, 46 seconds
2026-02-18 20:00:23,127 - my_experiment - IMPc100_HybridComm_100k_anneal - my_run - INFO - Finished Training
