JOB ID: 1749865
Running on node: artongpu03
Project Directory: /usr/itetnas04/data-scratch-01/pparsons/data/MyExpoComm
--------------------------------
Algorithm:   qmix_ExpoComm_one_peer_n7_cont
Environment: IMP_struct_c_50_cc
Profile:     IMPc50_ExpoComm
--------------------------------
Conda activated: /usr/itetnas04/data-scratch-01/pparsons/data/conda_envs/ExpoComm
Starting Run...
Exiting Main
Stopping all threads
Thread wandb-AsyncioManager-main is alive! Is daemon: True
Thread joined
Thread ChkStopThr is alive! Is daemon: True
Thread joined
Thread IntMsgThr is alive! Is daemon: True
Thread joined
Exiting script
[1;34mwandb[0m: 
[1;34mwandb[0m: 🚀 View run [33mmy_run-IMPc50_ExpoComm-20260217_161313[0m at: [34mhttps://wandb.ai/peterparsons02-eth-z-rich/my_experiment/runs/ykvra5nx[0m
[1;34mwandb[0m: Find logs at: [1;35mwandb/run-20260217_161314-ykvra5nx/logs[0m
Finished at: Tue Feb 17 22:16:16 CET 2026
