JOB ID: 1750124
Running on node: artongpu02
Project Directory: /usr/itetnas04/data-scratch-01/pparsons/data/MyExpoComm
--------------------------------
Algorithm:   HybridComm
Environment: IMP_struct_c_100_cc
Profile:     IMPc100_HybridComm_100k_anneal
--------------------------------
Conda activated: /usr/itetnas04/data-scratch-01/pparsons/data/conda_envs/ExpoComm
Starting Run...
Exiting Main
Stopping all threads
Thread wandb-AsyncioManager-main is alive! Is daemon: True
Thread joined
Thread ChkStopThr is alive! Is daemon: True
Thread joined
Thread IntMsgThr is alive! Is daemon: True
Thread joined
Exiting script
[1;34mwandb[0m: 
[1;34mwandb[0m: 🚀 View run [33mmy_run-IMPc100_HybridComm_100k_anneal-20260218_113102[0m at: [34mhttps://wandb.ai/peterparsons02-eth-z-rich/my_experiment/runs/kkhx43vh[0m
[1;34mwandb[0m: Find logs at: [1;35mwandb/run-20260218_113104-kkhx43vh/logs[0m
Finished at: Wed Feb 18 20:00:46 CET 2026
