Gym has been unmaintained since 2022 and does not support NumPy 2.0 amongst other critical functionality.
Please upgrade to Gymnasium, the maintained drop-in replacement of Gym, or contact the authors of your software and request that they upgrade.
Users of this version of Gym should be able to simply replace 'import gym' with 'import gymnasium as gym' in the vast majority of cases.
See the migration guide at https://gymnasium.farama.org/introduction/migration_guide/ for additional information.
src/main.py:81: DeprecationWarning: Using or importing the ABCs from 'collections' instead of from 'collections.abc' is deprecated since Python 3.3, and in 3.10 it will stop working
  if isinstance(v, collections.Mapping):
wandb: [wandb.login()] Loaded credentials for https://api.wandb.ai from /home/pparsons/.netrc.
wandb: Currently logged in as: peterparsons02 (peterparsons02-eth-z-rich) to https://api.wandb.ai. Use `wandb login --relogin` to force relogin
wandb: setting up run gyya8j2p
wandb: Tracking run with wandb version 0.24.1
wandb: Run data is saved locally in /usr/itetnas04/data-scratch-01/pparsons/data/MyExpoComm/wandb/run-20260217_171855-gyya8j2p
wandb: Run `wandb offline` to turn off syncing.
wandb: Syncing run my_run-IMPc100_ExpoComm-20260217_171854
wandb: ⭐️ View project at https://wandb.ai/peterparsons02-eth-z-rich/my_experiment
wandb: 🚀 View run at https://wandb.ai/peterparsons02-eth-z-rich/my_experiment/runs/gyya8j2p
2026-02-17 17:18:56,938 - my_experiment - IMPc100_ExpoComm - my_run - INFO - Current directory: /usr/itetnas04/data-scratch-01/pparsons/data/MyExpoComm.
2026-02-17 17:18:56,939 - my_experiment - IMPc100_ExpoComm - my_run - INFO - Experiment Parameters:
2026-02-17 17:18:56,940 - my_experiment - IMPc100_ExpoComm - my_run - INFO - 

{   'action_selector': 'epsilon_greedy',
    'add_value_last_step': True,
    'agent': 'ExpoComm_one_peer_cont',
    'agent_output_type': 'q',
    'aux_coef': 0.1,
    'batch_size': 64,
    'batch_size_run': 1,
    'buffer_cpu_only': True,
    'buffer_size': 2000,
    'checkpoint_path': '',
    'common_reward': True,
    'double_q': True,
    'env': 'struct_marl',
    'env_args': {   'campaign_cost': True,
                    'custom_param': {   'k_comp': 95},
                    'discount_reward': 0.95,
                    'env_correlation': True,
                    'map_name': 'struct_c_100',
                    'n_comp': 100,
                    'obs_all_d_rate': False,
                    'obs_alphas': True,
                    'obs_d_rate': False,
                    'obs_multiple': False,
                    'seed': 42,
                    'state_alphas': True,
                    'state_d_rate': True,
                    'state_obs': True,
                    'struct_type': 'struct'},
    'epsilon_anneal_time': 5000,
    'epsilon_finish': 0.05,
    'epsilon_start': 1.0,
    'evaluate': False,
    'evaluation_epsilon': 0.0,
    'exp_name': 'my_experiment',
    'gamma': 0.95,
    'global_reward': False,
    'grad_norm_clip': 10,
    'hidden_dim': 64,
    'hypergroup': None,
    'hypernet_embed': 64,
    'hypernet_layers': 2,
    'label': 'default_label',
    'learner': 'cont_q_learner',
    'learner_log_interval': 25000,
    'load_step': 0,
    'local_results_path': 'results',
    'log_interval': 25000,
    'lr': 0.0001,
    'mac': 'ExpoComm_mac',
    'mixer': 'qmix',
    'mixing_embed_dim': 64,
    'name': 'IMPc100_ExpoComm',
    'neg_num': 20,
    'obs_agent_id': True,
    'obs_individual_obs': False,
    'obs_last_action': True,
    'one_peer': True,
    'optim_alpha': 0.99,
    'optim_eps': 1e-05,
    'pos_flag': False,
    'render': False,
    'repeat_id': 1,
    'run_name': 'my_run',
    'runner': 'episode',
    'runner_log_interval': 25000,
    'save_model': True,
    'save_model_interval': 50000,
    'save_replay': False,
    'seed': 42,
    'standardise_returns': False,
    'standardise_rewards': True,
    't_max': 2050000,
    'target_update_interval_or_tau': 200,
    'temperature': 0.07,
    'test_greedy': True,
    'test_interval': 25000,
    'test_nepisode': 50,
    'topk_neighbors': 7,
    'use_cuda': True,
    'use_rnn': True,
    'use_tensorboard': True,
    'work_dir': 'work_dirs/my_experiment/IMPc100_ExpoComm/my_run/20260217_171854'}

2026-02-17 17:18:59,821 - my_experiment - IMPc100_ExpoComm - my_run - INFO - Beginning training for 2050000 timesteps
2026-02-17 17:19:02,218 - my_experiment - IMPc100_ExpoComm - my_run - INFO - t_env: 30 / 2050000
2026-02-17 17:19:02,219 - my_experiment - IMPc100_ExpoComm - my_run - INFO - Estimated time left: 3 minutes, 16 seconds. Time passed: 2 seconds
2026-02-17 17:19:23,881 - my_experiment - IMPc100_ExpoComm - my_run - INFO - Saving models to work_dirs/my_experiment/IMPc100_ExpoComm/my_run/20260217_171854/models/30
2026-02-17 17:27:21,628 - my_experiment - IMPc100_ExpoComm - my_run - INFO - Recent Stats | t_env:      25020 | Episode:      834
action_0_mean:             0.3450	action_1_mean:             0.3307	action_2_mean:             0.3243	ep_length_mean:           30.0000
epsilon:                   1.0000	grad_norm:                65.0471	info_nce_loss:             2.9907	loss:                      2.9051
q_loss:                    2.6410	q_taken_mean:              0.0128	return_mean:             -10338.1938	return_std:                0.0000
target_mean:               0.0258	td_error_abs:              1.4060	test_action_0_mean:        0.0519	test_action_1_mean:        0.9481
test_action_2_mean:        0.0000	test_ep_length_mean:      30.0000	test_return_mean:        -777.4660	test_return_std:         837.5896

2026-02-17 17:27:22,294 - my_experiment - IMPc100_ExpoComm - my_run - INFO - t_env: 25050 / 2050000
2026-02-17 17:27:22,295 - my_experiment - IMPc100_ExpoComm - my_run - INFO - Estimated time left: 11 hours, 14 minutes, 32 seconds. Time passed: 8 minutes, 22 seconds
2026-02-17 17:35:14,988 - my_experiment - IMPc100_ExpoComm - my_run - INFO - Saving models to work_dirs/my_experiment/IMPc100_ExpoComm/my_run/20260217_171854/models/50040
2026-02-17 17:35:15,095 - my_experiment - IMPc100_ExpoComm - my_run - INFO - Recent Stats | t_env:      50040 | Episode:     1668
action_0_mean:             0.2546	action_1_mean:             0.5592	action_2_mean:             0.1862	ep_length_mean:           30.0000
epsilon:                   0.0500	grad_norm:                39.7529	info_nce_loss:             2.1969	loss:                      1.6060
q_loss:                    1.4600	q_taken_mean:              0.0338	return_mean:             -6205.7649	return_std:              1175.0393
target_mean:               0.0402	td_error_abs:              0.7867	test_action_0_mean:        0.1850	test_action_1_mean:        0.8150
test_action_2_mean:        0.0000	test_ep_length_mean:      30.0000	test_return_mean:        -744.3691	test_return_std:         756.1102

2026-02-17 17:35:15,721 - my_experiment - IMPc100_ExpoComm - my_run - INFO - t_env: 50070 / 2050000
2026-02-17 17:35:15,722 - my_experiment - IMPc100_ExpoComm - my_run - INFO - Estimated time left: 10 hours, 30 minutes, 42 seconds. Time passed: 16 minutes, 15 seconds
2026-02-17 17:42:45,361 - my_experiment - IMPc100_ExpoComm - my_run - INFO - Recent Stats | t_env:      75060 | Episode:     2502
action_0_mean:             0.2982	action_1_mean:             0.5721	action_2_mean:             0.1297	ep_length_mean:           30.0000
epsilon:                   0.0500	grad_norm:                35.9105	info_nce_loss:             1.8659	loss:                      1.1316
q_loss:                    1.0288	q_taken_mean:              0.0412	return_mean:             -4504.9142	return_std:              1043.7127
target_mean:               0.0460	td_error_abs:              0.6063	test_action_0_mean:        0.1965	test_action_1_mean:        0.8035
test_action_2_mean:        0.0000	test_ep_length_mean:      30.0000	test_return_mean:        -740.6463	test_return_std:         785.3982

2026-02-17 17:42:45,875 - my_experiment - IMPc100_ExpoComm - my_run - INFO - t_env: 75090 / 2050000
2026-02-17 17:42:45,876 - my_experiment - IMPc100_ExpoComm - my_run - INFO - Estimated time left: 9 hours, 52 minutes, 12 seconds. Time passed: 23 minutes, 46 seconds
2026-02-17 17:49:43,841 - my_experiment - IMPc100_ExpoComm - my_run - INFO - Saving models to work_dirs/my_experiment/IMPc100_ExpoComm/my_run/20260217_171854/models/100050
2026-02-17 17:49:44,450 - my_experiment - IMPc100_ExpoComm - my_run - INFO - Recent Stats | t_env:     100080 | Episode:     3336
action_0_mean:             0.3520	action_1_mean:             0.5465	action_2_mean:             0.1014	ep_length_mean:           30.0000
epsilon:                   0.0500	grad_norm:                42.7316	info_nce_loss:             1.3995	loss:                      0.9159
q_loss:                    0.8326	q_taken_mean:              0.0462	return_mean:             -3643.4228	return_std:              969.0509
target_mean:               0.0491	td_error_abs:              0.5400	test_action_0_mean:        0.2831	test_action_1_mean:        0.7169
test_action_2_mean:        0.0000	test_ep_length_mean:      30.0000	test_return_mean:        -672.3831	test_return_std:         729.8262

2026-02-17 17:49:44,905 - my_experiment - IMPc100_ExpoComm - my_run - INFO - t_env: 100110 / 2050000
2026-02-17 17:49:44,906 - my_experiment - IMPc100_ExpoComm - my_run - INFO - Estimated time left: 9 hours, 4 minutes, 16 seconds. Time passed: 30 minutes, 45 seconds
2026-02-17 17:56:18,417 - my_experiment - IMPc100_ExpoComm - my_run - INFO - Recent Stats | t_env:     125100 | Episode:     4170
action_0_mean:             0.4156	action_1_mean:             0.4999	action_2_mean:             0.0845	ep_length_mean:           30.0000
epsilon:                   0.0500	grad_norm:                39.1146	info_nce_loss:             1.2097	loss:                      0.7752
q_loss:                    0.7047	q_taken_mean:              0.0478	return_mean:             -3123.6141	return_std:              938.9390
target_mean:               0.0499	td_error_abs:              0.4758	test_action_0_mean:        0.4034	test_action_1_mean:        0.5966
test_action_2_mean:        0.0000	test_ep_length_mean:      30.0000	test_return_mean:        -625.5027	test_return_std:         713.9474

2026-02-17 17:56:18,893 - my_experiment - IMPc100_ExpoComm - my_run - INFO - t_env: 125130 / 2050000
2026-02-17 17:56:18,894 - my_experiment - IMPc100_ExpoComm - my_run - INFO - Estimated time left: 8 hours, 25 minutes, 10 seconds. Time passed: 37 minutes, 19 seconds
2026-02-17 18:02:47,017 - my_experiment - IMPc100_ExpoComm - my_run - INFO - Saving models to work_dirs/my_experiment/IMPc100_ExpoComm/my_run/20260217_171854/models/150060
2026-02-17 18:02:48,007 - my_experiment - IMPc100_ExpoComm - my_run - INFO - Recent Stats | t_env:     150120 | Episode:     5004
action_0_mean:             0.5029	action_1_mean:             0.4741	action_2_mean:             0.0230	ep_length_mean:           30.0000
epsilon:                   0.0500	grad_norm:                43.2079	info_nce_loss:             0.6116	loss:                      0.2863
q_loss:                    0.2603	q_taken_mean:              0.0543	return_mean:             -1244.0981	return_std:              1057.4661
target_mean:               0.0544	td_error_abs:              0.2760	test_action_0_mean:        0.5450	test_action_1_mean:        0.4550
test_action_2_mean:        0.0000	test_ep_length_mean:      30.0000	test_return_mean:        -617.5749	test_return_std:         721.6337

2026-02-17 18:02:48,450 - my_experiment - IMPc100_ExpoComm - my_run - INFO - t_env: 150150 / 2050000
2026-02-17 18:02:48,451 - my_experiment - IMPc100_ExpoComm - my_run - INFO - Estimated time left: 8 hours, 13 minutes, 0 seconds. Time passed: 43 minutes, 48 seconds
2026-02-17 18:09:10,493 - my_experiment - IMPc100_ExpoComm - my_run - INFO - Recent Stats | t_env:     175140 | Episode:     5838
action_0_mean:             0.6319	action_1_mean:             0.3514	action_2_mean:             0.0167	ep_length_mean:           30.0000
epsilon:                   0.0500	grad_norm:                43.8623	info_nce_loss:             0.3311	loss:                      0.2884
q_loss:                    0.2621	q_taken_mean:              0.0516	return_mean:             -1011.2085	return_std:              695.4950
target_mean:               0.0517	td_error_abs:              0.3026	test_action_0_mean:        0.6440	test_action_1_mean:        0.3560
test_action_2_mean:        0.0000	test_ep_length_mean:      30.0000	test_return_mean:        -640.6597	test_return_std:         768.2086

2026-02-17 18:09:10,927 - my_experiment - IMPc100_ExpoComm - my_run - INFO - t_env: 175170 / 2050000
2026-02-17 18:09:10,927 - my_experiment - IMPc100_ExpoComm - my_run - INFO - Estimated time left: 7 hours, 57 minutes, 40 seconds. Time passed: 50 minutes, 11 seconds
2026-02-17 18:15:25,224 - my_experiment - IMPc100_ExpoComm - my_run - INFO - Saving models to work_dirs/my_experiment/IMPc100_ExpoComm/my_run/20260217_171854/models/200070
2026-02-17 18:15:26,582 - my_experiment - IMPc100_ExpoComm - my_run - INFO - Recent Stats | t_env:     200160 | Episode:     6672
action_0_mean:             0.7241	action_1_mean:             0.2592	action_2_mean:             0.0167	ep_length_mean:           30.0000
epsilon:                   0.0500	grad_norm:                42.7854	info_nce_loss:             0.0915	loss:                      0.3291
q_loss:                    0.2992	q_taken_mean:              0.0483	return_mean:             -970.9278	return_std:              648.0494
target_mean:               0.0480	td_error_abs:              0.3087	test_action_0_mean:        0.7912	test_action_1_mean:        0.2088
test_action_2_mean:        0.0000	test_ep_length_mean:      30.0000	test_return_mean:        -616.6283	test_return_std:         753.5216

2026-02-17 18:15:27,028 - my_experiment - IMPc100_ExpoComm - my_run - INFO - t_env: 200190 / 2050000
2026-02-17 18:15:27,028 - my_experiment - IMPc100_ExpoComm - my_run - INFO - Estimated time left: 7 hours, 43 minutes, 26 seconds. Time passed: 56 minutes, 27 seconds
2026-02-17 18:21:37,988 - my_experiment - IMPc100_ExpoComm - my_run - INFO - Recent Stats | t_env:     225180 | Episode:     7506
action_0_mean:             0.7945	action_1_mean:             0.1888	action_2_mean:             0.0167	ep_length_mean:           30.0000
epsilon:                   0.0500	grad_norm:                33.5869	info_nce_loss:             0.0914	loss:                      0.3277
q_loss:                    0.3026	q_taken_mean:              0.0436	return_mean:             -946.5038	return_std:              622.4431
target_mean:               0.0439	td_error_abs:              0.2928	test_action_0_mean:        0.8673	test_action_1_mean:        0.1327
test_action_2_mean:        0.0000	test_ep_length_mean:      30.0000	test_return_mean:        -648.7962	test_return_std:         796.1522

2026-02-17 18:21:38,434 - my_experiment - IMPc100_ExpoComm - my_run - INFO - t_env: 225210 / 2050000
2026-02-17 18:21:38,435 - my_experiment - IMPc100_ExpoComm - my_run - INFO - Estimated time left: 7 hours, 31 minutes, 27 seconds. Time passed: 1 hours, 2 minutes, 38 seconds
2026-02-17 18:27:54,457 - my_experiment - IMPc100_ExpoComm - my_run - INFO - Saving models to work_dirs/my_experiment/IMPc100_ExpoComm/my_run/20260217_171854/models/250080
2026-02-17 18:27:56,322 - my_experiment - IMPc100_ExpoComm - my_run - INFO - Recent Stats | t_env:     250200 | Episode:     8340
action_0_mean:             0.8385	action_1_mean:             0.1448	action_2_mean:             0.0167	ep_length_mean:           30.0000
epsilon:                   0.0500	grad_norm:                32.6203	info_nce_loss:             0.0014	loss:                      0.3602
q_loss:                    0.3390	q_taken_mean:              0.0401	return_mean:             -923.6974	return_std:              590.2565
target_mean:               0.0405	td_error_abs:              0.3096	test_action_0_mean:        0.8622	test_action_1_mean:        0.1378
test_action_2_mean:        0.0000	test_ep_length_mean:      30.0000	test_return_mean:        -648.7693	test_return_std:         788.6962

2026-02-17 18:27:56,763 - my_experiment - IMPc100_ExpoComm - my_run - INFO - t_env: 250230 / 2050000
2026-02-17 18:27:56,764 - my_experiment - IMPc100_ExpoComm - my_run - INFO - Estimated time left: 7 hours, 33 minutes, 34 seconds. Time passed: 1 hours, 8 minutes, 56 seconds
2026-02-17 18:34:15,959 - my_experiment - IMPc100_ExpoComm - my_run - INFO - Recent Stats | t_env:     275220 | Episode:     9174
action_0_mean:             0.8538	action_1_mean:             0.1295	action_2_mean:             0.0166	ep_length_mean:           30.0000
epsilon:                   0.0500	grad_norm:                18.1619	info_nce_loss:             0.0013	loss:                      0.3606
q_loss:                    0.3394	q_taken_mean:              0.0378	return_mean:             -921.0215	return_std:              596.8254
target_mean:               0.0377	td_error_abs:              0.2953	test_action_0_mean:        0.8775	test_action_1_mean:        0.1225
test_action_2_mean:        0.0000	test_ep_length_mean:      30.0000	test_return_mean:        -614.7980	test_return_std:         790.1364

2026-02-17 18:34:16,407 - my_experiment - IMPc100_ExpoComm - my_run - INFO - t_env: 275250 / 2050000
2026-02-17 18:34:16,408 - my_experiment - IMPc100_ExpoComm - my_run - INFO - Estimated time left: 7 hours, 28 minutes, 49 seconds. Time passed: 1 hours, 15 minutes, 16 seconds
2026-02-17 18:40:32,669 - my_experiment - IMPc100_ExpoComm - my_run - INFO - Saving models to work_dirs/my_experiment/IMPc100_ExpoComm/my_run/20260217_171854/models/300090
2026-02-17 18:40:35,012 - my_experiment - IMPc100_ExpoComm - my_run - INFO - Recent Stats | t_env:     300240 | Episode:    10008
action_0_mean:             0.8624	action_1_mean:             0.1210	action_2_mean:             0.0167	ep_length_mean:           30.0000
epsilon:                   0.0500	grad_norm:                25.5568	info_nce_loss:             0.0012	loss:                      0.4452
q_loss:                    0.4163	q_taken_mean:              0.0364	return_mean:             -931.3691	return_std:              633.7362
target_mean:               0.0366	td_error_abs:              0.3126	test_action_0_mean:        0.9009	test_action_1_mean:        0.0991
test_action_2_mean:        0.0000	test_ep_length_mean:      30.0000	test_return_mean:        -568.9180	test_return_std:         764.6422

2026-02-17 18:40:35,464 - my_experiment - IMPc100_ExpoComm - my_run - INFO - t_env: 300270 / 2050000
2026-02-17 18:40:35,465 - my_experiment - IMPc100_ExpoComm - my_run - INFO - Estimated time left: 7 hours, 21 minutes, 48 seconds. Time passed: 1 hours, 21 minutes, 35 seconds
2026-02-17 18:47:10,058 - my_experiment - IMPc100_ExpoComm - my_run - INFO - Recent Stats | t_env:     325260 | Episode:    10842
action_0_mean:             0.8620	action_1_mean:             0.1213	action_2_mean:             0.0167	ep_length_mean:           30.0000
epsilon:                   0.0500	grad_norm:                26.8475	info_nce_loss:             0.0001	loss:                      0.5819
q_loss:                    0.5406	q_taken_mean:              0.0332	return_mean:             -939.2632	return_std:              659.7365
target_mean:               0.0336	td_error_abs:              0.3564	test_action_0_mean:        0.8757	test_action_1_mean:        0.1243
test_action_2_mean:        0.0000	test_ep_length_mean:      30.0000	test_return_mean:        -580.4286	test_return_std:         788.5749

2026-02-17 18:47:10,570 - my_experiment - IMPc100_ExpoComm - my_run - INFO - t_env: 325290 / 2050000
2026-02-17 18:47:10,570 - my_experiment - IMPc100_ExpoComm - my_run - INFO - Estimated time left: 7 hours, 33 minutes, 55 seconds. Time passed: 1 hours, 28 minutes, 10 seconds
2026-02-17 18:53:42,067 - my_experiment - IMPc100_ExpoComm - my_run - INFO - Saving models to work_dirs/my_experiment/IMPc100_ExpoComm/my_run/20260217_171854/models/350100
2026-02-17 18:53:44,931 - my_experiment - IMPc100_ExpoComm - my_run - INFO - Recent Stats | t_env:     350280 | Episode:    11676
action_0_mean:             0.8411	action_1_mean:             0.1422	action_2_mean:             0.0168	ep_length_mean:           30.0000
epsilon:                   0.0500	grad_norm:                30.1674	info_nce_loss:             0.0001	loss:                      0.6935
q_loss:                    0.6373	q_taken_mean:              0.0309	return_mean:             -943.0067	return_std:              680.1279
target_mean:               0.0312	td_error_abs:              0.3886	test_action_0_mean:        0.8054	test_action_1_mean:        0.1945
test_action_2_mean:        0.0001	test_ep_length_mean:      30.0000	test_return_mean:        -577.1038	test_return_std:         813.4606

2026-02-17 18:53:45,463 - my_experiment - IMPc100_ExpoComm - my_run - INFO - t_env: 350310 / 2050000
2026-02-17 18:53:45,464 - my_experiment - IMPc100_ExpoComm - my_run - INFO - Estimated time left: 7 hours, 27 minutes, 6 seconds. Time passed: 1 hours, 34 minutes, 45 seconds
2026-02-17 19:00:15,868 - my_experiment - IMPc100_ExpoComm - my_run - INFO - Recent Stats | t_env:     375300 | Episode:    12510
action_0_mean:             0.8187	action_1_mean:             0.1643	action_2_mean:             0.0171	ep_length_mean:           30.0000
epsilon:                   0.0500	grad_norm:                30.7359	info_nce_loss:             0.0001	loss:                      0.7961
q_loss:                    0.7238	q_taken_mean:              0.0291	return_mean:             -951.7704	return_std:              717.5140
target_mean:               0.0293	td_error_abs:              0.4121	test_action_0_mean:        0.7802	test_action_1_mean:        0.2197
test_action_2_mean:        0.0001	test_ep_length_mean:      30.0000	test_return_mean:        -619.4832	test_return_std:         899.7248

2026-02-17 19:00:16,319 - my_experiment - IMPc100_ExpoComm - my_run - INFO - t_env: 375330 / 2050000
2026-02-17 19:00:16,320 - my_experiment - IMPc100_ExpoComm - my_run - INFO - Estimated time left: 7 hours, 16 minutes, 1 seconds. Time passed: 1 hours, 41 minutes, 16 seconds
2026-02-17 19:06:50,656 - my_experiment - IMPc100_ExpoComm - my_run - INFO - Saving models to work_dirs/my_experiment/IMPc100_ExpoComm/my_run/20260217_171854/models/400110
2026-02-17 19:06:53,924 - my_experiment - IMPc100_ExpoComm - my_run - INFO - Recent Stats | t_env:     400320 | Episode:    13344
action_0_mean:             0.8053	action_1_mean:             0.1776	action_2_mean:             0.0171	ep_length_mean:           30.0000
epsilon:                   0.0500	grad_norm:                50.8690	info_nce_loss:             0.0001	loss:                      0.8414
q_loss:                    0.7649	q_taken_mean:              0.0276	return_mean:             -954.9967	return_std:              756.3431
target_mean:               0.0283	td_error_abs:              0.4454	test_action_0_mean:        0.7678	test_action_1_mean:        0.2320
test_action_2_mean:        0.0002	test_ep_length_mean:      30.0000	test_return_mean:        -605.1521	test_return_std:         880.7702

2026-02-17 19:06:54,415 - my_experiment - IMPc100_ExpoComm - my_run - INFO - t_env: 400350 / 2050000
2026-02-17 19:06:54,416 - my_experiment - IMPc100_ExpoComm - my_run - INFO - Estimated time left: 7 hours, 17 minutes, 27 seconds. Time passed: 1 hours, 47 minutes, 54 seconds
2026-02-17 19:13:21,652 - my_experiment - IMPc100_ExpoComm - my_run - INFO - Recent Stats | t_env:     425340 | Episode:    14178
action_0_mean:             0.7836	action_1_mean:             0.1993	action_2_mean:             0.0171	ep_length_mean:           30.0000
epsilon:                   0.0500	grad_norm:                61.7751	info_nce_loss:             0.0000	loss:                      0.9159
q_loss:                    0.8327	q_taken_mean:              0.0255	return_mean:             -969.8375	return_std:              810.5388
target_mean:               0.0260	td_error_abs:              0.4727	test_action_0_mean:        0.7246	test_action_1_mean:        0.2752
test_action_2_mean:        0.0002	test_ep_length_mean:      30.0000	test_return_mean:        -616.0800	test_return_std:         929.1394

2026-02-17 19:13:22,118 - my_experiment - IMPc100_ExpoComm - my_run - INFO - t_env: 425370 / 2050000
2026-02-17 19:13:22,119 - my_experiment - IMPc100_ExpoComm - my_run - INFO - Estimated time left: 6 hours, 59 minutes, 34 seconds. Time passed: 1 hours, 54 minutes, 22 seconds
2026-02-17 19:19:54,648 - my_experiment - IMPc100_ExpoComm - my_run - INFO - Saving models to work_dirs/my_experiment/IMPc100_ExpoComm/my_run/20260217_171854/models/450120
2026-02-17 19:19:58,427 - my_experiment - IMPc100_ExpoComm - my_run - INFO - Recent Stats | t_env:     450360 | Episode:    15012
action_0_mean:             0.7756	action_1_mean:             0.2063	action_2_mean:             0.0181	ep_length_mean:           30.0000
epsilon:                   0.0500	grad_norm:                69.6464	info_nce_loss:             0.0001	loss:                      0.8943
q_loss:                    0.8130	q_taken_mean:              0.0256	return_mean:             -973.2998	return_std:              805.1959
target_mean:               0.0259	td_error_abs:              0.4623	test_action_0_mean:        0.7114	test_action_1_mean:        0.2845
test_action_2_mean:        0.0041	test_ep_length_mean:      30.0000	test_return_mean:        -611.4974	test_return_std:         827.1897

2026-02-17 19:19:58,906 - my_experiment - IMPc100_ExpoComm - my_run - INFO - t_env: 450390 / 2050000
2026-02-17 19:19:58,907 - my_experiment - IMPc100_ExpoComm - my_run - INFO - Estimated time left: 7 hours, 2 minutes, 47 seconds. Time passed: 2 hours, 59 seconds
2026-02-17 19:26:40,352 - my_experiment - IMPc100_ExpoComm - my_run - INFO - Recent Stats | t_env:     475380 | Episode:    15846
action_0_mean:             0.7760	action_1_mean:             0.2059	action_2_mean:             0.0181	ep_length_mean:           30.0000
epsilon:                   0.0500	grad_norm:                80.8791	info_nce_loss:             0.0002	loss:                      0.9355
q_loss:                    0.8505	q_taken_mean:              0.0264	return_mean:             -976.2177	return_std:              816.8018
target_mean:               0.0265	td_error_abs:              0.4809	test_action_0_mean:        0.7711	test_action_1_mean:        0.2249
test_action_2_mean:        0.0040	test_ep_length_mean:      30.0000	test_return_mean:        -583.9497	test_return_std:         810.3022

2026-02-17 19:26:40,806 - my_experiment - IMPc100_ExpoComm - my_run - INFO - t_env: 475410 / 2050000
2026-02-17 19:26:40,806 - my_experiment - IMPc100_ExpoComm - my_run - INFO - Estimated time left: 7 hours, 1 minutes, 32 seconds. Time passed: 2 hours, 7 minutes, 40 seconds
2026-02-17 19:33:23,611 - my_experiment - IMPc100_ExpoComm - my_run - INFO - Saving models to work_dirs/my_experiment/IMPc100_ExpoComm/my_run/20260217_171854/models/500130
2026-02-17 19:33:28,148 - my_experiment - IMPc100_ExpoComm - my_run - INFO - Recent Stats | t_env:     500400 | Episode:    16680
action_0_mean:             0.7646	action_1_mean:             0.2175	action_2_mean:             0.0179	ep_length_mean:           30.0000
epsilon:                   0.0500	grad_norm:               103.4227	info_nce_loss:             0.0002	loss:                      1.0630
q_loss:                    0.9664	q_taken_mean:              0.0256	return_mean:             -979.9441	return_std:              799.7938
target_mean:               0.0255	td_error_abs:              0.5061	test_action_0_mean:        0.7795	test_action_1_mean:        0.2166
test_action_2_mean:        0.0039	test_ep_length_mean:      30.0000	test_return_mean:        -608.0543	test_return_std:         789.6857

2026-02-17 19:33:28,618 - my_experiment - IMPc100_ExpoComm - my_run - INFO - t_env: 500430 / 2050000
2026-02-17 19:33:28,619 - my_experiment - IMPc100_ExpoComm - my_run - INFO - Estimated time left: 7 hours, 57 seconds. Time passed: 2 hours, 14 minutes, 28 seconds
2026-02-17 19:40:12,122 - my_experiment - IMPc100_ExpoComm - my_run - INFO - Recent Stats | t_env:     525420 | Episode:    17514
action_0_mean:             0.7461	action_1_mean:             0.2361	action_2_mean:             0.0178	ep_length_mean:           30.0000
epsilon:                   0.0500	grad_norm:               124.1646	info_nce_loss:             0.0002	loss:                      1.1950
q_loss:                    1.0864	q_taken_mean:              0.0271	return_mean:             -994.7297	return_std:              802.3370
target_mean:               0.0255	td_error_abs:              0.5138	test_action_0_mean:        0.7797	test_action_1_mean:        0.2164
test_action_2_mean:        0.0039	test_ep_length_mean:      30.0000	test_return_mean:        -642.1740	test_return_std:         798.3952

2026-02-17 19:40:12,628 - my_experiment - IMPc100_ExpoComm - my_run - INFO - t_env: 525450 / 2050000
2026-02-17 19:40:12,629 - my_experiment - IMPc100_ExpoComm - my_run - INFO - Estimated time left: 6 hours, 50 minutes, 17 seconds. Time passed: 2 hours, 21 minutes, 12 seconds
2026-02-17 19:46:51,069 - my_experiment - IMPc100_ExpoComm - my_run - INFO - Saving models to work_dirs/my_experiment/IMPc100_ExpoComm/my_run/20260217_171854/models/550140
2026-02-17 19:46:55,686 - my_experiment - IMPc100_ExpoComm - my_run - INFO - Recent Stats | t_env:     550440 | Episode:    18348
action_0_mean:             0.7407	action_1_mean:             0.2411	action_2_mean:             0.0182	ep_length_mean:           30.0000
epsilon:                   0.0500	grad_norm:               113.5935	info_nce_loss:             0.0002	loss:                      1.1019
q_loss:                    1.0017	q_taken_mean:              0.0302	return_mean:             -977.3865	return_std:              740.1086
target_mean:               0.0288	td_error_abs:              0.4915	test_action_0_mean:        0.7437	test_action_1_mean:        0.2511
test_action_2_mean:        0.0053	test_ep_length_mean:      30.0000	test_return_mean:        -594.8367	test_return_std:         657.9606

2026-02-17 19:46:56,116 - my_experiment - IMPc100_ExpoComm - my_run - INFO - t_env: 550470 / 2050000
2026-02-17 19:46:56,116 - my_experiment - IMPc100_ExpoComm - my_run - INFO - Estimated time left: 6 hours, 43 minutes, 2 seconds. Time passed: 2 hours, 27 minutes, 56 seconds
2026-02-17 19:53:28,919 - my_experiment - IMPc100_ExpoComm - my_run - INFO - Recent Stats | t_env:     575460 | Episode:    19182
action_0_mean:             0.7255	action_1_mean:             0.2568	action_2_mean:             0.0177	ep_length_mean:           30.0000
epsilon:                   0.0500	grad_norm:               106.7591	info_nce_loss:             0.0001	loss:                      0.9947
q_loss:                    0.9120	q_taken_mean:              0.0319	return_mean:             -949.0282	return_std:              671.0092
target_mean:               0.0306	td_error_abs:              0.4739	test_action_0_mean:        0.7798	test_action_1_mean:        0.2187
test_action_2_mean:        0.0015	test_ep_length_mean:      30.0000	test_return_mean:        -550.0420	test_return_std:         704.4632

2026-02-17 19:53:29,386 - my_experiment - IMPc100_ExpoComm - my_run - INFO - t_env: 575490 / 2050000
2026-02-17 19:53:29,387 - my_experiment - IMPc100_ExpoComm - my_run - INFO - Estimated time left: 6 hours, 26 minutes, 16 seconds. Time passed: 2 hours, 34 minutes, 29 seconds
2026-02-17 20:00:11,921 - my_experiment - IMPc100_ExpoComm - my_run - INFO - Saving models to work_dirs/my_experiment/IMPc100_ExpoComm/my_run/20260217_171854/models/600150
2026-02-17 20:00:16,941 - my_experiment - IMPc100_ExpoComm - my_run - INFO - Recent Stats | t_env:     600480 | Episode:    20016
action_0_mean:             0.7249	action_1_mean:             0.2572	action_2_mean:             0.0179	ep_length_mean:           30.0000
epsilon:                   0.0500	grad_norm:                97.7205	info_nce_loss:             0.0001	loss:                      0.8665
q_loss:                    0.7955	q_taken_mean:              0.0333	return_mean:             -919.2554	return_std:              595.4136
target_mean:               0.0321	td_error_abs:              0.4365	test_action_0_mean:        0.7551	test_action_1_mean:        0.2427
test_action_2_mean:        0.0022	test_ep_length_mean:      30.0000	test_return_mean:        -524.8053	test_return_std:         615.5606

2026-02-17 20:00:17,443 - my_experiment - IMPc100_ExpoComm - my_run - INFO - t_env: 600510 / 2050000
2026-02-17 20:00:17,443 - my_experiment - IMPc100_ExpoComm - my_run - INFO - Estimated time left: 6 hours, 34 minutes, 0 seconds. Time passed: 2 hours, 41 minutes, 17 seconds
2026-02-17 20:06:45,437 - my_experiment - IMPc100_ExpoComm - my_run - INFO - Recent Stats | t_env:     625500 | Episode:    20850
action_0_mean:             0.7207	action_1_mean:             0.2609	action_2_mean:             0.0183	ep_length_mean:           30.0000
epsilon:                   0.0500	grad_norm:                91.0595	info_nce_loss:             0.0002	loss:                      0.6984
q_loss:                    0.6427	q_taken_mean:              0.0367	return_mean:             -881.2531	return_std:              532.2636
target_mean:               0.0355	td_error_abs:              0.4112	test_action_0_mean:        0.7849	test_action_1_mean:        0.2125
test_action_2_mean:        0.0026	test_ep_length_mean:      30.0000	test_return_mean:        -416.7174	test_return_std:         485.6877

2026-02-17 20:06:45,904 - my_experiment - IMPc100_ExpoComm - my_run - INFO - t_env: 625530 / 2050000
2026-02-17 20:06:45,904 - my_experiment - IMPc100_ExpoComm - my_run - INFO - Estimated time left: 6 hours, 8 minutes, 36 seconds. Time passed: 2 hours, 47 minutes, 46 seconds
2026-02-17 20:13:23,490 - my_experiment - IMPc100_ExpoComm - my_run - INFO - Saving models to work_dirs/my_experiment/IMPc100_ExpoComm/my_run/20260217_171854/models/650160
2026-02-17 20:13:29,542 - my_experiment - IMPc100_ExpoComm - my_run - INFO - Recent Stats | t_env:     650520 | Episode:    21684
action_0_mean:             0.7404	action_1_mean:             0.2411	action_2_mean:             0.0186	ep_length_mean:           30.0000
epsilon:                   0.0500	grad_norm:                56.2001	info_nce_loss:             0.0002	loss:                      0.5103
q_loss:                    0.4716	q_taken_mean:              0.0382	return_mean:             -833.3763	return_std:              436.5942
target_mean:               0.0378	td_error_abs:              0.3755	test_action_0_mean:        0.7519	test_action_1_mean:        0.2453
test_action_2_mean:        0.0027	test_ep_length_mean:      30.0000	test_return_mean:        -338.1896	test_return_std:         367.3937

2026-02-17 20:13:30,038 - my_experiment - IMPc100_ExpoComm - my_run - INFO - t_env: 650550 / 2050000
2026-02-17 20:13:30,039 - my_experiment - IMPc100_ExpoComm - my_run - INFO - Estimated time left: 6 hours, 16 minutes, 44 seconds. Time passed: 2 hours, 54 minutes, 30 seconds
2026-02-17 20:20:00,876 - my_experiment - IMPc100_ExpoComm - my_run - INFO - Recent Stats | t_env:     675540 | Episode:    22518
action_0_mean:             0.7425	action_1_mean:             0.2390	action_2_mean:             0.0185	ep_length_mean:           30.0000
epsilon:                   0.0500	grad_norm:                52.6070	info_nce_loss:             0.0002	loss:                      0.4203
q_loss:                    0.3899	q_taken_mean:              0.0397	return_mean:             -796.4807	return_std:              365.0052
target_mean:               0.0391	td_error_abs:              0.3393	test_action_0_mean:        0.7758	test_action_1_mean:        0.2222
test_action_2_mean:        0.0020	test_ep_length_mean:      30.0000	test_return_mean:        -298.7034	test_return_std:         336.3798

2026-02-17 20:20:01,334 - my_experiment - IMPc100_ExpoComm - my_run - INFO - t_env: 675570 / 2050000
2026-02-17 20:20:01,335 - my_experiment - IMPc100_ExpoComm - my_run - INFO - Estimated time left: 5 hours, 58 minutes, 15 seconds. Time passed: 3 hours, 1 minutes, 1 seconds
2026-02-17 20:26:25,418 - my_experiment - IMPc100_ExpoComm - my_run - INFO - Saving models to work_dirs/my_experiment/IMPc100_ExpoComm/my_run/20260217_171854/models/700170
2026-02-17 20:26:31,154 - my_experiment - IMPc100_ExpoComm - my_run - INFO - Recent Stats | t_env:     700560 | Episode:    23352
action_0_mean:             0.7552	action_1_mean:             0.2262	action_2_mean:             0.0186	ep_length_mean:           30.0000
epsilon:                   0.0500	grad_norm:                61.5539	info_nce_loss:             0.0002	loss:                      0.3781
q_loss:                    0.3437	q_taken_mean:              0.0428	return_mean:             -780.3995	return_std:              347.0457
target_mean:               0.0424	td_error_abs:              0.3322	test_action_0_mean:        0.7331	test_action_1_mean:        0.2646
test_action_2_mean:        0.0023	test_ep_length_mean:      30.0000	test_return_mean:        -250.5305	test_return_std:         235.1621

2026-02-17 20:26:31,597 - my_experiment - IMPc100_ExpoComm - my_run - INFO - t_env: 700590 / 2050000
2026-02-17 20:26:31,597 - my_experiment - IMPc100_ExpoComm - my_run - INFO - Estimated time left: 5 hours, 50 minutes, 48 seconds. Time passed: 3 hours, 7 minutes, 31 seconds
2026-02-17 20:32:50,920 - my_experiment - IMPc100_ExpoComm - my_run - INFO - Recent Stats | t_env:     725580 | Episode:    24186
action_0_mean:             0.7621	action_1_mean:             0.2193	action_2_mean:             0.0186	ep_length_mean:           30.0000
epsilon:                   0.0500	grad_norm:                55.7135	info_nce_loss:             0.0002	loss:                      0.3196
q_loss:                    0.2906	q_taken_mean:              0.0458	return_mean:             -757.2458	return_std:              298.3043
target_mean:               0.0457	td_error_abs:              0.3044	test_action_0_mean:        0.7454	test_action_1_mean:        0.2524
test_action_2_mean:        0.0022	test_ep_length_mean:      30.0000	test_return_mean:        -212.1365	test_return_std:         184.1712

2026-02-17 20:32:51,385 - my_experiment - IMPc100_ExpoComm - my_run - INFO - t_env: 725610 / 2050000
2026-02-17 20:32:51,386 - my_experiment - IMPc100_ExpoComm - my_run - INFO - Estimated time left: 5 hours, 35 minutes, 3 seconds. Time passed: 3 hours, 13 minutes, 51 seconds
2026-02-17 20:39:01,764 - my_experiment - IMPc100_ExpoComm - my_run - INFO - Saving models to work_dirs/my_experiment/IMPc100_ExpoComm/my_run/20260217_171854/models/750180
2026-02-17 20:39:07,968 - my_experiment - IMPc100_ExpoComm - my_run - INFO - Recent Stats | t_env:     750600 | Episode:    25020
action_0_mean:             0.7902	action_1_mean:             0.1913	action_2_mean:             0.0185	ep_length_mean:           30.0000
epsilon:                   0.0500	grad_norm:                39.7035	info_nce_loss:             0.0002	loss:                      0.2012
q_loss:                    0.1829	q_taken_mean:              0.0474	return_mean:             -736.1942	return_std:              234.4092
target_mean:               0.0476	td_error_abs:              0.2539	test_action_0_mean:        0.7213	test_action_1_mean:        0.2765
test_action_2_mean:        0.0022	test_ep_length_mean:      30.0000	test_return_mean:        -200.8171	test_return_std:         152.4627

2026-02-17 20:39:08,405 - my_experiment - IMPc100_ExpoComm - my_run - INFO - t_env: 750630 / 2050000
2026-02-17 20:39:08,406 - my_experiment - IMPc100_ExpoComm - my_run - INFO - Estimated time left: 5 hours, 26 minutes, 19 seconds. Time passed: 3 hours, 20 minutes, 8 seconds
2026-02-17 20:45:19,208 - my_experiment - IMPc100_ExpoComm - my_run - INFO - Recent Stats | t_env:     775620 | Episode:    25854
action_0_mean:             0.8041	action_1_mean:             0.1774	action_2_mean:             0.0185	ep_length_mean:           30.0000
epsilon:                   0.0500	grad_norm:                31.5087	info_nce_loss:             0.0002	loss:                      0.1273
q_loss:                    0.1158	q_taken_mean:              0.0492	return_mean:             -718.6586	return_std:              188.5017
target_mean:               0.0493	td_error_abs:              0.2013	test_action_0_mean:        0.7879	test_action_1_mean:        0.2097
test_action_2_mean:        0.0024	test_ep_length_mean:      30.0000	test_return_mean:        -189.4827	test_return_std:         163.2247

2026-02-17 20:45:19,634 - my_experiment - IMPc100_ExpoComm - my_run - INFO - t_env: 775650 / 2050000
2026-02-17 20:45:19,635 - my_experiment - IMPc100_ExpoComm - my_run - INFO - Estimated time left: 5 hours, 15 minutes, 7 seconds. Time passed: 3 hours, 26 minutes, 19 seconds
2026-02-17 20:51:24,542 - my_experiment - IMPc100_ExpoComm - my_run - INFO - Saving models to work_dirs/my_experiment/IMPc100_ExpoComm/my_run/20260217_171854/models/800190
2026-02-17 20:51:31,348 - my_experiment - IMPc100_ExpoComm - my_run - INFO - Recent Stats | t_env:     800640 | Episode:    26688
action_0_mean:             0.8361	action_1_mean:             0.1454	action_2_mean:             0.0185	ep_length_mean:           30.0000
epsilon:                   0.0500	grad_norm:                26.0158	info_nce_loss:             0.0002	loss:                      0.0978
q_loss:                    0.0889	q_taken_mean:              0.0490	return_mean:             -705.4899	return_std:              149.8242
target_mean:               0.0494	td_error_abs:              0.1785	test_action_0_mean:        0.8438	test_action_1_mean:        0.1541
test_action_2_mean:        0.0021	test_ep_length_mean:      30.0000	test_return_mean:        -211.1509	test_return_std:         217.3492

2026-02-17 20:51:31,791 - my_experiment - IMPc100_ExpoComm - my_run - INFO - t_env: 800670 / 2050000
2026-02-17 20:51:31,792 - my_experiment - IMPc100_ExpoComm - my_run - INFO - Estimated time left: 5 hours, 9 minutes, 42 seconds. Time passed: 3 hours, 32 minutes, 31 seconds
2026-02-17 20:57:54,974 - my_experiment - IMPc100_ExpoComm - my_run - INFO - Recent Stats | t_env:     825660 | Episode:    27522
action_0_mean:             0.8563	action_1_mean:             0.1254	action_2_mean:             0.0183	ep_length_mean:           30.0000
epsilon:                   0.0500	grad_norm:                12.4221	info_nce_loss:             0.0002	loss:                      0.0644
q_loss:                    0.0585	q_taken_mean:              0.0487	return_mean:             -698.7573	return_std:              135.3460
target_mean:               0.0487	td_error_abs:              0.1404	test_action_0_mean:        0.8563	test_action_1_mean:        0.1413
test_action_2_mean:        0.0024	test_ep_length_mean:      30.0000	test_return_mean:        -210.3433	test_return_std:         228.4348

2026-02-17 20:57:55,427 - my_experiment - IMPc100_ExpoComm - my_run - INFO - t_env: 825690 / 2050000
2026-02-17 20:57:55,427 - my_experiment - IMPc100_ExpoComm - my_run - INFO - Estimated time left: 5 hours, 12 minutes, 52 seconds. Time passed: 3 hours, 38 minutes, 55 seconds
2026-02-17 21:04:14,983 - my_experiment - IMPc100_ExpoComm - my_run - INFO - Saving models to work_dirs/my_experiment/IMPc100_ExpoComm/my_run/20260217_171854/models/850200
2026-02-17 21:04:22,579 - my_experiment - IMPc100_ExpoComm - my_run - INFO - Recent Stats | t_env:     850680 | Episode:    28356
action_0_mean:             0.8651	action_1_mean:             0.1164	action_2_mean:             0.0185	ep_length_mean:           30.0000
epsilon:                   0.0500	grad_norm:                 9.9725	info_nce_loss:             0.0002	loss:                      0.0556
q_loss:                    0.0506	q_taken_mean:              0.0476	return_mean:             -698.6288	return_std:              132.7960
target_mean:               0.0476	td_error_abs:              0.1252	test_action_0_mean:        0.8765	test_action_1_mean:        0.1211
test_action_2_mean:        0.0024	test_ep_length_mean:      30.0000	test_return_mean:        -210.0762	test_return_std:         287.9959

2026-02-17 21:04:23,012 - my_experiment - IMPc100_ExpoComm - my_run - INFO - t_env: 850710 / 2050000
2026-02-17 21:04:23,012 - my_experiment - IMPc100_ExpoComm - my_run - INFO - Estimated time left: 5 hours, 9 minutes, 38 seconds. Time passed: 3 hours, 45 minutes, 23 seconds
2026-02-17 21:10:38,556 - my_experiment - IMPc100_ExpoComm - my_run - INFO - Recent Stats | t_env:     875700 | Episode:    29190
action_0_mean:             0.8572	action_1_mean:             0.1240	action_2_mean:             0.0187	ep_length_mean:           30.0000
epsilon:                   0.0500	grad_norm:                 9.5903	info_nce_loss:             0.0002	loss:                      0.0512
q_loss:                    0.0465	q_taken_mean:              0.0476	return_mean:             -707.4565	return_std:              225.6209
target_mean:               0.0476	td_error_abs:              0.1211	test_action_0_mean:        0.8884	test_action_1_mean:        0.1088
test_action_2_mean:        0.0028	test_ep_length_mean:      30.0000	test_return_mean:        -211.5024	test_return_std:         310.1334

2026-02-17 21:10:38,990 - my_experiment - IMPc100_ExpoComm - my_run - INFO - t_env: 875730 / 2050000
2026-02-17 21:10:38,991 - my_experiment - IMPc100_ExpoComm - my_run - INFO - Estimated time left: 4 hours, 54 minutes, 5 seconds. Time passed: 3 hours, 51 minutes, 39 seconds
2026-02-17 21:16:49,879 - my_experiment - IMPc100_ExpoComm - my_run - INFO - Saving models to work_dirs/my_experiment/IMPc100_ExpoComm/my_run/20260217_171854/models/900210
2026-02-17 21:16:57,466 - my_experiment - IMPc100_ExpoComm - my_run - INFO - Recent Stats | t_env:     900720 | Episode:    30024
action_0_mean:             0.8573	action_1_mean:             0.1238	action_2_mean:             0.0189	ep_length_mean:           30.0000
epsilon:                   0.0500	grad_norm:                14.1142	info_nce_loss:             0.0002	loss:                      0.0629
q_loss:                    0.0572	q_taken_mean:              0.0465	return_mean:             -709.5985	return_std:              232.3795
target_mean:               0.0467	td_error_abs:              0.1393	test_action_0_mean:        0.8882	test_action_1_mean:        0.1086
test_action_2_mean:        0.0032	test_ep_length_mean:      30.0000	test_return_mean:        -239.3739	test_return_std:         437.7509

2026-02-17 21:16:57,903 - my_experiment - IMPc100_ExpoComm - my_run - INFO - t_env: 900750 / 2050000
2026-02-17 21:16:57,904 - my_experiment - IMPc100_ExpoComm - my_run - INFO - Estimated time left: 4 hours, 50 minutes, 4 seconds. Time passed: 3 hours, 57 minutes, 58 seconds
2026-02-17 21:23:17,861 - my_experiment - IMPc100_ExpoComm - my_run - INFO - Recent Stats | t_env:     925740 | Episode:    30858
action_0_mean:             0.8484	action_1_mean:             0.1324	action_2_mean:             0.0192	ep_length_mean:           30.0000
epsilon:                   0.0500	grad_norm:                13.2327	info_nce_loss:             0.0002	loss:                      0.0663
q_loss:                    0.0615	q_taken_mean:              0.0460	return_mean:             -716.7735	return_std:              289.2602
target_mean:               0.0462	td_error_abs:              0.1433	test_action_0_mean:        0.8742	test_action_1_mean:        0.1219
test_action_2_mean:        0.0038	test_ep_length_mean:      30.0000	test_return_mean:        -225.0129	test_return_std:         392.0848

2026-02-17 21:23:18,307 - my_experiment - IMPc100_ExpoComm - my_run - INFO - t_env: 925770 / 2050000
2026-02-17 21:23:18,307 - my_experiment - IMPc100_ExpoComm - my_run - INFO - Estimated time left: 4 hours, 44 minutes, 52 seconds. Time passed: 4 hours, 4 minutes, 18 seconds
2026-02-17 21:29:38,094 - my_experiment - IMPc100_ExpoComm - my_run - INFO - Saving models to work_dirs/my_experiment/IMPc100_ExpoComm/my_run/20260217_171854/models/950220
2026-02-17 21:29:46,316 - my_experiment - IMPc100_ExpoComm - my_run - INFO - Recent Stats | t_env:     950760 | Episode:    31692
action_0_mean:             0.8377	action_1_mean:             0.1429	action_2_mean:             0.0194	ep_length_mean:           30.0000
epsilon:                   0.0500	grad_norm:                12.1469	info_nce_loss:             0.0001	loss:                      0.0687
q_loss:                    0.0636	q_taken_mean:              0.0458	return_mean:             -719.6216	return_std:              323.8602
target_mean:               0.0459	td_error_abs:              0.1441	test_action_0_mean:        0.8997	test_action_1_mean:        0.0965
test_action_2_mean:        0.0038	test_ep_length_mean:      30.0000	test_return_mean:        -226.5886	test_return_std:         405.9976

2026-02-17 21:29:46,767 - my_experiment - IMPc100_ExpoComm - my_run - INFO - t_env: 950790 / 2050000
2026-02-17 21:29:46,768 - my_experiment - IMPc100_ExpoComm - my_run - INFO - Estimated time left: 4 hours, 44 minutes, 26 seconds. Time passed: 4 hours, 10 minutes, 46 seconds
2026-02-17 21:36:12,216 - my_experiment - IMPc100_ExpoComm - my_run - INFO - Recent Stats | t_env:     975780 | Episode:    32526
action_0_mean:             0.8293	action_1_mean:             0.1512	action_2_mean:             0.0195	ep_length_mean:           30.0000
epsilon:                   0.0500	grad_norm:                17.5868	info_nce_loss:             0.0001	loss:                      0.0727
q_loss:                    0.0673	q_taken_mean:              0.0459	return_mean:             -728.6491	return_std:              356.4103
target_mean:               0.0462	td_error_abs:              0.1569	test_action_0_mean:        0.9034	test_action_1_mean:        0.0925
test_action_2_mean:        0.0041	test_ep_length_mean:      30.0000	test_return_mean:        -234.3122	test_return_std:         372.1856

2026-02-17 21:36:12,685 - my_experiment - IMPc100_ExpoComm - my_run - INFO - t_env: 975810 / 2050000
2026-02-17 21:36:12,685 - my_experiment - IMPc100_ExpoComm - my_run - INFO - Estimated time left: 4 hours, 36 minutes, 8 seconds. Time passed: 4 hours, 17 minutes, 12 seconds
2026-02-17 21:42:31,069 - my_experiment - IMPc100_ExpoComm - my_run - INFO - Saving models to work_dirs/my_experiment/IMPc100_ExpoComm/my_run/20260217_171854/models/1000230
2026-02-17 21:42:39,940 - my_experiment - IMPc100_ExpoComm - my_run - INFO - Recent Stats | t_env:    1000800 | Episode:    33360
action_0_mean:             0.8298	action_1_mean:             0.1507	action_2_mean:             0.0195	ep_length_mean:           30.0000
epsilon:                   0.0500	grad_norm:                15.2662	info_nce_loss:             0.0001	loss:                      0.0753
q_loss:                    0.0697	q_taken_mean:              0.0454	return_mean:             -727.3299	return_std:              283.8429
target_mean:               0.0460	td_error_abs:              0.1587	test_action_0_mean:        0.9213	test_action_1_mean:        0.0748
test_action_2_mean:        0.0039	test_ep_length_mean:      30.0000	test_return_mean:        -311.5831	test_return_std:         506.9360

2026-02-17 21:42:40,419 - my_experiment - IMPc100_ExpoComm - my_run - INFO - t_env: 1000830 / 2050000
2026-02-17 21:42:40,420 - my_experiment - IMPc100_ExpoComm - my_run - INFO - Estimated time left: 4 hours, 30 minutes, 58 seconds. Time passed: 4 hours, 23 minutes, 40 seconds
2026-02-17 21:49:07,103 - my_experiment - IMPc100_ExpoComm - my_run - INFO - Recent Stats | t_env:    1025820 | Episode:    34194
action_0_mean:             0.8161	action_1_mean:             0.1643	action_2_mean:             0.0196	ep_length_mean:           30.0000
epsilon:                   0.0500	grad_norm:                13.1270	info_nce_loss:             0.0001	loss:                      0.1456
q_loss:                    0.1336	q_taken_mean:              0.0452	return_mean:             -734.4519	return_std:              284.6885
target_mean:               0.0454	td_error_abs:              0.1620	test_action_0_mean:        0.8936	test_action_1_mean:        0.1024
test_action_2_mean:        0.0040	test_ep_length_mean:      30.0000	test_return_mean:        -281.7180	test_return_std:         365.7405

2026-02-17 21:49:07,532 - my_experiment - IMPc100_ExpoComm - my_run - INFO - t_env: 1025850 / 2050000
2026-02-17 21:49:07,533 - my_experiment - IMPc100_ExpoComm - my_run - INFO - Estimated time left: 4 hours, 24 minutes, 5 seconds. Time passed: 4 hours, 30 minutes, 7 seconds
2026-02-17 21:55:16,741 - my_experiment - IMPc100_ExpoComm - my_run - INFO - Saving models to work_dirs/my_experiment/IMPc100_ExpoComm/my_run/20260217_171854/models/1050240
2026-02-17 21:55:25,643 - my_experiment - IMPc100_ExpoComm - my_run - INFO - Recent Stats | t_env:    1050840 | Episode:    35028
action_0_mean:             0.8099	action_1_mean:             0.1704	action_2_mean:             0.0197	ep_length_mean:           30.0000
epsilon:                   0.0500	grad_norm:                13.7838	info_nce_loss:             0.0001	loss:                      0.1514
q_loss:                    0.1376	q_taken_mean:              0.0451	return_mean:             -733.5262	return_std:              237.8660
target_mean:               0.0454	td_error_abs:              0.1660	test_action_0_mean:        0.8904	test_action_1_mean:        0.1055
test_action_2_mean:        0.0042	test_ep_length_mean:      30.0000	test_return_mean:        -292.5161	test_return_std:         437.1113

2026-02-17 21:55:26,072 - my_experiment - IMPc100_ExpoComm - my_run - INFO - t_env: 1050870 / 2050000
2026-02-17 21:55:26,072 - my_experiment - IMPc100_ExpoComm - my_run - INFO - Estimated time left: 4 hours, 11 minutes, 56 seconds. Time passed: 4 hours, 36 minutes, 26 seconds
2026-02-17 22:01:39,189 - my_experiment - IMPc100_ExpoComm - my_run - INFO - Recent Stats | t_env:    1075860 | Episode:    35862
action_0_mean:             0.8124	action_1_mean:             0.1681	action_2_mean:             0.0195	ep_length_mean:           30.0000
epsilon:                   0.0500	grad_norm:                13.2628	info_nce_loss:             0.0002	loss:                      0.1537
q_loss:                    0.1398	q_taken_mean:              0.0449	return_mean:             -726.5849	return_std:              200.3661
target_mean:               0.0451	td_error_abs:              0.1641	test_action_0_mean:        0.8822	test_action_1_mean:        0.1139
test_action_2_mean:        0.0039	test_ep_length_mean:      30.0000	test_return_mean:        -285.8311	test_return_std:         425.1059

2026-02-17 22:01:39,646 - my_experiment - IMPc100_ExpoComm - my_run - INFO - t_env: 1075890 / 2050000
2026-02-17 22:01:39,647 - my_experiment - IMPc100_ExpoComm - my_run - INFO - Estimated time left: 4 hours, 2 minutes, 24 seconds. Time passed: 4 hours, 42 minutes, 39 seconds
2026-02-17 22:07:44,765 - my_experiment - IMPc100_ExpoComm - my_run - INFO - Saving models to work_dirs/my_experiment/IMPc100_ExpoComm/my_run/20260217_171854/models/1100250
2026-02-17 22:07:54,172 - my_experiment - IMPc100_ExpoComm - my_run - INFO - Recent Stats | t_env:    1100880 | Episode:    36696
action_0_mean:             0.8286	action_1_mean:             0.1522	action_2_mean:             0.0192	ep_length_mean:           30.0000
epsilon:                   0.0500	grad_norm:                 9.3841	info_nce_loss:             0.0002	loss:                      0.1571
q_loss:                    0.1428	q_taken_mean:              0.0442	return_mean:             -711.9762	return_std:              162.2694
target_mean:               0.0442	td_error_abs:              0.1554	test_action_0_mean:        0.8826	test_action_1_mean:        0.1140
test_action_2_mean:        0.0034	test_ep_length_mean:      30.0000	test_return_mean:        -277.9555	test_return_std:         411.8465

2026-02-17 22:07:54,723 - my_experiment - IMPc100_ExpoComm - my_run - INFO - t_env: 1100910 / 2050000
2026-02-17 22:07:54,724 - my_experiment - IMPc100_ExpoComm - my_run - INFO - Estimated time left: 3 hours, 57 minutes, 7 seconds. Time passed: 4 hours, 48 minutes, 54 seconds
2026-02-17 22:14:07,202 - my_experiment - IMPc100_ExpoComm - my_run - INFO - Recent Stats | t_env:    1125900 | Episode:    37530
action_0_mean:             0.8416	action_1_mean:             0.1394	action_2_mean:             0.0190	ep_length_mean:           30.0000
epsilon:                   0.0500	grad_norm:                 7.9175	info_nce_loss:             0.0002	loss:                      0.1515
q_loss:                    0.1377	q_taken_mean:              0.0439	return_mean:             -702.9497	return_std:              145.5703
target_mean:               0.0438	td_error_abs:              0.1469	test_action_0_mean:        0.8615	test_action_1_mean:        0.1355
test_action_2_mean:        0.0031	test_ep_length_mean:      30.0000	test_return_mean:        -192.6564	test_return_std:         257.1235

2026-02-17 22:14:07,644 - my_experiment - IMPc100_ExpoComm - my_run - INFO - t_env: 1125930 / 2050000
2026-02-17 22:14:07,645 - my_experiment - IMPc100_ExpoComm - my_run - INFO - Estimated time left: 3 hours, 49 minutes, 33 seconds. Time passed: 4 hours, 55 minutes, 7 seconds
2026-02-17 22:20:12,710 - my_experiment - IMPc100_ExpoComm - my_run - INFO - Saving models to work_dirs/my_experiment/IMPc100_ExpoComm/my_run/20260217_171854/models/1150260
2026-02-17 22:20:22,534 - my_experiment - IMPc100_ExpoComm - my_run - INFO - Recent Stats | t_env:    1150920 | Episode:    38364
action_0_mean:             0.8586	action_1_mean:             0.1225	action_2_mean:             0.0189	ep_length_mean:           30.0000
epsilon:                   0.0500	grad_norm:                 6.7734	info_nce_loss:             0.0004	loss:                      0.0775
q_loss:                    0.0705	q_taken_mean:              0.0445	return_mean:             -697.1547	return_std:              145.9994
target_mean:               0.0444	td_error_abs:              0.1348	test_action_0_mean:        0.8842	test_action_1_mean:        0.1131
test_action_2_mean:        0.0026	test_ep_length_mean:      30.0000	test_return_mean:        -181.4511	test_return_std:         252.6259

2026-02-17 22:20:22,970 - my_experiment - IMPc100_ExpoComm - my_run - INFO - t_env: 1150950 / 2050000
2026-02-17 22:20:22,971 - my_experiment - IMPc100_ExpoComm - my_run - INFO - Estimated time left: 3 hours, 44 minutes, 46 seconds. Time passed: 5 hours, 1 minutes, 23 seconds
2026-02-17 22:26:38,017 - my_experiment - IMPc100_ExpoComm - my_run - INFO - Recent Stats | t_env:    1175940 | Episode:    39198
action_0_mean:             0.8690	action_1_mean:             0.1122	action_2_mean:             0.0188	ep_length_mean:           30.0000
epsilon:                   0.0500	grad_norm:                 5.0703	info_nce_loss:             0.0004	loss:                      0.0815
q_loss:                    0.0741	q_taken_mean:              0.0450	return_mean:             -694.1713	return_std:              145.9600
target_mean:               0.0449	td_error_abs:              0.1366	test_action_0_mean:        0.8917	test_action_1_mean:        0.1061
test_action_2_mean:        0.0021	test_ep_length_mean:      30.0000	test_return_mean:        -145.9306	test_return_std:         167.9731

2026-02-17 22:26:38,594 - my_experiment - IMPc100_ExpoComm - my_run - INFO - t_env: 1175970 / 2050000
2026-02-17 22:26:38,595 - my_experiment - IMPc100_ExpoComm - my_run - INFO - Estimated time left: 3 hours, 38 minutes, 41 seconds. Time passed: 5 hours, 7 minutes, 38 seconds
2026-02-17 22:32:48,767 - my_experiment - IMPc100_ExpoComm - my_run - INFO - Saving models to work_dirs/my_experiment/IMPc100_ExpoComm/my_run/20260217_171854/models/1200270
2026-02-17 22:32:59,050 - my_experiment - IMPc100_ExpoComm - my_run - INFO - Recent Stats | t_env:    1200960 | Episode:    40032
action_0_mean:             0.8705	action_1_mean:             0.1106	action_2_mean:             0.0189	ep_length_mean:           30.0000
epsilon:                   0.0500	grad_norm:                 8.8041	info_nce_loss:             0.0003	loss:                      0.0940
q_loss:                    0.0855	q_taken_mean:              0.0459	return_mean:             -697.2979	return_std:              150.3447
target_mean:               0.0456	td_error_abs:              0.1490	test_action_0_mean:        0.8887	test_action_1_mean:        0.1092
test_action_2_mean:        0.0021	test_ep_length_mean:      30.0000	test_return_mean:        -148.4705	test_return_std:         161.7718

2026-02-17 22:32:59,517 - my_experiment - IMPc100_ExpoComm - my_run - INFO - t_env: 1200990 / 2050000
2026-02-17 22:32:59,518 - my_experiment - IMPc100_ExpoComm - my_run - INFO - Estimated time left: 3 hours, 35 minutes, 25 seconds. Time passed: 5 hours, 13 minutes, 59 seconds
2026-02-17 22:39:14,677 - my_experiment - IMPc100_ExpoComm - my_run - INFO - Recent Stats | t_env:    1225980 | Episode:    40866
action_0_mean:             0.8624	action_1_mean:             0.1184	action_2_mean:             0.0191	ep_length_mean:           30.0000
epsilon:                   0.0500	grad_norm:                 7.1538	info_nce_loss:             0.0003	loss:                      0.0866
q_loss:                    0.0796	q_taken_mean:              0.0467	return_mean:             -700.7170	return_std:              152.5240
target_mean:               0.0465	td_error_abs:              0.1471	test_action_0_mean:        0.8796	test_action_1_mean:        0.1182
test_action_2_mean:        0.0022	test_ep_length_mean:      30.0000	test_return_mean:        -143.8392	test_return_std:         147.5034

2026-02-17 22:39:15,127 - my_experiment - IMPc100_ExpoComm - my_run - INFO - t_env: 1226010 / 2050000
2026-02-17 22:39:15,128 - my_experiment - IMPc100_ExpoComm - my_run - INFO - Estimated time left: 3 hours, 26 minutes, 10 seconds. Time passed: 5 hours, 20 minutes, 15 seconds
2026-02-17 22:45:13,088 - my_experiment - IMPc100_ExpoComm - my_run - INFO - Saving models to work_dirs/my_experiment/IMPc100_ExpoComm/my_run/20260217_171854/models/1250280
2026-02-17 22:45:23,463 - my_experiment - IMPc100_ExpoComm - my_run - INFO - Recent Stats | t_env:    1251000 | Episode:    41700
action_0_mean:             0.8612	action_1_mean:             0.1197	action_2_mean:             0.0191	ep_length_mean:           30.0000
epsilon:                   0.0500	grad_norm:                 8.7387	info_nce_loss:             0.0002	loss:                      0.0849
q_loss:                    0.0789	q_taken_mean:              0.0471	return_mean:             -699.7776	return_std:              147.4526
target_mean:               0.0470	td_error_abs:              0.1514	test_action_0_mean:        0.8940	test_action_1_mean:        0.1039
test_action_2_mean:        0.0021	test_ep_length_mean:      30.0000	test_return_mean:        -142.1146	test_return_std:         149.7581

2026-02-17 22:45:23,898 - my_experiment - IMPc100_ExpoComm - my_run - INFO - t_env: 1251030 / 2050000
2026-02-17 22:45:23,898 - my_experiment - IMPc100_ExpoComm - my_run - INFO - Estimated time left: 3 hours, 16 minutes, 16 seconds. Time passed: 5 hours, 26 minutes, 24 seconds
2026-02-17 22:51:33,805 - my_experiment - IMPc100_ExpoComm - my_run - INFO - Recent Stats | t_env:    1276020 | Episode:    42534
action_0_mean:             0.8645	action_1_mean:             0.1167	action_2_mean:             0.0188	ep_length_mean:           30.0000
epsilon:                   0.0500	grad_norm:                 7.6441	info_nce_loss:             0.0001	loss:                      0.0770
q_loss:                    0.0718	q_taken_mean:              0.0476	return_mean:             -691.9215	return_std:              135.5966
target_mean:               0.0475	td_error_abs:              0.1433	test_action_0_mean:        0.8987	test_action_1_mean:        0.0993
test_action_2_mean:        0.0020	test_ep_length_mean:      30.0000	test_return_mean:        -137.8540	test_return_std:         144.8066

2026-02-17 22:51:34,250 - my_experiment - IMPc100_ExpoComm - my_run - INFO - t_env: 1276050 / 2050000
2026-02-17 22:51:34,251 - my_experiment - IMPc100_ExpoComm - my_run - INFO - Estimated time left: 3 hours, 10 minutes, 56 seconds. Time passed: 5 hours, 32 minutes, 34 seconds
2026-02-17 22:57:41,731 - my_experiment - IMPc100_ExpoComm - my_run - INFO - Saving models to work_dirs/my_experiment/IMPc100_ExpoComm/my_run/20260217_171854/models/1300290
2026-02-17 22:57:52,552 - my_experiment - IMPc100_ExpoComm - my_run - INFO - Recent Stats | t_env:    1301040 | Episode:    43368
action_0_mean:             0.8700	action_1_mean:             0.1113	action_2_mean:             0.0187	ep_length_mean:           30.0000
epsilon:                   0.0500	grad_norm:                 9.1778	info_nce_loss:             0.0001	loss:                      0.0742
q_loss:                    0.0692	q_taken_mean:              0.0473	return_mean:             -688.5991	return_std:              128.9272
target_mean:               0.0472	td_error_abs:              0.1415	test_action_0_mean:        0.8911	test_action_1_mean:        0.1070
test_action_2_mean:        0.0019	test_ep_length_mean:      30.0000	test_return_mean:        -136.5110	test_return_std:         141.7465

2026-02-17 22:57:52,994 - my_experiment - IMPc100_ExpoComm - my_run - INFO - t_env: 1301070 / 2050000
2026-02-17 22:57:52,995 - my_experiment - IMPc100_ExpoComm - my_run - INFO - Estimated time left: 3 hours, 8 minutes, 57 seconds. Time passed: 5 hours, 38 minutes, 53 seconds
2026-02-17 23:04:09,105 - my_experiment - IMPc100_ExpoComm - my_run - INFO - Recent Stats | t_env:    1326060 | Episode:    44202
action_0_mean:             0.8672	action_1_mean:             0.1142	action_2_mean:             0.0186	ep_length_mean:           30.0000
epsilon:                   0.0500	grad_norm:                 6.8290	info_nce_loss:             0.0001	loss:                      0.0646
q_loss:                    0.0605	q_taken_mean:              0.0472	return_mean:             -687.8261	return_std:              127.5131
target_mean:               0.0471	td_error_abs:              0.1328	test_action_0_mean:        0.9070	test_action_1_mean:        0.0914
test_action_2_mean:        0.0016	test_ep_length_mean:      30.0000	test_return_mean:        -128.8862	test_return_std:         144.1833

2026-02-17 23:04:09,572 - my_experiment - IMPc100_ExpoComm - my_run - INFO - t_env: 1326090 / 2050000
2026-02-17 23:04:09,572 - my_experiment - IMPc100_ExpoComm - my_run - INFO - Estimated time left: 3 hours, 1 minutes, 35 seconds. Time passed: 5 hours, 45 minutes, 9 seconds
2026-02-17 23:10:10,014 - my_experiment - IMPc100_ExpoComm - my_run - INFO - Saving models to work_dirs/my_experiment/IMPc100_ExpoComm/my_run/20260217_171854/models/1350300
2026-02-17 23:10:21,226 - my_experiment - IMPc100_ExpoComm - my_run - INFO - Recent Stats | t_env:    1351080 | Episode:    45036
action_0_mean:             0.8712	action_1_mean:             0.1103	action_2_mean:             0.0185	ep_length_mean:           30.0000
epsilon:                   0.0500	grad_norm:                 7.3711	info_nce_loss:             0.0001	loss:                      0.0745
q_loss:                    0.0703	q_taken_mean:              0.0467	return_mean:             -686.3627	return_std:              127.8508
target_mean:               0.0466	td_error_abs:              0.1373	test_action_0_mean:        0.9118	test_action_1_mean:        0.0867
test_action_2_mean:        0.0016	test_ep_length_mean:      30.0000	test_return_mean:        -123.8307	test_return_std:         144.7566

2026-02-17 23:10:21,667 - my_experiment - IMPc100_ExpoComm - my_run - INFO - t_env: 1351110 / 2050000
2026-02-17 23:10:21,667 - my_experiment - IMPc100_ExpoComm - my_run - INFO - Estimated time left: 2 hours, 53 minutes, 13 seconds. Time passed: 5 hours, 51 minutes, 21 seconds
2026-02-17 23:16:30,639 - my_experiment - IMPc100_ExpoComm - my_run - INFO - Recent Stats | t_env:    1376100 | Episode:    45870
action_0_mean:             0.8753	action_1_mean:             0.1063	action_2_mean:             0.0184	ep_length_mean:           30.0000
epsilon:                   0.0500	grad_norm:                 7.9770	info_nce_loss:             0.0001	loss:                      0.0761
q_loss:                    0.0720	q_taken_mean:              0.0468	return_mean:             -685.2045	return_std:              127.4655
target_mean:               0.0465	td_error_abs:              0.1360	test_action_0_mean:        0.9153	test_action_1_mean:        0.0831
test_action_2_mean:        0.0016	test_ep_length_mean:      30.0000	test_return_mean:        -130.8364	test_return_std:         151.1672

2026-02-17 23:16:31,092 - my_experiment - IMPc100_ExpoComm - my_run - INFO - t_env: 1376130 / 2050000
2026-02-17 23:16:31,092 - my_experiment - IMPc100_ExpoComm - my_run - INFO - Estimated time left: 2 hours, 45 minutes, 49 seconds. Time passed: 5 hours, 57 minutes, 31 seconds
2026-02-17 23:22:35,759 - my_experiment - IMPc100_ExpoComm - my_run - INFO - Saving models to work_dirs/my_experiment/IMPc100_ExpoComm/my_run/20260217_171854/models/1400310
2026-02-17 23:22:48,146 - my_experiment - IMPc100_ExpoComm - my_run - INFO - Recent Stats | t_env:    1401120 | Episode:    46704
action_0_mean:             0.8743	action_1_mean:             0.1072	action_2_mean:             0.0185	ep_length_mean:           30.0000
epsilon:                   0.0500	grad_norm:                 8.1951	info_nce_loss:             0.0001	loss:                      0.0818
q_loss:                    0.0772	q_taken_mean:              0.0466	return_mean:             -687.0367	return_std:              129.8456
target_mean:               0.0462	td_error_abs:              0.1415	test_action_0_mean:        0.9044	test_action_1_mean:        0.0939
test_action_2_mean:        0.0017	test_ep_length_mean:      30.0000	test_return_mean:        -130.4415	test_return_std:         142.6381

2026-02-17 23:22:48,620 - my_experiment - IMPc100_ExpoComm - my_run - INFO - t_env: 1401150 / 2050000
2026-02-17 23:22:48,621 - my_experiment - IMPc100_ExpoComm - my_run - INFO - Estimated time left: 2 hours, 43 minutes, 10 seconds. Time passed: 6 hours, 3 minutes, 48 seconds
2026-02-17 23:29:05,530 - my_experiment - IMPc100_ExpoComm - my_run - INFO - Recent Stats | t_env:    1426140 | Episode:    47538
action_0_mean:             0.8645	action_1_mean:             0.1171	action_2_mean:             0.0184	ep_length_mean:           30.0000
epsilon:                   0.0500	grad_norm:                 6.9283	info_nce_loss:             0.0001	loss:                      0.0723
q_loss:                    0.0695	q_taken_mean:              0.0472	return_mean:             -684.5087	return_std:              123.5733
target_mean:               0.0469	td_error_abs:              0.1325	test_action_0_mean:        0.8911	test_action_1_mean:        0.1072
test_action_2_mean:        0.0017	test_ep_length_mean:      30.0000	test_return_mean:        -133.1811	test_return_std:         147.1965

2026-02-17 23:29:06,001 - my_experiment - IMPc100_ExpoComm - my_run - INFO - t_env: 1426170 / 2050000
2026-02-17 23:29:06,002 - my_experiment - IMPc100_ExpoComm - my_run - INFO - Estimated time left: 2 hours, 36 minutes, 49 seconds. Time passed: 6 hours, 10 minutes, 6 seconds
2026-02-17 23:35:12,313 - my_experiment - IMPc100_ExpoComm - my_run - INFO - Saving models to work_dirs/my_experiment/IMPc100_ExpoComm/my_run/20260217_171854/models/1450320
2026-02-17 23:35:24,925 - my_experiment - IMPc100_ExpoComm - my_run - INFO - Recent Stats | t_env:    1451160 | Episode:    48372
action_0_mean:             0.8659	action_1_mean:             0.1156	action_2_mean:             0.0184	ep_length_mean:           30.0000
epsilon:                   0.0500	grad_norm:                 5.9741	info_nce_loss:             0.0001	loss:                      0.0729
q_loss:                    0.0700	q_taken_mean:              0.0472	return_mean:             -683.2217	return_std:              121.7836
target_mean:               0.0470	td_error_abs:              0.1341	test_action_0_mean:        0.8757	test_action_1_mean:        0.1225
test_action_2_mean:        0.0018	test_ep_length_mean:      30.0000	test_return_mean:        -130.7037	test_return_std:         136.4411

2026-02-17 23:35:25,380 - my_experiment - IMPc100_ExpoComm - my_run - INFO - t_env: 1451190 / 2050000
2026-02-17 23:35:25,380 - my_experiment - IMPc100_ExpoComm - my_run - INFO - Estimated time left: 2 hours, 31 minutes, 19 seconds. Time passed: 6 hours, 16 minutes, 25 seconds
2026-02-17 23:41:38,585 - my_experiment - IMPc100_ExpoComm - my_run - INFO - Recent Stats | t_env:    1476180 | Episode:    49206
action_0_mean:             0.8614	action_1_mean:             0.1202	action_2_mean:             0.0184	ep_length_mean:           30.0000
epsilon:                   0.0500	grad_norm:                 5.4808	info_nce_loss:             0.0001	loss:                      0.0663
q_loss:                    0.0634	q_taken_mean:              0.0476	return_mean:             -680.9456	return_std:              118.4779
target_mean:               0.0473	td_error_abs:              0.1322	test_action_0_mean:        0.8676	test_action_1_mean:        0.1305
test_action_2_mean:        0.0018	test_ep_length_mean:      30.0000	test_return_mean:        -130.8674	test_return_std:         130.7078

2026-02-17 23:41:39,088 - my_experiment - IMPc100_ExpoComm - my_run - INFO - t_env: 1476210 / 2050000
2026-02-17 23:41:39,089 - my_experiment - IMPc100_ExpoComm - my_run - INFO - Estimated time left: 2 hours, 22 minutes, 50 seconds. Time passed: 6 hours, 22 minutes, 39 seconds
2026-02-17 23:47:35,957 - my_experiment - IMPc100_ExpoComm - my_run - INFO - Saving models to work_dirs/my_experiment/IMPc100_ExpoComm/my_run/20260217_171854/models/1500330
2026-02-17 23:47:48,336 - my_experiment - IMPc100_ExpoComm - my_run - INFO - Recent Stats | t_env:    1501200 | Episode:    50040
action_0_mean:             0.8590	action_1_mean:             0.1227	action_2_mean:             0.0184	ep_length_mean:           30.0000
epsilon:                   0.0500	grad_norm:                 3.9566	info_nce_loss:             0.0001	loss:                      0.0629
q_loss:                    0.0593	q_taken_mean:              0.0479	return_mean:             -680.4816	return_std:              120.1604
target_mean:               0.0478	td_error_abs:              0.1283	test_action_0_mean:        0.8610	test_action_1_mean:        0.1371
test_action_2_mean:        0.0019	test_ep_length_mean:      30.0000	test_return_mean:        -130.4604	test_return_std:         127.7065

2026-02-17 23:47:48,822 - my_experiment - IMPc100_ExpoComm - my_run - INFO - t_env: 1501230 / 2050000
2026-02-17 23:47:48,823 - my_experiment - IMPc100_ExpoComm - my_run - INFO - Estimated time left: 2 hours, 15 minutes, 9 seconds. Time passed: 6 hours, 28 minutes, 49 seconds
2026-02-17 23:54:01,300 - my_experiment - IMPc100_ExpoComm - my_run - INFO - Recent Stats | t_env:    1526220 | Episode:    50874
action_0_mean:             0.8577	action_1_mean:             0.1239	action_2_mean:             0.0184	ep_length_mean:           30.0000
epsilon:                   0.0500	grad_norm:                 3.3747	info_nce_loss:             0.0002	loss:                      0.0587
q_loss:                    0.0555	q_taken_mean:              0.0481	return_mean:             -679.6904	return_std:              120.1041
target_mean:               0.0480	td_error_abs:              0.1243	test_action_0_mean:        0.8733	test_action_1_mean:        0.1251
test_action_2_mean:        0.0016	test_ep_length_mean:      30.0000	test_return_mean:        -141.5776	test_return_std:         155.0807

2026-02-17 23:54:01,746 - my_experiment - IMPc100_ExpoComm - my_run - INFO - t_env: 1526250 / 2050000
2026-02-17 23:54:01,746 - my_experiment - IMPc100_ExpoComm - my_run - INFO - Estimated time left: 2 hours, 10 minutes, 6 seconds. Time passed: 6 hours, 35 minutes, 1 seconds
2026-02-17 23:59:57,882 - my_experiment - IMPc100_ExpoComm - my_run - INFO - Saving models to work_dirs/my_experiment/IMPc100_ExpoComm/my_run/20260217_171854/models/1550340
2026-02-18 00:00:10,362 - my_experiment - IMPc100_ExpoComm - my_run - INFO - Recent Stats | t_env:    1551240 | Episode:    51708
action_0_mean:             0.8628	action_1_mean:             0.1189	action_2_mean:             0.0183	ep_length_mean:           30.0000
epsilon:                   0.0500	grad_norm:                 4.1575	info_nce_loss:             0.0002	loss:                      0.0596
q_loss:                    0.0553	q_taken_mean:              0.0479	return_mean:             -678.6713	return_std:              121.6979
target_mean:               0.0479	td_error_abs:              0.1278	test_action_0_mean:        0.8886	test_action_1_mean:        0.1095
test_action_2_mean:        0.0019	test_ep_length_mean:      30.0000	test_return_mean:        -145.3470	test_return_std:         162.7412

2026-02-18 00:00:10,853 - my_experiment - IMPc100_ExpoComm - my_run - INFO - t_env: 1551270 / 2050000
2026-02-18 00:00:10,854 - my_experiment - IMPc100_ExpoComm - my_run - INFO - Estimated time left: 2 hours, 2 minutes, 37 seconds. Time passed: 6 hours, 41 minutes, 11 seconds
2026-02-18 00:06:12,260 - my_experiment - IMPc100_ExpoComm - my_run - INFO - Recent Stats | t_env:    1576260 | Episode:    52542
action_0_mean:             0.8661	action_1_mean:             0.1157	action_2_mean:             0.0182	ep_length_mean:           30.0000
epsilon:                   0.0500	grad_norm:                 3.4529	info_nce_loss:             0.0001	loss:                      0.0538
q_loss:                    0.0500	q_taken_mean:              0.0481	return_mean:             -676.3909	return_std:              119.7426
target_mean:               0.0482	td_error_abs:              0.1243	test_action_0_mean:        0.8824	test_action_1_mean:        0.1157
test_action_2_mean:        0.0019	test_ep_length_mean:      30.0000	test_return_mean:        -146.0895	test_return_std:         159.0740

2026-02-18 00:06:12,681 - my_experiment - IMPc100_ExpoComm - my_run - INFO - t_env: 1576290 / 2050000
2026-02-18 00:06:12,681 - my_experiment - IMPc100_ExpoComm - my_run - INFO - Estimated time left: 1 hours, 54 minutes, 10 seconds. Time passed: 6 hours, 47 minutes, 12 seconds
2026-02-18 00:11:55,969 - my_experiment - IMPc100_ExpoComm - my_run - INFO - Saving models to work_dirs/my_experiment/IMPc100_ExpoComm/my_run/20260217_171854/models/1600350
2026-02-18 00:12:08,804 - my_experiment - IMPc100_ExpoComm - my_run - INFO - Recent Stats | t_env:    1601280 | Episode:    53376
action_0_mean:             0.8742	action_1_mean:             0.1075	action_2_mean:             0.0182	ep_length_mean:           30.0000
epsilon:                   0.0500	grad_norm:                 3.3388	info_nce_loss:             0.0001	loss:                      0.0494
q_loss:                    0.0457	q_taken_mean:              0.0486	return_mean:             -677.0416	return_std:              122.4057
target_mean:               0.0487	td_error_abs:              0.1204	test_action_0_mean:        0.8931	test_action_1_mean:        0.1049
test_action_2_mean:        0.0020	test_ep_length_mean:      30.0000	test_return_mean:        -161.5694	test_return_std:         193.3255

2026-02-18 00:12:09,234 - my_experiment - IMPc100_ExpoComm - my_run - INFO - t_env: 1601310 / 2050000
2026-02-18 00:12:09,235 - my_experiment - IMPc100_ExpoComm - my_run - INFO - Estimated time left: 1 hours, 46 minutes, 34 seconds. Time passed: 6 hours, 53 minutes, 9 seconds
2026-02-18 00:18:09,064 - my_experiment - IMPc100_ExpoComm - my_run - INFO - Recent Stats | t_env:    1626300 | Episode:    54210
action_0_mean:             0.8802	action_1_mean:             0.1015	action_2_mean:             0.0182	ep_length_mean:           30.0000
epsilon:                   0.0500	grad_norm:                 5.8908	info_nce_loss:             0.0002	loss:                      0.0657
q_loss:                    0.0605	q_taken_mean:              0.0483	return_mean:             -677.2682	return_std:              132.1060
target_mean:               0.0485	td_error_abs:              0.1366	test_action_0_mean:        0.9025	test_action_1_mean:        0.0956
test_action_2_mean:        0.0019	test_ep_length_mean:      30.0000	test_return_mean:        -152.0395	test_return_std:         198.0819

2026-02-18 00:18:09,509 - my_experiment - IMPc100_ExpoComm - my_run - INFO - t_env: 1626330 / 2050000
2026-02-18 00:18:09,509 - my_experiment - IMPc100_ExpoComm - my_run - INFO - Estimated time left: 1 hours, 41 minutes, 40 seconds. Time passed: 6 hours, 59 minutes, 9 seconds
2026-02-18 00:24:04,109 - my_experiment - IMPc100_ExpoComm - my_run - INFO - Saving models to work_dirs/my_experiment/IMPc100_ExpoComm/my_run/20260217_171854/models/1650360
2026-02-18 00:24:18,120 - my_experiment - IMPc100_ExpoComm - my_run - INFO - Recent Stats | t_env:    1651320 | Episode:    55044
action_0_mean:             0.8787	action_1_mean:             0.1030	action_2_mean:             0.0183	ep_length_mean:           30.0000
epsilon:                   0.0500	grad_norm:                 8.6012	info_nce_loss:             0.0001	loss:                      0.0751
q_loss:                    0.0708	q_taken_mean:              0.0487	return_mean:             -678.9801	return_std:              136.3989
target_mean:               0.0488	td_error_abs:              0.1436	test_action_0_mean:        0.9016	test_action_1_mean:        0.0965
test_action_2_mean:        0.0019	test_ep_length_mean:      30.0000	test_return_mean:        -131.9709	test_return_std:         155.6837

2026-02-18 00:24:18,532 - my_experiment - IMPc100_ExpoComm - my_run - INFO - t_env: 1651350 / 2050000
2026-02-18 00:24:18,532 - my_experiment - IMPc100_ExpoComm - my_run - INFO - Estimated time left: 1 hours, 37 minutes, 59 seconds. Time passed: 7 hours, 5 minutes, 18 seconds
2026-02-18 00:30:27,128 - my_experiment - IMPc100_ExpoComm - my_run - INFO - Recent Stats | t_env:    1676340 | Episode:    55878
action_0_mean:             0.8706	action_1_mean:             0.1110	action_2_mean:             0.0184	ep_length_mean:           30.0000
epsilon:                   0.0500	grad_norm:                 8.0267	info_nce_loss:             0.0001	loss:                      0.0794
q_loss:                    0.0747	q_taken_mean:              0.0492	return_mean:             -679.9810	return_std:              133.5941
target_mean:               0.0492	td_error_abs:              0.1438	test_action_0_mean:        0.9004	test_action_1_mean:        0.0979
test_action_2_mean:        0.0017	test_ep_length_mean:      30.0000	test_return_mean:        -125.8118	test_return_std:         141.8518

2026-02-18 00:30:27,547 - my_experiment - IMPc100_ExpoComm - my_run - INFO - t_env: 1676370 / 2050000
2026-02-18 00:30:27,548 - my_experiment - IMPc100_ExpoComm - my_run - INFO - Estimated time left: 1 hours, 31 minutes, 50 seconds. Time passed: 7 hours, 11 minutes, 27 seconds
2026-02-18 00:36:12,467 - my_experiment - IMPc100_ExpoComm - my_run - INFO - Saving models to work_dirs/my_experiment/IMPc100_ExpoComm/my_run/20260217_171854/models/1700370
2026-02-18 00:36:26,332 - my_experiment - IMPc100_ExpoComm - my_run - INFO - Recent Stats | t_env:    1701360 | Episode:    56712
action_0_mean:             0.8636	action_1_mean:             0.1180	action_2_mean:             0.0184	ep_length_mean:           30.0000
epsilon:                   0.0500	grad_norm:                 7.8938	info_nce_loss:             0.0002	loss:                      0.0781
q_loss:                    0.0735	q_taken_mean:              0.0495	return_mean:             -680.6198	return_std:              131.6201
target_mean:               0.0495	td_error_abs:              0.1421	test_action_0_mean:        0.9137	test_action_1_mean:        0.0847
test_action_2_mean:        0.0016	test_ep_length_mean:      30.0000	test_return_mean:        -125.5279	test_return_std:         148.8445

2026-02-18 00:36:26,745 - my_experiment - IMPc100_ExpoComm - my_run - INFO - t_env: 1701390 / 2050000
2026-02-18 00:36:26,746 - my_experiment - IMPc100_ExpoComm - my_run - INFO - Estimated time left: 1 hours, 23 minutes, 24 seconds. Time passed: 7 hours, 17 minutes, 26 seconds
2026-02-18 00:42:27,580 - my_experiment - IMPc100_ExpoComm - my_run - INFO - Recent Stats | t_env:    1726380 | Episode:    57546
action_0_mean:             0.8672	action_1_mean:             0.1144	action_2_mean:             0.0184	ep_length_mean:           30.0000
epsilon:                   0.0500	grad_norm:                 7.5237	info_nce_loss:             0.0004	loss:                      0.0813
q_loss:                    0.0756	q_taken_mean:              0.0494	return_mean:             -679.4599	return_std:              130.2280
target_mean:               0.0494	td_error_abs:              0.1450	test_action_0_mean:        0.9157	test_action_1_mean:        0.0827
test_action_2_mean:        0.0016	test_ep_length_mean:      30.0000	test_return_mean:        -131.7638	test_return_std:         166.7508

2026-02-18 00:42:27,991 - my_experiment - IMPc100_ExpoComm - my_run - INFO - t_env: 1726410 / 2050000
2026-02-18 00:42:27,992 - my_experiment - IMPc100_ExpoComm - my_run - INFO - Estimated time left: 1 hours, 17 minutes, 52 seconds. Time passed: 7 hours, 23 minutes, 28 seconds
2026-02-18 00:48:20,994 - my_experiment - IMPc100_ExpoComm - my_run - INFO - Saving models to work_dirs/my_experiment/IMPc100_ExpoComm/my_run/20260217_171854/models/1750380
2026-02-18 00:48:35,598 - my_experiment - IMPc100_ExpoComm - my_run - INFO - Recent Stats | t_env:    1751400 | Episode:    58380
action_0_mean:             0.8622	action_1_mean:             0.1194	action_2_mean:             0.0184	ep_length_mean:           30.0000
epsilon:                   0.0500	grad_norm:                 5.2540	info_nce_loss:             0.0004	loss:                      0.0702
q_loss:                    0.0655	q_taken_mean:              0.0501	return_mean:             -680.0711	return_std:              120.6441
target_mean:               0.0499	td_error_abs:              0.1323	test_action_0_mean:        0.9072	test_action_1_mean:        0.0911
test_action_2_mean:        0.0018	test_ep_length_mean:      30.0000	test_return_mean:        -141.1348	test_return_std:         177.2159

2026-02-18 00:48:36,017 - my_experiment - IMPc100_ExpoComm - my_run - INFO - t_env: 1751430 / 2050000
2026-02-18 00:48:36,017 - my_experiment - IMPc100_ExpoComm - my_run - INFO - Estimated time left: 1 hours, 13 minutes, 11 seconds. Time passed: 7 hours, 29 minutes, 36 seconds
2026-02-18 00:54:39,345 - my_experiment - IMPc100_ExpoComm - my_run - INFO - Recent Stats | t_env:    1776420 | Episode:    59214
action_0_mean:             0.8555	action_1_mean:             0.1262	action_2_mean:             0.0183	ep_length_mean:           30.0000
epsilon:                   0.0500	grad_norm:                 3.3833	info_nce_loss:             0.0004	loss:                      0.0591
q_loss:                    0.0544	q_taken_mean:              0.0506	return_mean:             -678.0118	return_std:              114.1228
target_mean:               0.0505	td_error_abs:              0.1251	test_action_0_mean:        0.8849	test_action_1_mean:        0.1130
test_action_2_mean:        0.0021	test_ep_length_mean:      30.0000	test_return_mean:        -152.0568	test_return_std:         188.3570

2026-02-18 00:54:39,761 - my_experiment - IMPc100_ExpoComm - my_run - INFO - t_env: 1776450 / 2050000
2026-02-18 00:54:39,762 - my_experiment - IMPc100_ExpoComm - my_run - INFO - Estimated time left: 1 hours, 6 minutes, 16 seconds. Time passed: 7 hours, 35 minutes, 39 seconds
2026-02-18 01:00:22,193 - my_experiment - IMPc100_ExpoComm - my_run - INFO - Saving models to work_dirs/my_experiment/IMPc100_ExpoComm/my_run/20260217_171854/models/1800390
2026-02-18 01:00:36,982 - my_experiment - IMPc100_ExpoComm - my_run - INFO - Recent Stats | t_env:    1801440 | Episode:    60048
action_0_mean:             0.8639	action_1_mean:             0.1179	action_2_mean:             0.0182	ep_length_mean:           30.0000
epsilon:                   0.0500	grad_norm:                 3.5151	info_nce_loss:             0.0003	loss:                      0.0521
q_loss:                    0.0481	q_taken_mean:              0.0511	return_mean:             -675.1427	return_std:              114.6752
target_mean:               0.0510	td_error_abs:              0.1220	test_action_0_mean:        0.9008	test_action_1_mean:        0.0973
test_action_2_mean:        0.0019	test_ep_length_mean:      30.0000	test_return_mean:        -160.7699	test_return_std:         216.4163

2026-02-18 01:00:37,415 - my_experiment - IMPc100_ExpoComm - my_run - INFO - t_env: 1801470 / 2050000
2026-02-18 01:00:37,415 - my_experiment - IMPc100_ExpoComm - my_run - INFO - Estimated time left: 59 minutes, 12 seconds. Time passed: 7 hours, 41 minutes, 37 seconds
2026-02-18 01:06:33,889 - my_experiment - IMPc100_ExpoComm - my_run - INFO - Recent Stats | t_env:    1826460 | Episode:    60882
action_0_mean:             0.8777	action_1_mean:             0.1042	action_2_mean:             0.0182	ep_length_mean:           30.0000
epsilon:                   0.0500	grad_norm:                 4.1191	info_nce_loss:             0.0003	loss:                      0.0483
q_loss:                    0.0452	q_taken_mean:              0.0514	return_mean:             -674.0507	return_std:              116.6797
target_mean:               0.0514	td_error_abs:              0.1203	test_action_0_mean:        0.9079	test_action_1_mean:        0.0901
test_action_2_mean:        0.0020	test_ep_length_mean:      30.0000	test_return_mean:        -171.6973	test_return_std:         250.7270

2026-02-18 01:06:34,306 - my_experiment - IMPc100_ExpoComm - my_run - INFO - t_env: 1826490 / 2050000
2026-02-18 01:06:34,307 - my_experiment - IMPc100_ExpoComm - my_run - INFO - Estimated time left: 53 minutes, 8 seconds. Time passed: 7 hours, 47 minutes, 34 seconds
2026-02-18 01:12:18,838 - my_experiment - IMPc100_ExpoComm - my_run - INFO - Saving models to work_dirs/my_experiment/IMPc100_ExpoComm/my_run/20260217_171854/models/1850400
2026-02-18 01:12:33,875 - my_experiment - IMPc100_ExpoComm - my_run - INFO - Recent Stats | t_env:    1851480 | Episode:    61716
action_0_mean:             0.8787	action_1_mean:             0.1032	action_2_mean:             0.0181	ep_length_mean:           30.0000
epsilon:                   0.0500	grad_norm:                 5.7085	info_nce_loss:             0.0001	loss:                      0.0500
q_loss:                    0.0468	q_taken_mean:              0.0518	return_mean:             -673.6767	return_std:              116.2753
target_mean:               0.0517	td_error_abs:              0.1210	test_action_0_mean:        0.8953	test_action_1_mean:        0.1029
test_action_2_mean:        0.0019	test_ep_length_mean:      30.0000	test_return_mean:        -149.3090	test_return_std:         197.8432

2026-02-18 01:12:34,285 - my_experiment - IMPc100_ExpoComm - my_run - INFO - t_env: 1851510 / 2050000
2026-02-18 01:12:34,285 - my_experiment - IMPc100_ExpoComm - my_run - INFO - Estimated time left: 47 minutes, 35 seconds. Time passed: 7 hours, 53 minutes, 34 seconds
2026-02-18 01:18:31,691 - my_experiment - IMPc100_ExpoComm - my_run - INFO - Recent Stats | t_env:    1876500 | Episode:    62550
action_0_mean:             0.8802	action_1_mean:             0.1018	action_2_mean:             0.0180	ep_length_mean:           30.0000
epsilon:                   0.0500	grad_norm:                 6.0239	info_nce_loss:             0.0001	loss:                      0.0502
q_loss:                    0.0470	q_taken_mean:              0.0519	return_mean:             -670.7474	return_std:              113.0792
target_mean:               0.0518	td_error_abs:              0.1222	test_action_0_mean:        0.8964	test_action_1_mean:        0.1018
test_action_2_mean:        0.0017	test_ep_length_mean:      30.0000	test_return_mean:        -141.2273	test_return_std:         178.5298

2026-02-18 01:18:32,151 - my_experiment - IMPc100_ExpoComm - my_run - INFO - t_env: 1876530 / 2050000
2026-02-18 01:18:32,152 - my_experiment - IMPc100_ExpoComm - my_run - INFO - Estimated time left: 41 minutes, 21 seconds. Time passed: 7 hours, 59 minutes, 32 seconds
2026-02-18 01:24:18,752 - my_experiment - IMPc100_ExpoComm - my_run - INFO - Saving models to work_dirs/my_experiment/IMPc100_ExpoComm/my_run/20260217_171854/models/1900410
2026-02-18 01:24:34,402 - my_experiment - IMPc100_ExpoComm - my_run - INFO - Recent Stats | t_env:    1901520 | Episode:    63384
action_0_mean:             0.8884	action_1_mean:             0.0936	action_2_mean:             0.0180	ep_length_mean:           30.0000
epsilon:                   0.0500	grad_norm:                 5.2157	info_nce_loss:             0.0001	loss:                      0.0516
q_loss:                    0.0475	q_taken_mean:              0.0518	return_mean:             -670.2966	return_std:              114.3678
target_mean:               0.0517	td_error_abs:              0.1231	test_action_0_mean:        0.9081	test_action_1_mean:        0.0902
test_action_2_mean:        0.0017	test_ep_length_mean:      30.0000	test_return_mean:        -143.8222	test_return_std:         187.8491

2026-02-18 01:24:34,818 - my_experiment - IMPc100_ExpoComm - my_run - INFO - t_env: 1901550 / 2050000
2026-02-18 01:24:34,818 - my_experiment - IMPc100_ExpoComm - my_run - INFO - Estimated time left: 35 minutes, 51 seconds. Time passed: 8 hours, 5 minutes, 34 seconds
2026-02-18 01:30:34,417 - my_experiment - IMPc100_ExpoComm - my_run - INFO - Recent Stats | t_env:    1926540 | Episode:    64218
action_0_mean:             0.8882	action_1_mean:             0.0937	action_2_mean:             0.0180	ep_length_mean:           30.0000
epsilon:                   0.0500	grad_norm:                 4.9223	info_nce_loss:             0.0001	loss:                      0.0515
q_loss:                    0.0483	q_taken_mean:              0.0519	return_mean:             -671.5918	return_std:              116.4820
target_mean:               0.0518	td_error_abs:              0.1221	test_action_0_mean:        0.9002	test_action_1_mean:        0.0979
test_action_2_mean:        0.0020	test_ep_length_mean:      30.0000	test_return_mean:        -143.0709	test_return_std:         181.8478

2026-02-18 01:30:34,950 - my_experiment - IMPc100_ExpoComm - my_run - INFO - t_env: 1926570 / 2050000
2026-02-18 01:30:34,950 - my_experiment - IMPc100_ExpoComm - my_run - INFO - Estimated time left: 29 minutes, 36 seconds. Time passed: 8 hours, 11 minutes, 35 seconds
2026-02-18 01:36:17,681 - my_experiment - IMPc100_ExpoComm - my_run - INFO - Saving models to work_dirs/my_experiment/IMPc100_ExpoComm/my_run/20260217_171854/models/1950420
2026-02-18 01:36:33,805 - my_experiment - IMPc100_ExpoComm - my_run - INFO - Recent Stats | t_env:    1951560 | Episode:    65052
action_0_mean:             0.8836	action_1_mean:             0.0982	action_2_mean:             0.0181	ep_length_mean:           30.0000
epsilon:                   0.0500	grad_norm:                 5.4434	info_nce_loss:             0.0001	loss:                      0.0588
q_loss:                    0.0555	q_taken_mean:              0.0520	return_mean:             -671.7771	return_std:              117.3691
target_mean:               0.0519	td_error_abs:              0.1272	test_action_0_mean:        0.8970	test_action_1_mean:        0.1012
test_action_2_mean:        0.0018	test_ep_length_mean:      30.0000	test_return_mean:        -124.6116	test_return_std:         143.0880

2026-02-18 01:36:34,223 - my_experiment - IMPc100_ExpoComm - my_run - INFO - t_env: 1951590 / 2050000
2026-02-18 01:36:34,223 - my_experiment - IMPc100_ExpoComm - my_run - INFO - Estimated time left: 23 minutes, 33 seconds. Time passed: 8 hours, 17 minutes, 34 seconds
2026-02-18 01:42:35,589 - my_experiment - IMPc100_ExpoComm - my_run - INFO - Recent Stats | t_env:    1976580 | Episode:    65886
action_0_mean:             0.8819	action_1_mean:             0.1000	action_2_mean:             0.0181	ep_length_mean:           30.0000
epsilon:                   0.0500	grad_norm:                 4.0312	info_nce_loss:             0.0001	loss:                      0.0587
q_loss:                    0.0554	q_taken_mean:              0.0522	return_mean:             -672.2947	return_std:              116.1554
target_mean:               0.0521	td_error_abs:              0.1268	test_action_0_mean:        0.9047	test_action_1_mean:        0.0936
test_action_2_mean:        0.0017	test_ep_length_mean:      30.0000	test_return_mean:        -125.4524	test_return_std:         146.6460

2026-02-18 01:42:36,013 - my_experiment - IMPc100_ExpoComm - my_run - INFO - t_env: 1976610 / 2050000
2026-02-18 01:42:36,013 - my_experiment - IMPc100_ExpoComm - my_run - INFO - Estimated time left: 17 minutes, 41 seconds. Time passed: 8 hours, 23 minutes, 36 seconds
2026-02-18 01:48:27,669 - my_experiment - IMPc100_ExpoComm - my_run - INFO - Saving models to work_dirs/my_experiment/IMPc100_ExpoComm/my_run/20260217_171854/models/2000430
2026-02-18 01:48:44,605 - my_experiment - IMPc100_ExpoComm - my_run - INFO - Recent Stats | t_env:    2001600 | Episode:    66720
action_0_mean:             0.8806	action_1_mean:             0.1012	action_2_mean:             0.0182	ep_length_mean:           30.0000
epsilon:                   0.0500	grad_norm:                 3.1164	info_nce_loss:             0.0001	loss:                      0.0592
q_loss:                    0.0559	q_taken_mean:              0.0523	return_mean:             -674.2101	return_std:              120.3673
target_mean:               0.0524	td_error_abs:              0.1290	test_action_0_mean:        0.8929	test_action_1_mean:        0.1053
test_action_2_mean:        0.0018	test_ep_length_mean:      30.0000	test_return_mean:        -130.8752	test_return_std:         154.3986

2026-02-18 01:48:45,029 - my_experiment - IMPc100_ExpoComm - my_run - INFO - t_env: 2001630 / 2050000
2026-02-18 01:48:45,030 - my_experiment - IMPc100_ExpoComm - my_run - INFO - Estimated time left: 11 minutes, 53 seconds. Time passed: 8 hours, 29 minutes, 45 seconds
2026-02-18 01:54:51,003 - my_experiment - IMPc100_ExpoComm - my_run - INFO - Recent Stats | t_env:    2026620 | Episode:    67554
action_0_mean:             0.8720	action_1_mean:             0.1097	action_2_mean:             0.0183	ep_length_mean:           30.0000
epsilon:                   0.0500	grad_norm:                 3.3748	info_nce_loss:             0.0002	loss:                      0.0699
q_loss:                    0.0656	q_taken_mean:              0.0519	return_mean:             -676.7528	return_std:              122.5063
target_mean:               0.0518	td_error_abs:              0.1368	test_action_0_mean:        0.8717	test_action_1_mean:        0.1265
test_action_2_mean:        0.0018	test_ep_length_mean:      30.0000	test_return_mean:        -127.2604	test_return_std:         146.6868

2026-02-18 01:54:51,517 - my_experiment - IMPc100_ExpoComm - my_run - INFO - t_env: 2026650 / 2050000
2026-02-18 01:54:51,517 - my_experiment - IMPc100_ExpoComm - my_run - INFO - Estimated time left: 5 minutes, 42 seconds. Time passed: 8 hours, 35 minutes, 51 seconds
2026-02-18 02:00:28,387 - my_experiment - IMPc100_ExpoComm - my_run - INFO - Finished Training
