Gym has been unmaintained since 2022 and does not support NumPy 2.0 amongst other critical functionality.
Please upgrade to Gymnasium, the maintained drop-in replacement of Gym, or contact the authors of your software and request that they upgrade.
Users of this version of Gym should be able to simply replace 'import gym' with 'import gymnasium as gym' in the vast majority of cases.
See the migration guide at https://gymnasium.farama.org/introduction/migration_guide/ for additional information.
src/main.py:81: DeprecationWarning: Using or importing the ABCs from 'collections' instead of from 'collections.abc' is deprecated since Python 3.3, and in 3.10 it will stop working
  if isinstance(v, collections.Mapping):
wandb: [wandb.login()] Loaded credentials for https://api.wandb.ai from /home/pparsons/.netrc.
wandb: Currently logged in as: peterparsons02 (peterparsons02-eth-z-rich) to https://api.wandb.ai. Use `wandb login --relogin` to force relogin
wandb: setting up run ykvra5nx
wandb: Tracking run with wandb version 0.24.1
wandb: Run data is saved locally in /usr/itetnas04/data-scratch-01/pparsons/data/MyExpoComm/wandb/run-20260217_161314-ykvra5nx
wandb: Run `wandb offline` to turn off syncing.
wandb: Syncing run my_run-IMPc50_ExpoComm-20260217_161313
wandb: ⭐️ View project at https://wandb.ai/peterparsons02-eth-z-rich/my_experiment
wandb: 🚀 View run at https://wandb.ai/peterparsons02-eth-z-rich/my_experiment/runs/ykvra5nx
2026-02-17 16:13:15,492 - my_experiment - IMPc50_ExpoComm - my_run - INFO - Current directory: /usr/itetnas04/data-scratch-01/pparsons/data/MyExpoComm.
2026-02-17 16:13:15,493 - my_experiment - IMPc50_ExpoComm - my_run - INFO - Experiment Parameters:
2026-02-17 16:13:15,494 - my_experiment - IMPc50_ExpoComm - my_run - INFO - 

{   'action_selector': 'epsilon_greedy',
    'add_value_last_step': True,
    'agent': 'ExpoComm_one_peer_cont',
    'agent_output_type': 'q',
    'aux_coef': 0.1,
    'batch_size': 64,
    'batch_size_run': 1,
    'buffer_cpu_only': True,
    'buffer_size': 2000,
    'checkpoint_path': '',
    'common_reward': True,
    'double_q': True,
    'env': 'struct_marl',
    'env_args': {   'campaign_cost': True,
                    'custom_param': {   'k_comp': 48},
                    'discount_reward': 0.95,
                    'env_correlation': True,
                    'map_name': 'struct_c_100',
                    'n_comp': 50,
                    'obs_all_d_rate': False,
                    'obs_alphas': True,
                    'obs_d_rate': False,
                    'obs_multiple': False,
                    'seed': 42,
                    'state_alphas': True,
                    'state_d_rate': True,
                    'state_obs': True,
                    'struct_type': 'struct'},
    'epsilon_anneal_time': 5000,
    'epsilon_finish': 0.05,
    'epsilon_start': 1.0,
    'evaluate': False,
    'evaluation_epsilon': 0.0,
    'exp_name': 'my_experiment',
    'gamma': 0.95,
    'global_reward': False,
    'grad_norm_clip': 10,
    'hidden_dim': 64,
    'hypergroup': None,
    'hypernet_embed': 64,
    'hypernet_layers': 2,
    'label': 'default_label',
    'learner': 'cont_q_learner',
    'learner_log_interval': 25000,
    'load_step': 0,
    'local_results_path': 'results',
    'log_interval': 25000,
    'lr': 0.0001,
    'mac': 'ExpoComm_mac',
    'mixer': 'qmix',
    'mixing_embed_dim': 64,
    'name': 'IMPc50_ExpoComm',
    'neg_num': 20,
    'obs_agent_id': True,
    'obs_individual_obs': False,
    'obs_last_action': True,
    'one_peer': True,
    'optim_alpha': 0.99,
    'optim_eps': 1e-05,
    'pos_flag': False,
    'render': False,
    'repeat_id': 1,
    'run_name': 'my_run',
    'runner': 'episode',
    'runner_log_interval': 25000,
    'save_model': True,
    'save_model_interval': 50000,
    'save_replay': False,
    'seed': 42,
    'standardise_returns': False,
    'standardise_rewards': True,
    't_max': 2050000,
    'target_update_interval_or_tau': 200,
    'temperature': 0.07,
    'test_greedy': True,
    'test_interval': 25000,
    'test_nepisode': 50,
    'topk_neighbors': 7,
    'use_cuda': True,
    'use_rnn': True,
    'use_tensorboard': True,
    'work_dir': 'work_dirs/my_experiment/IMPc50_ExpoComm/my_run/20260217_161313'}

2026-02-17 16:13:16,793 - my_experiment - IMPc50_ExpoComm - my_run - INFO - Beginning training for 2050000 timesteps
2026-02-17 16:13:17,506 - my_experiment - IMPc50_ExpoComm - my_run - INFO - t_env: 30 / 2050000
2026-02-17 16:13:17,506 - my_experiment - IMPc50_ExpoComm - my_run - INFO - Estimated time left: 58 seconds. Time passed: 0 seconds
2026-02-17 16:13:28,901 - my_experiment - IMPc50_ExpoComm - my_run - INFO - Saving models to work_dirs/my_experiment/IMPc50_ExpoComm/my_run/20260217_161313/models/30
2026-02-17 16:17:52,845 - my_experiment - IMPc50_ExpoComm - my_run - INFO - Recent Stats | t_env:      25020 | Episode:      834
action_0_mean:             0.3587	action_1_mean:             0.3247	action_2_mean:             0.3167	ep_length_mean:           30.0000
epsilon:                   1.0000	grad_norm:                11.0427	info_nce_loss:             2.9556	loss:                      1.2591
q_loss:                    1.1447	q_taken_mean:              0.0139	return_mean:             -4985.3165	return_std:                0.0000
target_mean:               0.0209	td_error_abs:              0.8992	test_action_0_mean:        0.0000	test_action_1_mean:        0.9993
test_action_2_mean:        0.0007	test_ep_length_mean:      30.0000	test_return_mean:        -985.1053	test_return_std:         1223.9770

2026-02-17 16:17:53,249 - my_experiment - IMPc50_ExpoComm - my_run - INFO - t_env: 25050 / 2050000
2026-02-17 16:17:53,250 - my_experiment - IMPc50_ExpoComm - my_run - INFO - Estimated time left: 6 hours, 11 minutes, 56 seconds. Time passed: 4 minutes, 36 seconds
2026-02-17 16:22:33,960 - my_experiment - IMPc50_ExpoComm - my_run - INFO - Saving models to work_dirs/my_experiment/IMPc50_ExpoComm/my_run/20260217_161313/models/50040
2026-02-17 16:22:34,022 - my_experiment - IMPc50_ExpoComm - my_run - INFO - Recent Stats | t_env:      50040 | Episode:     1668
action_0_mean:             0.3932	action_1_mean:             0.4245	action_2_mean:             0.1824	ep_length_mean:           30.0000
epsilon:                   0.0500	grad_norm:                 8.0410	info_nce_loss:             1.4778	loss:                      0.7351
q_loss:                    0.6683	q_taken_mean:              0.0368	return_mean:             -3243.8641	return_std:              792.5840
target_mean:               0.0403	td_error_abs:              0.5617	test_action_0_mean:        0.2928	test_action_1_mean:        0.7069
test_action_2_mean:        0.0003	test_ep_length_mean:      30.0000	test_return_mean:        -1044.2545	test_return_std:         1245.5677

2026-02-17 16:22:34,376 - my_experiment - IMPc50_ExpoComm - my_run - INFO - t_env: 50070 / 2050000
2026-02-17 16:22:34,377 - my_experiment - IMPc50_ExpoComm - my_run - INFO - Estimated time left: 6 hours, 14 minutes, 31 seconds. Time passed: 9 minutes, 17 seconds
2026-02-17 16:27:06,825 - my_experiment - IMPc50_ExpoComm - my_run - INFO - Recent Stats | t_env:      75060 | Episode:     2502
action_0_mean:             0.4113	action_1_mean:             0.4616	action_2_mean:             0.1271	ep_length_mean:           30.0000
epsilon:                   0.0500	grad_norm:                16.7614	info_nce_loss:             0.9852	loss:                      0.6091
q_loss:                    0.5538	q_taken_mean:              0.0476	return_mean:             -2510.4881	return_std:              920.4440
target_mean:               0.0500	td_error_abs:              0.4855	test_action_0_mean:        0.3561	test_action_1_mean:        0.6437
test_action_2_mean:        0.0002	test_ep_length_mean:      30.0000	test_return_mean:        -942.4978	test_return_std:         1183.2903

2026-02-17 16:27:07,194 - my_experiment - IMPc50_ExpoComm - my_run - INFO - t_env: 75090 / 2050000
2026-02-17 16:27:07,195 - my_experiment - IMPc50_ExpoComm - my_run - INFO - Estimated time left: 5 hours, 58 minutes, 54 seconds. Time passed: 13 minutes, 50 seconds
2026-02-17 16:31:40,200 - my_experiment - IMPc50_ExpoComm - my_run - INFO - Saving models to work_dirs/my_experiment/IMPc50_ExpoComm/my_run/20260217_161313/models/100050
2026-02-17 16:31:40,587 - my_experiment - IMPc50_ExpoComm - my_run - INFO - Recent Stats | t_env:     100080 | Episode:     3336
action_0_mean:             0.4391	action_1_mean:             0.4604	action_2_mean:             0.1005	ep_length_mean:           30.0000
epsilon:                   0.0500	grad_norm:                26.6410	info_nce_loss:             0.7389	loss:                      0.6508
q_loss:                    0.5917	q_taken_mean:              0.0545	return_mean:             -2148.9586	return_std:              976.5623
target_mean:               0.0558	td_error_abs:              0.4589	test_action_0_mean:        0.4175	test_action_1_mean:        0.5784
test_action_2_mean:        0.0041	test_ep_length_mean:      30.0000	test_return_mean:        -930.5381	test_return_std:         1162.7205

2026-02-17 16:31:40,907 - my_experiment - IMPc50_ExpoComm - my_run - INFO - t_env: 100110 / 2050000
2026-02-17 16:31:40,908 - my_experiment - IMPc50_ExpoComm - my_run - INFO - Estimated time left: 5 hours, 55 minutes, 31 seconds. Time passed: 18 minutes, 24 seconds
2026-02-17 16:36:08,523 - my_experiment - IMPc50_ExpoComm - my_run - INFO - Recent Stats | t_env:     125100 | Episode:     4170
action_0_mean:             0.4585	action_1_mean:             0.4568	action_2_mean:             0.0846	ep_length_mean:           30.0000
epsilon:                   0.0500	grad_norm:                26.1908	info_nce_loss:             0.5911	loss:                      0.6608
q_loss:                    0.6008	q_taken_mean:              0.0567	return_mean:             -1938.7713	return_std:              1030.8373
target_mean:               0.0574	td_error_abs:              0.4440	test_action_0_mean:        0.4536	test_action_1_mean:        0.5431
test_action_2_mean:        0.0033	test_ep_length_mean:      30.0000	test_return_mean:        -906.4341	test_return_std:         1136.4716

2026-02-17 16:36:08,834 - my_experiment - IMPc50_ExpoComm - my_run - INFO - t_env: 125130 / 2050000
2026-02-17 16:36:08,834 - my_experiment - IMPc50_ExpoComm - my_run - INFO - Estimated time left: 5 hours, 43 minutes, 32 seconds. Time passed: 22 minutes, 52 seconds
2026-02-17 16:40:29,730 - my_experiment - IMPc50_ExpoComm - my_run - INFO - Saving models to work_dirs/my_experiment/IMPc50_ExpoComm/my_run/20260217_161313/models/150060
2026-02-17 16:40:30,395 - my_experiment - IMPc50_ExpoComm - my_run - INFO - Recent Stats | t_env:     150120 | Episode:     5004
action_0_mean:             0.5074	action_1_mean:             0.4673	action_2_mean:             0.0253	ep_length_mean:           30.0000
epsilon:                   0.0500	grad_norm:                33.2028	info_nce_loss:             0.0000	loss:                      0.6391
q_loss:                    0.5810	q_taken_mean:              0.0659	return_mean:             -1164.0940	return_std:              1290.4620
target_mean:               0.0646	td_error_abs:              0.3681	test_action_0_mean:        0.6004	test_action_1_mean:        0.3944
test_action_2_mean:        0.0052	test_ep_length_mean:      30.0000	test_return_mean:        -892.3096	test_return_std:         1138.4260

2026-02-17 16:40:30,727 - my_experiment - IMPc50_ExpoComm - my_run - INFO - t_env: 150150 / 2050000
2026-02-17 16:40:30,727 - my_experiment - IMPc50_ExpoComm - my_run - INFO - Estimated time left: 5 hours, 31 minutes, 26 seconds. Time passed: 27 minutes, 13 seconds
2026-02-17 16:44:53,807 - my_experiment - IMPc50_ExpoComm - my_run - INFO - Recent Stats | t_env:     175140 | Episode:     5838
action_0_mean:             0.5500	action_1_mean:             0.4288	action_2_mean:             0.0213	ep_length_mean:           30.0000
epsilon:                   0.0500	grad_norm:                39.1735	info_nce_loss:             0.0000	loss:                      1.0049
q_loss:                    0.9135	q_taken_mean:              0.0617	return_mean:             -1057.3792	return_std:              1187.3130
target_mean:               0.0605	td_error_abs:              0.4529	test_action_0_mean:        0.6121	test_action_1_mean:        0.3760
test_action_2_mean:        0.0120	test_ep_length_mean:      30.0000	test_return_mean:        -819.2108	test_return_std:         1049.7089

2026-02-17 16:44:54,109 - my_experiment - IMPc50_ExpoComm - my_run - INFO - t_env: 175170 / 2050000
2026-02-17 16:44:54,110 - my_experiment - IMPc50_ExpoComm - my_run - INFO - Estimated time left: 5 hours, 28 minutes, 56 seconds. Time passed: 31 minutes, 37 seconds
2026-02-17 16:49:13,009 - my_experiment - IMPc50_ExpoComm - my_run - INFO - Saving models to work_dirs/my_experiment/IMPc50_ExpoComm/my_run/20260217_161313/models/200070
2026-02-17 16:49:14,007 - my_experiment - IMPc50_ExpoComm - my_run - INFO - Recent Stats | t_env:     200160 | Episode:     6672
action_0_mean:             0.5877	action_1_mean:             0.3886	action_2_mean:             0.0237	ep_length_mean:           30.0000
epsilon:                   0.0500	grad_norm:                43.8954	info_nce_loss:             0.0000	loss:                      1.2698
q_loss:                    1.1543	q_taken_mean:              0.0541	return_mean:             -1042.2070	return_std:              1166.2737
target_mean:               0.0524	td_error_abs:              0.5021	test_action_0_mean:        0.6834	test_action_1_mean:        0.3039
test_action_2_mean:        0.0127	test_ep_length_mean:      30.0000	test_return_mean:        -837.4131	test_return_std:         1051.3258

2026-02-17 16:49:14,322 - my_experiment - IMPc50_ExpoComm - my_run - INFO - t_env: 200190 / 2050000
2026-02-17 16:49:14,323 - my_experiment - IMPc50_ExpoComm - my_run - INFO - Estimated time left: 5 hours, 20 minutes, 38 seconds. Time passed: 35 minutes, 57 seconds
2026-02-17 16:53:35,267 - my_experiment - IMPc50_ExpoComm - my_run - INFO - Recent Stats | t_env:     225180 | Episode:     7506
action_0_mean:             0.6193	action_1_mean:             0.3565	action_2_mean:             0.0242	ep_length_mean:           30.0000
epsilon:                   0.0500	grad_norm:                43.0718	info_nce_loss:             0.0000	loss:                      1.4882
q_loss:                    1.3529	q_taken_mean:              0.0454	return_mean:             -992.4503	return_std:              1117.9615
target_mean:               0.0444	td_error_abs:              0.5428	test_action_0_mean:        0.6738	test_action_1_mean:        0.3148
test_action_2_mean:        0.0115	test_ep_length_mean:      30.0000	test_return_mean:        -780.4569	test_return_std:         985.5851

2026-02-17 16:53:35,575 - my_experiment - IMPc50_ExpoComm - my_run - INFO - t_env: 225210 / 2050000
2026-02-17 16:53:35,576 - my_experiment - IMPc50_ExpoComm - my_run - INFO - Estimated time left: 5 hours, 17 minutes, 34 seconds. Time passed: 40 minutes, 18 seconds
2026-02-17 16:57:53,476 - my_experiment - IMPc50_ExpoComm - my_run - INFO - Saving models to work_dirs/my_experiment/IMPc50_ExpoComm/my_run/20260217_161313/models/250080
2026-02-17 16:57:54,890 - my_experiment - IMPc50_ExpoComm - my_run - INFO - Recent Stats | t_env:     250200 | Episode:     8340
action_0_mean:             0.6459	action_1_mean:             0.3294	action_2_mean:             0.0248	ep_length_mean:           30.0000
epsilon:                   0.0500	grad_norm:                45.2990	info_nce_loss:             0.0000	loss:                      1.5238
q_loss:                    1.4012	q_taken_mean:              0.0402	return_mean:             -922.6155	return_std:              1027.7335
target_mean:               0.0399	td_error_abs:              0.5583	test_action_0_mean:        0.7092	test_action_1_mean:        0.2778
test_action_2_mean:        0.0130	test_ep_length_mean:      30.0000	test_return_mean:        -710.2376	test_return_std:         897.5309

2026-02-17 16:57:55,203 - my_experiment - IMPc50_ExpoComm - my_run - INFO - t_env: 250230 / 2050000
2026-02-17 16:57:55,203 - my_experiment - IMPc50_ExpoComm - my_run - INFO - Estimated time left: 5 hours, 11 minutes, 15 seconds. Time passed: 44 minutes, 38 seconds
2026-02-17 17:02:16,915 - my_experiment - IMPc50_ExpoComm - my_run - INFO - Recent Stats | t_env:     275220 | Episode:     9174
action_0_mean:             0.6613	action_1_mean:             0.3128	action_2_mean:             0.0258	ep_length_mean:           30.0000
epsilon:                   0.0500	grad_norm:                66.5737	info_nce_loss:             0.0000	loss:                      1.3779
q_loss:                    1.2763	q_taken_mean:              0.0375	return_mean:             -858.4882	return_std:              956.8276
target_mean:               0.0380	td_error_abs:              0.5274	test_action_0_mean:        0.6923	test_action_1_mean:        0.2948
test_action_2_mean:        0.0129	test_ep_length_mean:      30.0000	test_return_mean:        -596.1302	test_return_std:         714.7309

2026-02-17 17:02:17,262 - my_experiment - IMPc50_ExpoComm - my_run - INFO - t_env: 275250 / 2050000
2026-02-17 17:02:17,262 - my_experiment - IMPc50_ExpoComm - my_run - INFO - Estimated time left: 5 hours, 9 minutes, 48 seconds. Time passed: 49 minutes, 0 seconds
2026-02-17 17:06:44,691 - my_experiment - IMPc50_ExpoComm - my_run - INFO - Saving models to work_dirs/my_experiment/IMPc50_ExpoComm/my_run/20260217_161313/models/300090
2026-02-17 17:06:46,347 - my_experiment - IMPc50_ExpoComm - my_run - INFO - Recent Stats | t_env:     300240 | Episode:    10008
action_0_mean:             0.6643	action_1_mean:             0.3100	action_2_mean:             0.0257	ep_length_mean:           30.0000
epsilon:                   0.0500	grad_norm:                62.4145	info_nce_loss:             0.0000	loss:                      1.0246
q_loss:                    0.9551	q_taken_mean:              0.0411	return_mean:             -788.7436	return_std:              819.2101
target_mean:               0.0412	td_error_abs:              0.4548	test_action_0_mean:        0.6341	test_action_1_mean:        0.3575
test_action_2_mean:        0.0084	test_ep_length_mean:      30.0000	test_return_mean:        -540.1724	test_return_std:         658.5439

2026-02-17 17:06:46,663 - my_experiment - IMPc50_ExpoComm - my_run - INFO - t_env: 300270 / 2050000
2026-02-17 17:06:46,663 - my_experiment - IMPc50_ExpoComm - my_run - INFO - Estimated time left: 5 hours, 14 minutes, 0 seconds. Time passed: 53 minutes, 29 seconds
2026-02-17 17:11:25,303 - my_experiment - IMPc50_ExpoComm - my_run - INFO - Recent Stats | t_env:     325260 | Episode:    10842
action_0_mean:             0.6549	action_1_mean:             0.3198	action_2_mean:             0.0253	ep_length_mean:           30.0000
epsilon:                   0.0500	grad_norm:                51.5852	info_nce_loss:             0.0000	loss:                      0.7201
q_loss:                    0.6783	q_taken_mean:              0.0463	return_mean:             -715.4127	return_std:              678.7541
target_mean:               0.0469	td_error_abs:              0.3840	test_action_0_mean:        0.6095	test_action_1_mean:        0.3811
test_action_2_mean:        0.0094	test_ep_length_mean:      30.0000	test_return_mean:        -430.8354	test_return_std:         492.0712

2026-02-17 17:11:25,703 - my_experiment - IMPc50_ExpoComm - my_run - INFO - t_env: 325290 / 2050000
2026-02-17 17:11:25,704 - my_experiment - IMPc50_ExpoComm - my_run - INFO - Estimated time left: 5 hours, 20 minutes, 35 seconds. Time passed: 58 minutes, 8 seconds
2026-02-17 17:16:06,981 - my_experiment - IMPc50_ExpoComm - my_run - INFO - Saving models to work_dirs/my_experiment/IMPc50_ExpoComm/my_run/20260217_161313/models/350100
2026-02-17 17:16:09,073 - my_experiment - IMPc50_ExpoComm - my_run - INFO - Recent Stats | t_env:     350280 | Episode:    11676
action_0_mean:             0.6237	action_1_mean:             0.3510	action_2_mean:             0.0253	ep_length_mean:           30.0000
epsilon:                   0.0500	grad_norm:                43.9869	info_nce_loss:             0.0000	loss:                      0.4162
q_loss:                    0.4020	q_taken_mean:              0.0512	return_mean:             -659.3067	return_std:              539.6828
target_mean:               0.0512	td_error_abs:              0.3178	test_action_0_mean:        0.5847	test_action_1_mean:        0.4063
test_action_2_mean:        0.0090	test_ep_length_mean:      30.0000	test_return_mean:        -366.3223	test_return_std:         379.0436

2026-02-17 17:16:09,416 - my_experiment - IMPc50_ExpoComm - my_run - INFO - t_env: 350310 / 2050000
2026-02-17 17:16:09,417 - my_experiment - IMPc50_ExpoComm - my_run - INFO - Estimated time left: 5 hours, 21 minutes, 13 seconds. Time passed: 1 hours, 2 minutes, 52 seconds
2026-02-17 17:20:58,166 - my_experiment - IMPc50_ExpoComm - my_run - INFO - Recent Stats | t_env:     375300 | Episode:    12510
action_0_mean:             0.5911	action_1_mean:             0.3837	action_2_mean:             0.0252	ep_length_mean:           30.0000
epsilon:                   0.0500	grad_norm:                38.1554	info_nce_loss:             0.0000	loss:                      0.2629
q_loss:                    0.2466	q_taken_mean:              0.0552	return_mean:             -612.3951	return_std:              414.9492
target_mean:               0.0549	td_error_abs:              0.2644	test_action_0_mean:        0.5141	test_action_1_mean:        0.4769
test_action_2_mean:        0.0090	test_ep_length_mean:      30.0000	test_return_mean:        -330.2039	test_return_std:         293.8319

2026-02-17 17:20:58,499 - my_experiment - IMPc50_ExpoComm - my_run - INFO - t_env: 375330 / 2050000
2026-02-17 17:20:58,500 - my_experiment - IMPc50_ExpoComm - my_run - INFO - Estimated time left: 5 hours, 22 minutes, 29 seconds. Time passed: 1 hours, 7 minutes, 41 seconds
2026-02-17 17:25:39,205 - my_experiment - IMPc50_ExpoComm - my_run - INFO - Saving models to work_dirs/my_experiment/IMPc50_ExpoComm/my_run/20260217_161313/models/400110
2026-02-17 17:25:41,570 - my_experiment - IMPc50_ExpoComm - my_run - INFO - Recent Stats | t_env:     400320 | Episode:    13344
action_0_mean:             0.5504	action_1_mean:             0.4250	action_2_mean:             0.0246	ep_length_mean:           30.0000
epsilon:                   0.0500	grad_norm:                 8.2415	info_nce_loss:             0.0001	loss:                      0.1915
q_loss:                    0.1741	q_taken_mean:              0.0584	return_mean:             -552.3546	return_std:              251.7519
target_mean:               0.0579	td_error_abs:              0.2214	test_action_0_mean:        0.5116	test_action_1_mean:        0.4804
test_action_2_mean:        0.0080	test_ep_length_mean:      30.0000	test_return_mean:        -303.9734	test_return_std:         260.5284

2026-02-17 17:25:41,925 - my_experiment - IMPc50_ExpoComm - my_run - INFO - t_env: 400350 / 2050000
2026-02-17 17:25:41,925 - my_experiment - IMPc50_ExpoComm - my_run - INFO - Estimated time left: 5 hours, 11 minutes, 27 seconds. Time passed: 1 hours, 12 minutes, 25 seconds
2026-02-17 17:30:25,420 - my_experiment - IMPc50_ExpoComm - my_run - INFO - Recent Stats | t_env:     425340 | Episode:    14178
action_0_mean:             0.5285	action_1_mean:             0.4480	action_2_mean:             0.0235	ep_length_mean:           30.0000
epsilon:                   0.0500	grad_norm:                 6.0879	info_nce_loss:             0.0000	loss:                      0.1425
q_loss:                    0.1300	q_taken_mean:              0.0603	return_mean:             -521.7320	return_std:              197.7969
target_mean:               0.0600	td_error_abs:              0.1856	test_action_0_mean:        0.5380	test_action_1_mean:        0.4551
test_action_2_mean:        0.0069	test_ep_length_mean:      30.0000	test_return_mean:        -259.5367	test_return_std:         177.7935

2026-02-17 17:30:25,752 - my_experiment - IMPc50_ExpoComm - my_run - INFO - t_env: 425370 / 2050000
2026-02-17 17:30:25,753 - my_experiment - IMPc50_ExpoComm - my_run - INFO - Estimated time left: 5 hours, 7 minutes, 9 seconds. Time passed: 1 hours, 17 minutes, 8 seconds
2026-02-17 17:35:00,396 - my_experiment - IMPc50_ExpoComm - my_run - INFO - Saving models to work_dirs/my_experiment/IMPc50_ExpoComm/my_run/20260217_161313/models/450120
2026-02-17 17:35:03,076 - my_experiment - IMPc50_ExpoComm - my_run - INFO - Recent Stats | t_env:     450360 | Episode:    15012
action_0_mean:             0.5246	action_1_mean:             0.4531	action_2_mean:             0.0223	ep_length_mean:           30.0000
epsilon:                   0.0500	grad_norm:                 5.7677	info_nce_loss:             0.0001	loss:                      0.1158
q_loss:                    0.1058	q_taken_mean:              0.0618	return_mean:             -492.9826	return_std:              144.9046
target_mean:               0.0615	td_error_abs:              0.1597	test_action_0_mean:        0.5205	test_action_1_mean:        0.4736
test_action_2_mean:        0.0059	test_ep_length_mean:      30.0000	test_return_mean:        -238.4903	test_return_std:         153.3699

2026-02-17 17:35:03,397 - my_experiment - IMPc50_ExpoComm - my_run - INFO - t_env: 450390 / 2050000
2026-02-17 17:35:03,397 - my_experiment - IMPc50_ExpoComm - my_run - INFO - Estimated time left: 4 hours, 55 minutes, 50 seconds. Time passed: 1 hours, 21 minutes, 46 seconds
2026-02-17 17:39:39,876 - my_experiment - IMPc50_ExpoComm - my_run - INFO - Recent Stats | t_env:     475380 | Episode:    15846
action_0_mean:             0.5437	action_1_mean:             0.4346	action_2_mean:             0.0217	ep_length_mean:           30.0000
epsilon:                   0.0500	grad_norm:                 3.1469	info_nce_loss:             0.0001	loss:                      0.0512
q_loss:                    0.0475	q_taken_mean:              0.0638	return_mean:             -474.6702	return_std:              122.5444
target_mean:               0.0637	td_error_abs:              0.1275	test_action_0_mean:        0.5646	test_action_1_mean:        0.4302
test_action_2_mean:        0.0052	test_ep_length_mean:      30.0000	test_return_mean:        -216.5136	test_return_std:         138.1418

2026-02-17 17:39:40,250 - my_experiment - IMPc50_ExpoComm - my_run - INFO - t_env: 475410 / 2050000
2026-02-17 17:39:40,251 - my_experiment - IMPc50_ExpoComm - my_run - INFO - Estimated time left: 4 hours, 50 minutes, 23 seconds. Time passed: 1 hours, 26 minutes, 23 seconds
2026-02-17 17:44:09,628 - my_experiment - IMPc50_ExpoComm - my_run - INFO - Saving models to work_dirs/my_experiment/IMPc50_ExpoComm/my_run/20260217_161313/models/500130
2026-02-17 17:44:12,715 - my_experiment - IMPc50_ExpoComm - my_run - INFO - Recent Stats | t_env:     500400 | Episode:    16680
action_0_mean:             0.5704	action_1_mean:             0.4086	action_2_mean:             0.0210	ep_length_mean:           30.0000
epsilon:                   0.0500	grad_norm:                 2.2590	info_nce_loss:             0.0001	loss:                      0.0318
q_loss:                    0.0301	q_taken_mean:              0.0651	return_mean:             -460.6397	return_std:              107.7581
target_mean:               0.0650	td_error_abs:              0.1031	test_action_0_mean:        0.6156	test_action_1_mean:        0.3801
test_action_2_mean:        0.0043	test_ep_length_mean:      30.0000	test_return_mean:        -196.0779	test_return_std:         130.1797

2026-02-17 17:44:13,039 - my_experiment - IMPc50_ExpoComm - my_run - INFO - t_env: 500430 / 2050000
2026-02-17 17:44:13,040 - my_experiment - IMPc50_ExpoComm - my_run - INFO - Estimated time left: 4 hours, 41 minutes, 34 seconds. Time passed: 1 hours, 30 minutes, 56 seconds
2026-02-17 17:48:48,735 - my_experiment - IMPc50_ExpoComm - my_run - INFO - Recent Stats | t_env:     525420 | Episode:    17514
action_0_mean:             0.6084	action_1_mean:             0.3712	action_2_mean:             0.0204	ep_length_mean:           30.0000
epsilon:                   0.0500	grad_norm:                 1.9529	info_nce_loss:             0.0001	loss:                      0.0220
q_loss:                    0.0212	q_taken_mean:              0.0659	return_mean:             -448.3293	return_std:              100.4138
target_mean:               0.0657	td_error_abs:              0.0876	test_action_0_mean:        0.6191	test_action_1_mean:        0.3770
test_action_2_mean:        0.0039	test_ep_length_mean:      30.0000	test_return_mean:        -187.8407	test_return_std:         114.2404

2026-02-17 17:48:49,053 - my_experiment - IMPc50_ExpoComm - my_run - INFO - t_env: 525450 / 2050000
2026-02-17 17:48:49,053 - my_experiment - IMPc50_ExpoComm - my_run - INFO - Estimated time left: 4 hours, 40 minutes, 18 seconds. Time passed: 1 hours, 35 minutes, 32 seconds
2026-02-17 17:53:19,212 - my_experiment - IMPc50_ExpoComm - my_run - INFO - Saving models to work_dirs/my_experiment/IMPc50_ExpoComm/my_run/20260217_161313/models/550140
2026-02-17 17:53:22,328 - my_experiment - IMPc50_ExpoComm - my_run - INFO - Recent Stats | t_env:     550440 | Episode:    18348
action_0_mean:             0.6275	action_1_mean:             0.3523	action_2_mean:             0.0201	ep_length_mean:           30.0000
epsilon:                   0.0500	grad_norm:                 1.9746	info_nce_loss:             0.0001	loss:                      0.0203
q_loss:                    0.0191	q_taken_mean:              0.0658	return_mean:             -442.2004	return_std:               97.0175
target_mean:               0.0658	td_error_abs:              0.0833	test_action_0_mean:        0.6506	test_action_1_mean:        0.3459
test_action_2_mean:        0.0035	test_ep_length_mean:      30.0000	test_return_mean:        -174.7200	test_return_std:         108.8151

2026-02-17 17:53:22,678 - my_experiment - IMPc50_ExpoComm - my_run - INFO - t_env: 550470 / 2050000
2026-02-17 17:53:22,678 - my_experiment - IMPc50_ExpoComm - my_run - INFO - Estimated time left: 4 hours, 33 minutes, 19 seconds. Time passed: 1 hours, 40 minutes, 5 seconds
2026-02-17 17:57:52,467 - my_experiment - IMPc50_ExpoComm - my_run - INFO - Recent Stats | t_env:     575460 | Episode:    19182
action_0_mean:             0.6446	action_1_mean:             0.3354	action_2_mean:             0.0200	ep_length_mean:           30.0000
epsilon:                   0.0500	grad_norm:                 1.7937	info_nce_loss:             0.0001	loss:                      0.0187
q_loss:                    0.0178	q_taken_mean:              0.0662	return_mean:             -438.8109	return_std:               95.9333
target_mean:               0.0662	td_error_abs:              0.0788	test_action_0_mean:        0.6641	test_action_1_mean:        0.3326
test_action_2_mean:        0.0033	test_ep_length_mean:      30.0000	test_return_mean:        -166.1598	test_return_std:         103.4787

2026-02-17 17:57:52,779 - my_experiment - IMPc50_ExpoComm - my_run - INFO - t_env: 575490 / 2050000
2026-02-17 17:57:52,779 - my_experiment - IMPc50_ExpoComm - my_run - INFO - Estimated time left: 4 hours, 25 minutes, 17 seconds. Time passed: 1 hours, 44 minutes, 35 seconds
2026-02-17 18:02:20,830 - my_experiment - IMPc50_ExpoComm - my_run - INFO - Saving models to work_dirs/my_experiment/IMPc50_ExpoComm/my_run/20260217_161313/models/600150
2026-02-17 18:02:24,416 - my_experiment - IMPc50_ExpoComm - my_run - INFO - Recent Stats | t_env:     600480 | Episode:    20016
action_0_mean:             0.6594	action_1_mean:             0.3208	action_2_mean:             0.0198	ep_length_mean:           30.0000
epsilon:                   0.0500	grad_norm:                 2.1564	info_nce_loss:             0.0001	loss:                      0.0176
q_loss:                    0.0163	q_taken_mean:              0.0663	return_mean:             -436.1162	return_std:               96.0118
target_mean:               0.0662	td_error_abs:              0.0766	test_action_0_mean:        0.6764	test_action_1_mean:        0.3203
test_action_2_mean:        0.0033	test_ep_length_mean:      30.0000	test_return_mean:        -163.2676	test_return_std:         103.0664

2026-02-17 18:02:24,772 - my_experiment - IMPc50_ExpoComm - my_run - INFO - t_env: 600510 / 2050000
2026-02-17 18:02:24,773 - my_experiment - IMPc50_ExpoComm - my_run - INFO - Estimated time left: 4 hours, 22 minutes, 37 seconds. Time passed: 1 hours, 49 minutes, 7 seconds
2026-02-17 18:06:55,569 - my_experiment - IMPc50_ExpoComm - my_run - INFO - Recent Stats | t_env:     625500 | Episode:    20850
action_0_mean:             0.6656	action_1_mean:             0.3146	action_2_mean:             0.0198	ep_length_mean:           30.0000
epsilon:                   0.0500	grad_norm:                 1.9343	info_nce_loss:             0.0002	loss:                      0.0202
q_loss:                    0.0184	q_taken_mean:              0.0659	return_mean:             -432.4224	return_std:               94.7333
target_mean:               0.0659	td_error_abs:              0.0813	test_action_0_mean:        0.6943	test_action_1_mean:        0.3024
test_action_2_mean:        0.0032	test_ep_length_mean:      30.0000	test_return_mean:        -154.8318	test_return_std:          93.2214

2026-02-17 18:06:55,867 - my_experiment - IMPc50_ExpoComm - my_run - INFO - t_env: 625530 / 2050000
2026-02-17 18:06:55,868 - my_experiment - IMPc50_ExpoComm - my_run - INFO - Estimated time left: 4 hours, 17 minutes, 14 seconds. Time passed: 1 hours, 53 minutes, 39 seconds
2026-02-17 18:11:22,023 - my_experiment - IMPc50_ExpoComm - my_run - INFO - Saving models to work_dirs/my_experiment/IMPc50_ExpoComm/my_run/20260217_161313/models/650160
2026-02-17 18:11:25,769 - my_experiment - IMPc50_ExpoComm - my_run - INFO - Recent Stats | t_env:     650520 | Episode:    21684
action_0_mean:             0.6700	action_1_mean:             0.3101	action_2_mean:             0.0199	ep_length_mean:           30.0000
epsilon:                   0.0500	grad_norm:                 1.8564	info_nce_loss:             0.0001	loss:                      0.0228
q_loss:                    0.0207	q_taken_mean:              0.0654	return_mean:             -431.4338	return_std:               95.8658
target_mean:               0.0654	td_error_abs:              0.0843	test_action_0_mean:        0.7172	test_action_1_mean:        0.2793
test_action_2_mean:        0.0034	test_ep_length_mean:      30.0000	test_return_mean:        -151.8271	test_return_std:         104.7808

2026-02-17 18:11:26,138 - my_experiment - IMPc50_ExpoComm - my_run - INFO - t_env: 650550 / 2050000
2026-02-17 18:11:26,139 - my_experiment - IMPc50_ExpoComm - my_run - INFO - Estimated time left: 4 hours, 11 minutes, 57 seconds. Time passed: 1 hours, 58 minutes, 9 seconds
2026-02-17 18:15:55,212 - my_experiment - IMPc50_ExpoComm - my_run - INFO - Recent Stats | t_env:     675540 | Episode:    22518
action_0_mean:             0.6787	action_1_mean:             0.3015	action_2_mean:             0.0198	ep_length_mean:           30.0000
epsilon:                   0.0500	grad_norm:                 1.5486	info_nce_loss:             0.0002	loss:                      0.0241
q_loss:                    0.0219	q_taken_mean:              0.0652	return_mean:             -428.0643	return_std:               94.0187
target_mean:               0.0651	td_error_abs:              0.0853	test_action_0_mean:        0.7243	test_action_1_mean:        0.2723
test_action_2_mean:        0.0034	test_ep_length_mean:      30.0000	test_return_mean:        -149.0667	test_return_std:         110.8720

2026-02-17 18:15:55,569 - my_experiment - IMPc50_ExpoComm - my_run - INFO - t_env: 675570 / 2050000
2026-02-17 18:15:55,570 - my_experiment - IMPc50_ExpoComm - my_run - INFO - Estimated time left: 4 hours, 6 minutes, 40 seconds. Time passed: 2 hours, 2 minutes, 38 seconds
2026-02-17 18:20:21,272 - my_experiment - IMPc50_ExpoComm - my_run - INFO - Saving models to work_dirs/my_experiment/IMPc50_ExpoComm/my_run/20260217_161313/models/700170
2026-02-17 18:20:25,305 - my_experiment - IMPc50_ExpoComm - my_run - INFO - Recent Stats | t_env:     700560 | Episode:    23352
action_0_mean:             0.6866	action_1_mean:             0.2937	action_2_mean:             0.0197	ep_length_mean:           30.0000
epsilon:                   0.0500	grad_norm:                 1.4318	info_nce_loss:             0.0002	loss:                      0.0247
q_loss:                    0.0224	q_taken_mean:              0.0648	return_mean:             -423.1595	return_std:               91.4895
target_mean:               0.0646	td_error_abs:              0.0864	test_action_0_mean:        0.6847	test_action_1_mean:        0.3119
test_action_2_mean:        0.0034	test_ep_length_mean:      30.0000	test_return_mean:        -149.0856	test_return_std:         104.0286

2026-02-17 18:20:25,616 - my_experiment - IMPc50_ExpoComm - my_run - INFO - t_env: 700590 / 2050000
2026-02-17 18:20:25,617 - my_experiment - IMPc50_ExpoComm - my_run - INFO - Estimated time left: 4 hours, 2 minutes, 44 seconds. Time passed: 2 hours, 7 minutes, 8 seconds
2026-02-17 18:24:49,843 - my_experiment - IMPc50_ExpoComm - my_run - INFO - Recent Stats | t_env:     725580 | Episode:    24186
action_0_mean:             0.6884	action_1_mean:             0.2921	action_2_mean:             0.0195	ep_length_mean:           30.0000
epsilon:                   0.0500	grad_norm:                 1.1814	info_nce_loss:             0.0002	loss:                      0.0253
q_loss:                    0.0234	q_taken_mean:              0.0644	return_mean:             -420.4409	return_std:               90.4686
target_mean:               0.0645	td_error_abs:              0.0874	test_action_0_mean:        0.6976	test_action_1_mean:        0.2995
test_action_2_mean:        0.0029	test_ep_length_mean:      30.0000	test_return_mean:        -141.0573	test_return_std:          94.2066

2026-02-17 18:24:50,156 - my_experiment - IMPc50_ExpoComm - my_run - INFO - t_env: 725610 / 2050000
2026-02-17 18:24:50,156 - my_experiment - IMPc50_ExpoComm - my_run - INFO - Estimated time left: 3 hours, 53 minutes, 22 seconds. Time passed: 2 hours, 11 minutes, 33 seconds
2026-02-17 18:29:10,683 - my_experiment - IMPc50_ExpoComm - my_run - INFO - Saving models to work_dirs/my_experiment/IMPc50_ExpoComm/my_run/20260217_161313/models/750180
2026-02-17 18:29:15,036 - my_experiment - IMPc50_ExpoComm - my_run - INFO - Recent Stats | t_env:     750600 | Episode:    25020
action_0_mean:             0.7018	action_1_mean:             0.2787	action_2_mean:             0.0194	ep_length_mean:           30.0000
epsilon:                   0.0500	grad_norm:                 1.2429	info_nce_loss:             0.0001	loss:                      0.0238
q_loss:                    0.0224	q_taken_mean:              0.0643	return_mean:             -418.1840	return_std:               89.5927
target_mean:               0.0643	td_error_abs:              0.0846	test_action_0_mean:        0.7008	test_action_1_mean:        0.2961
test_action_2_mean:        0.0031	test_ep_length_mean:      30.0000	test_return_mean:        -140.8459	test_return_std:         100.3504

2026-02-17 18:29:15,359 - my_experiment - IMPc50_ExpoComm - my_run - INFO - t_env: 750630 / 2050000
2026-02-17 18:29:15,360 - my_experiment - IMPc50_ExpoComm - my_run - INFO - Estimated time left: 3 hours, 49 minutes, 32 seconds. Time passed: 2 hours, 15 minutes, 58 seconds
2026-02-17 18:33:42,374 - my_experiment - IMPc50_ExpoComm - my_run - INFO - Recent Stats | t_env:     775620 | Episode:    25854
action_0_mean:             0.7132	action_1_mean:             0.2675	action_2_mean:             0.0193	ep_length_mean:           30.0000
epsilon:                   0.0500	grad_norm:                 1.5586	info_nce_loss:             0.0001	loss:                      0.0237
q_loss:                    0.0223	q_taken_mean:              0.0643	return_mean:             -415.2566	return_std:               89.5110
target_mean:               0.0644	td_error_abs:              0.0851	test_action_0_mean:        0.7070	test_action_1_mean:        0.2900
test_action_2_mean:        0.0030	test_ep_length_mean:      30.0000	test_return_mean:        -136.3773	test_return_std:          90.9138

2026-02-17 18:33:42,714 - my_experiment - IMPc50_ExpoComm - my_run - INFO - t_env: 775650 / 2050000
2026-02-17 18:33:42,714 - my_experiment - IMPc50_ExpoComm - my_run - INFO - Estimated time left: 3 hours, 46 minutes, 57 seconds. Time passed: 2 hours, 20 minutes, 25 seconds
2026-02-17 18:38:04,281 - my_experiment - IMPc50_ExpoComm - my_run - INFO - Saving models to work_dirs/my_experiment/IMPc50_ExpoComm/my_run/20260217_161313/models/800190
2026-02-17 18:38:08,988 - my_experiment - IMPc50_ExpoComm - my_run - INFO - Recent Stats | t_env:     800640 | Episode:    26688
action_0_mean:             0.7196	action_1_mean:             0.2611	action_2_mean:             0.0192	ep_length_mean:           30.0000
epsilon:                   0.0500	grad_norm:                 1.3143	info_nce_loss:             0.0001	loss:                      0.0250
q_loss:                    0.0235	q_taken_mean:              0.0643	return_mean:             -413.8596	return_std:               89.7515
target_mean:               0.0645	td_error_abs:              0.0849	test_action_0_mean:        0.7310	test_action_1_mean:        0.2662
test_action_2_mean:        0.0028	test_ep_length_mean:      30.0000	test_return_mean:        -131.4577	test_return_std:          83.7294

2026-02-17 18:38:09,308 - my_experiment - IMPc50_ExpoComm - my_run - INFO - t_env: 800670 / 2050000
2026-02-17 18:38:09,308 - my_experiment - IMPc50_ExpoComm - my_run - INFO - Estimated time left: 3 hours, 41 minutes, 51 seconds. Time passed: 2 hours, 24 minutes, 52 seconds
2026-02-17 18:42:34,058 - my_experiment - IMPc50_ExpoComm - my_run - INFO - Recent Stats | t_env:     825660 | Episode:    27522
action_0_mean:             0.7259	action_1_mean:             0.2549	action_2_mean:             0.0192	ep_length_mean:           30.0000
epsilon:                   0.0500	grad_norm:                 1.3191	info_nce_loss:             0.0001	loss:                      0.0252
q_loss:                    0.0237	q_taken_mean:              0.0643	return_mean:             -412.8522	return_std:               89.4783
target_mean:               0.0645	td_error_abs:              0.0850	test_action_0_mean:        0.7897	test_action_1_mean:        0.2075
test_action_2_mean:        0.0028	test_ep_length_mean:      30.0000	test_return_mean:        -132.0224	test_return_std:          93.7079

2026-02-17 18:42:34,413 - my_experiment - IMPc50_ExpoComm - my_run - INFO - t_env: 825690 / 2050000
2026-02-17 18:42:34,413 - my_experiment - IMPc50_ExpoComm - my_run - INFO - Estimated time left: 3 hours, 36 minutes, 12 seconds. Time passed: 2 hours, 29 minutes, 17 seconds
2026-02-17 18:46:58,152 - my_experiment - IMPc50_ExpoComm - my_run - INFO - Saving models to work_dirs/my_experiment/IMPc50_ExpoComm/my_run/20260217_161313/models/850200
2026-02-17 18:47:03,208 - my_experiment - IMPc50_ExpoComm - my_run - INFO - Recent Stats | t_env:     850680 | Episode:    28356
action_0_mean:             0.7358	action_1_mean:             0.2450	action_2_mean:             0.0192	ep_length_mean:           30.0000
epsilon:                   0.0500	grad_norm:                 1.0917	info_nce_loss:             0.0001	loss:                      0.0245
q_loss:                    0.0227	q_taken_mean:              0.0644	return_mean:             -411.5000	return_std:               88.4518
target_mean:               0.0646	td_error_abs:              0.0840	test_action_0_mean:        0.7879	test_action_1_mean:        0.2094
test_action_2_mean:        0.0028	test_ep_length_mean:      30.0000	test_return_mean:        -128.4123	test_return_std:          90.5784

2026-02-17 18:47:03,526 - my_experiment - IMPc50_ExpoComm - my_run - INFO - t_env: 850710 / 2050000
2026-02-17 18:47:03,527 - my_experiment - IMPc50_ExpoComm - my_run - INFO - Estimated time left: 3 hours, 34 minutes, 59 seconds. Time passed: 2 hours, 33 minutes, 46 seconds
2026-02-17 18:51:28,325 - my_experiment - IMPc50_ExpoComm - my_run - INFO - Recent Stats | t_env:     875700 | Episode:    29190
action_0_mean:             0.7292	action_1_mean:             0.2516	action_2_mean:             0.0192	ep_length_mean:           30.0000
epsilon:                   0.0500	grad_norm:                 1.0229	info_nce_loss:             0.0001	loss:                      0.0238
q_loss:                    0.0220	q_taken_mean:              0.0646	return_mean:             -411.6676	return_std:               88.5216
target_mean:               0.0647	td_error_abs:              0.0831	test_action_0_mean:        0.7829	test_action_1_mean:        0.2145
test_action_2_mean:        0.0027	test_ep_length_mean:      30.0000	test_return_mean:        -125.2260	test_return_std:          87.8895

2026-02-17 18:51:28,640 - my_experiment - IMPc50_ExpoComm - my_run - INFO - t_env: 875730 / 2050000
2026-02-17 18:51:28,640 - my_experiment - IMPc50_ExpoComm - my_run - INFO - Estimated time left: 3 hours, 27 minutes, 22 seconds. Time passed: 2 hours, 38 minutes, 11 seconds
2026-02-17 18:55:48,236 - my_experiment - IMPc50_ExpoComm - my_run - INFO - Saving models to work_dirs/my_experiment/IMPc50_ExpoComm/my_run/20260217_161313/models/900210
2026-02-17 18:55:53,707 - my_experiment - IMPc50_ExpoComm - my_run - INFO - Recent Stats | t_env:     900720 | Episode:    30024
action_0_mean:             0.7259	action_1_mean:             0.2550	action_2_mean:             0.0192	ep_length_mean:           30.0000
epsilon:                   0.0500	grad_norm:                 0.7808	info_nce_loss:             0.0002	loss:                      0.0226
q_loss:                    0.0208	q_taken_mean:              0.0648	return_mean:             -410.8919	return_std:               86.7103
target_mean:               0.0650	td_error_abs:              0.0807	test_action_0_mean:        0.7845	test_action_1_mean:        0.2130
test_action_2_mean:        0.0025	test_ep_length_mean:      30.0000	test_return_mean:        -121.5273	test_return_std:          88.3609

2026-02-17 18:55:54,011 - my_experiment - IMPc50_ExpoComm - my_run - INFO - t_env: 900750 / 2050000
2026-02-17 18:55:54,012 - my_experiment - IMPc50_ExpoComm - my_run - INFO - Estimated time left: 3 hours, 23 minutes, 9 seconds. Time passed: 2 hours, 42 minutes, 37 seconds
2026-02-17 19:00:19,173 - my_experiment - IMPc50_ExpoComm - my_run - INFO - Recent Stats | t_env:     925740 | Episode:    30858
action_0_mean:             0.7307	action_1_mean:             0.2501	action_2_mean:             0.0192	ep_length_mean:           30.0000
epsilon:                   0.0500	grad_norm:                 0.9218	info_nce_loss:             0.0002	loss:                      0.0219
q_loss:                    0.0202	q_taken_mean:              0.0652	return_mean:             -411.7154	return_std:               88.3013
target_mean:               0.0652	td_error_abs:              0.0801	test_action_0_mean:        0.7839	test_action_1_mean:        0.2136
test_action_2_mean:        0.0025	test_ep_length_mean:      30.0000	test_return_mean:        -119.2086	test_return_std:          87.8746

2026-02-17 19:00:19,481 - my_experiment - IMPc50_ExpoComm - my_run - INFO - t_env: 925770 / 2050000
2026-02-17 19:00:19,482 - my_experiment - IMPc50_ExpoComm - my_run - INFO - Estimated time left: 3 hours, 18 minutes, 48 seconds. Time passed: 2 hours, 47 minutes, 2 seconds
2026-02-17 19:04:39,997 - my_experiment - IMPc50_ExpoComm - my_run - INFO - Saving models to work_dirs/my_experiment/IMPc50_ExpoComm/my_run/20260217_161313/models/950220
2026-02-17 19:04:45,732 - my_experiment - IMPc50_ExpoComm - my_run - INFO - Recent Stats | t_env:     950760 | Episode:    31692
action_0_mean:             0.7328	action_1_mean:             0.2479	action_2_mean:             0.0192	ep_length_mean:           30.0000
epsilon:                   0.0500	grad_norm:                 1.0051	info_nce_loss:             0.0001	loss:                      0.0234
q_loss:                    0.0216	q_taken_mean:              0.0652	return_mean:             -411.8060	return_std:               88.7608
target_mean:               0.0652	td_error_abs:              0.0816	test_action_0_mean:        0.7840	test_action_1_mean:        0.2135
test_action_2_mean:        0.0024	test_ep_length_mean:      30.0000	test_return_mean:        -112.4309	test_return_std:          84.3894

2026-02-17 19:04:46,049 - my_experiment - IMPc50_ExpoComm - my_run - INFO - t_env: 950790 / 2050000
2026-02-17 19:04:46,050 - my_experiment - IMPc50_ExpoComm - my_run - INFO - Estimated time left: 3 hours, 15 minutes, 11 seconds. Time passed: 2 hours, 51 minutes, 29 seconds
2026-02-17 19:09:15,880 - my_experiment - IMPc50_ExpoComm - my_run - INFO - Recent Stats | t_env:     975780 | Episode:    32526
action_0_mean:             0.7265	action_1_mean:             0.2541	action_2_mean:             0.0193	ep_length_mean:           30.0000
epsilon:                   0.0500	grad_norm:                 1.0508	info_nce_loss:             0.0002	loss:                      0.0256
q_loss:                    0.0236	q_taken_mean:              0.0653	return_mean:             -413.5340	return_std:               89.6932
target_mean:               0.0653	td_error_abs:              0.0854	test_action_0_mean:        0.7693	test_action_1_mean:        0.2281
test_action_2_mean:        0.0026	test_ep_length_mean:      30.0000	test_return_mean:        -117.8044	test_return_std:          93.1348

2026-02-17 19:09:16,182 - my_experiment - IMPc50_ExpoComm - my_run - INFO - t_env: 975810 / 2050000
2026-02-17 19:09:16,183 - my_experiment - IMPc50_ExpoComm - my_run - INFO - Estimated time left: 3 hours, 13 minutes, 17 seconds. Time passed: 2 hours, 55 minutes, 59 seconds
2026-02-17 19:13:36,923 - my_experiment - IMPc50_ExpoComm - my_run - INFO - Saving models to work_dirs/my_experiment/IMPc50_ExpoComm/my_run/20260217_161313/models/1000230
2026-02-17 19:13:42,749 - my_experiment - IMPc50_ExpoComm - my_run - INFO - Recent Stats | t_env:    1000800 | Episode:    33360
action_0_mean:             0.7230	action_1_mean:             0.2577	action_2_mean:             0.0193	ep_length_mean:           30.0000
epsilon:                   0.0500	grad_norm:                 1.0999	info_nce_loss:             0.0002	loss:                      0.0277
q_loss:                    0.0251	q_taken_mean:              0.0651	return_mean:             -413.1430	return_std:               89.3038
target_mean:               0.0651	td_error_abs:              0.0880	test_action_0_mean:        0.7651	test_action_1_mean:        0.2323
test_action_2_mean:        0.0027	test_ep_length_mean:      30.0000	test_return_mean:        -119.5278	test_return_std:          92.6677

2026-02-17 19:13:43,085 - my_experiment - IMPc50_ExpoComm - my_run - INFO - t_env: 1000830 / 2050000
2026-02-17 19:13:43,085 - my_experiment - IMPc50_ExpoComm - my_run - INFO - Estimated time left: 3 hours, 6 minutes, 32 seconds. Time passed: 3 hours, 26 seconds
2026-02-17 19:18:07,056 - my_experiment - IMPc50_ExpoComm - my_run - INFO - Recent Stats | t_env:    1025820 | Episode:    34194
action_0_mean:             0.7196	action_1_mean:             0.2609	action_2_mean:             0.0195	ep_length_mean:           30.0000
epsilon:                   0.0500	grad_norm:                 1.1420	info_nce_loss:             0.0001	loss:                      0.0297
q_loss:                    0.0270	q_taken_mean:              0.0646	return_mean:             -415.0357	return_std:               91.1469
target_mean:               0.0646	td_error_abs:              0.0914	test_action_0_mean:        0.7585	test_action_1_mean:        0.2387
test_action_2_mean:        0.0028	test_ep_length_mean:      30.0000	test_return_mean:        -118.7524	test_return_std:          92.5273

2026-02-17 19:18:07,386 - my_experiment - IMPc50_ExpoComm - my_run - INFO - t_env: 1025850 / 2050000
2026-02-17 19:18:07,387 - my_experiment - IMPc50_ExpoComm - my_run - INFO - Estimated time left: 3 hours, 18 seconds. Time passed: 3 hours, 4 minutes, 50 seconds
2026-02-17 19:22:25,045 - my_experiment - IMPc50_ExpoComm - my_run - INFO - Saving models to work_dirs/my_experiment/IMPc50_ExpoComm/my_run/20260217_161313/models/1050240
2026-02-17 19:22:31,212 - my_experiment - IMPc50_ExpoComm - my_run - INFO - Recent Stats | t_env:    1050840 | Episode:    35028
action_0_mean:             0.7201	action_1_mean:             0.2605	action_2_mean:             0.0194	ep_length_mean:           30.0000
epsilon:                   0.0500	grad_norm:                 1.0907	info_nce_loss:             0.0001	loss:                      0.0298
q_loss:                    0.0271	q_taken_mean:              0.0640	return_mean:             -412.6664	return_std:               88.9822
target_mean:               0.0641	td_error_abs:              0.0934	test_action_0_mean:        0.7610	test_action_1_mean:        0.2363
test_action_2_mean:        0.0027	test_ep_length_mean:      30.0000	test_return_mean:        -114.2287	test_return_std:          89.3986

2026-02-17 19:22:31,522 - my_experiment - IMPc50_ExpoComm - my_run - INFO - t_env: 1050870 / 2050000
2026-02-17 19:22:31,523 - my_experiment - IMPc50_ExpoComm - my_run - INFO - Estimated time left: 2 hours, 55 minutes, 47 seconds. Time passed: 3 hours, 9 minutes, 14 seconds
2026-02-17 19:26:58,963 - my_experiment - IMPc50_ExpoComm - my_run - INFO - Recent Stats | t_env:    1075860 | Episode:    35862
action_0_mean:             0.7213	action_1_mean:             0.2593	action_2_mean:             0.0194	ep_length_mean:           30.0000
epsilon:                   0.0500	grad_norm:                 1.1667	info_nce_loss:             0.0001	loss:                      0.0294
q_loss:                    0.0267	q_taken_mean:              0.0642	return_mean:             -412.3460	return_std:               89.1661
target_mean:               0.0643	td_error_abs:              0.0935	test_action_0_mean:        0.7574	test_action_1_mean:        0.2398
test_action_2_mean:        0.0028	test_ep_length_mean:      30.0000	test_return_mean:        -122.5929	test_return_std:          92.1028

2026-02-17 19:26:59,353 - my_experiment - IMPc50_ExpoComm - my_run - INFO - t_env: 1075890 / 2050000
2026-02-17 19:26:59,354 - my_experiment - IMPc50_ExpoComm - my_run - INFO - Estimated time left: 2 hours, 53 minutes, 47 seconds. Time passed: 3 hours, 13 minutes, 42 seconds
2026-02-17 19:31:22,641 - my_experiment - IMPc50_ExpoComm - my_run - INFO - Saving models to work_dirs/my_experiment/IMPc50_ExpoComm/my_run/20260217_161313/models/1100250
2026-02-17 19:31:29,232 - my_experiment - IMPc50_ExpoComm - my_run - INFO - Recent Stats | t_env:    1100880 | Episode:    36696
action_0_mean:             0.7206	action_1_mean:             0.2602	action_2_mean:             0.0193	ep_length_mean:           30.0000
epsilon:                   0.0500	grad_norm:                 1.1492	info_nce_loss:             0.0001	loss:                      0.0291
q_loss:                    0.0264	q_taken_mean:              0.0644	return_mean:             -410.3800	return_std:               88.1752
target_mean:               0.0645	td_error_abs:              0.0926	test_action_0_mean:        0.7609	test_action_1_mean:        0.2363
test_action_2_mean:        0.0028	test_ep_length_mean:      30.0000	test_return_mean:        -121.1785	test_return_std:          91.1874

2026-02-17 19:31:29,566 - my_experiment - IMPc50_ExpoComm - my_run - INFO - t_env: 1100910 / 2050000
2026-02-17 19:31:29,566 - my_experiment - IMPc50_ExpoComm - my_run - INFO - Estimated time left: 2 hours, 50 minutes, 50 seconds. Time passed: 3 hours, 18 minutes, 12 seconds
2026-02-17 19:35:55,852 - my_experiment - IMPc50_ExpoComm - my_run - INFO - Recent Stats | t_env:    1125900 | Episode:    37530
action_0_mean:             0.7221	action_1_mean:             0.2587	action_2_mean:             0.0192	ep_length_mean:           30.0000
epsilon:                   0.0500	grad_norm:                 1.5375	info_nce_loss:             0.0001	loss:                      0.0331
q_loss:                    0.0301	q_taken_mean:              0.0643	return_mean:             -410.0142	return_std:               88.7338
target_mean:               0.0642	td_error_abs:              0.0976	test_action_0_mean:        0.7517	test_action_1_mean:        0.2453
test_action_2_mean:        0.0030	test_ep_length_mean:      30.0000	test_return_mean:        -126.4798	test_return_std:          95.6015

2026-02-17 19:35:56,276 - my_experiment - IMPc50_ExpoComm - my_run - INFO - t_env: 1125930 / 2050000
2026-02-17 19:35:56,276 - my_experiment - IMPc50_ExpoComm - my_run - INFO - Estimated time left: 2 hours, 44 minutes, 10 seconds. Time passed: 3 hours, 22 minutes, 39 seconds
2026-02-17 19:40:14,493 - my_experiment - IMPc50_ExpoComm - my_run - INFO - Saving models to work_dirs/my_experiment/IMPc50_ExpoComm/my_run/20260217_161313/models/1150260
2026-02-17 19:40:21,489 - my_experiment - IMPc50_ExpoComm - my_run - INFO - Recent Stats | t_env:    1150920 | Episode:    38364
action_0_mean:             0.7239	action_1_mean:             0.2568	action_2_mean:             0.0193	ep_length_mean:           30.0000
epsilon:                   0.0500	grad_norm:                 1.4187	info_nce_loss:             0.0001	loss:                      0.0360
q_loss:                    0.0327	q_taken_mean:              0.0647	return_mean:             -410.7244	return_std:               88.0536
target_mean:               0.0646	td_error_abs:              0.1007	test_action_0_mean:        0.7581	test_action_1_mean:        0.2389
test_action_2_mean:        0.0029	test_ep_length_mean:      30.0000	test_return_mean:        -122.7788	test_return_std:          91.5984

2026-02-17 19:40:21,789 - my_experiment - IMPc50_ExpoComm - my_run - INFO - t_env: 1150950 / 2050000
2026-02-17 19:40:21,790 - my_experiment - IMPc50_ExpoComm - my_run - INFO - Estimated time left: 2 hours, 39 minutes, 0 seconds. Time passed: 3 hours, 27 minutes, 4 seconds
2026-02-17 19:44:47,350 - my_experiment - IMPc50_ExpoComm - my_run - INFO - Recent Stats | t_env:    1175940 | Episode:    39198
action_0_mean:             0.7211	action_1_mean:             0.2596	action_2_mean:             0.0193	ep_length_mean:           30.0000
epsilon:                   0.0500	grad_norm:                 1.3175	info_nce_loss:             0.0002	loss:                      0.0368
q_loss:                    0.0335	q_taken_mean:              0.0652	return_mean:             -411.7935	return_std:               90.0408
target_mean:               0.0650	td_error_abs:              0.1008	test_action_0_mean:        0.7484	test_action_1_mean:        0.2486
test_action_2_mean:        0.0030	test_ep_length_mean:      30.0000	test_return_mean:        -126.6855	test_return_std:          95.7129

2026-02-17 19:44:47,671 - my_experiment - IMPc50_ExpoComm - my_run - INFO - t_env: 1175970 / 2050000
2026-02-17 19:44:47,672 - my_experiment - IMPc50_ExpoComm - my_run - INFO - Estimated time left: 2 hours, 34 minutes, 48 seconds. Time passed: 3 hours, 31 minutes, 30 seconds
2026-02-17 19:49:06,392 - my_experiment - IMPc50_ExpoComm - my_run - INFO - Saving models to work_dirs/my_experiment/IMPc50_ExpoComm/my_run/20260217_161313/models/1200270
2026-02-17 19:49:13,656 - my_experiment - IMPc50_ExpoComm - my_run - INFO - Recent Stats | t_env:    1200960 | Episode:    40032
action_0_mean:             0.7198	action_1_mean:             0.2609	action_2_mean:             0.0193	ep_length_mean:           30.0000
epsilon:                   0.0500	grad_norm:                 1.6866	info_nce_loss:             0.0001	loss:                      0.0416
q_loss:                    0.0388	q_taken_mean:              0.0650	return_mean:             -412.1633	return_std:               90.1451
target_mean:               0.0647	td_error_abs:              0.1067	test_action_0_mean:        0.7495	test_action_1_mean:        0.2477
test_action_2_mean:        0.0028	test_ep_length_mean:      30.0000	test_return_mean:        -118.5409	test_return_std:          94.0732

2026-02-17 19:49:13,964 - my_experiment - IMPc50_ExpoComm - my_run - INFO - t_env: 1200990 / 2050000
2026-02-17 19:49:13,964 - my_experiment - IMPc50_ExpoComm - my_run - INFO - Estimated time left: 2 hours, 30 minutes, 36 seconds. Time passed: 3 hours, 35 minutes, 57 seconds
2026-02-17 19:53:39,698 - my_experiment - IMPc50_ExpoComm - my_run - INFO - Recent Stats | t_env:    1225980 | Episode:    40866
action_0_mean:             0.7206	action_1_mean:             0.2601	action_2_mean:             0.0193	ep_length_mean:           30.0000
epsilon:                   0.0500	grad_norm:                 1.7164	info_nce_loss:             0.0001	loss:                      0.0417
q_loss:                    0.0388	q_taken_mean:              0.0650	return_mean:             -412.9175	return_std:               90.0167
target_mean:               0.0648	td_error_abs:              0.1058	test_action_0_mean:        0.7498	test_action_1_mean:        0.2475
test_action_2_mean:        0.0027	test_ep_length_mean:      30.0000	test_return_mean:        -117.0123	test_return_std:          89.8426

2026-02-17 19:53:40,001 - my_experiment - IMPc50_ExpoComm - my_run - INFO - t_env: 1226010 / 2050000
2026-02-17 19:53:40,002 - my_experiment - IMPc50_ExpoComm - my_run - INFO - Estimated time left: 2 hours, 26 minutes, 1 seconds. Time passed: 3 hours, 40 minutes, 23 seconds
2026-02-17 19:57:54,896 - my_experiment - IMPc50_ExpoComm - my_run - INFO - Saving models to work_dirs/my_experiment/IMPc50_ExpoComm/my_run/20260217_161313/models/1250280
2026-02-17 19:58:02,442 - my_experiment - IMPc50_ExpoComm - my_run - INFO - Recent Stats | t_env:    1251000 | Episode:    41700
action_0_mean:             0.7293	action_1_mean:             0.2514	action_2_mean:             0.0193	ep_length_mean:           30.0000
epsilon:                   0.0500	grad_norm:                 1.2794	info_nce_loss:             0.0001	loss:                      0.0412
q_loss:                    0.0384	q_taken_mean:              0.0654	return_mean:             -411.8621	return_std:               89.7121
target_mean:               0.0652	td_error_abs:              0.1042	test_action_0_mean:        0.7559	test_action_1_mean:        0.2416
test_action_2_mean:        0.0025	test_ep_length_mean:      30.0000	test_return_mean:        -110.6275	test_return_std:          84.1218

2026-02-17 19:58:02,741 - my_experiment - IMPc50_ExpoComm - my_run - INFO - t_env: 1251030 / 2050000
2026-02-17 19:58:02,742 - my_experiment - IMPc50_ExpoComm - my_run - INFO - Estimated time left: 2 hours, 19 minutes, 50 seconds. Time passed: 3 hours, 44 minutes, 45 seconds
2026-02-17 20:02:21,513 - my_experiment - IMPc50_ExpoComm - my_run - INFO - Recent Stats | t_env:    1276020 | Episode:    42534
action_0_mean:             0.7349	action_1_mean:             0.2460	action_2_mean:             0.0192	ep_length_mean:           30.0000
epsilon:                   0.0500	grad_norm:                 1.1756	info_nce_loss:             0.0001	loss:                      0.0415
q_loss:                    0.0387	q_taken_mean:              0.0653	return_mean:             -410.0641	return_std:               89.8989
target_mean:               0.0651	td_error_abs:              0.1026	test_action_0_mean:        0.7416	test_action_1_mean:        0.2558
test_action_2_mean:        0.0026	test_ep_length_mean:      30.0000	test_return_mean:        -118.1509	test_return_std:          90.8161

2026-02-17 20:02:21,876 - my_experiment - IMPc50_ExpoComm - my_run - INFO - t_env: 1276050 / 2050000
2026-02-17 20:02:21,877 - my_experiment - IMPc50_ExpoComm - my_run - INFO - Estimated time left: 2 hours, 13 minutes, 35 seconds. Time passed: 3 hours, 49 minutes, 5 seconds
2026-02-17 20:06:33,777 - my_experiment - IMPc50_ExpoComm - my_run - INFO - Saving models to work_dirs/my_experiment/IMPc50_ExpoComm/my_run/20260217_161313/models/1300290
2026-02-17 20:06:41,286 - my_experiment - IMPc50_ExpoComm - my_run - INFO - Recent Stats | t_env:    1301040 | Episode:    43368
action_0_mean:             0.7419	action_1_mean:             0.2390	action_2_mean:             0.0191	ep_length_mean:           30.0000
epsilon:                   0.0500	grad_norm:                 1.1400	info_nce_loss:             0.0002	loss:                      0.0425
q_loss:                    0.0396	q_taken_mean:              0.0653	return_mean:             -409.7797	return_std:               88.8438
target_mean:               0.0651	td_error_abs:              0.1053	test_action_0_mean:        0.7542	test_action_1_mean:        0.2433
test_action_2_mean:        0.0025	test_ep_length_mean:      30.0000	test_return_mean:        -113.6148	test_return_std:          89.8799

2026-02-17 20:06:41,584 - my_experiment - IMPc50_ExpoComm - my_run - INFO - t_env: 1301070 / 2050000
2026-02-17 20:06:41,584 - my_experiment - IMPc50_ExpoComm - my_run - INFO - Estimated time left: 2 hours, 9 minutes, 33 seconds. Time passed: 3 hours, 53 minutes, 24 seconds
2026-02-17 20:11:00,794 - my_experiment - IMPc50_ExpoComm - my_run - INFO - Recent Stats | t_env:    1326060 | Episode:    44202
action_0_mean:             0.7466	action_1_mean:             0.2343	action_2_mean:             0.0191	ep_length_mean:           30.0000
epsilon:                   0.0500	grad_norm:                 0.7811	info_nce_loss:             0.0002	loss:                      0.0399
q_loss:                    0.0362	q_taken_mean:              0.0653	return_mean:             -408.9146	return_std:               87.6225
target_mean:               0.0654	td_error_abs:              0.1025	test_action_0_mean:        0.7534	test_action_1_mean:        0.2440
test_action_2_mean:        0.0027	test_ep_length_mean:      30.0000	test_return_mean:        -117.1714	test_return_std:          92.4550

2026-02-17 20:11:01,101 - my_experiment - IMPc50_ExpoComm - my_run - INFO - t_env: 1326090 / 2050000
2026-02-17 20:11:01,102 - my_experiment - IMPc50_ExpoComm - my_run - INFO - Estimated time left: 2 hours, 5 minutes, 8 seconds. Time passed: 3 hours, 57 minutes, 44 seconds
2026-02-17 20:15:14,670 - my_experiment - IMPc50_ExpoComm - my_run - INFO - Saving models to work_dirs/my_experiment/IMPc50_ExpoComm/my_run/20260217_161313/models/1350300
2026-02-17 20:15:22,734 - my_experiment - IMPc50_ExpoComm - my_run - INFO - Recent Stats | t_env:    1351080 | Episode:    45036
action_0_mean:             0.7552	action_1_mean:             0.2257	action_2_mean:             0.0191	ep_length_mean:           30.0000
epsilon:                   0.0500	grad_norm:                 0.7452	info_nce_loss:             0.0002	loss:                      0.0413
q_loss:                    0.0376	q_taken_mean:              0.0650	return_mean:             -409.1555	return_std:               88.8895
target_mean:               0.0651	td_error_abs:              0.1051	test_action_0_mean:        0.7776	test_action_1_mean:        0.2197
test_action_2_mean:        0.0027	test_ep_length_mean:      30.0000	test_return_mean:        -119.2884	test_return_std:          92.9645

2026-02-17 20:15:23,035 - my_experiment - IMPc50_ExpoComm - my_run - INFO - t_env: 1351110 / 2050000
2026-02-17 20:15:23,036 - my_experiment - IMPc50_ExpoComm - my_run - INFO - Estimated time left: 2 hours, 1 minutes, 56 seconds. Time passed: 4 hours, 2 minutes, 6 seconds
2026-02-17 20:19:44,125 - my_experiment - IMPc50_ExpoComm - my_run - INFO - Recent Stats | t_env:    1376100 | Episode:    45870
action_0_mean:             0.7557	action_1_mean:             0.2251	action_2_mean:             0.0191	ep_length_mean:           30.0000
epsilon:                   0.0500	grad_norm:                 0.7026	info_nce_loss:             0.0003	loss:                      0.0420
q_loss:                    0.0381	q_taken_mean:              0.0647	return_mean:             -409.3182	return_std:               88.2319
target_mean:               0.0648	td_error_abs:              0.1063	test_action_0_mean:        0.7906	test_action_1_mean:        0.2068
test_action_2_mean:        0.0026	test_ep_length_mean:      30.0000	test_return_mean:        -117.5805	test_return_std:          93.6876

2026-02-17 20:19:44,473 - my_experiment - IMPc50_ExpoComm - my_run - INFO - t_env: 1376130 / 2050000
2026-02-17 20:19:44,474 - my_experiment - IMPc50_ExpoComm - my_run - INFO - Estimated time left: 1 hours, 57 minutes, 21 seconds. Time passed: 4 hours, 6 minutes, 27 seconds
2026-02-17 20:23:59,035 - my_experiment - IMPc50_ExpoComm - my_run - INFO - Saving models to work_dirs/my_experiment/IMPc50_ExpoComm/my_run/20260217_161313/models/1400310
2026-02-17 20:24:07,449 - my_experiment - IMPc50_ExpoComm - my_run - INFO - Recent Stats | t_env:    1401120 | Episode:    46704
action_0_mean:             0.7549	action_1_mean:             0.2260	action_2_mean:             0.0191	ep_length_mean:           30.0000
epsilon:                   0.0500	grad_norm:                 0.8306	info_nce_loss:             0.0003	loss:                      0.0418
q_loss:                    0.0380	q_taken_mean:              0.0647	return_mean:             -407.9337	return_std:               86.5078
target_mean:               0.0649	td_error_abs:              0.1082	test_action_0_mean:        0.8041	test_action_1_mean:        0.1935
test_action_2_mean:        0.0024	test_ep_length_mean:      30.0000	test_return_mean:        -110.5314	test_return_std:          89.8356

2026-02-17 20:24:07,760 - my_experiment - IMPc50_ExpoComm - my_run - INFO - t_env: 1401150 / 2050000
2026-02-17 20:24:07,761 - my_experiment - IMPc50_ExpoComm - my_run - INFO - Estimated time left: 1 hours, 53 minutes, 47 seconds. Time passed: 4 hours, 10 minutes, 50 seconds
2026-02-17 20:28:30,404 - my_experiment - IMPc50_ExpoComm - my_run - INFO - Recent Stats | t_env:    1426140 | Episode:    47538
action_0_mean:             0.7475	action_1_mean:             0.2333	action_2_mean:             0.0191	ep_length_mean:           30.0000
epsilon:                   0.0500	grad_norm:                 1.2234	info_nce_loss:             0.0004	loss:                      0.0450
q_loss:                    0.0409	q_taken_mean:              0.0638	return_mean:             -408.2236	return_std:               87.2464
target_mean:               0.0641	td_error_abs:              0.1135	test_action_0_mean:        0.7812	test_action_1_mean:        0.2164
test_action_2_mean:        0.0024	test_ep_length_mean:      30.0000	test_return_mean:        -114.6316	test_return_std:          87.0929

2026-02-17 20:28:30,720 - my_experiment - IMPc50_ExpoComm - my_run - INFO - t_env: 1426170 / 2050000
2026-02-17 20:28:30,721 - my_experiment - IMPc50_ExpoComm - my_run - INFO - Estimated time left: 1 hours, 49 minutes, 16 seconds. Time passed: 4 hours, 15 minutes, 13 seconds
2026-02-17 20:32:43,028 - my_experiment - IMPc50_ExpoComm - my_run - INFO - Saving models to work_dirs/my_experiment/IMPc50_ExpoComm/my_run/20260217_161313/models/1450320
2026-02-17 20:32:51,673 - my_experiment - IMPc50_ExpoComm - my_run - INFO - Recent Stats | t_env:    1451160 | Episode:    48372
action_0_mean:             0.7437	action_1_mean:             0.2372	action_2_mean:             0.0191	ep_length_mean:           30.0000
epsilon:                   0.0500	grad_norm:                 1.0888	info_nce_loss:             0.0003	loss:                      0.0482
q_loss:                    0.0438	q_taken_mean:              0.0637	return_mean:             -407.9739	return_std:               88.6825
target_mean:               0.0639	td_error_abs:              0.1159	test_action_0_mean:        0.7731	test_action_1_mean:        0.2245
test_action_2_mean:        0.0023	test_ep_length_mean:      30.0000	test_return_mean:        -113.4986	test_return_std:          83.9370

2026-02-17 20:32:51,995 - my_experiment - IMPc50_ExpoComm - my_run - INFO - t_env: 1451190 / 2050000
2026-02-17 20:32:51,996 - my_experiment - IMPc50_ExpoComm - my_run - INFO - Estimated time left: 1 hours, 44 minutes, 13 seconds. Time passed: 4 hours, 19 minutes, 35 seconds
2026-02-17 20:37:13,714 - my_experiment - IMPc50_ExpoComm - my_run - INFO - Recent Stats | t_env:    1476180 | Episode:    49206
action_0_mean:             0.7414	action_1_mean:             0.2396	action_2_mean:             0.0190	ep_length_mean:           30.0000
epsilon:                   0.0500	grad_norm:                 1.1446	info_nce_loss:             0.0003	loss:                      0.0493
q_loss:                    0.0449	q_taken_mean:              0.0642	return_mean:             -405.0155	return_std:               87.4542
target_mean:               0.0644	td_error_abs:              0.1150	test_action_0_mean:        0.7704	test_action_1_mean:        0.2274
test_action_2_mean:        0.0022	test_ep_length_mean:      30.0000	test_return_mean:        -107.1791	test_return_std:          84.4692

2026-02-17 20:37:14,006 - my_experiment - IMPc50_ExpoComm - my_run - INFO - t_env: 1476210 / 2050000
2026-02-17 20:37:14,006 - my_experiment - IMPc50_ExpoComm - my_run - INFO - Estimated time left: 1 hours, 40 minutes, 8 seconds. Time passed: 4 hours, 23 minutes, 57 seconds
2026-02-17 20:41:25,856 - my_experiment - IMPc50_ExpoComm - my_run - INFO - Saving models to work_dirs/my_experiment/IMPc50_ExpoComm/my_run/20260217_161313/models/1500330
2026-02-17 20:41:34,699 - my_experiment - IMPc50_ExpoComm - my_run - INFO - Recent Stats | t_env:    1501200 | Episode:    50040
action_0_mean:             0.7424	action_1_mean:             0.2387	action_2_mean:             0.0189	ep_length_mean:           30.0000
epsilon:                   0.0500	grad_norm:                 1.4014	info_nce_loss:             0.0003	loss:                      0.0482
q_loss:                    0.0446	q_taken_mean:              0.0648	return_mean:             -404.9283	return_std:               87.4240
target_mean:               0.0650	td_error_abs:              0.1150	test_action_0_mean:        0.7726	test_action_1_mean:        0.2253
test_action_2_mean:        0.0022	test_ep_length_mean:      30.0000	test_return_mean:        -108.5313	test_return_std:          85.5027

2026-02-17 20:41:34,994 - my_experiment - IMPc50_ExpoComm - my_run - INFO - t_env: 1501230 / 2050000
2026-02-17 20:41:34,995 - my_experiment - IMPc50_ExpoComm - my_run - INFO - Estimated time left: 1 hours, 35 minutes, 24 seconds. Time passed: 4 hours, 28 minutes, 18 seconds
2026-02-17 20:45:52,159 - my_experiment - IMPc50_ExpoComm - my_run - INFO - Recent Stats | t_env:    1526220 | Episode:    50874
action_0_mean:             0.7435	action_1_mean:             0.2375	action_2_mean:             0.0190	ep_length_mean:           30.0000
epsilon:                   0.0500	grad_norm:                 1.3639	info_nce_loss:             0.0002	loss:                      0.0504
q_loss:                    0.0466	q_taken_mean:              0.0647	return_mean:             -404.9268	return_std:               88.8914
target_mean:               0.0648	td_error_abs:              0.1142	test_action_0_mean:        0.7734	test_action_1_mean:        0.2243
test_action_2_mean:        0.0023	test_ep_length_mean:      30.0000	test_return_mean:        -109.0357	test_return_std:          83.8758

2026-02-17 20:45:52,505 - my_experiment - IMPc50_ExpoComm - my_run - INFO - t_env: 1526250 / 2050000
2026-02-17 20:45:52,506 - my_experiment - IMPc50_ExpoComm - my_run - INFO - Estimated time left: 1 hours, 29 minutes, 50 seconds. Time passed: 4 hours, 32 minutes, 35 seconds
2026-02-17 20:50:02,325 - my_experiment - IMPc50_ExpoComm - my_run - INFO - Saving models to work_dirs/my_experiment/IMPc50_ExpoComm/my_run/20260217_161313/models/1550340
2026-02-17 20:50:11,416 - my_experiment - IMPc50_ExpoComm - my_run - INFO - Recent Stats | t_env:    1551240 | Episode:    51708
action_0_mean:             0.7518	action_1_mean:             0.2293	action_2_mean:             0.0189	ep_length_mean:           30.0000
epsilon:                   0.0500	grad_norm:                 0.9946	info_nce_loss:             0.0001	loss:                      0.0460
q_loss:                    0.0426	q_taken_mean:              0.0656	return_mean:             -403.7591	return_std:               88.0972
target_mean:               0.0656	td_error_abs:              0.1078	test_action_0_mean:        0.7896	test_action_1_mean:        0.2081
test_action_2_mean:        0.0024	test_ep_length_mean:      30.0000	test_return_mean:        -109.4101	test_return_std:          86.5363

2026-02-17 20:50:11,795 - my_experiment - IMPc50_ExpoComm - my_run - INFO - t_env: 1551270 / 2050000
2026-02-17 20:50:11,795 - my_experiment - IMPc50_ExpoComm - my_run - INFO - Estimated time left: 1 hours, 26 minutes, 8 seconds. Time passed: 4 hours, 36 minutes, 55 seconds
2026-02-17 20:54:30,605 - my_experiment - IMPc50_ExpoComm - my_run - INFO - Recent Stats | t_env:    1576260 | Episode:    52542
action_0_mean:             0.7563	action_1_mean:             0.2248	action_2_mean:             0.0189	ep_length_mean:           30.0000
epsilon:                   0.0500	grad_norm:                 0.9448	info_nce_loss:             0.0001	loss:                      0.0425
q_loss:                    0.0394	q_taken_mean:              0.0660	return_mean:             -403.6611	return_std:               87.4342
target_mean:               0.0661	td_error_abs:              0.1055	test_action_0_mean:        0.8056	test_action_1_mean:        0.1919
test_action_2_mean:        0.0025	test_ep_length_mean:      30.0000	test_return_mean:        -107.2470	test_return_std:          85.9375

2026-02-17 20:54:30,941 - my_experiment - IMPc50_ExpoComm - my_run - INFO - t_env: 1576290 / 2050000
2026-02-17 20:54:30,942 - my_experiment - IMPc50_ExpoComm - my_run - INFO - Estimated time left: 1 hours, 21 minutes, 46 seconds. Time passed: 4 hours, 41 minutes, 14 seconds
2026-02-17 20:58:42,153 - my_experiment - IMPc50_ExpoComm - my_run - INFO - Saving models to work_dirs/my_experiment/IMPc50_ExpoComm/my_run/20260217_161313/models/1600350
2026-02-17 20:58:51,731 - my_experiment - IMPc50_ExpoComm - my_run - INFO - Recent Stats | t_env:    1601280 | Episode:    53376
action_0_mean:             0.7572	action_1_mean:             0.2237	action_2_mean:             0.0190	ep_length_mean:           30.0000
epsilon:                   0.0500	grad_norm:                 1.0911	info_nce_loss:             0.0001	loss:                      0.0428
q_loss:                    0.0396	q_taken_mean:              0.0656	return_mean:             -405.0068	return_std:               86.7907
target_mean:               0.0658	td_error_abs:              0.1074	test_action_0_mean:        0.7989	test_action_1_mean:        0.1985
test_action_2_mean:        0.0026	test_ep_length_mean:      30.0000	test_return_mean:        -111.0976	test_return_std:          84.4423

2026-02-17 20:58:52,104 - my_experiment - IMPc50_ExpoComm - my_run - INFO - t_env: 1601310 / 2050000
2026-02-17 20:58:52,104 - my_experiment - IMPc50_ExpoComm - my_run - INFO - Estimated time left: 1 hours, 18 minutes, 3 seconds. Time passed: 4 hours, 45 minutes, 35 seconds
2026-02-17 21:03:13,323 - my_experiment - IMPc50_ExpoComm - my_run - INFO - Recent Stats | t_env:    1626300 | Episode:    54210
action_0_mean:             0.7560	action_1_mean:             0.2250	action_2_mean:             0.0190	ep_length_mean:           30.0000
epsilon:                   0.0500	grad_norm:                 0.9339	info_nce_loss:             0.0002	loss:                      0.0420
q_loss:                    0.0382	q_taken_mean:              0.0660	return_mean:             -404.6489	return_std:               87.2978
target_mean:               0.0661	td_error_abs:              0.1065	test_action_0_mean:        0.7895	test_action_1_mean:        0.2078
test_action_2_mean:        0.0027	test_ep_length_mean:      30.0000	test_return_mean:        -114.4398	test_return_std:          87.9197

2026-02-17 21:03:13,623 - my_experiment - IMPc50_ExpoComm - my_run - INFO - t_env: 1626330 / 2050000
2026-02-17 21:03:13,624 - my_experiment - IMPc50_ExpoComm - my_run - INFO - Estimated time left: 1 hours, 13 minutes, 48 seconds. Time passed: 4 hours, 49 minutes, 56 seconds
2026-02-17 21:07:21,851 - my_experiment - IMPc50_ExpoComm - my_run - INFO - Saving models to work_dirs/my_experiment/IMPc50_ExpoComm/my_run/20260217_161313/models/1650360
2026-02-17 21:07:31,451 - my_experiment - IMPc50_ExpoComm - my_run - INFO - Recent Stats | t_env:    1651320 | Episode:    55044
action_0_mean:             0.7555	action_1_mean:             0.2255	action_2_mean:             0.0191	ep_length_mean:           30.0000
epsilon:                   0.0500	grad_norm:                 0.8495	info_nce_loss:             0.0002	loss:                      0.0416
q_loss:                    0.0378	q_taken_mean:              0.0663	return_mean:             -405.7993	return_std:               86.5106
target_mean:               0.0664	td_error_abs:              0.1068	test_action_0_mean:        0.7942	test_action_1_mean:        0.2030
test_action_2_mean:        0.0028	test_ep_length_mean:      30.0000	test_return_mean:        -115.2803	test_return_std:          92.2749

2026-02-17 21:07:31,749 - my_experiment - IMPc50_ExpoComm - my_run - INFO - t_env: 1651350 / 2050000
2026-02-17 21:07:31,750 - my_experiment - IMPc50_ExpoComm - my_run - INFO - Estimated time left: 1 hours, 8 minutes, 32 seconds. Time passed: 4 hours, 54 minutes, 14 seconds
2026-02-17 21:11:50,460 - my_experiment - IMPc50_ExpoComm - my_run - INFO - Recent Stats | t_env:    1676340 | Episode:    55878
action_0_mean:             0.7577	action_1_mean:             0.2232	action_2_mean:             0.0191	ep_length_mean:           30.0000
epsilon:                   0.0500	grad_norm:                 1.0272	info_nce_loss:             0.0002	loss:                      0.0463
q_loss:                    0.0432	q_taken_mean:              0.0661	return_mean:             -405.8295	return_std:               85.8758
target_mean:               0.0663	td_error_abs:              0.1109	test_action_0_mean:        0.7912	test_action_1_mean:        0.2060
test_action_2_mean:        0.0028	test_ep_length_mean:      30.0000	test_return_mean:        -115.5791	test_return_std:          94.2469

2026-02-17 21:11:50,761 - my_experiment - IMPc50_ExpoComm - my_run - INFO - t_env: 1676370 / 2050000
2026-02-17 21:11:50,762 - my_experiment - IMPc50_ExpoComm - my_run - INFO - Estimated time left: 1 hours, 4 minutes, 27 seconds. Time passed: 4 hours, 58 minutes, 33 seconds
2026-02-17 21:16:02,425 - my_experiment - IMPc50_ExpoComm - my_run - INFO - Saving models to work_dirs/my_experiment/IMPc50_ExpoComm/my_run/20260217_161313/models/1700370
2026-02-17 21:16:12,388 - my_experiment - IMPc50_ExpoComm - my_run - INFO - Recent Stats | t_env:    1701360 | Episode:    56712
action_0_mean:             0.7604	action_1_mean:             0.2206	action_2_mean:             0.0190	ep_length_mean:           30.0000
epsilon:                   0.0500	grad_norm:                 0.9960	info_nce_loss:             0.0001	loss:                      0.0466
q_loss:                    0.0434	q_taken_mean:              0.0662	return_mean:             -405.3255	return_std:               85.6850
target_mean:               0.0664	td_error_abs:              0.1113	test_action_0_mean:        0.7864	test_action_1_mean:        0.2109
test_action_2_mean:        0.0027	test_ep_length_mean:      30.0000	test_return_mean:        -115.2467	test_return_std:          91.0938

2026-02-17 21:16:12,698 - my_experiment - IMPc50_ExpoComm - my_run - INFO - t_env: 1701390 / 2050000
2026-02-17 21:16:12,698 - my_experiment - IMPc50_ExpoComm - my_run - INFO - Estimated time left: 1 hours, 49 seconds. Time passed: 5 hours, 2 minutes, 55 seconds
2026-02-17 21:20:30,464 - my_experiment - IMPc50_ExpoComm - my_run - INFO - Recent Stats | t_env:    1726380 | Episode:    57546
action_0_mean:             0.7583	action_1_mean:             0.2226	action_2_mean:             0.0191	ep_length_mean:           30.0000
epsilon:                   0.0500	grad_norm:                 1.2708	info_nce_loss:             0.0002	loss:                      0.0483
q_loss:                    0.0449	q_taken_mean:              0.0664	return_mean:             -406.7275	return_std:               87.6398
target_mean:               0.0663	td_error_abs:              0.1131	test_action_0_mean:        0.7900	test_action_1_mean:        0.2073
test_action_2_mean:        0.0027	test_ep_length_mean:      30.0000	test_return_mean:        -113.9643	test_return_std:          93.7183

2026-02-17 21:20:30,775 - my_experiment - IMPc50_ExpoComm - my_run - INFO - t_env: 1726410 / 2050000
2026-02-17 21:20:30,776 - my_experiment - IMPc50_ExpoComm - my_run - INFO - Estimated time left: 55 minutes, 37 seconds. Time passed: 5 hours, 7 minutes, 13 seconds
2026-02-17 21:24:39,116 - my_experiment - IMPc50_ExpoComm - my_run - INFO - Saving models to work_dirs/my_experiment/IMPc50_ExpoComm/my_run/20260217_161313/models/1750380
2026-02-17 21:24:49,451 - my_experiment - IMPc50_ExpoComm - my_run - INFO - Recent Stats | t_env:    1751400 | Episode:    58380
action_0_mean:             0.7664	action_1_mean:             0.2145	action_2_mean:             0.0191	ep_length_mean:           30.0000
epsilon:                   0.0500	grad_norm:                 1.5169	info_nce_loss:             0.0002	loss:                      0.0520
q_loss:                    0.0483	q_taken_mean:              0.0656	return_mean:             -406.5995	return_std:               87.3174
target_mean:               0.0655	td_error_abs:              0.1158	test_action_0_mean:        0.8029	test_action_1_mean:        0.1945
test_action_2_mean:        0.0026	test_ep_length_mean:      30.0000	test_return_mean:        -109.1686	test_return_std:          89.0887

2026-02-17 21:24:49,794 - my_experiment - IMPc50_ExpoComm - my_run - INFO - t_env: 1751430 / 2050000
2026-02-17 21:24:49,794 - my_experiment - IMPc50_ExpoComm - my_run - INFO - Estimated time left: 51 minutes, 30 seconds. Time passed: 5 hours, 11 minutes, 33 seconds
2026-02-17 21:29:08,170 - my_experiment - IMPc50_ExpoComm - my_run - INFO - Recent Stats | t_env:    1776420 | Episode:    59214
action_0_mean:             0.7743	action_1_mean:             0.2066	action_2_mean:             0.0190	ep_length_mean:           30.0000
epsilon:                   0.0500	grad_norm:                 1.6430	info_nce_loss:             0.0002	loss:                      0.0522
q_loss:                    0.0485	q_taken_mean:              0.0658	return_mean:             -405.3597	return_std:               86.3211
target_mean:               0.0657	td_error_abs:              0.1173	test_action_0_mean:        0.7930	test_action_1_mean:        0.2044
test_action_2_mean:        0.0026	test_ep_length_mean:      30.0000	test_return_mean:        -111.8793	test_return_std:          88.8391

2026-02-17 21:29:08,469 - my_experiment - IMPc50_ExpoComm - my_run - INFO - t_env: 1776450 / 2050000
2026-02-17 21:29:08,470 - my_experiment - IMPc50_ExpoComm - my_run - INFO - Estimated time left: 47 minutes, 8 seconds. Time passed: 5 hours, 15 minutes, 51 seconds
2026-02-17 21:33:15,709 - my_experiment - IMPc50_ExpoComm - my_run - INFO - Saving models to work_dirs/my_experiment/IMPc50_ExpoComm/my_run/20260217_161313/models/1800390
2026-02-17 21:33:26,323 - my_experiment - IMPc50_ExpoComm - my_run - INFO - Recent Stats | t_env:    1801440 | Episode:    60048
action_0_mean:             0.7752	action_1_mean:             0.2058	action_2_mean:             0.0190	ep_length_mean:           30.0000
epsilon:                   0.0500	grad_norm:                 1.9358	info_nce_loss:             0.0002	loss:                      0.0518
q_loss:                    0.0481	q_taken_mean:              0.0663	return_mean:             -405.4602	return_std:               87.7123
target_mean:               0.0659	td_error_abs:              0.1183	test_action_0_mean:        0.7961	test_action_1_mean:        0.2013
test_action_2_mean:        0.0026	test_ep_length_mean:      30.0000	test_return_mean:        -110.2330	test_return_std:          88.5666

2026-02-17 21:33:26,616 - my_experiment - IMPc50_ExpoComm - my_run - INFO - t_env: 1801470 / 2050000
2026-02-17 21:33:26,617 - my_experiment - IMPc50_ExpoComm - my_run - INFO - Estimated time left: 42 minutes, 44 seconds. Time passed: 5 hours, 20 minutes, 9 seconds
2026-02-17 21:37:45,554 - my_experiment - IMPc50_ExpoComm - my_run - INFO - Recent Stats | t_env:    1826460 | Episode:    60882
action_0_mean:             0.7737	action_1_mean:             0.2072	action_2_mean:             0.0191	ep_length_mean:           30.0000
epsilon:                   0.0500	grad_norm:                 2.1809	info_nce_loss:             0.0001	loss:                      0.0552
q_loss:                    0.0512	q_taken_mean:              0.0661	return_mean:             -406.0884	return_std:               87.7309
target_mean:               0.0657	td_error_abs:              0.1202	test_action_0_mean:        0.7808	test_action_1_mean:        0.2163
test_action_2_mean:        0.0029	test_ep_length_mean:      30.0000	test_return_mean:        -118.7399	test_return_std:          99.8081

2026-02-17 21:37:45,854 - my_experiment - IMPc50_ExpoComm - my_run - INFO - t_env: 1826490 / 2050000
2026-02-17 21:37:45,855 - my_experiment - IMPc50_ExpoComm - my_run - INFO - Estimated time left: 38 minutes, 35 seconds. Time passed: 5 hours, 24 minutes, 29 seconds
2026-02-17 21:41:54,024 - my_experiment - IMPc50_ExpoComm - my_run - INFO - Saving models to work_dirs/my_experiment/IMPc50_ExpoComm/my_run/20260217_161313/models/1850400
2026-02-17 21:42:05,035 - my_experiment - IMPc50_ExpoComm - my_run - INFO - Recent Stats | t_env:    1851480 | Episode:    61716
action_0_mean:             0.7796	action_1_mean:             0.2014	action_2_mean:             0.0190	ep_length_mean:           30.0000
epsilon:                   0.0500	grad_norm:                 1.6724	info_nce_loss:             0.0001	loss:                      0.0542
q_loss:                    0.0503	q_taken_mean:              0.0666	return_mean:             -403.6385	return_std:               86.5097
target_mean:               0.0664	td_error_abs:              0.1189	test_action_0_mean:        0.7689	test_action_1_mean:        0.2282
test_action_2_mean:        0.0030	test_ep_length_mean:      30.0000	test_return_mean:        -120.3796	test_return_std:          98.4877

2026-02-17 21:42:05,376 - my_experiment - IMPc50_ExpoComm - my_run - INFO - t_env: 1851510 / 2050000
2026-02-17 21:42:05,377 - my_experiment - IMPc50_ExpoComm - my_run - INFO - Estimated time left: 34 minutes, 18 seconds. Time passed: 5 hours, 28 minutes, 48 seconds
2026-02-17 21:46:24,021 - my_experiment - IMPc50_ExpoComm - my_run - INFO - Recent Stats | t_env:    1876500 | Episode:    62550
action_0_mean:             0.7771	action_1_mean:             0.2038	action_2_mean:             0.0190	ep_length_mean:           30.0000
epsilon:                   0.0500	grad_norm:                 1.3153	info_nce_loss:             0.0001	loss:                      0.0519
q_loss:                    0.0482	q_taken_mean:              0.0676	return_mean:             -403.9555	return_std:               87.0332
target_mean:               0.0674	td_error_abs:              0.1160	test_action_0_mean:        0.7699	test_action_1_mean:        0.2270
test_action_2_mean:        0.0030	test_ep_length_mean:      30.0000	test_return_mean:        -119.9139	test_return_std:         100.7902

2026-02-17 21:46:24,346 - my_experiment - IMPc50_ExpoComm - my_run - INFO - t_env: 1876530 / 2050000
2026-02-17 21:46:24,347 - my_experiment - IMPc50_ExpoComm - my_run - INFO - Estimated time left: 29 minutes, 55 seconds. Time passed: 5 hours, 33 minutes, 7 seconds
2026-02-17 21:50:32,701 - my_experiment - IMPc50_ExpoComm - my_run - INFO - Saving models to work_dirs/my_experiment/IMPc50_ExpoComm/my_run/20260217_161313/models/1900410
2026-02-17 21:50:44,107 - my_experiment - IMPc50_ExpoComm - my_run - INFO - Recent Stats | t_env:    1901520 | Episode:    63384
action_0_mean:             0.7753	action_1_mean:             0.2055	action_2_mean:             0.0191	ep_length_mean:           30.0000
epsilon:                   0.0500	grad_norm:                 1.5833	info_nce_loss:             0.0001	loss:                      0.0548
q_loss:                    0.0509	q_taken_mean:              0.0681	return_mean:             -404.3414	return_std:               88.4268
target_mean:               0.0678	td_error_abs:              0.1172	test_action_0_mean:        0.7795	test_action_1_mean:        0.2175
test_action_2_mean:        0.0030	test_ep_length_mean:      30.0000	test_return_mean:        -117.7132	test_return_std:          98.1709

2026-02-17 21:50:44,407 - my_experiment - IMPc50_ExpoComm - my_run - INFO - t_env: 1901550 / 2050000
2026-02-17 21:50:44,408 - my_experiment - IMPc50_ExpoComm - my_run - INFO - Estimated time left: 25 minutes, 43 seconds. Time passed: 5 hours, 37 minutes, 27 seconds
2026-02-17 21:55:03,364 - my_experiment - IMPc50_ExpoComm - my_run - INFO - Recent Stats | t_env:    1926540 | Episode:    64218
action_0_mean:             0.7711	action_1_mean:             0.2097	action_2_mean:             0.0192	ep_length_mean:           30.0000
epsilon:                   0.0500	grad_norm:                 1.2502	info_nce_loss:             0.0001	loss:                      0.0548
q_loss:                    0.0509	q_taken_mean:              0.0680	return_mean:             -404.3542	return_std:               87.3741
target_mean:               0.0677	td_error_abs:              0.1176	test_action_0_mean:        0.7662	test_action_1_mean:        0.2307
test_action_2_mean:        0.0031	test_ep_length_mean:      30.0000	test_return_mean:        -122.2356	test_return_std:          98.7926

2026-02-17 21:55:03,719 - my_experiment - IMPc50_ExpoComm - my_run - INFO - t_env: 1926570 / 2050000
2026-02-17 21:55:03,719 - my_experiment - IMPc50_ExpoComm - my_run - INFO - Estimated time left: 21 minutes, 19 seconds. Time passed: 5 hours, 41 minutes, 46 seconds
2026-02-17 21:59:08,872 - my_experiment - IMPc50_ExpoComm - my_run - INFO - Saving models to work_dirs/my_experiment/IMPc50_ExpoComm/my_run/20260217_161313/models/1950420
2026-02-17 21:59:20,530 - my_experiment - IMPc50_ExpoComm - my_run - INFO - Recent Stats | t_env:    1951560 | Episode:    65052
action_0_mean:             0.7741	action_1_mean:             0.2067	action_2_mean:             0.0192	ep_length_mean:           30.0000
epsilon:                   0.0500	grad_norm:                 1.1215	info_nce_loss:             0.0002	loss:                      0.0566
q_loss:                    0.0525	q_taken_mean:              0.0684	return_mean:             -403.6532	return_std:               86.9496
target_mean:               0.0682	td_error_abs:              0.1192	test_action_0_mean:        0.7874	test_action_1_mean:        0.2098
test_action_2_mean:        0.0029	test_ep_length_mean:      30.0000	test_return_mean:        -115.9401	test_return_std:          98.9097

2026-02-17 21:59:20,833 - my_experiment - IMPc50_ExpoComm - my_run - INFO - t_env: 1951590 / 2050000
2026-02-17 21:59:20,834 - my_experiment - IMPc50_ExpoComm - my_run - INFO - Estimated time left: 16 minutes, 51 seconds. Time passed: 5 hours, 46 minutes, 4 seconds
2026-02-17 22:03:36,200 - my_experiment - IMPc50_ExpoComm - my_run - INFO - Recent Stats | t_env:    1976580 | Episode:    65886
action_0_mean:             0.7800	action_1_mean:             0.2009	action_2_mean:             0.0192	ep_length_mean:           30.0000
epsilon:                   0.0500	grad_norm:                 1.5832	info_nce_loss:             0.0002	loss:                      0.0585
q_loss:                    0.0542	q_taken_mean:              0.0686	return_mean:             -404.7561	return_std:               87.3156
target_mean:               0.0681	td_error_abs:              0.1221	test_action_0_mean:        0.8062	test_action_1_mean:        0.1910
test_action_2_mean:        0.0028	test_ep_length_mean:      30.0000	test_return_mean:        -121.4596	test_return_std:         104.6807

2026-02-17 22:03:36,538 - my_experiment - IMPc50_ExpoComm - my_run - INFO - t_env: 1976610 / 2050000
2026-02-17 22:03:36,538 - my_experiment - IMPc50_ExpoComm - my_run - INFO - Estimated time left: 12 minutes, 30 seconds. Time passed: 5 hours, 50 minutes, 19 seconds
2026-02-17 22:07:43,350 - my_experiment - IMPc50_ExpoComm - my_run - INFO - Saving models to work_dirs/my_experiment/IMPc50_ExpoComm/my_run/20260217_161313/models/2000430
2026-02-17 22:07:55,184 - my_experiment - IMPc50_ExpoComm - my_run - INFO - Recent Stats | t_env:    2001600 | Episode:    66720
action_0_mean:             0.7847	action_1_mean:             0.1961	action_2_mean:             0.0191	ep_length_mean:           30.0000
epsilon:                   0.0500	grad_norm:                 1.8441	info_nce_loss:             0.0001	loss:                      0.0608
q_loss:                    0.0563	q_taken_mean:              0.0682	return_mean:             -404.9575	return_std:               87.3891
target_mean:               0.0679	td_error_abs:              0.1270	test_action_0_mean:        0.7960	test_action_1_mean:        0.2011
test_action_2_mean:        0.0029	test_ep_length_mean:      30.0000	test_return_mean:        -123.0359	test_return_std:         101.0327

2026-02-17 22:07:55,505 - my_experiment - IMPc50_ExpoComm - my_run - INFO - t_env: 2001630 / 2050000
2026-02-17 22:07:55,506 - my_experiment - IMPc50_ExpoComm - my_run - INFO - Estimated time left: 8 minutes, 20 seconds. Time passed: 5 hours, 54 minutes, 38 seconds
2026-02-17 22:12:11,525 - my_experiment - IMPc50_ExpoComm - my_run - INFO - Recent Stats | t_env:    2026620 | Episode:    67554
action_0_mean:             0.7849	action_1_mean:             0.1960	action_2_mean:             0.0191	ep_length_mean:           30.0000
epsilon:                   0.0500	grad_norm:                 1.4386	info_nce_loss:             0.0002	loss:                      0.0543
q_loss:                    0.0504	q_taken_mean:              0.0684	return_mean:             -405.0964	return_std:               85.7218
target_mean:               0.0682	td_error_abs:              0.1242	test_action_0_mean:        0.7916	test_action_1_mean:        0.2056
test_action_2_mean:        0.0028	test_ep_length_mean:      30.0000	test_return_mean:        -121.4928	test_return_std:          99.0874

2026-02-17 22:12:11,852 - my_experiment - IMPc50_ExpoComm - my_run - INFO - t_env: 2026650 / 2050000
2026-02-17 22:12:11,852 - my_experiment - IMPc50_ExpoComm - my_run - INFO - Estimated time left: 3 minutes, 59 seconds. Time passed: 5 hours, 58 minutes, 55 seconds
2026-02-17 22:16:12,380 - my_experiment - IMPc50_ExpoComm - my_run - INFO - Finished Training
