Gym has been unmaintained since 2022 and does not support NumPy 2.0 amongst other critical functionality.
Please upgrade to Gymnasium, the maintained drop-in replacement of Gym, or contact the authors of your software and request that they upgrade.
Users of this version of Gym should be able to simply replace 'import gym' with 'import gymnasium as gym' in the vast majority of cases.
See the migration guide at https://gymnasium.farama.org/introduction/migration_guide/ for additional information.
src/main.py:81: DeprecationWarning: Using or importing the ABCs from 'collections' instead of from 'collections.abc' is deprecated since Python 3.3, and in 3.10 it will stop working
  if isinstance(v, collections.Mapping):
wandb: [wandb.login()] Loaded credentials for https://api.wandb.ai from /home/pparsons/.netrc.
wandb: Currently logged in as: peterparsons02 (peterparsons02-eth-z-rich) to https://api.wandb.ai. Use `wandb login --relogin` to force relogin
wandb: setting up run wl907hea
wandb: Tracking run with wandb version 0.24.1
wandb: Run data is saved locally in /usr/itetnas04/data-scratch-01/pparsons/data/MyExpoComm/wandb/run-20260219_140721-wl907hea
wandb: Run `wandb offline` to turn off syncing.
wandb: Syncing run my_run-IMPc100_ExpoComm-20260219_140721
wandb: ⭐️ View project at https://wandb.ai/peterparsons02-eth-z-rich/my_experiment
wandb: 🚀 View run at https://wandb.ai/peterparsons02-eth-z-rich/my_experiment/runs/wl907hea
2026-02-19 14:07:24,393 - my_experiment - IMPc100_ExpoComm - my_run - INFO - Current directory: /usr/itetnas04/data-scratch-01/pparsons/data/MyExpoComm.
2026-02-19 14:07:24,394 - my_experiment - IMPc100_ExpoComm - my_run - INFO - Experiment Parameters:
2026-02-19 14:07:24,396 - my_experiment - IMPc100_ExpoComm - my_run - INFO - 

{   'action_selector': 'epsilon_greedy',
    'add_value_last_step': True,
    'agent': 'ExpoComm_one_peer_cont',
    'agent_output_type': 'q',
    'aux_coef': 0.1,
    'batch_size': 64,
    'batch_size_run': 1,
    'buffer_cpu_only': True,
    'buffer_size': 2000,
    'checkpoint_path': '',
    'common_reward': True,
    'double_q': True,
    'env': 'struct_marl',
    'env_args': {   'campaign_cost': True,
                    'custom_param': {   'k_comp': 95},
                    'discount_reward': 0.95,
                    'env_correlation': True,
                    'map_name': 'struct_c_100',
                    'n_comp': 100,
                    'obs_all_d_rate': False,
                    'obs_alphas': True,
                    'obs_d_rate': False,
                    'obs_multiple': False,
                    'seed': 42,
                    'state_alphas': True,
                    'state_d_rate': True,
                    'state_obs': True,
                    'struct_type': 'struct'},
    'epsilon_anneal_time': 5000,
    'epsilon_finish': 0.05,
    'epsilon_start': 1.0,
    'evaluate': False,
    'evaluation_epsilon': 0.0,
    'exp_name': 'my_experiment',
    'gamma': 0.95,
    'global_reward': False,
    'grad_norm_clip': 10,
    'hidden_dim': 64,
    'hypergroup': None,
    'hypernet_embed': 64,
    'hypernet_layers': 2,
    'label': 'default_label',
    'learner': 'cont_q_learner',
    'learner_log_interval': 25000,
    'load_step': 0,
    'local_results_path': 'results',
    'log_interval': 25000,
    'lr': 0.0005,
    'mac': 'ExpoComm_mac',
    'mixer': 'qmix',
    'mixing_embed_dim': 64,
    'name': 'IMPc100_ExpoComm',
    'neg_num': 20,
    'obs_agent_id': True,
    'obs_individual_obs': False,
    'obs_last_action': True,
    'one_peer': True,
    'optim_alpha': 0.99,
    'optim_eps': 1e-05,
    'pos_flag': False,
    'render': False,
    'repeat_id': 1,
    'run_name': 'my_run',
    'runner': 'episode',
    'runner_log_interval': 25000,
    'save_model': True,
    'save_model_interval': 50000,
    'save_replay': False,
    'seed': 42,
    'standardise_returns': False,
    'standardise_rewards': True,
    't_max': 2050000,
    'target_update_interval_or_tau': 200,
    'temperature': 0.07,
    'test_greedy': True,
    'test_interval': 25000,
    'test_nepisode': 50,
    'topk_neighbors': 7,
    'use_cuda': True,
    'use_rnn': True,
    'use_tensorboard': True,
    'work_dir': 'work_dirs/my_experiment/IMPc100_ExpoComm/my_run/20260219_140721'}

2026-02-19 14:07:26,602 - my_experiment - IMPc100_ExpoComm - my_run - INFO - Beginning training for 2050000 timesteps
2026-02-19 14:07:27,574 - my_experiment - IMPc100_ExpoComm - my_run - INFO - t_env: 30 / 2050000
2026-02-19 14:07:27,574 - my_experiment - IMPc100_ExpoComm - my_run - INFO - Estimated time left: 1 minutes, 19 seconds. Time passed: 0 seconds
2026-02-19 14:08:00,108 - my_experiment - IMPc100_ExpoComm - my_run - INFO - Saving models to work_dirs/my_experiment/IMPc100_ExpoComm/my_run/20260219_140721/models/30
2026-02-19 14:17:09,280 - my_experiment - IMPc100_ExpoComm - my_run - INFO - Recent Stats | t_env:      25020 | Episode:      834
action_0_mean:             0.3450	action_1_mean:             0.3307	action_2_mean:             0.3243	ep_length_mean:           30.0000
epsilon:                   1.0000	grad_norm:                65.0471	info_nce_loss:             2.9907	loss:                      2.9051
q_loss:                    2.6410	q_taken_mean:              0.0128	return_mean:             -10338.1938	return_std:                0.0000
target_mean:               0.0258	td_error_abs:              1.4060	test_action_0_mean:        0.0519	test_action_1_mean:        0.9481
test_action_2_mean:        0.0000	test_ep_length_mean:      30.0000	test_return_mean:        -777.4660	test_return_std:         837.5896

2026-02-19 14:17:09,971 - my_experiment - IMPc100_ExpoComm - my_run - INFO - t_env: 25050 / 2050000
2026-02-19 14:17:09,972 - my_experiment - IMPc100_ExpoComm - my_run - INFO - Estimated time left: 13 hours, 5 minutes, 35 seconds. Time passed: 9 minutes, 43 seconds
2026-02-19 14:26:19,773 - my_experiment - IMPc100_ExpoComm - my_run - INFO - Saving models to work_dirs/my_experiment/IMPc100_ExpoComm/my_run/20260219_140721/models/50040
2026-02-19 14:26:20,654 - my_experiment - IMPc100_ExpoComm - my_run - INFO - Recent Stats | t_env:      50040 | Episode:     1668
action_0_mean:             0.4613	action_1_mean:             0.3525	action_2_mean:             0.1862	ep_length_mean:           30.0000
epsilon:                   0.0500	grad_norm:                35.0790	info_nce_loss:             1.6129	loss:                      1.4758
q_loss:                    1.3416	q_taken_mean:              0.0316	return_mean:             -6153.1581	return_std:              1175.2418
target_mean:               0.0380	td_error_abs:              0.7683	test_action_0_mean:        0.3259	test_action_1_mean:        0.6741
test_action_2_mean:        0.0000	test_ep_length_mean:      30.0000	test_return_mean:        -704.3560	test_return_std:         815.4629

2026-02-19 14:26:21,360 - my_experiment - IMPc100_ExpoComm - my_run - INFO - t_env: 50070 / 2050000
2026-02-19 14:26:21,361 - my_experiment - IMPc100_ExpoComm - my_run - INFO - Estimated time left: 12 hours, 14 minutes, 34 seconds. Time passed: 18 minutes, 54 seconds
2026-02-19 14:34:46,364 - my_experiment - IMPc100_ExpoComm - my_run - INFO - Recent Stats | t_env:      75060 | Episode:     2502
action_0_mean:             0.5504	action_1_mean:             0.3199	action_2_mean:             0.1297	ep_length_mean:           30.0000
epsilon:                   0.0500	grad_norm:                27.2837	info_nce_loss:             1.0753	loss:                      1.0125
q_loss:                    0.9204	q_taken_mean:              0.0414	return_mean:             -4428.1080	return_std:              1014.4860
target_mean:               0.0453	td_error_abs:              0.5722	test_action_0_mean:        0.4592	test_action_1_mean:        0.5408
test_action_2_mean:        0.0000	test_ep_length_mean:      30.0000	test_return_mean:        -674.1787	test_return_std:         800.3837

2026-02-19 14:34:46,999 - my_experiment - IMPc100_ExpoComm - my_run - INFO - t_env: 75090 / 2050000
2026-02-19 14:34:47,001 - my_experiment - IMPc100_ExpoComm - my_run - INFO - Estimated time left: 11 hours, 5 minutes, 11 seconds. Time passed: 27 minutes, 20 seconds
2026-02-19 14:43:20,889 - my_experiment - IMPc100_ExpoComm - my_run - INFO - Saving models to work_dirs/my_experiment/IMPc100_ExpoComm/my_run/20260219_140721/models/100050
2026-02-19 14:43:22,743 - my_experiment - IMPc100_ExpoComm - my_run - INFO - Recent Stats | t_env:     100080 | Episode:     3336
action_0_mean:             0.6259	action_1_mean:             0.2727	action_2_mean:             0.1014	ep_length_mean:           30.0000
epsilon:                   0.0500	grad_norm:                27.5557	info_nce_loss:             0.8216	loss:                      0.8251
q_loss:                    0.7501	q_taken_mean:              0.0463	return_mean:             -3554.9905	return_std:              927.3719
target_mean:               0.0487	td_error_abs:              0.5041	test_action_0_mean:        0.5200	test_action_1_mean:        0.4800
test_action_2_mean:        0.0000	test_ep_length_mean:      30.0000	test_return_mean:        -630.3592	test_return_std:         756.8742

2026-02-19 14:43:23,510 - my_experiment - IMPc100_ExpoComm - my_run - INFO - t_env: 100110 / 2050000
2026-02-19 14:43:23,511 - my_experiment - IMPc100_ExpoComm - my_run - INFO - Estimated time left: 11 hours, 10 minutes, 53 seconds. Time passed: 35 minutes, 56 seconds
2026-02-19 14:52:44,257 - my_experiment - IMPc100_ExpoComm - my_run - INFO - Recent Stats | t_env:     125100 | Episode:     4170
action_0_mean:             0.6656	action_1_mean:             0.2499	action_2_mean:             0.0845	ep_length_mean:           30.0000
epsilon:                   0.0500	grad_norm:                28.7464	info_nce_loss:             0.6575	loss:                      0.7556
q_loss:                    0.6869	q_taken_mean:              0.0487	return_mean:             -3118.2162	return_std:              1068.7732
target_mean:               0.0501	td_error_abs:              0.4798	test_action_0_mean:        0.5037	test_action_1_mean:        0.4963
test_action_2_mean:        0.0000	test_ep_length_mean:      30.0000	test_return_mean:        -637.5750	test_return_std:         774.6043

2026-02-19 14:52:44,813 - my_experiment - IMPc100_ExpoComm - my_run - INFO - t_env: 125130 / 2050000
2026-02-19 14:52:44,814 - my_experiment - IMPc100_ExpoComm - my_run - INFO - Estimated time left: 11 hours, 59 minutes, 42 seconds. Time passed: 45 minutes, 18 seconds
2026-02-19 15:02:02,901 - my_experiment - IMPc100_ExpoComm - my_run - INFO - Saving models to work_dirs/my_experiment/IMPc100_ExpoComm/my_run/20260219_140721/models/150060
2026-02-19 15:02:04,439 - my_experiment - IMPc100_ExpoComm - my_run - INFO - Recent Stats | t_env:     150120 | Episode:     5004
action_0_mean:             0.7365	action_1_mean:             0.2405	action_2_mean:             0.0230	ep_length_mean:           30.0000
epsilon:                   0.0500	grad_norm:               124.2745	info_nce_loss:             0.0593	loss:                      0.5237
q_loss:                    0.5079	q_taken_mean:              0.0536	return_mean:             -1319.8702	return_std:              1366.4085
target_mean:               0.0526	td_error_abs:              0.3147	test_action_0_mean:        0.6819	test_action_1_mean:        0.3181
test_action_2_mean:        0.0000	test_ep_length_mean:      30.0000	test_return_mean:        -557.7229	test_return_std:         725.7571

2026-02-19 15:02:05,142 - my_experiment - IMPc100_ExpoComm - my_run - INFO - t_env: 150150 / 2050000
2026-02-19 15:02:05,143 - my_experiment - IMPc100_ExpoComm - my_run - INFO - Estimated time left: 11 hours, 49 minutes, 7 seconds. Time passed: 54 minutes, 38 seconds
2026-02-19 15:11:37,382 - my_experiment - IMPc100_ExpoComm - my_run - INFO - Recent Stats | t_env:     175140 | Episode:     5838
action_0_mean:             0.7560	action_1_mean:             0.2273	action_2_mean:             0.0167	ep_length_mean:           30.0000
epsilon:                   0.0500	grad_norm:               130.2411	info_nce_loss:             0.0123	loss:                      0.8247
q_loss:                    0.7815	q_taken_mean:              0.0485	return_mean:             -1136.0946	return_std:              1077.0704
target_mean:               0.0481	td_error_abs:              0.4310	test_action_0_mean:        0.6788	test_action_1_mean:        0.3212
test_action_2_mean:        0.0000	test_ep_length_mean:      30.0000	test_return_mean:        -533.0113	test_return_std:         696.1296

2026-02-19 15:11:38,039 - my_experiment - IMPc100_ExpoComm - my_run - INFO - t_env: 175170 / 2050000
2026-02-19 15:11:38,040 - my_experiment - IMPc100_ExpoComm - my_run - INFO - Estimated time left: 11 hours, 55 minutes, 29 seconds. Time passed: 1 hours, 4 minutes, 11 seconds
2026-02-19 15:20:41,210 - my_experiment - IMPc100_ExpoComm - my_run - INFO - Saving models to work_dirs/my_experiment/IMPc100_ExpoComm/my_run/20260219_140721/models/200070
2026-02-19 15:20:43,357 - my_experiment - IMPc100_ExpoComm - my_run - INFO - Recent Stats | t_env:     200160 | Episode:     6672
action_0_mean:             0.7412	action_1_mean:             0.2421	action_2_mean:             0.0167	ep_length_mean:           30.0000
epsilon:                   0.0500	grad_norm:               133.6968	info_nce_loss:             0.0123	loss:                      0.9334
q_loss:                    0.8803	q_taken_mean:              0.0434	return_mean:             -1149.6301	return_std:              1132.9141
target_mean:               0.0429	td_error_abs:              0.4789	test_action_0_mean:        0.6580	test_action_1_mean:        0.3420
test_action_2_mean:        0.0000	test_ep_length_mean:      30.0000	test_return_mean:        -510.4089	test_return_std:         653.9186

2026-02-19 15:20:43,972 - my_experiment - IMPc100_ExpoComm - my_run - INFO - t_env: 200190 / 2050000
2026-02-19 15:20:43,973 - my_experiment - IMPc100_ExpoComm - my_run - INFO - Estimated time left: 11 hours, 12 minutes, 42 seconds. Time passed: 1 hours, 13 minutes, 17 seconds
2026-02-19 15:29:45,648 - my_experiment - IMPc100_ExpoComm - my_run - INFO - Recent Stats | t_env:     225180 | Episode:     7506
action_0_mean:             0.7158	action_1_mean:             0.2672	action_2_mean:             0.0170	ep_length_mean:           30.0000
epsilon:                   0.0500	grad_norm:               130.4991	info_nce_loss:             0.0003	loss:                      0.9755
q_loss:                    0.9186	q_taken_mean:              0.0375	return_mean:             -1153.6919	return_std:              1142.5779
target_mean:               0.0377	td_error_abs:              0.4834	test_action_0_mean:        0.6730	test_action_1_mean:        0.3267
test_action_2_mean:        0.0003	test_ep_length_mean:      30.0000	test_return_mean:        -491.2871	test_return_std:         649.9545

2026-02-19 15:29:46,300 - my_experiment - IMPc100_ExpoComm - my_run - INFO - t_env: 225210 / 2050000
2026-02-19 15:29:46,301 - my_experiment - IMPc100_ExpoComm - my_run - INFO - Estimated time left: 10 hours, 59 minutes, 13 seconds. Time passed: 1 hours, 22 minutes, 19 seconds
2026-02-19 15:38:43,625 - my_experiment - IMPc100_ExpoComm - my_run - INFO - Saving models to work_dirs/my_experiment/IMPc100_ExpoComm/my_run/20260219_140721/models/250080
2026-02-19 15:38:46,455 - my_experiment - IMPc100_ExpoComm - my_run - INFO - Recent Stats | t_env:     250200 | Episode:     8340
action_0_mean:             0.6955	action_1_mean:             0.2869	action_2_mean:             0.0175	ep_length_mean:           30.0000
epsilon:                   0.0500	grad_norm:               125.3777	info_nce_loss:             0.0001	loss:                      0.9579
q_loss:                    0.9025	q_taken_mean:              0.0316	return_mean:             -1052.8285	return_std:              933.5437
target_mean:               0.0324	td_error_abs:              0.4744	test_action_0_mean:        0.7200	test_action_1_mean:        0.2785
test_action_2_mean:        0.0014	test_ep_length_mean:      30.0000	test_return_mean:        -414.2695	test_return_std:         533.0119

2026-02-19 15:38:47,193 - my_experiment - IMPc100_ExpoComm - my_run - INFO - t_env: 250230 / 2050000
2026-02-19 15:38:47,194 - my_experiment - IMPc100_ExpoComm - my_run - INFO - Estimated time left: 10 hours, 48 minutes, 28 seconds. Time passed: 1 hours, 31 minutes, 20 seconds
2026-02-19 15:47:41,796 - my_experiment - IMPc100_ExpoComm - my_run - INFO - Recent Stats | t_env:     275220 | Episode:     9174
action_0_mean:             0.7023	action_1_mean:             0.2793	action_2_mean:             0.0184	ep_length_mean:           30.0000
epsilon:                   0.0500	grad_norm:                18.5779	info_nce_loss:             0.0002	loss:                      0.6796
q_loss:                    0.6178	q_taken_mean:              0.0296	return_mean:             -947.6302	return_std:              719.7947
target_mean:               0.0299	td_error_abs:              0.4203	test_action_0_mean:        0.6569	test_action_1_mean:        0.3406
test_action_2_mean:        0.0024	test_ep_length_mean:      30.0000	test_return_mean:        -388.7111	test_return_std:         451.8705

2026-02-19 15:47:42,556 - my_experiment - IMPc100_ExpoComm - my_run - INFO - t_env: 275250 / 2050000
2026-02-19 15:47:42,556 - my_experiment - IMPc100_ExpoComm - my_run - INFO - Estimated time left: 10 hours, 32 minutes, 54 seconds. Time passed: 1 hours, 40 minutes, 15 seconds
2026-02-19 15:56:19,649 - my_experiment - IMPc100_ExpoComm - my_run - INFO - Saving models to work_dirs/my_experiment/IMPc100_ExpoComm/my_run/20260219_140721/models/300090
2026-02-19 15:56:22,819 - my_experiment - IMPc100_ExpoComm - my_run - INFO - Recent Stats | t_env:     300240 | Episode:    10008
action_0_mean:             0.7181	action_1_mean:             0.2629	action_2_mean:             0.0190	ep_length_mean:           30.0000
epsilon:                   0.0500	grad_norm:                11.9564	info_nce_loss:             0.0002	loss:                      0.4059
q_loss:                    0.3690	q_taken_mean:              0.0315	return_mean:             -888.0012	return_std:              572.6016
target_mean:               0.0313	td_error_abs:              0.3178	test_action_0_mean:        0.7065	test_action_1_mean:        0.2906
test_action_2_mean:        0.0029	test_ep_length_mean:      30.0000	test_return_mean:        -316.6438	test_return_std:         356.5026

2026-02-19 15:56:23,393 - my_experiment - IMPc100_ExpoComm - my_run - INFO - t_env: 300270 / 2050000
2026-02-19 15:56:23,394 - my_experiment - IMPc100_ExpoComm - my_run - INFO - Estimated time left: 10 hours, 7 minutes, 3 seconds. Time passed: 1 hours, 48 minutes, 56 seconds
2026-02-19 16:04:54,748 - my_experiment - IMPc100_ExpoComm - my_run - INFO - Recent Stats | t_env:     325260 | Episode:    10842
action_0_mean:             0.7448	action_1_mean:             0.2359	action_2_mean:             0.0193	ep_length_mean:           30.0000
epsilon:                   0.0500	grad_norm:                 6.5945	info_nce_loss:             0.0003	loss:                      0.3048
q_loss:                    0.2771	q_taken_mean:              0.0316	return_mean:             -820.4490	return_std:              406.3711
target_mean:               0.0317	td_error_abs:              0.2659	test_action_0_mean:        0.7578	test_action_1_mean:        0.2390
test_action_2_mean:        0.0032	test_ep_length_mean:      30.0000	test_return_mean:        -247.8295	test_return_std:         266.6695

2026-02-19 16:04:55,425 - my_experiment - IMPc100_ExpoComm - my_run - INFO - t_env: 325290 / 2050000
2026-02-19 16:04:55,425 - my_experiment - IMPc100_ExpoComm - my_run - INFO - Estimated time left: 9 hours, 48 minutes, 15 seconds. Time passed: 1 hours, 57 minutes, 28 seconds
2026-02-19 16:13:09,811 - my_experiment - IMPc100_ExpoComm - my_run - INFO - Saving models to work_dirs/my_experiment/IMPc100_ExpoComm/my_run/20260219_140721/models/350100
2026-02-19 16:13:13,369 - my_experiment - IMPc100_ExpoComm - my_run - INFO - Recent Stats | t_env:     350280 | Episode:    11676
action_0_mean:             0.7623	action_1_mean:             0.2184	action_2_mean:             0.0193	ep_length_mean:           30.0000
epsilon:                   0.0500	grad_norm:                 4.2688	info_nce_loss:             0.0002	loss:                      0.2169
q_loss:                    0.1978	q_taken_mean:              0.0329	return_mean:             -768.4258	return_std:              289.9819
target_mean:               0.0329	td_error_abs:              0.2200	test_action_0_mean:        0.7848	test_action_1_mean:        0.2123
test_action_2_mean:        0.0030	test_ep_length_mean:      30.0000	test_return_mean:        -192.0990	test_return_std:         162.5392

2026-02-19 16:13:13,939 - my_experiment - IMPc100_ExpoComm - my_run - INFO - t_env: 350310 / 2050000
2026-02-19 16:13:13,940 - my_experiment - IMPc100_ExpoComm - my_run - INFO - Estimated time left: 9 hours, 24 minutes, 25 seconds. Time passed: 2 hours, 5 minutes, 47 seconds
2026-02-19 16:21:47,086 - my_experiment - IMPc100_ExpoComm - my_run - INFO - Recent Stats | t_env:     375300 | Episode:    12510
action_0_mean:             0.7876	action_1_mean:             0.1935	action_2_mean:             0.0189	ep_length_mean:           30.0000
epsilon:                   0.0500	grad_norm:                 3.2996	info_nce_loss:             0.0001	loss:                      0.1421
q_loss:                    0.1298	q_taken_mean:              0.0354	return_mean:             -734.3734	return_std:              203.7363
target_mean:               0.0352	td_error_abs:              0.1673	test_action_0_mean:        0.8224	test_action_1_mean:        0.1753
test_action_2_mean:        0.0023	test_ep_length_mean:      30.0000	test_return_mean:        -179.8943	test_return_std:         153.7668

2026-02-19 16:21:47,648 - my_experiment - IMPc100_ExpoComm - my_run - INFO - t_env: 375330 / 2050000
2026-02-19 16:21:47,649 - my_experiment - IMPc100_ExpoComm - my_run - INFO - Estimated time left: 9 hours, 33 minutes, 4 seconds. Time passed: 2 hours, 14 minutes, 21 seconds
2026-02-19 16:30:44,103 - my_experiment - IMPc100_ExpoComm - my_run - INFO - Saving models to work_dirs/my_experiment/IMPc100_ExpoComm/my_run/20260219_140721/models/400110
2026-02-19 16:30:49,251 - my_experiment - IMPc100_ExpoComm - my_run - INFO - Recent Stats | t_env:     400320 | Episode:    13344
action_0_mean:             0.8024	action_1_mean:             0.1789	action_2_mean:             0.0187	ep_length_mean:           30.0000
epsilon:                   0.0500	grad_norm:                 2.8325	info_nce_loss:             0.0001	loss:                      0.1132
q_loss:                    0.1074	q_taken_mean:              0.0382	return_mean:             -743.4405	return_std:              362.7436
target_mean:               0.0382	td_error_abs:              0.1434	test_action_0_mean:        0.8758	test_action_1_mean:        0.1222
test_action_2_mean:        0.0020	test_ep_length_mean:      30.0000	test_return_mean:        -183.7637	test_return_std:         196.6791

2026-02-19 16:30:49,937 - my_experiment - IMPc100_ExpoComm - my_run - INFO - t_env: 400350 / 2050000
2026-02-19 16:30:49,938 - my_experiment - IMPc100_ExpoComm - my_run - INFO - Estimated time left: 9 hours, 55 minutes, 54 seconds. Time passed: 2 hours, 23 minutes, 23 seconds
2026-02-19 16:39:57,607 - my_experiment - IMPc100_ExpoComm - my_run - INFO - Recent Stats | t_env:     425340 | Episode:    14178
action_0_mean:             0.7941	action_1_mean:             0.1873	action_2_mean:             0.0187	ep_length_mean:           30.0000
epsilon:                   0.0500	grad_norm:                 2.8507	info_nce_loss:             0.0001	loss:                      0.0923
q_loss:                    0.0884	q_taken_mean:              0.0393	return_mean:             -768.1939	return_std:              528.7958
target_mean:               0.0394	td_error_abs:              0.1380	test_action_0_mean:        0.8448	test_action_1_mean:        0.1535
test_action_2_mean:        0.0018	test_ep_length_mean:      30.0000	test_return_mean:        -236.3165	test_return_std:         268.4214

2026-02-19 16:39:58,211 - my_experiment - IMPc100_ExpoComm - my_run - INFO - t_env: 425370 / 2050000
2026-02-19 16:39:58,212 - my_experiment - IMPc100_ExpoComm - my_run - INFO - Estimated time left: 9 hours, 53 minutes, 21 seconds. Time passed: 2 hours, 32 minutes, 31 seconds
2026-02-19 16:48:31,652 - my_experiment - IMPc100_ExpoComm - my_run - INFO - Saving models to work_dirs/my_experiment/IMPc100_ExpoComm/my_run/20260219_140721/models/450120
2026-02-19 16:48:36,580 - my_experiment - IMPc100_ExpoComm - my_run - INFO - Recent Stats | t_env:     450360 | Episode:    15012
action_0_mean:             0.7793	action_1_mean:             0.2018	action_2_mean:             0.0189	ep_length_mean:           30.0000
epsilon:                   0.0500	grad_norm:                 3.0463	info_nce_loss:             0.0001	loss:                      0.1197
q_loss:                    0.1133	q_taken_mean:              0.0398	return_mean:             -779.9578	return_std:              559.8869
target_mean:               0.0397	td_error_abs:              0.1454	test_action_0_mean:        0.8106	test_action_1_mean:        0.1874
test_action_2_mean:        0.0021	test_ep_length_mean:      30.0000	test_return_mean:        -300.1779	test_return_std:         467.6194

2026-02-19 16:48:37,139 - my_experiment - IMPc100_ExpoComm - my_run - INFO - t_env: 450390 / 2050000
2026-02-19 16:48:37,140 - my_experiment - IMPc100_ExpoComm - my_run - INFO - Estimated time left: 9 hours, 12 minutes, 56 seconds. Time passed: 2 hours, 41 minutes, 10 seconds
2026-02-19 16:57:14,020 - my_experiment - IMPc100_ExpoComm - my_run - INFO - Recent Stats | t_env:     475380 | Episode:    15846
action_0_mean:             0.7761	action_1_mean:             0.2049	action_2_mean:             0.0190	ep_length_mean:           30.0000
epsilon:                   0.0500	grad_norm:                 3.4983	info_nce_loss:             0.0002	loss:                      0.1323
q_loss:                    0.1241	q_taken_mean:              0.0402	return_mean:             -787.9899	return_std:              611.3416
target_mean:               0.0401	td_error_abs:              0.1569	test_action_0_mean:        0.8058	test_action_1_mean:        0.1919
test_action_2_mean:        0.0023	test_ep_length_mean:      30.0000	test_return_mean:        -314.9855	test_return_std:         504.1169

2026-02-19 16:57:14,590 - my_experiment - IMPc100_ExpoComm - my_run - INFO - t_env: 475410 / 2050000
2026-02-19 16:57:14,591 - my_experiment - IMPc100_ExpoComm - my_run - INFO - Estimated time left: 9 hours, 2 minutes, 44 seconds. Time passed: 2 hours, 49 minutes, 47 seconds
2026-02-19 17:06:05,658 - my_experiment - IMPc100_ExpoComm - my_run - INFO - Saving models to work_dirs/my_experiment/IMPc100_ExpoComm/my_run/20260219_140721/models/500130
2026-02-19 17:06:11,541 - my_experiment - IMPc100_ExpoComm - my_run - INFO - Recent Stats | t_env:     500400 | Episode:    16680
action_0_mean:             0.7639	action_1_mean:             0.2168	action_2_mean:             0.0193	ep_length_mean:           30.0000
epsilon:                   0.0500	grad_norm:                 4.0511	info_nce_loss:             0.0002	loss:                      0.1569
q_loss:                    0.1465	q_taken_mean:              0.0398	return_mean:             -806.0540	return_std:              743.7339
target_mean:               0.0399	td_error_abs:              0.1732	test_action_0_mean:        0.7963	test_action_1_mean:        0.2010
test_action_2_mean:        0.0027	test_ep_length_mean:      30.0000	test_return_mean:        -306.5293	test_return_std:         497.5925

2026-02-19 17:06:12,213 - my_experiment - IMPc100_ExpoComm - my_run - INFO - t_env: 500430 / 2050000
2026-02-19 17:06:12,214 - my_experiment - IMPc100_ExpoComm - my_run - INFO - Estimated time left: 9 hours, 14 minutes, 56 seconds. Time passed: 2 hours, 58 minutes, 45 seconds
2026-02-19 17:15:18,244 - my_experiment - IMPc100_ExpoComm - my_run - INFO - Recent Stats | t_env:     525420 | Episode:    17514
action_0_mean:             0.7489	action_1_mean:             0.2318	action_2_mean:             0.0193	ep_length_mean:           30.0000
epsilon:                   0.0500	grad_norm:                 3.1304	info_nce_loss:             0.0003	loss:                      0.1452
q_loss:                    0.1320	q_taken_mean:              0.0390	return_mean:             -789.6995	return_std:              622.9231
target_mean:               0.0391	td_error_abs:              0.1720	test_action_0_mean:        0.7555	test_action_1_mean:        0.2421
test_action_2_mean:        0.0024	test_ep_length_mean:      30.0000	test_return_mean:        -296.4762	test_return_std:         439.7142

2026-02-19 17:15:18,875 - my_experiment - IMPc100_ExpoComm - my_run - INFO - t_env: 525450 / 2050000
2026-02-19 17:15:18,876 - my_experiment - IMPc100_ExpoComm - my_run - INFO - Estimated time left: 9 hours, 15 minutes, 9 seconds. Time passed: 3 hours, 7 minutes, 52 seconds
2026-02-19 17:24:14,701 - my_experiment - IMPc100_ExpoComm - my_run - INFO - Saving models to work_dirs/my_experiment/IMPc100_ExpoComm/my_run/20260219_140721/models/550140
2026-02-19 17:24:20,765 - my_experiment - IMPc100_ExpoComm - my_run - INFO - Recent Stats | t_env:     550440 | Episode:    18348
action_0_mean:             0.7486	action_1_mean:             0.2323	action_2_mean:             0.0191	ep_length_mean:           30.0000
epsilon:                   0.0500	grad_norm:                 3.0299	info_nce_loss:             0.0002	loss:                      0.1388
q_loss:                    0.1262	q_taken_mean:              0.0389	return_mean:             -766.9704	return_std:              538.8454
target_mean:               0.0390	td_error_abs:              0.1628	test_action_0_mean:        0.7625	test_action_1_mean:        0.2347
test_action_2_mean:        0.0028	test_ep_length_mean:      30.0000	test_return_mean:        -413.1206	test_return_std:         1150.1852

2026-02-19 17:24:21,316 - my_experiment - IMPc100_ExpoComm - my_run - INFO - t_env: 550470 / 2050000
2026-02-19 17:24:21,317 - my_experiment - IMPc100_ExpoComm - my_run - INFO - Estimated time left: 9 hours, 1 minutes, 50 seconds. Time passed: 3 hours, 16 minutes, 54 seconds
2026-02-19 17:33:01,700 - my_experiment - IMPc100_ExpoComm - my_run - INFO - Recent Stats | t_env:     575460 | Episode:    19182
action_0_mean:             0.7490	action_1_mean:             0.2320	action_2_mean:             0.0191	ep_length_mean:           30.0000
epsilon:                   0.0500	grad_norm:                 3.5006	info_nce_loss:             0.0002	loss:                      0.1225
q_loss:                    0.1114	q_taken_mean:              0.0388	return_mean:             -773.2631	return_std:              666.9430
target_mean:               0.0391	td_error_abs:              0.1603	test_action_0_mean:        0.7938	test_action_1_mean:        0.2034
test_action_2_mean:        0.0028	test_ep_length_mean:      30.0000	test_return_mean:        -357.8908	test_return_std:         1000.6866

2026-02-19 17:33:02,311 - my_experiment - IMPc100_ExpoComm - my_run - INFO - t_env: 575490 / 2050000
2026-02-19 17:33:02,312 - my_experiment - IMPc100_ExpoComm - my_run - INFO - Estimated time left: 8 hours, 31 minutes, 43 seconds. Time passed: 3 hours, 25 minutes, 35 seconds
2026-02-19 17:41:30,600 - my_experiment - IMPc100_ExpoComm - my_run - INFO - Saving models to work_dirs/my_experiment/IMPc100_ExpoComm/my_run/20260219_140721/models/600150
2026-02-19 17:41:37,391 - my_experiment - IMPc100_ExpoComm - my_run - INFO - Recent Stats | t_env:     600480 | Episode:    20016
action_0_mean:             0.7452	action_1_mean:             0.2358	action_2_mean:             0.0190	ep_length_mean:           30.0000
epsilon:                   0.0500	grad_norm:                 3.2178	info_nce_loss:             0.0003	loss:                      0.1205
q_loss:                    0.1095	q_taken_mean:              0.0386	return_mean:             -767.5256	return_std:              623.3259
target_mean:               0.0391	td_error_abs:              0.1606	test_action_0_mean:        0.7629	test_action_1_mean:        0.2344
test_action_2_mean:        0.0027	test_ep_length_mean:      30.0000	test_return_mean:        -369.1404	test_return_std:         1035.7261

2026-02-19 17:41:37,987 - my_experiment - IMPc100_ExpoComm - my_run - INFO - t_env: 600510 / 2050000
2026-02-19 17:41:37,988 - my_experiment - IMPc100_ExpoComm - my_run - INFO - Estimated time left: 8 hours, 17 minutes, 54 seconds. Time passed: 3 hours, 34 minutes, 11 seconds
2026-02-19 17:49:50,597 - my_experiment - IMPc100_ExpoComm - my_run - INFO - Recent Stats | t_env:     625500 | Episode:    20850
action_0_mean:             0.7468	action_1_mean:             0.2346	action_2_mean:             0.0186	ep_length_mean:           30.0000
epsilon:                   0.0500	grad_norm:                 2.2594	info_nce_loss:             0.0004	loss:                      0.0997
q_loss:                    0.0907	q_taken_mean:              0.0387	return_mean:             -749.7062	return_std:              483.2261
target_mean:               0.0390	td_error_abs:              0.1512	test_action_0_mean:        0.7635	test_action_1_mean:        0.2344
test_action_2_mean:        0.0021	test_ep_length_mean:      30.0000	test_return_mean:        -372.8770	test_return_std:         1030.7969

2026-02-19 17:49:51,149 - my_experiment - IMPc100_ExpoComm - my_run - INFO - t_env: 625530 / 2050000
2026-02-19 17:49:51,150 - my_experiment - IMPc100_ExpoComm - my_run - INFO - Estimated time left: 7 hours, 47 minutes, 57 seconds. Time passed: 3 hours, 42 minutes, 24 seconds
2026-02-19 17:58:23,522 - my_experiment - IMPc100_ExpoComm - my_run - INFO - Saving models to work_dirs/my_experiment/IMPc100_ExpoComm/my_run/20260219_140721/models/650160
2026-02-19 17:58:30,610 - my_experiment - IMPc100_ExpoComm - my_run - INFO - Recent Stats | t_env:     650520 | Episode:    21684
action_0_mean:             0.7734	action_1_mean:             0.2083	action_2_mean:             0.0182	ep_length_mean:           30.0000
epsilon:                   0.0500	grad_norm:                 2.7578	info_nce_loss:             0.0004	loss:                      0.1810
q_loss:                    0.1646	q_taken_mean:              0.0393	return_mean:             -734.7373	return_std:              439.2898
target_mean:               0.0395	td_error_abs:              0.1392	test_action_0_mean:        0.7982	test_action_1_mean:        0.1996
test_action_2_mean:        0.0022	test_ep_length_mean:      30.0000	test_return_mean:        -486.1643	test_return_std:         1472.4743

2026-02-19 17:58:31,153 - my_experiment - IMPc100_ExpoComm - my_run - INFO - t_env: 650550 / 2050000
2026-02-19 17:58:31,153 - my_experiment - IMPc100_ExpoComm - my_run - INFO - Estimated time left: 8 hours, 4 minutes, 45 seconds. Time passed: 3 hours, 51 minutes, 4 seconds
2026-02-19 18:07:19,484 - my_experiment - IMPc100_ExpoComm - my_run - INFO - Recent Stats | t_env:     675540 | Episode:    22518
action_0_mean:             0.7886	action_1_mean:             0.1930	action_2_mean:             0.0184	ep_length_mean:           30.0000
epsilon:                   0.0500	grad_norm:                 2.5611	info_nce_loss:             0.0004	loss:                      0.1866
q_loss:                    0.1696	q_taken_mean:              0.0394	return_mean:             -730.3069	return_std:              370.1148
target_mean:               0.0395	td_error_abs:              0.1406	test_action_0_mean:        0.8078	test_action_1_mean:        0.1900
test_action_2_mean:        0.0022	test_ep_length_mean:      30.0000	test_return_mean:        -325.1086	test_return_std:         694.9182

2026-02-19 18:07:20,104 - my_experiment - IMPc100_ExpoComm - my_run - INFO - t_env: 675570 / 2050000
2026-02-19 18:07:20,104 - my_experiment - IMPc100_ExpoComm - my_run - INFO - Estimated time left: 8 hours, 4 minutes, 16 seconds. Time passed: 3 hours, 59 minutes, 53 seconds
2026-02-19 18:15:41,195 - my_experiment - IMPc100_ExpoComm - my_run - INFO - Saving models to work_dirs/my_experiment/IMPc100_ExpoComm/my_run/20260219_140721/models/700170
2026-02-19 18:15:49,225 - my_experiment - IMPc100_ExpoComm - my_run - INFO - Recent Stats | t_env:     700560 | Episode:    23352
action_0_mean:             0.7980	action_1_mean:             0.1837	action_2_mean:             0.0183	ep_length_mean:           30.0000
epsilon:                   0.0500	grad_norm:                 1.7183	info_nce_loss:             0.0004	loss:                      0.1742
q_loss:                    0.1583	q_taken_mean:              0.0396	return_mean:             -709.4633	return_std:              205.1423
target_mean:               0.0396	td_error_abs:              0.1338	test_action_0_mean:        0.7987	test_action_1_mean:        0.1992
test_action_2_mean:        0.0021	test_ep_length_mean:      30.0000	test_return_mean:        -319.5371	test_return_std:         664.0467

2026-02-19 18:15:49,783 - my_experiment - IMPc100_ExpoComm - my_run - INFO - t_env: 700590 / 2050000
2026-02-19 18:15:49,784 - my_experiment - IMPc100_ExpoComm - my_run - INFO - Estimated time left: 7 hours, 38 minutes, 8 seconds. Time passed: 4 hours, 8 minutes, 23 seconds
2026-02-19 18:24:02,636 - my_experiment - IMPc100_ExpoComm - my_run - INFO - Recent Stats | t_env:     725580 | Episode:    24186
action_0_mean:             0.8074	action_1_mean:             0.1744	action_2_mean:             0.0182	ep_length_mean:           30.0000
epsilon:                   0.0500	grad_norm:                 1.4944	info_nce_loss:             0.0003	loss:                      0.1635
q_loss:                    0.1487	q_taken_mean:              0.0397	return_mean:             -703.5912	return_std:              193.9575
target_mean:               0.0396	td_error_abs:              0.1236	test_action_0_mean:        0.8251	test_action_1_mean:        0.1729
test_action_2_mean:        0.0020	test_ep_length_mean:      30.0000	test_return_mean:        -293.6713	test_return_std:         592.0782

2026-02-19 18:24:03,327 - my_experiment - IMPc100_ExpoComm - my_run - INFO - t_env: 725610 / 2050000
2026-02-19 18:24:03,328 - my_experiment - IMPc100_ExpoComm - my_run - INFO - Estimated time left: 7 hours, 15 minutes, 24 seconds. Time passed: 4 hours, 16 minutes, 36 seconds
2026-02-19 18:32:02,875 - my_experiment - IMPc100_ExpoComm - my_run - INFO - Saving models to work_dirs/my_experiment/IMPc100_ExpoComm/my_run/20260219_140721/models/750180
2026-02-19 18:32:11,122 - my_experiment - IMPc100_ExpoComm - my_run - INFO - Recent Stats | t_env:     750600 | Episode:    25020
action_0_mean:             0.8225	action_1_mean:             0.1593	action_2_mean:             0.0182	ep_length_mean:           30.0000
epsilon:                   0.0500	grad_norm:                 1.3352	info_nce_loss:             0.0002	loss:                      0.1603
q_loss:                    0.1457	q_taken_mean:              0.0402	return_mean:             -699.2217	return_std:              192.3588
target_mean:               0.0400	td_error_abs:              0.1169	test_action_0_mean:        0.8461	test_action_1_mean:        0.1519
test_action_2_mean:        0.0020	test_ep_length_mean:      30.0000	test_return_mean:        -282.5702	test_return_std:         597.2457

2026-02-19 18:32:11,680 - my_experiment - IMPc100_ExpoComm - my_run - INFO - t_env: 750630 / 2050000
2026-02-19 18:32:11,681 - my_experiment - IMPc100_ExpoComm - my_run - INFO - Estimated time left: 7 hours, 2 minutes, 41 seconds. Time passed: 4 hours, 24 minutes, 45 seconds
2026-02-19 18:40:27,890 - my_experiment - IMPc100_ExpoComm - my_run - INFO - Recent Stats | t_env:     775620 | Episode:    25854
action_0_mean:             0.8241	action_1_mean:             0.1576	action_2_mean:             0.0183	ep_length_mean:           30.0000
epsilon:                   0.0500	grad_norm:                 0.5999	info_nce_loss:             0.0002	loss:                      0.0567
q_loss:                    0.0516	q_taken_mean:              0.0403	return_mean:             -692.2764	return_std:              140.0928
target_mean:               0.0402	td_error_abs:              0.1124	test_action_0_mean:        0.8532	test_action_1_mean:        0.1450
test_action_2_mean:        0.0018	test_ep_length_mean:      30.0000	test_return_mean:        -163.4734	test_return_std:         189.9615

2026-02-19 18:40:28,585 - my_experiment - IMPc100_ExpoComm - my_run - INFO - t_env: 775650 / 2050000
2026-02-19 18:40:28,586 - my_experiment - IMPc100_ExpoComm - my_run - INFO - Estimated time left: 7 hours, 1 minutes, 48 seconds. Time passed: 4 hours, 33 minutes, 1 seconds
2026-02-19 18:48:52,422 - my_experiment - IMPc100_ExpoComm - my_run - INFO - Saving models to work_dirs/my_experiment/IMPc100_ExpoComm/my_run/20260219_140721/models/800190
2026-02-19 18:49:01,479 - my_experiment - IMPc100_ExpoComm - my_run - INFO - Recent Stats | t_env:     800640 | Episode:    26688
action_0_mean:             0.8373	action_1_mean:             0.1447	action_2_mean:             0.0180	ep_length_mean:           30.0000
epsilon:                   0.0500	grad_norm:                 0.7532	info_nce_loss:             0.0001	loss:                      0.0515
q_loss:                    0.0468	q_taken_mean:              0.0402	return_mean:             -682.0659	return_std:              118.4823
target_mean:               0.0401	td_error_abs:              0.1081	test_action_0_mean:        0.8349	test_action_1_mean:        0.1636
test_action_2_mean:        0.0014	test_ep_length_mean:      30.0000	test_return_mean:        -167.8839	test_return_std:         168.1216

2026-02-19 18:49:02,034 - my_experiment - IMPc100_ExpoComm - my_run - INFO - t_env: 800670 / 2050000
2026-02-19 18:49:02,035 - my_experiment - IMPc100_ExpoComm - my_run - INFO - Estimated time left: 7 hours, 7 minutes, 18 seconds. Time passed: 4 hours, 41 minutes, 35 seconds
2026-02-19 18:57:10,093 - my_experiment - IMPc100_ExpoComm - my_run - INFO - Recent Stats | t_env:     825660 | Episode:    27522
action_0_mean:             0.8488	action_1_mean:             0.1333	action_2_mean:             0.0179	ep_length_mean:           30.0000
epsilon:                   0.0500	grad_norm:                 0.6102	info_nce_loss:             0.0001	loss:                      0.0353
q_loss:                    0.0321	q_taken_mean:              0.0405	return_mean:             -681.8174	return_std:              122.5128
target_mean:               0.0404	td_error_abs:              0.0992	test_action_0_mean:        0.8578	test_action_1_mean:        0.1410
test_action_2_mean:        0.0012	test_ep_length_mean:      30.0000	test_return_mean:        -163.2171	test_return_std:         153.0139

2026-02-19 18:57:10,637 - my_experiment - IMPc100_ExpoComm - my_run - INFO - t_env: 825690 / 2050000
2026-02-19 18:57:10,638 - my_experiment - IMPc100_ExpoComm - my_run - INFO - Estimated time left: 6 hours, 38 minutes, 28 seconds. Time passed: 4 hours, 49 minutes, 44 seconds
2026-02-19 19:05:15,783 - my_experiment - IMPc100_ExpoComm - my_run - INFO - Saving models to work_dirs/my_experiment/IMPc100_ExpoComm/my_run/20260219_140721/models/850200
2026-02-19 19:05:25,990 - my_experiment - IMPc100_ExpoComm - my_run - INFO - Recent Stats | t_env:     850680 | Episode:    28356
action_0_mean:             0.8595	action_1_mean:             0.1226	action_2_mean:             0.0179	ep_length_mean:           30.0000
epsilon:                   0.0500	grad_norm:                 0.5432	info_nce_loss:             0.0002	loss:                      0.0338
q_loss:                    0.0307	q_taken_mean:              0.0409	return_mean:             -679.7475	return_std:              120.5789
target_mean:               0.0408	td_error_abs:              0.0959	test_action_0_mean:        0.8769	test_action_1_mean:        0.1220
test_action_2_mean:        0.0011	test_ep_length_mean:      30.0000	test_return_mean:        -159.8687	test_return_std:         174.0464

2026-02-19 19:05:26,567 - my_experiment - IMPc100_ExpoComm - my_run - INFO - t_env: 850710 / 2050000
2026-02-19 19:05:26,568 - my_experiment - IMPc100_ExpoComm - my_run - INFO - Estimated time left: 6 hours, 36 minutes, 11 seconds. Time passed: 4 hours, 57 minutes, 59 seconds
2026-02-19 19:13:43,759 - my_experiment - IMPc100_ExpoComm - my_run - INFO - Recent Stats | t_env:     875700 | Episode:    29190
action_0_mean:             0.8560	action_1_mean:             0.1260	action_2_mean:             0.0180	ep_length_mean:           30.0000
epsilon:                   0.0500	grad_norm:                 0.6695	info_nce_loss:             0.0001	loss:                      0.0351
q_loss:                    0.0319	q_taken_mean:              0.0408	return_mean:             -682.0617	return_std:              127.3667
target_mean:               0.0408	td_error_abs:              0.0988	test_action_0_mean:        0.8410	test_action_1_mean:        0.1578
test_action_2_mean:        0.0012	test_ep_length_mean:      30.0000	test_return_mean:        -164.2551	test_return_std:         161.9873

2026-02-19 19:13:44,379 - my_experiment - IMPc100_ExpoComm - my_run - INFO - t_env: 875730 / 2050000
2026-02-19 19:13:44,380 - my_experiment - IMPc100_ExpoComm - my_run - INFO - Estimated time left: 6 hours, 29 minutes, 23 seconds. Time passed: 5 hours, 6 minutes, 17 seconds
2026-02-19 19:21:58,287 - my_experiment - IMPc100_ExpoComm - my_run - INFO - Saving models to work_dirs/my_experiment/IMPc100_ExpoComm/my_run/20260219_140721/models/900210
2026-02-19 19:22:08,565 - my_experiment - IMPc100_ExpoComm - my_run - INFO - Recent Stats | t_env:     900720 | Episode:    30024
action_0_mean:             0.8546	action_1_mean:             0.1274	action_2_mean:             0.0180	ep_length_mean:           30.0000
epsilon:                   0.0500	grad_norm:                 0.6336	info_nce_loss:             0.0001	loss:                      0.0334
q_loss:                    0.0303	q_taken_mean:              0.0410	return_mean:             -680.8127	return_std:              124.5899
target_mean:               0.0411	td_error_abs:              0.0972	test_action_0_mean:        0.8315	test_action_1_mean:        0.1673
test_action_2_mean:        0.0013	test_ep_length_mean:      30.0000	test_return_mean:        -149.5921	test_return_std:         129.6095

2026-02-19 19:22:09,205 - my_experiment - IMPc100_ExpoComm - my_run - INFO - t_env: 900750 / 2050000
2026-02-19 19:22:09,206 - my_experiment - IMPc100_ExpoComm - my_run - INFO - Estimated time left: 6 hours, 26 minutes, 28 seconds. Time passed: 5 hours, 14 minutes, 42 seconds
2026-02-19 19:30:27,279 - my_experiment - IMPc100_ExpoComm - my_run - INFO - Recent Stats | t_env:     925740 | Episode:    30858
action_0_mean:             0.8514	action_1_mean:             0.1307	action_2_mean:             0.0179	ep_length_mean:           30.0000
epsilon:                   0.0500	grad_norm:                 0.5262	info_nce_loss:             0.0001	loss:                      0.0348
q_loss:                    0.0316	q_taken_mean:              0.0416	return_mean:             -679.3165	return_std:              124.1678
target_mean:               0.0416	td_error_abs:              0.0941	test_action_0_mean:        0.8794	test_action_1_mean:        0.1194
test_action_2_mean:        0.0012	test_ep_length_mean:      30.0000	test_return_mean:        -139.5449	test_return_std:         177.6307

2026-02-19 19:30:27,882 - my_experiment - IMPc100_ExpoComm - my_run - INFO - t_env: 925770 / 2050000
2026-02-19 19:30:27,882 - my_experiment - IMPc100_ExpoComm - my_run - INFO - Estimated time left: 6 hours, 13 minutes, 27 seconds. Time passed: 5 hours, 23 minutes, 1 seconds
2026-02-19 19:38:42,741 - my_experiment - IMPc100_ExpoComm - my_run - INFO - Saving models to work_dirs/my_experiment/IMPc100_ExpoComm/my_run/20260219_140721/models/950220
2026-02-19 19:38:53,597 - my_experiment - IMPc100_ExpoComm - my_run - INFO - Recent Stats | t_env:     950760 | Episode:    31692
action_0_mean:             0.8564	action_1_mean:             0.1256	action_2_mean:             0.0179	ep_length_mean:           30.0000
epsilon:                   0.0500	grad_norm:                 0.4766	info_nce_loss:             0.0001	loss:                      0.0355
q_loss:                    0.0323	q_taken_mean:              0.0416	return_mean:             -677.8024	return_std:              124.1749
target_mean:               0.0416	td_error_abs:              0.0943	test_action_0_mean:        0.8530	test_action_1_mean:        0.1452
test_action_2_mean:        0.0018	test_ep_length_mean:      30.0000	test_return_mean:        -189.4182	test_return_std:         250.4557

2026-02-19 19:38:54,146 - my_experiment - IMPc100_ExpoComm - my_run - INFO - t_env: 950790 / 2050000
2026-02-19 19:38:54,147 - my_experiment - IMPc100_ExpoComm - my_run - INFO - Estimated time left: 6 hours, 10 minutes, 41 seconds. Time passed: 5 hours, 31 minutes, 27 seconds
2026-02-19 19:47:15,984 - my_experiment - IMPc100_ExpoComm - my_run - INFO - Recent Stats | t_env:     975780 | Episode:    32526
action_0_mean:             0.8467	action_1_mean:             0.1353	action_2_mean:             0.0180	ep_length_mean:           30.0000
epsilon:                   0.0500	grad_norm:                 0.8841	info_nce_loss:             0.0002	loss:                      0.0372
q_loss:                    0.0338	q_taken_mean:              0.0420	return_mean:             -684.2210	return_std:              161.3961
target_mean:               0.0419	td_error_abs:              0.1015	test_action_0_mean:        0.8438	test_action_1_mean:        0.1541
test_action_2_mean:        0.0022	test_ep_length_mean:      30.0000	test_return_mean:        -210.1603	test_return_std:         289.3492

2026-02-19 19:47:16,624 - my_experiment - IMPc100_ExpoComm - my_run - INFO - t_env: 975810 / 2050000
2026-02-19 19:47:16,625 - my_experiment - IMPc100_ExpoComm - my_run - INFO - Estimated time left: 5 hours, 59 minutes, 33 seconds. Time passed: 5 hours, 39 minutes, 50 seconds
2026-02-19 19:55:36,376 - my_experiment - IMPc100_ExpoComm - my_run - INFO - Saving models to work_dirs/my_experiment/IMPc100_ExpoComm/my_run/20260219_140721/models/1000230
2026-02-19 19:55:47,806 - my_experiment - IMPc100_ExpoComm - my_run - INFO - Recent Stats | t_env:    1000800 | Episode:    33360
action_0_mean:             0.8428	action_1_mean:             0.1391	action_2_mean:             0.0181	ep_length_mean:           30.0000
epsilon:                   0.0500	grad_norm:                 0.9238	info_nce_loss:             0.0002	loss:                      0.0423
q_loss:                    0.0384	q_taken_mean:              0.0418	return_mean:             -686.6081	return_std:              170.4364
target_mean:               0.0417	td_error_abs:              0.1065	test_action_0_mean:        0.8305	test_action_1_mean:        0.1673
test_action_2_mean:        0.0022	test_ep_length_mean:      30.0000	test_return_mean:        -214.1199	test_return_std:         286.4572

2026-02-19 19:55:48,357 - my_experiment - IMPc100_ExpoComm - my_run - INFO - t_env: 1000830 / 2050000
2026-02-19 19:55:48,358 - my_experiment - IMPc100_ExpoComm - my_run - INFO - Estimated time left: 5 hours, 57 minutes, 38 seconds. Time passed: 5 hours, 48 minutes, 21 seconds
2026-02-19 20:04:04,819 - my_experiment - IMPc100_ExpoComm - my_run - INFO - Recent Stats | t_env:    1025820 | Episode:    34194
action_0_mean:             0.8341	action_1_mean:             0.1475	action_2_mean:             0.0183	ep_length_mean:           30.0000
epsilon:                   0.0500	grad_norm:                 0.9524	info_nce_loss:             0.0002	loss:                      0.0599
q_loss:                    0.0545	q_taken_mean:              0.0417	return_mean:             -694.2687	return_std:              184.1248
target_mean:               0.0415	td_error_abs:              0.1148	test_action_0_mean:        0.8348	test_action_1_mean:        0.1629
test_action_2_mean:        0.0023	test_ep_length_mean:      30.0000	test_return_mean:        -227.4507	test_return_std:         306.4808

2026-02-19 20:04:05,386 - my_experiment - IMPc100_ExpoComm - my_run - INFO - t_env: 1025850 / 2050000
2026-02-19 20:04:05,387 - my_experiment - IMPc100_ExpoComm - my_run - INFO - Estimated time left: 5 hours, 39 minutes, 4 seconds. Time passed: 5 hours, 56 minutes, 38 seconds
2026-02-19 20:12:05,880 - my_experiment - IMPc100_ExpoComm - my_run - INFO - Saving models to work_dirs/my_experiment/IMPc100_ExpoComm/my_run/20260219_140721/models/1050240
2026-02-19 20:12:17,150 - my_experiment - IMPc100_ExpoComm - my_run - INFO - Recent Stats | t_env:    1050840 | Episode:    35028
action_0_mean:             0.8377	action_1_mean:             0.1439	action_2_mean:             0.0184	ep_length_mean:           30.0000
epsilon:                   0.0500	grad_norm:                 0.9631	info_nce_loss:             0.0002	loss:                      0.0595
q_loss:                    0.0541	q_taken_mean:              0.0415	return_mean:             -695.3582	return_std:              191.7496
target_mean:               0.0413	td_error_abs:              0.1184	test_action_0_mean:        0.8255	test_action_1_mean:        0.1721
test_action_2_mean:        0.0024	test_ep_length_mean:      30.0000	test_return_mean:        -224.8493	test_return_std:         275.8786

2026-02-19 20:12:17,697 - my_experiment - IMPc100_ExpoComm - my_run - INFO - t_env: 1050870 / 2050000
2026-02-19 20:12:17,698 - my_experiment - IMPc100_ExpoComm - my_run - INFO - Estimated time left: 5 hours, 27 minutes, 39 seconds. Time passed: 6 hours, 4 minutes, 51 seconds
2026-02-19 20:20:34,779 - my_experiment - IMPc100_ExpoComm - my_run - INFO - Recent Stats | t_env:    1075860 | Episode:    35862
action_0_mean:             0.8427	action_1_mean:             0.1390	action_2_mean:             0.0184	ep_length_mean:           30.0000
epsilon:                   0.0500	grad_norm:                 1.1606	info_nce_loss:             0.0004	loss:                      0.0691
q_loss:                    0.0628	q_taken_mean:              0.0414	return_mean:             -696.2465	return_std:              199.0204
target_mean:               0.0413	td_error_abs:              0.1242	test_action_0_mean:        0.8548	test_action_1_mean:        0.1434
test_action_2_mean:        0.0018	test_ep_length_mean:      30.0000	test_return_mean:        -195.8985	test_return_std:         259.0164

2026-02-19 20:20:35,326 - my_experiment - IMPc100_ExpoComm - my_run - INFO - t_env: 1075890 / 2050000
2026-02-19 20:20:35,327 - my_experiment - IMPc100_ExpoComm - my_run - INFO - Estimated time left: 5 hours, 22 minutes, 54 seconds. Time passed: 6 hours, 13 minutes, 8 seconds
2026-02-19 20:28:46,237 - my_experiment - IMPc100_ExpoComm - my_run - INFO - Saving models to work_dirs/my_experiment/IMPc100_ExpoComm/my_run/20260219_140721/models/1100250
2026-02-19 20:28:58,471 - my_experiment - IMPc100_ExpoComm - my_run - INFO - Recent Stats | t_env:    1100880 | Episode:    36696
action_0_mean:             0.8470	action_1_mean:             0.1345	action_2_mean:             0.0184	ep_length_mean:           30.0000
epsilon:                   0.0500	grad_norm:                 0.8299	info_nce_loss:             0.0003	loss:                      0.0696
q_loss:                    0.0633	q_taken_mean:              0.0413	return_mean:             -695.5172	return_std:              171.2890
target_mean:               0.0413	td_error_abs:              0.1212	test_action_0_mean:        0.8446	test_action_1_mean:        0.1532
test_action_2_mean:        0.0023	test_ep_length_mean:      30.0000	test_return_mean:        -202.7959	test_return_std:         253.6219

2026-02-19 20:28:59,024 - my_experiment - IMPc100_ExpoComm - my_run - INFO - t_env: 1100910 / 2050000
2026-02-19 20:28:59,025 - my_experiment - IMPc100_ExpoComm - my_run - INFO - Estimated time left: 5 hours, 18 minutes, 26 seconds. Time passed: 6 hours, 21 minutes, 32 seconds
2026-02-19 20:37:17,228 - my_experiment - IMPc100_ExpoComm - my_run - INFO - Recent Stats | t_env:    1125900 | Episode:    37530
action_0_mean:             0.8478	action_1_mean:             0.1337	action_2_mean:             0.0185	ep_length_mean:           30.0000
epsilon:                   0.0500	grad_norm:                 0.7187	info_nce_loss:             0.0004	loss:                      0.0734
q_loss:                    0.0668	q_taken_mean:              0.0412	return_mean:             -700.0009	return_std:              181.0948
target_mean:               0.0413	td_error_abs:              0.1248	test_action_0_mean:        0.8895	test_action_1_mean:        0.1084
test_action_2_mean:        0.0021	test_ep_length_mean:      30.0000	test_return_mean:        -194.8696	test_return_std:         266.3280

2026-02-19 20:37:17,780 - my_experiment - IMPc100_ExpoComm - my_run - INFO - t_env: 1125930 / 2050000
2026-02-19 20:37:17,780 - my_experiment - IMPc100_ExpoComm - my_run - INFO - Estimated time left: 5 hours, 7 minutes, 0 seconds. Time passed: 6 hours, 29 minutes, 51 seconds
2026-02-19 20:45:18,557 - my_experiment - IMPc100_ExpoComm - my_run - INFO - Saving models to work_dirs/my_experiment/IMPc100_ExpoComm/my_run/20260219_140721/models/1150260
2026-02-19 20:45:31,383 - my_experiment - IMPc100_ExpoComm - my_run - INFO - Recent Stats | t_env:    1150920 | Episode:    38364
action_0_mean:             0.8514	action_1_mean:             0.1301	action_2_mean:             0.0185	ep_length_mean:           30.0000
epsilon:                   0.0500	grad_norm:                 0.6782	info_nce_loss:             0.0005	loss:                      0.0658
q_loss:                    0.0598	q_taken_mean:              0.0412	return_mean:             -697.6409	return_std:              171.6541
target_mean:               0.0412	td_error_abs:              0.1244	test_action_0_mean:        0.8977	test_action_1_mean:        0.1004
test_action_2_mean:        0.0019	test_ep_length_mean:      30.0000	test_return_mean:        -178.2710	test_return_std:         252.9189

2026-02-19 20:45:31,931 - my_experiment - IMPc100_ExpoComm - my_run - INFO - t_env: 1150950 / 2050000
2026-02-19 20:45:31,931 - my_experiment - IMPc100_ExpoComm - my_run - INFO - Estimated time left: 4 hours, 55 minutes, 56 seconds. Time passed: 6 hours, 38 minutes, 5 seconds
2026-02-19 20:53:41,018 - my_experiment - IMPc100_ExpoComm - my_run - INFO - Recent Stats | t_env:    1175940 | Episode:    39198
action_0_mean:             0.8525	action_1_mean:             0.1290	action_2_mean:             0.0185	ep_length_mean:           30.0000
epsilon:                   0.0500	grad_norm:                 0.6348	info_nce_loss:             0.0005	loss:                      0.0629
q_loss:                    0.0572	q_taken_mean:              0.0415	return_mean:             -699.1128	return_std:              172.6530
target_mean:               0.0416	td_error_abs:              0.1184	test_action_0_mean:        0.9051	test_action_1_mean:        0.0930
test_action_2_mean:        0.0019	test_ep_length_mean:      30.0000	test_return_mean:        -178.8403	test_return_std:         255.4799

2026-02-19 20:53:41,562 - my_experiment - IMPc100_ExpoComm - my_run - INFO - t_env: 1175970 / 2050000
2026-02-19 20:53:41,563 - my_experiment - IMPc100_ExpoComm - my_run - INFO - Estimated time left: 4 hours, 45 minutes, 4 seconds. Time passed: 6 hours, 46 minutes, 14 seconds
2026-02-19 21:01:34,346 - my_experiment - IMPc100_ExpoComm - my_run - INFO - Saving models to work_dirs/my_experiment/IMPc100_ExpoComm/my_run/20260219_140721/models/1200270
2026-02-19 21:01:47,371 - my_experiment - IMPc100_ExpoComm - my_run - INFO - Recent Stats | t_env:    1200960 | Episode:    40032
action_0_mean:             0.8524	action_1_mean:             0.1289	action_2_mean:             0.0186	ep_length_mean:           30.0000
epsilon:                   0.0500	grad_norm:                 0.8189	info_nce_loss:             0.0003	loss:                      0.0590
q_loss:                    0.0536	q_taken_mean:              0.0421	return_mean:             -701.2856	return_std:              174.3865
target_mean:               0.0422	td_error_abs:              0.1185	test_action_0_mean:        0.8928	test_action_1_mean:        0.1050
test_action_2_mean:        0.0022	test_ep_length_mean:      30.0000	test_return_mean:        -166.6631	test_return_std:         228.0766

2026-02-19 21:01:47,914 - my_experiment - IMPc100_ExpoComm - my_run - INFO - t_env: 1200990 / 2050000
2026-02-19 21:01:47,915 - my_experiment - IMPc100_ExpoComm - my_run - INFO - Estimated time left: 4 hours, 35 minutes, 3 seconds. Time passed: 6 hours, 54 minutes, 21 seconds
2026-02-19 21:09:51,699 - my_experiment - IMPc100_ExpoComm - my_run - INFO - Recent Stats | t_env:    1225980 | Episode:    40866
action_0_mean:             0.8568	action_1_mean:             0.1246	action_2_mean:             0.0186	ep_length_mean:           30.0000
epsilon:                   0.0500	grad_norm:                 0.8507	info_nce_loss:             0.0003	loss:                      0.0588
q_loss:                    0.0534	q_taken_mean:              0.0425	return_mean:             -699.2189	return_std:              174.7442
target_mean:               0.0425	td_error_abs:              0.1169	test_action_0_mean:        0.9011	test_action_1_mean:        0.0973
test_action_2_mean:        0.0016	test_ep_length_mean:      30.0000	test_return_mean:        -150.7807	test_return_std:         206.8507

2026-02-19 21:09:52,234 - my_experiment - IMPc100_ExpoComm - my_run - INFO - t_env: 1226010 / 2050000
2026-02-19 21:09:52,235 - my_experiment - IMPc100_ExpoComm - my_run - INFO - Estimated time left: 4 hours, 25 minutes, 50 seconds. Time passed: 7 hours, 2 minutes, 25 seconds
2026-02-19 21:17:41,127 - my_experiment - IMPc100_ExpoComm - my_run - INFO - Saving models to work_dirs/my_experiment/IMPc100_ExpoComm/my_run/20260219_140721/models/1250280
2026-02-19 21:17:54,446 - my_experiment - IMPc100_ExpoComm - my_run - INFO - Recent Stats | t_env:    1251000 | Episode:    41700
action_0_mean:             0.8647	action_1_mean:             0.1168	action_2_mean:             0.0185	ep_length_mean:           30.0000
epsilon:                   0.0500	grad_norm:                 1.0102	info_nce_loss:             0.0002	loss:                      0.0543
q_loss:                    0.0503	q_taken_mean:              0.0433	return_mean:             -695.3314	return_std:              177.9948
target_mean:               0.0434	td_error_abs:              0.1132	test_action_0_mean:        0.9083	test_action_1_mean:        0.0901
test_action_2_mean:        0.0016	test_ep_length_mean:      30.0000	test_return_mean:        -152.3225	test_return_std:         217.1925

2026-02-19 21:17:54,995 - my_experiment - IMPc100_ExpoComm - my_run - INFO - t_env: 1251030 / 2050000
2026-02-19 21:17:54,996 - my_experiment - IMPc100_ExpoComm - my_run - INFO - Estimated time left: 4 hours, 16 minutes, 56 seconds. Time passed: 7 hours, 10 minutes, 28 seconds
2026-02-19 21:25:58,317 - my_experiment - IMPc100_ExpoComm - my_run - INFO - Recent Stats | t_env:    1276020 | Episode:    42534
action_0_mean:             0.8713	action_1_mean:             0.1102	action_2_mean:             0.0184	ep_length_mean:           30.0000
epsilon:                   0.0500	grad_norm:                 1.1737	info_nce_loss:             0.0002	loss:                      0.0495
q_loss:                    0.0458	q_taken_mean:              0.0437	return_mean:             -693.4490	return_std:              182.2751
target_mean:               0.0438	td_error_abs:              0.1120	test_action_0_mean:        0.9100	test_action_1_mean:        0.0882
test_action_2_mean:        0.0018	test_ep_length_mean:      30.0000	test_return_mean:        -165.1240	test_return_std:         235.1895

2026-02-19 21:25:58,883 - my_experiment - IMPc100_ExpoComm - my_run - INFO - t_env: 1276050 / 2050000
2026-02-19 21:25:58,884 - my_experiment - IMPc100_ExpoComm - my_run - INFO - Estimated time left: 4 hours, 9 minutes, 28 seconds. Time passed: 7 hours, 18 minutes, 32 seconds
2026-02-19 21:33:55,143 - my_experiment - IMPc100_ExpoComm - my_run - INFO - Saving models to work_dirs/my_experiment/IMPc100_ExpoComm/my_run/20260219_140721/models/1300290
2026-02-19 21:34:09,269 - my_experiment - IMPc100_ExpoComm - my_run - INFO - Recent Stats | t_env:    1301040 | Episode:    43368
action_0_mean:             0.8743	action_1_mean:             0.1074	action_2_mean:             0.0184	ep_length_mean:           30.0000
epsilon:                   0.0500	grad_norm:                 1.3484	info_nce_loss:             0.0002	loss:                      0.0523
q_loss:                    0.0484	q_taken_mean:              0.0438	return_mean:             -690.5898	return_std:              174.5900
target_mean:               0.0439	td_error_abs:              0.1203	test_action_0_mean:        0.8912	test_action_1_mean:        0.1071
test_action_2_mean:        0.0018	test_ep_length_mean:      30.0000	test_return_mean:        -163.6656	test_return_std:         220.3882

2026-02-19 21:34:09,817 - my_experiment - IMPc100_ExpoComm - my_run - INFO - t_env: 1301070 / 2050000
2026-02-19 21:34:09,818 - my_experiment - IMPc100_ExpoComm - my_run - INFO - Estimated time left: 4 hours, 4 minutes, 55 seconds. Time passed: 7 hours, 26 minutes, 43 seconds
2026-02-19 21:42:10,466 - my_experiment - IMPc100_ExpoComm - my_run - INFO - Recent Stats | t_env:    1326060 | Episode:    44202
action_0_mean:             0.8728	action_1_mean:             0.1090	action_2_mean:             0.0183	ep_length_mean:           30.0000
epsilon:                   0.0500	grad_norm:                 1.0321	info_nce_loss:             0.0002	loss:                      0.0493
q_loss:                    0.0457	q_taken_mean:              0.0437	return_mean:             -687.4730	return_std:              168.9991
target_mean:               0.0436	td_error_abs:              0.1189	test_action_0_mean:        0.8987	test_action_1_mean:        0.0996
test_action_2_mean:        0.0017	test_ep_length_mean:      30.0000	test_return_mean:        -164.3705	test_return_std:         267.3209

2026-02-19 21:42:10,995 - my_experiment - IMPc100_ExpoComm - my_run - INFO - t_env: 1326090 / 2050000
2026-02-19 21:42:10,996 - my_experiment - IMPc100_ExpoComm - my_run - INFO - Estimated time left: 3 hours, 52 minutes, 2 seconds. Time passed: 7 hours, 34 minutes, 44 seconds
2026-02-19 21:50:03,222 - my_experiment - IMPc100_ExpoComm - my_run - INFO - Saving models to work_dirs/my_experiment/IMPc100_ExpoComm/my_run/20260219_140721/models/1350300
2026-02-19 21:50:18,330 - my_experiment - IMPc100_ExpoComm - my_run - INFO - Recent Stats | t_env:    1351080 | Episode:    45036
action_0_mean:             0.8748	action_1_mean:             0.1070	action_2_mean:             0.0183	ep_length_mean:           30.0000
epsilon:                   0.0500	grad_norm:                 1.0063	info_nce_loss:             0.0002	loss:                      0.0502
q_loss:                    0.0473	q_taken_mean:              0.0436	return_mean:             -688.3964	return_std:              169.4023
target_mean:               0.0436	td_error_abs:              0.1218	test_action_0_mean:        0.8995	test_action_1_mean:        0.0987
test_action_2_mean:        0.0018	test_ep_length_mean:      30.0000	test_return_mean:        -172.7728	test_return_std:         283.2580

2026-02-19 21:50:18,882 - my_experiment - IMPc100_ExpoComm - my_run - INFO - t_env: 1351110 / 2050000
2026-02-19 21:50:18,882 - my_experiment - IMPc100_ExpoComm - my_run - INFO - Estimated time left: 3 hours, 47 minutes, 8 seconds. Time passed: 7 hours, 42 minutes, 52 seconds
2026-02-19 21:58:34,103 - my_experiment - IMPc100_ExpoComm - my_run - INFO - Recent Stats | t_env:    1376100 | Episode:    45870
action_0_mean:             0.8706	action_1_mean:             0.1111	action_2_mean:             0.0183	ep_length_mean:           30.0000
epsilon:                   0.0500	grad_norm:                 0.9683	info_nce_loss:             0.0002	loss:                      0.0532
q_loss:                    0.0502	q_taken_mean:              0.0434	return_mean:             -688.3197	return_std:              156.3444
target_mean:               0.0433	td_error_abs:              0.1301	test_action_0_mean:        0.8837	test_action_1_mean:        0.1145
test_action_2_mean:        0.0018	test_ep_length_mean:      30.0000	test_return_mean:        -163.6163	test_return_std:         258.1896

2026-02-19 21:58:34,654 - my_experiment - IMPc100_ExpoComm - my_run - INFO - t_env: 1376130 / 2050000
2026-02-19 21:58:34,655 - my_experiment - IMPc100_ExpoComm - my_run - INFO - Estimated time left: 3 hours, 42 minutes, 32 seconds. Time passed: 7 hours, 51 minutes, 8 seconds
2026-02-19 22:06:32,966 - my_experiment - IMPc100_ExpoComm - my_run - INFO - Saving models to work_dirs/my_experiment/IMPc100_ExpoComm/my_run/20260219_140721/models/1400310
2026-02-19 22:06:48,621 - my_experiment - IMPc100_ExpoComm - my_run - INFO - Recent Stats | t_env:    1401120 | Episode:    46704
action_0_mean:             0.8632	action_1_mean:             0.1185	action_2_mean:             0.0183	ep_length_mean:           30.0000
epsilon:                   0.0500	grad_norm:                 1.0943	info_nce_loss:             0.0001	loss:                      0.0581
q_loss:                    0.0547	q_taken_mean:              0.0435	return_mean:             -691.4049	return_std:              171.9066
target_mean:               0.0435	td_error_abs:              0.1353	test_action_0_mean:        0.8724	test_action_1_mean:        0.1257
test_action_2_mean:        0.0019	test_ep_length_mean:      30.0000	test_return_mean:        -159.5323	test_return_std:         251.2587

2026-02-19 22:06:49,145 - my_experiment - IMPc100_ExpoComm - my_run - INFO - t_env: 1401150 / 2050000
2026-02-19 22:06:49,145 - my_experiment - IMPc100_ExpoComm - my_run - INFO - Estimated time left: 3 hours, 33 minutes, 43 seconds. Time passed: 7 hours, 59 minutes, 22 seconds
2026-02-19 22:15:18,715 - my_experiment - IMPc100_ExpoComm - my_run - INFO - Recent Stats | t_env:    1426140 | Episode:    47538
action_0_mean:             0.8567	action_1_mean:             0.1248	action_2_mean:             0.0184	ep_length_mean:           30.0000
epsilon:                   0.0500	grad_norm:                 1.4212	info_nce_loss:             0.0001	loss:                      0.0651
q_loss:                    0.0611	q_taken_mean:              0.0433	return_mean:             -702.1645	return_std:              271.3223
target_mean:               0.0434	td_error_abs:              0.1409	test_action_0_mean:        0.9034	test_action_1_mean:        0.0941
test_action_2_mean:        0.0024	test_ep_length_mean:      30.0000	test_return_mean:        -503.7914	test_return_std:         1161.7551

2026-02-19 22:15:19,288 - my_experiment - IMPc100_ExpoComm - my_run - INFO - t_env: 1426170 / 2050000
2026-02-19 22:15:19,289 - my_experiment - IMPc100_ExpoComm - my_run - INFO - Estimated time left: 3 hours, 31 minutes, 59 seconds. Time passed: 8 hours, 7 minutes, 52 seconds
2026-02-19 22:23:29,354 - my_experiment - IMPc100_ExpoComm - my_run - INFO - Saving models to work_dirs/my_experiment/IMPc100_ExpoComm/my_run/20260219_140721/models/1450320
2026-02-19 22:23:45,564 - my_experiment - IMPc100_ExpoComm - my_run - INFO - Recent Stats | t_env:    1451160 | Episode:    48372
action_0_mean:             0.8423	action_1_mean:             0.1390	action_2_mean:             0.0186	ep_length_mean:           30.0000
epsilon:                   0.0500	grad_norm:                 2.8686	info_nce_loss:             0.0001	loss:                      0.1103
q_loss:                    0.1022	q_taken_mean:              0.0429	return_mean:             -715.0021	return_std:              377.3734
target_mean:               0.0429	td_error_abs:              0.1612	test_action_0_mean:        0.8760	test_action_1_mean:        0.1215
test_action_2_mean:        0.0025	test_ep_length_mean:      30.0000	test_return_mean:        -501.0590	test_return_std:         1121.5093

2026-02-19 22:23:46,107 - my_experiment - IMPc100_ExpoComm - my_run - INFO - t_env: 1451190 / 2050000
2026-02-19 22:23:46,108 - my_experiment - IMPc100_ExpoComm - my_run - INFO - Estimated time left: 3 hours, 22 minutes, 9 seconds. Time passed: 8 hours, 16 minutes, 19 seconds
2026-02-19 22:31:55,855 - my_experiment - IMPc100_ExpoComm - my_run - INFO - Recent Stats | t_env:    1476180 | Episode:    49206
action_0_mean:             0.8283	action_1_mean:             0.1530	action_2_mean:             0.0187	ep_length_mean:           30.0000
epsilon:                   0.0500	grad_norm:                 3.0257	info_nce_loss:             0.0001	loss:                      0.1351
q_loss:                    0.1270	q_taken_mean:              0.0422	return_mean:             -715.5056	return_std:              378.1966
target_mean:               0.0422	td_error_abs:              0.1761	test_action_0_mean:        0.8587	test_action_1_mean:        0.1387
test_action_2_mean:        0.0026	test_ep_length_mean:      30.0000	test_return_mean:        -495.5316	test_return_std:         1111.6594

2026-02-19 22:31:56,419 - my_experiment - IMPc100_ExpoComm - my_run - INFO - t_env: 1476210 / 2050000
2026-02-19 22:31:56,420 - my_experiment - IMPc100_ExpoComm - my_run - INFO - Estimated time left: 3 hours, 7 minutes, 24 seconds. Time passed: 8 hours, 24 minutes, 29 seconds
2026-02-19 22:39:56,848 - my_experiment - IMPc100_ExpoComm - my_run - INFO - Saving models to work_dirs/my_experiment/IMPc100_ExpoComm/my_run/20260219_140721/models/1500330
2026-02-19 22:40:14,259 - my_experiment - IMPc100_ExpoComm - my_run - INFO - Recent Stats | t_env:    1501200 | Episode:    50040
action_0_mean:             0.8280	action_1_mean:             0.1533	action_2_mean:             0.0187	ep_length_mean:           30.0000
epsilon:                   0.0500	grad_norm:                 3.0383	info_nce_loss:             0.0001	loss:                      0.1730
q_loss:                    0.1603	q_taken_mean:              0.0420	return_mean:             -717.3813	return_std:              397.2347
target_mean:               0.0419	td_error_abs:              0.1846	test_action_0_mean:        0.8614	test_action_1_mean:        0.1360
test_action_2_mean:        0.0027	test_ep_length_mean:      30.0000	test_return_mean:        -499.1963	test_return_std:         1131.4468

2026-02-19 22:40:14,792 - my_experiment - IMPc100_ExpoComm - my_run - INFO - t_env: 1501230 / 2050000
2026-02-19 22:40:14,792 - my_experiment - IMPc100_ExpoComm - my_run - INFO - Estimated time left: 3 hours, 2 minutes, 10 seconds. Time passed: 8 hours, 32 minutes, 48 seconds
2026-02-19 22:48:35,809 - my_experiment - IMPc100_ExpoComm - my_run - INFO - Recent Stats | t_env:    1526220 | Episode:    50874
action_0_mean:             0.8256	action_1_mean:             0.1556	action_2_mean:             0.0188	ep_length_mean:           30.0000
epsilon:                   0.0500	grad_norm:                 3.2280	info_nce_loss:             0.0001	loss:                      0.2028
q_loss:                    0.1874	q_taken_mean:              0.0415	return_mean:             -719.6193	return_std:              396.3766
target_mean:               0.0415	td_error_abs:              0.2045	test_action_0_mean:        0.8591	test_action_1_mean:        0.1381
test_action_2_mean:        0.0028	test_ep_length_mean:      30.0000	test_return_mean:        -502.8892	test_return_std:         1129.9309

2026-02-19 22:48:36,514 - my_experiment - IMPc100_ExpoComm - my_run - INFO - t_env: 1526250 / 2050000
2026-02-19 22:48:36,515 - my_experiment - IMPc100_ExpoComm - my_run - INFO - Estimated time left: 2 hours, 55 minutes, 2 seconds. Time passed: 8 hours, 41 minutes, 9 seconds
2026-02-19 22:56:41,926 - my_experiment - IMPc100_ExpoComm - my_run - INFO - Saving models to work_dirs/my_experiment/IMPc100_ExpoComm/my_run/20260219_140721/models/1550340
2026-02-19 22:56:58,969 - my_experiment - IMPc100_ExpoComm - my_run - INFO - Recent Stats | t_env:    1551240 | Episode:    51708
action_0_mean:             0.8209	action_1_mean:             0.1603	action_2_mean:             0.0188	ep_length_mean:           30.0000
epsilon:                   0.0500	grad_norm:                 3.0625	info_nce_loss:             0.0001	loss:                      0.2262
q_loss:                    0.2086	q_taken_mean:              0.0414	return_mean:             -717.3096	return_std:              388.4299
target_mean:               0.0414	td_error_abs:              0.2199	test_action_0_mean:        0.8364	test_action_1_mean:        0.1610
test_action_2_mean:        0.0027	test_ep_length_mean:      30.0000	test_return_mean:        -182.3860	test_return_std:         282.0463

2026-02-19 22:56:59,509 - my_experiment - IMPc100_ExpoComm - my_run - INFO - t_env: 1551270 / 2050000
2026-02-19 22:56:59,510 - my_experiment - IMPc100_ExpoComm - my_run - INFO - Estimated time left: 2 hours, 47 minutes, 6 seconds. Time passed: 8 hours, 49 minutes, 32 seconds
2026-02-19 23:05:12,447 - my_experiment - IMPc100_ExpoComm - my_run - INFO - Recent Stats | t_env:    1576260 | Episode:    52542
action_0_mean:             0.8263	action_1_mean:             0.1549	action_2_mean:             0.0188	ep_length_mean:           30.0000
epsilon:                   0.0500	grad_norm:                 1.8406	info_nce_loss:             0.0001	loss:                      0.1950
q_loss:                    0.1825	q_taken_mean:              0.0422	return_mean:             -711.8355	return_std:              301.5450
target_mean:               0.0423	td_error_abs:              0.2137	test_action_0_mean:        0.8569	test_action_1_mean:        0.1403
test_action_2_mean:        0.0028	test_ep_length_mean:      30.0000	test_return_mean:        -219.1262	test_return_std:         360.2683

2026-02-19 23:05:12,994 - my_experiment - IMPc100_ExpoComm - my_run - INFO - t_env: 1576290 / 2050000
2026-02-19 23:05:12,995 - my_experiment - IMPc100_ExpoComm - my_run - INFO - Estimated time left: 2 hours, 35 minutes, 43 seconds. Time passed: 8 hours, 57 minutes, 46 seconds
2026-02-19 23:13:15,590 - my_experiment - IMPc100_ExpoComm - my_run - INFO - Saving models to work_dirs/my_experiment/IMPc100_ExpoComm/my_run/20260219_140721/models/1600350
2026-02-19 23:13:33,338 - my_experiment - IMPc100_ExpoComm - my_run - INFO - Recent Stats | t_env:    1601280 | Episode:    53376
action_0_mean:             0.8321	action_1_mean:             0.1490	action_2_mean:             0.0189	ep_length_mean:           30.0000
epsilon:                   0.0500	grad_norm:                 2.2911	info_nce_loss:             0.0002	loss:                      0.2001
q_loss:                    0.1841	q_taken_mean:              0.0426	return_mean:             -715.9941	return_std:              312.9370
target_mean:               0.0428	td_error_abs:              0.2149	test_action_0_mean:        0.8585	test_action_1_mean:        0.1385
test_action_2_mean:        0.0029	test_ep_length_mean:      30.0000	test_return_mean:        -223.4072	test_return_std:         352.6255

2026-02-19 23:13:33,884 - my_experiment - IMPc100_ExpoComm - my_run - INFO - t_env: 1601310 / 2050000
2026-02-19 23:13:33,884 - my_experiment - IMPc100_ExpoComm - my_run - INFO - Estimated time left: 2 hours, 29 minutes, 42 seconds. Time passed: 9 hours, 6 minutes, 7 seconds
2026-02-19 23:21:48,892 - my_experiment - IMPc100_ExpoComm - my_run - INFO - Recent Stats | t_env:    1626300 | Episode:    54210
action_0_mean:             0.8265	action_1_mean:             0.1545	action_2_mean:             0.0189	ep_length_mean:           30.0000
epsilon:                   0.0500	grad_norm:                 2.4428	info_nce_loss:             0.0001	loss:                      0.1914
q_loss:                    0.1762	q_taken_mean:              0.0435	return_mean:             -719.1261	return_std:              335.5539
target_mean:               0.0436	td_error_abs:              0.2152	test_action_0_mean:        0.8503	test_action_1_mean:        0.1464
test_action_2_mean:        0.0033	test_ep_length_mean:      30.0000	test_return_mean:        -258.4952	test_return_std:         445.4224

2026-02-19 23:21:49,488 - my_experiment - IMPc100_ExpoComm - my_run - INFO - t_env: 1626330 / 2050000
2026-02-19 23:21:49,489 - my_experiment - IMPc100_ExpoComm - my_run - INFO - Estimated time left: 2 hours, 19 minutes, 52 seconds. Time passed: 9 hours, 14 minutes, 22 seconds
2026-02-19 23:29:38,174 - my_experiment - IMPc100_ExpoComm - my_run - INFO - Saving models to work_dirs/my_experiment/IMPc100_ExpoComm/my_run/20260219_140721/models/1650360
2026-02-19 23:29:57,218 - my_experiment - IMPc100_ExpoComm - my_run - INFO - Recent Stats | t_env:    1651320 | Episode:    55044
action_0_mean:             0.8295	action_1_mean:             0.1516	action_2_mean:             0.0189	ep_length_mean:           30.0000
epsilon:                   0.0500	grad_norm:                 2.1881	info_nce_loss:             0.0001	loss:                      0.1645
q_loss:                    0.1536	q_taken_mean:              0.0444	return_mean:             -715.5089	return_std:              322.1331
target_mean:               0.0445	td_error_abs:              0.1978	test_action_0_mean:        0.8548	test_action_1_mean:        0.1420
test_action_2_mean:        0.0032	test_ep_length_mean:      30.0000	test_return_mean:        -251.5592	test_return_std:         432.8138

2026-02-19 23:29:57,757 - my_experiment - IMPc100_ExpoComm - my_run - INFO - t_env: 1651350 / 2050000
2026-02-19 23:29:57,758 - my_experiment - IMPc100_ExpoComm - my_run - INFO - Estimated time left: 2 hours, 9 minutes, 39 seconds. Time passed: 9 hours, 22 minutes, 31 seconds
2026-02-19 23:38:13,723 - my_experiment - IMPc100_ExpoComm - my_run - INFO - Recent Stats | t_env:    1676340 | Episode:    55878
action_0_mean:             0.8382	action_1_mean:             0.1429	action_2_mean:             0.0189	ep_length_mean:           30.0000
epsilon:                   0.0500	grad_norm:                 1.9846	info_nce_loss:             0.0001	loss:                      0.1465
q_loss:                    0.1371	q_taken_mean:              0.0448	return_mean:             -711.7521	return_std:              241.5275
target_mean:               0.0449	td_error_abs:              0.1835	test_action_0_mean:        0.8678	test_action_1_mean:        0.1292
test_action_2_mean:        0.0030	test_ep_length_mean:      30.0000	test_return_mean:        -248.5648	test_return_std:         425.3905

2026-02-19 23:38:14,348 - my_experiment - IMPc100_ExpoComm - my_run - INFO - t_env: 1676370 / 2050000
2026-02-19 23:38:14,349 - my_experiment - IMPc100_ExpoComm - my_run - INFO - Estimated time left: 2 hours, 3 minutes, 35 seconds. Time passed: 9 hours, 30 minutes, 47 seconds
2026-02-19 23:46:03,949 - my_experiment - IMPc100_ExpoComm - my_run - INFO - Saving models to work_dirs/my_experiment/IMPc100_ExpoComm/my_run/20260219_140721/models/1700370
2026-02-19 23:46:22,521 - my_experiment - IMPc100_ExpoComm - my_run - INFO - Recent Stats | t_env:    1701360 | Episode:    56712
action_0_mean:             0.8423	action_1_mean:             0.1388	action_2_mean:             0.0189	ep_length_mean:           30.0000
epsilon:                   0.0500	grad_norm:                 2.0553	info_nce_loss:             0.0002	loss:                      0.1582
q_loss:                    0.1456	q_taken_mean:              0.0445	return_mean:             -709.5819	return_std:              231.0528
target_mean:               0.0446	td_error_abs:              0.1839	test_action_0_mean:        0.8597	test_action_1_mean:        0.1375
test_action_2_mean:        0.0028	test_ep_length_mean:      30.0000	test_return_mean:        -203.8637	test_return_std:         318.7279

2026-02-19 23:46:23,248 - my_experiment - IMPc100_ExpoComm - my_run - INFO - t_env: 1701390 / 2050000
2026-02-19 23:46:23,249 - my_experiment - IMPc100_ExpoComm - my_run - INFO - Estimated time left: 1 hours, 53 minutes, 31 seconds. Time passed: 9 hours, 38 minutes, 56 seconds
2026-02-19 23:54:30,501 - my_experiment - IMPc100_ExpoComm - my_run - INFO - Recent Stats | t_env:    1726380 | Episode:    57546
action_0_mean:             0.8467	action_1_mean:             0.1344	action_2_mean:             0.0190	ep_length_mean:           30.0000
epsilon:                   0.0500	grad_norm:                 1.6946	info_nce_loss:             0.0003	loss:                      0.1799
q_loss:                    0.1653	q_taken_mean:              0.0445	return_mean:             -712.0284	return_std:              262.1037
target_mean:               0.0445	td_error_abs:              0.1926	test_action_0_mean:        0.8677	test_action_1_mean:        0.1295
test_action_2_mean:        0.0027	test_ep_length_mean:      30.0000	test_return_mean:        -222.1074	test_return_std:         450.4058

2026-02-19 23:54:31,039 - my_experiment - IMPc100_ExpoComm - my_run - INFO - t_env: 1726410 / 2050000
2026-02-19 23:54:31,039 - my_experiment - IMPc100_ExpoComm - my_run - INFO - Estimated time left: 1 hours, 45 minutes, 8 seconds. Time passed: 9 hours, 47 minutes, 4 seconds
2026-02-20 00:02:24,204 - my_experiment - IMPc100_ExpoComm - my_run - INFO - Saving models to work_dirs/my_experiment/IMPc100_ExpoComm/my_run/20260219_140721/models/1750380
2026-02-20 00:02:43,624 - my_experiment - IMPc100_ExpoComm - my_run - INFO - Recent Stats | t_env:    1751400 | Episode:    58380
action_0_mean:             0.8541	action_1_mean:             0.1270	action_2_mean:             0.0190	ep_length_mean:           30.0000
epsilon:                   0.0500	grad_norm:                 1.7055	info_nce_loss:             0.0003	loss:                      0.1710
q_loss:                    0.1572	q_taken_mean:              0.0440	return_mean:             -708.7908	return_std:              225.2315
target_mean:               0.0440	td_error_abs:              0.1948	test_action_0_mean:        0.8853	test_action_1_mean:        0.1121
test_action_2_mean:        0.0026	test_ep_length_mean:      30.0000	test_return_mean:        -211.8882	test_return_std:         392.1562

2026-02-20 00:02:44,200 - my_experiment - IMPc100_ExpoComm - my_run - INFO - t_env: 1751430 / 2050000
2026-02-20 00:02:44,201 - my_experiment - IMPc100_ExpoComm - my_run - INFO - Estimated time left: 1 hours, 38 minutes, 5 seconds. Time passed: 9 hours, 55 minutes, 17 seconds
2026-02-20 00:10:53,307 - my_experiment - IMPc100_ExpoComm - my_run - INFO - Recent Stats | t_env:    1776420 | Episode:    59214
action_0_mean:             0.8545	action_1_mean:             0.1264	action_2_mean:             0.0191	ep_length_mean:           30.0000
epsilon:                   0.0500	grad_norm:                 2.3466	info_nce_loss:             0.0003	loss:                      0.1807
q_loss:                    0.1669	q_taken_mean:              0.0436	return_mean:             -712.7167	return_std:              238.4312
target_mean:               0.0438	td_error_abs:              0.2053	test_action_0_mean:        0.8803	test_action_1_mean:        0.1171
test_action_2_mean:        0.0027	test_ep_length_mean:      30.0000	test_return_mean:        -212.8287	test_return_std:         387.8708

2026-02-20 00:10:53,844 - my_experiment - IMPc100_ExpoComm - my_run - INFO - t_env: 1776450 / 2050000
2026-02-20 00:10:53,845 - my_experiment - IMPc100_ExpoComm - my_run - INFO - Estimated time left: 1 hours, 29 minutes, 13 seconds. Time passed: 10 hours, 3 minutes, 27 seconds
2026-02-20 00:18:44,173 - my_experiment - IMPc100_ExpoComm - my_run - INFO - Saving models to work_dirs/my_experiment/IMPc100_ExpoComm/my_run/20260219_140721/models/1800390
2026-02-20 00:19:04,123 - my_experiment - IMPc100_ExpoComm - my_run - INFO - Recent Stats | t_env:    1801440 | Episode:    60048
action_0_mean:             0.8535	action_1_mean:             0.1275	action_2_mean:             0.0190	ep_length_mean:           30.0000
epsilon:                   0.0500	grad_norm:                 2.6167	info_nce_loss:             0.0003	loss:                      0.1822
q_loss:                    0.1683	q_taken_mean:              0.0435	return_mean:             -709.8531	return_std:              238.8503
target_mean:               0.0437	td_error_abs:              0.2110	test_action_0_mean:        0.8826	test_action_1_mean:        0.1151
test_action_2_mean:        0.0024	test_ep_length_mean:      30.0000	test_return_mean:        -182.9312	test_return_std:         332.3961

2026-02-20 00:19:04,651 - my_experiment - IMPc100_ExpoComm - my_run - INFO - t_env: 1801470 / 2050000
2026-02-20 00:19:04,652 - my_experiment - IMPc100_ExpoComm - my_run - INFO - Estimated time left: 1 hours, 21 minutes, 15 seconds. Time passed: 10 hours, 11 minutes, 38 seconds
2026-02-20 00:27:08,668 - my_experiment - IMPc100_ExpoComm - my_run - INFO - Recent Stats | t_env:    1826460 | Episode:    60882
action_0_mean:             0.8556	action_1_mean:             0.1254	action_2_mean:             0.0190	ep_length_mean:           30.0000
epsilon:                   0.0500	grad_norm:                 2.5879	info_nce_loss:             0.0002	loss:                      0.1935
q_loss:                    0.1785	q_taken_mean:              0.0437	return_mean:             -707.9360	return_std:              242.7601
target_mean:               0.0438	td_error_abs:              0.2106	test_action_0_mean:        0.8918	test_action_1_mean:        0.1058
test_action_2_mean:        0.0024	test_ep_length_mean:      30.0000	test_return_mean:        -190.7666	test_return_std:         340.8640

2026-02-20 00:27:09,203 - my_experiment - IMPc100_ExpoComm - my_run - INFO - t_env: 1826490 / 2050000
2026-02-20 00:27:09,203 - my_experiment - IMPc100_ExpoComm - my_run - INFO - Estimated time left: 1 hours, 12 minutes, 8 seconds. Time passed: 10 hours, 19 minutes, 42 seconds
2026-02-20 00:35:01,992 - my_experiment - IMPc100_ExpoComm - my_run - INFO - Saving models to work_dirs/my_experiment/IMPc100_ExpoComm/my_run/20260219_140721/models/1850400
2026-02-20 00:35:23,667 - my_experiment - IMPc100_ExpoComm - my_run - INFO - Recent Stats | t_env:    1851480 | Episode:    61716
action_0_mean:             0.8569	action_1_mean:             0.1242	action_2_mean:             0.0189	ep_length_mean:           30.0000
epsilon:                   0.0500	grad_norm:                 2.8470	info_nce_loss:             0.0001	loss:                      0.1551
q_loss:                    0.1437	q_taken_mean:              0.0444	return_mean:             -702.6747	return_std:              210.1923
target_mean:               0.0444	td_error_abs:              0.1974	test_action_0_mean:        0.8962	test_action_1_mean:        0.1016
test_action_2_mean:        0.0022	test_ep_length_mean:      30.0000	test_return_mean:        -168.4827	test_return_std:         230.9510

2026-02-20 00:35:24,233 - my_experiment - IMPc100_ExpoComm - my_run - INFO - t_env: 1851510 / 2050000
2026-02-20 00:35:24,234 - my_experiment - IMPc100_ExpoComm - my_run - INFO - Estimated time left: 1 hours, 5 minutes, 27 seconds. Time passed: 10 hours, 27 minutes, 57 seconds
2026-02-20 00:43:39,926 - my_experiment - IMPc100_ExpoComm - my_run - INFO - Recent Stats | t_env:    1876500 | Episode:    62550
action_0_mean:             0.8529	action_1_mean:             0.1283	action_2_mean:             0.0189	ep_length_mean:           30.0000
epsilon:                   0.0500	grad_norm:                 3.2165	info_nce_loss:             0.0001	loss:                      0.1724
q_loss:                    0.1594	q_taken_mean:              0.0445	return_mean:             -704.9660	return_std:              217.3783
target_mean:               0.0445	td_error_abs:              0.2025	test_action_0_mean:        0.8793	test_action_1_mean:        0.1189
test_action_2_mean:        0.0019	test_ep_length_mean:      30.0000	test_return_mean:        -149.4406	test_return_std:         172.8614

2026-02-20 00:43:40,495 - my_experiment - IMPc100_ExpoComm - my_run - INFO - t_env: 1876530 / 2050000
2026-02-20 00:43:40,496 - my_experiment - IMPc100_ExpoComm - my_run - INFO - Estimated time left: 57 minutes, 20 seconds. Time passed: 10 hours, 36 minutes, 13 seconds
2026-02-20 00:51:27,887 - my_experiment - IMPc100_ExpoComm - my_run - INFO - Saving models to work_dirs/my_experiment/IMPc100_ExpoComm/my_run/20260219_140721/models/1900410
2026-02-20 00:51:49,977 - my_experiment - IMPc100_ExpoComm - my_run - INFO - Recent Stats | t_env:    1901520 | Episode:    63384
action_0_mean:             0.8528	action_1_mean:             0.1283	action_2_mean:             0.0189	ep_length_mean:           30.0000
epsilon:                   0.0500	grad_norm:                 4.2788	info_nce_loss:             0.0001	loss:                      0.1770
q_loss:                    0.1609	q_taken_mean:              0.0449	return_mean:             -703.2171	return_std:              213.0397
target_mean:               0.0449	td_error_abs:              0.2134	test_action_0_mean:        0.8822	test_action_1_mean:        0.1156
test_action_2_mean:        0.0022	test_ep_length_mean:      30.0000	test_return_mean:        -164.9401	test_return_std:         208.6051

2026-02-20 00:51:50,542 - my_experiment - IMPc100_ExpoComm - my_run - INFO - t_env: 1901550 / 2050000
2026-02-20 00:51:50,543 - my_experiment - IMPc100_ExpoComm - my_run - INFO - Estimated time left: 48 minutes, 27 seconds. Time passed: 10 hours, 44 minutes, 23 seconds
2026-02-20 01:00:06,294 - my_experiment - IMPc100_ExpoComm - my_run - INFO - Recent Stats | t_env:    1926540 | Episode:    64218
action_0_mean:             0.8533	action_1_mean:             0.1278	action_2_mean:             0.0189	ep_length_mean:           30.0000
epsilon:                   0.0500	grad_norm:                 4.8061	info_nce_loss:             0.0001	loss:                      0.1811
q_loss:                    0.1646	q_taken_mean:              0.0452	return_mean:             -706.5037	return_std:              220.9557
target_mean:               0.0453	td_error_abs:              0.2184	test_action_0_mean:        0.8654	test_action_1_mean:        0.1316
test_action_2_mean:        0.0029	test_ep_length_mean:      30.0000	test_return_mean:        -247.5605	test_return_std:         374.2221

2026-02-20 01:00:06,845 - my_experiment - IMPc100_ExpoComm - my_run - INFO - t_env: 1926570 / 2050000
2026-02-20 01:00:06,846 - my_experiment - IMPc100_ExpoComm - my_run - INFO - Estimated time left: 40 minutes, 48 seconds. Time passed: 10 hours, 52 minutes, 40 seconds
2026-02-20 01:07:56,272 - my_experiment - IMPc100_ExpoComm - my_run - INFO - Saving models to work_dirs/my_experiment/IMPc100_ExpoComm/my_run/20260219_140721/models/1950420
2026-02-20 01:08:18,171 - my_experiment - IMPc100_ExpoComm - my_run - INFO - Recent Stats | t_env:    1951560 | Episode:    65052
action_0_mean:             0.8518	action_1_mean:             0.1294	action_2_mean:             0.0188	ep_length_mean:           30.0000
epsilon:                   0.0500	grad_norm:                 4.6828	info_nce_loss:             0.0001	loss:                      0.1499
q_loss:                    0.1378	q_taken_mean:              0.0459	return_mean:             -705.5901	return_std:              216.8268
target_mean:               0.0461	td_error_abs:              0.2108	test_action_0_mean:        0.8557	test_action_1_mean:        0.1413
test_action_2_mean:        0.0030	test_ep_length_mean:      30.0000	test_return_mean:        -253.4232	test_return_std:         390.3912

2026-02-20 01:08:18,711 - my_experiment - IMPc100_ExpoComm - my_run - INFO - t_env: 1951590 / 2050000
2026-02-20 01:08:18,712 - my_experiment - IMPc100_ExpoComm - my_run - INFO - Estimated time left: 32 minutes, 14 seconds. Time passed: 11 hours, 52 seconds
2026-02-20 01:16:25,733 - my_experiment - IMPc100_ExpoComm - my_run - INFO - Recent Stats | t_env:    1976580 | Episode:    65886
action_0_mean:             0.8478	action_1_mean:             0.1334	action_2_mean:             0.0188	ep_length_mean:           30.0000
epsilon:                   0.0500	grad_norm:                 4.2859	info_nce_loss:             0.0001	loss:                      0.1497
q_loss:                    0.1375	q_taken_mean:              0.0459	return_mean:             -708.2318	return_std:              225.3484
target_mean:               0.0462	td_error_abs:              0.2103	test_action_0_mean:        0.8552	test_action_1_mean:        0.1419
test_action_2_mean:        0.0028	test_ep_length_mean:      30.0000	test_return_mean:        -238.7440	test_return_std:         340.9956

2026-02-20 01:16:26,277 - my_experiment - IMPc100_ExpoComm - my_run - INFO - t_env: 1976610 / 2050000
2026-02-20 01:16:26,278 - my_experiment - IMPc100_ExpoComm - my_run - INFO - Estimated time left: 23 minutes, 50 seconds. Time passed: 11 hours, 8 minutes, 59 seconds
2026-02-20 01:24:11,350 - my_experiment - IMPc100_ExpoComm - my_run - INFO - Saving models to work_dirs/my_experiment/IMPc100_ExpoComm/my_run/20260219_140721/models/2000430
2026-02-20 01:24:33,898 - my_experiment - IMPc100_ExpoComm - my_run - INFO - Recent Stats | t_env:    2001600 | Episode:    66720
action_0_mean:             0.8524	action_1_mean:             0.1290	action_2_mean:             0.0186	ep_length_mean:           30.0000
epsilon:                   0.0500	grad_norm:                 3.9193	info_nce_loss:             0.0001	loss:                      0.1108
q_loss:                    0.1022	q_taken_mean:              0.0467	return_mean:             -697.9813	return_std:              200.3415
target_mean:               0.0471	td_error_abs:              0.1851	test_action_0_mean:        0.8639	test_action_1_mean:        0.1332
test_action_2_mean:        0.0030	test_ep_length_mean:      30.0000	test_return_mean:        -246.5162	test_return_std:         402.4052

2026-02-20 01:24:34,474 - my_experiment - IMPc100_ExpoComm - my_run - INFO - t_env: 2001630 / 2050000
2026-02-20 01:24:34,474 - my_experiment - IMPc100_ExpoComm - my_run - INFO - Estimated time left: 15 minutes, 43 seconds. Time passed: 11 hours, 17 minutes, 7 seconds
2026-02-20 01:32:40,759 - my_experiment - IMPc100_ExpoComm - my_run - INFO - Recent Stats | t_env:    2026620 | Episode:    67554
action_0_mean:             0.8554	action_1_mean:             0.1261	action_2_mean:             0.0185	ep_length_mean:           30.0000
epsilon:                   0.0500	grad_norm:                 2.1545	info_nce_loss:             0.0001	loss:                      0.0955
q_loss:                    0.0883	q_taken_mean:              0.0472	return_mean:             -695.4918	return_std:              193.1603
target_mean:               0.0474	td_error_abs:              0.1554	test_action_0_mean:        0.8678	test_action_1_mean:        0.1295
test_action_2_mean:        0.0027	test_ep_length_mean:      30.0000	test_return_mean:        -243.6535	test_return_std:         424.0710

2026-02-20 01:32:41,435 - my_experiment - IMPc100_ExpoComm - my_run - INFO - t_env: 2026650 / 2050000
2026-02-20 01:32:41,436 - my_experiment - IMPc100_ExpoComm - my_run - INFO - Estimated time left: 7 minutes, 34 seconds. Time passed: 11 hours, 25 minutes, 14 seconds
2026-02-20 01:40:23,663 - my_experiment - IMPc100_ExpoComm - my_run - INFO - Finished Training
