JOB ID: 1749893
Running on node: artongpu03
Project Directory: /usr/itetnas04/data-scratch-01/pparsons/data/MyExpoComm
--------------------------------
Algorithm:   HybridComm
Environment: IMP_struct_c_100_cc
Profile:     IMPc100_HybridComm
--------------------------------
Conda activated: /usr/itetnas04/data-scratch-01/pparsons/data/conda_envs/ExpoComm
Starting Run...
Exiting Main
Stopping all threads
Thread wandb-AsyncioManager-main is alive! Is daemon: True
Thread joined
Thread ChkStopThr is alive! Is daemon: True
Thread joined
Thread IntMsgThr is alive! Is daemon: True
Thread joined
Exiting script
[1;34mwandb[0m: 
[1;34mwandb[0m: 🚀 View run [33mmy_run-IMPc100_HybridComm-20260217_221622[0m at: [34mhttps://wandb.ai/peterparsons02-eth-z-rich/my_experiment/runs/3owbsj3i[0m
[1;34mwandb[0m: Find logs at: [1;35mwandb/run-20260217_221622-3owbsj3i/logs[0m
Finished at: Wed Feb 18 07:00:34 CET 2026
