JOB ID: 1749892
Running on node: artongpu04
Project Directory: /usr/itetnas04/data-scratch-01/pparsons/data/MyExpoComm
--------------------------------
Algorithm:   iql
Environment: IMP_struct_c_100_cc
Profile:     IMPc100_IQL_RNN
--------------------------------
Conda activated: /usr/itetnas04/data-scratch-01/pparsons/data/conda_envs/ExpoComm
Starting Run...
Exiting Main
Stopping all threads
Thread wandb-AsyncioManager-main is alive! Is daemon: True
Thread joined
Thread ChkStopThr is alive! Is daemon: True
Thread joined
Thread IntMsgThr is alive! Is daemon: True
Thread joined
Exiting script
[1;34mwandb[0m: 
[1;34mwandb[0m: 🚀 View run [33mmy_run-IMPc100_IQL_RNN-20260217_225121[0m at: [34mhttps://wandb.ai/peterparsons02-eth-z-rich/my_experiment/runs/f5to2t3p[0m
[1;34mwandb[0m: Find logs at: [1;35mwandb/run-20260217_225122-f5to2t3p/logs[0m
Finished at: Wed Feb 18 05:27:21 CET 2026
