JOB ID: 1757971
Running on node: artongpu07
Project Directory: /usr/itetnas04/data-scratch-01/pparsons/data/MyExpoComm
--------------------------------
Algorithm:   HybridComm
Environment: IMP_owf_50_cc
Profile:     IMPowf50_HybridComm
--------------------------------
Conda activated: /usr/itetnas04/data-scratch-01/pparsons/data/conda_envs/ExpoComm
Starting Run...
Exiting Main
Stopping all threads
Thread wandb-AsyncioManager-main is alive! Is daemon: True
Thread joined
Thread ChkStopThr is alive! Is daemon: True
Thread joined
Thread IntMsgThr is alive! Is daemon: True
Thread joined
Exiting script
[1;34mwandb[0m: 
[1;34mwandb[0m: 🚀 View run [33mmy_run-IMPowf50_HybridComm-20260221_005346[0m at: [34mhttps://wandb.ai/peterparsons02-eth-z-rich/my_experiment/runs/4mmn6gbx[0m
[1;34mwandb[0m: Find logs at: [1;35mwandb/run-20260221_005347-4mmn6gbx/logs[0m
Finished at: Sat Feb 21 09:20:00 CET 2026
