JOB ID: 1757964
Running on node: artongpu05
Project Directory: /usr/itetnas04/data-scratch-01/pparsons/data/MyExpoComm
--------------------------------
Algorithm:   qmix_ExpoComm_one_peer_n7_cont
Environment: IMP_owf_25_cc
Profile:     IMPowf25_ExpoComm
--------------------------------
Conda activated: /usr/itetnas04/data-scratch-01/pparsons/data/conda_envs/ExpoComm
Starting Run...
Exiting Main
Stopping all threads
Thread wandb-AsyncioManager-main is alive! Is daemon: True
Thread joined
Thread ChkStopThr is alive! Is daemon: True
Thread joined
Thread IntMsgThr is alive! Is daemon: True
Thread joined
Exiting script
[1;34mwandb[0m: 
[1;34mwandb[0m: 🚀 View run [33mmy_run-IMPowf25_ExpoComm-20260220_190125[0m at: [34mhttps://wandb.ai/peterparsons02-eth-z-rich/my_experiment/runs/y4qu0bm1[0m
[1;34mwandb[0m: Find logs at: [1;35mwandb/run-20260220_190128-y4qu0bm1/logs[0m
Finished at: Sat Feb 21 00:52:16 CET 2026
