JOB ID: 1757970
Running on node: artongpu06
Project Directory: /usr/itetnas04/data-scratch-01/pparsons/data/MyExpoComm
--------------------------------
Algorithm:   qmix_ExpoComm_one_peer_n7_cont
Environment: IMP_owf_50_cc
Profile:     IMPowf50_ExpoComm
--------------------------------
Conda activated: /usr/itetnas04/data-scratch-01/pparsons/data/conda_envs/ExpoComm
Starting Run...
Exiting Main
Stopping all threads
Thread wandb-AsyncioManager-main is alive! Is daemon: True
Thread joined
Thread ChkStopThr is alive! Is daemon: True
Thread joined
Thread IntMsgThr is alive! Is daemon: True
Thread joined
Exiting script
[1;34mwandb[0m: 
[1;34mwandb[0m: 🚀 View run [33mmy_run-IMPowf50_ExpoComm-20260221_005321[0m at: [34mhttps://wandb.ai/peterparsons02-eth-z-rich/my_experiment/runs/yyvze22d[0m
[1;34mwandb[0m: Find logs at: [1;35mwandb/run-20260221_005323-yyvze22d/logs[0m
Finished at: Sat Feb 21 08:49:07 CET 2026
