JOB ID: 1757967
Running on node: artongpu05
Project Directory: /usr/itetnas04/data-scratch-01/pparsons/data/MyExpoComm
--------------------------------
Algorithm:   iql
Environment: IMP_owf_25_cc
Profile:     IMPowf25_IQL_RNN
--------------------------------
Conda activated: /usr/itetnas04/data-scratch-01/pparsons/data/conda_envs/ExpoComm
Starting Run...
Exiting Main
Stopping all threads
Thread wandb-AsyncioManager-main is alive! Is daemon: True
Thread joined
Thread ChkStopThr is alive! Is daemon: True
Thread joined
Thread IntMsgThr is alive! Is daemon: True
Thread joined
Exiting script
[1;34mwandb[0m: 
[1;34mwandb[0m: 🚀 View run [33mmy_run-IMPowf25_IQL_RNN-20260220_190144[0m at: [34mhttps://wandb.ai/peterparsons02-eth-z-rich/my_experiment/runs/eyu8tvr1[0m
[1;34mwandb[0m: Find logs at: [1;35mwandb/run-20260220_190145-eyu8tvr1/logs[0m
Finished at: Fri Feb 20 23:09:29 CET 2026
