Gym has been unmaintained since 2022 and does not support NumPy 2.0 amongst other critical functionality.
Please upgrade to Gymnasium, the maintained drop-in replacement of Gym, or contact the authors of your software and request that they upgrade.
Users of this version of Gym should be able to simply replace 'import gym' with 'import gymnasium as gym' in the vast majority of cases.
See the migration guide at https://gymnasium.farama.org/introduction/migration_guide/ for additional information.
src/main.py:81: DeprecationWarning: Using or importing the ABCs from 'collections' instead of from 'collections.abc' is deprecated since Python 3.3, and in 3.10 it will stop working
  if isinstance(v, collections.Mapping):
wandb: [wandb.login()] Loaded credentials for https://api.wandb.ai from /home/pparsons/.netrc.
wandb: Currently logged in as: peterparsons02 (peterparsons02-eth-z-rich) to https://api.wandb.ai. Use `wandb login --relogin` to force relogin
wandb: setting up run du4dcqec
wandb: Tracking run with wandb version 0.24.1
wandb: Run data is saved locally in /usr/itetnas04/data-scratch-01/pparsons/data/MyExpoComm/wandb/run-20260219_135544-du4dcqec
wandb: Run `wandb offline` to turn off syncing.
wandb: Syncing run my_run-IMPuc50_ExpoComm-20260219_135543
wandb: ⭐️ View project at https://wandb.ai/peterparsons02-eth-z-rich/my_experiment
wandb: 🚀 View run at https://wandb.ai/peterparsons02-eth-z-rich/my_experiment/runs/du4dcqec
2026-02-19 13:55:46,153 - my_experiment - IMPuc50_ExpoComm - my_run - INFO - Current directory: /usr/itetnas04/data-scratch-01/pparsons/data/MyExpoComm.
2026-02-19 13:55:46,154 - my_experiment - IMPuc50_ExpoComm - my_run - INFO - Experiment Parameters:
2026-02-19 13:55:46,157 - my_experiment - IMPuc50_ExpoComm - my_run - INFO - 

{   'action_selector': 'epsilon_greedy',
    'add_value_last_step': True,
    'agent': 'ExpoComm_one_peer_cont',
    'agent_output_type': 'q',
    'aux_coef': 0.1,
    'batch_size': 64,
    'batch_size_run': 1,
    'buffer_cpu_only': True,
    'buffer_size': 2000,
    'checkpoint_path': '',
    'common_reward': True,
    'double_q': True,
    'env': 'struct_marl',
    'env_args': {   'campaign_cost': True,
                    'custom_param': {   'k_comp': 48},
                    'discount_reward': 0.95,
                    'env_correlation': False,
                    'map_name': 'struct_uc_100',
                    'n_comp': 50,
                    'obs_all_d_rate': False,
                    'obs_alphas': False,
                    'obs_d_rate': False,
                    'obs_multiple': False,
                    'seed': 42,
                    'state_alphas': False,
                    'state_d_rate': True,
                    'state_obs': True,
                    'struct_type': 'struct'},
    'epsilon_anneal_time': 5000,
    'epsilon_finish': 0.05,
    'epsilon_start': 1.0,
    'evaluate': False,
    'evaluation_epsilon': 0.0,
    'exp_name': 'my_experiment',
    'gamma': 0.95,
    'global_reward': False,
    'grad_norm_clip': 10,
    'hidden_dim': 64,
    'hypergroup': None,
    'hypernet_embed': 64,
    'hypernet_layers': 2,
    'label': 'default_label',
    'learner': 'cont_q_learner',
    'learner_log_interval': 25000,
    'load_step': 0,
    'local_results_path': 'results',
    'log_interval': 25000,
    'lr': 0.0001,
    'mac': 'ExpoComm_mac',
    'mixer': 'qmix',
    'mixing_embed_dim': 64,
    'name': 'IMPuc50_ExpoComm',
    'neg_num': 20,
    'obs_agent_id': True,
    'obs_individual_obs': False,
    'obs_last_action': True,
    'one_peer': True,
    'optim_alpha': 0.99,
    'optim_eps': 1e-05,
    'pos_flag': False,
    'render': False,
    'repeat_id': 1,
    'run_name': 'my_run',
    'runner': 'episode',
    'runner_log_interval': 25000,
    'save_model': True,
    'save_model_interval': 200000,
    'save_replay': False,
    'seed': 42,
    'standardise_returns': False,
    'standardise_rewards': True,
    't_max': 2050000,
    'target_update_interval_or_tau': 200,
    'temperature': 0.07,
    'test_greedy': True,
    'test_interval': 25000,
    'test_nepisode': 50,
    'topk_neighbors': 7,
    'use_cuda': True,
    'use_rnn': True,
    'use_tensorboard': True,
    'work_dir': 'work_dirs/my_experiment/IMPuc50_ExpoComm/my_run/20260219_135543'}

2026-02-19 13:55:47,613 - my_experiment - IMPuc50_ExpoComm - my_run - INFO - Beginning training for 2050000 timesteps
2026-02-19 13:55:48,718 - my_experiment - IMPuc50_ExpoComm - my_run - INFO - t_env: 30 / 2050000
2026-02-19 13:55:48,718 - my_experiment - IMPuc50_ExpoComm - my_run - INFO - Estimated time left: 1 minutes, 30 seconds. Time passed: 1 seconds
2026-02-19 13:55:57,229 - my_experiment - IMPuc50_ExpoComm - my_run - INFO - Saving models to work_dirs/my_experiment/IMPuc50_ExpoComm/my_run/20260219_135543/models/30
2026-02-19 14:00:56,771 - my_experiment - IMPuc50_ExpoComm - my_run - INFO - Recent Stats | t_env:      25020 | Episode:      834
action_0_mean:             0.3587	action_1_mean:             0.3247	action_2_mean:             0.3167	ep_length_mean:           30.0000
epsilon:                   1.0000	grad_norm:                17.6196	info_nce_loss:             3.0154	loss:                      1.8694
q_loss:                    1.6995	q_taken_mean:              0.0062	return_mean:             -4985.3189	return_std:                0.0000
target_mean:               0.0207	td_error_abs:              1.1281	test_action_0_mean:        0.0000	test_action_1_mean:        0.0000
test_action_2_mean:        1.0000	test_ep_length_mean:      30.0000	test_return_mean:        -15785.7608	test_return_std:           0.0000

2026-02-19 14:00:57,143 - my_experiment - IMPuc50_ExpoComm - my_run - INFO - t_env: 25050 / 2050000
2026-02-19 14:00:57,144 - my_experiment - IMPuc50_ExpoComm - my_run - INFO - Estimated time left: 6 hours, 56 minutes, 1 seconds. Time passed: 5 minutes, 9 seconds
2026-02-19 14:06:06,539 - my_experiment - IMPuc50_ExpoComm - my_run - INFO - Recent Stats | t_env:      50040 | Episode:     1668
action_0_mean:             0.3404	action_1_mean:             0.4607	action_2_mean:             0.1989	ep_length_mean:           30.0000
epsilon:                   0.0500	grad_norm:                11.5948	info_nce_loss:             2.1763	loss:                      1.0989
q_loss:                    0.9990	q_taken_mean:              0.0276	return_mean:             -3893.6408	return_std:              1175.2096
target_mean:               0.0354	td_error_abs:              0.7087	test_action_0_mean:        0.2703	test_action_1_mean:        0.2297
test_action_2_mean:        0.5000	test_ep_length_mean:      30.0000	test_return_mean:        -9030.9830	test_return_std:         302.0138

2026-02-19 14:06:06,914 - my_experiment - IMPuc50_ExpoComm - my_run - INFO - t_env: 50070 / 2050000
2026-02-19 14:06:06,915 - my_experiment - IMPuc50_ExpoComm - my_run - INFO - Estimated time left: 6 hours, 52 minutes, 40 seconds. Time passed: 10 minutes, 19 seconds
2026-02-19 14:11:21,111 - my_experiment - IMPuc50_ExpoComm - my_run - INFO - Recent Stats | t_env:      75060 | Episode:     2502
action_0_mean:             0.4027	action_1_mean:             0.4592	action_2_mean:             0.1381	ep_length_mean:           30.0000
epsilon:                   0.0500	grad_norm:                16.6325	info_nce_loss:             1.4509	loss:                      0.8711
q_loss:                    0.7919	q_taken_mean:              0.0404	return_mean:             -3265.1234	return_std:              1145.0879
target_mean:               0.0462	td_error_abs:              0.6037	test_action_0_mean:        0.3166	test_action_1_mean:        0.3501
test_action_2_mean:        0.3333	test_ep_length_mean:      30.0000	test_return_mean:        -6773.8026	test_return_std:         506.0878

2026-02-19 14:11:21,471 - my_experiment - IMPuc50_ExpoComm - my_run - INFO - t_env: 75090 / 2050000
2026-02-19 14:11:21,472 - my_experiment - IMPuc50_ExpoComm - my_run - INFO - Estimated time left: 6 hours, 53 minutes, 48 seconds. Time passed: 15 minutes, 33 seconds
2026-02-19 14:16:33,283 - my_experiment - IMPuc50_ExpoComm - my_run - INFO - Recent Stats | t_env:     100080 | Episode:     3336
action_0_mean:             0.4153	action_1_mean:             0.4757	action_2_mean:             0.1090	ep_length_mean:           30.0000
epsilon:                   0.0500	grad_norm:                18.0666	info_nce_loss:             1.0882	loss:                      0.8746
q_loss:                    0.7951	q_taken_mean:              0.0437	return_mean:             -2966.1582	return_std:              1172.7088
target_mean:               0.0480	td_error_abs:              0.5893	test_action_0_mean:        0.3832	test_action_1_mean:        0.3667
test_action_2_mean:        0.2500	test_ep_length_mean:      30.0000	test_return_mean:        -5623.7811	test_return_std:         584.6535

2026-02-19 14:16:33,662 - my_experiment - IMPuc50_ExpoComm - my_run - INFO - t_env: 100110 / 2050000
2026-02-19 14:16:33,662 - my_experiment - IMPuc50_ExpoComm - my_run - INFO - Estimated time left: 6 hours, 45 minutes, 30 seconds. Time passed: 20 minutes, 46 seconds
2026-02-19 14:21:48,921 - my_experiment - IMPuc50_ExpoComm - my_run - INFO - Recent Stats | t_env:     125100 | Episode:     4170
action_0_mean:             0.4267	action_1_mean:             0.4789	action_2_mean:             0.0944	ep_length_mean:           30.0000
epsilon:                   0.0500	grad_norm:                37.6951	info_nce_loss:             0.8705	loss:                      0.8966
q_loss:                    0.8151	q_taken_mean:              0.0462	return_mean:             -2668.3074	return_std:              1091.4358
target_mean:               0.0508	td_error_abs:              0.5996	test_action_0_mean:        0.3822	test_action_1_mean:        0.4123
test_action_2_mean:        0.2055	test_ep_length_mean:      30.0000	test_return_mean:        -4753.9820	test_return_std:         634.0104

2026-02-19 14:21:49,318 - my_experiment - IMPuc50_ExpoComm - my_run - INFO - t_env: 125130 / 2050000
2026-02-19 14:21:49,319 - my_experiment - IMPuc50_ExpoComm - my_run - INFO - Estimated time left: 6 hours, 44 minutes, 44 seconds. Time passed: 26 minutes, 1 seconds
2026-02-19 14:27:03,001 - my_experiment - IMPuc50_ExpoComm - my_run - INFO - Recent Stats | t_env:     150120 | Episode:     5004
action_0_mean:             0.4383	action_1_mean:             0.5208	action_2_mean:             0.0409	ep_length_mean:           30.0000
epsilon:                   0.0500	grad_norm:                41.5390	info_nce_loss:             0.2675	loss:                      0.6349
q_loss:                    0.5772	q_taken_mean:              0.0588	return_mean:             -1908.0458	return_std:              1183.8642
target_mean:               0.0608	td_error_abs:              0.4686	test_action_0_mean:        0.4320	test_action_1_mean:        0.5617
test_action_2_mean:        0.0062	test_ep_length_mean:      30.0000	test_return_mean:        -1846.8244	test_return_std:         806.6785

2026-02-19 14:27:03,373 - my_experiment - IMPuc50_ExpoComm - my_run - INFO - t_env: 150150 / 2050000
2026-02-19 14:27:03,374 - my_experiment - IMPuc50_ExpoComm - my_run - INFO - Estimated time left: 6 hours, 37 minutes, 27 seconds. Time passed: 31 minutes, 15 seconds
2026-02-19 14:32:20,461 - my_experiment - IMPuc50_ExpoComm - my_run - INFO - Recent Stats | t_env:     175140 | Episode:     5838
action_0_mean:             0.4687	action_1_mean:             0.4999	action_2_mean:             0.0314	ep_length_mean:           30.0000
epsilon:                   0.0500	grad_norm:                47.9489	info_nce_loss:             0.0001	loss:                      0.6609
q_loss:                    0.6008	q_taken_mean:              0.0600	return_mean:             -1571.4773	return_std:              854.4106
target_mean:               0.0624	td_error_abs:              0.4937	test_action_0_mean:        0.3939	test_action_1_mean:        0.5935
test_action_2_mean:        0.0127	test_ep_length_mean:      30.0000	test_return_mean:        -1517.6984	test_return_std:         726.5666

2026-02-19 14:32:20,841 - my_experiment - IMPuc50_ExpoComm - my_run - INFO - t_env: 175170 / 2050000
2026-02-19 14:32:20,842 - my_experiment - IMPuc50_ExpoComm - my_run - INFO - Estimated time left: 6 hours, 36 minutes, 28 seconds. Time passed: 36 minutes, 33 seconds
2026-02-19 14:37:40,002 - my_experiment - IMPuc50_ExpoComm - my_run - INFO - Saving models to work_dirs/my_experiment/IMPuc50_ExpoComm/my_run/20260219_135543/models/200040
2026-02-19 14:37:42,770 - my_experiment - IMPuc50_ExpoComm - my_run - INFO - Recent Stats | t_env:     200160 | Episode:     6672
action_0_mean:             0.4478	action_1_mean:             0.5180	action_2_mean:             0.0342	ep_length_mean:           30.0000
epsilon:                   0.0500	grad_norm:                47.7099	info_nce_loss:             0.0001	loss:                      0.6210
q_loss:                    0.5645	q_taken_mean:              0.0625	return_mean:             -1305.1489	return_std:              672.1951
target_mean:               0.0648	td_error_abs:              0.4752	test_action_0_mean:        0.3807	test_action_1_mean:        0.6033
test_action_2_mean:        0.0159	test_ep_length_mean:      30.0000	test_return_mean:        -1150.8758	test_return_std:         551.4886

2026-02-19 14:37:43,132 - my_experiment - IMPuc50_ExpoComm - my_run - INFO - t_env: 200190 / 2050000
2026-02-19 14:37:43,133 - my_experiment - IMPuc50_ExpoComm - my_run - INFO - Estimated time left: 6 hours, 37 minutes, 8 seconds. Time passed: 41 minutes, 55 seconds
2026-02-19 14:43:05,180 - my_experiment - IMPuc50_ExpoComm - my_run - INFO - Recent Stats | t_env:     225180 | Episode:     7506
action_0_mean:             0.4353	action_1_mean:             0.5288	action_2_mean:             0.0359	ep_length_mean:           30.0000
epsilon:                   0.0500	grad_norm:                44.7960	info_nce_loss:             0.0001	loss:                      0.4594
q_loss:                    0.4176	q_taken_mean:              0.0714	return_mean:             -1015.5672	return_std:              435.2943
target_mean:               0.0737	td_error_abs:              0.4027	test_action_0_mean:        0.3843	test_action_1_mean:        0.5975
test_action_2_mean:        0.0182	test_ep_length_mean:      30.0000	test_return_mean:        -779.8596	test_return_std:         395.0209

2026-02-19 14:43:05,589 - my_experiment - IMPuc50_ExpoComm - my_run - INFO - t_env: 225210 / 2050000
2026-02-19 14:43:05,590 - my_experiment - IMPuc50_ExpoComm - my_run - INFO - Estimated time left: 6 hours, 31 minutes, 57 seconds. Time passed: 47 minutes, 17 seconds
2026-02-19 14:48:28,928 - my_experiment - IMPuc50_ExpoComm - my_run - INFO - Recent Stats | t_env:     250200 | Episode:     8340
action_0_mean:             0.4167	action_1_mean:             0.5498	action_2_mean:             0.0335	ep_length_mean:           30.0000
epsilon:                   0.0500	grad_norm:                25.4450	info_nce_loss:             0.0002	loss:                      0.2673
q_loss:                    0.2430	q_taken_mean:              0.0820	return_mean:             -827.4006	return_std:              294.5406
target_mean:               0.0829	td_error_abs:              0.2983	test_action_0_mean:        0.3725	test_action_1_mean:        0.6134
test_action_2_mean:        0.0140	test_ep_length_mean:      30.0000	test_return_mean:        -579.8728	test_return_std:         233.4987

2026-02-19 14:48:29,311 - my_experiment - IMPuc50_ExpoComm - my_run - INFO - t_env: 250230 / 2050000
2026-02-19 14:48:29,312 - my_experiment - IMPuc50_ExpoComm - my_run - INFO - Estimated time left: 6 hours, 28 minutes, 6 seconds. Time passed: 52 minutes, 41 seconds
2026-02-19 14:53:41,207 - my_experiment - IMPuc50_ExpoComm - my_run - INFO - Recent Stats | t_env:     275220 | Episode:     9174
action_0_mean:             0.4051	action_1_mean:             0.5668	action_2_mean:             0.0281	ep_length_mean:           30.0000
epsilon:                   0.0500	grad_norm:                18.3329	info_nce_loss:             0.0002	loss:                      0.1567
q_loss:                    0.1425	q_taken_mean:              0.0895	return_mean:             -693.9999	return_std:              214.7817
target_mean:               0.0901	td_error_abs:              0.2165	test_action_0_mean:        0.4127	test_action_1_mean:        0.5729
test_action_2_mean:        0.0145	test_ep_length_mean:      30.0000	test_return_mean:        -388.2949	test_return_std:          71.2559

2026-02-19 14:53:41,570 - my_experiment - IMPuc50_ExpoComm - my_run - INFO - t_env: 275250 / 2050000
2026-02-19 14:53:41,571 - my_experiment - IMPuc50_ExpoComm - my_run - INFO - Estimated time left: 6 hours, 9 minutes, 9 seconds. Time passed: 57 minutes, 53 seconds
2026-02-19 14:58:47,271 - my_experiment - IMPuc50_ExpoComm - my_run - INFO - Recent Stats | t_env:     300240 | Episode:    10008
action_0_mean:             0.4039	action_1_mean:             0.5703	action_2_mean:             0.0258	ep_length_mean:           30.0000
epsilon:                   0.0500	grad_norm:                11.2040	info_nce_loss:             0.0002	loss:                      0.0668
q_loss:                    0.0607	q_taken_mean:              0.0996	return_mean:             -574.0984	return_std:               88.8122
target_mean:               0.0995	td_error_abs:              0.1463	test_action_0_mean:        0.4499	test_action_1_mean:        0.5408
test_action_2_mean:        0.0093	test_ep_length_mean:      30.0000	test_return_mean:        -320.5146	test_return_std:          40.4571

2026-02-19 14:58:47,637 - my_experiment - IMPuc50_ExpoComm - my_run - INFO - t_env: 300270 / 2050000
2026-02-19 14:58:47,638 - my_experiment - IMPuc50_ExpoComm - my_run - INFO - Estimated time left: 5 hours, 56 minutes, 44 seconds. Time passed: 1 hours, 3 minutes, 0 seconds
2026-02-19 15:03:57,403 - my_experiment - IMPuc50_ExpoComm - my_run - INFO - Recent Stats | t_env:     325260 | Episode:    10842
action_0_mean:             0.4196	action_1_mean:             0.5563	action_2_mean:             0.0242	ep_length_mean:           30.0000
epsilon:                   0.0500	grad_norm:                 8.6020	info_nce_loss:             0.0002	loss:                      0.0262
q_loss:                    0.0239	q_taken_mean:              0.1035	return_mean:             -539.8046	return_std:               66.0647
target_mean:               0.1029	td_error_abs:              0.1033	test_action_0_mean:        0.4762	test_action_1_mean:        0.5162
test_action_2_mean:        0.0076	test_ep_length_mean:      30.0000	test_return_mean:        -291.7225	test_return_std:          39.8510

2026-02-19 15:03:57,767 - my_experiment - IMPuc50_ExpoComm - my_run - INFO - t_env: 325290 / 2050000
2026-02-19 15:03:57,768 - my_experiment - IMPuc50_ExpoComm - my_run - INFO - Estimated time left: 5 hours, 56 minutes, 18 seconds. Time passed: 1 hours, 8 minutes, 10 seconds
2026-02-19 15:09:03,759 - my_experiment - IMPuc50_ExpoComm - my_run - INFO - Recent Stats | t_env:     350280 | Episode:    11676
action_0_mean:             0.4404	action_1_mean:             0.5369	action_2_mean:             0.0227	ep_length_mean:           30.0000
epsilon:                   0.0500	grad_norm:                10.4120	info_nce_loss:             0.0004	loss:                      0.0144
q_loss:                    0.0131	q_taken_mean:              0.1019	return_mean:             -515.4992	return_std:               63.8844
target_mean:               0.1017	td_error_abs:              0.0886	test_action_0_mean:        0.4669	test_action_1_mean:        0.5264
test_action_2_mean:        0.0067	test_ep_length_mean:      30.0000	test_return_mean:        -280.5797	test_return_std:          39.0475

2026-02-19 15:09:04,108 - my_experiment - IMPuc50_ExpoComm - my_run - INFO - t_env: 350310 / 2050000
2026-02-19 15:09:04,109 - my_experiment - IMPuc50_ExpoComm - my_run - INFO - Estimated time left: 5 hours, 46 minutes, 50 seconds. Time passed: 1 hours, 13 minutes, 16 seconds
2026-02-19 15:14:02,204 - my_experiment - IMPuc50_ExpoComm - my_run - INFO - Recent Stats | t_env:     375300 | Episode:    12510
action_0_mean:             0.4686	action_1_mean:             0.5090	action_2_mean:             0.0223	ep_length_mean:           30.0000
epsilon:                   0.0500	grad_norm:                 6.7413	info_nce_loss:             0.0004	loss:                      0.0105
q_loss:                    0.0095	q_taken_mean:              0.0979	return_mean:             -507.3123	return_std:               63.5356
target_mean:               0.0980	td_error_abs:              0.0746	test_action_0_mean:        0.5242	test_action_1_mean:        0.4695
test_action_2_mean:        0.0064	test_ep_length_mean:      30.0000	test_return_mean:        -277.7634	test_return_std:          43.1627

2026-02-19 15:14:02,596 - my_experiment - IMPuc50_ExpoComm - my_run - INFO - t_env: 375330 / 2050000
2026-02-19 15:14:02,597 - my_experiment - IMPuc50_ExpoComm - my_run - INFO - Estimated time left: 5 hours, 32 minutes, 58 seconds. Time passed: 1 hours, 18 minutes, 14 seconds
2026-02-19 15:18:57,993 - my_experiment - IMPuc50_ExpoComm - my_run - INFO - Saving models to work_dirs/my_experiment/IMPuc50_ExpoComm/my_run/20260219_135543/models/400050
2026-02-19 15:19:02,145 - my_experiment - IMPuc50_ExpoComm - my_run - INFO - Recent Stats | t_env:     400320 | Episode:    13344
action_0_mean:             0.5163	action_1_mean:             0.4615	action_2_mean:             0.0221	ep_length_mean:           30.0000
epsilon:                   0.0500	grad_norm:                 7.1117	info_nce_loss:             0.0003	loss:                      0.0097
q_loss:                    0.0089	q_taken_mean:              0.0938	return_mean:             -501.5763	return_std:               63.5238
target_mean:               0.0940	td_error_abs:              0.0715	test_action_0_mean:        0.5557	test_action_1_mean:        0.4380
test_action_2_mean:        0.0063	test_ep_length_mean:      30.0000	test_return_mean:        -271.0426	test_return_std:          39.0276

2026-02-19 15:19:02,495 - my_experiment - IMPuc50_ExpoComm - my_run - INFO - t_env: 400350 / 2050000
2026-02-19 15:19:02,495 - my_experiment - IMPuc50_ExpoComm - my_run - INFO - Estimated time left: 5 hours, 29 minutes, 33 seconds. Time passed: 1 hours, 23 minutes, 14 seconds
2026-02-19 15:24:01,866 - my_experiment - IMPuc50_ExpoComm - my_run - INFO - Recent Stats | t_env:     425340 | Episode:    14178
action_0_mean:             0.5433	action_1_mean:             0.4348	action_2_mean:             0.0219	ep_length_mean:           30.0000
epsilon:                   0.0500	grad_norm:                 7.2842	info_nce_loss:             0.0004	loss:                      0.0089
q_loss:                    0.0082	q_taken_mean:              0.0895	return_mean:             -494.6573	return_std:               60.8569
target_mean:               0.0898	td_error_abs:              0.0685	test_action_0_mean:        0.5622	test_action_1_mean:        0.4315
test_action_2_mean:        0.0062	test_ep_length_mean:      30.0000	test_return_mean:        -262.9396	test_return_std:          35.9876

2026-02-19 15:24:02,221 - my_experiment - IMPuc50_ExpoComm - my_run - INFO - t_env: 425370 / 2050000
2026-02-19 15:24:02,222 - my_experiment - IMPuc50_ExpoComm - my_run - INFO - Estimated time left: 5 hours, 24 minutes, 22 seconds. Time passed: 1 hours, 28 minutes, 14 seconds
2026-02-19 15:29:03,306 - my_experiment - IMPuc50_ExpoComm - my_run - INFO - Recent Stats | t_env:     450360 | Episode:    15012
action_0_mean:             0.5570	action_1_mean:             0.4213	action_2_mean:             0.0217	ep_length_mean:           30.0000
epsilon:                   0.0500	grad_norm:                 4.9354	info_nce_loss:             0.0004	loss:                      0.0073
q_loss:                    0.0067	q_taken_mean:              0.0864	return_mean:             -489.6259	return_std:               60.6297
target_mean:               0.0870	td_error_abs:              0.0614	test_action_0_mean:        0.5891	test_action_1_mean:        0.4052
test_action_2_mean:        0.0057	test_ep_length_mean:      30.0000	test_return_mean:        -253.0811	test_return_std:          35.8098

2026-02-19 15:29:03,663 - my_experiment - IMPuc50_ExpoComm - my_run - INFO - t_env: 450390 / 2050000
2026-02-19 15:29:03,664 - my_experiment - IMPuc50_ExpoComm - my_run - INFO - Estimated time left: 5 hours, 21 minutes, 12 seconds. Time passed: 1 hours, 33 minutes, 16 seconds
2026-02-19 15:34:01,660 - my_experiment - IMPuc50_ExpoComm - my_run - INFO - Recent Stats | t_env:     475380 | Episode:    15846
action_0_mean:             0.5717	action_1_mean:             0.4068	action_2_mean:             0.0215	ep_length_mean:           30.0000
epsilon:                   0.0500	grad_norm:                 2.2232	info_nce_loss:             0.0002	loss:                      0.0046
q_loss:                    0.0043	q_taken_mean:              0.0846	return_mean:             -484.8655	return_std:               60.5620
target_mean:               0.0846	td_error_abs:              0.0493	test_action_0_mean:        0.5999	test_action_1_mean:        0.3947
test_action_2_mean:        0.0054	test_ep_length_mean:      30.0000	test_return_mean:        -247.2510	test_return_std:          35.7045

2026-02-19 15:34:02,016 - my_experiment - IMPuc50_ExpoComm - my_run - INFO - t_env: 475410 / 2050000
2026-02-19 15:34:02,016 - my_experiment - IMPuc50_ExpoComm - my_run - INFO - Estimated time left: 5 hours, 12 minutes, 56 seconds. Time passed: 1 hours, 38 minutes, 14 seconds
2026-02-19 15:38:59,408 - my_experiment - IMPuc50_ExpoComm - my_run - INFO - Recent Stats | t_env:     500400 | Episode:    16680
action_0_mean:             0.5900	action_1_mean:             0.3888	action_2_mean:             0.0212	ep_length_mean:           30.0000
epsilon:                   0.0500	grad_norm:                 3.1696	info_nce_loss:             0.0002	loss:                      0.0052
q_loss:                    0.0048	q_taken_mean:              0.0829	return_mean:             -481.3756	return_std:               64.8675
target_mean:               0.0828	td_error_abs:              0.0519	test_action_0_mean:        0.5987	test_action_1_mean:        0.3958
test_action_2_mean:        0.0054	test_ep_length_mean:      30.0000	test_return_mean:        -238.3970	test_return_std:          34.2039

2026-02-19 15:38:59,847 - my_experiment - IMPuc50_ExpoComm - my_run - INFO - t_env: 500430 / 2050000
2026-02-19 15:38:59,848 - my_experiment - IMPuc50_ExpoComm - my_run - INFO - Estimated time left: 5 hours, 7 minutes, 25 seconds. Time passed: 1 hours, 43 minutes, 12 seconds
2026-02-19 15:44:01,413 - my_experiment - IMPuc50_ExpoComm - my_run - INFO - Recent Stats | t_env:     525420 | Episode:    17514
action_0_mean:             0.5904	action_1_mean:             0.3883	action_2_mean:             0.0213	ep_length_mean:           30.0000
epsilon:                   0.0500	grad_norm:                 2.8531	info_nce_loss:             0.0005	loss:                      0.0058
q_loss:                    0.0053	q_taken_mean:              0.0812	return_mean:             -478.3066	return_std:               64.1994
target_mean:               0.0811	td_error_abs:              0.0534	test_action_0_mean:        0.5814	test_action_1_mean:        0.4129
test_action_2_mean:        0.0057	test_ep_length_mean:      30.0000	test_return_mean:        -233.6269	test_return_std:          34.0323

2026-02-19 15:44:01,782 - my_experiment - IMPuc50_ExpoComm - my_run - INFO - t_env: 525450 / 2050000
2026-02-19 15:44:01,783 - my_experiment - IMPuc50_ExpoComm - my_run - INFO - Estimated time left: 5 hours, 6 minutes, 37 seconds. Time passed: 1 hours, 48 minutes, 14 seconds
2026-02-19 15:49:00,763 - my_experiment - IMPuc50_ExpoComm - my_run - INFO - Recent Stats | t_env:     550440 | Episode:    18348
action_0_mean:             0.5796	action_1_mean:             0.3990	action_2_mean:             0.0214	ep_length_mean:           30.0000
epsilon:                   0.0500	grad_norm:                 2.5466	info_nce_loss:             0.0005	loss:                      0.0062
q_loss:                    0.0056	q_taken_mean:              0.0801	return_mean:             -475.5899	return_std:               63.8996
target_mean:               0.0799	td_error_abs:              0.0549	test_action_0_mean:        0.5623	test_action_1_mean:        0.4320
test_action_2_mean:        0.0057	test_ep_length_mean:      30.0000	test_return_mean:        -228.4001	test_return_std:          33.2474

2026-02-19 15:49:01,122 - my_experiment - IMPuc50_ExpoComm - my_run - INFO - t_env: 550470 / 2050000
2026-02-19 15:49:01,123 - my_experiment - IMPuc50_ExpoComm - my_run - INFO - Estimated time left: 4 hours, 59 minutes, 0 seconds. Time passed: 1 hours, 53 minutes, 13 seconds
2026-02-19 15:54:00,539 - my_experiment - IMPuc50_ExpoComm - my_run - INFO - Recent Stats | t_env:     575460 | Episode:    19182
action_0_mean:             0.5758	action_1_mean:             0.4029	action_2_mean:             0.0213	ep_length_mean:           30.0000
epsilon:                   0.0500	grad_norm:                 2.5273	info_nce_loss:             0.0004	loss:                      0.0060
q_loss:                    0.0055	q_taken_mean:              0.0791	return_mean:             -473.3348	return_std:               63.6889
target_mean:               0.0788	td_error_abs:              0.0537	test_action_0_mean:        0.5400	test_action_1_mean:        0.4544
test_action_2_mean:        0.0056	test_ep_length_mean:      30.0000	test_return_mean:        -222.2372	test_return_std:          31.2434

2026-02-19 15:54:00,892 - my_experiment - IMPuc50_ExpoComm - my_run - INFO - t_env: 575490 / 2050000
2026-02-19 15:54:00,893 - my_experiment - IMPuc50_ExpoComm - my_run - INFO - Estimated time left: 4 hours, 54 minutes, 26 seconds. Time passed: 1 hours, 58 minutes, 13 seconds
2026-02-19 15:58:52,810 - my_experiment - IMPuc50_ExpoComm - my_run - INFO - Saving models to work_dirs/my_experiment/IMPuc50_ExpoComm/my_run/20260219_135543/models/600060
2026-02-19 15:58:57,905 - my_experiment - IMPuc50_ExpoComm - my_run - INFO - Recent Stats | t_env:     600480 | Episode:    20016
action_0_mean:             0.5814	action_1_mean:             0.3975	action_2_mean:             0.0211	ep_length_mean:           30.0000
epsilon:                   0.0500	grad_norm:                 3.1280	info_nce_loss:             0.0004	loss:                      0.0065
q_loss:                    0.0059	q_taken_mean:              0.0784	return_mean:             -470.8608	return_std:               63.7435
target_mean:               0.0781	td_error_abs:              0.0568	test_action_0_mean:        0.5451	test_action_1_mean:        0.4495
test_action_2_mean:        0.0054	test_ep_length_mean:      30.0000	test_return_mean:        -217.1084	test_return_std:          32.6408

2026-02-19 15:58:58,256 - my_experiment - IMPuc50_ExpoComm - my_run - INFO - t_env: 600510 / 2050000
2026-02-19 15:58:58,257 - my_experiment - IMPuc50_ExpoComm - my_run - INFO - Estimated time left: 4 hours, 47 minutes, 7 seconds. Time passed: 2 hours, 3 minutes, 10 seconds
2026-02-19 16:03:52,594 - my_experiment - IMPuc50_ExpoComm - my_run - INFO - Recent Stats | t_env:     625500 | Episode:    20850
action_0_mean:             0.5869	action_1_mean:             0.3920	action_2_mean:             0.0211	ep_length_mean:           30.0000
epsilon:                   0.0500	grad_norm:                 2.4485	info_nce_loss:             0.0003	loss:                      0.0061
q_loss:                    0.0055	q_taken_mean:              0.0774	return_mean:             -467.1850	return_std:               59.6154
target_mean:               0.0773	td_error_abs:              0.0547	test_action_0_mean:        0.5620	test_action_1_mean:        0.4327
test_action_2_mean:        0.0053	test_ep_length_mean:      30.0000	test_return_mean:        -214.8490	test_return_std:          32.0164

2026-02-19 16:03:52,945 - my_experiment - IMPuc50_ExpoComm - my_run - INFO - t_env: 625530 / 2050000
2026-02-19 16:03:52,946 - my_experiment - IMPuc50_ExpoComm - my_run - INFO - Estimated time left: 4 hours, 39 minutes, 37 seconds. Time passed: 2 hours, 8 minutes, 5 seconds
2026-02-19 16:08:50,110 - my_experiment - IMPuc50_ExpoComm - my_run - INFO - Recent Stats | t_env:     650520 | Episode:    21684
action_0_mean:             0.5980	action_1_mean:             0.3811	action_2_mean:             0.0209	ep_length_mean:           30.0000
epsilon:                   0.0500	grad_norm:                 2.4979	info_nce_loss:             0.0001	loss:                      0.0058
q_loss:                    0.0053	q_taken_mean:              0.0767	return_mean:             -464.5820	return_std:               59.4845
target_mean:               0.0765	td_error_abs:              0.0540	test_action_0_mean:        0.5921	test_action_1_mean:        0.4029
test_action_2_mean:        0.0049	test_ep_length_mean:      30.0000	test_return_mean:        -209.9279	test_return_std:          34.0014

2026-02-19 16:08:50,454 - my_experiment - IMPuc50_ExpoComm - my_run - INFO - t_env: 650550 / 2050000
2026-02-19 16:08:50,454 - my_experiment - IMPuc50_ExpoComm - my_run - INFO - Estimated time left: 4 hours, 37 minutes, 20 seconds. Time passed: 2 hours, 13 minutes, 2 seconds
2026-02-19 16:13:44,869 - my_experiment - IMPuc50_ExpoComm - my_run - INFO - Recent Stats | t_env:     675540 | Episode:    22518
action_0_mean:             0.6130	action_1_mean:             0.3663	action_2_mean:             0.0208	ep_length_mean:           30.0000
epsilon:                   0.0500	grad_norm:                 2.5537	info_nce_loss:             0.0002	loss:                      0.0059
q_loss:                    0.0054	q_taken_mean:              0.0761	return_mean:             -463.2667	return_std:               59.9310
target_mean:               0.0759	td_error_abs:              0.0533	test_action_0_mean:        0.6312	test_action_1_mean:        0.3641
test_action_2_mean:        0.0047	test_ep_length_mean:      30.0000	test_return_mean:        -206.0011	test_return_std:          36.1789

2026-02-19 16:13:45,226 - my_experiment - IMPuc50_ExpoComm - my_run - INFO - t_env: 675570 / 2050000
2026-02-19 16:13:45,227 - my_experiment - IMPuc50_ExpoComm - my_run - INFO - Estimated time left: 4 hours, 29 minutes, 52 seconds. Time passed: 2 hours, 17 minutes, 57 seconds
2026-02-19 16:18:41,438 - my_experiment - IMPuc50_ExpoComm - my_run - INFO - Recent Stats | t_env:     700560 | Episode:    23352
action_0_mean:             0.6342	action_1_mean:             0.3452	action_2_mean:             0.0206	ep_length_mean:           30.0000
epsilon:                   0.0500	grad_norm:                 2.5057	info_nce_loss:             0.0002	loss:                      0.0063
q_loss:                    0.0057	q_taken_mean:              0.0755	return_mean:             -461.4296	return_std:               60.3155
target_mean:               0.0752	td_error_abs:              0.0550	test_action_0_mean:        0.6673	test_action_1_mean:        0.3279
test_action_2_mean:        0.0048	test_ep_length_mean:      30.0000	test_return_mean:        -208.2735	test_return_std:          38.0185

2026-02-19 16:18:41,784 - my_experiment - IMPuc50_ExpoComm - my_run - INFO - t_env: 700590 / 2050000
2026-02-19 16:18:41,784 - my_experiment - IMPuc50_ExpoComm - my_run - INFO - Estimated time left: 4 hours, 26 minutes, 34 seconds. Time passed: 2 hours, 22 minutes, 54 seconds
2026-02-19 16:23:36,519 - my_experiment - IMPuc50_ExpoComm - my_run - INFO - Recent Stats | t_env:     725580 | Episode:    24186
action_0_mean:             0.6440	action_1_mean:             0.3354	action_2_mean:             0.0206	ep_length_mean:           30.0000
epsilon:                   0.0500	grad_norm:                 1.3608	info_nce_loss:             0.0002	loss:                      0.0060
q_loss:                    0.0055	q_taken_mean:              0.0746	return_mean:             -460.1041	return_std:               61.0768
target_mean:               0.0746	td_error_abs:              0.0525	test_action_0_mean:        0.6751	test_action_1_mean:        0.3201
test_action_2_mean:        0.0047	test_ep_length_mean:      30.0000	test_return_mean:        -203.5861	test_return_std:          36.0218

2026-02-19 16:23:36,874 - my_experiment - IMPuc50_ExpoComm - my_run - INFO - t_env: 725610 / 2050000
2026-02-19 16:23:36,875 - my_experiment - IMPuc50_ExpoComm - my_run - INFO - Estimated time left: 4 hours, 20 minutes, 20 seconds. Time passed: 2 hours, 27 minutes, 49 seconds
2026-02-19 16:28:33,054 - my_experiment - IMPuc50_ExpoComm - my_run - INFO - Recent Stats | t_env:     750600 | Episode:    25020
action_0_mean:             0.6471	action_1_mean:             0.3323	action_2_mean:             0.0206	ep_length_mean:           30.0000
epsilon:                   0.0500	grad_norm:                 1.0277	info_nce_loss:             0.0004	loss:                      0.0063
q_loss:                    0.0057	q_taken_mean:              0.0744	return_mean:             -459.3633	return_std:               61.8433
target_mean:               0.0743	td_error_abs:              0.0529	test_action_0_mean:        0.6656	test_action_1_mean:        0.3296
test_action_2_mean:        0.0048	test_ep_length_mean:      30.0000	test_return_mean:        -198.0177	test_return_std:          34.8045

2026-02-19 16:28:33,416 - my_experiment - IMPuc50_ExpoComm - my_run - INFO - t_env: 750630 / 2050000
2026-02-19 16:28:33,416 - my_experiment - IMPuc50_ExpoComm - my_run - INFO - Estimated time left: 4 hours, 16 minutes, 40 seconds. Time passed: 2 hours, 32 minutes, 45 seconds
2026-02-19 16:33:32,578 - my_experiment - IMPuc50_ExpoComm - my_run - INFO - Recent Stats | t_env:     775620 | Episode:    25854
action_0_mean:             0.6434	action_1_mean:             0.3360	action_2_mean:             0.0206	ep_length_mean:           30.0000
epsilon:                   0.0500	grad_norm:                 0.7181	info_nce_loss:             0.0003	loss:                      0.0066
q_loss:                    0.0060	q_taken_mean:              0.0741	return_mean:             -457.6694	return_std:               62.7280
target_mean:               0.0740	td_error_abs:              0.0527	test_action_0_mean:        0.6510	test_action_1_mean:        0.3442
test_action_2_mean:        0.0049	test_ep_length_mean:      30.0000	test_return_mean:        -192.5542	test_return_std:          31.2552

2026-02-19 16:33:32,933 - my_experiment - IMPuc50_ExpoComm - my_run - INFO - t_env: 775650 / 2050000
2026-02-19 16:33:32,934 - my_experiment - IMPuc50_ExpoComm - my_run - INFO - Estimated time left: 4 hours, 14 minutes, 15 seconds. Time passed: 2 hours, 37 minutes, 45 seconds
2026-02-19 16:38:25,321 - my_experiment - IMPuc50_ExpoComm - my_run - INFO - Saving models to work_dirs/my_experiment/IMPuc50_ExpoComm/my_run/20260219_135543/models/800070
2026-02-19 16:38:31,884 - my_experiment - IMPuc50_ExpoComm - my_run - INFO - Recent Stats | t_env:     800640 | Episode:    26688
action_0_mean:             0.6389	action_1_mean:             0.3405	action_2_mean:             0.0206	ep_length_mean:           30.0000
epsilon:                   0.0500	grad_norm:                 0.7659	info_nce_loss:             0.0002	loss:                      0.0075
q_loss:                    0.0068	q_taken_mean:              0.0737	return_mean:             -455.2953	return_std:               62.2320
target_mean:               0.0736	td_error_abs:              0.0549	test_action_0_mean:        0.6429	test_action_1_mean:        0.3522
test_action_2_mean:        0.0048	test_ep_length_mean:      30.0000	test_return_mean:        -187.1734	test_return_std:          28.4410

2026-02-19 16:38:32,230 - my_experiment - IMPuc50_ExpoComm - my_run - INFO - t_env: 800670 / 2050000
2026-02-19 16:38:32,231 - my_experiment - IMPuc50_ExpoComm - my_run - INFO - Estimated time left: 4 hours, 9 minutes, 4 seconds. Time passed: 2 hours, 42 minutes, 44 seconds
2026-02-19 16:43:26,519 - my_experiment - IMPuc50_ExpoComm - my_run - INFO - Recent Stats | t_env:     825660 | Episode:    27522
action_0_mean:             0.6312	action_1_mean:             0.3482	action_2_mean:             0.0206	ep_length_mean:           30.0000
epsilon:                   0.0500	grad_norm:                 1.0456	info_nce_loss:             0.0003	loss:                      0.0076
q_loss:                    0.0069	q_taken_mean:              0.0733	return_mean:             -453.9107	return_std:               62.4878
target_mean:               0.0733	td_error_abs:              0.0556	test_action_0_mean:        0.6382	test_action_1_mean:        0.3571
test_action_2_mean:        0.0047	test_ep_length_mean:      30.0000	test_return_mean:        -181.0508	test_return_std:          28.4568

2026-02-19 16:43:26,869 - my_experiment - IMPuc50_ExpoComm - my_run - INFO - t_env: 825690 / 2050000
2026-02-19 16:43:26,870 - my_experiment - IMPuc50_ExpoComm - my_run - INFO - Estimated time left: 4 hours, 17 seconds. Time passed: 2 hours, 47 minutes, 39 seconds
2026-02-19 16:48:22,654 - my_experiment - IMPuc50_ExpoComm - my_run - INFO - Recent Stats | t_env:     850680 | Episode:    28356
action_0_mean:             0.6337	action_1_mean:             0.3457	action_2_mean:             0.0206	ep_length_mean:           30.0000
epsilon:                   0.0500	grad_norm:                 1.0104	info_nce_loss:             0.0004	loss:                      0.0078
q_loss:                    0.0071	q_taken_mean:              0.0730	return_mean:             -454.1332	return_std:               62.6174
target_mean:               0.0730	td_error_abs:              0.0557	test_action_0_mean:        0.6404	test_action_1_mean:        0.3549
test_action_2_mean:        0.0047	test_ep_length_mean:      30.0000	test_return_mean:        -182.0746	test_return_std:          28.2658

2026-02-19 16:48:23,014 - my_experiment - IMPuc50_ExpoComm - my_run - INFO - t_env: 850710 / 2050000
2026-02-19 16:48:23,015 - my_experiment - IMPuc50_ExpoComm - my_run - INFO - Estimated time left: 3 hours, 56 minutes, 35 seconds. Time passed: 2 hours, 52 minutes, 35 seconds
2026-02-19 16:53:23,620 - my_experiment - IMPuc50_ExpoComm - my_run - INFO - Recent Stats | t_env:     875700 | Episode:    29190
action_0_mean:             0.6336	action_1_mean:             0.3458	action_2_mean:             0.0206	ep_length_mean:           30.0000
epsilon:                   0.0500	grad_norm:                 1.5140	info_nce_loss:             0.0004	loss:                      0.0085
q_loss:                    0.0077	q_taken_mean:              0.0723	return_mean:             -453.9607	return_std:               62.3577
target_mean:               0.0724	td_error_abs:              0.0592	test_action_0_mean:        0.6282	test_action_1_mean:        0.3671
test_action_2_mean:        0.0047	test_ep_length_mean:      30.0000	test_return_mean:        -189.6669	test_return_std:          30.4471

2026-02-19 16:53:23,979 - my_experiment - IMPuc50_ExpoComm - my_run - INFO - t_env: 875730 / 2050000
2026-02-19 16:53:23,980 - my_experiment - IMPuc50_ExpoComm - my_run - INFO - Estimated time left: 3 hours, 55 minutes, 25 seconds. Time passed: 2 hours, 57 minutes, 36 seconds
2026-02-19 16:58:23,501 - my_experiment - IMPuc50_ExpoComm - my_run - INFO - Recent Stats | t_env:     900720 | Episode:    30024
action_0_mean:             0.6290	action_1_mean:             0.3504	action_2_mean:             0.0206	ep_length_mean:           30.0000
epsilon:                   0.0500	grad_norm:                 1.8035	info_nce_loss:             0.0005	loss:                      0.0085
q_loss:                    0.0077	q_taken_mean:              0.0718	return_mean:             -453.5669	return_std:               61.7592
target_mean:               0.0720	td_error_abs:              0.0601	test_action_0_mean:        0.6311	test_action_1_mean:        0.3642
test_action_2_mean:        0.0047	test_ep_length_mean:      30.0000	test_return_mean:        -190.2466	test_return_std:          31.4793

2026-02-19 16:58:23,842 - my_experiment - IMPuc50_ExpoComm - my_run - INFO - t_env: 900750 / 2050000
2026-02-19 16:58:23,842 - my_experiment - IMPuc50_ExpoComm - my_run - INFO - Estimated time left: 3 hours, 49 minutes, 33 seconds. Time passed: 3 hours, 2 minutes, 36 seconds
2026-02-19 17:03:18,045 - my_experiment - IMPuc50_ExpoComm - my_run - INFO - Recent Stats | t_env:     925740 | Episode:    30858
action_0_mean:             0.6348	action_1_mean:             0.3447	action_2_mean:             0.0206	ep_length_mean:           30.0000
epsilon:                   0.0500	grad_norm:                 1.6555	info_nce_loss:             0.0005	loss:                      0.0077
q_loss:                    0.0070	q_taken_mean:              0.0715	return_mean:             -452.9503	return_std:               61.9830
target_mean:               0.0717	td_error_abs:              0.0584	test_action_0_mean:        0.6459	test_action_1_mean:        0.3495
test_action_2_mean:        0.0046	test_ep_length_mean:      30.0000	test_return_mean:        -191.5661	test_return_std:          31.3316

2026-02-19 17:03:18,403 - my_experiment - IMPuc50_ExpoComm - my_run - INFO - t_env: 925770 / 2050000
2026-02-19 17:03:18,404 - my_experiment - IMPuc50_ExpoComm - my_run - INFO - Estimated time left: 3 hours, 40 minutes, 35 seconds. Time passed: 3 hours, 7 minutes, 30 seconds
2026-02-19 17:08:14,315 - my_experiment - IMPuc50_ExpoComm - my_run - INFO - Recent Stats | t_env:     950760 | Episode:    31692
action_0_mean:             0.6473	action_1_mean:             0.3321	action_2_mean:             0.0206	ep_length_mean:           30.0000
epsilon:                   0.0500	grad_norm:                 2.1440	info_nce_loss:             0.0004	loss:                      0.0083
q_loss:                    0.0077	q_taken_mean:              0.0707	return_mean:             -452.5063	return_std:               62.3120
target_mean:               0.0711	td_error_abs:              0.0623	test_action_0_mean:        0.6533	test_action_1_mean:        0.3420
test_action_2_mean:        0.0047	test_ep_length_mean:      30.0000	test_return_mean:        -192.4463	test_return_std:          30.7021

2026-02-19 17:08:14,679 - my_experiment - IMPuc50_ExpoComm - my_run - INFO - t_env: 950790 / 2050000
2026-02-19 17:08:14,680 - my_experiment - IMPuc50_ExpoComm - my_run - INFO - Estimated time left: 3 hours, 36 minutes, 56 seconds. Time passed: 3 hours, 12 minutes, 27 seconds
2026-02-19 17:13:12,010 - my_experiment - IMPuc50_ExpoComm - my_run - INFO - Recent Stats | t_env:     975780 | Episode:    32526
action_0_mean:             0.6483	action_1_mean:             0.3311	action_2_mean:             0.0206	ep_length_mean:           30.0000
epsilon:                   0.0500	grad_norm:                 2.1726	info_nce_loss:             0.0003	loss:                      0.0082
q_loss:                    0.0077	q_taken_mean:              0.0704	return_mean:             -450.8954	return_std:               61.3115
target_mean:               0.0708	td_error_abs:              0.0624	test_action_0_mean:        0.6418	test_action_1_mean:        0.3534
test_action_2_mean:        0.0048	test_ep_length_mean:      30.0000	test_return_mean:        -191.0045	test_return_std:          30.4468

2026-02-19 17:13:12,365 - my_experiment - IMPuc50_ExpoComm - my_run - INFO - t_env: 975810 / 2050000
2026-02-19 17:13:12,366 - my_experiment - IMPuc50_ExpoComm - my_run - INFO - Estimated time left: 3 hours, 33 minutes, 0 seconds. Time passed: 3 hours, 17 minutes, 24 seconds
2026-02-19 17:18:00,564 - my_experiment - IMPuc50_ExpoComm - my_run - INFO - Saving models to work_dirs/my_experiment/IMPuc50_ExpoComm/my_run/20260219_135543/models/1000080
2026-02-19 17:18:08,952 - my_experiment - IMPuc50_ExpoComm - my_run - INFO - Recent Stats | t_env:    1000800 | Episode:    33360
action_0_mean:             0.6505	action_1_mean:             0.3289	action_2_mean:             0.0206	ep_length_mean:           30.0000
epsilon:                   0.0500	grad_norm:                 1.8116	info_nce_loss:             0.0001	loss:                      0.0080
q_loss:                    0.0074	q_taken_mean:              0.0705	return_mean:             -448.4416	return_std:               60.3363
target_mean:               0.0707	td_error_abs:              0.0600	test_action_0_mean:        0.6573	test_action_1_mean:        0.3378
test_action_2_mean:        0.0049	test_ep_length_mean:      30.0000	test_return_mean:        -184.1938	test_return_std:          28.2080

2026-02-19 17:18:09,299 - my_experiment - IMPuc50_ExpoComm - my_run - INFO - t_env: 1000830 / 2050000
2026-02-19 17:18:09,300 - my_experiment - IMPuc50_ExpoComm - my_run - INFO - Estimated time left: 3 hours, 27 minutes, 31 seconds. Time passed: 3 hours, 22 minutes, 21 seconds
2026-02-19 17:23:03,041 - my_experiment - IMPuc50_ExpoComm - my_run - INFO - Recent Stats | t_env:    1025820 | Episode:    34194
action_0_mean:             0.6609	action_1_mean:             0.3185	action_2_mean:             0.0206	ep_length_mean:           30.0000
epsilon:                   0.0500	grad_norm:                 1.5725	info_nce_loss:             0.0001	loss:                      0.0077
q_loss:                    0.0073	q_taken_mean:              0.0701	return_mean:             -448.1175	return_std:               60.2357
target_mean:               0.0702	td_error_abs:              0.0595	test_action_0_mean:        0.6825	test_action_1_mean:        0.3128
test_action_2_mean:        0.0047	test_ep_length_mean:      30.0000	test_return_mean:        -181.9704	test_return_std:          28.7682

2026-02-19 17:23:03,399 - my_experiment - IMPuc50_ExpoComm - my_run - INFO - t_env: 1025850 / 2050000
2026-02-19 17:23:03,400 - my_experiment - IMPuc50_ExpoComm - my_run - INFO - Estimated time left: 3 hours, 20 minutes, 38 seconds. Time passed: 3 hours, 27 minutes, 15 seconds
2026-02-19 17:27:56,813 - my_experiment - IMPuc50_ExpoComm - my_run - INFO - Recent Stats | t_env:    1050840 | Episode:    35028
action_0_mean:             0.6729	action_1_mean:             0.3065	action_2_mean:             0.0206	ep_length_mean:           30.0000
epsilon:                   0.0500	grad_norm:                 1.5025	info_nce_loss:             0.0001	loss:                      0.0080
q_loss:                    0.0076	q_taken_mean:              0.0697	return_mean:             -447.4038	return_std:               60.3732
target_mean:               0.0699	td_error_abs:              0.0601	test_action_0_mean:        0.6681	test_action_1_mean:        0.3271
test_action_2_mean:        0.0048	test_ep_length_mean:      30.0000	test_return_mean:        -181.2108	test_return_std:          28.8796

2026-02-19 17:27:57,167 - my_experiment - IMPuc50_ExpoComm - my_run - INFO - t_env: 1050870 / 2050000
2026-02-19 17:27:57,168 - my_experiment - IMPuc50_ExpoComm - my_run - INFO - Estimated time left: 3 hours, 15 minutes, 31 seconds. Time passed: 3 hours, 32 minutes, 9 seconds
2026-02-19 17:32:52,344 - my_experiment - IMPuc50_ExpoComm - my_run - INFO - Recent Stats | t_env:    1075860 | Episode:    35862
action_0_mean:             0.6749	action_1_mean:             0.3046	action_2_mean:             0.0206	ep_length_mean:           30.0000
epsilon:                   0.0500	grad_norm:                 0.7463	info_nce_loss:             0.0001	loss:                      0.0079
q_loss:                    0.0073	q_taken_mean:              0.0696	return_mean:             -446.5010	return_std:               59.5930
target_mean:               0.0696	td_error_abs:              0.0571	test_action_0_mean:        0.6666	test_action_1_mean:        0.3286
test_action_2_mean:        0.0048	test_ep_length_mean:      30.0000	test_return_mean:        -179.1418	test_return_std:          29.5999

2026-02-19 17:32:52,696 - my_experiment - IMPuc50_ExpoComm - my_run - INFO - t_env: 1075890 / 2050000
2026-02-19 17:32:52,697 - my_experiment - IMPuc50_ExpoComm - my_run - INFO - Estimated time left: 3 hours, 11 minutes, 45 seconds. Time passed: 3 hours, 37 minutes, 5 seconds
2026-02-19 17:37:43,217 - my_experiment - IMPuc50_ExpoComm - my_run - INFO - Recent Stats | t_env:    1100880 | Episode:    36696
action_0_mean:             0.6801	action_1_mean:             0.2994	action_2_mean:             0.0205	ep_length_mean:           30.0000
epsilon:                   0.0500	grad_norm:                 0.8485	info_nce_loss:             0.0000	loss:                      0.0081
q_loss:                    0.0075	q_taken_mean:              0.0694	return_mean:             -445.5534	return_std:               59.9314
target_mean:               0.0693	td_error_abs:              0.0577	test_action_0_mean:        0.6773	test_action_1_mean:        0.3179
test_action_2_mean:        0.0048	test_ep_length_mean:      30.0000	test_return_mean:        -176.5806	test_return_std:          29.2063

2026-02-19 17:37:43,556 - my_experiment - IMPuc50_ExpoComm - my_run - INFO - t_env: 1100910 / 2050000
2026-02-19 17:37:43,557 - my_experiment - IMPuc50_ExpoComm - my_run - INFO - Estimated time left: 3 hours, 3 minutes, 53 seconds. Time passed: 3 hours, 41 minutes, 55 seconds
2026-02-19 17:42:36,794 - my_experiment - IMPuc50_ExpoComm - my_run - INFO - Recent Stats | t_env:    1125900 | Episode:    37530
action_0_mean:             0.6869	action_1_mean:             0.2926	action_2_mean:             0.0206	ep_length_mean:           30.0000
epsilon:                   0.0500	grad_norm:                 0.6839	info_nce_loss:             0.0000	loss:                      0.0084
q_loss:                    0.0077	q_taken_mean:              0.0689	return_mean:             -446.2860	return_std:               60.5393
target_mean:               0.0689	td_error_abs:              0.0586	test_action_0_mean:        0.6941	test_action_1_mean:        0.3014
test_action_2_mean:        0.0045	test_ep_length_mean:      30.0000	test_return_mean:        -175.4931	test_return_std:          29.4603

2026-02-19 17:42:37,146 - my_experiment - IMPuc50_ExpoComm - my_run - INFO - t_env: 1125930 / 2050000
2026-02-19 17:42:37,147 - my_experiment - IMPuc50_ExpoComm - my_run - INFO - Estimated time left: 3 hours, 43 seconds. Time passed: 3 hours, 46 minutes, 49 seconds
2026-02-19 17:47:34,698 - my_experiment - IMPuc50_ExpoComm - my_run - INFO - Recent Stats | t_env:    1150920 | Episode:    38364
action_0_mean:             0.6940	action_1_mean:             0.2854	action_2_mean:             0.0206	ep_length_mean:           30.0000
epsilon:                   0.0500	grad_norm:                 0.6414	info_nce_loss:             0.0000	loss:                      0.0087
q_loss:                    0.0081	q_taken_mean:              0.0686	return_mean:             -448.0684	return_std:               61.6479
target_mean:               0.0686	td_error_abs:              0.0595	test_action_0_mean:        0.6728	test_action_1_mean:        0.3226
test_action_2_mean:        0.0046	test_ep_length_mean:      30.0000	test_return_mean:        -177.0809	test_return_std:          29.1449

2026-02-19 17:47:35,058 - my_experiment - IMPuc50_ExpoComm - my_run - INFO - t_env: 1150950 / 2050000
2026-02-19 17:47:35,059 - my_experiment - IMPuc50_ExpoComm - my_run - INFO - Estimated time left: 2 hours, 58 minutes, 24 seconds. Time passed: 3 hours, 51 minutes, 47 seconds
2026-02-19 17:52:31,756 - my_experiment - IMPuc50_ExpoComm - my_run - INFO - Recent Stats | t_env:    1175940 | Episode:    39198
action_0_mean:             0.6863	action_1_mean:             0.2931	action_2_mean:             0.0207	ep_length_mean:           30.0000
epsilon:                   0.0500	grad_norm:                 0.7640	info_nce_loss:             0.0000	loss:                      0.0086
q_loss:                    0.0080	q_taken_mean:              0.0681	return_mean:             -448.4016	return_std:               61.6418
target_mean:               0.0682	td_error_abs:              0.0602	test_action_0_mean:        0.6776	test_action_1_mean:        0.3179
test_action_2_mean:        0.0045	test_ep_length_mean:      30.0000	test_return_mean:        -176.6121	test_return_std:          29.0341

2026-02-19 17:52:32,101 - my_experiment - IMPuc50_ExpoComm - my_run - INFO - t_env: 1175970 / 2050000
2026-02-19 17:52:32,102 - my_experiment - IMPuc50_ExpoComm - my_run - INFO - Estimated time left: 2 hours, 52 minutes, 56 seconds. Time passed: 3 hours, 56 minutes, 44 seconds
2026-02-19 17:57:11,618 - my_experiment - IMPuc50_ExpoComm - my_run - INFO - Saving models to work_dirs/my_experiment/IMPuc50_ExpoComm/my_run/20260219_135543/models/1200090
2026-02-19 17:57:21,264 - my_experiment - IMPuc50_ExpoComm - my_run - INFO - Recent Stats | t_env:    1200960 | Episode:    40032
action_0_mean:             0.6810	action_1_mean:             0.2983	action_2_mean:             0.0207	ep_length_mean:           30.0000
epsilon:                   0.0500	grad_norm:                 0.7506	info_nce_loss:             0.0000	loss:                      0.0085
q_loss:                    0.0079	q_taken_mean:              0.0679	return_mean:             -448.9322	return_std:               62.1319
target_mean:               0.0680	td_error_abs:              0.0603	test_action_0_mean:        0.6796	test_action_1_mean:        0.3158
test_action_2_mean:        0.0046	test_ep_length_mean:      30.0000	test_return_mean:        -177.6628	test_return_std:          28.4389

2026-02-19 17:57:21,607 - my_experiment - IMPuc50_ExpoComm - my_run - INFO - t_env: 1200990 / 2050000
2026-02-19 17:57:21,608 - my_experiment - IMPuc50_ExpoComm - my_run - INFO - Estimated time left: 2 hours, 43 minutes, 43 seconds. Time passed: 4 hours, 1 minutes, 33 seconds
2026-02-19 18:02:13,347 - my_experiment - IMPuc50_ExpoComm - my_run - INFO - Recent Stats | t_env:    1225980 | Episode:    40866
action_0_mean:             0.6837	action_1_mean:             0.2955	action_2_mean:             0.0208	ep_length_mean:           30.0000
epsilon:                   0.0500	grad_norm:                 0.6378	info_nce_loss:             0.0001	loss:                      0.0087
q_loss:                    0.0080	q_taken_mean:              0.0675	return_mean:             -449.8975	return_std:               62.3656
target_mean:               0.0676	td_error_abs:              0.0608	test_action_0_mean:        0.6971	test_action_1_mean:        0.2983
test_action_2_mean:        0.0046	test_ep_length_mean:      30.0000	test_return_mean:        -181.1907	test_return_std:          30.0034

2026-02-19 18:02:13,700 - my_experiment - IMPuc50_ExpoComm - my_run - INFO - t_env: 1226010 / 2050000
2026-02-19 18:02:13,700 - my_experiment - IMPuc50_ExpoComm - my_run - INFO - Estimated time left: 2 hours, 40 minutes, 19 seconds. Time passed: 4 hours, 6 minutes, 26 seconds
2026-02-19 18:07:07,543 - my_experiment - IMPuc50_ExpoComm - my_run - INFO - Recent Stats | t_env:    1251000 | Episode:    41700
action_0_mean:             0.6869	action_1_mean:             0.2923	action_2_mean:             0.0208	ep_length_mean:           30.0000
epsilon:                   0.0500	grad_norm:                 0.8518	info_nce_loss:             0.0001	loss:                      0.0088
q_loss:                    0.0081	q_taken_mean:              0.0670	return_mean:             -449.2397	return_std:               61.5470
target_mean:               0.0671	td_error_abs:              0.0618	test_action_0_mean:        0.6826	test_action_1_mean:        0.3126
test_action_2_mean:        0.0048	test_ep_length_mean:      30.0000	test_return_mean:        -180.4849	test_return_std:          29.1600

2026-02-19 18:07:07,899 - my_experiment - IMPuc50_ExpoComm - my_run - INFO - t_env: 1251030 / 2050000
2026-02-19 18:07:07,900 - my_experiment - IMPuc50_ExpoComm - my_run - INFO - Estimated time left: 2 hours, 36 minutes, 34 seconds. Time passed: 4 hours, 11 minutes, 20 seconds
2026-02-19 18:12:02,704 - my_experiment - IMPuc50_ExpoComm - my_run - INFO - Recent Stats | t_env:    1276020 | Episode:    42534
action_0_mean:             0.6869	action_1_mean:             0.2924	action_2_mean:             0.0207	ep_length_mean:           30.0000
epsilon:                   0.0500	grad_norm:                 1.0934	info_nce_loss:             0.0001	loss:                      0.0093
q_loss:                    0.0085	q_taken_mean:              0.0667	return_mean:             -446.1169	return_std:               60.9959
target_mean:               0.0667	td_error_abs:              0.0626	test_action_0_mean:        0.6985	test_action_1_mean:        0.2968
test_action_2_mean:        0.0048	test_ep_length_mean:      30.0000	test_return_mean:        -178.1514	test_return_std:          29.2252

2026-02-19 18:12:03,054 - my_experiment - IMPuc50_ExpoComm - my_run - INFO - t_env: 1276050 / 2050000
2026-02-19 18:12:03,055 - my_experiment - IMPuc50_ExpoComm - my_run - INFO - Estimated time left: 2 hours, 32 minutes, 10 seconds. Time passed: 4 hours, 16 minutes, 15 seconds
2026-02-19 18:16:56,282 - my_experiment - IMPuc50_ExpoComm - my_run - INFO - Recent Stats | t_env:    1301040 | Episode:    43368
action_0_mean:             0.6955	action_1_mean:             0.2839	action_2_mean:             0.0206	ep_length_mean:           30.0000
epsilon:                   0.0500	grad_norm:                 1.2922	info_nce_loss:             0.0001	loss:                      0.0099
q_loss:                    0.0090	q_taken_mean:              0.0669	return_mean:             -445.6123	return_std:               61.5182
target_mean:               0.0667	td_error_abs:              0.0639	test_action_0_mean:        0.7070	test_action_1_mean:        0.2883
test_action_2_mean:        0.0047	test_ep_length_mean:      30.0000	test_return_mean:        -178.5898	test_return_std:          30.3287

2026-02-19 18:16:56,634 - my_experiment - IMPuc50_ExpoComm - my_run - INFO - t_env: 1301070 / 2050000
2026-02-19 18:16:56,635 - my_experiment - IMPuc50_ExpoComm - my_run - INFO - Estimated time left: 2 hours, 26 minutes, 27 seconds. Time passed: 4 hours, 21 minutes, 9 seconds
2026-02-19 18:21:50,306 - my_experiment - IMPuc50_ExpoComm - my_run - INFO - Recent Stats | t_env:    1326060 | Episode:    44202
action_0_mean:             0.7025	action_1_mean:             0.2769	action_2_mean:             0.0206	ep_length_mean:           30.0000
epsilon:                   0.0500	grad_norm:                 1.3380	info_nce_loss:             0.0001	loss:                      0.0101
q_loss:                    0.0092	q_taken_mean:              0.0669	return_mean:             -445.1211	return_std:               61.0159
target_mean:               0.0667	td_error_abs:              0.0645	test_action_0_mean:        0.7163	test_action_1_mean:        0.2791
test_action_2_mean:        0.0046	test_ep_length_mean:      30.0000	test_return_mean:        -178.2813	test_return_std:          30.4951

2026-02-19 18:21:50,646 - my_experiment - IMPuc50_ExpoComm - my_run - INFO - t_env: 1326090 / 2050000
2026-02-19 18:21:50,647 - my_experiment - IMPuc50_ExpoComm - my_run - INFO - Estimated time left: 2 hours, 21 minutes, 46 seconds. Time passed: 4 hours, 26 minutes, 3 seconds
2026-02-19 18:26:42,161 - my_experiment - IMPuc50_ExpoComm - my_run - INFO - Recent Stats | t_env:    1351080 | Episode:    45036
action_0_mean:             0.7025	action_1_mean:             0.2769	action_2_mean:             0.0206	ep_length_mean:           30.0000
epsilon:                   0.0500	grad_norm:                 1.3619	info_nce_loss:             0.0001	loss:                      0.0109
q_loss:                    0.0102	q_taken_mean:              0.0669	return_mean:             -444.6634	return_std:               61.2242
target_mean:               0.0667	td_error_abs:              0.0679	test_action_0_mean:        0.6981	test_action_1_mean:        0.2972
test_action_2_mean:        0.0046	test_ep_length_mean:      30.0000	test_return_mean:        -176.1523	test_return_std:          29.5627

2026-02-19 18:26:42,519 - my_experiment - IMPuc50_ExpoComm - my_run - INFO - t_env: 1351110 / 2050000
2026-02-19 18:26:42,520 - my_experiment - IMPuc50_ExpoComm - my_run - INFO - Estimated time left: 2 hours, 15 minutes, 52 seconds. Time passed: 4 hours, 30 minutes, 54 seconds
2026-02-19 18:31:37,908 - my_experiment - IMPuc50_ExpoComm - my_run - INFO - Recent Stats | t_env:    1376100 | Episode:    45870
action_0_mean:             0.6954	action_1_mean:             0.2840	action_2_mean:             0.0206	ep_length_mean:           30.0000
epsilon:                   0.0500	grad_norm:                 1.1646	info_nce_loss:             0.0001	loss:                      0.0114
q_loss:                    0.0106	q_taken_mean:              0.0673	return_mean:             -445.4125	return_std:               61.4596
target_mean:               0.0670	td_error_abs:              0.0689	test_action_0_mean:        0.6871	test_action_1_mean:        0.3083
test_action_2_mean:        0.0046	test_ep_length_mean:      30.0000	test_return_mean:        -176.5789	test_return_std:          29.4329

2026-02-19 18:31:38,251 - my_experiment - IMPuc50_ExpoComm - my_run - INFO - t_env: 1376130 / 2050000
2026-02-19 18:31:38,252 - my_experiment - IMPuc50_ExpoComm - my_run - INFO - Estimated time left: 2 hours, 12 minutes, 45 seconds. Time passed: 4 hours, 35 minutes, 50 seconds
2026-02-19 18:36:17,432 - my_experiment - IMPuc50_ExpoComm - my_run - INFO - Saving models to work_dirs/my_experiment/IMPuc50_ExpoComm/my_run/20260219_135543/models/1400100
2026-02-19 18:36:28,881 - my_experiment - IMPuc50_ExpoComm - my_run - INFO - Recent Stats | t_env:    1401120 | Episode:    46704
action_0_mean:             0.6942	action_1_mean:             0.2853	action_2_mean:             0.0205	ep_length_mean:           30.0000
epsilon:                   0.0500	grad_norm:                 0.9696	info_nce_loss:             0.0001	loss:                      0.0115
q_loss:                    0.0107	q_taken_mean:              0.0675	return_mean:             -445.9187	return_std:               61.1353
target_mean:               0.0673	td_error_abs:              0.0696	test_action_0_mean:        0.6992	test_action_1_mean:        0.2963
test_action_2_mean:        0.0045	test_ep_length_mean:      30.0000	test_return_mean:        -182.0429	test_return_std:          29.8739

2026-02-19 18:36:29,221 - my_experiment - IMPuc50_ExpoComm - my_run - INFO - t_env: 1401150 / 2050000
2026-02-19 18:36:29,222 - my_experiment - IMPuc50_ExpoComm - my_run - INFO - Estimated time left: 2 hours, 5 minutes, 45 seconds. Time passed: 4 hours, 40 minutes, 41 seconds
2026-02-19 18:41:21,911 - my_experiment - IMPuc50_ExpoComm - my_run - INFO - Recent Stats | t_env:    1426140 | Episode:    47538
action_0_mean:             0.6996	action_1_mean:             0.2799	action_2_mean:             0.0205	ep_length_mean:           30.0000
epsilon:                   0.0500	grad_norm:                 0.5500	info_nce_loss:             0.0002	loss:                      0.0116
q_loss:                    0.0108	q_taken_mean:              0.0676	return_mean:             -445.1641	return_std:               61.2345
target_mean:               0.0676	td_error_abs:              0.0693	test_action_0_mean:        0.7026	test_action_1_mean:        0.2930
test_action_2_mean:        0.0044	test_ep_length_mean:      30.0000	test_return_mean:        -180.9920	test_return_std:          30.8800

2026-02-19 18:41:22,249 - my_experiment - IMPuc50_ExpoComm - my_run - INFO - t_env: 1426170 / 2050000
2026-02-19 18:41:22,250 - my_experiment - IMPuc50_ExpoComm - my_run - INFO - Estimated time left: 2 hours, 1 minutes, 46 seconds. Time passed: 4 hours, 45 minutes, 34 seconds
2026-02-19 18:46:16,616 - my_experiment - IMPuc50_ExpoComm - my_run - INFO - Recent Stats | t_env:    1451160 | Episode:    48372
action_0_mean:             0.7023	action_1_mean:             0.2772	action_2_mean:             0.0205	ep_length_mean:           30.0000
epsilon:                   0.0500	grad_norm:                 0.5197	info_nce_loss:             0.0002	loss:                      0.0116
q_loss:                    0.0108	q_taken_mean:              0.0676	return_mean:             -444.3515	return_std:               62.1602
target_mean:               0.0676	td_error_abs:              0.0694	test_action_0_mean:        0.6840	test_action_1_mean:        0.3116
test_action_2_mean:        0.0044	test_ep_length_mean:      30.0000	test_return_mean:        -180.2572	test_return_std:          32.7857

2026-02-19 18:46:16,960 - my_experiment - IMPuc50_ExpoComm - my_run - INFO - t_env: 1451190 / 2050000
2026-02-19 18:46:16,961 - my_experiment - IMPuc50_ExpoComm - my_run - INFO - Estimated time left: 1 hours, 57 minutes, 33 seconds. Time passed: 4 hours, 50 minutes, 29 seconds
2026-02-19 18:51:08,480 - my_experiment - IMPuc50_ExpoComm - my_run - INFO - Recent Stats | t_env:    1476180 | Episode:    49206
action_0_mean:             0.7000	action_1_mean:             0.2797	action_2_mean:             0.0203	ep_length_mean:           30.0000
epsilon:                   0.0500	grad_norm:                 1.0197	info_nce_loss:             0.0003	loss:                      0.0128
q_loss:                    0.0116	q_taken_mean:              0.0675	return_mean:             -442.1446	return_std:               61.4619
target_mean:               0.0676	td_error_abs:              0.0750	test_action_0_mean:        0.7041	test_action_1_mean:        0.2916
test_action_2_mean:        0.0043	test_ep_length_mean:      30.0000	test_return_mean:        -187.7649	test_return_std:          39.8964

2026-02-19 18:51:08,828 - my_experiment - IMPuc50_ExpoComm - my_run - INFO - t_env: 1476210 / 2050000
2026-02-19 18:51:08,829 - my_experiment - IMPuc50_ExpoComm - my_run - INFO - Estimated time left: 1 hours, 51 minutes, 33 seconds. Time passed: 4 hours, 55 minutes, 21 seconds
2026-02-19 18:55:59,966 - my_experiment - IMPuc50_ExpoComm - my_run - INFO - Recent Stats | t_env:    1501200 | Episode:    50040
action_0_mean:             0.7065	action_1_mean:             0.2732	action_2_mean:             0.0203	ep_length_mean:           30.0000
epsilon:                   0.0500	grad_norm:                 1.2331	info_nce_loss:             0.0002	loss:                      0.0128
q_loss:                    0.0116	q_taken_mean:              0.0675	return_mean:             -441.5763	return_std:               61.9565
target_mean:               0.0675	td_error_abs:              0.0753	test_action_0_mean:        0.7183	test_action_1_mean:        0.2773
test_action_2_mean:        0.0044	test_ep_length_mean:      30.0000	test_return_mean:        -187.6177	test_return_std:          42.4426

2026-02-19 18:56:00,306 - my_experiment - IMPuc50_ExpoComm - my_run - INFO - t_env: 1501230 / 2050000
2026-02-19 18:56:00,307 - my_experiment - IMPuc50_ExpoComm - my_run - INFO - Estimated time left: 1 hours, 46 minutes, 33 seconds. Time passed: 5 hours, 12 seconds
2026-02-19 19:00:55,234 - my_experiment - IMPuc50_ExpoComm - my_run - INFO - Recent Stats | t_env:    1526220 | Episode:    50874
action_0_mean:             0.7093	action_1_mean:             0.2705	action_2_mean:             0.0203	ep_length_mean:           30.0000
epsilon:                   0.0500	grad_norm:                 1.2257	info_nce_loss:             0.0002	loss:                      0.0129
q_loss:                    0.0118	q_taken_mean:              0.0675	return_mean:             -440.5775	return_std:               62.6574
target_mean:               0.0674	td_error_abs:              0.0754	test_action_0_mean:        0.7100	test_action_1_mean:        0.2856
test_action_2_mean:        0.0044	test_ep_length_mean:      30.0000	test_return_mean:        -182.5150	test_return_std:          42.1936

2026-02-19 19:00:55,580 - my_experiment - IMPuc50_ExpoComm - my_run - INFO - t_env: 1526250 / 2050000
2026-02-19 19:00:55,581 - my_experiment - IMPuc50_ExpoComm - my_run - INFO - Estimated time left: 1 hours, 43 minutes, 1 seconds. Time passed: 5 hours, 5 minutes, 7 seconds
2026-02-19 19:05:44,809 - my_experiment - IMPuc50_ExpoComm - my_run - INFO - Recent Stats | t_env:    1551240 | Episode:    51708
action_0_mean:             0.7015	action_1_mean:             0.2783	action_2_mean:             0.0203	ep_length_mean:           30.0000
epsilon:                   0.0500	grad_norm:                 1.2512	info_nce_loss:             0.0002	loss:                      0.0128
q_loss:                    0.0117	q_taken_mean:              0.0673	return_mean:             -440.2603	return_std:               62.2482
target_mean:               0.0673	td_error_abs:              0.0758	test_action_0_mean:        0.7156	test_action_1_mean:        0.2800
test_action_2_mean:        0.0044	test_ep_length_mean:      30.0000	test_return_mean:        -185.9677	test_return_std:          41.1256

2026-02-19 19:05:45,144 - my_experiment - IMPuc50_ExpoComm - my_run - INFO - t_env: 1551270 / 2050000
2026-02-19 19:05:45,145 - my_experiment - IMPuc50_ExpoComm - my_run - INFO - Estimated time left: 1 hours, 36 minutes, 11 seconds. Time passed: 5 hours, 9 minutes, 57 seconds
2026-02-19 19:10:38,174 - my_experiment - IMPuc50_ExpoComm - my_run - INFO - Recent Stats | t_env:    1576260 | Episode:    52542
action_0_mean:             0.6994	action_1_mean:             0.2804	action_2_mean:             0.0202	ep_length_mean:           30.0000
epsilon:                   0.0500	grad_norm:                 1.2442	info_nce_loss:             0.0002	loss:                      0.0135
q_loss:                    0.0123	q_taken_mean:              0.0671	return_mean:             -440.5979	return_std:               62.0894
target_mean:               0.0671	td_error_abs:              0.0779	test_action_0_mean:        0.7285	test_action_1_mean:        0.2671
test_action_2_mean:        0.0044	test_ep_length_mean:      30.0000	test_return_mean:        -186.0302	test_return_std:          39.9914

2026-02-19 19:10:38,519 - my_experiment - IMPuc50_ExpoComm - my_run - INFO - t_env: 1576290 / 2050000
2026-02-19 19:10:38,520 - my_experiment - IMPuc50_ExpoComm - my_run - INFO - Estimated time left: 1 hours, 32 minutes, 34 seconds. Time passed: 5 hours, 14 minutes, 50 seconds
2026-02-19 19:15:14,725 - my_experiment - IMPuc50_ExpoComm - my_run - INFO - Saving models to work_dirs/my_experiment/IMPuc50_ExpoComm/my_run/20260219_135543/models/1600110
2026-02-19 19:15:27,948 - my_experiment - IMPuc50_ExpoComm - my_run - INFO - Recent Stats | t_env:    1601280 | Episode:    53376
action_0_mean:             0.7014	action_1_mean:             0.2782	action_2_mean:             0.0204	ep_length_mean:           30.0000
epsilon:                   0.0500	grad_norm:                 0.7714	info_nce_loss:             0.0001	loss:                      0.0119
q_loss:                    0.0108	q_taken_mean:              0.0671	return_mean:             -441.7953	return_std:               62.2281
target_mean:               0.0670	td_error_abs:              0.0705	test_action_0_mean:        0.7226	test_action_1_mean:        0.2730
test_action_2_mean:        0.0043	test_ep_length_mean:      30.0000	test_return_mean:        -178.2976	test_return_std:          34.7830

2026-02-19 19:15:28,290 - my_experiment - IMPuc50_ExpoComm - my_run - INFO - t_env: 1601310 / 2050000
2026-02-19 19:15:28,291 - my_experiment - IMPuc50_ExpoComm - my_run - INFO - Estimated time left: 1 hours, 26 minutes, 36 seconds. Time passed: 5 hours, 19 minutes, 40 seconds
2026-02-19 19:20:15,248 - my_experiment - IMPuc50_ExpoComm - my_run - INFO - Recent Stats | t_env:    1626300 | Episode:    54210
action_0_mean:             0.7050	action_1_mean:             0.2747	action_2_mean:             0.0203	ep_length_mean:           30.0000
epsilon:                   0.0500	grad_norm:                 0.4731	info_nce_loss:             0.0001	loss:                      0.0116
q_loss:                    0.0106	q_taken_mean:              0.0667	return_mean:             -439.9349	return_std:               61.9262
target_mean:               0.0668	td_error_abs:              0.0696	test_action_0_mean:        0.7385	test_action_1_mean:        0.2573
test_action_2_mean:        0.0042	test_ep_length_mean:      30.0000	test_return_mean:        -176.7456	test_return_std:          33.5657

2026-02-19 19:20:15,585 - my_experiment - IMPuc50_ExpoComm - my_run - INFO - t_env: 1626330 / 2050000
2026-02-19 19:20:15,586 - my_experiment - IMPuc50_ExpoComm - my_run - INFO - Estimated time left: 1 hours, 21 minutes, 4 seconds. Time passed: 5 hours, 24 minutes, 27 seconds
2026-02-19 19:25:02,720 - my_experiment - IMPuc50_ExpoComm - my_run - INFO - Recent Stats | t_env:    1651320 | Episode:    55044
action_0_mean:             0.7072	action_1_mean:             0.2726	action_2_mean:             0.0202	ep_length_mean:           30.0000
epsilon:                   0.0500	grad_norm:                 0.8424	info_nce_loss:             0.0001	loss:                      0.0121
q_loss:                    0.0110	q_taken_mean:              0.0662	return_mean:             -439.0454	return_std:               61.0964
target_mean:               0.0664	td_error_abs:              0.0724	test_action_0_mean:        0.7427	test_action_1_mean:        0.2532
test_action_2_mean:        0.0042	test_ep_length_mean:      30.0000	test_return_mean:        -177.4370	test_return_std:          36.3935

2026-02-19 19:25:03,064 - my_experiment - IMPuc50_ExpoComm - my_run - INFO - t_env: 1651350 / 2050000
2026-02-19 19:25:03,065 - my_experiment - IMPuc50_ExpoComm - my_run - INFO - Estimated time left: 1 hours, 16 minutes, 20 seconds. Time passed: 5 hours, 29 minutes, 15 seconds
2026-02-19 19:29:53,135 - my_experiment - IMPuc50_ExpoComm - my_run - INFO - Recent Stats | t_env:    1676340 | Episode:    55878
action_0_mean:             0.7181	action_1_mean:             0.2617	action_2_mean:             0.0202	ep_length_mean:           30.0000
epsilon:                   0.0500	grad_norm:                 0.8433	info_nce_loss:             0.0001	loss:                      0.0130
q_loss:                    0.0119	q_taken_mean:              0.0660	return_mean:             -438.9999	return_std:               61.1367
target_mean:               0.0662	td_error_abs:              0.0742	test_action_0_mean:        0.7520	test_action_1_mean:        0.2436
test_action_2_mean:        0.0044	test_ep_length_mean:      30.0000	test_return_mean:        -176.3264	test_return_std:          38.1297

2026-02-19 19:29:53,471 - my_experiment - IMPuc50_ExpoComm - my_run - INFO - t_env: 1676370 / 2050000
2026-02-19 19:29:53,472 - my_experiment - IMPuc50_ExpoComm - my_run - INFO - Estimated time left: 1 hours, 12 minutes, 16 seconds. Time passed: 5 hours, 34 minutes, 5 seconds
2026-02-19 19:34:40,649 - my_experiment - IMPuc50_ExpoComm - my_run - INFO - Recent Stats | t_env:    1701360 | Episode:    56712
action_0_mean:             0.7219	action_1_mean:             0.2579	action_2_mean:             0.0202	ep_length_mean:           30.0000
epsilon:                   0.0500	grad_norm:                 0.9106	info_nce_loss:             0.0001	loss:                      0.0133
q_loss:                    0.0124	q_taken_mean:              0.0659	return_mean:             -437.2828	return_std:               61.2095
target_mean:               0.0662	td_error_abs:              0.0767	test_action_0_mean:        0.7797	test_action_1_mean:        0.2161
test_action_2_mean:        0.0042	test_ep_length_mean:      30.0000	test_return_mean:        -180.4084	test_return_std:          38.9730

2026-02-19 19:34:40,991 - my_experiment - IMPuc50_ExpoComm - my_run - INFO - t_env: 1701390 / 2050000
2026-02-19 19:34:40,992 - my_experiment - IMPuc50_ExpoComm - my_run - INFO - Estimated time left: 1 hours, 6 minutes, 46 seconds. Time passed: 5 hours, 38 minutes, 53 seconds
2026-02-19 19:39:27,199 - my_experiment - IMPuc50_ExpoComm - my_run - INFO - Recent Stats | t_env:    1726380 | Episode:    57546
action_0_mean:             0.7278	action_1_mean:             0.2520	action_2_mean:             0.0202	ep_length_mean:           30.0000
epsilon:                   0.0500	grad_norm:                 0.8016	info_nce_loss:             0.0001	loss:                      0.0139
q_loss:                    0.0129	q_taken_mean:              0.0660	return_mean:             -436.6474	return_std:               61.6585
target_mean:               0.0662	td_error_abs:              0.0775	test_action_0_mean:        0.7852	test_action_1_mean:        0.2106
test_action_2_mean:        0.0042	test_ep_length_mean:      30.0000	test_return_mean:        -180.4406	test_return_std:          37.8190

2026-02-19 19:39:27,544 - my_experiment - IMPuc50_ExpoComm - my_run - INFO - t_env: 1726410 / 2050000
2026-02-19 19:39:27,545 - my_experiment - IMPuc50_ExpoComm - my_run - INFO - Estimated time left: 1 hours, 1 minutes, 46 seconds. Time passed: 5 hours, 43 minutes, 39 seconds
2026-02-19 19:44:13,589 - my_experiment - IMPuc50_ExpoComm - my_run - INFO - Recent Stats | t_env:    1751400 | Episode:    58380
action_0_mean:             0.7314	action_1_mean:             0.2483	action_2_mean:             0.0202	ep_length_mean:           30.0000
epsilon:                   0.0500	grad_norm:                 0.8643	info_nce_loss:             0.0001	loss:                      0.0141
q_loss:                    0.0131	q_taken_mean:              0.0663	return_mean:             -437.6590	return_std:               61.9778
target_mean:               0.0664	td_error_abs:              0.0782	test_action_0_mean:        0.7808	test_action_1_mean:        0.2150
test_action_2_mean:        0.0042	test_ep_length_mean:      30.0000	test_return_mean:        -179.6648	test_return_std:          38.1301

2026-02-19 19:44:13,942 - my_experiment - IMPuc50_ExpoComm - my_run - INFO - t_env: 1751430 / 2050000
2026-02-19 19:44:13,944 - my_experiment - IMPuc50_ExpoComm - my_run - INFO - Estimated time left: 56 minutes, 57 seconds. Time passed: 5 hours, 48 minutes, 26 seconds
2026-02-19 19:49:04,773 - my_experiment - IMPuc50_ExpoComm - my_run - INFO - Recent Stats | t_env:    1776420 | Episode:    59214
action_0_mean:             0.7323	action_1_mean:             0.2474	action_2_mean:             0.0202	ep_length_mean:           30.0000
epsilon:                   0.0500	grad_norm:                 0.4913	info_nce_loss:             0.0001	loss:                      0.0137
q_loss:                    0.0127	q_taken_mean:              0.0668	return_mean:             -438.0176	return_std:               61.9521
target_mean:               0.0668	td_error_abs:              0.0763	test_action_0_mean:        0.7713	test_action_1_mean:        0.2246
test_action_2_mean:        0.0041	test_ep_length_mean:      30.0000	test_return_mean:        -176.5885	test_return_std:          34.8816

2026-02-19 19:49:05,122 - my_experiment - IMPuc50_ExpoComm - my_run - INFO - t_env: 1776450 / 2050000
2026-02-19 19:49:05,122 - my_experiment - IMPuc50_ExpoComm - my_run - INFO - Estimated time left: 53 minutes, 3 seconds. Time passed: 5 hours, 53 minutes, 17 seconds
2026-02-19 19:53:38,822 - my_experiment - IMPuc50_ExpoComm - my_run - INFO - Saving models to work_dirs/my_experiment/IMPuc50_ExpoComm/my_run/20260219_135543/models/1800120
2026-02-19 19:53:53,528 - my_experiment - IMPuc50_ExpoComm - my_run - INFO - Recent Stats | t_env:    1801440 | Episode:    60048
action_0_mean:             0.7329	action_1_mean:             0.2469	action_2_mean:             0.0202	ep_length_mean:           30.0000
epsilon:                   0.0500	grad_norm:                 0.5194	info_nce_loss:             0.0001	loss:                      0.0131
q_loss:                    0.0122	q_taken_mean:              0.0670	return_mean:             -435.7369	return_std:               61.5000
target_mean:               0.0671	td_error_abs:              0.0758	test_action_0_mean:        0.7616	test_action_1_mean:        0.2343
test_action_2_mean:        0.0041	test_ep_length_mean:      30.0000	test_return_mean:        -173.7192	test_return_std:          33.3933

2026-02-19 19:53:53,862 - my_experiment - IMPuc50_ExpoComm - my_run - INFO - t_env: 1801470 / 2050000
2026-02-19 19:53:53,862 - my_experiment - IMPuc50_ExpoComm - my_run - INFO - Estimated time left: 47 minutes, 48 seconds. Time passed: 5 hours, 58 minutes, 6 seconds
2026-02-19 19:58:43,048 - my_experiment - IMPuc50_ExpoComm - my_run - INFO - Recent Stats | t_env:    1826460 | Episode:    60882
action_0_mean:             0.7350	action_1_mean:             0.2448	action_2_mean:             0.0203	ep_length_mean:           30.0000
epsilon:                   0.0500	grad_norm:                 0.4941	info_nce_loss:             0.0002	loss:                      0.0128
q_loss:                    0.0116	q_taken_mean:              0.0673	return_mean:             -436.6154	return_std:               60.8625
target_mean:               0.0673	td_error_abs:              0.0734	test_action_0_mean:        0.7403	test_action_1_mean:        0.2554
test_action_2_mean:        0.0043	test_ep_length_mean:      30.0000	test_return_mean:        -166.6014	test_return_std:          31.6144

2026-02-19 19:58:43,391 - my_experiment - IMPuc50_ExpoComm - my_run - INFO - t_env: 1826490 / 2050000
2026-02-19 19:58:43,392 - my_experiment - IMPuc50_ExpoComm - my_run - INFO - Estimated time left: 43 minutes, 6 seconds. Time passed: 6 hours, 2 minutes, 55 seconds
2026-02-19 20:03:29,765 - my_experiment - IMPuc50_ExpoComm - my_run - INFO - Recent Stats | t_env:    1851480 | Episode:    61716
action_0_mean:             0.7345	action_1_mean:             0.2453	action_2_mean:             0.0202	ep_length_mean:           30.0000
epsilon:                   0.0500	grad_norm:                 0.7873	info_nce_loss:             0.0002	loss:                      0.0131
q_loss:                    0.0119	q_taken_mean:              0.0675	return_mean:             -435.9168	return_std:               60.6646
target_mean:               0.0674	td_error_abs:              0.0746	test_action_0_mean:        0.7321	test_action_1_mean:        0.2635
test_action_2_mean:        0.0044	test_ep_length_mean:      30.0000	test_return_mean:        -166.0068	test_return_std:          31.0893

2026-02-19 20:03:30,109 - my_experiment - IMPuc50_ExpoComm - my_run - INFO - t_env: 1851510 / 2050000
2026-02-19 20:03:30,110 - my_experiment - IMPuc50_ExpoComm - my_run - INFO - Estimated time left: 37 minutes, 54 seconds. Time passed: 6 hours, 7 minutes, 42 seconds
2026-02-19 20:08:21,896 - my_experiment - IMPuc50_ExpoComm - my_run - INFO - Recent Stats | t_env:    1876500 | Episode:    62550
action_0_mean:             0.7325	action_1_mean:             0.2472	action_2_mean:             0.0203	ep_length_mean:           30.0000
epsilon:                   0.0500	grad_norm:                 0.9569	info_nce_loss:             0.0002	loss:                      0.0137
q_loss:                    0.0127	q_taken_mean:              0.0676	return_mean:             -435.3228	return_std:               59.9521
target_mean:               0.0674	td_error_abs:              0.0771	test_action_0_mean:        0.7249	test_action_1_mean:        0.2707
test_action_2_mean:        0.0044	test_ep_length_mean:      30.0000	test_return_mean:        -165.6921	test_return_std:          29.2041

2026-02-19 20:08:22,247 - my_experiment - IMPuc50_ExpoComm - my_run - INFO - t_env: 1876530 / 2050000
2026-02-19 20:08:22,248 - my_experiment - IMPuc50_ExpoComm - my_run - INFO - Estimated time left: 33 minutes, 45 seconds. Time passed: 6 hours, 12 minutes, 34 seconds
2026-02-19 20:13:14,559 - my_experiment - IMPuc50_ExpoComm - my_run - INFO - Recent Stats | t_env:    1901520 | Episode:    63384
action_0_mean:             0.7325	action_1_mean:             0.2472	action_2_mean:             0.0203	ep_length_mean:           30.0000
epsilon:                   0.0500	grad_norm:                 0.9042	info_nce_loss:             0.0002	loss:                      0.0140
q_loss:                    0.0130	q_taken_mean:              0.0678	return_mean:             -434.6912	return_std:               60.4204
target_mean:               0.0676	td_error_abs:              0.0776	test_action_0_mean:        0.7262	test_action_1_mean:        0.2695
test_action_2_mean:        0.0043	test_ep_length_mean:      30.0000	test_return_mean:        -165.4733	test_return_std:          27.8639

2026-02-19 20:13:14,894 - my_experiment - IMPuc50_ExpoComm - my_run - INFO - t_env: 1901550 / 2050000
2026-02-19 20:13:14,895 - my_experiment - IMPuc50_ExpoComm - my_run - INFO - Estimated time left: 28 minutes, 56 seconds. Time passed: 6 hours, 17 minutes, 27 seconds
2026-02-19 20:18:04,820 - my_experiment - IMPuc50_ExpoComm - my_run - INFO - Recent Stats | t_env:    1926540 | Episode:    64218
action_0_mean:             0.7307	action_1_mean:             0.2489	action_2_mean:             0.0204	ep_length_mean:           30.0000
epsilon:                   0.0500	grad_norm:                 0.8518	info_nce_loss:             0.0002	loss:                      0.0140
q_loss:                    0.0130	q_taken_mean:              0.0680	return_mean:             -437.3133	return_std:               61.3580
target_mean:               0.0678	td_error_abs:              0.0774	test_action_0_mean:        0.7385	test_action_1_mean:        0.2574
test_action_2_mean:        0.0042	test_ep_length_mean:      30.0000	test_return_mean:        -166.9411	test_return_std:          29.0223

2026-02-19 20:18:05,166 - my_experiment - IMPuc50_ExpoComm - my_run - INFO - t_env: 1926570 / 2050000
2026-02-19 20:18:05,167 - my_experiment - IMPuc50_ExpoComm - my_run - INFO - Estimated time left: 23 minutes, 51 seconds. Time passed: 6 hours, 22 minutes, 17 seconds
2026-02-19 20:22:55,066 - my_experiment - IMPuc50_ExpoComm - my_run - INFO - Recent Stats | t_env:    1951560 | Episode:    65052
action_0_mean:             0.7355	action_1_mean:             0.2441	action_2_mean:             0.0204	ep_length_mean:           30.0000
epsilon:                   0.0500	grad_norm:                 0.7885	info_nce_loss:             0.0002	loss:                      0.0140
q_loss:                    0.0130	q_taken_mean:              0.0680	return_mean:             -436.3992	return_std:               61.3566
target_mean:               0.0678	td_error_abs:              0.0777	test_action_0_mean:        0.7438	test_action_1_mean:        0.2521
test_action_2_mean:        0.0042	test_ep_length_mean:      30.0000	test_return_mean:        -167.5094	test_return_std:          29.0886

2026-02-19 20:22:55,456 - my_experiment - IMPuc50_ExpoComm - my_run - INFO - t_env: 1951590 / 2050000
2026-02-19 20:22:55,456 - my_experiment - IMPuc50_ExpoComm - my_run - INFO - Estimated time left: 19 minutes, 1 seconds. Time passed: 6 hours, 27 minutes, 7 seconds
2026-02-19 20:27:46,882 - my_experiment - IMPuc50_ExpoComm - my_run - INFO - Recent Stats | t_env:    1976580 | Episode:    65886
action_0_mean:             0.7412	action_1_mean:             0.2384	action_2_mean:             0.0204	ep_length_mean:           30.0000
epsilon:                   0.0500	grad_norm:                 0.5682	info_nce_loss:             0.0002	loss:                      0.0137
q_loss:                    0.0127	q_taken_mean:              0.0681	return_mean:             -436.6816	return_std:               61.8009
target_mean:               0.0680	td_error_abs:              0.0772	test_action_0_mean:        0.7536	test_action_1_mean:        0.2421
test_action_2_mean:        0.0042	test_ep_length_mean:      30.0000	test_return_mean:        -169.8540	test_return_std:          31.3826

2026-02-19 20:27:47,227 - my_experiment - IMPuc50_ExpoComm - my_run - INFO - t_env: 1976610 / 2050000
2026-02-19 20:27:47,228 - my_experiment - IMPuc50_ExpoComm - my_run - INFO - Estimated time left: 14 minutes, 15 seconds. Time passed: 6 hours, 31 minutes, 59 seconds
2026-02-19 20:32:20,230 - my_experiment - IMPuc50_ExpoComm - my_run - INFO - Saving models to work_dirs/my_experiment/IMPuc50_ExpoComm/my_run/20260219_135543/models/2000130
2026-02-19 20:32:36,613 - my_experiment - IMPuc50_ExpoComm - my_run - INFO - Recent Stats | t_env:    2001600 | Episode:    66720
action_0_mean:             0.7392	action_1_mean:             0.2404	action_2_mean:             0.0204	ep_length_mean:           30.0000
epsilon:                   0.0500	grad_norm:                 0.4156	info_nce_loss:             0.0002	loss:                      0.0137
q_loss:                    0.0125	q_taken_mean:              0.0681	return_mean:             -436.4937	return_std:               62.4060
target_mean:               0.0682	td_error_abs:              0.0766	test_action_0_mean:        0.7691	test_action_1_mean:        0.2265
test_action_2_mean:        0.0044	test_ep_length_mean:      30.0000	test_return_mean:        -172.4932	test_return_std:          33.4001

2026-02-19 20:32:36,952 - my_experiment - IMPuc50_ExpoComm - my_run - INFO - t_env: 2001630 / 2050000
2026-02-19 20:32:36,953 - my_experiment - IMPuc50_ExpoComm - my_run - INFO - Estimated time left: 9 minutes, 20 seconds. Time passed: 6 hours, 36 minutes, 49 seconds
2026-02-19 20:37:22,295 - my_experiment - IMPuc50_ExpoComm - my_run - INFO - Recent Stats | t_env:    2026620 | Episode:    67554
action_0_mean:             0.7450	action_1_mean:             0.2346	action_2_mean:             0.0204	ep_length_mean:           30.0000
epsilon:                   0.0500	grad_norm:                 0.9231	info_nce_loss:             0.0002	loss:                      0.0157
q_loss:                    0.0143	q_taken_mean:              0.0679	return_mean:             -437.5028	return_std:               61.5254
target_mean:               0.0681	td_error_abs:              0.0849	test_action_0_mean:        0.7791	test_action_1_mean:        0.2164
test_action_2_mean:        0.0044	test_ep_length_mean:      30.0000	test_return_mean:        -172.4955	test_return_std:          35.1375

2026-02-19 20:37:22,637 - my_experiment - IMPuc50_ExpoComm - my_run - INFO - t_env: 2026650 / 2050000
2026-02-19 20:37:22,638 - my_experiment - IMPuc50_ExpoComm - my_run - INFO - Estimated time left: 4 minutes, 26 seconds. Time passed: 6 hours, 41 minutes, 35 seconds
2026-02-19 20:41:50,545 - my_experiment - IMPuc50_ExpoComm - my_run - INFO - Finished Training
