Gym has been unmaintained since 2022 and does not support NumPy 2.0 amongst other critical functionality.
Please upgrade to Gymnasium, the maintained drop-in replacement of Gym, or contact the authors of your software and request that they upgrade.
Users of this version of Gym should be able to simply replace 'import gym' with 'import gymnasium as gym' in the vast majority of cases.
See the migration guide at https://gymnasium.farama.org/introduction/migration_guide/ for additional information.
src/main.py:81: DeprecationWarning: Using or importing the ABCs from 'collections' instead of from 'collections.abc' is deprecated since Python 3.3, and in 3.10 it will stop working
  if isinstance(v, collections.Mapping):
wandb: [wandb.login()] Loaded credentials for https://api.wandb.ai from /home/pparsons/.netrc.
wandb: Currently logged in as: peterparsons02 (peterparsons02-eth-z-rich) to https://api.wandb.ai. Use `wandb login --relogin` to force relogin
wandb: setting up run ae06l03e
wandb: Tracking run with wandb version 0.24.1
wandb: Run data is saved locally in /usr/itetnas04/data-scratch-01/pparsons/data/MyExpoComm/wandb/run-20260219_141258-ae06l03e
wandb: Run `wandb offline` to turn off syncing.
wandb: Syncing run my_run-IMPuc50_IQL_RNN-20260219_141252
wandb: ⭐️ View project at https://wandb.ai/peterparsons02-eth-z-rich/my_experiment
wandb: 🚀 View run at https://wandb.ai/peterparsons02-eth-z-rich/my_experiment/runs/ae06l03e
2026-02-19 14:13:34,528 - my_experiment - IMPuc50_IQL_RNN - my_run - INFO - Current directory: /usr/itetnas04/data-scratch-01/pparsons/data/MyExpoComm.
2026-02-19 14:13:34,529 - my_experiment - IMPuc50_IQL_RNN - my_run - INFO - Experiment Parameters:
2026-02-19 14:13:34,530 - my_experiment - IMPuc50_IQL_RNN - my_run - INFO - 

{   'action_selector': 'epsilon_greedy',
    'add_value_last_step': True,
    'agent': 'rnn',
    'agent_output_type': 'q',
    'batch_size': 64,
    'batch_size_run': 1,
    'buffer_cpu_only': True,
    'buffer_size': 2000,
    'checkpoint_path': '',
    'common_reward': True,
    'double_q': True,
    'env': 'struct_marl',
    'env_args': {   'campaign_cost': True,
                    'custom_param': {   'k_comp': 48},
                    'discount_reward': 0.95,
                    'env_correlation': False,
                    'map_name': 'struct_uc_100',
                    'n_comp': 50,
                    'obs_all_d_rate': False,
                    'obs_alphas': False,
                    'obs_d_rate': False,
                    'obs_multiple': False,
                    'seed': 42,
                    'state_alphas': False,
                    'state_d_rate': True,
                    'state_obs': True,
                    'struct_type': 'struct'},
    'epsilon_anneal_time': 5000,
    'epsilon_finish': 0.05,
    'epsilon_start': 1.0,
    'evaluate': False,
    'evaluation_epsilon': 0.0,
    'exp_name': 'my_experiment',
    'gamma': 0.95,
    'global_reward': False,
    'grad_norm_clip': 10,
    'hidden_dim': 64,
    'hypergroup': None,
    'label': 'default_label',
    'learner': 'q_learner',
    'learner_log_interval': 25000,
    'load_step': 0,
    'local_results_path': 'results',
    'log_interval': 25000,
    'lr': 0.0005,
    'mac': 'basic_mac',
    'mixer': None,
    'name': 'IMPuc50_IQL_RNN',
    'obs_agent_id': True,
    'obs_individual_obs': False,
    'obs_last_action': True,
    'optim_alpha': 0.99,
    'optim_eps': 1e-05,
    'render': False,
    'repeat_id': 1,
    'run_name': 'my_run',
    'runner': 'episode',
    'runner_log_interval': 25000,
    'save_model': True,
    'save_model_interval': 200000,
    'save_replay': False,
    'seed': 42,
    'standardise_returns': False,
    'standardise_rewards': True,
    't_max': 2050000,
    'target_update_interval_or_tau': 200,
    'test_greedy': True,
    'test_interval': 25000,
    'test_nepisode': 50,
    'use_cuda': True,
    'use_rnn': True,
    'use_tensorboard': True,
    'work_dir': 'work_dirs/my_experiment/IMPuc50_IQL_RNN/my_run/20260219_141252'}

2026-02-19 14:14:52,641 - my_experiment - IMPuc50_IQL_RNN - my_run - INFO - Beginning training for 2050000 timesteps
2026-02-19 14:15:41,704 - my_experiment - IMPuc50_IQL_RNN - my_run - INFO - t_env: 30 / 2050000
2026-02-19 14:15:41,704 - my_experiment - IMPuc50_IQL_RNN - my_run - INFO - Estimated time left: 1 hours, 6 minutes, 58 seconds. Time passed: 49 seconds
2026-02-19 14:15:46,406 - my_experiment - IMPuc50_IQL_RNN - my_run - INFO - Saving models to work_dirs/my_experiment/IMPuc50_IQL_RNN/my_run/20260219_141252/models/30
2026-02-19 14:18:27,458 - my_experiment - IMPuc50_IQL_RNN - my_run - INFO - Recent Stats | t_env:      25020 | Episode:      834
action_0_mean:             0.3587	action_1_mean:             0.3247	action_2_mean:             0.3167	ep_length_mean:           30.0000
epsilon:                   1.0000	grad_norm:                 0.3022	loss:                      1.0088	q_taken_mean:              0.0015
return_mean:             -4985.3189	return_std:                0.0000	target_mean:               0.0026	td_error_abs:              0.8355
test_action_0_mean:        0.0000	test_action_1_mean:        0.0000	test_action_2_mean:        1.0000	test_ep_length_mean:      30.0000
test_return_mean:        -15785.7608	test_return_std:           0.0000	
2026-02-19 14:18:27,664 - my_experiment - IMPuc50_IQL_RNN - my_run - INFO - t_env: 25050 / 2050000
2026-02-19 14:18:27,664 - my_experiment - IMPuc50_IQL_RNN - my_run - INFO - Estimated time left: 3 hours, 43 minutes, 51 seconds. Time passed: 3 minutes, 35 seconds
2026-02-19 14:21:21,680 - my_experiment - IMPuc50_IQL_RNN - my_run - INFO - Recent Stats | t_env:      50040 | Episode:     1668
action_0_mean:             0.2232	action_1_mean:             0.5771	action_2_mean:             0.1997	ep_length_mean:           30.0000
epsilon:                   0.0500	grad_norm:                 0.4611	loss:                      0.9161	q_taken_mean:              0.0176
return_mean:             -3590.2231	return_std:              1034.2361	target_mean:               0.0177	td_error_abs:              0.6236
test_action_0_mean:        0.0009	test_action_1_mean:        0.4763	test_action_2_mean:        0.5228	test_ep_length_mean:      30.0000
test_return_mean:        -8360.5316	test_return_std:         543.6213	
2026-02-19 14:21:21,898 - my_experiment - IMPuc50_IQL_RNN - my_run - INFO - t_env: 50070 / 2050000
2026-02-19 14:21:21,898 - my_experiment - IMPuc50_IQL_RNN - my_run - INFO - Estimated time left: 3 hours, 52 minutes, 7 seconds. Time passed: 6 minutes, 29 seconds
2026-02-19 14:24:16,026 - my_experiment - IMPuc50_IQL_RNN - my_run - INFO - Recent Stats | t_env:      75060 | Episode:     2502
action_0_mean:             0.1544	action_1_mean:             0.6877	action_2_mean:             0.1579	ep_length_mean:           30.0000
epsilon:                   0.0500	grad_norm:                 0.4389	loss:                      0.7267	q_taken_mean:              0.0265
return_mean:             -2756.1075	return_std:              756.2747	target_mean:               0.0262	td_error_abs:              0.5169
test_action_0_mean:        0.0006	test_action_1_mean:        0.6347	test_action_2_mean:        0.3647	test_ep_length_mean:      30.0000
test_return_mean:        -5819.5870	test_return_std:         368.3839	
2026-02-19 14:24:16,240 - my_experiment - IMPuc50_IQL_RNN - my_run - INFO - t_env: 75090 / 2050000
2026-02-19 14:24:16,240 - my_experiment - IMPuc50_IQL_RNN - my_run - INFO - Estimated time left: 3 hours, 49 minutes, 21 seconds. Time passed: 9 minutes, 23 seconds
2026-02-19 14:27:07,400 - my_experiment - IMPuc50_IQL_RNN - my_run - INFO - Recent Stats | t_env:     100080 | Episode:     3336
action_0_mean:             0.1200	action_1_mean:             0.7417	action_2_mean:             0.1383	ep_length_mean:           30.0000
epsilon:                   0.0500	grad_norm:                 0.6009	loss:                      0.5686	q_taken_mean:              0.0345
return_mean:             -2357.0049	return_std:              592.7574	target_mean:               0.0342	td_error_abs:              0.4356
test_action_0_mean:        0.0005	test_action_1_mean:        0.7091	test_action_2_mean:        0.2905	test_ep_length_mean:      30.0000
test_return_mean:        -4591.3105	test_return_std:         279.2981	
2026-02-19 14:27:07,621 - my_experiment - IMPuc50_IQL_RNN - my_run - INFO - t_env: 100110 / 2050000
2026-02-19 14:27:07,621 - my_experiment - IMPuc50_IQL_RNN - my_run - INFO - Estimated time left: 3 hours, 42 minutes, 36 seconds. Time passed: 12 minutes, 14 seconds
2026-02-19 14:29:58,007 - my_experiment - IMPuc50_IQL_RNN - my_run - INFO - Recent Stats | t_env:     125100 | Episode:     4170
action_0_mean:             0.1080	action_1_mean:             0.7693	action_2_mean:             0.1226	ep_length_mean:           30.0000
epsilon:                   0.0500	grad_norm:                 0.5413	loss:                      0.4705	q_taken_mean:              0.0391
return_mean:             -2086.4587	return_std:              508.6120	target_mean:               0.0389	td_error_abs:              0.3872
test_action_0_mean:        0.0073	test_action_1_mean:        0.7584	test_action_2_mean:        0.2343	test_ep_length_mean:      30.0000
test_return_mean:        -3747.3227	test_return_std:         231.3937	
2026-02-19 14:29:58,209 - my_experiment - IMPuc50_IQL_RNN - my_run - INFO - t_env: 125130 / 2050000
2026-02-19 14:29:58,209 - my_experiment - IMPuc50_IQL_RNN - my_run - INFO - Estimated time left: 3 hours, 38 minutes, 43 seconds. Time passed: 15 minutes, 5 seconds
2026-02-19 14:32:44,457 - my_experiment - IMPuc50_IQL_RNN - my_run - INFO - Recent Stats | t_env:     150120 | Episode:     5004
action_0_mean:             0.0634	action_1_mean:             0.8720	action_2_mean:             0.0645	ep_length_mean:           30.0000
epsilon:                   0.0500	grad_norm:                 0.6597	loss:                      0.2841	q_taken_mean:              0.0508
return_mean:             -1211.4430	return_std:              534.6326	target_mean:               0.0505	td_error_abs:              0.2554
test_action_0_mean:        0.0469	test_action_1_mean:        0.9165	test_action_2_mean:        0.0366	test_ep_length_mean:      30.0000
test_return_mean:        -669.3358	test_return_std:         244.7856	
2026-02-19 14:32:44,861 - my_experiment - IMPuc50_IQL_RNN - my_run - INFO - t_env: 150150 / 2050000
2026-02-19 14:32:44,862 - my_experiment - IMPuc50_IQL_RNN - my_run - INFO - Estimated time left: 3 hours, 30 minutes, 54 seconds. Time passed: 17 minutes, 52 seconds
2026-02-19 14:35:27,200 - my_experiment - IMPuc50_IQL_RNN - my_run - INFO - Recent Stats | t_env:     175140 | Episode:     5838
action_0_mean:             0.0889	action_1_mean:             0.8574	action_2_mean:             0.0536	ep_length_mean:           30.0000
epsilon:                   0.0500	grad_norm:                 0.7155	loss:                      0.1493	q_taken_mean:              0.0576
return_mean:             -913.5625	return_std:              217.8115	target_mean:               0.0573	td_error_abs:              0.2134
test_action_0_mean:        0.0677	test_action_1_mean:        0.9038	test_action_2_mean:        0.0285	test_ep_length_mean:      30.0000
test_return_mean:        -578.2549	test_return_std:         113.5145	
2026-02-19 14:35:27,378 - my_experiment - IMPuc50_IQL_RNN - my_run - INFO - t_env: 175170 / 2050000
2026-02-19 14:35:27,378 - my_experiment - IMPuc50_IQL_RNN - my_run - INFO - Estimated time left: 3 hours, 22 minutes, 57 seconds. Time passed: 20 minutes, 34 seconds
2026-02-19 14:37:57,250 - my_experiment - IMPuc50_IQL_RNN - my_run - INFO - Saving models to work_dirs/my_experiment/IMPuc50_IQL_RNN/my_run/20260219_141252/models/200040
2026-02-19 14:37:58,442 - my_experiment - IMPuc50_IQL_RNN - my_run - INFO - Recent Stats | t_env:     200160 | Episode:     6672
action_0_mean:             0.1479	action_1_mean:             0.8089	action_2_mean:             0.0432	ep_length_mean:           30.0000
epsilon:                   0.0500	grad_norm:                 0.7232	loss:                      0.0879	q_taken_mean:              0.0636
return_mean:             -804.1462	return_std:              201.0270	target_mean:               0.0635	td_error_abs:              0.1819
test_action_0_mean:        0.1784	test_action_1_mean:        0.8018	test_action_2_mean:        0.0198	test_ep_length_mean:      30.0000
test_return_mean:        -473.6002	test_return_std:         117.5151	
2026-02-19 14:37:58,620 - my_experiment - IMPuc50_IQL_RNN - my_run - INFO - t_env: 200190 / 2050000
2026-02-19 14:37:58,621 - my_experiment - IMPuc50_IQL_RNN - my_run - INFO - Estimated time left: 3 hours, 6 minutes, 21 seconds. Time passed: 23 minutes, 5 seconds
2026-02-19 14:40:34,579 - my_experiment - IMPuc50_IQL_RNN - my_run - INFO - Recent Stats | t_env:     225180 | Episode:     7506
action_0_mean:             0.2556	action_1_mean:             0.7124	action_2_mean:             0.0320	ep_length_mean:           30.0000
epsilon:                   0.0500	grad_norm:                 0.6571	loss:                      0.0901	q_taken_mean:              0.0676
return_mean:             -686.4982	return_std:              211.2093	target_mean:               0.0676	td_error_abs:              0.1761
test_action_0_mean:        0.2873	test_action_1_mean:        0.7057	test_action_2_mean:        0.0071	test_ep_length_mean:      30.0000
test_return_mean:        -371.5364	test_return_std:         134.4135	
2026-02-19 14:40:35,127 - my_experiment - IMPuc50_IQL_RNN - my_run - INFO - t_env: 225210 / 2050000
2026-02-19 14:40:35,127 - my_experiment - IMPuc50_IQL_RNN - my_run - INFO - Estimated time left: 3 hours, 10 minutes, 14 seconds. Time passed: 25 minutes, 42 seconds
2026-02-19 14:43:14,571 - my_experiment - IMPuc50_IQL_RNN - my_run - INFO - Recent Stats | t_env:     250200 | Episode:     8340
action_0_mean:             0.3272	action_1_mean:             0.6478	action_2_mean:             0.0249	ep_length_mean:           30.0000
epsilon:                   0.0500	grad_norm:                 0.7192	loss:                      0.0850	q_taken_mean:              0.0720
return_mean:             -592.9431	return_std:              199.0676	target_mean:               0.0721	td_error_abs:              0.1683
test_action_0_mean:        0.3591	test_action_1_mean:        0.6319	test_action_2_mean:        0.0090	test_ep_length_mean:      30.0000
test_return_mean:        -382.4191	test_return_std:         135.5387	
2026-02-19 14:43:14,760 - my_experiment - IMPuc50_IQL_RNN - my_run - INFO - t_env: 250230 / 2050000
2026-02-19 14:43:14,760 - my_experiment - IMPuc50_IQL_RNN - my_run - INFO - Estimated time left: 3 hours, 11 minutes, 22 seconds. Time passed: 28 minutes, 22 seconds
2026-02-19 14:45:51,604 - my_experiment - IMPuc50_IQL_RNN - my_run - INFO - Recent Stats | t_env:     275220 | Episode:     9174
action_0_mean:             0.3685	action_1_mean:             0.6065	action_2_mean:             0.0250	ep_length_mean:           30.0000
epsilon:                   0.0500	grad_norm:                 0.6257	loss:                      0.0804	q_taken_mean:              0.0753
return_mean:             -578.3859	return_std:              192.8770	target_mean:               0.0752	td_error_abs:              0.1659
test_action_0_mean:        0.3917	test_action_1_mean:        0.5998	test_action_2_mean:        0.0085	test_ep_length_mean:      30.0000
test_return_mean:        -349.5315	test_return_std:         128.8515	
2026-02-19 14:45:51,783 - my_experiment - IMPuc50_IQL_RNN - my_run - INFO - t_env: 275250 / 2050000
2026-02-19 14:45:51,783 - my_experiment - IMPuc50_IQL_RNN - my_run - INFO - Estimated time left: 3 hours, 5 minutes, 38 seconds. Time passed: 30 minutes, 59 seconds
2026-02-19 14:48:24,444 - my_experiment - IMPuc50_IQL_RNN - my_run - INFO - Recent Stats | t_env:     300240 | Episode:    10008
action_0_mean:             0.4090	action_1_mean:             0.5663	action_2_mean:             0.0248	ep_length_mean:           30.0000
epsilon:                   0.0500	grad_norm:                 0.6374	loss:                      0.0582	q_taken_mean:              0.0762
return_mean:             -543.8171	return_std:              114.0753	target_mean:               0.0765	td_error_abs:              0.1562
test_action_0_mean:        0.4620	test_action_1_mean:        0.5289	test_action_2_mean:        0.0091	test_ep_length_mean:      30.0000
test_return_mean:        -296.6757	test_return_std:          47.8647	
2026-02-19 14:48:25,200 - my_experiment - IMPuc50_IQL_RNN - my_run - INFO - t_env: 300270 / 2050000
2026-02-19 14:48:25,200 - my_experiment - IMPuc50_IQL_RNN - my_run - INFO - Estimated time left: 2 hours, 58 minutes, 48 seconds. Time passed: 33 minutes, 32 seconds
2026-02-19 14:50:54,400 - my_experiment - IMPuc50_IQL_RNN - my_run - INFO - Recent Stats | t_env:     325260 | Episode:    10842
action_0_mean:             0.4476	action_1_mean:             0.5277	action_2_mean:             0.0247	ep_length_mean:           30.0000
epsilon:                   0.0500	grad_norm:                 0.7159	loss:                      0.0575	q_taken_mean:              0.0753
return_mean:             -530.8576	return_std:              103.3627	target_mean:               0.0754	td_error_abs:              0.1564
test_action_0_mean:        0.4595	test_action_1_mean:        0.5317	test_action_2_mean:        0.0089	test_ep_length_mean:      30.0000
test_return_mean:        -294.2243	test_return_std:          45.5127	
2026-02-19 14:50:54,596 - my_experiment - IMPuc50_IQL_RNN - my_run - INFO - t_env: 325290 / 2050000
2026-02-19 14:50:54,597 - my_experiment - IMPuc50_IQL_RNN - my_run - INFO - Estimated time left: 2 hours, 51 minutes, 38 seconds. Time passed: 36 minutes, 1 seconds
2026-02-19 14:53:24,687 - my_experiment - IMPuc50_IQL_RNN - my_run - INFO - Recent Stats | t_env:     350280 | Episode:    11676
action_0_mean:             0.4528	action_1_mean:             0.5230	action_2_mean:             0.0242	ep_length_mean:           30.0000
epsilon:                   0.0500	grad_norm:                 0.6062	loss:                      0.0438	q_taken_mean:              0.0733
return_mean:             -510.8439	return_std:               85.5961	target_mean:               0.0734	td_error_abs:              0.1526
test_action_0_mean:        0.4473	test_action_1_mean:        0.5437	test_action_2_mean:        0.0090	test_ep_length_mean:      30.0000
test_return_mean:        -256.2489	test_return_std:          31.5095	
2026-02-19 14:53:24,869 - my_experiment - IMPuc50_IQL_RNN - my_run - INFO - t_env: 350310 / 2050000
2026-02-19 14:53:24,870 - my_experiment - IMPuc50_IQL_RNN - my_run - INFO - Estimated time left: 2 hours, 50 minutes, 8 seconds. Time passed: 38 minutes, 32 seconds
2026-02-19 14:56:00,046 - my_experiment - IMPuc50_IQL_RNN - my_run - INFO - Recent Stats | t_env:     375300 | Episode:    12510
action_0_mean:             0.4825	action_1_mean:             0.4939	action_2_mean:             0.0236	ep_length_mean:           30.0000
epsilon:                   0.0500	grad_norm:                 0.5182	loss:                      0.0420	q_taken_mean:              0.0708
return_mean:             -500.6673	return_std:               77.0625	target_mean:               0.0708	td_error_abs:              0.1514
test_action_0_mean:        0.4972	test_action_1_mean:        0.4965	test_action_2_mean:        0.0063	test_ep_length_mean:      30.0000
test_return_mean:        -217.7769	test_return_std:          36.7349	
2026-02-19 14:56:00,243 - my_experiment - IMPuc50_IQL_RNN - my_run - INFO - t_env: 375330 / 2050000
2026-02-19 14:56:00,244 - my_experiment - IMPuc50_IQL_RNN - my_run - INFO - Estimated time left: 2 hours, 53 minutes, 19 seconds. Time passed: 41 minutes, 7 seconds
2026-02-19 14:58:35,674 - my_experiment - IMPuc50_IQL_RNN - my_run - INFO - Saving models to work_dirs/my_experiment/IMPuc50_IQL_RNN/my_run/20260219_141252/models/400050
2026-02-19 14:58:37,293 - my_experiment - IMPuc50_IQL_RNN - my_run - INFO - Recent Stats | t_env:     400320 | Episode:    13344
action_0_mean:             0.4992	action_1_mean:             0.4780	action_2_mean:             0.0228	ep_length_mean:           30.0000
epsilon:                   0.0500	grad_norm:                 0.5922	loss:                      0.0394	q_taken_mean:              0.0685
return_mean:             -492.8151	return_std:               70.6348	target_mean:               0.0686	td_error_abs:              0.1504
test_action_0_mean:        0.5070	test_action_1_mean:        0.4874	test_action_2_mean:        0.0056	test_ep_length_mean:      30.0000
test_return_mean:        -220.5734	test_return_std:          38.3247	
2026-02-19 14:58:37,472 - my_experiment - IMPuc50_IQL_RNN - my_run - INFO - t_env: 400350 / 2050000
2026-02-19 14:58:37,472 - my_experiment - IMPuc50_IQL_RNN - my_run - INFO - Estimated time left: 2 hours, 52 minutes, 46 seconds. Time passed: 43 minutes, 44 seconds
2026-02-19 15:01:08,719 - my_experiment - IMPuc50_IQL_RNN - my_run - INFO - Recent Stats | t_env:     425340 | Episode:    14178
action_0_mean:             0.4945	action_1_mean:             0.4838	action_2_mean:             0.0217	ep_length_mean:           30.0000
epsilon:                   0.0500	grad_norm:                 0.4138	loss:                      0.0404	q_taken_mean:              0.0666
return_mean:             -483.7613	return_std:               65.3308	target_mean:               0.0667	td_error_abs:              0.1507
test_action_0_mean:        0.5218	test_action_1_mean:        0.4733	test_action_2_mean:        0.0050	test_ep_length_mean:      30.0000
test_return_mean:        -216.3264	test_return_std:          40.9658	
2026-02-19 15:01:08,890 - my_experiment - IMPuc50_IQL_RNN - my_run - INFO - t_env: 425370 / 2050000
2026-02-19 15:01:08,890 - my_experiment - IMPuc50_IQL_RNN - my_run - INFO - Estimated time left: 2 hours, 43 minutes, 52 seconds. Time passed: 46 minutes, 16 seconds
2026-02-19 15:03:36,041 - my_experiment - IMPuc50_IQL_RNN - my_run - INFO - Recent Stats | t_env:     450360 | Episode:    15012
action_0_mean:             0.4983	action_1_mean:             0.4800	action_2_mean:             0.0216	ep_length_mean:           30.0000
epsilon:                   0.0500	grad_norm:                 0.2743	loss:                      0.0427	q_taken_mean:              0.0651
return_mean:             -483.2393	return_std:               65.3712	target_mean:               0.0652	td_error_abs:              0.1537
test_action_0_mean:        0.5515	test_action_1_mean:        0.4433	test_action_2_mean:        0.0052	test_ep_length_mean:      30.0000
test_return_mean:        -210.5880	test_return_std:          43.9818	
2026-02-19 15:03:36,241 - my_experiment - IMPuc50_IQL_RNN - my_run - INFO - t_env: 450390 / 2050000
2026-02-19 15:03:36,241 - my_experiment - IMPuc50_IQL_RNN - my_run - INFO - Estimated time left: 2 hours, 37 minutes, 0 seconds. Time passed: 48 minutes, 43 seconds
2026-02-19 15:06:08,488 - my_experiment - IMPuc50_IQL_RNN - my_run - INFO - Recent Stats | t_env:     475380 | Episode:    15846
action_0_mean:             0.5023	action_1_mean:             0.4760	action_2_mean:             0.0217	ep_length_mean:           30.0000
epsilon:                   0.0500	grad_norm:                 0.3210	loss:                      0.0452	q_taken_mean:              0.0633
return_mean:             -482.4262	return_std:               65.3243	target_mean:               0.0635	td_error_abs:              0.1584
test_action_0_mean:        0.5583	test_action_1_mean:        0.4365	test_action_2_mean:        0.0051	test_ep_length_mean:      30.0000
test_return_mean:        -210.8828	test_return_std:          43.8357	
2026-02-19 15:06:08,680 - my_experiment - IMPuc50_IQL_RNN - my_run - INFO - t_env: 475410 / 2050000
2026-02-19 15:06:08,681 - my_experiment - IMPuc50_IQL_RNN - my_run - INFO - Estimated time left: 2 hours, 39 minutes, 53 seconds. Time passed: 51 minutes, 16 seconds
2026-02-19 15:08:40,413 - my_experiment - IMPuc50_IQL_RNN - my_run - INFO - Recent Stats | t_env:     500400 | Episode:    16680
action_0_mean:             0.4906	action_1_mean:             0.4878	action_2_mean:             0.0216	ep_length_mean:           30.0000
epsilon:                   0.0500	grad_norm:                 0.3059	loss:                      0.0472	q_taken_mean:              0.0617
return_mean:             -478.7251	return_std:               63.6819	target_mean:               0.0618	td_error_abs:              0.1631
test_action_0_mean:        0.5379	test_action_1_mean:        0.4572	test_action_2_mean:        0.0049	test_ep_length_mean:      30.0000
test_return_mean:        -201.4675	test_return_std:          35.1567	
2026-02-19 15:08:40,617 - my_experiment - IMPuc50_IQL_RNN - my_run - INFO - t_env: 500430 / 2050000
2026-02-19 15:08:40,618 - my_experiment - IMPuc50_IQL_RNN - my_run - INFO - Estimated time left: 2 hours, 36 minutes, 49 seconds. Time passed: 53 minutes, 47 seconds
2026-02-19 15:11:11,400 - my_experiment - IMPuc50_IQL_RNN - my_run - INFO - Recent Stats | t_env:     525420 | Episode:    17514
action_0_mean:             0.5078	action_1_mean:             0.4709	action_2_mean:             0.0213	ep_length_mean:           30.0000
epsilon:                   0.0500	grad_norm:                 0.1625	loss:                      0.0496	q_taken_mean:              0.0603
return_mean:             -471.7910	return_std:               62.2367	target_mean:               0.0603	td_error_abs:              0.1662
test_action_0_mean:        0.5627	test_action_1_mean:        0.4325	test_action_2_mean:        0.0048	test_ep_length_mean:      30.0000
test_return_mean:        -189.1178	test_return_std:          32.1998	
2026-02-19 15:11:11,588 - my_experiment - IMPuc50_IQL_RNN - my_run - INFO - t_env: 525450 / 2050000
2026-02-19 15:11:11,588 - my_experiment - IMPuc50_IQL_RNN - my_run - INFO - Estimated time left: 2 hours, 33 minutes, 19 seconds. Time passed: 56 minutes, 18 seconds
2026-02-19 15:13:41,355 - my_experiment - IMPuc50_IQL_RNN - my_run - INFO - Recent Stats | t_env:     550440 | Episode:    18348
action_0_mean:             0.5389	action_1_mean:             0.4401	action_2_mean:             0.0210	ep_length_mean:           30.0000
epsilon:                   0.0500	grad_norm:                 0.2658	loss:                      0.0519	q_taken_mean:              0.0591
return_mean:             -465.6922	return_std:               61.5199	target_mean:               0.0591	td_error_abs:              0.1697
test_action_0_mean:        0.5666	test_action_1_mean:        0.4286	test_action_2_mean:        0.0048	test_ep_length_mean:      30.0000
test_return_mean:        -187.4772	test_return_std:          31.9192	
2026-02-19 15:13:41,525 - my_experiment - IMPuc50_IQL_RNN - my_run - INFO - t_env: 550470 / 2050000
2026-02-19 15:13:41,526 - my_experiment - IMPuc50_IQL_RNN - my_run - INFO - Estimated time left: 2 hours, 29 minutes, 46 seconds. Time passed: 58 minutes, 48 seconds
2026-02-19 15:16:11,312 - my_experiment - IMPuc50_IQL_RNN - my_run - INFO - Recent Stats | t_env:     575460 | Episode:    19182
action_0_mean:             0.5464	action_1_mean:             0.4327	action_2_mean:             0.0208	ep_length_mean:           30.0000
epsilon:                   0.0500	grad_norm:                 0.2695	loss:                      0.0530	q_taken_mean:              0.0580
return_mean:             -462.7492	return_std:               61.1340	target_mean:               0.0580	td_error_abs:              0.1727
test_action_0_mean:        0.5651	test_action_1_mean:        0.4301	test_action_2_mean:        0.0048	test_ep_length_mean:      30.0000
test_return_mean:        -189.5596	test_return_std:          31.0365	
2026-02-19 15:16:11,528 - my_experiment - IMPuc50_IQL_RNN - my_run - INFO - t_env: 575490 / 2050000
2026-02-19 15:16:11,529 - my_experiment - IMPuc50_IQL_RNN - my_run - INFO - Estimated time left: 2 hours, 27 minutes, 20 seconds. Time passed: 1 hours, 1 minutes, 18 seconds
2026-02-19 15:18:37,845 - my_experiment - IMPuc50_IQL_RNN - my_run - INFO - Saving models to work_dirs/my_experiment/IMPuc50_IQL_RNN/my_run/20260219_141252/models/600060
2026-02-19 15:18:40,756 - my_experiment - IMPuc50_IQL_RNN - my_run - INFO - Recent Stats | t_env:     600480 | Episode:    20016
action_0_mean:             0.5385	action_1_mean:             0.4408	action_2_mean:             0.0207	ep_length_mean:           30.0000
epsilon:                   0.0500	grad_norm:                 0.2393	loss:                      0.0562	q_taken_mean:              0.0570
return_mean:             -461.4338	return_std:               60.6501	target_mean:               0.0570	td_error_abs:              0.1771
test_action_0_mean:        0.5710	test_action_1_mean:        0.4242	test_action_2_mean:        0.0048	test_ep_length_mean:      30.0000
test_return_mean:        -185.0636	test_return_std:          31.4046	
2026-02-19 15:18:40,939 - my_experiment - IMPuc50_IQL_RNN - my_run - INFO - t_env: 600510 / 2050000
2026-02-19 15:18:40,939 - my_experiment - IMPuc50_IQL_RNN - my_run - INFO - Estimated time left: 2 hours, 24 minutes, 15 seconds. Time passed: 1 hours, 3 minutes, 48 seconds
2026-02-19 15:21:10,124 - my_experiment - IMPuc50_IQL_RNN - my_run - INFO - Recent Stats | t_env:     625500 | Episode:    20850
action_0_mean:             0.5551	action_1_mean:             0.4243	action_2_mean:             0.0207	ep_length_mean:           30.0000
epsilon:                   0.0500	grad_norm:                 0.2685	loss:                      0.0585	q_taken_mean:              0.0561
return_mean:             -459.6867	return_std:               61.1942	target_mean:               0.0560	td_error_abs:              0.1805
test_action_0_mean:        0.5574	test_action_1_mean:        0.4377	test_action_2_mean:        0.0049	test_ep_length_mean:      30.0000
test_return_mean:        -185.9183	test_return_std:          31.2722	
2026-02-19 15:21:10,300 - my_experiment - IMPuc50_IQL_RNN - my_run - INFO - t_env: 625530 / 2050000
2026-02-19 15:21:10,301 - my_experiment - IMPuc50_IQL_RNN - my_run - INFO - Estimated time left: 2 hours, 21 minutes, 43 seconds. Time passed: 1 hours, 6 minutes, 17 seconds
2026-02-19 15:23:38,100 - my_experiment - IMPuc50_IQL_RNN - my_run - INFO - Recent Stats | t_env:     650520 | Episode:    21684
action_0_mean:             0.5699	action_1_mean:             0.4094	action_2_mean:             0.0207	ep_length_mean:           30.0000
epsilon:                   0.0500	grad_norm:                 0.3441	loss:                      0.0613	q_taken_mean:              0.0553
return_mean:             -457.9725	return_std:               61.3599	target_mean:               0.0552	td_error_abs:              0.1834
test_action_0_mean:        0.5671	test_action_1_mean:        0.4278	test_action_2_mean:        0.0050	test_ep_length_mean:      30.0000
test_return_mean:        -186.4855	test_return_std:          31.2300	
2026-02-19 15:23:38,275 - my_experiment - IMPuc50_IQL_RNN - my_run - INFO - t_env: 650550 / 2050000
2026-02-19 15:23:38,276 - my_experiment - IMPuc50_IQL_RNN - my_run - INFO - Estimated time left: 2 hours, 17 minutes, 56 seconds. Time passed: 1 hours, 8 minutes, 45 seconds
2026-02-19 15:26:07,463 - my_experiment - IMPuc50_IQL_RNN - my_run - INFO - Recent Stats | t_env:     675540 | Episode:    22518
action_0_mean:             0.5807	action_1_mean:             0.3986	action_2_mean:             0.0207	ep_length_mean:           30.0000
epsilon:                   0.0500	grad_norm:                 0.3345	loss:                      0.0649	q_taken_mean:              0.0544
return_mean:             -458.3283	return_std:               61.2480	target_mean:               0.0544	td_error_abs:              0.1892
test_action_0_mean:        0.5762	test_action_1_mean:        0.4187	test_action_2_mean:        0.0051	test_ep_length_mean:      30.0000
test_return_mean:        -184.0149	test_return_std:          28.7372	
2026-02-19 15:26:07,684 - my_experiment - IMPuc50_IQL_RNN - my_run - INFO - t_env: 675570 / 2050000
2026-02-19 15:26:07,684 - my_experiment - IMPuc50_IQL_RNN - my_run - INFO - Estimated time left: 2 hours, 16 minutes, 47 seconds. Time passed: 1 hours, 11 minutes, 15 seconds
2026-02-19 15:28:38,948 - my_experiment - IMPuc50_IQL_RNN - my_run - INFO - Recent Stats | t_env:     700560 | Episode:    23352
action_0_mean:             0.5867	action_1_mean:             0.3926	action_2_mean:             0.0207	ep_length_mean:           30.0000
epsilon:                   0.0500	grad_norm:                 0.3279	loss:                      0.0693	q_taken_mean:              0.0537
return_mean:             -460.3104	return_std:               63.6775	target_mean:               0.0536	td_error_abs:              0.1934
test_action_0_mean:        0.5261	test_action_1_mean:        0.4690	test_action_2_mean:        0.0049	test_ep_length_mean:      30.0000
test_return_mean:        -190.8254	test_return_std:          26.5408	
2026-02-19 15:28:39,126 - my_experiment - IMPuc50_IQL_RNN - my_run - INFO - t_env: 700590 / 2050000
2026-02-19 15:28:39,126 - my_experiment - IMPuc50_IQL_RNN - my_run - INFO - Estimated time left: 2 hours, 16 minutes, 7 seconds. Time passed: 1 hours, 13 minutes, 46 seconds
2026-02-19 15:31:10,018 - my_experiment - IMPuc50_IQL_RNN - my_run - INFO - Recent Stats | t_env:     725580 | Episode:    24186
action_0_mean:             0.5812	action_1_mean:             0.3980	action_2_mean:             0.0208	ep_length_mean:           30.0000
epsilon:                   0.0500	grad_norm:                 0.3919	loss:                      0.0717	q_taken_mean:              0.0528
return_mean:             -461.0167	return_std:               64.1920	target_mean:               0.0528	td_error_abs:              0.1969
test_action_0_mean:        0.5380	test_action_1_mean:        0.4572	test_action_2_mean:        0.0048	test_ep_length_mean:      30.0000
test_return_mean:        -190.3216	test_return_std:          26.8483	
2026-02-19 15:31:10,209 - my_experiment - IMPuc50_IQL_RNN - my_run - INFO - t_env: 725610 / 2050000
2026-02-19 15:31:10,210 - my_experiment - IMPuc50_IQL_RNN - my_run - INFO - Estimated time left: 2 hours, 13 minutes, 17 seconds. Time passed: 1 hours, 16 minutes, 17 seconds
2026-02-19 15:33:40,609 - my_experiment - IMPuc50_IQL_RNN - my_run - INFO - Recent Stats | t_env:     750600 | Episode:    25020
action_0_mean:             0.5722	action_1_mean:             0.4070	action_2_mean:             0.0208	ep_length_mean:           30.0000
epsilon:                   0.0500	grad_norm:                 0.3720	loss:                      0.0750	q_taken_mean:              0.0521
return_mean:             -461.6279	return_std:               64.2453	target_mean:               0.0521	td_error_abs:              0.2004
test_action_0_mean:        0.5387	test_action_1_mean:        0.4565	test_action_2_mean:        0.0047	test_ep_length_mean:      30.0000
test_return_mean:        -189.3495	test_return_std:          28.3574	
2026-02-19 15:33:40,786 - my_experiment - IMPuc50_IQL_RNN - my_run - INFO - t_env: 750630 / 2050000
2026-02-19 15:33:40,787 - my_experiment - IMPuc50_IQL_RNN - my_run - INFO - Estimated time left: 2 hours, 10 minutes, 19 seconds. Time passed: 1 hours, 18 minutes, 48 seconds
2026-02-19 15:36:10,341 - my_experiment - IMPuc50_IQL_RNN - my_run - INFO - Recent Stats | t_env:     775620 | Episode:    25854
action_0_mean:             0.5681	action_1_mean:             0.4111	action_2_mean:             0.0208	ep_length_mean:           30.0000
epsilon:                   0.0500	grad_norm:                 0.3369	loss:                      0.0773	q_taken_mean:              0.0511
return_mean:             -461.1582	return_std:               65.0885	target_mean:               0.0512	td_error_abs:              0.2043
test_action_0_mean:        0.5353	test_action_1_mean:        0.4600	test_action_2_mean:        0.0048	test_ep_length_mean:      30.0000
test_return_mean:        -190.8699	test_return_std:          30.4906	
2026-02-19 15:36:10,521 - my_experiment - IMPuc50_IQL_RNN - my_run - INFO - t_env: 775650 / 2050000
2026-02-19 15:36:10,522 - my_experiment - IMPuc50_IQL_RNN - my_run - INFO - Estimated time left: 2 hours, 7 minutes, 6 seconds. Time passed: 1 hours, 21 minutes, 17 seconds
2026-02-19 15:38:34,988 - my_experiment - IMPuc50_IQL_RNN - my_run - INFO - Saving models to work_dirs/my_experiment/IMPuc50_IQL_RNN/my_run/20260219_141252/models/800070
2026-02-19 15:38:38,244 - my_experiment - IMPuc50_IQL_RNN - my_run - INFO - Recent Stats | t_env:     800640 | Episode:    26688
action_0_mean:             0.5617	action_1_mean:             0.4175	action_2_mean:             0.0208	ep_length_mean:           30.0000
epsilon:                   0.0500	grad_norm:                 0.2650	loss:                      0.0793	q_taken_mean:              0.0504
return_mean:             -461.0759	return_std:               65.2123	target_mean:               0.0505	td_error_abs:              0.2054
test_action_0_mean:        0.5354	test_action_1_mean:        0.4598	test_action_2_mean:        0.0049	test_ep_length_mean:      30.0000
test_return_mean:        -193.5864	test_return_std:          32.2261	
2026-02-19 15:38:38,417 - my_experiment - IMPuc50_IQL_RNN - my_run - INFO - t_env: 800670 / 2050000
2026-02-19 15:38:38,418 - my_experiment - IMPuc50_IQL_RNN - my_run - INFO - Estimated time left: 2 hours, 3 minutes, 4 seconds. Time passed: 1 hours, 23 minutes, 45 seconds
2026-02-19 15:41:05,477 - my_experiment - IMPuc50_IQL_RNN - my_run - INFO - Recent Stats | t_env:     825660 | Episode:    27522
action_0_mean:             0.5644	action_1_mean:             0.4147	action_2_mean:             0.0209	ep_length_mean:           30.0000
epsilon:                   0.0500	grad_norm:                 0.2987	loss:                      0.0796	q_taken_mean:              0.0497
return_mean:             -459.4925	return_std:               63.3128	target_mean:               0.0499	td_error_abs:              0.2079
test_action_0_mean:        0.5787	test_action_1_mean:        0.4164	test_action_2_mean:        0.0049	test_ep_length_mean:      30.0000
test_return_mean:        -189.6780	test_return_std:          36.6475	
2026-02-19 15:41:05,671 - my_experiment - IMPuc50_IQL_RNN - my_run - INFO - t_env: 825690 / 2050000
2026-02-19 15:41:05,671 - my_experiment - IMPuc50_IQL_RNN - my_run - INFO - Estimated time left: 2 hours, 5 seconds. Time passed: 1 hours, 26 minutes, 13 seconds
2026-02-19 15:43:32,907 - my_experiment - IMPuc50_IQL_RNN - my_run - INFO - Recent Stats | t_env:     850680 | Episode:    28356
action_0_mean:             0.5806	action_1_mean:             0.3986	action_2_mean:             0.0208	ep_length_mean:           30.0000
epsilon:                   0.0500	grad_norm:                 0.2005	loss:                      0.0813	q_taken_mean:              0.0492
return_mean:             -457.9427	return_std:               62.8874	target_mean:               0.0493	td_error_abs:              0.2103
test_action_0_mean:        0.5709	test_action_1_mean:        0.4241	test_action_2_mean:        0.0050	test_ep_length_mean:      30.0000
test_return_mean:        -193.8206	test_return_std:          37.6606	
2026-02-19 15:43:33,086 - my_experiment - IMPuc50_IQL_RNN - my_run - INFO - t_env: 850710 / 2050000
2026-02-19 15:43:33,087 - my_experiment - IMPuc50_IQL_RNN - my_run - INFO - Estimated time left: 1 hours, 57 minutes, 46 seconds. Time passed: 1 hours, 28 minutes, 40 seconds
2026-02-19 15:46:01,578 - my_experiment - IMPuc50_IQL_RNN - my_run - INFO - Recent Stats | t_env:     875700 | Episode:    29190
action_0_mean:             0.5984	action_1_mean:             0.3808	action_2_mean:             0.0208	ep_length_mean:           30.0000
epsilon:                   0.0500	grad_norm:                 0.2397	loss:                      0.0827	q_taken_mean:              0.0485
return_mean:             -457.7498	return_std:               63.5623	target_mean:               0.0485	td_error_abs:              0.2130
test_action_0_mean:        0.5887	test_action_1_mean:        0.4061	test_action_2_mean:        0.0051	test_ep_length_mean:      30.0000
test_return_mean:        -197.4948	test_return_std:          37.2558	
2026-02-19 15:46:01,769 - my_experiment - IMPuc50_IQL_RNN - my_run - INFO - t_env: 875730 / 2050000
2026-02-19 15:46:01,770 - my_experiment - IMPuc50_IQL_RNN - my_run - INFO - Estimated time left: 1 hours, 56 minutes, 18 seconds. Time passed: 1 hours, 31 minutes, 9 seconds
2026-02-19 15:48:28,894 - my_experiment - IMPuc50_IQL_RNN - my_run - INFO - Recent Stats | t_env:     900720 | Episode:    30024
action_0_mean:             0.6025	action_1_mean:             0.3767	action_2_mean:             0.0209	ep_length_mean:           30.0000
epsilon:                   0.0500	grad_norm:                 0.2378	loss:                      0.0847	q_taken_mean:              0.0480
return_mean:             -458.9030	return_std:               63.0132	target_mean:               0.0479	td_error_abs:              0.2152
test_action_0_mean:        0.5950	test_action_1_mean:        0.4000	test_action_2_mean:        0.0050	test_ep_length_mean:      30.0000
test_return_mean:        -194.4034	test_return_std:          35.1619	
2026-02-19 15:48:29,077 - my_experiment - IMPuc50_IQL_RNN - my_run - INFO - t_env: 900750 / 2050000
2026-02-19 15:48:29,078 - my_experiment - IMPuc50_IQL_RNN - my_run - INFO - Estimated time left: 1 hours, 52 minutes, 46 seconds. Time passed: 1 hours, 33 minutes, 36 seconds
2026-02-19 15:50:56,954 - my_experiment - IMPuc50_IQL_RNN - my_run - INFO - Recent Stats | t_env:     925740 | Episode:    30858
action_0_mean:             0.6114	action_1_mean:             0.3677	action_2_mean:             0.0209	ep_length_mean:           30.0000
epsilon:                   0.0500	grad_norm:                 0.2170	loss:                      0.0865	q_taken_mean:              0.0471
return_mean:             -458.2422	return_std:               62.7473	target_mean:               0.0472	td_error_abs:              0.2186
test_action_0_mean:        0.6110	test_action_1_mean:        0.3841	test_action_2_mean:        0.0049	test_ep_length_mean:      30.0000
test_return_mean:        -193.3432	test_return_std:          37.5081	
2026-02-19 15:50:57,131 - my_experiment - IMPuc50_IQL_RNN - my_run - INFO - t_env: 925770 / 2050000
2026-02-19 15:50:57,131 - my_experiment - IMPuc50_IQL_RNN - my_run - INFO - Estimated time left: 1 hours, 50 minutes, 52 seconds. Time passed: 1 hours, 36 minutes, 4 seconds
2026-02-19 15:53:24,508 - my_experiment - IMPuc50_IQL_RNN - my_run - INFO - Recent Stats | t_env:     950760 | Episode:    31692
action_0_mean:             0.6106	action_1_mean:             0.3686	action_2_mean:             0.0208	ep_length_mean:           30.0000
epsilon:                   0.0500	grad_norm:                 0.1916	loss:                      0.0882	q_taken_mean:              0.0464
return_mean:             -457.0701	return_std:               62.2954	target_mean:               0.0465	td_error_abs:              0.2199
test_action_0_mean:        0.6032	test_action_1_mean:        0.3919	test_action_2_mean:        0.0049	test_ep_length_mean:      30.0000
test_return_mean:        -188.5498	test_return_std:          34.4142	
2026-02-19 15:53:24,691 - my_experiment - IMPuc50_IQL_RNN - my_run - INFO - t_env: 950790 / 2050000
2026-02-19 15:53:24,691 - my_experiment - IMPuc50_IQL_RNN - my_run - INFO - Estimated time left: 1 hours, 48 minutes, 2 seconds. Time passed: 1 hours, 38 minutes, 32 seconds
2026-02-19 15:55:52,900 - my_experiment - IMPuc50_IQL_RNN - my_run - INFO - Recent Stats | t_env:     975780 | Episode:    32526
action_0_mean:             0.6124	action_1_mean:             0.3668	action_2_mean:             0.0208	ep_length_mean:           30.0000
epsilon:                   0.0500	grad_norm:                 0.1943	loss:                      0.0904	q_taken_mean:              0.0460
return_mean:             -457.8328	return_std:               62.3870	target_mean:               0.0460	td_error_abs:              0.2218
test_action_0_mean:        0.6097	test_action_1_mean:        0.3855	test_action_2_mean:        0.0048	test_ep_length_mean:      30.0000
test_return_mean:        -182.6560	test_return_std:          33.2938	
2026-02-19 15:55:53,093 - my_experiment - IMPuc50_IQL_RNN - my_run - INFO - t_env: 975810 / 2050000
2026-02-19 15:55:53,093 - my_experiment - IMPuc50_IQL_RNN - my_run - INFO - Estimated time left: 1 hours, 46 minutes, 11 seconds. Time passed: 1 hours, 41 minutes, 0 seconds
2026-02-19 15:58:15,769 - my_experiment - IMPuc50_IQL_RNN - my_run - INFO - Saving models to work_dirs/my_experiment/IMPuc50_IQL_RNN/my_run/20260219_141252/models/1000080
2026-02-19 15:58:19,785 - my_experiment - IMPuc50_IQL_RNN - my_run - INFO - Recent Stats | t_env:    1000800 | Episode:    33360
action_0_mean:             0.6070	action_1_mean:             0.3722	action_2_mean:             0.0207	ep_length_mean:           30.0000
epsilon:                   0.0500	grad_norm:                 0.1471	loss:                      0.0917	q_taken_mean:              0.0456
return_mean:             -456.5882	return_std:               61.1356	target_mean:               0.0457	td_error_abs:              0.2242
test_action_0_mean:        0.6158	test_action_1_mean:        0.3795	test_action_2_mean:        0.0048	test_ep_length_mean:      30.0000
test_return_mean:        -178.4723	test_return_std:          32.4248	
2026-02-19 15:58:19,968 - my_experiment - IMPuc50_IQL_RNN - my_run - INFO - t_env: 1000830 / 2050000
2026-02-19 15:58:19,969 - my_experiment - IMPuc50_IQL_RNN - my_run - INFO - Estimated time left: 1 hours, 42 minutes, 38 seconds. Time passed: 1 hours, 43 minutes, 27 seconds
2026-02-19 16:00:46,649 - my_experiment - IMPuc50_IQL_RNN - my_run - INFO - Recent Stats | t_env:    1025820 | Episode:    34194
action_0_mean:             0.6155	action_1_mean:             0.3638	action_2_mean:             0.0207	ep_length_mean:           30.0000
epsilon:                   0.0500	grad_norm:                 0.1329	loss:                      0.0951	q_taken_mean:              0.0453
return_mean:             -455.2832	return_std:               60.7918	target_mean:               0.0454	td_error_abs:              0.2273
test_action_0_mean:        0.6305	test_action_1_mean:        0.3647	test_action_2_mean:        0.0048	test_ep_length_mean:      30.0000
test_return_mean:        -178.4371	test_return_std:          34.2138	
2026-02-19 16:00:46,839 - my_experiment - IMPuc50_IQL_RNN - my_run - INFO - t_env: 1025850 / 2050000
2026-02-19 16:00:46,839 - my_experiment - IMPuc50_IQL_RNN - my_run - INFO - Estimated time left: 1 hours, 40 minutes, 11 seconds. Time passed: 1 hours, 45 minutes, 54 seconds
2026-02-19 16:03:11,222 - my_experiment - IMPuc50_IQL_RNN - my_run - INFO - Recent Stats | t_env:    1050840 | Episode:    35028
action_0_mean:             0.6215	action_1_mean:             0.3577	action_2_mean:             0.0207	ep_length_mean:           30.0000
epsilon:                   0.0500	grad_norm:                 0.1425	loss:                      0.0968	q_taken_mean:              0.0451
return_mean:             -454.6882	return_std:               61.4381	target_mean:               0.0452	td_error_abs:              0.2293
test_action_0_mean:        0.6251	test_action_1_mean:        0.3700	test_action_2_mean:        0.0048	test_ep_length_mean:      30.0000
test_return_mean:        -179.1840	test_return_std:          31.7941	
2026-02-19 16:03:11,413 - my_experiment - IMPuc50_IQL_RNN - my_run - INFO - t_env: 1050870 / 2050000
2026-02-19 16:03:11,414 - my_experiment - IMPuc50_IQL_RNN - my_run - INFO - Estimated time left: 1 hours, 36 minutes, 13 seconds. Time passed: 1 hours, 48 minutes, 18 seconds
2026-02-19 16:05:38,032 - my_experiment - IMPuc50_IQL_RNN - my_run - INFO - Recent Stats | t_env:    1075860 | Episode:    35862
action_0_mean:             0.6370	action_1_mean:             0.3423	action_2_mean:             0.0208	ep_length_mean:           30.0000
epsilon:                   0.0500	grad_norm:                 0.1436	loss:                      0.0991	q_taken_mean:              0.0449
return_mean:             -453.7645	return_std:               61.3698	target_mean:               0.0450	td_error_abs:              0.2327
test_action_0_mean:        0.6536	test_action_1_mean:        0.3414	test_action_2_mean:        0.0049	test_ep_length_mean:      30.0000
test_return_mean:        -178.4944	test_return_std:          32.5698	
2026-02-19 16:05:38,202 - my_experiment - IMPuc50_IQL_RNN - my_run - INFO - t_env: 1075890 / 2050000
2026-02-19 16:05:38,202 - my_experiment - IMPuc50_IQL_RNN - my_run - INFO - Estimated time left: 1 hours, 35 minutes, 14 seconds. Time passed: 1 hours, 50 minutes, 45 seconds
2026-02-19 16:08:07,940 - my_experiment - IMPuc50_IQL_RNN - my_run - INFO - Recent Stats | t_env:    1100880 | Episode:    36696
action_0_mean:             0.6392	action_1_mean:             0.3400	action_2_mean:             0.0208	ep_length_mean:           30.0000
epsilon:                   0.0500	grad_norm:                 0.1365	loss:                      0.1005	q_taken_mean:              0.0448
return_mean:             -452.0237	return_std:               61.3965	target_mean:               0.0448	td_error_abs:              0.2352
test_action_0_mean:        0.6801	test_action_1_mean:        0.3150	test_action_2_mean:        0.0049	test_ep_length_mean:      30.0000
test_return_mean:        -177.5964	test_return_std:          33.4458	
2026-02-19 16:08:08,129 - my_experiment - IMPuc50_IQL_RNN - my_run - INFO - t_env: 1100910 / 2050000
2026-02-19 16:08:08,130 - my_experiment - IMPuc50_IQL_RNN - my_run - INFO - Estimated time left: 1 hours, 34 minutes, 47 seconds. Time passed: 1 hours, 53 minutes, 15 seconds
2026-02-19 16:10:37,342 - my_experiment - IMPuc50_IQL_RNN - my_run - INFO - Recent Stats | t_env:    1125900 | Episode:    37530
action_0_mean:             0.6335	action_1_mean:             0.3458	action_2_mean:             0.0207	ep_length_mean:           30.0000
epsilon:                   0.0500	grad_norm:                 0.1404	loss:                      0.1028	q_taken_mean:              0.0447
return_mean:             -451.7360	return_std:               61.9810	target_mean:               0.0446	td_error_abs:              0.2372
test_action_0_mean:        0.6782	test_action_1_mean:        0.3168	test_action_2_mean:        0.0049	test_ep_length_mean:      30.0000
test_return_mean:        -179.7408	test_return_std:          34.8606	
2026-02-19 16:10:37,531 - my_experiment - IMPuc50_IQL_RNN - my_run - INFO - t_env: 1125930 / 2050000
2026-02-19 16:10:37,532 - my_experiment - IMPuc50_IQL_RNN - my_run - INFO - Estimated time left: 1 hours, 31 minutes, 57 seconds. Time passed: 1 hours, 55 minutes, 44 seconds
2026-02-19 16:13:06,635 - my_experiment - IMPuc50_IQL_RNN - my_run - INFO - Recent Stats | t_env:    1150920 | Episode:    38364
action_0_mean:             0.6225	action_1_mean:             0.3568	action_2_mean:             0.0207	ep_length_mean:           30.0000
epsilon:                   0.0500	grad_norm:                 0.1362	loss:                      0.1031	q_taken_mean:              0.0446
return_mean:             -453.7511	return_std:               62.5943	target_mean:               0.0445	td_error_abs:              0.2380
test_action_0_mean:        0.6546	test_action_1_mean:        0.3407	test_action_2_mean:        0.0047	test_ep_length_mean:      30.0000
test_return_mean:        -179.4565	test_return_std:          33.6149	
2026-02-19 16:13:06,809 - my_experiment - IMPuc50_IQL_RNN - my_run - INFO - t_env: 1150950 / 2050000
2026-02-19 16:13:06,809 - my_experiment - IMPuc50_IQL_RNN - my_run - INFO - Estimated time left: 1 hours, 29 minutes, 24 seconds. Time passed: 1 hours, 58 minutes, 14 seconds
2026-02-19 16:15:33,302 - my_experiment - IMPuc50_IQL_RNN - my_run - INFO - Recent Stats | t_env:    1175940 | Episode:    39198
action_0_mean:             0.6106	action_1_mean:             0.3688	action_2_mean:             0.0206	ep_length_mean:           30.0000
epsilon:                   0.0500	grad_norm:                 0.1469	loss:                      0.1057	q_taken_mean:              0.0445
return_mean:             -454.4492	return_std:               63.4040	target_mean:               0.0444	td_error_abs:              0.2403
test_action_0_mean:        0.6601	test_action_1_mean:        0.3352	test_action_2_mean:        0.0047	test_ep_length_mean:      30.0000
test_return_mean:        -177.3551	test_return_std:          33.5952	
2026-02-19 16:15:33,477 - my_experiment - IMPuc50_IQL_RNN - my_run - INFO - t_env: 1175970 / 2050000
2026-02-19 16:15:33,478 - my_experiment - IMPuc50_IQL_RNN - my_run - INFO - Estimated time left: 1 hours, 25 minutes, 23 seconds. Time passed: 2 hours, 40 seconds
2026-02-19 16:17:55,846 - my_experiment - IMPuc50_IQL_RNN - my_run - INFO - Saving models to work_dirs/my_experiment/IMPuc50_IQL_RNN/my_run/20260219_141252/models/1200090
2026-02-19 16:18:00,797 - my_experiment - IMPuc50_IQL_RNN - my_run - INFO - Recent Stats | t_env:    1200960 | Episode:    40032
action_0_mean:             0.6024	action_1_mean:             0.3771	action_2_mean:             0.0205	ep_length_mean:           30.0000
epsilon:                   0.0500	grad_norm:                 0.1414	loss:                      0.1099	q_taken_mean:              0.0444
return_mean:             -455.8998	return_std:               64.6525	target_mean:               0.0443	td_error_abs:              0.2431
test_action_0_mean:        0.6374	test_action_1_mean:        0.3580	test_action_2_mean:        0.0046	test_ep_length_mean:      30.0000
test_return_mean:        -181.9006	test_return_std:          37.2119	
2026-02-19 16:18:00,981 - my_experiment - IMPuc50_IQL_RNN - my_run - INFO - t_env: 1200990 / 2050000
2026-02-19 16:18:00,981 - my_experiment - IMPuc50_IQL_RNN - my_run - INFO - Estimated time left: 1 hours, 23 minutes, 25 seconds. Time passed: 2 hours, 3 minutes, 8 seconds
2026-02-19 16:20:29,650 - my_experiment - IMPuc50_IQL_RNN - my_run - INFO - Recent Stats | t_env:    1225980 | Episode:    40866
action_0_mean:             0.6036	action_1_mean:             0.3759	action_2_mean:             0.0205	ep_length_mean:           30.0000
epsilon:                   0.0500	grad_norm:                 0.1492	loss:                      0.1125	q_taken_mean:              0.0438
return_mean:             -458.0768	return_std:               65.2516	target_mean:               0.0438	td_error_abs:              0.2458
test_action_0_mean:        0.6237	test_action_1_mean:        0.3718	test_action_2_mean:        0.0045	test_ep_length_mean:      30.0000
test_return_mean:        -186.4807	test_return_std:          38.4793	
2026-02-19 16:20:29,829 - my_experiment - IMPuc50_IQL_RNN - my_run - INFO - t_env: 1226010 / 2050000
2026-02-19 16:20:29,829 - my_experiment - IMPuc50_IQL_RNN - my_run - INFO - Estimated time left: 1 hours, 21 minutes, 42 seconds. Time passed: 2 hours, 5 minutes, 37 seconds
2026-02-19 16:22:57,139 - my_experiment - IMPuc50_IQL_RNN - my_run - INFO - Recent Stats | t_env:    1251000 | Episode:    41700
action_0_mean:             0.6041	action_1_mean:             0.3753	action_2_mean:             0.0206	ep_length_mean:           30.0000
epsilon:                   0.0500	grad_norm:                 0.1627	loss:                      0.1154	q_taken_mean:              0.0434
return_mean:             -459.6385	return_std:               65.0794	target_mean:               0.0433	td_error_abs:              0.2484
test_action_0_mean:        0.6217	test_action_1_mean:        0.3738	test_action_2_mean:        0.0045	test_ep_length_mean:      30.0000
test_return_mean:        -185.3180	test_return_std:          35.9500	
2026-02-19 16:22:57,318 - my_experiment - IMPuc50_IQL_RNN - my_run - INFO - t_env: 1251030 / 2050000
2026-02-19 16:22:57,318 - my_experiment - IMPuc50_IQL_RNN - my_run - INFO - Estimated time left: 1 hours, 18 minutes, 29 seconds. Time passed: 2 hours, 8 minutes, 4 seconds
2026-02-19 16:25:23,710 - my_experiment - IMPuc50_IQL_RNN - my_run - INFO - Recent Stats | t_env:    1276020 | Episode:    42534
action_0_mean:             0.6132	action_1_mean:             0.3663	action_2_mean:             0.0206	ep_length_mean:           30.0000
epsilon:                   0.0500	grad_norm:                 0.2005	loss:                      0.1179	q_taken_mean:              0.0427
return_mean:             -457.7519	return_std:               65.5879	target_mean:               0.0428	td_error_abs:              0.2514
test_action_0_mean:        0.6552	test_action_1_mean:        0.3401	test_action_2_mean:        0.0047	test_ep_length_mean:      30.0000
test_return_mean:        -186.8991	test_return_std:          37.0256	
2026-02-19 16:25:23,883 - my_experiment - IMPuc50_IQL_RNN - my_run - INFO - t_env: 1276050 / 2050000
2026-02-19 16:25:23,884 - my_experiment - IMPuc50_IQL_RNN - my_run - INFO - Estimated time left: 1 hours, 15 minutes, 33 seconds. Time passed: 2 hours, 10 minutes, 31 seconds
2026-02-19 16:27:52,518 - my_experiment - IMPuc50_IQL_RNN - my_run - INFO - Recent Stats | t_env:    1301040 | Episode:    43368
action_0_mean:             0.6207	action_1_mean:             0.3586	action_2_mean:             0.0206	ep_length_mean:           30.0000
epsilon:                   0.0500	grad_norm:                 0.1973	loss:                      0.1186	q_taken_mean:              0.0423
return_mean:             -457.7969	return_std:               65.0946	target_mean:               0.0424	td_error_abs:              0.2534
test_action_0_mean:        0.6357	test_action_1_mean:        0.3598	test_action_2_mean:        0.0046	test_ep_length_mean:      30.0000
test_return_mean:        -186.6384	test_return_std:          37.1528	
2026-02-19 16:27:52,708 - my_experiment - IMPuc50_IQL_RNN - my_run - INFO - t_env: 1301070 / 2050000
2026-02-19 16:27:52,708 - my_experiment - IMPuc50_IQL_RNN - my_run - INFO - Estimated time left: 1 hours, 14 minutes, 14 seconds. Time passed: 2 hours, 13 minutes, 0 seconds
2026-02-19 16:30:21,392 - my_experiment - IMPuc50_IQL_RNN - my_run - INFO - Recent Stats | t_env:    1326060 | Episode:    44202
action_0_mean:             0.6145	action_1_mean:             0.3648	action_2_mean:             0.0206	ep_length_mean:           30.0000
epsilon:                   0.0500	grad_norm:                 0.1863	loss:                      0.1200	q_taken_mean:              0.0418
return_mean:             -456.8435	return_std:               63.7579	target_mean:               0.0419	td_error_abs:              0.2564
test_action_0_mean:        0.6403	test_action_1_mean:        0.3551	test_action_2_mean:        0.0045	test_ep_length_mean:      30.0000
test_return_mean:        -179.9220	test_return_std:          32.4710	
2026-02-19 16:30:21,578 - my_experiment - IMPuc50_IQL_RNN - my_run - INFO - t_env: 1326090 / 2050000
2026-02-19 16:30:21,578 - my_experiment - IMPuc50_IQL_RNN - my_run - INFO - Estimated time left: 1 hours, 11 minutes, 47 seconds. Time passed: 2 hours, 15 minutes, 28 seconds
2026-02-19 16:32:49,692 - my_experiment - IMPuc50_IQL_RNN - my_run - INFO - Recent Stats | t_env:    1351080 | Episode:    45036
action_0_mean:             0.6040	action_1_mean:             0.3753	action_2_mean:             0.0206	ep_length_mean:           30.0000
epsilon:                   0.0500	grad_norm:                 0.1796	loss:                      0.1227	q_taken_mean:              0.0415
return_mean:             -455.2281	return_std:               63.3897	target_mean:               0.0416	td_error_abs:              0.2591
test_action_0_mean:        0.6362	test_action_1_mean:        0.3592	test_action_2_mean:        0.0046	test_ep_length_mean:      30.0000
test_return_mean:        -177.0456	test_return_std:          32.3926	
2026-02-19 16:32:49,869 - my_experiment - IMPuc50_IQL_RNN - my_run - INFO - t_env: 1351110 / 2050000
2026-02-19 16:32:49,870 - my_experiment - IMPuc50_IQL_RNN - my_run - INFO - Estimated time left: 1 hours, 9 minutes, 2 seconds. Time passed: 2 hours, 17 minutes, 57 seconds
2026-02-19 16:35:17,509 - my_experiment - IMPuc50_IQL_RNN - my_run - INFO - Recent Stats | t_env:    1376100 | Episode:    45870
action_0_mean:             0.6082	action_1_mean:             0.3713	action_2_mean:             0.0205	ep_length_mean:           30.0000
epsilon:                   0.0500	grad_norm:                 0.1813	loss:                      0.1236	q_taken_mean:              0.0412
return_mean:             -454.3678	return_std:               63.7107	target_mean:               0.0414	td_error_abs:              0.2605
test_action_0_mean:        0.6484	test_action_1_mean:        0.3472	test_action_2_mean:        0.0044	test_ep_length_mean:      30.0000
test_return_mean:        -174.0811	test_return_std:          33.9807	
2026-02-19 16:35:17,682 - my_experiment - IMPuc50_IQL_RNN - my_run - INFO - t_env: 1376130 / 2050000
2026-02-19 16:35:17,682 - my_experiment - IMPuc50_IQL_RNN - my_run - INFO - Estimated time left: 1 hours, 6 minutes, 21 seconds. Time passed: 2 hours, 20 minutes, 25 seconds
2026-02-19 16:37:36,524 - my_experiment - IMPuc50_IQL_RNN - my_run - INFO - Saving models to work_dirs/my_experiment/IMPuc50_IQL_RNN/my_run/20260219_141252/models/1400100
2026-02-19 16:37:42,607 - my_experiment - IMPuc50_IQL_RNN - my_run - INFO - Recent Stats | t_env:    1401120 | Episode:    46704
action_0_mean:             0.6077	action_1_mean:             0.3719	action_2_mean:             0.0205	ep_length_mean:           30.0000
epsilon:                   0.0500	grad_norm:                 0.1396	loss:                      0.1263	q_taken_mean:              0.0410
return_mean:             -455.5920	return_std:               63.0450	target_mean:               0.0411	td_error_abs:              0.2637
test_action_0_mean:        0.6732	test_action_1_mean:        0.3223	test_action_2_mean:        0.0045	test_ep_length_mean:      30.0000
test_return_mean:        -200.5258	test_return_std:          51.5296	
2026-02-19 16:37:42,792 - my_experiment - IMPuc50_IQL_RNN - my_run - INFO - t_env: 1401150 / 2050000
2026-02-19 16:37:42,792 - my_experiment - IMPuc50_IQL_RNN - my_run - INFO - Estimated time left: 1 hours, 2 minutes, 43 seconds. Time passed: 2 hours, 22 minutes, 50 seconds
2026-02-19 16:40:12,185 - my_experiment - IMPuc50_IQL_RNN - my_run - INFO - Recent Stats | t_env:    1426140 | Episode:    47538
action_0_mean:             0.6132	action_1_mean:             0.3662	action_2_mean:             0.0205	ep_length_mean:           30.0000
epsilon:                   0.0500	grad_norm:                 0.1166	loss:                      0.1298	q_taken_mean:              0.0407
return_mean:             -456.0833	return_std:               63.0082	target_mean:               0.0407	td_error_abs:              0.2679
test_action_0_mean:        0.6433	test_action_1_mean:        0.3522	test_action_2_mean:        0.0044	test_ep_length_mean:      30.0000
test_return_mean:        -209.0442	test_return_std:          50.2759	
2026-02-19 16:40:12,366 - my_experiment - IMPuc50_IQL_RNN - my_run - INFO - t_env: 1426170 / 2050000
2026-02-19 16:40:12,366 - my_experiment - IMPuc50_IQL_RNN - my_run - INFO - Estimated time left: 1 hours, 2 minutes, 9 seconds. Time passed: 2 hours, 25 minutes, 19 seconds
2026-02-19 16:42:40,272 - my_experiment - IMPuc50_IQL_RNN - my_run - INFO - Recent Stats | t_env:    1451160 | Episode:    48372
action_0_mean:             0.6119	action_1_mean:             0.3675	action_2_mean:             0.0206	ep_length_mean:           30.0000
epsilon:                   0.0500	grad_norm:                 0.1249	loss:                      0.1306	q_taken_mean:              0.0404
return_mean:             -456.4276	return_std:               63.6434	target_mean:               0.0405	td_error_abs:              0.2688
test_action_0_mean:        0.6091	test_action_1_mean:        0.3865	test_action_2_mean:        0.0044	test_ep_length_mean:      30.0000
test_return_mean:        -215.0911	test_return_std:          48.7777	
2026-02-19 16:42:40,452 - my_experiment - IMPuc50_IQL_RNN - my_run - INFO - t_env: 1451190 / 2050000
2026-02-19 16:42:40,453 - my_experiment - IMPuc50_IQL_RNN - my_run - INFO - Estimated time left: 59 minutes, 4 seconds. Time passed: 2 hours, 27 minutes, 47 seconds
2026-02-19 16:45:07,322 - my_experiment - IMPuc50_IQL_RNN - my_run - INFO - Recent Stats | t_env:    1476180 | Episode:    49206
action_0_mean:             0.6158	action_1_mean:             0.3638	action_2_mean:             0.0205	ep_length_mean:           30.0000
epsilon:                   0.0500	grad_norm:                 0.1336	loss:                      0.1310	q_taken_mean:              0.0403
return_mean:             -455.1778	return_std:               63.1516	target_mean:               0.0404	td_error_abs:              0.2688
test_action_0_mean:        0.6132	test_action_1_mean:        0.3823	test_action_2_mean:        0.0044	test_ep_length_mean:      30.0000
test_return_mean:        -215.2228	test_return_std:          47.3897	
2026-02-19 16:45:07,511 - my_experiment - IMPuc50_IQL_RNN - my_run - INFO - t_env: 1476210 / 2050000
2026-02-19 16:45:07,512 - my_experiment - IMPuc50_IQL_RNN - my_run - INFO - Estimated time left: 56 minutes, 12 seconds. Time passed: 2 hours, 30 minutes, 14 seconds
2026-02-19 16:47:33,447 - my_experiment - IMPuc50_IQL_RNN - my_run - INFO - Recent Stats | t_env:    1501200 | Episode:    50040
action_0_mean:             0.6203	action_1_mean:             0.3592	action_2_mean:             0.0205	ep_length_mean:           30.0000
epsilon:                   0.0500	grad_norm:                 0.1069	loss:                      0.1345	q_taken_mean:              0.0400
return_mean:             -454.5617	return_std:               62.8356	target_mean:               0.0401	td_error_abs:              0.2726
test_action_0_mean:        0.6063	test_action_1_mean:        0.3894	test_action_2_mean:        0.0043	test_ep_length_mean:      30.0000
test_return_mean:        -213.6336	test_return_std:          48.0213	
2026-02-19 16:47:33,635 - my_experiment - IMPuc50_IQL_RNN - my_run - INFO - t_env: 1501230 / 2050000
2026-02-19 16:47:33,635 - my_experiment - IMPuc50_IQL_RNN - my_run - INFO - Estimated time left: 53 minutes, 24 seconds. Time passed: 2 hours, 32 minutes, 40 seconds
2026-02-19 16:50:00,585 - my_experiment - IMPuc50_IQL_RNN - my_run - INFO - Recent Stats | t_env:    1526220 | Episode:    50874
action_0_mean:             0.6281	action_1_mean:             0.3514	action_2_mean:             0.0206	ep_length_mean:           30.0000
epsilon:                   0.0500	grad_norm:                 0.0974	loss:                      0.1384	q_taken_mean:              0.0400
return_mean:             -452.4857	return_std:               63.1783	target_mean:               0.0400	td_error_abs:              0.2757
test_action_0_mean:        0.5740	test_action_1_mean:        0.4217	test_action_2_mean:        0.0043	test_ep_length_mean:      30.0000
test_return_mean:        -188.2988	test_return_std:          30.8782	
2026-02-19 16:50:00,773 - my_experiment - IMPuc50_IQL_RNN - my_run - INFO - t_env: 1526250 / 2050000
2026-02-19 16:50:00,774 - my_experiment - IMPuc50_IQL_RNN - my_run - INFO - Estimated time left: 51 minutes, 20 seconds. Time passed: 2 hours, 35 minutes, 8 seconds
2026-02-19 16:52:28,114 - my_experiment - IMPuc50_IQL_RNN - my_run - INFO - Recent Stats | t_env:    1551240 | Episode:    51708
action_0_mean:             0.6213	action_1_mean:             0.3582	action_2_mean:             0.0205	ep_length_mean:           30.0000
epsilon:                   0.0500	grad_norm:                 0.1065	loss:                      0.1371	q_taken_mean:              0.0400
return_mean:             -450.1428	return_std:               63.2602	target_mean:               0.0400	td_error_abs:              0.2742
test_action_0_mean:        0.6178	test_action_1_mean:        0.3779	test_action_2_mean:        0.0044	test_ep_length_mean:      30.0000
test_return_mean:        -179.9013	test_return_std:          32.0692	
2026-02-19 16:52:28,297 - my_experiment - IMPuc50_IQL_RNN - my_run - INFO - t_env: 1551270 / 2050000
2026-02-19 16:52:28,298 - my_experiment - IMPuc50_IQL_RNN - my_run - INFO - Estimated time left: 49 minutes, 0 seconds. Time passed: 2 hours, 37 minutes, 35 seconds
2026-02-19 16:54:55,349 - my_experiment - IMPuc50_IQL_RNN - my_run - INFO - Recent Stats | t_env:    1576260 | Episode:    52542
action_0_mean:             0.6230	action_1_mean:             0.3566	action_2_mean:             0.0204	ep_length_mean:           30.0000
epsilon:                   0.0500	grad_norm:                 0.1032	loss:                      0.1387	q_taken_mean:              0.0400
return_mean:             -448.4140	return_std:               63.2457	target_mean:               0.0401	td_error_abs:              0.2755
test_action_0_mean:        0.6538	test_action_1_mean:        0.3419	test_action_2_mean:        0.0043	test_ep_length_mean:      30.0000
test_return_mean:        -175.0971	test_return_std:          34.5409	
2026-02-19 16:54:55,533 - my_experiment - IMPuc50_IQL_RNN - my_run - INFO - t_env: 1576290 / 2050000
2026-02-19 16:54:55,533 - my_experiment - IMPuc50_IQL_RNN - my_run - INFO - Estimated time left: 46 minutes, 27 seconds. Time passed: 2 hours, 40 minutes, 2 seconds
2026-02-19 16:57:14,485 - my_experiment - IMPuc50_IQL_RNN - my_run - INFO - Saving models to work_dirs/my_experiment/IMPuc50_IQL_RNN/my_run/20260219_141252/models/1600110
2026-02-19 16:57:20,998 - my_experiment - IMPuc50_IQL_RNN - my_run - INFO - Recent Stats | t_env:    1601280 | Episode:    53376
action_0_mean:             0.6280	action_1_mean:             0.3515	action_2_mean:             0.0205	ep_length_mean:           30.0000
epsilon:                   0.0500	grad_norm:                 0.0951	loss:                      0.1409	q_taken_mean:              0.0401
return_mean:             -448.5888	return_std:               63.6982	target_mean:               0.0401	td_error_abs:              0.2782
test_action_0_mean:        0.6594	test_action_1_mean:        0.3363	test_action_2_mean:        0.0043	test_ep_length_mean:      30.0000
test_return_mean:        -176.0365	test_return_std:          37.5589	
2026-02-19 16:57:21,170 - my_experiment - IMPuc50_IQL_RNN - my_run - INFO - t_env: 1601310 / 2050000
2026-02-19 16:57:21,170 - my_experiment - IMPuc50_IQL_RNN - my_run - INFO - Estimated time left: 43 minutes, 31 seconds. Time passed: 2 hours, 42 minutes, 28 seconds
2026-02-19 16:59:47,952 - my_experiment - IMPuc50_IQL_RNN - my_run - INFO - Recent Stats | t_env:    1626300 | Episode:    54210
action_0_mean:             0.6335	action_1_mean:             0.3461	action_2_mean:             0.0204	ep_length_mean:           30.0000
epsilon:                   0.0500	grad_norm:                 0.1376	loss:                      0.1407	q_taken_mean:              0.0403
return_mean:             -446.6217	return_std:               63.3226	target_mean:               0.0402	td_error_abs:              0.2782
test_action_0_mean:        0.6769	test_action_1_mean:        0.3187	test_action_2_mean:        0.0044	test_ep_length_mean:      30.0000
test_return_mean:        -176.2843	test_return_std:          38.2154	
2026-02-19 16:59:48,143 - my_experiment - IMPuc50_IQL_RNN - my_run - INFO - t_env: 1626330 / 2050000
2026-02-19 16:59:48,143 - my_experiment - IMPuc50_IQL_RNN - my_run - INFO - Estimated time left: 41 minutes, 28 seconds. Time passed: 2 hours, 44 minutes, 55 seconds
2026-02-19 17:02:14,498 - my_experiment - IMPuc50_IQL_RNN - my_run - INFO - Recent Stats | t_env:    1651320 | Episode:    55044
action_0_mean:             0.6306	action_1_mean:             0.3491	action_2_mean:             0.0203	ep_length_mean:           30.0000
epsilon:                   0.0500	grad_norm:                 0.1461	loss:                      0.1389	q_taken_mean:              0.0404
return_mean:             -445.8818	return_std:               63.0371	target_mean:               0.0403	td_error_abs:              0.2775
test_action_0_mean:        0.6584	test_action_1_mean:        0.3374	test_action_2_mean:        0.0042	test_ep_length_mean:      30.0000
test_return_mean:        -172.7089	test_return_std:          37.0832	
2026-02-19 17:02:14,700 - my_experiment - IMPuc50_IQL_RNN - my_run - INFO - t_env: 1651350 / 2050000
2026-02-19 17:02:14,701 - my_experiment - IMPuc50_IQL_RNN - my_run - INFO - Estimated time left: 38 minutes, 55 seconds. Time passed: 2 hours, 47 minutes, 22 seconds
2026-02-19 17:04:41,929 - my_experiment - IMPuc50_IQL_RNN - my_run - INFO - Recent Stats | t_env:    1676340 | Episode:    55878
action_0_mean:             0.6367	action_1_mean:             0.3430	action_2_mean:             0.0203	ep_length_mean:           30.0000
epsilon:                   0.0500	grad_norm:                 0.1580	loss:                      0.1445	q_taken_mean:              0.0403
return_mean:             -445.6128	return_std:               62.8466	target_mean:               0.0402	td_error_abs:              0.2823
test_action_0_mean:        0.6674	test_action_1_mean:        0.3284	test_action_2_mean:        0.0042	test_ep_length_mean:      30.0000
test_return_mean:        -171.5119	test_return_std:          38.5609	
2026-02-19 17:04:42,101 - my_experiment - IMPuc50_IQL_RNN - my_run - INFO - t_env: 1676370 / 2050000
2026-02-19 17:04:42,102 - my_experiment - IMPuc50_IQL_RNN - my_run - INFO - Estimated time left: 36 minutes, 41 seconds. Time passed: 2 hours, 49 minutes, 49 seconds
2026-02-19 17:07:08,806 - my_experiment - IMPuc50_IQL_RNN - my_run - INFO - Recent Stats | t_env:    1701360 | Episode:    56712
action_0_mean:             0.6423	action_1_mean:             0.3374	action_2_mean:             0.0203	ep_length_mean:           30.0000
epsilon:                   0.0500	grad_norm:                 0.1767	loss:                      0.1479	q_taken_mean:              0.0400
return_mean:             -445.0014	return_std:               62.2324	target_mean:               0.0400	td_error_abs:              0.2844
test_action_0_mean:        0.6700	test_action_1_mean:        0.3258	test_action_2_mean:        0.0043	test_ep_length_mean:      30.0000
test_return_mean:        -174.4646	test_return_std:          41.6542	
2026-02-19 17:07:08,975 - my_experiment - IMPuc50_IQL_RNN - my_run - INFO - t_env: 1701390 / 2050000
2026-02-19 17:07:08,976 - my_experiment - IMPuc50_IQL_RNN - my_run - INFO - Estimated time left: 34 minutes, 6 seconds. Time passed: 2 hours, 52 minutes, 16 seconds
2026-02-19 17:09:33,500 - my_experiment - IMPuc50_IQL_RNN - my_run - INFO - Recent Stats | t_env:    1726380 | Episode:    57546
action_0_mean:             0.6403	action_1_mean:             0.3395	action_2_mean:             0.0203	ep_length_mean:           30.0000
epsilon:                   0.0500	grad_norm:                 0.1804	loss:                      0.1508	q_taken_mean:              0.0397
return_mean:             -445.5204	return_std:               62.9303	target_mean:               0.0396	td_error_abs:              0.2857
test_action_0_mean:        0.6753	test_action_1_mean:        0.3206	test_action_2_mean:        0.0042	test_ep_length_mean:      30.0000
test_return_mean:        -170.8765	test_return_std:          40.0297	
2026-02-19 17:09:33,685 - my_experiment - IMPuc50_IQL_RNN - my_run - INFO - t_env: 1726410 / 2050000
2026-02-19 17:09:33,685 - my_experiment - IMPuc50_IQL_RNN - my_run - INFO - Estimated time left: 31 minutes, 11 seconds. Time passed: 2 hours, 54 minutes, 41 seconds
2026-02-19 17:11:59,229 - my_experiment - IMPuc50_IQL_RNN - my_run - INFO - Recent Stats | t_env:    1751400 | Episode:    58380
action_0_mean:             0.6424	action_1_mean:             0.3374	action_2_mean:             0.0202	ep_length_mean:           30.0000
epsilon:                   0.0500	grad_norm:                 0.1591	loss:                      0.1538	q_taken_mean:              0.0393
return_mean:             -445.8173	return_std:               63.5408	target_mean:               0.0392	td_error_abs:              0.2879
test_action_0_mean:        0.6675	test_action_1_mean:        0.3283	test_action_2_mean:        0.0041	test_ep_length_mean:      30.0000
test_return_mean:        -171.2736	test_return_std:          39.9606	
2026-02-19 17:11:59,408 - my_experiment - IMPuc50_IQL_RNN - my_run - INFO - t_env: 1751430 / 2050000
2026-02-19 17:11:59,409 - my_experiment - IMPuc50_IQL_RNN - my_run - INFO - Estimated time left: 28 minutes, 58 seconds. Time passed: 2 hours, 57 minutes, 6 seconds
2026-02-19 17:14:25,607 - my_experiment - IMPuc50_IQL_RNN - my_run - INFO - Recent Stats | t_env:    1776420 | Episode:    59214
action_0_mean:             0.6449	action_1_mean:             0.3349	action_2_mean:             0.0202	ep_length_mean:           30.0000
epsilon:                   0.0500	grad_norm:                 0.1637	loss:                      0.1570	q_taken_mean:              0.0388
return_mean:             -446.3009	return_std:               63.8206	target_mean:               0.0388	td_error_abs:              0.2896
test_action_0_mean:        0.6751	test_action_1_mean:        0.3208	test_action_2_mean:        0.0040	test_ep_length_mean:      30.0000
test_return_mean:        -170.0812	test_return_std:          41.0628	
2026-02-19 17:14:25,792 - my_experiment - IMPuc50_IQL_RNN - my_run - INFO - t_env: 1776450 / 2050000
2026-02-19 17:14:25,792 - my_experiment - IMPuc50_IQL_RNN - my_run - INFO - Estimated time left: 26 minutes, 40 seconds. Time passed: 2 hours, 59 minutes, 33 seconds
2026-02-19 17:16:43,926 - my_experiment - IMPuc50_IQL_RNN - my_run - INFO - Saving models to work_dirs/my_experiment/IMPuc50_IQL_RNN/my_run/20260219_141252/models/1800120
2026-02-19 17:16:51,477 - my_experiment - IMPuc50_IQL_RNN - my_run - INFO - Recent Stats | t_env:    1801440 | Episode:    60048
action_0_mean:             0.6453	action_1_mean:             0.3346	action_2_mean:             0.0202	ep_length_mean:           30.0000
epsilon:                   0.0500	grad_norm:                 0.1582	loss:                      0.1575	q_taken_mean:              0.0385
return_mean:             -445.2489	return_std:               63.5933	target_mean:               0.0384	td_error_abs:              0.2905
test_action_0_mean:        0.6611	test_action_1_mean:        0.3347	test_action_2_mean:        0.0042	test_ep_length_mean:      30.0000
test_return_mean:        -170.1695	test_return_std:          38.0468	
2026-02-19 17:16:51,649 - my_experiment - IMPuc50_IQL_RNN - my_run - INFO - t_env: 1801470 / 2050000
2026-02-19 17:16:51,650 - my_experiment - IMPuc50_IQL_RNN - my_run - INFO - Estimated time left: 24 minutes, 8 seconds. Time passed: 3 hours, 1 minutes, 59 seconds
2026-02-19 17:19:16,456 - my_experiment - IMPuc50_IQL_RNN - my_run - INFO - Recent Stats | t_env:    1826460 | Episode:    60882
action_0_mean:             0.6490	action_1_mean:             0.3308	action_2_mean:             0.0203	ep_length_mean:           30.0000
epsilon:                   0.0500	grad_norm:                 0.1400	loss:                      0.1590	q_taken_mean:              0.0383
return_mean:             -446.0183	return_std:               64.0881	target_mean:               0.0383	td_error_abs:              0.2935
test_action_0_mean:        0.6421	test_action_1_mean:        0.3538	test_action_2_mean:        0.0041	test_ep_length_mean:      30.0000
test_return_mean:        -170.6712	test_return_std:          36.1796	
2026-02-19 17:19:16,629 - my_experiment - IMPuc50_IQL_RNN - my_run - INFO - t_env: 1826490 / 2050000
2026-02-19 17:19:16,630 - my_experiment - IMPuc50_IQL_RNN - my_run - INFO - Estimated time left: 21 minutes, 35 seconds. Time passed: 3 hours, 4 minutes, 23 seconds
2026-02-19 17:21:42,627 - my_experiment - IMPuc50_IQL_RNN - my_run - INFO - Recent Stats | t_env:    1851480 | Episode:    61716
action_0_mean:             0.6564	action_1_mean:             0.3233	action_2_mean:             0.0203	ep_length_mean:           30.0000
epsilon:                   0.0500	grad_norm:                 0.1368	loss:                      0.1603	q_taken_mean:              0.0382
return_mean:             -445.5301	return_std:               63.0561	target_mean:               0.0383	td_error_abs:              0.2951
test_action_0_mean:        0.6311	test_action_1_mean:        0.3646	test_action_2_mean:        0.0043	test_ep_length_mean:      30.0000
test_return_mean:        -174.5912	test_return_std:          34.2392	
2026-02-19 17:21:42,816 - my_experiment - IMPuc50_IQL_RNN - my_run - INFO - t_env: 1851510 / 2050000
2026-02-19 17:21:42,817 - my_experiment - IMPuc50_IQL_RNN - my_run - INFO - Estimated time left: 19 minutes, 19 seconds. Time passed: 3 hours, 6 minutes, 50 seconds
2026-02-19 17:24:13,727 - my_experiment - IMPuc50_IQL_RNN - my_run - INFO - Recent Stats | t_env:    1876500 | Episode:    62550
action_0_mean:             0.6557	action_1_mean:             0.3239	action_2_mean:             0.0204	ep_length_mean:           30.0000
epsilon:                   0.0500	grad_norm:                 0.1324	loss:                      0.1640	q_taken_mean:              0.0381
return_mean:             -445.6875	return_std:               62.6011	target_mean:               0.0381	td_error_abs:              0.2968
test_action_0_mean:        0.6313	test_action_1_mean:        0.3642	test_action_2_mean:        0.0045	test_ep_length_mean:      30.0000
test_return_mean:        -174.7467	test_return_std:          31.6237	
2026-02-19 17:24:13,907 - my_experiment - IMPuc50_IQL_RNN - my_run - INFO - t_env: 1876530 / 2050000
2026-02-19 17:24:13,907 - my_experiment - IMPuc50_IQL_RNN - my_run - INFO - Estimated time left: 17 minutes, 27 seconds. Time passed: 3 hours, 9 minutes, 21 seconds
2026-02-19 17:26:46,877 - my_experiment - IMPuc50_IQL_RNN - my_run - INFO - Recent Stats | t_env:    1901520 | Episode:    63384
action_0_mean:             0.6596	action_1_mean:             0.3199	action_2_mean:             0.0204	ep_length_mean:           30.0000
epsilon:                   0.0500	grad_norm:                 0.1250	loss:                      0.1692	q_taken_mean:              0.0382
return_mean:             -444.5482	return_std:               62.3210	target_mean:               0.0381	td_error_abs:              0.3012
test_action_0_mean:        0.6555	test_action_1_mean:        0.3399	test_action_2_mean:        0.0046	test_ep_length_mean:      30.0000
test_return_mean:        -176.6475	test_return_std:          31.4512	
2026-02-19 17:26:47,058 - my_experiment - IMPuc50_IQL_RNN - my_run - INFO - t_env: 1901550 / 2050000
2026-02-19 17:26:47,059 - my_experiment - IMPuc50_IQL_RNN - my_run - INFO - Estimated time left: 15 minutes, 8 seconds. Time passed: 3 hours, 11 minutes, 54 seconds
2026-02-19 17:29:18,052 - my_experiment - IMPuc50_IQL_RNN - my_run - INFO - Recent Stats | t_env:    1926540 | Episode:    64218
action_0_mean:             0.6650	action_1_mean:             0.3145	action_2_mean:             0.0205	ep_length_mean:           30.0000
epsilon:                   0.0500	grad_norm:                 0.1632	loss:                      0.1716	q_taken_mean:              0.0381
return_mean:             -445.4210	return_std:               62.7235	target_mean:               0.0382	td_error_abs:              0.3033
test_action_0_mean:        0.6591	test_action_1_mean:        0.3364	test_action_2_mean:        0.0045	test_ep_length_mean:      30.0000
test_return_mean:        -176.2432	test_return_std:          33.0660	
2026-02-19 17:29:18,239 - my_experiment - IMPuc50_IQL_RNN - my_run - INFO - t_env: 1926570 / 2050000
2026-02-19 17:29:18,239 - my_experiment - IMPuc50_IQL_RNN - my_run - INFO - Estimated time left: 12 minutes, 25 seconds. Time passed: 3 hours, 14 minutes, 25 seconds
2026-02-19 17:31:49,712 - my_experiment - IMPuc50_IQL_RNN - my_run - INFO - Recent Stats | t_env:    1951560 | Episode:    65052
action_0_mean:             0.6712	action_1_mean:             0.3083	action_2_mean:             0.0205	ep_length_mean:           30.0000
epsilon:                   0.0500	grad_norm:                 0.1852	loss:                      0.1742	q_taken_mean:              0.0382
return_mean:             -445.1833	return_std:               62.5272	target_mean:               0.0382	td_error_abs:              0.3036
test_action_0_mean:        0.6802	test_action_1_mean:        0.3153	test_action_2_mean:        0.0045	test_ep_length_mean:      30.0000
test_return_mean:        -172.2845	test_return_std:          30.8401	
2026-02-19 17:31:49,901 - my_experiment - IMPuc50_IQL_RNN - my_run - INFO - t_env: 1951590 / 2050000
2026-02-19 17:31:49,902 - my_experiment - IMPuc50_IQL_RNN - my_run - INFO - Estimated time left: 9 minutes, 56 seconds. Time passed: 3 hours, 16 minutes, 57 seconds
2026-02-19 17:34:20,382 - my_experiment - IMPuc50_IQL_RNN - my_run - INFO - Recent Stats | t_env:    1976580 | Episode:    65886
action_0_mean:             0.6800	action_1_mean:             0.2995	action_2_mean:             0.0205	ep_length_mean:           30.0000
epsilon:                   0.0500	grad_norm:                 0.1984	loss:                      0.1761	q_taken_mean:              0.0383
return_mean:             -443.9478	return_std:               62.6703	target_mean:               0.0383	td_error_abs:              0.3062
test_action_0_mean:        0.7136	test_action_1_mean:        0.2819	test_action_2_mean:        0.0045	test_ep_length_mean:      30.0000
test_return_mean:        -172.7814	test_return_std:          34.8585	
2026-02-19 17:34:20,560 - my_experiment - IMPuc50_IQL_RNN - my_run - INFO - t_env: 1976610 / 2050000
2026-02-19 17:34:20,561 - my_experiment - IMPuc50_IQL_RNN - my_run - INFO - Estimated time left: 7 minutes, 21 seconds. Time passed: 3 hours, 19 minutes, 27 seconds
2026-02-19 17:36:42,437 - my_experiment - IMPuc50_IQL_RNN - my_run - INFO - Saving models to work_dirs/my_experiment/IMPuc50_IQL_RNN/my_run/20260219_141252/models/2000130
2026-02-19 17:36:50,931 - my_experiment - IMPuc50_IQL_RNN - my_run - INFO - Recent Stats | t_env:    2001600 | Episode:    66720
action_0_mean:             0.6909	action_1_mean:             0.2887	action_2_mean:             0.0204	ep_length_mean:           30.0000
epsilon:                   0.0500	grad_norm:                 0.2035	loss:                      0.1723	q_taken_mean:              0.0385
return_mean:             -443.5206	return_std:               63.7144	target_mean:               0.0386	td_error_abs:              0.3064
test_action_0_mean:        0.7471	test_action_1_mean:        0.2483	test_action_2_mean:        0.0046	test_ep_length_mean:      30.0000
test_return_mean:        -182.9295	test_return_std:          45.2089	
2026-02-19 17:36:51,114 - my_experiment - IMPuc50_IQL_RNN - my_run - INFO - t_env: 2001630 / 2050000
2026-02-19 17:36:51,115 - my_experiment - IMPuc50_IQL_RNN - my_run - INFO - Estimated time left: 4 minutes, 51 seconds. Time passed: 3 hours, 21 minutes, 58 seconds
2026-02-19 17:39:22,187 - my_experiment - IMPuc50_IQL_RNN - my_run - INFO - Recent Stats | t_env:    2026620 | Episode:    67554
action_0_mean:             0.6996	action_1_mean:             0.2798	action_2_mean:             0.0205	ep_length_mean:           30.0000
epsilon:                   0.0500	grad_norm:                 0.2172	loss:                      0.1714	q_taken_mean:              0.0386
return_mean:             -444.8733	return_std:               63.2664	target_mean:               0.0387	td_error_abs:              0.3060
test_action_0_mean:        0.7445	test_action_1_mean:        0.2508	test_action_2_mean:        0.0047	test_ep_length_mean:      30.0000
test_return_mean:        -180.4661	test_return_std:          43.1905	
2026-02-19 17:39:22,389 - my_experiment - IMPuc50_IQL_RNN - my_run - INFO - t_env: 2026650 / 2050000
2026-02-19 17:39:22,390 - my_experiment - IMPuc50_IQL_RNN - my_run - INFO - Estimated time left: 2 minutes, 21 seconds. Time passed: 3 hours, 24 minutes, 29 seconds
2026-02-19 17:41:45,057 - my_experiment - IMPuc50_IQL_RNN - my_run - INFO - Finished Training
