Gym has been unmaintained since 2022 and does not support NumPy 2.0 amongst other critical functionality.
Please upgrade to Gymnasium, the maintained drop-in replacement of Gym, or contact the authors of your software and request that they upgrade.
Users of this version of Gym should be able to simply replace 'import gym' with 'import gymnasium as gym' in the vast majority of cases.
See the migration guide at https://gymnasium.farama.org/introduction/migration_guide/ for additional information.
src/main.py:81: DeprecationWarning: Using or importing the ABCs from 'collections' instead of from 'collections.abc' is deprecated since Python 3.3, and in 3.10 it will stop working
  if isinstance(v, collections.Mapping):
wandb: [wandb.login()] Loaded credentials for https://api.wandb.ai from /home/pparsons/.netrc.
wandb: Currently logged in as: peterparsons02 (peterparsons02-eth-z-rich) to https://api.wandb.ai. Use `wandb login --relogin` to force relogin
wandb: setting up run telqhwdb
wandb: Tracking run with wandb version 0.24.1
wandb: Run data is saved locally in /usr/itetnas04/data-scratch-01/pparsons/data/MyExpoComm/wandb/run-20260219_141030-telqhwdb
wandb: Run `wandb offline` to turn off syncing.
wandb: Syncing run my_run-IMPuc50_HybridComm-20260219_141030
wandb: ⭐️ View project at https://wandb.ai/peterparsons02-eth-z-rich/my_experiment
wandb: 🚀 View run at https://wandb.ai/peterparsons02-eth-z-rich/my_experiment/runs/telqhwdb
2026-02-19 14:10:31,846 - my_experiment - IMPuc50_HybridComm - my_run - INFO - Current directory: /usr/itetnas04/data-scratch-01/pparsons/data/MyExpoComm.
2026-02-19 14:10:31,847 - my_experiment - IMPuc50_HybridComm - my_run - INFO - Experiment Parameters:
2026-02-19 14:10:31,848 - my_experiment - IMPuc50_HybridComm - my_run - INFO - 

{   'action_selector': 'epsilon_greedy',
    'add_value_last_step': True,
    'agent': 'ExpoComm_one_peer_cont',
    'agent_output_type': 'q',
    'attention_dim': 32,
    'aux_coef': 0.1,
    'batch_size': 64,
    'batch_size_run': 1,
    'buffer_cpu_only': True,
    'buffer_size': 2000,
    'checkpoint_path': '',
    'common_reward': True,
    'double_q': True,
    'env': 'struct_marl',
    'env_args': {   'campaign_cost': True,
                    'custom_param': {   'k_comp': 48},
                    'discount_reward': 0.95,
                    'env_correlation': False,
                    'map_name': 'struct_uc_100',
                    'n_comp': 50,
                    'obs_all_d_rate': False,
                    'obs_alphas': False,
                    'obs_d_rate': False,
                    'obs_multiple': False,
                    'seed': 42,
                    'state_alphas': False,
                    'state_d_rate': True,
                    'state_obs': True,
                    'struct_type': 'struct'},
    'epsilon_anneal_time': 5000,
    'epsilon_finish': 0.05,
    'epsilon_start': 1.0,
    'evaluate': False,
    'evaluation_epsilon': 0.0,
    'exp_name': 'my_experiment',
    'gamma': 0.95,
    'global_reward': False,
    'grad_norm_clip': 10,
    'hidden_dim': 64,
    'hypergroup': None,
    'label': 'default_label',
    'learner': 'hybrid_comm_learner',
    'learner_log_interval': 25000,
    'load_step': 0,
    'local_results_path': 'results',
    'log_interval': 25000,
    'lr': 0.0005,
    'mac': 'ExpoComm_mac',
    'mixer': None,
    'name': 'IMPuc50_HybridComm',
    'neg_num': 20,
    'obs_agent_id': True,
    'obs_individual_obs': False,
    'obs_last_action': True,
    'one_peer': True,
    'optim_alpha': 0.99,
    'optim_eps': 1e-05,
    'render': False,
    'repeat_id': 1,
    'run_name': 'my_run',
    'runner': 'episode',
    'runner_log_interval': 25000,
    'save_model': True,
    'save_model_interval': 200000,
    'save_replay': False,
    'seed': 42,
    'standardise_returns': False,
    'standardise_rewards': True,
    't_max': 2050000,
    'target_update_interval_or_tau': 200,
    'temperature': 0.07,
    'test_greedy': True,
    'test_interval': 25000,
    'test_nepisode': 50,
    'topk_neighbors': 7,
    'use_cuda': True,
    'use_rnn': True,
    'use_tensorboard': True,
    'work_dir': 'work_dirs/my_experiment/IMPuc50_HybridComm/my_run/20260219_141030'}

2026-02-19 14:10:33,124 - my_experiment - IMPuc50_HybridComm - my_run - INFO - Beginning training for 2050000 timesteps
2026-02-19 14:10:33,800 - my_experiment - IMPuc50_HybridComm - my_run - INFO - t_env: 30 / 2050000
2026-02-19 14:10:33,801 - my_experiment - IMPuc50_HybridComm - my_run - INFO - Estimated time left: 55 seconds. Time passed: 0 seconds
2026-02-19 14:10:42,085 - my_experiment - IMPuc50_HybridComm - my_run - INFO - Saving models to work_dirs/my_experiment/IMPuc50_HybridComm/my_run/20260219_141030/models/30
2026-02-19 14:15:37,203 - my_experiment - IMPuc50_HybridComm - my_run - INFO - Recent Stats | t_env:      25020 | Episode:      834
action_0_mean:             0.3587	action_1_mean:             0.3247	action_2_mean:             0.3167	ep_length_mean:           30.0000
epsilon:                   1.0000	grad_norm:                 0.2363	info_nce_loss:             2.9927	loss:                      1.1077
q_loss:                    1.0070	return_mean:             -4985.3189	return_std:                0.0000	test_action_0_mean:        0.0000
test_action_1_mean:        0.0000	test_action_2_mean:        1.0000	test_ep_length_mean:      30.0000	test_return_mean:        -15785.7608
test_return_std:           0.0000	
2026-02-19 14:15:37,565 - my_experiment - IMPuc50_HybridComm - my_run - INFO - t_env: 25050 / 2050000
2026-02-19 14:15:37,565 - my_experiment - IMPuc50_HybridComm - my_run - INFO - Estimated time left: 6 hours, 49 minutes, 44 seconds. Time passed: 5 minutes, 4 seconds
2026-02-19 14:20:22,979 - my_experiment - IMPuc50_HybridComm - my_run - INFO - Recent Stats | t_env:      50040 | Episode:     1668
action_0_mean:             0.3161	action_1_mean:             0.4910	action_2_mean:             0.1929	ep_length_mean:           30.0000
epsilon:                   0.0500	grad_norm:                 5.0206	info_nce_loss:             1.4964	loss:                      1.1664
q_loss:                    1.0604	return_mean:             -3772.1292	return_std:              1067.6496	test_action_0_mean:        0.3132
test_action_1_mean:        0.1868	test_action_2_mean:        0.5000	test_ep_length_mean:      30.0000	test_return_mean:        -8923.7303
test_return_std:         520.7423	
2026-02-19 14:20:23,308 - my_experiment - IMPuc50_HybridComm - my_run - INFO - t_env: 50070 / 2050000
2026-02-19 14:20:23,309 - my_experiment - IMPuc50_HybridComm - my_run - INFO - Estimated time left: 6 hours, 20 minutes, 40 seconds. Time passed: 9 minutes, 50 seconds
2026-02-19 14:25:00,673 - my_experiment - IMPuc50_HybridComm - my_run - INFO - Recent Stats | t_env:      75060 | Episode:     2502
action_0_mean:             0.4588	action_1_mean:             0.4034	action_2_mean:             0.1378	ep_length_mean:           30.0000
epsilon:                   0.0500	grad_norm:                 3.9187	info_nce_loss:             0.9976	loss:                      1.0105
q_loss:                    0.9187	return_mean:             -3148.6448	return_std:              1032.5514	test_action_0_mean:        0.5422
test_action_1_mean:        0.1245	test_action_2_mean:        0.3333	test_ep_length_mean:      30.0000	test_return_mean:        -6612.8612
test_return_std:         347.1615	
2026-02-19 14:25:00,999 - my_experiment - IMPuc50_HybridComm - my_run - INFO - t_env: 75090 / 2050000
2026-02-19 14:25:01,000 - my_experiment - IMPuc50_HybridComm - my_run - INFO - Estimated time left: 6 hours, 5 minutes, 18 seconds. Time passed: 14 minutes, 27 seconds
2026-02-19 14:29:37,863 - my_experiment - IMPuc50_HybridComm - my_run - INFO - Recent Stats | t_env:     100080 | Episode:     3336
action_0_mean:             0.5584	action_1_mean:             0.3339	action_2_mean:             0.1077	ep_length_mean:           30.0000
epsilon:                   0.0500	grad_norm:                 3.4659	info_nce_loss:             0.7482	loss:                      0.8866
q_loss:                    0.8177	return_mean:             -2814.8857	return_std:              1006.1830	test_action_0_mean:        0.6298
test_action_1_mean:        0.1192	test_action_2_mean:        0.2510	test_ep_length_mean:      30.0000	test_return_mean:        -5457.6741
test_return_std:         417.5466	
2026-02-19 14:29:38,185 - my_experiment - IMPuc50_HybridComm - my_run - INFO - t_env: 100110 / 2050000
2026-02-19 14:29:38,186 - my_experiment - IMPuc50_HybridComm - my_run - INFO - Estimated time left: 6 hours, 2 seconds. Time passed: 19 minutes, 5 seconds
2026-02-19 14:34:10,341 - my_experiment - IMPuc50_HybridComm - my_run - INFO - Recent Stats | t_env:     125100 | Episode:     4170
action_0_mean:             0.6189	action_1_mean:             0.2907	action_2_mean:             0.0904	ep_length_mean:           30.0000
epsilon:                   0.0500	grad_norm:                 2.9159	info_nce_loss:             0.5986	loss:                      0.8031
q_loss:                    0.7394	return_mean:             -2613.6290	return_std:              965.8648	test_action_0_mean:        0.7029
test_action_1_mean:        0.0955	test_action_2_mean:        0.2016	test_ep_length_mean:      30.0000	test_return_mean:        -4747.1874
test_return_std:         343.8739	
2026-02-19 14:34:10,666 - my_experiment - IMPuc50_HybridComm - my_run - INFO - t_env: 125130 / 2050000
2026-02-19 14:34:10,667 - my_experiment - IMPuc50_HybridComm - my_run - INFO - Estimated time left: 5 hours, 49 minutes, 22 seconds. Time passed: 23 minutes, 37 seconds
2026-02-19 14:39:02,354 - my_experiment - IMPuc50_HybridComm - my_run - INFO - Recent Stats | t_env:     150120 | Episode:     5004
action_0_mean:             0.7304	action_1_mean:             0.2385	action_2_mean:             0.0311	ep_length_mean:           30.0000
epsilon:                   0.0500	grad_norm:                 3.1459	info_nce_loss:             0.0001	loss:                      0.6454
q_loss:                    0.6018	return_mean:             -1947.7994	return_std:              1050.5530	test_action_0_mean:        0.8896
test_action_1_mean:        0.1088	test_action_2_mean:        0.0016	test_ep_length_mean:      30.0000	test_return_mean:        -1990.2269
test_return_std:         346.5320	
2026-02-19 14:39:02,809 - my_experiment - IMPuc50_HybridComm - my_run - INFO - t_env: 150150 / 2050000
2026-02-19 14:39:02,809 - my_experiment - IMPuc50_HybridComm - my_run - INFO - Estimated time left: 6 hours, 9 minutes, 43 seconds. Time passed: 28 minutes, 29 seconds
2026-02-19 14:44:11,797 - my_experiment - IMPuc50_HybridComm - my_run - INFO - Recent Stats | t_env:     175140 | Episode:     5838
action_0_mean:             0.7991	action_1_mean:             0.1791	action_2_mean:             0.0218	ep_length_mean:           30.0000
epsilon:                   0.0500	grad_norm:                 1.3109	info_nce_loss:             0.0004	loss:                      0.4384
q_loss:                    0.4137	return_mean:             -1604.5574	return_std:              706.8169	test_action_0_mean:        0.8493
test_action_1_mean:        0.1458	test_action_2_mean:        0.0049	test_ep_length_mean:      30.0000	test_return_mean:        -1661.6621
test_return_std:         146.5176	
2026-02-19 14:44:12,170 - my_experiment - IMPuc50_HybridComm - my_run - INFO - t_env: 175170 / 2050000
2026-02-19 14:44:12,171 - my_experiment - IMPuc50_HybridComm - my_run - INFO - Estimated time left: 6 hours, 26 minutes, 21 seconds. Time passed: 33 minutes, 39 seconds
2026-02-19 14:49:22,095 - my_experiment - IMPuc50_HybridComm - my_run - INFO - Saving models to work_dirs/my_experiment/IMPuc50_HybridComm/my_run/20260219_141030/models/200040
2026-02-19 14:49:23,732 - my_experiment - IMPuc50_HybridComm - my_run - INFO - Recent Stats | t_env:     200160 | Episode:     6672
action_0_mean:             0.7299	action_1_mean:             0.2487	action_2_mean:             0.0214	ep_length_mean:           30.0000
epsilon:                   0.0500	grad_norm:                 1.0050	info_nce_loss:             0.0004	loss:                      0.3099
q_loss:                    0.2969	return_mean:             -1335.9374	return_std:              534.5886	test_action_0_mean:        0.7364
test_action_1_mean:        0.2563	test_action_2_mean:        0.0073	test_ep_length_mean:      30.0000	test_return_mean:        -1326.0966
test_return_std:         151.6238	
2026-02-19 14:49:24,124 - my_experiment - IMPuc50_HybridComm - my_run - INFO - t_env: 200190 / 2050000
2026-02-19 14:49:24,124 - my_experiment - IMPuc50_HybridComm - my_run - INFO - Estimated time left: 6 hours, 24 minutes, 23 seconds. Time passed: 38 minutes, 50 seconds
2026-02-19 14:54:42,456 - my_experiment - IMPuc50_HybridComm - my_run - INFO - Recent Stats | t_env:     225180 | Episode:     7506
action_0_mean:             0.6285	action_1_mean:             0.3486	action_2_mean:             0.0230	ep_length_mean:           30.0000
epsilon:                   0.0500	grad_norm:                 0.6076	info_nce_loss:             0.0004	loss:                      0.2114
q_loss:                    0.1984	return_mean:             -1083.1220	return_std:              370.0502	test_action_0_mean:        0.6113
test_action_1_mean:        0.3805	test_action_2_mean:        0.0082	test_ep_length_mean:      30.0000	test_return_mean:        -983.6873
test_return_std:          31.3861	
2026-02-19 14:54:42,832 - my_experiment - IMPuc50_HybridComm - my_run - INFO - t_env: 225210 / 2050000
2026-02-19 14:54:42,832 - my_experiment - IMPuc50_HybridComm - my_run - INFO - Estimated time left: 6 hours, 27 minutes, 24 seconds. Time passed: 44 minutes, 9 seconds
2026-02-19 14:59:57,029 - my_experiment - IMPuc50_HybridComm - my_run - INFO - Recent Stats | t_env:     250200 | Episode:     8340
action_0_mean:             0.5119	action_1_mean:             0.4644	action_2_mean:             0.0236	ep_length_mean:           30.0000
epsilon:                   0.0500	grad_norm:                 0.4968	info_nce_loss:             0.0004	loss:                      0.1220
q_loss:                    0.1171	return_mean:             -827.3724	return_std:              223.7867	test_action_0_mean:        0.4594
test_action_1_mean:        0.5315	test_action_2_mean:        0.0091	test_ep_length_mean:      30.0000	test_return_mean:        -657.7203
test_return_std:          28.1468	
2026-02-19 14:59:57,401 - my_experiment - IMPuc50_HybridComm - my_run - INFO - t_env: 250230 / 2050000
2026-02-19 14:59:57,401 - my_experiment - IMPuc50_HybridComm - my_run - INFO - Estimated time left: 6 hours, 17 minutes, 7 seconds. Time passed: 49 minutes, 24 seconds
2026-02-19 15:05:05,251 - my_experiment - IMPuc50_HybridComm - my_run - INFO - Recent Stats | t_env:     275220 | Episode:     9174
action_0_mean:             0.3893	action_1_mean:             0.5864	action_2_mean:             0.0243	ep_length_mean:           30.0000
epsilon:                   0.0500	grad_norm:                 0.2466	info_nce_loss:             0.0005	loss:                      0.0626
q_loss:                    0.0573	return_mean:             -603.8217	return_std:              157.4426	test_action_0_mean:        0.3575
test_action_1_mean:        0.6321	test_action_2_mean:        0.0105	test_ep_length_mean:      30.0000	test_return_mean:        -313.8197
test_return_std:          51.4033	
2026-02-19 15:05:05,607 - my_experiment - IMPuc50_HybridComm - my_run - INFO - t_env: 275250 / 2050000
2026-02-19 15:05:05,608 - my_experiment - IMPuc50_HybridComm - my_run - INFO - Estimated time left: 6 hours, 4 minutes, 22 seconds. Time passed: 54 minutes, 32 seconds
2026-02-19 15:10:05,529 - my_experiment - IMPuc50_HybridComm - my_run - INFO - Recent Stats | t_env:     300240 | Episode:    10008
action_0_mean:             0.3529	action_1_mean:             0.6231	action_2_mean:             0.0240	ep_length_mean:           30.0000
epsilon:                   0.0500	grad_norm:                 0.1545	info_nce_loss:             0.0001	loss:                      0.0316
q_loss:                    0.0292	return_mean:             -540.2895	return_std:               96.2039	test_action_0_mean:        0.3899
test_action_1_mean:        0.6023	test_action_2_mean:        0.0078	test_ep_length_mean:      30.0000	test_return_mean:        -295.4753
test_return_std:          61.5776	
2026-02-19 15:10:05,885 - my_experiment - IMPuc50_HybridComm - my_run - INFO - t_env: 300270 / 2050000
2026-02-19 15:10:05,886 - my_experiment - IMPuc50_HybridComm - my_run - INFO - Estimated time left: 5 hours, 49 minutes, 59 seconds. Time passed: 59 minutes, 32 seconds
2026-02-19 15:15:06,185 - my_experiment - IMPuc50_HybridComm - my_run - INFO - Recent Stats | t_env:     325260 | Episode:    10842
action_0_mean:             0.3840	action_1_mean:             0.5925	action_2_mean:             0.0234	ep_length_mean:           30.0000
epsilon:                   0.0500	grad_norm:                 0.2061	info_nce_loss:             0.0001	loss:                      0.0387
q_loss:                    0.0356	return_mean:             -535.3159	return_std:              119.9905	test_action_0_mean:        0.4085
test_action_1_mean:        0.5815	test_action_2_mean:        0.0100	test_ep_length_mean:      30.0000	test_return_mean:        -306.4623
test_return_std:          64.2593	
2026-02-19 15:15:06,595 - my_experiment - IMPuc50_HybridComm - my_run - INFO - t_env: 325290 / 2050000
2026-02-19 15:15:06,596 - my_experiment - IMPuc50_HybridComm - my_run - INFO - Estimated time left: 5 hours, 45 minutes, 28 seconds. Time passed: 1 hours, 4 minutes, 33 seconds
2026-02-19 15:20:04,840 - my_experiment - IMPuc50_HybridComm - my_run - INFO - Recent Stats | t_env:     350280 | Episode:    11676
action_0_mean:             0.4147	action_1_mean:             0.5623	action_2_mean:             0.0230	ep_length_mean:           30.0000
epsilon:                   0.0500	grad_norm:                 0.2306	info_nce_loss:             0.0002	loss:                      0.0535
q_loss:                    0.0486	return_mean:             -526.8345	return_std:              122.2928	test_action_0_mean:        0.4525
test_action_1_mean:        0.5380	test_action_2_mean:        0.0094	test_ep_length_mean:      30.0000	test_return_mean:        -293.9396
test_return_std:          68.4857	
2026-02-19 15:20:05,220 - my_experiment - IMPuc50_HybridComm - my_run - INFO - t_env: 350310 / 2050000
2026-02-19 15:20:05,221 - my_experiment - IMPuc50_HybridComm - my_run - INFO - Estimated time left: 5 hours, 38 minutes, 6 seconds. Time passed: 1 hours, 9 minutes, 32 seconds
2026-02-19 15:24:58,283 - my_experiment - IMPuc50_HybridComm - my_run - INFO - Recent Stats | t_env:     375300 | Episode:    12510
action_0_mean:             0.4603	action_1_mean:             0.5172	action_2_mean:             0.0224	ep_length_mean:           30.0000
epsilon:                   0.0500	grad_norm:                 0.2455	info_nce_loss:             0.0002	loss:                      0.0606
q_loss:                    0.0551	return_mean:             -522.3064	return_std:              129.7415	test_action_0_mean:        0.5125
test_action_1_mean:        0.4726	test_action_2_mean:        0.0149	test_ep_length_mean:      30.0000	test_return_mean:        -409.6583
test_return_std:          74.0145	
2026-02-19 15:24:58,648 - my_experiment - IMPuc50_HybridComm - my_run - INFO - t_env: 375330 / 2050000
2026-02-19 15:24:58,649 - my_experiment - IMPuc50_HybridComm - my_run - INFO - Estimated time left: 5 hours, 27 minutes, 20 seconds. Time passed: 1 hours, 14 minutes, 25 seconds
2026-02-19 15:29:47,592 - my_experiment - IMPuc50_HybridComm - my_run - INFO - Saving models to work_dirs/my_experiment/IMPuc50_HybridComm/my_run/20260219_141030/models/400050
2026-02-19 15:29:50,602 - my_experiment - IMPuc50_HybridComm - my_run - INFO - Recent Stats | t_env:     400320 | Episode:    13344
action_0_mean:             0.5097	action_1_mean:             0.4677	action_2_mean:             0.0227	ep_length_mean:           30.0000
epsilon:                   0.0500	grad_norm:                 0.2763	info_nce_loss:             0.0002	loss:                      0.0754
q_loss:                    0.0686	return_mean:             -523.0219	return_std:              140.3328	test_action_0_mean:        0.5371
test_action_1_mean:        0.4475	test_action_2_mean:        0.0154	test_ep_length_mean:      30.0000	test_return_mean:        -405.4604
test_return_std:          61.6181	
2026-02-19 15:29:50,955 - my_experiment - IMPuc50_HybridComm - my_run - INFO - t_env: 400350 / 2050000
2026-02-19 15:29:50,956 - my_experiment - IMPuc50_HybridComm - my_run - INFO - Estimated time left: 5 hours, 21 minutes, 12 seconds. Time passed: 1 hours, 19 minutes, 17 seconds
2026-02-19 15:34:37,422 - my_experiment - IMPuc50_HybridComm - my_run - INFO - Recent Stats | t_env:     425340 | Episode:    14178
action_0_mean:             0.5315	action_1_mean:             0.4456	action_2_mean:             0.0229	ep_length_mean:           30.0000
epsilon:                   0.0500	grad_norm:                 0.2676	info_nce_loss:             0.0002	loss:                      0.0778
q_loss:                    0.0707	return_mean:             -522.4960	return_std:              141.3328	test_action_0_mean:        0.5224
test_action_1_mean:        0.4616	test_action_2_mean:        0.0160	test_ep_length_mean:      30.0000	test_return_mean:        -389.1802
test_return_std:          50.7689	
2026-02-19 15:34:37,756 - my_experiment - IMPuc50_HybridComm - my_run - INFO - t_env: 425370 / 2050000
2026-02-19 15:34:37,757 - my_experiment - IMPuc50_HybridComm - my_run - INFO - Estimated time left: 5 hours, 10 minutes, 22 seconds. Time passed: 1 hours, 24 minutes, 4 seconds
2026-02-19 15:39:20,682 - my_experiment - IMPuc50_HybridComm - my_run - INFO - Recent Stats | t_env:     450360 | Episode:    15012
action_0_mean:             0.5445	action_1_mean:             0.4322	action_2_mean:             0.0233	ep_length_mean:           30.0000
epsilon:                   0.0500	grad_norm:                 0.2389	info_nce_loss:             0.0002	loss:                      0.0760
q_loss:                    0.0691	return_mean:             -523.3475	return_std:              130.9611	test_action_0_mean:        0.5546
test_action_1_mean:        0.4329	test_action_2_mean:        0.0125	test_ep_length_mean:      30.0000	test_return_mean:        -359.6893
test_return_std:          55.7196	
2026-02-19 15:39:21,022 - my_experiment - IMPuc50_HybridComm - my_run - INFO - t_env: 450390 / 2050000
2026-02-19 15:39:21,023 - my_experiment - IMPuc50_HybridComm - my_run - INFO - Estimated time left: 5 hours, 1 minutes, 50 seconds. Time passed: 1 hours, 28 minutes, 47 seconds
2026-02-19 15:44:09,956 - my_experiment - IMPuc50_HybridComm - my_run - INFO - Recent Stats | t_env:     475380 | Episode:    15846
action_0_mean:             0.5703	action_1_mean:             0.4064	action_2_mean:             0.0233	ep_length_mean:           30.0000
epsilon:                   0.0500	grad_norm:                 0.2380	info_nce_loss:             0.0002	loss:                      0.0672
q_loss:                    0.0611	return_mean:             -520.2328	return_std:              125.8806	test_action_0_mean:        0.5874
test_action_1_mean:        0.4001	test_action_2_mean:        0.0126	test_ep_length_mean:      30.0000	test_return_mean:        -354.7399
test_return_std:          52.8407	
2026-02-19 15:44:10,303 - my_experiment - IMPuc50_HybridComm - my_run - INFO - t_env: 475410 / 2050000
2026-02-19 15:44:10,304 - my_experiment - IMPuc50_HybridComm - my_run - INFO - Estimated time left: 5 hours, 3 minutes, 25 seconds. Time passed: 1 hours, 33 minutes, 37 seconds
2026-02-19 15:48:57,594 - my_experiment - IMPuc50_HybridComm - my_run - INFO - Recent Stats | t_env:     500400 | Episode:    16680
action_0_mean:             0.5869	action_1_mean:             0.3894	action_2_mean:             0.0238	ep_length_mean:           30.0000
epsilon:                   0.0500	grad_norm:                 0.2596	info_nce_loss:             0.0003	loss:                      0.0775
q_loss:                    0.0705	return_mean:             -519.6285	return_std:              133.2137	test_action_0_mean:        0.6153
test_action_1_mean:        0.3781	test_action_2_mean:        0.0066	test_ep_length_mean:      30.0000	test_return_mean:        -221.3220
test_return_std:          47.8135	
2026-02-19 15:48:57,934 - my_experiment - IMPuc50_HybridComm - my_run - INFO - t_env: 500430 / 2050000
2026-02-19 15:48:57,935 - my_experiment - IMPuc50_HybridComm - my_run - INFO - Estimated time left: 4 hours, 56 minutes, 53 seconds. Time passed: 1 hours, 38 minutes, 24 seconds
2026-02-19 15:53:41,685 - my_experiment - IMPuc50_HybridComm - my_run - INFO - Recent Stats | t_env:     525420 | Episode:    17514
action_0_mean:             0.5991	action_1_mean:             0.3773	action_2_mean:             0.0236	ep_length_mean:           30.0000
epsilon:                   0.0500	grad_norm:                 0.2703	info_nce_loss:             0.0003	loss:                      0.0687
q_loss:                    0.0624	return_mean:             -513.3134	return_std:              137.1646	test_action_0_mean:        0.6414
test_action_1_mean:        0.3527	test_action_2_mean:        0.0060	test_ep_length_mean:      30.0000	test_return_mean:        -211.5434
test_return_std:          43.8143	
2026-02-19 15:53:42,071 - my_experiment - IMPuc50_HybridComm - my_run - INFO - t_env: 525450 / 2050000
2026-02-19 15:53:42,072 - my_experiment - IMPuc50_HybridComm - my_run - INFO - Estimated time left: 4 hours, 48 minutes, 33 seconds. Time passed: 1 hours, 43 minutes, 8 seconds
2026-02-19 15:58:28,033 - my_experiment - IMPuc50_HybridComm - my_run - INFO - Recent Stats | t_env:     550440 | Episode:    18348
action_0_mean:             0.6206	action_1_mean:             0.3556	action_2_mean:             0.0238	ep_length_mean:           30.0000
epsilon:                   0.0500	grad_norm:                 0.3446	info_nce_loss:             0.0004	loss:                      0.0994
q_loss:                    0.0904	return_mean:             -509.8852	return_std:              138.5742	test_action_0_mean:        0.6700
test_action_1_mean:        0.3235	test_action_2_mean:        0.0065	test_ep_length_mean:      30.0000	test_return_mean:        -206.8149
test_return_std:          44.9435	
2026-02-19 15:58:28,695 - my_experiment - IMPuc50_HybridComm - my_run - INFO - t_env: 550470 / 2050000
2026-02-19 15:58:28,696 - my_experiment - IMPuc50_HybridComm - my_run - INFO - Estimated time left: 4 hours, 46 minutes, 18 seconds. Time passed: 1 hours, 47 minutes, 55 seconds
2026-02-19 16:03:14,446 - my_experiment - IMPuc50_HybridComm - my_run - INFO - Recent Stats | t_env:     575460 | Episode:    19182
action_0_mean:             0.6257	action_1_mean:             0.3507	action_2_mean:             0.0236	ep_length_mean:           30.0000
epsilon:                   0.0500	grad_norm:                 0.3347	info_nce_loss:             0.0003	loss:                      0.0984
q_loss:                    0.0895	return_mean:             -505.3724	return_std:              145.0858	test_action_0_mean:        0.6576
test_action_1_mean:        0.3358	test_action_2_mean:        0.0067	test_ep_length_mean:      30.0000	test_return_mean:        -202.9678
test_return_std:          44.9556	
2026-02-19 16:03:14,809 - my_experiment - IMPuc50_HybridComm - my_run - INFO - t_env: 575490 / 2050000
2026-02-19 16:03:14,810 - my_experiment - IMPuc50_HybridComm - my_run - INFO - Estimated time left: 4 hours, 41 minutes, 1 seconds. Time passed: 1 hours, 52 minutes, 41 seconds
2026-02-19 16:07:59,984 - my_experiment - IMPuc50_HybridComm - my_run - INFO - Saving models to work_dirs/my_experiment/IMPuc50_HybridComm/my_run/20260219_141030/models/600060
2026-02-19 16:08:04,791 - my_experiment - IMPuc50_HybridComm - my_run - INFO - Recent Stats | t_env:     600480 | Episode:    20016
action_0_mean:             0.6269	action_1_mean:             0.3492	action_2_mean:             0.0239	ep_length_mean:           30.0000
epsilon:                   0.0500	grad_norm:                 0.3177	info_nce_loss:             0.0003	loss:                      0.0994
q_loss:                    0.0914	return_mean:             -512.1408	return_std:              157.2218	test_action_0_mean:        0.6291
test_action_1_mean:        0.3645	test_action_2_mean:        0.0064	test_ep_length_mean:      30.0000	test_return_mean:        -209.8291
test_return_std:          49.7948	
2026-02-19 16:08:05,141 - my_experiment - IMPuc50_HybridComm - my_run - INFO - t_env: 600510 / 2050000
2026-02-19 16:08:05,141 - my_experiment - IMPuc50_HybridComm - my_run - INFO - Estimated time left: 4 hours, 40 minutes, 19 seconds. Time passed: 1 hours, 57 minutes, 32 seconds
2026-02-19 16:12:53,632 - my_experiment - IMPuc50_HybridComm - my_run - INFO - Recent Stats | t_env:     625500 | Episode:    20850
action_0_mean:             0.6223	action_1_mean:             0.3535	action_2_mean:             0.0242	ep_length_mean:           30.0000
epsilon:                   0.0500	grad_norm:                 0.3767	info_nce_loss:             0.0001	loss:                      0.1198
q_loss:                    0.1138	return_mean:             -523.2072	return_std:              173.7017	test_action_0_mean:        0.6044
test_action_1_mean:        0.3895	test_action_2_mean:        0.0062	test_ep_length_mean:      30.0000	test_return_mean:        -217.6233
test_return_std:          55.5629	
2026-02-19 16:12:53,970 - my_experiment - IMPuc50_HybridComm - my_run - INFO - t_env: 625530 / 2050000
2026-02-19 16:12:53,970 - my_experiment - IMPuc50_HybridComm - my_run - INFO - Estimated time left: 4 hours, 34 minutes, 3 seconds. Time passed: 2 hours, 2 minutes, 20 seconds
2026-02-19 16:17:40,777 - my_experiment - IMPuc50_HybridComm - my_run - INFO - Recent Stats | t_env:     650520 | Episode:    21684
action_0_mean:             0.6205	action_1_mean:             0.3556	action_2_mean:             0.0239	ep_length_mean:           30.0000
epsilon:                   0.0500	grad_norm:                 0.3602	info_nce_loss:             0.0001	loss:                      0.1359
q_loss:                    0.1308	return_mean:             -522.7263	return_std:              167.8166	test_action_0_mean:        0.6077
test_action_1_mean:        0.3869	test_action_2_mean:        0.0055	test_ep_length_mean:      30.0000	test_return_mean:        -241.5333
test_return_std:          79.1963	
2026-02-19 16:17:41,152 - my_experiment - IMPuc50_HybridComm - my_run - INFO - t_env: 650550 / 2050000
2026-02-19 16:17:41,152 - my_experiment - IMPuc50_HybridComm - my_run - INFO - Estimated time left: 4 hours, 27 minutes, 43 seconds. Time passed: 2 hours, 7 minutes, 8 seconds
2026-02-19 16:22:29,073 - my_experiment - IMPuc50_HybridComm - my_run - INFO - Recent Stats | t_env:     675540 | Episode:    22518
action_0_mean:             0.6133	action_1_mean:             0.3632	action_2_mean:             0.0235	ep_length_mean:           30.0000
epsilon:                   0.0500	grad_norm:                 0.2998	info_nce_loss:             0.0001	loss:                      0.1136
q_loss:                    0.1105	return_mean:             -523.8914	return_std:              163.0391	test_action_0_mean:        0.6066
test_action_1_mean:        0.3883	test_action_2_mean:        0.0051	test_ep_length_mean:      30.0000	test_return_mean:        -239.9626
test_return_std:          77.7159	
2026-02-19 16:22:29,437 - my_experiment - IMPuc50_HybridComm - my_run - INFO - t_env: 675570 / 2050000
2026-02-19 16:22:29,438 - my_experiment - IMPuc50_HybridComm - my_run - INFO - Estimated time left: 4 hours, 23 minutes, 56 seconds. Time passed: 2 hours, 11 minutes, 56 seconds
2026-02-19 16:27:20,841 - my_experiment - IMPuc50_HybridComm - my_run - INFO - Recent Stats | t_env:     700560 | Episode:    23352
action_0_mean:             0.5990	action_1_mean:             0.3769	action_2_mean:             0.0241	ep_length_mean:           30.0000
epsilon:                   0.0500	grad_norm:                 0.2988	info_nce_loss:             0.0001	loss:                      0.1290
q_loss:                    0.1246	return_mean:             -534.2501	return_std:              158.8398	test_action_0_mean:        0.5776
test_action_1_mean:        0.4172	test_action_2_mean:        0.0053	test_ep_length_mean:      30.0000	test_return_mean:        -245.7483
test_return_std:          83.4076	
2026-02-19 16:27:21,200 - my_experiment - IMPuc50_HybridComm - my_run - INFO - t_env: 700590 / 2050000
2026-02-19 16:27:21,200 - my_experiment - IMPuc50_HybridComm - my_run - INFO - Estimated time left: 4 hours, 22 minutes, 15 seconds. Time passed: 2 hours, 16 minutes, 48 seconds
2026-02-19 16:32:12,419 - my_experiment - IMPuc50_HybridComm - my_run - INFO - Recent Stats | t_env:     725580 | Episode:    24186
action_0_mean:             0.5783	action_1_mean:             0.3975	action_2_mean:             0.0242	ep_length_mean:           30.0000
epsilon:                   0.0500	grad_norm:                 0.3009	info_nce_loss:             0.0001	loss:                      0.1445
q_loss:                    0.1376	return_mean:             -534.6446	return_std:              157.4076	test_action_0_mean:        0.5599
test_action_1_mean:        0.4346	test_action_2_mean:        0.0055	test_ep_length_mean:      30.0000	test_return_mean:        -244.1242
test_return_std:          80.6159	
2026-02-19 16:32:12,780 - my_experiment - IMPuc50_HybridComm - my_run - INFO - t_env: 725610 / 2050000
2026-02-19 16:32:12,781 - my_experiment - IMPuc50_HybridComm - my_run - INFO - Estimated time left: 4 hours, 17 minutes, 14 seconds. Time passed: 2 hours, 21 minutes, 39 seconds
2026-02-19 16:37:02,841 - my_experiment - IMPuc50_HybridComm - my_run - INFO - Recent Stats | t_env:     750600 | Episode:    25020
action_0_mean:             0.5793	action_1_mean:             0.3965	action_2_mean:             0.0242	ep_length_mean:           30.0000
epsilon:                   0.0500	grad_norm:                 0.2228	info_nce_loss:             0.0001	loss:                      0.1407
q_loss:                    0.1303	return_mean:             -534.2348	return_std:              169.1707	test_action_0_mean:        0.5626
test_action_1_mean:        0.4318	test_action_2_mean:        0.0056	test_ep_length_mean:      30.0000	test_return_mean:        -240.3369
test_return_std:          79.5259	
2026-02-19 16:37:03,188 - my_experiment - IMPuc50_HybridComm - my_run - INFO - t_env: 750630 / 2050000
2026-02-19 16:37:03,189 - my_experiment - IMPuc50_HybridComm - my_run - INFO - Estimated time left: 4 hours, 11 minutes, 21 seconds. Time passed: 2 hours, 26 minutes, 30 seconds
2026-02-19 16:41:50,050 - my_experiment - IMPuc50_HybridComm - my_run - INFO - Recent Stats | t_env:     775620 | Episode:    25854
action_0_mean:             0.5773	action_1_mean:             0.3979	action_2_mean:             0.0248	ep_length_mean:           30.0000
epsilon:                   0.0500	grad_norm:                 0.2076	info_nce_loss:             0.0001	loss:                      0.1438
q_loss:                    0.1308	return_mean:             -540.1026	return_std:              172.3023	test_action_0_mean:        0.5520
test_action_1_mean:        0.4419	test_action_2_mean:        0.0061	test_ep_length_mean:      30.0000	test_return_mean:        -212.2282
test_return_std:          53.4945	
2026-02-19 16:41:50,390 - my_experiment - IMPuc50_HybridComm - my_run - INFO - t_env: 775650 / 2050000
2026-02-19 16:41:50,391 - my_experiment - IMPuc50_HybridComm - my_run - INFO - Estimated time left: 4 hours, 3 minutes, 48 seconds. Time passed: 2 hours, 31 minutes, 17 seconds
2026-02-19 16:46:28,030 - my_experiment - IMPuc50_HybridComm - my_run - INFO - Saving models to work_dirs/my_experiment/IMPuc50_HybridComm/my_run/20260219_141030/models/800070
2026-02-19 16:46:34,179 - my_experiment - IMPuc50_HybridComm - my_run - INFO - Recent Stats | t_env:     800640 | Episode:    26688
action_0_mean:             0.5791	action_1_mean:             0.3956	action_2_mean:             0.0253	ep_length_mean:           30.0000
epsilon:                   0.0500	grad_norm:                 0.2383	info_nce_loss:             0.0001	loss:                      0.1614
q_loss:                    0.1467	return_mean:             -541.6709	return_std:              172.6211	test_action_0_mean:        0.5578
test_action_1_mean:        0.4361	test_action_2_mean:        0.0061	test_ep_length_mean:      30.0000	test_return_mean:        -225.4267
test_return_std:          55.2935	
2026-02-19 16:46:34,518 - my_experiment - IMPuc50_HybridComm - my_run - INFO - t_env: 800670 / 2050000
2026-02-19 16:46:34,518 - my_experiment - IMPuc50_HybridComm - my_run - INFO - Estimated time left: 3 hours, 56 minutes, 27 seconds. Time passed: 2 hours, 36 minutes, 1 seconds
2026-02-19 16:51:14,993 - my_experiment - IMPuc50_HybridComm - my_run - INFO - Recent Stats | t_env:     825660 | Episode:    27522
action_0_mean:             0.5972	action_1_mean:             0.3779	action_2_mean:             0.0249	ep_length_mean:           30.0000
epsilon:                   0.0500	grad_norm:                 0.2226	info_nce_loss:             0.0001	loss:                      0.1521
q_loss:                    0.1383	return_mean:             -536.6936	return_std:              167.4971	test_action_0_mean:        0.5928
test_action_1_mean:        0.4014	test_action_2_mean:        0.0058	test_ep_length_mean:      30.0000	test_return_mean:        -220.3524
test_return_std:          51.1899	
2026-02-19 16:51:15,345 - my_experiment - IMPuc50_HybridComm - my_run - INFO - t_env: 825690 / 2050000
2026-02-19 16:51:15,346 - my_experiment - IMPuc50_HybridComm - my_run - INFO - Estimated time left: 3 hours, 49 minutes, 1 seconds. Time passed: 2 hours, 40 minutes, 42 seconds
2026-02-19 16:56:05,028 - my_experiment - IMPuc50_HybridComm - my_run - INFO - Recent Stats | t_env:     850680 | Episode:    28356
action_0_mean:             0.6348	action_1_mean:             0.3405	action_2_mean:             0.0246	ep_length_mean:           30.0000
epsilon:                   0.0500	grad_norm:                 0.2343	info_nce_loss:             0.0000	loss:                      0.1543
q_loss:                    0.1429	return_mean:             -538.2626	return_std:              167.7533	test_action_0_mean:        0.6181
test_action_1_mean:        0.3749	test_action_2_mean:        0.0070	test_ep_length_mean:      30.0000	test_return_mean:        -229.1543
test_return_std:          49.1094	
2026-02-19 16:56:05,402 - my_experiment - IMPuc50_HybridComm - my_run - INFO - t_env: 850710 / 2050000
2026-02-19 16:56:05,402 - my_experiment - IMPuc50_HybridComm - my_run - INFO - Estimated time left: 3 hours, 51 minutes, 43 seconds. Time passed: 2 hours, 45 minutes, 32 seconds
2026-02-19 17:01:04,231 - my_experiment - IMPuc50_HybridComm - my_run - INFO - Recent Stats | t_env:     875700 | Episode:    29190
action_0_mean:             0.6379	action_1_mean:             0.3376	action_2_mean:             0.0244	ep_length_mean:           30.0000
epsilon:                   0.0500	grad_norm:                 0.2237	info_nce_loss:             0.0001	loss:                      0.1355
q_loss:                    0.1258	return_mean:             -529.7400	return_std:              138.1711	test_action_0_mean:        0.5607
test_action_1_mean:        0.4324	test_action_2_mean:        0.0069	test_ep_length_mean:      30.0000	test_return_mean:        -230.7800
test_return_std:          45.2844	
2026-02-19 17:01:04,604 - my_experiment - IMPuc50_HybridComm - my_run - INFO - t_env: 875730 / 2050000
2026-02-19 17:01:04,605 - my_experiment - IMPuc50_HybridComm - my_run - INFO - Estimated time left: 3 hours, 54 minutes, 2 seconds. Time passed: 2 hours, 50 minutes, 31 seconds
2026-02-19 17:05:52,134 - my_experiment - IMPuc50_HybridComm - my_run - INFO - Recent Stats | t_env:     900720 | Episode:    30024
action_0_mean:             0.6139	action_1_mean:             0.3621	action_2_mean:             0.0240	ep_length_mean:           30.0000
epsilon:                   0.0500	grad_norm:                 0.2338	info_nce_loss:             0.0001	loss:                      0.1239
q_loss:                    0.1153	return_mean:             -526.5720	return_std:              143.1679	test_action_0_mean:        0.5484
test_action_1_mean:        0.4449	test_action_2_mean:        0.0067	test_ep_length_mean:      30.0000	test_return_mean:        -228.4574
test_return_std:          46.1308	
2026-02-19 17:05:52,459 - my_experiment - IMPuc50_HybridComm - my_run - INFO - t_env: 900750 / 2050000
2026-02-19 17:05:52,460 - my_experiment - IMPuc50_HybridComm - my_run - INFO - Estimated time left: 3 hours, 40 minutes, 22 seconds. Time passed: 2 hours, 55 minutes, 19 seconds
2026-02-19 17:10:35,238 - my_experiment - IMPuc50_HybridComm - my_run - INFO - Recent Stats | t_env:     925740 | Episode:    30858
action_0_mean:             0.6079	action_1_mean:             0.3678	action_2_mean:             0.0243	ep_length_mean:           30.0000
epsilon:                   0.0500	grad_norm:                 0.2100	info_nce_loss:             0.0001	loss:                      0.1179
q_loss:                    0.1098	return_mean:             -533.6276	return_std:              160.9293	test_action_0_mean:        0.5709
test_action_1_mean:        0.4230	test_action_2_mean:        0.0060	test_ep_length_mean:      30.0000	test_return_mean:        -208.0622
test_return_std:          43.6251	
2026-02-19 17:10:35,562 - my_experiment - IMPuc50_HybridComm - my_run - INFO - t_env: 925770 / 2050000
2026-02-19 17:10:35,563 - my_experiment - IMPuc50_HybridComm - my_run - INFO - Estimated time left: 3 hours, 32 minutes, 0 seconds. Time passed: 3 hours, 2 seconds
2026-02-19 17:15:18,427 - my_experiment - IMPuc50_HybridComm - my_run - INFO - Recent Stats | t_env:     950760 | Episode:    31692
action_0_mean:             0.6105	action_1_mean:             0.3655	action_2_mean:             0.0240	ep_length_mean:           30.0000
epsilon:                   0.0500	grad_norm:                 0.2521	info_nce_loss:             0.0001	loss:                      0.1541
q_loss:                    0.1428	return_mean:             -523.5698	return_std:              152.2176	test_action_0_mean:        0.5949
test_action_1_mean:        0.3991	test_action_2_mean:        0.0060	test_ep_length_mean:      30.0000	test_return_mean:        -205.7169
test_return_std:          38.8573	
2026-02-19 17:15:18,764 - my_experiment - IMPuc50_HybridComm - my_run - INFO - t_env: 950790 / 2050000
2026-02-19 17:15:18,765 - my_experiment - IMPuc50_HybridComm - my_run - INFO - Estimated time left: 3 hours, 27 minutes, 21 seconds. Time passed: 3 hours, 4 minutes, 45 seconds
2026-02-19 17:19:58,362 - my_experiment - IMPuc50_HybridComm - my_run - INFO - Recent Stats | t_env:     975780 | Episode:    32526
action_0_mean:             0.6016	action_1_mean:             0.3742	action_2_mean:             0.0243	ep_length_mean:           30.0000
epsilon:                   0.0500	grad_norm:                 0.2856	info_nce_loss:             0.0002	loss:                      0.1652
q_loss:                    0.1501	return_mean:             -518.8038	return_std:              147.3728	test_action_0_mean:        0.6260
test_action_1_mean:        0.3675	test_action_2_mean:        0.0065	test_ep_length_mean:      30.0000	test_return_mean:        -234.2813
test_return_std:          40.9403	
2026-02-19 17:19:58,684 - my_experiment - IMPuc50_HybridComm - my_run - INFO - t_env: 975810 / 2050000
2026-02-19 17:19:58,685 - my_experiment - IMPuc50_HybridComm - my_run - INFO - Estimated time left: 3 hours, 20 minutes, 17 seconds. Time passed: 3 hours, 9 minutes, 25 seconds
2026-02-19 17:24:31,154 - my_experiment - IMPuc50_HybridComm - my_run - INFO - Saving models to work_dirs/my_experiment/IMPuc50_HybridComm/my_run/20260219_141030/models/1000080
2026-02-19 17:24:38,952 - my_experiment - IMPuc50_HybridComm - my_run - INFO - Recent Stats | t_env:    1000800 | Episode:    33360
action_0_mean:             0.6276	action_1_mean:             0.3481	action_2_mean:             0.0243	ep_length_mean:           30.0000
epsilon:                   0.0500	grad_norm:                 0.3187	info_nce_loss:             0.0001	loss:                      0.1714
q_loss:                    0.1581	return_mean:             -520.0200	return_std:              154.2569	test_action_0_mean:        0.7390
test_action_1_mean:        0.2541	test_action_2_mean:        0.0069	test_ep_length_mean:      30.0000	test_return_mean:        -242.0091
test_return_std:          47.4804	
2026-02-19 17:24:39,325 - my_experiment - IMPuc50_HybridComm - my_run - INFO - t_env: 1000830 / 2050000
2026-02-19 17:24:39,326 - my_experiment - IMPuc50_HybridComm - my_run - INFO - Estimated time left: 3 hours, 16 minutes, 8 seconds. Time passed: 3 hours, 14 minutes, 6 seconds
2026-02-19 17:29:23,865 - my_experiment - IMPuc50_HybridComm - my_run - INFO - Recent Stats | t_env:    1025820 | Episode:    34194
action_0_mean:             0.6781	action_1_mean:             0.2972	action_2_mean:             0.0247	ep_length_mean:           30.0000
epsilon:                   0.0500	grad_norm:                 0.3197	info_nce_loss:             0.0001	loss:                      0.2021
q_loss:                    0.1861	return_mean:             -519.7269	return_std:              143.0290	test_action_0_mean:        0.7576
test_action_1_mean:        0.2352	test_action_2_mean:        0.0072	test_ep_length_mean:      30.0000	test_return_mean:        -245.5508
test_return_std:          49.3249	
2026-02-19 17:29:24,218 - my_experiment - IMPuc50_HybridComm - my_run - INFO - t_env: 1025850 / 2050000
2026-02-19 17:29:24,218 - my_experiment - IMPuc50_HybridComm - my_run - INFO - Estimated time left: 3 hours, 14 minutes, 21 seconds. Time passed: 3 hours, 18 minutes, 51 seconds
2026-02-19 17:34:12,398 - my_experiment - IMPuc50_HybridComm - my_run - INFO - Recent Stats | t_env:    1050840 | Episode:    35028
action_0_mean:             0.6921	action_1_mean:             0.2835	action_2_mean:             0.0244	ep_length_mean:           30.0000
epsilon:                   0.0500	grad_norm:                 0.3279	info_nce_loss:             0.0001	loss:                      0.1908
q_loss:                    0.1775	return_mean:             -514.8509	return_std:              131.0585	test_action_0_mean:        0.7333
test_action_1_mean:        0.2594	test_action_2_mean:        0.0073	test_ep_length_mean:      30.0000	test_return_mean:        -253.6669
test_return_std:          55.8668	
2026-02-19 17:34:12,751 - my_experiment - IMPuc50_HybridComm - my_run - INFO - t_env: 1050870 / 2050000
2026-02-19 17:34:12,752 - my_experiment - IMPuc50_HybridComm - my_run - INFO - Estimated time left: 3 hours, 12 minutes, 2 seconds. Time passed: 3 hours, 23 minutes, 39 seconds
2026-02-19 17:38:58,532 - my_experiment - IMPuc50_HybridComm - my_run - INFO - Recent Stats | t_env:    1075860 | Episode:    35862
action_0_mean:             0.6815	action_1_mean:             0.2944	action_2_mean:             0.0241	ep_length_mean:           30.0000
epsilon:                   0.0500	grad_norm:                 0.2770	info_nce_loss:             0.0001	loss:                      0.1570
q_loss:                    0.1467	return_mean:             -514.3015	return_std:              125.1500	test_action_0_mean:        0.7035
test_action_1_mean:        0.2894	test_action_2_mean:        0.0071	test_ep_length_mean:      30.0000	test_return_mean:        -259.0028
test_return_std:          62.7152	
2026-02-19 17:38:58,861 - my_experiment - IMPuc50_HybridComm - my_run - INFO - t_env: 1075890 / 2050000
2026-02-19 17:38:58,862 - my_experiment - IMPuc50_HybridComm - my_run - INFO - Estimated time left: 3 hours, 5 minutes, 39 seconds. Time passed: 3 hours, 28 minutes, 25 seconds
2026-02-19 17:43:46,135 - my_experiment - IMPuc50_HybridComm - my_run - INFO - Recent Stats | t_env:    1100880 | Episode:    36696
action_0_mean:             0.6759	action_1_mean:             0.3006	action_2_mean:             0.0235	ep_length_mean:           30.0000
epsilon:                   0.0500	grad_norm:                 0.2312	info_nce_loss:             0.0001	loss:                      0.1307
q_loss:                    0.1228	return_mean:             -510.1289	return_std:              119.0490	test_action_0_mean:        0.7265
test_action_1_mean:        0.2681	test_action_2_mean:        0.0053	test_ep_length_mean:      30.0000	test_return_mean:        -236.2211
test_return_std:          74.6929	
2026-02-19 17:43:46,520 - my_experiment - IMPuc50_HybridComm - my_run - INFO - t_env: 1100910 / 2050000
2026-02-19 17:43:46,520 - my_experiment - IMPuc50_HybridComm - my_run - INFO - Estimated time left: 3 hours, 1 minutes, 51 seconds. Time passed: 3 hours, 33 minutes, 13 seconds
2026-02-19 17:48:36,072 - my_experiment - IMPuc50_HybridComm - my_run - INFO - Recent Stats | t_env:    1125900 | Episode:    37530
action_0_mean:             0.6560	action_1_mean:             0.3211	action_2_mean:             0.0229	ep_length_mean:           30.0000
epsilon:                   0.0500	grad_norm:                 0.1885	info_nce_loss:             0.0001	loss:                      0.1184
q_loss:                    0.1105	return_mean:             -501.8844	return_std:               98.5530	test_action_0_mean:        0.6812
test_action_1_mean:        0.3138	test_action_2_mean:        0.0050	test_ep_length_mean:      30.0000	test_return_mean:        -223.2785
test_return_std:          67.0585	
2026-02-19 17:48:36,430 - my_experiment - IMPuc50_HybridComm - my_run - INFO - t_env: 1125930 / 2050000
2026-02-19 17:48:36,431 - my_experiment - IMPuc50_HybridComm - my_run - INFO - Estimated time left: 2 hours, 58 minutes, 27 seconds. Time passed: 3 hours, 38 minutes, 3 seconds
2026-02-19 17:53:24,023 - my_experiment - IMPuc50_HybridComm - my_run - INFO - Recent Stats | t_env:    1150920 | Episode:    38364
action_0_mean:             0.6280	action_1_mean:             0.3497	action_2_mean:             0.0223	ep_length_mean:           30.0000
epsilon:                   0.0500	grad_norm:                 0.1710	info_nce_loss:             0.0001	loss:                      0.0844
q_loss:                    0.0796	return_mean:             -493.0001	return_std:               88.7958	test_action_0_mean:        0.6687
test_action_1_mean:        0.3267	test_action_2_mean:        0.0046	test_ep_length_mean:      30.0000	test_return_mean:        -221.5934
test_return_std:          68.5779	
2026-02-19 17:53:24,370 - my_experiment - IMPuc50_HybridComm - my_run - INFO - t_env: 1150950 / 2050000
2026-02-19 17:53:24,371 - my_experiment - IMPuc50_HybridComm - my_run - INFO - Estimated time left: 2 hours, 52 minutes, 26 seconds. Time passed: 3 hours, 42 minutes, 51 seconds
2026-02-19 17:58:11,775 - my_experiment - IMPuc50_HybridComm - my_run - INFO - Recent Stats | t_env:    1175940 | Episode:    39198
action_0_mean:             0.6212	action_1_mean:             0.3572	action_2_mean:             0.0216	ep_length_mean:           30.0000
epsilon:                   0.0500	grad_norm:                 0.1445	info_nce_loss:             0.0001	loss:                      0.0803
q_loss:                    0.0742	return_mean:             -481.1638	return_std:               79.4243	test_action_0_mean:        0.6759
test_action_1_mean:        0.3195	test_action_2_mean:        0.0045	test_ep_length_mean:      30.0000	test_return_mean:        -223.1990
test_return_std:          70.2617	
2026-02-19 17:58:12,144 - my_experiment - IMPuc50_HybridComm - my_run - INFO - t_env: 1175970 / 2050000
2026-02-19 17:58:12,145 - my_experiment - IMPuc50_HybridComm - my_run - INFO - Estimated time left: 2 hours, 47 minutes, 32 seconds. Time passed: 3 hours, 47 minutes, 39 seconds
2026-02-19 18:02:48,257 - my_experiment - IMPuc50_HybridComm - my_run - INFO - Saving models to work_dirs/my_experiment/IMPuc50_HybridComm/my_run/20260219_141030/models/1200090
2026-02-19 18:02:57,919 - my_experiment - IMPuc50_HybridComm - my_run - INFO - Recent Stats | t_env:    1200960 | Episode:    40032
action_0_mean:             0.6187	action_1_mean:             0.3590	action_2_mean:             0.0223	ep_length_mean:           30.0000
epsilon:                   0.0500	grad_norm:                 0.1723	info_nce_loss:             0.0001	loss:                      0.1003
q_loss:                    0.0924	return_mean:             -498.7197	return_std:              115.9693	test_action_0_mean:        0.6910
test_action_1_mean:        0.3039	test_action_2_mean:        0.0051	test_ep_length_mean:      30.0000	test_return_mean:        -226.1193
test_return_std:          63.5373	
2026-02-19 18:02:58,255 - my_experiment - IMPuc50_HybridComm - my_run - INFO - t_env: 1200990 / 2050000
2026-02-19 18:02:58,255 - my_experiment - IMPuc50_HybridComm - my_run - INFO - Estimated time left: 2 hours, 41 minutes, 48 seconds. Time passed: 3 hours, 52 minutes, 25 seconds
2026-02-19 18:07:44,986 - my_experiment - IMPuc50_HybridComm - my_run - INFO - Recent Stats | t_env:    1225980 | Episode:    40866
action_0_mean:             0.6173	action_1_mean:             0.3604	action_2_mean:             0.0223	ep_length_mean:           30.0000
epsilon:                   0.0500	grad_norm:                 0.1909	info_nce_loss:             0.0001	loss:                      0.1458
q_loss:                    0.1338	return_mean:             -494.7188	return_std:              111.8278	test_action_0_mean:        0.6591
test_action_1_mean:        0.3359	test_action_2_mean:        0.0050	test_ep_length_mean:      30.0000	test_return_mean:        -209.0038
test_return_std:          52.9632	
2026-02-19 18:07:45,339 - my_experiment - IMPuc50_HybridComm - my_run - INFO - t_env: 1226010 / 2050000
2026-02-19 18:07:45,340 - my_experiment - IMPuc50_HybridComm - my_run - INFO - Estimated time left: 2 hours, 37 minutes, 34 seconds. Time passed: 3 hours, 57 minutes, 12 seconds
2026-02-19 18:12:29,785 - my_experiment - IMPuc50_HybridComm - my_run - INFO - Recent Stats | t_env:    1251000 | Episode:    41700
action_0_mean:             0.6179	action_1_mean:             0.3596	action_2_mean:             0.0226	ep_length_mean:           30.0000
epsilon:                   0.0500	grad_norm:                 0.1983	info_nce_loss:             0.0002	loss:                      0.1665
q_loss:                    0.1514	return_mean:             -500.7653	return_std:              125.6663	test_action_0_mean:        0.6590
test_action_1_mean:        0.3360	test_action_2_mean:        0.0050	test_ep_length_mean:      30.0000	test_return_mean:        -209.5426
test_return_std:          54.3128	
2026-02-19 18:12:30,128 - my_experiment - IMPuc50_HybridComm - my_run - INFO - t_env: 1251030 / 2050000
2026-02-19 18:12:30,129 - my_experiment - IMPuc50_HybridComm - my_run - INFO - Estimated time left: 2 hours, 31 minutes, 34 seconds. Time passed: 4 hours, 1 minutes, 57 seconds
2026-02-19 18:17:18,485 - my_experiment - IMPuc50_HybridComm - my_run - INFO - Recent Stats | t_env:    1276020 | Episode:    42534
action_0_mean:             0.6310	action_1_mean:             0.3458	action_2_mean:             0.0232	ep_length_mean:           30.0000
epsilon:                   0.0500	grad_norm:                 0.2147	info_nce_loss:             0.0001	loss:                      0.1721
q_loss:                    0.1583	return_mean:             -507.3370	return_std:              134.2718	test_action_0_mean:        0.6792
test_action_1_mean:        0.3155	test_action_2_mean:        0.0053	test_ep_length_mean:      30.0000	test_return_mean:        -213.1774
test_return_std:          58.4213	
2026-02-19 18:17:18,864 - my_experiment - IMPuc50_HybridComm - my_run - INFO - t_env: 1276050 / 2050000
2026-02-19 18:17:18,864 - my_experiment - IMPuc50_HybridComm - my_run - INFO - Estimated time left: 2 hours, 28 minutes, 51 seconds. Time passed: 4 hours, 6 minutes, 45 seconds
2026-02-19 18:22:11,960 - my_experiment - IMPuc50_HybridComm - my_run - INFO - Recent Stats | t_env:    1301040 | Episode:    43368
action_0_mean:             0.6271	action_1_mean:             0.3493	action_2_mean:             0.0236	ep_length_mean:           30.0000
epsilon:                   0.0500	grad_norm:                 0.2325	info_nce_loss:             0.0001	loss:                      0.2099
q_loss:                    0.1926	return_mean:             -515.5499	return_std:              148.5320	test_action_0_mean:        0.6507
test_action_1_mean:        0.3438	test_action_2_mean:        0.0055	test_ep_length_mean:      30.0000	test_return_mean:        -211.1869
test_return_std:          57.0989	
2026-02-19 18:22:12,320 - my_experiment - IMPuc50_HybridComm - my_run - INFO - t_env: 1301070 / 2050000
2026-02-19 18:22:12,321 - my_experiment - IMPuc50_HybridComm - my_run - INFO - Estimated time left: 2 hours, 26 minutes, 24 seconds. Time passed: 4 hours, 11 minutes, 39 seconds
2026-02-19 18:26:59,644 - my_experiment - IMPuc50_HybridComm - my_run - INFO - Recent Stats | t_env:    1326060 | Episode:    44202
action_0_mean:             0.6127	action_1_mean:             0.3636	action_2_mean:             0.0237	ep_length_mean:           30.0000
epsilon:                   0.0500	grad_norm:                 0.3400	info_nce_loss:             0.0001	loss:                      0.2346
q_loss:                    0.2151	return_mean:             -514.3313	return_std:              129.1801	test_action_0_mean:        0.6462
test_action_1_mean:        0.3479	test_action_2_mean:        0.0060	test_ep_length_mean:      30.0000	test_return_mean:        -230.7200
test_return_std:          73.7922	
2026-02-19 18:26:59,976 - my_experiment - IMPuc50_HybridComm - my_run - INFO - t_env: 1326090 / 2050000
2026-02-19 18:26:59,977 - my_experiment - IMPuc50_HybridComm - my_run - INFO - Estimated time left: 2 hours, 18 minutes, 42 seconds. Time passed: 4 hours, 16 minutes, 26 seconds
2026-02-19 18:31:45,644 - my_experiment - IMPuc50_HybridComm - my_run - INFO - Recent Stats | t_env:    1351080 | Episode:    45036
action_0_mean:             0.6081	action_1_mean:             0.3678	action_2_mean:             0.0241	ep_length_mean:           30.0000
epsilon:                   0.0500	grad_norm:                 0.3708	info_nce_loss:             0.0001	loss:                      0.2068
q_loss:                    0.1899	return_mean:             -524.0047	return_std:              143.3596	test_action_0_mean:        0.6602
test_action_1_mean:        0.3339	test_action_2_mean:        0.0059	test_ep_length_mean:      30.0000	test_return_mean:        -231.0848
test_return_std:          76.0873	
2026-02-19 18:31:45,979 - my_experiment - IMPuc50_HybridComm - my_run - INFO - t_env: 1351110 / 2050000
2026-02-19 18:31:45,980 - my_experiment - IMPuc50_HybridComm - my_run - INFO - Estimated time left: 2 hours, 13 minutes, 9 seconds. Time passed: 4 hours, 21 minutes, 12 seconds
2026-02-19 18:36:31,935 - my_experiment - IMPuc50_HybridComm - my_run - INFO - Recent Stats | t_env:    1376100 | Episode:    45870
action_0_mean:             0.6104	action_1_mean:             0.3656	action_2_mean:             0.0239	ep_length_mean:           30.0000
epsilon:                   0.0500	grad_norm:                 0.4334	info_nce_loss:             0.0001	loss:                      0.2467
q_loss:                    0.2262	return_mean:             -521.1501	return_std:              136.2152	test_action_0_mean:        0.6713
test_action_1_mean:        0.3227	test_action_2_mean:        0.0060	test_ep_length_mean:      30.0000	test_return_mean:        -233.4327
test_return_std:          76.7573	
2026-02-19 18:36:32,310 - my_experiment - IMPuc50_HybridComm - my_run - INFO - t_env: 1376130 / 2050000
2026-02-19 18:36:32,310 - my_experiment - IMPuc50_HybridComm - my_run - INFO - Estimated time left: 2 hours, 8 minutes, 31 seconds. Time passed: 4 hours, 25 minutes, 59 seconds
2026-02-19 18:41:06,433 - my_experiment - IMPuc50_HybridComm - my_run - INFO - Saving models to work_dirs/my_experiment/IMPuc50_HybridComm/my_run/20260219_141030/models/1400100
2026-02-19 18:41:17,757 - my_experiment - IMPuc50_HybridComm - my_run - INFO - Recent Stats | t_env:    1401120 | Episode:    46704
action_0_mean:             0.6120	action_1_mean:             0.3642	action_2_mean:             0.0238	ep_length_mean:           30.0000
epsilon:                   0.0500	grad_norm:                 0.4291	info_nce_loss:             0.0001	loss:                      0.2547
q_loss:                    0.2341	return_mean:             -521.2512	return_std:              138.3176	test_action_0_mean:        0.6597
test_action_1_mean:        0.3346	test_action_2_mean:        0.0058	test_ep_length_mean:      30.0000	test_return_mean:        -227.5706
test_return_std:          69.9022	
2026-02-19 18:41:18,090 - my_experiment - IMPuc50_HybridComm - my_run - INFO - t_env: 1401150 / 2050000
2026-02-19 18:41:18,091 - my_experiment - IMPuc50_HybridComm - my_run - INFO - Estimated time left: 2 hours, 3 minutes, 31 seconds. Time passed: 4 hours, 30 minutes, 44 seconds
2026-02-19 18:46:02,976 - my_experiment - IMPuc50_HybridComm - my_run - INFO - Recent Stats | t_env:    1426140 | Episode:    47538
action_0_mean:             0.6222	action_1_mean:             0.3540	action_2_mean:             0.0238	ep_length_mean:           30.0000
epsilon:                   0.0500	grad_norm:                 0.4093	info_nce_loss:             0.0001	loss:                      0.2286
q_loss:                    0.2104	return_mean:             -522.6207	return_std:              132.3709	test_action_0_mean:        0.6814
test_action_1_mean:        0.3122	test_action_2_mean:        0.0065	test_ep_length_mean:      30.0000	test_return_mean:        -226.3368
test_return_std:          63.6826	
2026-02-19 18:46:03,333 - my_experiment - IMPuc50_HybridComm - my_run - INFO - t_env: 1426170 / 2050000
2026-02-19 18:46:03,334 - my_experiment - IMPuc50_HybridComm - my_run - INFO - Estimated time left: 1 hours, 58 minutes, 32 seconds. Time passed: 4 hours, 35 minutes, 30 seconds
2026-02-19 18:50:49,508 - my_experiment - IMPuc50_HybridComm - my_run - INFO - Recent Stats | t_env:    1451160 | Episode:    48372
action_0_mean:             0.6494	action_1_mean:             0.3275	action_2_mean:             0.0231	ep_length_mean:           30.0000
epsilon:                   0.0500	grad_norm:                 0.2876	info_nce_loss:             0.0001	loss:                      0.1862
q_loss:                    0.1742	return_mean:             -505.1309	return_std:              114.3657	test_action_0_mean:        0.6779
test_action_1_mean:        0.3119	test_action_2_mean:        0.0102	test_ep_length_mean:      30.0000	test_return_mean:        -262.3077
test_return_std:          44.5642	
2026-02-19 18:50:49,886 - my_experiment - IMPuc50_HybridComm - my_run - INFO - t_env: 1451190 / 2050000
2026-02-19 18:50:49,887 - my_experiment - IMPuc50_HybridComm - my_run - INFO - Estimated time left: 1 hours, 54 minutes, 18 seconds. Time passed: 4 hours, 40 minutes, 16 seconds
2026-02-19 18:55:38,626 - my_experiment - IMPuc50_HybridComm - my_run - INFO - Recent Stats | t_env:    1476180 | Episode:    49206
action_0_mean:             0.6516	action_1_mean:             0.3249	action_2_mean:             0.0235	ep_length_mean:           30.0000
epsilon:                   0.0500	grad_norm:                 0.3905	info_nce_loss:             0.0004	loss:                      0.1824
q_loss:                    0.1708	return_mean:             -505.4537	return_std:              110.8141	test_action_0_mean:        0.6739
test_action_1_mean:        0.3156	test_action_2_mean:        0.0105	test_ep_length_mean:      30.0000	test_return_mean:        -260.5032
test_return_std:          47.5262	
2026-02-19 18:55:38,968 - my_experiment - IMPuc50_HybridComm - my_run - INFO - t_env: 1476210 / 2050000
2026-02-19 18:55:38,969 - my_experiment - IMPuc50_HybridComm - my_run - INFO - Estimated time left: 1 hours, 50 minutes, 29 seconds. Time passed: 4 hours, 45 minutes, 5 seconds
2026-02-19 19:00:27,992 - my_experiment - IMPuc50_HybridComm - my_run - INFO - Recent Stats | t_env:    1501200 | Episode:    50040
action_0_mean:             0.6470	action_1_mean:             0.3293	action_2_mean:             0.0237	ep_length_mean:           30.0000
epsilon:                   0.0500	grad_norm:                 0.3274	info_nce_loss:             0.0004	loss:                      0.1392
q_loss:                    0.1315	return_mean:             -509.5210	return_std:              114.1416	test_action_0_mean:        0.6584
test_action_1_mean:        0.3314	test_action_2_mean:        0.0102	test_ep_length_mean:      30.0000	test_return_mean:        -256.8080
test_return_std:          47.0982	
2026-02-19 19:00:28,347 - my_experiment - IMPuc50_HybridComm - my_run - INFO - t_env: 1501230 / 2050000
2026-02-19 19:00:28,348 - my_experiment - IMPuc50_HybridComm - my_run - INFO - Estimated time left: 1 hours, 45 minutes, 47 seconds. Time passed: 4 hours, 49 minutes, 55 seconds
2026-02-19 19:05:23,768 - my_experiment - IMPuc50_HybridComm - my_run - INFO - Recent Stats | t_env:    1526220 | Episode:    50874
action_0_mean:             0.6380	action_1_mean:             0.3383	action_2_mean:             0.0237	ep_length_mean:           30.0000
epsilon:                   0.0500	grad_norm:                 0.3585	info_nce_loss:             0.0004	loss:                      0.1726
q_loss:                    0.1593	return_mean:             -512.3745	return_std:              116.0389	test_action_0_mean:        0.6303
test_action_1_mean:        0.3591	test_action_2_mean:        0.0106	test_ep_length_mean:      30.0000	test_return_mean:        -262.1015
test_return_std:          48.1474	
2026-02-19 19:05:24,136 - my_experiment - IMPuc50_HybridComm - my_run - INFO - t_env: 1526250 / 2050000
2026-02-19 19:05:24,137 - my_experiment - IMPuc50_HybridComm - my_run - INFO - Estimated time left: 1 hours, 43 minutes, 11 seconds. Time passed: 4 hours, 54 minutes, 51 seconds
2026-02-19 19:10:18,148 - my_experiment - IMPuc50_HybridComm - my_run - INFO - Recent Stats | t_env:    1551240 | Episode:    51708
action_0_mean:             0.6104	action_1_mean:             0.3659	action_2_mean:             0.0237	ep_length_mean:           30.0000
epsilon:                   0.0500	grad_norm:                 0.3729	info_nce_loss:             0.0004	loss:                      0.1859
q_loss:                    0.1714	return_mean:             -507.2629	return_std:              107.5283	test_action_0_mean:        0.5883
test_action_1_mean:        0.4020	test_action_2_mean:        0.0097	test_ep_length_mean:      30.0000	test_return_mean:        -261.7710
test_return_std:          51.6478	
2026-02-19 19:10:18,497 - my_experiment - IMPuc50_HybridComm - my_run - INFO - t_env: 1551270 / 2050000
2026-02-19 19:10:18,498 - my_experiment - IMPuc50_HybridComm - my_run - INFO - Estimated time left: 1 hours, 37 minutes, 47 seconds. Time passed: 4 hours, 59 minutes, 45 seconds
2026-02-19 19:15:12,800 - my_experiment - IMPuc50_HybridComm - my_run - INFO - Recent Stats | t_env:    1576260 | Episode:    52542
action_0_mean:             0.5820	action_1_mean:             0.3941	action_2_mean:             0.0240	ep_length_mean:           30.0000
epsilon:                   0.0500	grad_norm:                 0.3919	info_nce_loss:             0.0005	loss:                      0.1827
q_loss:                    0.1661	return_mean:             -511.6867	return_std:              110.2600	test_action_0_mean:        0.5679
test_action_1_mean:        0.4268	test_action_2_mean:        0.0053	test_ep_length_mean:      30.0000	test_return_mean:        -201.0384
test_return_std:          55.5185	
2026-02-19 19:15:13,156 - my_experiment - IMPuc50_HybridComm - my_run - INFO - t_env: 1576290 / 2050000
2026-02-19 19:15:13,157 - my_experiment - IMPuc50_HybridComm - my_run - INFO - Estimated time left: 1 hours, 32 minutes, 58 seconds. Time passed: 5 hours, 4 minutes, 40 seconds
2026-02-19 19:19:52,768 - my_experiment - IMPuc50_HybridComm - my_run - INFO - Saving models to work_dirs/my_experiment/IMPuc50_HybridComm/my_run/20260219_141030/models/1600110
2026-02-19 19:20:06,571 - my_experiment - IMPuc50_HybridComm - my_run - INFO - Recent Stats | t_env:    1601280 | Episode:    53376
action_0_mean:             0.5619	action_1_mean:             0.4147	action_2_mean:             0.0234	ep_length_mean:           30.0000
epsilon:                   0.0500	grad_norm:                 0.2240	info_nce_loss:             0.0002	loss:                      0.1763
q_loss:                    0.1602	return_mean:             -507.2126	return_std:              102.1727	test_action_0_mean:        0.5374
test_action_1_mean:        0.4575	test_action_2_mean:        0.0052	test_ep_length_mean:      30.0000	test_return_mean:        -200.4752
test_return_std:          46.4533	
2026-02-19 19:20:06,916 - my_experiment - IMPuc50_HybridComm - my_run - INFO - t_env: 1601310 / 2050000
2026-02-19 19:20:06,917 - my_experiment - IMPuc50_HybridComm - my_run - INFO - Estimated time left: 1 hours, 27 minutes, 48 seconds. Time passed: 5 hours, 9 minutes, 33 seconds
2026-02-19 19:24:58,569 - my_experiment - IMPuc50_HybridComm - my_run - INFO - Recent Stats | t_env:    1626300 | Episode:    54210
action_0_mean:             0.5517	action_1_mean:             0.4251	action_2_mean:             0.0232	ep_length_mean:           30.0000
epsilon:                   0.0500	grad_norm:                 0.2270	info_nce_loss:             0.0002	loss:                      0.1640
q_loss:                    0.1491	return_mean:             -502.0954	return_std:               92.6597	test_action_0_mean:        0.5317
test_action_1_mean:        0.4622	test_action_2_mean:        0.0061	test_ep_length_mean:      30.0000	test_return_mean:        -211.9620
test_return_std:          48.7969	
2026-02-19 19:24:58,922 - my_experiment - IMPuc50_HybridComm - my_run - INFO - t_env: 1626330 / 2050000
2026-02-19 19:24:58,923 - my_experiment - IMPuc50_HybridComm - my_run - INFO - Estimated time left: 1 hours, 22 minutes, 24 seconds. Time passed: 5 hours, 14 minutes, 25 seconds
2026-02-19 19:29:59,991 - my_experiment - IMPuc50_HybridComm - my_run - INFO - Recent Stats | t_env:    1651320 | Episode:    55044
action_0_mean:             0.5404	action_1_mean:             0.4368	action_2_mean:             0.0228	ep_length_mean:           30.0000
epsilon:                   0.0500	grad_norm:                 0.2045	info_nce_loss:             0.0002	loss:                      0.1205
q_loss:                    0.1096	return_mean:             -497.2936	return_std:               80.8046	test_action_0_mean:        0.5262
test_action_1_mean:        0.4680	test_action_2_mean:        0.0058	test_ep_length_mean:      30.0000	test_return_mean:        -217.8069
test_return_std:          55.4369	
2026-02-19 19:30:00,348 - my_experiment - IMPuc50_HybridComm - my_run - INFO - t_env: 1651350 / 2050000
2026-02-19 19:30:00,349 - my_experiment - IMPuc50_HybridComm - my_run - INFO - Estimated time left: 1 hours, 20 minutes, 2 seconds. Time passed: 5 hours, 19 minutes, 27 seconds
2026-02-19 19:34:58,280 - my_experiment - IMPuc50_HybridComm - my_run - INFO - Recent Stats | t_env:    1676340 | Episode:    55878
action_0_mean:             0.5245	action_1_mean:             0.4530	action_2_mean:             0.0225	ep_length_mean:           30.0000
epsilon:                   0.0500	grad_norm:                 0.1924	info_nce_loss:             0.0002	loss:                      0.1003
q_loss:                    0.0912	return_mean:             -495.0435	return_std:               77.9390	test_action_0_mean:        0.5285
test_action_1_mean:        0.4657	test_action_2_mean:        0.0058	test_ep_length_mean:      30.0000	test_return_mean:        -218.0977
test_return_std:          56.1966	
2026-02-19 19:34:58,634 - my_experiment - IMPuc50_HybridComm - my_run - INFO - t_env: 1676370 / 2050000
2026-02-19 19:34:58,634 - my_experiment - IMPuc50_HybridComm - my_run - INFO - Estimated time left: 1 hours, 14 minutes, 14 seconds. Time passed: 5 hours, 24 minutes, 25 seconds
2026-02-19 19:39:54,279 - my_experiment - IMPuc50_HybridComm - my_run - INFO - Recent Stats | t_env:    1701360 | Episode:    56712
action_0_mean:             0.5128	action_1_mean:             0.4651	action_2_mean:             0.0221	ep_length_mean:           30.0000
epsilon:                   0.0500	grad_norm:                 0.1520	info_nce_loss:             0.0001	loss:                      0.0957
q_loss:                    0.0870	return_mean:             -488.5582	return_std:               74.0410	test_action_0_mean:        0.5059
test_action_1_mean:        0.4884	test_action_2_mean:        0.0057	test_ep_length_mean:      30.0000	test_return_mean:        -218.7727
test_return_std:          52.8059	
2026-02-19 19:39:54,635 - my_experiment - IMPuc50_HybridComm - my_run - INFO - t_env: 1701390 / 2050000
2026-02-19 19:39:54,636 - my_experiment - IMPuc50_HybridComm - my_run - INFO - Estimated time left: 1 hours, 8 minutes, 44 seconds. Time passed: 5 hours, 29 minutes, 21 seconds
2026-02-19 19:44:47,000 - my_experiment - IMPuc50_HybridComm - my_run - INFO - Recent Stats | t_env:    1726380 | Episode:    57546
action_0_mean:             0.5069	action_1_mean:             0.4716	action_2_mean:             0.0216	ep_length_mean:           30.0000
epsilon:                   0.0500	grad_norm:                 0.1588	info_nce_loss:             0.0001	loss:                      0.0891
q_loss:                    0.0810	return_mean:             -482.4479	return_std:               71.5694	test_action_0_mean:        0.5130
test_action_1_mean:        0.4813	test_action_2_mean:        0.0056	test_ep_length_mean:      30.0000	test_return_mean:        -217.5246
test_return_std:          55.0466	
2026-02-19 19:44:47,356 - my_experiment - IMPuc50_HybridComm - my_run - INFO - t_env: 1726410 / 2050000
2026-02-19 19:44:47,357 - my_experiment - IMPuc50_HybridComm - my_run - INFO - Estimated time left: 1 hours, 3 minutes, 5 seconds. Time passed: 5 hours, 34 minutes, 14 seconds
2026-02-19 19:49:37,420 - my_experiment - IMPuc50_HybridComm - my_run - INFO - Recent Stats | t_env:    1751400 | Episode:    58380
action_0_mean:             0.5096	action_1_mean:             0.4691	action_2_mean:             0.0213	ep_length_mean:           30.0000
epsilon:                   0.0500	grad_norm:                 0.1492	info_nce_loss:             0.0001	loss:                      0.0870
q_loss:                    0.0791	return_mean:             -477.5783	return_std:               69.9311	test_action_0_mean:        0.5228
test_action_1_mean:        0.4724	test_action_2_mean:        0.0048	test_ep_length_mean:      30.0000	test_return_mean:        -204.7416
test_return_std:          52.5148	
2026-02-19 19:49:37,803 - my_experiment - IMPuc50_HybridComm - my_run - INFO - t_env: 1751430 / 2050000
2026-02-19 19:49:37,803 - my_experiment - IMPuc50_HybridComm - my_run - INFO - Estimated time left: 57 minutes, 45 seconds. Time passed: 5 hours, 39 minutes, 4 seconds
2026-02-19 19:54:28,384 - my_experiment - IMPuc50_HybridComm - my_run - INFO - Recent Stats | t_env:    1776420 | Episode:    59214
action_0_mean:             0.5177	action_1_mean:             0.4613	action_2_mean:             0.0210	ep_length_mean:           30.0000
epsilon:                   0.0500	grad_norm:                 0.1222	info_nce_loss:             0.0001	loss:                      0.0841
q_loss:                    0.0764	return_mean:             -468.8585	return_std:               67.9064	test_action_0_mean:        0.5383
test_action_1_mean:        0.4566	test_action_2_mean:        0.0050	test_ep_length_mean:      30.0000	test_return_mean:        -194.5783
test_return_std:          41.5895	
2026-02-19 19:54:28,727 - my_experiment - IMPuc50_HybridComm - my_run - INFO - t_env: 1776450 / 2050000
2026-02-19 19:54:28,728 - my_experiment - IMPuc50_HybridComm - my_run - INFO - Estimated time left: 53 minutes, 0 seconds. Time passed: 5 hours, 43 minutes, 55 seconds
2026-02-19 19:59:02,291 - my_experiment - IMPuc50_HybridComm - my_run - INFO - Saving models to work_dirs/my_experiment/IMPuc50_HybridComm/my_run/20260219_141030/models/1800120
2026-02-19 19:59:16,918 - my_experiment - IMPuc50_HybridComm - my_run - INFO - Recent Stats | t_env:    1801440 | Episode:    60048
action_0_mean:             0.5460	action_1_mean:             0.4332	action_2_mean:             0.0209	ep_length_mean:           30.0000
epsilon:                   0.0500	grad_norm:                 0.1177	info_nce_loss:             0.0001	loss:                      0.0807
q_loss:                    0.0734	return_mean:             -463.4966	return_std:               68.0987	test_action_0_mean:        0.5455
test_action_1_mean:        0.4495	test_action_2_mean:        0.0050	test_ep_length_mean:      30.0000	test_return_mean:        -192.4391
test_return_std:          41.3588	
2026-02-19 19:59:17,265 - my_experiment - IMPuc50_HybridComm - my_run - INFO - t_env: 1801470 / 2050000
2026-02-19 19:59:17,266 - my_experiment - IMPuc50_HybridComm - my_run - INFO - Estimated time left: 47 minutes, 46 seconds. Time passed: 5 hours, 48 minutes, 44 seconds
2026-02-19 20:03:58,426 - my_experiment - IMPuc50_HybridComm - my_run - INFO - Recent Stats | t_env:    1826460 | Episode:    60882
action_0_mean:             0.5736	action_1_mean:             0.4055	action_2_mean:             0.0208	ep_length_mean:           30.0000
epsilon:                   0.0500	grad_norm:                 0.1216	info_nce_loss:             0.0002	loss:                      0.0781
q_loss:                    0.0710	return_mean:             -460.6626	return_std:               66.9754	test_action_0_mean:        0.5687
test_action_1_mean:        0.4264	test_action_2_mean:        0.0048	test_ep_length_mean:      30.0000	test_return_mean:        -186.1364
test_return_std:          41.4100	
2026-02-19 20:03:58,759 - my_experiment - IMPuc50_HybridComm - my_run - INFO - t_env: 1826490 / 2050000
2026-02-19 20:03:58,760 - my_experiment - IMPuc50_HybridComm - my_run - INFO - Estimated time left: 41 minutes, 54 seconds. Time passed: 5 hours, 53 minutes, 25 seconds
2026-02-19 20:08:43,657 - my_experiment - IMPuc50_HybridComm - my_run - INFO - Recent Stats | t_env:    1851480 | Episode:    61716
action_0_mean:             0.6171	action_1_mean:             0.3619	action_2_mean:             0.0210	ep_length_mean:           30.0000
epsilon:                   0.0500	grad_norm:                 0.1215	info_nce_loss:             0.0002	loss:                      0.0812
q_loss:                    0.0738	return_mean:             -459.1616	return_std:               66.7263	test_action_0_mean:        0.5952
test_action_1_mean:        0.3999	test_action_2_mean:        0.0049	test_ep_length_mean:      30.0000	test_return_mean:        -181.9304
test_return_std:          39.4630	
2026-02-19 20:08:43,999 - my_experiment - IMPuc50_HybridComm - my_run - INFO - t_env: 1851510 / 2050000
2026-02-19 20:08:44,000 - my_experiment - IMPuc50_HybridComm - my_run - INFO - Estimated time left: 37 minutes, 42 seconds. Time passed: 5 hours, 58 minutes, 10 seconds
2026-02-19 20:13:29,404 - my_experiment - IMPuc50_HybridComm - my_run - INFO - Recent Stats | t_env:    1876500 | Episode:    62550
action_0_mean:             0.6314	action_1_mean:             0.3477	action_2_mean:             0.0209	ep_length_mean:           30.0000
epsilon:                   0.0500	grad_norm:                 0.1205	info_nce_loss:             0.0001	loss:                      0.0799
q_loss:                    0.0740	return_mean:             -456.6842	return_std:               66.0211	test_action_0_mean:        0.5971
test_action_1_mean:        0.3984	test_action_2_mean:        0.0045	test_ep_length_mean:      30.0000	test_return_mean:        -181.1304
test_return_std:          40.4666	
2026-02-19 20:13:29,788 - my_experiment - IMPuc50_HybridComm - my_run - INFO - t_env: 1876530 / 2050000
2026-02-19 20:13:29,789 - my_experiment - IMPuc50_HybridComm - my_run - INFO - Estimated time left: 33 minutes, 1 seconds. Time passed: 6 hours, 2 minutes, 56 seconds
2026-02-19 20:18:15,074 - my_experiment - IMPuc50_HybridComm - my_run - INFO - Recent Stats | t_env:    1901520 | Episode:    63384
action_0_mean:             0.6385	action_1_mean:             0.3404	action_2_mean:             0.0211	ep_length_mean:           30.0000
epsilon:                   0.0500	grad_norm:                 0.1378	info_nce_loss:             0.0001	loss:                      0.0832
q_loss:                    0.0788	return_mean:             -458.5548	return_std:               68.6397	test_action_0_mean:        0.6157
test_action_1_mean:        0.3795	test_action_2_mean:        0.0048	test_ep_length_mean:      30.0000	test_return_mean:        -183.4902
test_return_std:          44.2403	
2026-02-19 20:18:15,414 - my_experiment - IMPuc50_HybridComm - my_run - INFO - t_env: 1901550 / 2050000
2026-02-19 20:18:15,414 - my_experiment - IMPuc50_HybridComm - my_run - INFO - Estimated time left: 28 minutes, 14 seconds. Time passed: 6 hours, 7 minutes, 42 seconds
2026-02-19 20:22:59,563 - my_experiment - IMPuc50_HybridComm - my_run - INFO - Recent Stats | t_env:    1926540 | Episode:    64218
action_0_mean:             0.6482	action_1_mean:             0.3300	action_2_mean:             0.0218	ep_length_mean:           30.0000
epsilon:                   0.0500	grad_norm:                 0.1557	info_nce_loss:             0.0001	loss:                      0.0922
q_loss:                    0.0869	return_mean:             -469.2569	return_std:               87.2247	test_action_0_mean:        0.6353
test_action_1_mean:        0.3598	test_action_2_mean:        0.0049	test_ep_length_mean:      30.0000	test_return_mean:        -181.0770
test_return_std:          41.2856	
2026-02-19 20:22:59,905 - my_experiment - IMPuc50_HybridComm - my_run - INFO - t_env: 1926570 / 2050000
2026-02-19 20:22:59,905 - my_experiment - IMPuc50_HybridComm - my_run - INFO - Estimated time left: 23 minutes, 23 seconds. Time passed: 6 hours, 12 minutes, 26 seconds
2026-02-19 20:27:46,698 - my_experiment - IMPuc50_HybridComm - my_run - INFO - Recent Stats | t_env:    1951560 | Episode:    65052
action_0_mean:             0.6628	action_1_mean:             0.3149	action_2_mean:             0.0223	ep_length_mean:           30.0000
epsilon:                   0.0500	grad_norm:                 0.1889	info_nce_loss:             0.0000	loss:                      0.0934
q_loss:                    0.0895	return_mean:             -475.3566	return_std:               92.9786	test_action_0_mean:        0.6545
test_action_1_mean:        0.3403	test_action_2_mean:        0.0053	test_ep_length_mean:      30.0000	test_return_mean:        -183.6251
test_return_std:          41.3423	
2026-02-19 20:27:47,054 - my_experiment - IMPuc50_HybridComm - my_run - INFO - t_env: 1951590 / 2050000
2026-02-19 20:27:47,054 - my_experiment - IMPuc50_HybridComm - my_run - INFO - Estimated time left: 18 minutes, 49 seconds. Time passed: 6 hours, 17 minutes, 13 seconds
2026-02-19 20:32:34,560 - my_experiment - IMPuc50_HybridComm - my_run - INFO - Recent Stats | t_env:    1976580 | Episode:    65886
action_0_mean:             0.6419	action_1_mean:             0.3356	action_2_mean:             0.0225	ep_length_mean:           30.0000
epsilon:                   0.0500	grad_norm:                 0.1957	info_nce_loss:             0.0001	loss:                      0.1013
q_loss:                    0.0967	return_mean:             -478.0247	return_std:               93.1000	test_action_0_mean:        0.6405
test_action_1_mean:        0.3540	test_action_2_mean:        0.0054	test_ep_length_mean:      30.0000	test_return_mean:        -187.2932
test_return_std:          43.9850	
2026-02-19 20:32:34,912 - my_experiment - IMPuc50_HybridComm - my_run - INFO - t_env: 1976610 / 2050000
2026-02-19 20:32:34,913 - my_experiment - IMPuc50_HybridComm - my_run - INFO - Estimated time left: 14 minutes, 4 seconds. Time passed: 6 hours, 22 minutes, 1 seconds
2026-02-19 20:37:08,126 - my_experiment - IMPuc50_HybridComm - my_run - INFO - Saving models to work_dirs/my_experiment/IMPuc50_HybridComm/my_run/20260219_141030/models/2000130
2026-02-19 20:37:24,507 - my_experiment - IMPuc50_HybridComm - my_run - INFO - Recent Stats | t_env:    2001600 | Episode:    66720
action_0_mean:             0.6367	action_1_mean:             0.3405	action_2_mean:             0.0228	ep_length_mean:           30.0000
epsilon:                   0.0500	grad_norm:                 0.1909	info_nce_loss:             0.0001	loss:                      0.1029
q_loss:                    0.0983	return_mean:             -483.1288	return_std:               95.5689	test_action_0_mean:        0.6291
test_action_1_mean:        0.3653	test_action_2_mean:        0.0056	test_ep_length_mean:      30.0000	test_return_mean:        -191.7395
test_return_std:          42.1074	
2026-02-19 20:37:24,853 - my_experiment - IMPuc50_HybridComm - my_run - INFO - t_env: 2001630 / 2050000
2026-02-19 20:37:24,854 - my_experiment - IMPuc50_HybridComm - my_run - INFO - Estimated time left: 9 minutes, 20 seconds. Time passed: 6 hours, 26 minutes, 51 seconds
2026-02-19 20:42:13,817 - my_experiment - IMPuc50_HybridComm - my_run - INFO - Recent Stats | t_env:    2026620 | Episode:    67554
action_0_mean:             0.6320	action_1_mean:             0.3455	action_2_mean:             0.0225	ep_length_mean:           30.0000
epsilon:                   0.0500	grad_norm:                 0.1679	info_nce_loss:             0.0001	loss:                      0.1002
q_loss:                    0.0956	return_mean:             -482.4215	return_std:               93.0206	test_action_0_mean:        0.6134
test_action_1_mean:        0.3815	test_action_2_mean:        0.0050	test_ep_length_mean:      30.0000	test_return_mean:        -191.2795
test_return_std:          43.4835	
2026-02-19 20:42:14,156 - my_experiment - IMPuc50_HybridComm - my_run - INFO - t_env: 2026650 / 2050000
2026-02-19 20:42:14,156 - my_experiment - IMPuc50_HybridComm - my_run - INFO - Estimated time left: 4 minutes, 29 seconds. Time passed: 6 hours, 31 minutes, 41 seconds
2026-02-19 20:46:45,345 - my_experiment - IMPuc50_HybridComm - my_run - INFO - Finished Training
