JOB ID: 1756288
Running on node: tikgpu02
Project Directory: /usr/itetnas04/data-scratch-01/pparsons/data/MyExpoComm
--------------------------------
Algorithm:   HybridComm
Environment: IMP_struct_uc_100_cc
Profile:     IMPuc100_HybridComm
--------------------------------
Conda activated: /usr/itetnas04/data-scratch-01/pparsons/data/conda_envs/ExpoComm
Starting Run...
Exiting Main
Stopping all threads
Thread wandb-AsyncioManager-main is alive! Is daemon: True
Thread joined
Thread ChkStopThr is alive! Is daemon: True
Thread joined
Thread IntMsgThr is alive! Is daemon: True
Thread joined
Exiting script
[1;34mwandb[0m: 
[1;34mwandb[0m: 🚀 View run [33mmy_run-IMPuc100_HybridComm-20260219_204655[0m at: [34mhttps://wandb.ai/peterparsons02-eth-z-rich/my_experiment/runs/hwr3has1[0m
[1;34mwandb[0m: Find logs at: [1;35mwandb/run-20260219_204656-hwr3has1/logs[0m
Finished at: Fri Feb 20 06:13:44 CET 2026
