JOB ID: 1756300
Running on node: tikgpu04
Project Directory: /usr/itetnas04/data-scratch-01/pparsons/data/MyExpoComm
--------------------------------
Algorithm:   iql
Environment: IMP_struct_uc_100_cc
Profile:     IMPuc100_IQL_RNN
--------------------------------
Conda activated: /usr/itetnas04/data-scratch-01/pparsons/data/conda_envs/ExpoComm
Starting Run...
Exiting Main
Stopping all threads
Thread wandb-AsyncioManager-main is alive! Is daemon: True
Thread joined
Thread ChkStopThr is alive! Is daemon: True
Thread joined
Thread IntMsgThr is alive! Is daemon: True
Thread joined
Exiting script
[1;34mwandb[0m: 
[1;34mwandb[0m: 🚀 View run [33mmy_run-IMPuc100_IQL_RNN-20260219_174212[0m at: [34mhttps://wandb.ai/peterparsons02-eth-z-rich/my_experiment/runs/2gxgyd3n[0m
[1;34mwandb[0m: Find logs at: [1;35mwandb/run-20260219_174213-2gxgyd3n/logs[0m
Finished at: Thu Feb 19 22:53:28 CET 2026
