JOB ID: 1756227
Running on node: tikgpu04
Project Directory: /usr/itetnas04/data-scratch-01/pparsons/data/MyExpoComm
--------------------------------
Algorithm:   iql
Environment: IMP_struct_uc_50_cc
Profile:     IMPuc50_IQL_RNN
--------------------------------
Conda activated: /usr/itetnas04/data-scratch-01/pparsons/data/conda_envs/ExpoComm
Starting Run...
Exiting Main
Stopping all threads
Thread wandb-AsyncioManager-main is alive! Is daemon: True
Thread joined
Thread ChkStopThr is alive! Is daemon: True
Thread joined
Thread IntMsgThr is alive! Is daemon: True
Thread joined
Exiting script
[1;34mwandb[0m: 
[1;34mwandb[0m: 🚀 View run [33mmy_run-IMPuc50_IQL_RNN-20260219_141252[0m at: [34mhttps://wandb.ai/peterparsons02-eth-z-rich/my_experiment/runs/ae06l03e[0m
[1;34mwandb[0m: Find logs at: [1;35mwandb/run-20260219_141258-ae06l03e/logs[0m
Finished at: Thu Feb 19 17:41:58 CET 2026
